Updating system with the options from the configuration file
Maximum wallclock time: 1 day, 0:00:00

Fri May 24 15:00:32 2024
Iteration 214 (500 requested)
Beginning iteration 214
128 segments remain in iteration 214 (128 total)
32 of 33 (96.969697%) active bins are populated
per-bin minimum non-zero probability:       1.85696e-30
per-bin maximum probability:                0.773823
per-bin probability dynamic range (kT):     68.2022
per-segment minimum non-zero probability:   4.12658e-31
per-segment maximum non-zero probability:   0.253144
per-segment probability dynamic range (kT): 68.5889
norm = 1, error in norm = 0 (0*epsilon)
MAB binning in use
Bottleneck bin occupancy may not be accurately reported
Waiting for segments to complete...
################ MAB stats ################
minima in each dimension:      [2.34]
maxima in each dimension:      [39.9689]
direction in each dimension:   [86]
skip in each dimension:        [0]
###########################################
Iteration completed successfully
Iteration wallclock: 0:08:21.142564, cputime: 0:35:02.101244


Fri May 24 15:08:53 2024
Iteration 215 (500 requested)
Beginning iteration 215
132 segments remain in iteration 215 (132 total)
32 of 33 (96.969697%) active bins are populated
per-bin minimum non-zero probability:       4.12658e-31
per-bin maximum probability:                0.846315
per-bin probability dynamic range (kT):     69.7958
per-segment minimum non-zero probability:   1.03165e-31
per-segment maximum non-zero probability:   0.253144
per-segment probability dynamic range (kT): 69.9752
norm = 1, error in norm = 0 (0*epsilon)
MAB binning in use
Bottleneck bin occupancy may not be accurately reported
Waiting for segments to complete...
################ MAB stats ################
minima in each dimension:      [2.5958]
maxima in each dimension:      [39.5805]
direction in each dimension:   [86]
skip in each dimension:        [0]
###########################################
Iteration completed successfully
Iteration wallclock: 0:07:51.141687, cputime: 0:36:13.533440


Fri May 24 15:16:44 2024
Iteration 216 (500 requested)
Beginning iteration 216
132 segments remain in iteration 216 (132 total)
31 of 33 (93.939394%) active bins are populated
per-bin minimum non-zero probability:       2.76627e-30
per-bin maximum probability:                0.971397
per-bin probability dynamic range (kT):     68.031
per-segment minimum non-zero probability:   2.06329e-31
per-segment maximum non-zero probability:   0.253144
per-segment probability dynamic range (kT): 69.282
norm = 1, error in norm = 0 (0*epsilon)
MAB binning in use
Bottleneck bin occupancy may not be accurately reported
Waiting for segments to complete...
################ MAB stats ################
minima in each dimension:      [2.9128]
maxima in each dimension:      [39.7004]
direction in each dimension:   [86]
skip in each dimension:        [0]
###########################################
Iteration completed successfully
Iteration wallclock: 0:07:34.341803, cputime: 0:36:16.906325


Fri May 24 15:24:19 2024
Iteration 217 (500 requested)
Beginning iteration 217
120 segments remain in iteration 217 (120 total)
30 of 33 (90.909091%) active bins are populated
per-bin minimum non-zero probability:       4.99091e-30
per-bin maximum probability:                0.995672
per-bin probability dynamic range (kT):     67.4656
per-segment minimum non-zero probability:   6.91568e-31
per-segment maximum non-zero probability:   0.25404
per-segment probability dynamic range (kT): 68.0761
norm = 1, error in norm = 0 (0*epsilon)
MAB binning in use
Bottleneck bin occupancy may not be accurately reported
Waiting for segments to complete...
################ MAB stats ################
minima in each dimension:      [2.6379]
maxima in each dimension:      [39.6523]
direction in each dimension:   [86]
skip in each dimension:        [0]
###########################################
Iteration completed successfully
Iteration wallclock: 0:06:17.056935, cputime: 0:33:05.715888


Fri May 24 15:30:36 2024
Iteration 218 (500 requested)
Beginning iteration 218
128 segments remain in iteration 218 (128 total)
31 of 33 (93.939394%) active bins are populated
per-bin minimum non-zero probability:       3.05276e-30
per-bin maximum probability:                0.997684
per-bin probability dynamic range (kT):     67.9592
per-segment minimum non-zero probability:   7.63189e-31
per-segment maximum non-zero probability:   0.25404
per-segment probability dynamic range (kT): 67.9775
norm = 1, error in norm = 0 (0*epsilon)
MAB binning in use
Bottleneck bin occupancy may not be accurately reported
Waiting for segments to complete...
################ MAB stats ################
minima in each dimension:      [2.1697]
maxima in each dimension:      [39.9761]
direction in each dimension:   [86]
skip in each dimension:        [0]
###########################################
Iteration completed successfully
Iteration wallclock: 0:06:41.524246, cputime: 0:35:32.298173


Fri May 24 15:37:17 2024
Iteration 219 (500 requested)
Beginning iteration 219
120 segments remain in iteration 219 (120 total)
30 of 33 (90.909091%) active bins are populated
per-bin minimum non-zero probability:       5.07423e-30
per-bin maximum probability:                0.998445
per-bin probability dynamic range (kT):     67.4518
per-segment minimum non-zero probability:   7.63189e-31
per-segment maximum non-zero probability:   0.25404
per-segment probability dynamic range (kT): 67.9775
norm = 1, error in norm = -1.11022e-16 (-0.5*epsilon)
MAB binning in use
Bottleneck bin occupancy may not be accurately reported
Waiting for segments to complete...
################ MAB stats ################
minima in each dimension:      [3.284]
maxima in each dimension:      [38.9177]
direction in each dimension:   [86]
skip in each dimension:        [0]
###########################################
Iteration completed successfully
Iteration wallclock: 0:06:18.246449, cputime: 0:32:55.224827


Fri May 24 15:43:35 2024
Iteration 220 (500 requested)
Beginning iteration 220
128 segments remain in iteration 220 (128 total)
32 of 33 (96.969697%) active bins are populated
per-bin minimum non-zero probability:       3.02836e-30
per-bin maximum probability:                0.999486
per-bin probability dynamic range (kT):     67.969
per-segment minimum non-zero probability:   7.5709e-31
per-segment maximum non-zero probability:   0.25404
per-segment probability dynamic range (kT): 67.9856
norm = 1, error in norm = 0 (0*epsilon)
MAB binning in use
Bottleneck bin occupancy may not be accurately reported
Waiting for segments to complete...
################ MAB stats ################
minima in each dimension:      [1.8117]
maxima in each dimension:      [38.9243]
direction in each dimension:   [86]
skip in each dimension:        [0]
###########################################
Iteration completed successfully
Iteration wallclock: 0:06:44.877499, cputime: 0:35:34.048105


Fri May 24 15:50:20 2024
Iteration 221 (500 requested)
Beginning iteration 221
124 segments remain in iteration 221 (124 total)
30 of 33 (90.909091%) active bins are populated
per-bin minimum non-zero probability:       1.68655e-30
per-bin maximum probability:                0.999746
per-bin probability dynamic range (kT):     68.5546
per-segment minimum non-zero probability:   4.21637e-31
per-segment maximum non-zero probability:   0.25404
per-segment probability dynamic range (kT): 68.5709
norm = 1, error in norm = 0 (0*epsilon)
MAB binning in use
Bottleneck bin occupancy may not be accurately reported
Waiting for segments to complete...
################ MAB stats ################
minima in each dimension:      [2.9427]
maxima in each dimension:      [39.7713]
direction in each dimension:   [86]
skip in each dimension:        [0]
###########################################
Iteration completed successfully
Iteration wallclock: 0:06:37.385632, cputime: 0:34:16.219149


Fri May 24 15:56:58 2024
Iteration 222 (500 requested)
Beginning iteration 222
124 segments remain in iteration 222 (124 total)
31 of 33 (93.939394%) active bins are populated
per-bin minimum non-zero probability:       3.52586e-30
per-bin maximum probability:                0.999746
per-bin probability dynamic range (kT):     67.8172
per-segment minimum non-zero probability:   8.81465e-31
per-segment maximum non-zero probability:   0.25404
per-segment probability dynamic range (kT): 67.8335
norm = 1, error in norm = 0 (0*epsilon)
MAB binning in use
Bottleneck bin occupancy may not be accurately reported
Waiting for segments to complete...
################ MAB stats ################
minima in each dimension:      [1.6657]
maxima in each dimension:      [39.1658]
direction in each dimension:   [86]
skip in each dimension:        [0]
###########################################
Iteration completed successfully
Iteration wallclock: 0:06:36.238003, cputime: 0:34:22.566041


Fri May 24 16:03:34 2024
Iteration 223 (500 requested)
Beginning iteration 223
120 segments remain in iteration 223 (120 total)
30 of 33 (90.909091%) active bins are populated
per-bin minimum non-zero probability:       9.03835e-31
per-bin maximum probability:                0.999746
per-bin probability dynamic range (kT):     69.1784
per-segment minimum non-zero probability:   2.25959e-31
per-segment maximum non-zero probability:   0.25404
per-segment probability dynamic range (kT): 69.1947
norm = 1, error in norm = -1.11022e-16 (-0.5*epsilon)
MAB binning in use
Bottleneck bin occupancy may not be accurately reported
Waiting for segments to complete...
################ MAB stats ################
minima in each dimension:      [2.3297]
maxima in each dimension:      [38.6354]
direction in each dimension:   [86]
skip in each dimension:        [0]
###########################################
Iteration completed successfully
Iteration wallclock: 0:06:14.655035, cputime: 0:33:12.532750


Fri May 24 16:09:49 2024
Iteration 224 (500 requested)
Beginning iteration 224
124 segments remain in iteration 224 (124 total)
30 of 33 (90.909091%) active bins are populated
per-bin minimum non-zero probability:       1.97307e-30
per-bin maximum probability:                0.999746
per-bin probability dynamic range (kT):     68.3977
per-segment minimum non-zero probability:   3.07222e-31
per-segment maximum non-zero probability:   0.25404
per-segment probability dynamic range (kT): 68.8875
norm = 1, error in norm = 2.22045e-16 (1*epsilon)
MAB binning in use
Bottleneck bin occupancy may not be accurately reported
Waiting for segments to complete...
################ MAB stats ################
minima in each dimension:      [3.1478]
maxima in each dimension:      [39.1657]
direction in each dimension:   [86]
skip in each dimension:        [0]
###########################################
Iteration completed successfully
Iteration wallclock: 0:06:31.742431, cputime: 0:34:17.394734


Fri May 24 16:16:20 2024
Iteration 225 (500 requested)
Beginning iteration 225
132 segments remain in iteration 225 (132 total)
31 of 33 (93.939394%) active bins are populated
per-bin minimum non-zero probability:       1.08983e-30
per-bin maximum probability:                0.999746
per-bin probability dynamic range (kT):     68.9913
per-segment minimum non-zero probability:   2.72456e-31
per-segment maximum non-zero probability:   0.25404
per-segment probability dynamic range (kT): 69.0076
norm = 1, error in norm = 0 (0*epsilon)
MAB binning in use
Bottleneck bin occupancy may not be accurately reported
Waiting for segments to complete...
################ MAB stats ################
minima in each dimension:      [3.4175]
maxima in each dimension:      [39.2116]
direction in each dimension:   [86]
skip in each dimension:        [0]
###########################################
Iteration completed successfully
Iteration wallclock: 0:06:54.755416, cputime: 0:36:26.928454


Fri May 24 16:23:15 2024
Iteration 226 (500 requested)
Beginning iteration 226
128 segments remain in iteration 226 (128 total)
32 of 33 (96.969697%) active bins are populated
per-bin minimum non-zero probability:       5.44913e-31
per-bin maximum probability:                0.999754
per-bin probability dynamic range (kT):     69.6844
per-segment minimum non-zero probability:   1.36228e-31
per-segment maximum non-zero probability:   0.25404
per-segment probability dynamic range (kT): 69.7007
norm = 1, error in norm = 0 (0*epsilon)
MAB binning in use
Bottleneck bin occupancy may not be accurately reported
Waiting for segments to complete...
################ MAB stats ################
minima in each dimension:      [2.9235]
maxima in each dimension:      [39.9078]
direction in each dimension:   [86]
skip in each dimension:        [0]
###########################################
Iteration completed successfully
Iteration wallclock: 0:06:33.375615, cputime: 0:35:30.859972


Fri May 24 16:29:48 2024
Iteration 227 (500 requested)
Beginning iteration 227
124 segments remain in iteration 227 (124 total)
31 of 33 (93.939394%) active bins are populated
per-bin minimum non-zero probability:       3.42535e-30
per-bin maximum probability:                0.999754
per-bin probability dynamic range (kT):     67.8461
per-segment minimum non-zero probability:   8.56338e-31
per-segment maximum non-zero probability:   0.25404
per-segment probability dynamic range (kT): 67.8624
norm = 1, error in norm = 0 (0*epsilon)
MAB binning in use
Bottleneck bin occupancy may not be accurately reported
Waiting for segments to complete...
################ MAB stats ################
minima in each dimension:      [2.9396]
maxima in each dimension:      [38.228]
direction in each dimension:   [86]
skip in each dimension:        [0]
###########################################
Iteration completed successfully
Iteration wallclock: 0:06:33.460211, cputime: 0:34:17.365959


Fri May 24 16:36:22 2024
Iteration 228 (500 requested)
Beginning iteration 228
128 segments remain in iteration 228 (128 total)
31 of 33 (93.939394%) active bins are populated
per-bin minimum non-zero probability:       1.77e-30
per-bin maximum probability:                0.999754
per-bin probability dynamic range (kT):     68.5063
per-segment minimum non-zero probability:   4.425e-31
per-segment maximum non-zero probability:   0.25404
per-segment probability dynamic range (kT): 68.5226
norm = 1, error in norm = -1.11022e-16 (-0.5*epsilon)
MAB binning in use
Bottleneck bin occupancy may not be accurately reported
Waiting for segments to complete...
################ MAB stats ################
minima in each dimension:      [3.178]
maxima in each dimension:      [39.8298]
direction in each dimension:   [86]
skip in each dimension:        [0]
###########################################
Iteration completed successfully
Iteration wallclock: 0:06:40.301677, cputime: 0:35:13.993795


Fri May 24 16:43:02 2024
Iteration 229 (500 requested)
Beginning iteration 229
128 segments remain in iteration 229 (128 total)
31 of 33 (93.939394%) active bins are populated
per-bin minimum non-zero probability:       1.77175e-30
per-bin maximum probability:                0.999776
per-bin probability dynamic range (kT):     68.5054
per-segment minimum non-zero probability:   5.68774e-31
per-segment maximum non-zero probability:   0.25404
per-segment probability dynamic range (kT): 68.2716
norm = 1, error in norm = 0 (0*epsilon)
MAB binning in use
Bottleneck bin occupancy may not be accurately reported
Waiting for segments to complete...
################ MAB stats ################
minima in each dimension:      [3.4212]
maxima in each dimension:      [39.2208]
direction in each dimension:   [86]
skip in each dimension:        [0]
###########################################
Iteration completed successfully
Iteration wallclock: 0:06:36.057091, cputime: 0:35:22.350354


Fri May 24 16:49:38 2024
Iteration 230 (500 requested)
Beginning iteration 230
128 segments remain in iteration 230 (128 total)
28 of 33 (84.848485%) active bins are populated
per-bin minimum non-zero probability:       1.42621e-30
per-bin maximum probability:                0.999777
per-bin probability dynamic range (kT):     68.7223
per-segment minimum non-zero probability:   3.56554e-31
per-segment maximum non-zero probability:   0.25404
per-segment probability dynamic range (kT): 68.7386
norm = 1, error in norm = 0 (0*epsilon)
MAB binning in use
Bottleneck bin occupancy may not be accurately reported
Waiting for segments to complete...
################ MAB stats ################
minima in each dimension:      [2.6746]
maxima in each dimension:      [38.3609]
direction in each dimension:   [86]
skip in each dimension:        [0]
###########################################
Iteration completed successfully
Iteration wallclock: 0:06:38.897832, cputime: 0:35:28.927199


Fri May 24 16:56:17 2024
Iteration 231 (500 requested)
Beginning iteration 231
116 segments remain in iteration 231 (116 total)
29 of 33 (87.878788%) active bins are populated
per-bin minimum non-zero probability:       1.88804e-30
per-bin maximum probability:                0.999777
per-bin probability dynamic range (kT):     68.4418
per-segment minimum non-zero probability:   4.19756e-31
per-segment maximum non-zero probability:   0.25404
per-segment probability dynamic range (kT): 68.5754
norm = 1, error in norm = -1.11022e-16 (-0.5*epsilon)
MAB binning in use
Bottleneck bin occupancy may not be accurately reported
Waiting for segments to complete...
################ MAB stats ################
minima in each dimension:      [2.4532]
maxima in each dimension:      [39.3678]
direction in each dimension:   [86]
skip in each dimension:        [0]
###########################################
Iteration completed successfully
Iteration wallclock: 0:06:08.697554, cputime: 0:32:00.531144


Fri May 24 17:02:26 2024
Iteration 232 (500 requested)
Beginning iteration 232
120 segments remain in iteration 232 (120 total)
30 of 33 (90.909091%) active bins are populated
per-bin minimum non-zero probability:       4.19756e-31
per-bin maximum probability:                0.999777
per-bin probability dynamic range (kT):     69.9454
per-segment minimum non-zero probability:   1.04939e-31
per-segment maximum non-zero probability:   0.25404
per-segment probability dynamic range (kT): 69.9617
norm = 1, error in norm = 0 (0*epsilon)
MAB binning in use
Bottleneck bin occupancy may not be accurately reported
Waiting for segments to complete...
################ MAB stats ################
minima in each dimension:      [3.393]
maxima in each dimension:      [39.1759]
direction in each dimension:   [86]
skip in each dimension:        [0]
###########################################
Iteration completed successfully
Iteration wallclock: 0:06:12.474434, cputime: 0:33:07.643140


Fri May 24 17:08:38 2024
Iteration 233 (500 requested)
Beginning iteration 233
116 segments remain in iteration 233 (116 total)
29 of 33 (87.878788%) active bins are populated
per-bin minimum non-zero probability:       8.56193e-31
per-bin maximum probability:                0.999798
per-bin probability dynamic range (kT):     69.2326
per-segment minimum non-zero probability:   1.04939e-31
per-segment maximum non-zero probability:   0.25404
per-segment probability dynamic range (kT): 69.9617
norm = 1, error in norm = -1.11022e-16 (-0.5*epsilon)
MAB binning in use
Bottleneck bin occupancy may not be accurately reported
Waiting for segments to complete...
################ MAB stats ################
minima in each dimension:      [4.6452]
maxima in each dimension:      [39.9738]
direction in each dimension:   [86]
skip in each dimension:        [0]
###########################################
Iteration completed successfully
Iteration wallclock: 0:06:07.527220, cputime: 0:31:54.278521


Fri May 24 17:14:46 2024
Iteration 234 (500 requested)
Beginning iteration 234
120 segments remain in iteration 234 (120 total)
30 of 33 (90.909091%) active bins are populated
per-bin minimum non-zero probability:       4.1932e-30
per-bin maximum probability:                0.999798
per-bin probability dynamic range (kT):     67.6439
per-segment minimum non-zero probability:   2.14663e-31
per-segment maximum non-zero probability:   0.25404
per-segment probability dynamic range (kT): 69.246
norm = 1, error in norm = 0 (0*epsilon)
MAB binning in use
Bottleneck bin occupancy may not be accurately reported
Waiting for segments to complete...
################ MAB stats ################
minima in each dimension:      [4.7908]
maxima in each dimension:      [39.283]
direction in each dimension:   [86]
skip in each dimension:        [0]
###########################################
Iteration completed successfully
Iteration wallclock: 0:06:16.525215, cputime: 0:33:06.314653


Fri May 24 17:21:02 2024
Iteration 235 (500 requested)
Beginning iteration 235
120 segments remain in iteration 235 (120 total)
30 of 33 (90.909091%) active bins are populated
per-bin minimum non-zero probability:       2.01321e-30
per-bin maximum probability:                0.999803
per-bin probability dynamic range (kT):     68.3776
per-segment minimum non-zero probability:   4.56612e-31
per-segment maximum non-zero probability:   0.25404
per-segment probability dynamic range (kT): 68.4912
norm = 1, error in norm = 0 (0*epsilon)
MAB binning in use
Bottleneck bin occupancy may not be accurately reported
Waiting for segments to complete...
################ MAB stats ################
minima in each dimension:      [4.4863]
maxima in each dimension:      [39.2732]
direction in each dimension:   [86]
skip in each dimension:        [0]
###########################################
Iteration completed successfully
Iteration wallclock: 0:06:11.197945, cputime: 0:33:18.366018


Fri May 24 17:27:14 2024
Iteration 236 (500 requested)
Beginning iteration 236
120 segments remain in iteration 236 (120 total)
31 of 33 (93.939394%) active bins are populated
per-bin minimum non-zero probability:       6.43375e-31
per-bin maximum probability:                0.999805
per-bin probability dynamic range (kT):     69.5184
per-segment minimum non-zero probability:   1.60844e-31
per-segment maximum non-zero probability:   0.25404
per-segment probability dynamic range (kT): 69.5346
norm = 1, error in norm = -1.11022e-16 (-0.5*epsilon)
MAB binning in use
Bottleneck bin occupancy may not be accurately reported
Waiting for segments to complete...
################ MAB stats ################
minima in each dimension:      [3.8411]
maxima in each dimension:      [39.7942]
direction in each dimension:   [86]
skip in each dimension:        [0]
###########################################
Iteration completed successfully
Iteration wallclock: 0:06:07.819871, cputime: 0:33:06.248381


Fri May 24 17:33:21 2024
Iteration 237 (500 requested)
Beginning iteration 237
120 segments remain in iteration 237 (120 total)
29 of 33 (87.878788%) active bins are populated
per-bin minimum non-zero probability:       6.98583e-31
per-bin maximum probability:                0.999809
per-bin probability dynamic range (kT):     69.4361
per-segment minimum non-zero probability:   1.74646e-31
per-segment maximum non-zero probability:   0.25404
per-segment probability dynamic range (kT): 69.4523
norm = 1, error in norm = 0 (0*epsilon)
MAB binning in use
Bottleneck bin occupancy may not be accurately reported
Waiting for segments to complete...
################ MAB stats ################
minima in each dimension:      [3.8695]
maxima in each dimension:      [39.9247]
direction in each dimension:   [86]
skip in each dimension:        [0]
###########################################
Iteration completed successfully
Iteration wallclock: 0:06:09.521029, cputime: 0:33:01.994154


Fri May 24 17:39:31 2024
Iteration 238 (500 requested)
Beginning iteration 238
120 segments remain in iteration 238 (120 total)
29 of 33 (87.878788%) active bins are populated
per-bin minimum non-zero probability:       1.3042e-30
per-bin maximum probability:                0.999811
per-bin probability dynamic range (kT):     68.8118
per-segment minimum non-zero probability:   3.2605e-31
per-segment maximum non-zero probability:   0.25404
per-segment probability dynamic range (kT): 68.828
norm = 1, error in norm = -1.11022e-16 (-0.5*epsilon)
MAB binning in use
Bottleneck bin occupancy may not be accurately reported
Waiting for segments to complete...
################ MAB stats ################
minima in each dimension:      [3.2409]
maxima in each dimension:      [39.9884]
direction in each dimension:   [86]
skip in each dimension:        [0]
###########################################
Iteration completed successfully
Iteration wallclock: 0:06:11.745476, cputime: 0:33:16.810547


Fri May 24 17:45:43 2024
Iteration 239 (500 requested)
Beginning iteration 239
124 segments remain in iteration 239 (124 total)
30 of 33 (90.909091%) active bins are populated
per-bin minimum non-zero probability:       3.2605e-31
per-bin maximum probability:                0.999813
per-bin probability dynamic range (kT):     70.1981
per-segment minimum non-zero probability:   8.15124e-32
per-segment maximum non-zero probability:   0.25404
per-segment probability dynamic range (kT): 70.2143
norm = 1, error in norm = -2.22045e-16 (-1*epsilon)
MAB binning in use
Bottleneck bin occupancy may not be accurately reported
Waiting for segments to complete...
################ MAB stats ################
minima in each dimension:      [5.1829]
maxima in each dimension:      [39.9485]
direction in each dimension:   [86]
skip in each dimension:        [0]
###########################################
Iteration completed successfully
Iteration wallclock: 0:06:29.275335, cputime: 0:34:07.876889


Fri May 24 17:52:12 2024
Iteration 240 (500 requested)
Beginning iteration 240
128 segments remain in iteration 240 (128 total)
32 of 33 (96.969697%) active bins are populated
per-bin minimum non-zero probability:       1.79675e-30
per-bin maximum probability:                0.753887
per-bin probability dynamic range (kT):     68.2091
per-segment minimum non-zero probability:   3.05968e-31
per-segment maximum non-zero probability:   0.25404
per-segment probability dynamic range (kT): 68.8916
norm = 1, error in norm = 0 (0*epsilon)
MAB binning in use
Bottleneck bin occupancy may not be accurately reported
Waiting for segments to complete...
################ MAB stats ################
minima in each dimension:      [4.1136]
maxima in each dimension:      [39.913]
direction in each dimension:   [86]
skip in each dimension:        [0]
###########################################
Iteration completed successfully
Iteration wallclock: 0:06:33.359312, cputime: 0:35:26.476811


Fri May 24 17:58:45 2024
Iteration 241 (500 requested)
Beginning iteration 241
128 segments remain in iteration 241 (128 total)
32 of 33 (96.969697%) active bins are populated
per-bin minimum non-zero probability:       3.05968e-31
per-bin maximum probability:                0.753149
per-bin probability dynamic range (kT):     69.9783
per-segment minimum non-zero probability:   7.64921e-32
per-segment maximum non-zero probability:   0.25404
per-segment probability dynamic range (kT): 70.2779
norm = 1, error in norm = -1.11022e-16 (-0.5*epsilon)
MAB binning in use
Bottleneck bin occupancy may not be accurately reported
Waiting for segments to complete...
################ MAB stats ################
minima in each dimension:      [1.6742]
maxima in each dimension:      [39.1301]
direction in each dimension:   [86]
skip in each dimension:        [0]
###########################################
Iteration completed successfully
Iteration wallclock: 0:06:33.522132, cputime: 0:35:29.489688


Fri May 24 18:05:19 2024
Iteration 242 (500 requested)
Beginning iteration 242
124 segments remain in iteration 242 (124 total)
31 of 33 (93.939394%) active bins are populated
per-bin minimum non-zero probability:       2.00164e-31
per-bin maximum probability:                0.999855
per-bin probability dynamic range (kT):     70.686
per-segment minimum non-zero probability:   5.0041e-32
per-segment maximum non-zero probability:   0.25404
per-segment probability dynamic range (kT): 70.7022
norm = 1, error in norm = 0 (0*epsilon)
MAB binning in use
Bottleneck bin occupancy may not be accurately reported
Waiting for segments to complete...
################ MAB stats ################
minima in each dimension:      [1.3653]
maxima in each dimension:      [39.3795]
direction in each dimension:   [86]
skip in each dimension:        [0]
###########################################
Iteration completed successfully
Iteration wallclock: 0:06:33.759267, cputime: 0:33:58.910861


Fri May 24 18:11:53 2024
Iteration 243 (500 requested)
Beginning iteration 243
112 segments remain in iteration 243 (112 total)
27 of 33 (81.818182%) active bins are populated
per-bin minimum non-zero probability:       5.0041e-32
per-bin maximum probability:                0.999855
per-bin probability dynamic range (kT):     72.0723
per-segment minimum non-zero probability:   1.25103e-32
per-segment maximum non-zero probability:   0.25404
per-segment probability dynamic range (kT): 72.0885
norm = 1, error in norm = 0 (0*epsilon)
MAB binning in use
Bottleneck bin occupancy may not be accurately reported
Waiting for segments to complete...
################ MAB stats ################
minima in each dimension:      [2.9335]
maxima in each dimension:      [39.8775]
direction in each dimension:   [86]
skip in each dimension:        [0]
###########################################
Iteration completed successfully
Iteration wallclock: 0:05:44.789105, cputime: 0:30:59.477280


Fri May 24 18:17:37 2024
Iteration 244 (500 requested)
Beginning iteration 244
116 segments remain in iteration 244 (116 total)
26 of 33 (78.787879%) active bins are populated
per-bin minimum non-zero probability:       3.75308e-32
per-bin maximum probability:                0.999861
per-bin probability dynamic range (kT):     72.36
per-segment minimum non-zero probability:   8.34017e-33
per-segment maximum non-zero probability:   0.25404
per-segment probability dynamic range (kT): 72.494
norm = 1, error in norm = 0 (0*epsilon)
MAB binning in use
Bottleneck bin occupancy may not be accurately reported
Waiting for segments to complete...
################ MAB stats ################
minima in each dimension:      [3.9314]
maxima in each dimension:      [39.8608]
direction in each dimension:   [86]
skip in each dimension:        [0]
###########################################
Iteration completed successfully
Iteration wallclock: 0:06:04.914757, cputime: 0:32:11.273038


Fri May 24 18:23:42 2024
Iteration 245 (500 requested)
Beginning iteration 245
128 segments remain in iteration 245 (128 total)
32 of 33 (96.969697%) active bins are populated
per-bin minimum non-zero probability:       3.55789e-31
per-bin maximum probability:                0.999865
per-bin probability dynamic range (kT):     70.1108
per-segment minimum non-zero probability:   8.89472e-32
per-segment maximum non-zero probability:   0.25404
per-segment probability dynamic range (kT): 70.127
norm = 1, error in norm = -1.11022e-16 (-0.5*epsilon)
MAB binning in use
Bottleneck bin occupancy may not be accurately reported
Waiting for segments to complete...
################ MAB stats ################
minima in each dimension:      [4.2305]
maxima in each dimension:      [39.9516]
direction in each dimension:   [86]
skip in each dimension:        [0]
###########################################
Iteration completed successfully
Iteration wallclock: 0:06:30.504858, cputime: 0:35:12.211288


Fri May 24 18:30:13 2024
Iteration 246 (500 requested)
Beginning iteration 246
128 segments remain in iteration 246 (128 total)
33 of 33 (100.000000%) active bins are populated
per-bin minimum non-zero probability:       8.89472e-32
per-bin maximum probability:                0.999865
per-bin probability dynamic range (kT):     71.4971
per-segment minimum non-zero probability:   2.22368e-32
per-segment maximum non-zero probability:   0.25404
per-segment probability dynamic range (kT): 71.5133
norm = 1, error in norm = 0 (0*epsilon)
MAB binning in use
Bottleneck bin occupancy may not be accurately reported
Waiting for segments to complete...
################ MAB stats ################
minima in each dimension:      [4.5454]
maxima in each dimension:      [39.271]
direction in each dimension:   [86]
skip in each dimension:        [0]
###########################################
Iteration completed successfully
Iteration wallclock: 0:06:35.015338, cputime: 0:35:14.927233


Fri May 24 18:36:48 2024
Iteration 247 (500 requested)
Beginning iteration 247
116 segments remain in iteration 247 (116 total)
29 of 33 (87.878788%) active bins are populated
per-bin minimum non-zero probability:       6.67104e-32
per-bin maximum probability:                0.999865
per-bin probability dynamic range (kT):     71.7848
per-segment minimum non-zero probability:   1.11184e-32
per-segment maximum non-zero probability:   0.25404
per-segment probability dynamic range (kT): 72.2064
norm = 1, error in norm = -2.22045e-16 (-1*epsilon)
MAB binning in use
Bottleneck bin occupancy may not be accurately reported
Waiting for segments to complete...
################ MAB stats ################
minima in each dimension:      [4.433]
maxima in each dimension:      [38.0078]
direction in each dimension:   [86]
skip in each dimension:        [0]
###########################################
Iteration completed successfully
Iteration wallclock: 0:06:06.611769, cputime: 0:32:11.670114


Fri May 24 18:42:54 2024
Iteration 248 (500 requested)
Beginning iteration 248
124 segments remain in iteration 248 (124 total)
32 of 33 (96.969697%) active bins are populated
per-bin minimum non-zero probability:       1.11184e-32
per-bin maximum probability:                0.999878
per-bin probability dynamic range (kT):     73.5766
per-segment minimum non-zero probability:   2.7796e-33
per-segment maximum non-zero probability:   0.25404
per-segment probability dynamic range (kT): 73.5927
norm = 1, error in norm = 0 (0*epsilon)
MAB binning in use
Bottleneck bin occupancy may not be accurately reported
Waiting for segments to complete...
################ MAB stats ################
minima in each dimension:      [3.6906]
maxima in each dimension:      [39.524]
direction in each dimension:   [86]
skip in each dimension:        [0]
###########################################
Iteration completed successfully
Iteration wallclock: 0:06:28.356766, cputime: 0:34:14.937943


Fri May 24 18:49:23 2024
Iteration 249 (500 requested)
Beginning iteration 249
128 segments remain in iteration 249 (128 total)
31 of 33 (93.939394%) active bins are populated
per-bin minimum non-zero probability:       8.33456e-31
per-bin maximum probability:                0.999888
per-bin probability dynamic range (kT):     69.2596
per-segment minimum non-zero probability:   2.08364e-31
per-segment maximum non-zero probability:   0.25404
per-segment probability dynamic range (kT): 69.2758
norm = 1, error in norm = -1.11022e-16 (-0.5*epsilon)
MAB binning in use
Bottleneck bin occupancy may not be accurately reported
Waiting for segments to complete...
################ MAB stats ################
minima in each dimension:      [4.4426]
maxima in each dimension:      [39.8089]
direction in each dimension:   [86]
skip in each dimension:        [0]
###########################################
Iteration completed successfully
Iteration wallclock: 0:06:33.937083, cputime: 0:35:27.376284


Fri May 24 18:55:57 2024
Iteration 250 (500 requested)
Beginning iteration 250
116 segments remain in iteration 250 (116 total)
28 of 33 (84.848485%) active bins are populated
per-bin minimum non-zero probability:       2.13136e-30
per-bin maximum probability:                0.999895
per-bin probability dynamic range (kT):     68.3207
per-segment minimum non-zero probability:   2.08364e-31
per-segment maximum non-zero probability:   0.25404
per-segment probability dynamic range (kT): 69.2758
norm = 1, error in norm = 0 (0*epsilon)
MAB binning in use
Bottleneck bin occupancy may not be accurately reported
Waiting for segments to complete...
################ MAB stats ################
minima in each dimension:      [3.7138]
maxima in each dimension:      [39.96]
direction in each dimension:   [86]
skip in each dimension:        [0]
###########################################
Iteration completed successfully
Iteration wallclock: 0:06:07.876351, cputime: 0:32:07.481724


Fri May 24 19:02:05 2024
Iteration 251 (500 requested)
Beginning iteration 251
112 segments remain in iteration 251 (112 total)
27 of 33 (81.818182%) active bins are populated
per-bin minimum non-zero probability:       9.11901e-31
per-bin maximum probability:                0.999895
per-bin probability dynamic range (kT):     69.1697
per-segment minimum non-zero probability:   2.27975e-31
per-segment maximum non-zero probability:   0.25404
per-segment probability dynamic range (kT): 69.1858
norm = 1, error in norm = -1.11022e-16 (-0.5*epsilon)
MAB binning in use
Bottleneck bin occupancy may not be accurately reported
Waiting for segments to complete...
################ MAB stats ################
minima in each dimension:      [5.0038]
maxima in each dimension:      [39.4941]
direction in each dimension:   [86]
skip in each dimension:        [0]
###########################################
Iteration completed successfully
Iteration wallclock: 0:05:44.770388, cputime: 0:30:53.493612


Fri May 24 19:07:49 2024
Iteration 252 (500 requested)
Beginning iteration 252
124 segments remain in iteration 252 (124 total)
30 of 33 (90.909091%) active bins are populated
per-bin minimum non-zero probability:       2.27975e-31
per-bin maximum probability:                0.999895
per-bin probability dynamic range (kT):     70.556
per-segment minimum non-zero probability:   5.69938e-32
per-segment maximum non-zero probability:   0.25404
per-segment probability dynamic range (kT): 70.5721
norm = 1, error in norm = -1.11022e-16 (-0.5*epsilon)
MAB binning in use
Bottleneck bin occupancy may not be accurately reported
Waiting for segments to complete...
################ MAB stats ################
minima in each dimension:      [3.3924]
maxima in each dimension:      [38.9983]
direction in each dimension:   [86]
skip in each dimension:        [0]
###########################################
Iteration completed successfully
Iteration wallclock: 0:06:30.007765, cputime: 0:34:23.523589


Fri May 24 19:14:19 2024
Iteration 253 (500 requested)
Beginning iteration 253
128 segments remain in iteration 253 (128 total)
32 of 33 (96.969697%) active bins are populated
per-bin minimum non-zero probability:       1.38493e-30
per-bin maximum probability:                0.999895
per-bin probability dynamic range (kT):     68.7518
per-segment minimum non-zero probability:   3.46233e-31
per-segment maximum non-zero probability:   0.25404
per-segment probability dynamic range (kT): 68.7679
norm = 1, error in norm = 0 (0*epsilon)
MAB binning in use
Bottleneck bin occupancy may not be accurately reported
Waiting for segments to complete...
################ MAB stats ################
minima in each dimension:      [3.7017]
maxima in each dimension:      [39.6649]
direction in each dimension:   [86]
skip in each dimension:        [0]
###########################################
Iteration completed successfully
Iteration wallclock: 0:06:32.596636, cputime: 0:35:28.880027


Fri May 24 19:20:52 2024
Iteration 254 (500 requested)
Beginning iteration 254
128 segments remain in iteration 254 (128 total)
31 of 33 (93.939394%) active bins are populated
per-bin minimum non-zero probability:       1.08977e-30
per-bin maximum probability:                0.9999
per-bin probability dynamic range (kT):     68.9915
per-segment minimum non-zero probability:   3.11569e-31
per-segment maximum non-zero probability:   0.25404
per-segment probability dynamic range (kT): 68.8734
norm = 1, error in norm = -1.11022e-16 (-0.5*epsilon)
MAB binning in use
Bottleneck bin occupancy may not be accurately reported
Waiting for segments to complete...
################ MAB stats ################
minima in each dimension:      [4.822]
maxima in each dimension:      [39.0084]
direction in each dimension:   [86]
skip in each dimension:        [0]
###########################################
Iteration completed successfully
Iteration wallclock: 0:06:32.495225, cputime: 0:35:26.992726


Fri May 24 19:27:24 2024
Iteration 255 (500 requested)
Beginning iteration 255
128 segments remain in iteration 255 (128 total)
31 of 33 (93.939394%) active bins are populated
per-bin minimum non-zero probability:       6.65231e-31
per-bin maximum probability:                0.9999
per-bin probability dynamic range (kT):     69.4851
per-segment minimum non-zero probability:   1.66308e-31
per-segment maximum non-zero probability:   0.25404
per-segment probability dynamic range (kT): 69.5012
norm = 1, error in norm = 0 (0*epsilon)
MAB binning in use
Bottleneck bin occupancy may not be accurately reported
Waiting for segments to complete...
################ MAB stats ################
minima in each dimension:      [2.761]
maxima in each dimension:      [39.5015]
direction in each dimension:   [86]
skip in each dimension:        [0]
###########################################
Iteration completed successfully
Iteration wallclock: 0:06:30.427665, cputime: 0:35:26.758991


Fri May 24 19:33:55 2024
Iteration 256 (500 requested)
Beginning iteration 256
124 segments remain in iteration 256 (124 total)
31 of 33 (93.939394%) active bins are populated
per-bin minimum non-zero probability:       1.29421e-30
per-bin maximum probability:                0.999902
per-bin probability dynamic range (kT):     68.8196
per-segment minimum non-zero probability:   2.72441e-31
per-segment maximum non-zero probability:   0.25404
per-segment probability dynamic range (kT): 69.0076
norm = 1, error in norm = -1.11022e-16 (-0.5*epsilon)
MAB binning in use
Bottleneck bin occupancy may not be accurately reported
Waiting for segments to complete...
################ MAB stats ################
minima in each dimension:      [3.9489]
maxima in each dimension:      [39.283]
direction in each dimension:   [86]
skip in each dimension:        [0]
###########################################
Iteration completed successfully
Iteration wallclock: 0:06:27.715465, cputime: 0:34:13.033115


Fri May 24 19:40:23 2024
Iteration 257 (500 requested)
Beginning iteration 257
128 segments remain in iteration 257 (128 total)
31 of 33 (93.939394%) active bins are populated
per-bin minimum non-zero probability:       2.72441e-31
per-bin maximum probability:                0.999917
per-bin probability dynamic range (kT):     70.3778
per-segment minimum non-zero probability:   6.81103e-32
per-segment maximum non-zero probability:   0.25404
per-segment probability dynamic range (kT): 70.3939
norm = 1, error in norm = -2.22045e-16 (-1*epsilon)
MAB binning in use
Bottleneck bin occupancy may not be accurately reported
Waiting for segments to complete...
################ MAB stats ################
minima in each dimension:      [3.9657]
maxima in each dimension:      [39.7924]
direction in each dimension:   [86]
skip in each dimension:        [0]
###########################################
Iteration completed successfully
Iteration wallclock: 0:06:35.812238, cputime: 0:35:11.937223


Fri May 24 19:46:58 2024
Iteration 258 (500 requested)
Beginning iteration 258
128 segments remain in iteration 258 (128 total)
31 of 33 (93.939394%) active bins are populated
per-bin minimum non-zero probability:       1.0567e-31
per-bin maximum probability:                0.999918
per-bin probability dynamic range (kT):     71.3249
per-segment minimum non-zero probability:   2.64175e-32
per-segment maximum non-zero probability:   0.25404
per-segment probability dynamic range (kT): 71.341
norm = 1, error in norm = -1.11022e-16 (-0.5*epsilon)
MAB binning in use
Bottleneck bin occupancy may not be accurately reported
Waiting for segments to complete...
################ MAB stats ################
minima in each dimension:      [4.2579]
maxima in each dimension:      [39.0545]
direction in each dimension:   [86]
skip in each dimension:        [0]
###########################################
Iteration completed successfully
Iteration wallclock: 0:06:32.906315, cputime: 0:35:20.510702


Fri May 24 19:53:31 2024
Iteration 259 (500 requested)
Beginning iteration 259
132 segments remain in iteration 259 (132 total)
32 of 33 (96.969697%) active bins are populated
per-bin minimum non-zero probability:       2.57808e-31
per-bin maximum probability:                0.99992
per-bin probability dynamic range (kT):     70.433
per-segment minimum non-zero probability:   5.95184e-32
per-segment maximum non-zero probability:   0.25404
per-segment probability dynamic range (kT): 70.5288
norm = 1, error in norm = -1.11022e-16 (-0.5*epsilon)
MAB binning in use
Bottleneck bin occupancy may not be accurately reported
Waiting for segments to complete...
################ MAB stats ################
minima in each dimension:      [3.6135]
maxima in each dimension:      [39.4399]
direction in each dimension:   [86]
skip in each dimension:        [0]
###########################################
Iteration completed successfully
Iteration wallclock: 0:06:52.454225, cputime: 0:36:33.123244


Fri May 24 20:00:24 2024
Iteration 260 (500 requested)
Beginning iteration 260
124 segments remain in iteration 260 (124 total)
32 of 33 (96.969697%) active bins are populated
per-bin minimum non-zero probability:       4.10552e-31
per-bin maximum probability:                0.99992
per-bin probability dynamic range (kT):     69.9677
per-segment minimum non-zero probability:   1.02638e-31
per-segment maximum non-zero probability:   0.25404
per-segment probability dynamic range (kT): 69.9838
norm = 1, error in norm = -1.11022e-16 (-0.5*epsilon)
MAB binning in use
Bottleneck bin occupancy may not be accurately reported
Waiting for segments to complete...
################ MAB stats ################
minima in each dimension:      [4.1027]
maxima in each dimension:      [39.5607]
direction in each dimension:   [86]
skip in each dimension:        [0]
###########################################
Iteration completed successfully
Iteration wallclock: 0:06:30.030581, cputime: 0:34:17.138438


Fri May 24 20:06:54 2024
Iteration 261 (500 requested)
Beginning iteration 261
124 segments remain in iteration 261 (124 total)
30 of 33 (90.909091%) active bins are populated
per-bin minimum non-zero probability:       1.02638e-31
per-bin maximum probability:                0.999925
per-bin probability dynamic range (kT):     71.354
per-segment minimum non-zero probability:   2.56595e-32
per-segment maximum non-zero probability:   0.25404
per-segment probability dynamic range (kT): 71.3701
norm = 1, error in norm = 0 (0*epsilon)
MAB binning in use
Bottleneck bin occupancy may not be accurately reported
Waiting for segments to complete...
################ MAB stats ################
minima in each dimension:      [5.3755]
maxima in each dimension:      [39.1345]
direction in each dimension:   [86]
skip in each dimension:        [0]
###########################################
Iteration completed successfully
Iteration wallclock: 0:06:28.828453, cputime: 0:34:29.173979


Fri May 24 20:13:23 2024
Iteration 262 (500 requested)
Beginning iteration 262
128 segments remain in iteration 262 (128 total)
32 of 33 (96.969697%) active bins are populated
per-bin minimum non-zero probability:       9.33759e-31
per-bin maximum probability:                0.753709
per-bin probability dynamic range (kT):     68.8633
per-segment minimum non-zero probability:   2.3344e-31
per-segment maximum non-zero probability:   0.25404
per-segment probability dynamic range (kT): 69.1621
norm = 1, error in norm = -1.11022e-16 (-0.5*epsilon)
MAB binning in use
Bottleneck bin occupancy may not be accurately reported
Waiting for segments to complete...
################ MAB stats ################
minima in each dimension:      [3.7713]
maxima in each dimension:      [39.2762]
direction in each dimension:   [86]
skip in each dimension:        [0]
###########################################
Iteration completed successfully
Iteration wallclock: 0:06:42.523674, cputime: 0:35:09.165040


Fri May 24 20:20:05 2024
Iteration 263 (500 requested)
Beginning iteration 263
132 segments remain in iteration 263 (132 total)
32 of 33 (96.969697%) active bins are populated
per-bin minimum non-zero probability:       4.45403e-31
per-bin maximum probability:                0.999937
per-bin probability dynamic range (kT):     69.8863
per-segment minimum non-zero probability:   1.11351e-31
per-segment maximum non-zero probability:   0.25404
per-segment probability dynamic range (kT): 69.9024
norm = 1, error in norm = 0 (0*epsilon)
MAB binning in use
Bottleneck bin occupancy may not be accurately reported
Waiting for segments to complete...
################ MAB stats ################
minima in each dimension:      [4.3171]
maxima in each dimension:      [38.3875]
direction in each dimension:   [86]
skip in each dimension:        [0]
###########################################
Iteration completed successfully
Iteration wallclock: 0:06:53.680005, cputime: 0:36:42.913032


Fri May 24 20:26:59 2024
Iteration 264 (500 requested)
Beginning iteration 264
124 segments remain in iteration 264 (124 total)
31 of 33 (93.939394%) active bins are populated
per-bin minimum non-zero probability:       8.07813e-31
per-bin maximum probability:                0.999937
per-bin probability dynamic range (kT):     69.2909
per-segment minimum non-zero probability:   1.95037e-31
per-segment maximum non-zero probability:   0.25404
per-segment probability dynamic range (kT): 69.3419
norm = 1, error in norm = -4.44089e-16 (-2*epsilon)
MAB binning in use
Bottleneck bin occupancy may not be accurately reported
Waiting for segments to complete...
################ MAB stats ################
minima in each dimension:      [4.6168]
maxima in each dimension:      [39.5414]
direction in each dimension:   [86]
skip in each dimension:        [0]
###########################################
Iteration completed successfully
Iteration wallclock: 0:06:28.257476, cputime: 0:34:16.057523


Fri May 24 20:33:27 2024
Iteration 265 (500 requested)
Beginning iteration 265
120 segments remain in iteration 265 (120 total)
31 of 33 (93.939394%) active bins are populated
per-bin minimum non-zero probability:       3.90075e-31
per-bin maximum probability:                0.99994
per-bin probability dynamic range (kT):     70.0189
per-segment minimum non-zero probability:   9.75186e-32
per-segment maximum non-zero probability:   0.25404
per-segment probability dynamic range (kT): 70.035
norm = 1, error in norm = -1.11022e-16 (-0.5*epsilon)
MAB binning in use
Bottleneck bin occupancy may not be accurately reported
Waiting for segments to complete...
################ MAB stats ################
minima in each dimension:      [5.0643]
maxima in each dimension:      [38.4623]
direction in each dimension:   [86]
skip in each dimension:        [0]
###########################################
Iteration completed successfully
Iteration wallclock: 0:06:08.486151, cputime: 0:33:03.645228


Fri May 24 20:39:36 2024
Iteration 266 (500 requested)
Beginning iteration 266
124 segments remain in iteration 266 (124 total)
30 of 33 (90.909091%) active bins are populated
per-bin minimum non-zero probability:       2.92556e-31
per-bin maximum probability:                0.99994
per-bin probability dynamic range (kT):     70.3066
per-segment minimum non-zero probability:   4.87593e-32
per-segment maximum non-zero probability:   0.25404
per-segment probability dynamic range (kT): 70.7281
norm = 1, error in norm = 0 (0*epsilon)
MAB binning in use
Bottleneck bin occupancy may not be accurately reported
Waiting for segments to complete...
################ MAB stats ################
minima in each dimension:      [3.4873]
maxima in each dimension:      [39.4083]
direction in each dimension:   [86]
skip in each dimension:        [0]
###########################################
Iteration completed successfully
Iteration wallclock: 0:06:31.658963, cputime: 0:34:18.952457


Fri May 24 20:46:07 2024
Iteration 267 (500 requested)
Beginning iteration 267
128 segments remain in iteration 267 (128 total)
32 of 33 (96.969697%) active bins are populated
per-bin minimum non-zero probability:       4.87593e-32
per-bin maximum probability:                0.753706
per-bin probability dynamic range (kT):     71.8157
per-segment minimum non-zero probability:   1.21898e-32
per-segment maximum non-zero probability:   0.253144
per-segment probability dynamic range (kT): 72.1109
norm = 1, error in norm = 0 (0*epsilon)
MAB binning in use
Bottleneck bin occupancy may not be accurately reported
Waiting for segments to complete...
################ MAB stats ################
minima in each dimension:      [1.8391]
maxima in each dimension:      [39.2329]
direction in each dimension:   [86]
skip in each dimension:        [0]
###########################################
Iteration completed successfully
Iteration wallclock: 0:06:32.633131, cputime: 0:35:40.275152


Fri May 24 20:52:40 2024
Iteration 268 (500 requested)
Beginning iteration 268
120 segments remain in iteration 268 (120 total)
30 of 33 (90.909091%) active bins are populated
per-bin minimum non-zero probability:       1.21898e-32
per-bin maximum probability:                0.93839
per-bin probability dynamic range (kT):     73.4211
per-segment minimum non-zero probability:   3.04746e-33
per-segment maximum non-zero probability:   0.25404
per-segment probability dynamic range (kT): 73.5007
norm = 1, error in norm = -1.11022e-16 (-0.5*epsilon)
MAB binning in use
Bottleneck bin occupancy may not be accurately reported
Waiting for segments to complete...
################ MAB stats ################
minima in each dimension:      [3.0129]
maxima in each dimension:      [39.228]
direction in each dimension:   [86]
skip in each dimension:        [0]
###########################################
Iteration completed successfully
Iteration wallclock: 0:06:08.640406, cputime: 0:33:19.152995


Fri May 24 20:58:49 2024
Iteration 269 (500 requested)
Beginning iteration 269
124 segments remain in iteration 269 (124 total)
32 of 33 (96.969697%) active bins are populated
per-bin minimum non-zero probability:       1.52373e-32
per-bin maximum probability:                0.999948
per-bin probability dynamic range (kT):     73.2615
per-segment minimum non-zero probability:   3.04746e-33
per-segment maximum non-zero probability:   0.25404
per-segment probability dynamic range (kT): 73.5007
norm = 1, error in norm = -1.11022e-16 (-0.5*epsilon)
MAB binning in use
Bottleneck bin occupancy may not be accurately reported
Waiting for segments to complete...
################ MAB stats ################
minima in each dimension:      [2.1285]
maxima in each dimension:      [39.984]
direction in each dimension:   [86]
skip in each dimension:        [0]
###########################################
Iteration completed successfully
Iteration wallclock: 0:06:30.046711, cputime: 0:34:20.405127


Fri May 24 21:05:19 2024
Iteration 270 (500 requested)
Beginning iteration 270
124 segments remain in iteration 270 (124 total)
31 of 33 (93.939394%) active bins are populated
per-bin minimum non-zero probability:       1.33185e-32
per-bin maximum probability:                0.753708
per-bin probability dynamic range (kT):     73.1134
per-segment minimum non-zero probability:   2.40787e-33
per-segment maximum non-zero probability:   0.25404
per-segment probability dynamic range (kT): 73.7363
norm = 1, error in norm = 0 (0*epsilon)
MAB binning in use
Bottleneck bin occupancy may not be accurately reported
Waiting for segments to complete...
################ MAB stats ################
minima in each dimension:      [2.3895]
maxima in each dimension:      [38.12]
direction in each dimension:   [86]
skip in each dimension:        [0]
###########################################
Iteration completed successfully
Iteration wallclock: 0:06:29.487774, cputime: 0:34:25.558185


Fri May 24 21:11:48 2024
Iteration 271 (500 requested)
Beginning iteration 271
128 segments remain in iteration 271 (128 total)
31 of 33 (93.939394%) active bins are populated
per-bin minimum non-zero probability:       6.09491e-33
per-bin maximum probability:                0.999962
per-bin probability dynamic range (kT):     74.1778
per-segment minimum non-zero probability:   1.52373e-33
per-segment maximum non-zero probability:   0.25404
per-segment probability dynamic range (kT): 74.1939
norm = 1, error in norm = -1.11022e-16 (-0.5*epsilon)
MAB binning in use
Bottleneck bin occupancy may not be accurately reported
Waiting for segments to complete...
################ MAB stats ################
minima in each dimension:      [2.8608]
maxima in each dimension:      [38.9919]
direction in each dimension:   [86]
skip in each dimension:        [0]
###########################################
Iteration completed successfully
Iteration wallclock: 0:06:32.742473, cputime: 0:35:21.742654


Fri May 24 21:18:21 2024
Iteration 272 (500 requested)
Beginning iteration 272
132 segments remain in iteration 272 (132 total)
32 of 33 (96.969697%) active bins are populated
per-bin minimum non-zero probability:       6.97905e-33
per-bin maximum probability:                0.999967
per-bin probability dynamic range (kT):     74.0424
per-segment minimum non-zero probability:   1.52373e-33
per-segment maximum non-zero probability:   0.25404
per-segment probability dynamic range (kT): 74.1939
norm = 1, error in norm = 0 (0*epsilon)
MAB binning in use
Bottleneck bin occupancy may not be accurately reported
Waiting for segments to complete...
################ MAB stats ################
minima in each dimension:      [2.8818]
maxima in each dimension:      [38.623]
direction in each dimension:   [86]
skip in each dimension:        [0]
###########################################
Iteration completed successfully
Iteration wallclock: 0:06:54.106516, cputime: 0:36:36.461163


Fri May 24 21:25:15 2024
Iteration 273 (500 requested)
Beginning iteration 273
128 segments remain in iteration 273 (128 total)
31 of 33 (93.939394%) active bins are populated
per-bin minimum non-zero probability:       5.45532e-33
per-bin maximum probability:                0.999967
per-bin probability dynamic range (kT):     74.2887
per-segment minimum non-zero probability:   1.20393e-33
per-segment maximum non-zero probability:   0.25404
per-segment probability dynamic range (kT): 74.4295
norm = 1, error in norm = 0 (0*epsilon)
MAB binning in use
Bottleneck bin occupancy may not be accurately reported
Waiting for segments to complete...
################ MAB stats ################
minima in each dimension:      [3.2625]
maxima in each dimension:      [38.2693]
direction in each dimension:   [86]
skip in each dimension:        [0]
###########################################
Iteration completed successfully
Iteration wallclock: 0:06:37.496005, cputime: 0:35:23.003067


Fri May 24 21:31:52 2024
Iteration 274 (500 requested)
Beginning iteration 274
124 segments remain in iteration 274 (124 total)
30 of 33 (90.909091%) active bins are populated
per-bin minimum non-zero probability:       1.20393e-33
per-bin maximum probability:                0.999967
per-bin probability dynamic range (kT):     75.7997
per-segment minimum non-zero probability:   3.00983e-34
per-segment maximum non-zero probability:   0.25404
per-segment probability dynamic range (kT): 75.8157
norm = 1, error in norm = 0 (0*epsilon)
MAB binning in use
Bottleneck bin occupancy may not be accurately reported
Waiting for segments to complete...
################ MAB stats ################
minima in each dimension:      [2.432]
maxima in each dimension:      [38.9962]
direction in each dimension:   [86]
skip in each dimension:        [0]
###########################################
Iteration completed successfully
Iteration wallclock: 0:06:41.453298, cputime: 0:34:06.322800


Fri May 24 21:38:34 2024
Iteration 275 (500 requested)
Beginning iteration 275
132 segments remain in iteration 275 (132 total)
32 of 33 (96.969697%) active bins are populated
per-bin minimum non-zero probability:       1.82471e-33
per-bin maximum probability:                0.999967
per-bin probability dynamic range (kT):     75.3839
per-segment minimum non-zero probability:   3.00983e-34
per-segment maximum non-zero probability:   0.25404
per-segment probability dynamic range (kT): 75.8157
norm = 1, error in norm = 0 (0*epsilon)
MAB binning in use
Bottleneck bin occupancy may not be accurately reported
Waiting for segments to complete...
################ MAB stats ################
minima in each dimension:      [2.769]
maxima in each dimension:      [39.2763]
direction in each dimension:   [86]
skip in each dimension:        [0]
###########################################
Iteration completed successfully
Iteration wallclock: 0:07:04.296304, cputime: 0:36:28.708120


Fri May 24 21:45:38 2024
Iteration 276 (500 requested)
Beginning iteration 276
120 segments remain in iteration 276 (120 total)
30 of 33 (90.909091%) active bins are populated
per-bin minimum non-zero probability:       8.08893e-34
per-bin maximum probability:                0.999968
per-bin probability dynamic range (kT):     76.1974
per-segment minimum non-zero probability:   1.69303e-34
per-segment maximum non-zero probability:   0.25404
per-segment probability dynamic range (kT): 76.3911
norm = 1, error in norm = 0 (0*epsilon)
MAB binning in use
Bottleneck bin occupancy may not be accurately reported
Waiting for segments to complete...
################ MAB stats ################
minima in each dimension:      [2.5565]
maxima in each dimension:      [39.829]
direction in each dimension:   [86]
skip in each dimension:        [0]
###########################################
Iteration completed successfully
Iteration wallclock: 0:06:18.533916, cputime: 0:33:17.912608


Fri May 24 21:51:57 2024
Iteration 277 (500 requested)
Beginning iteration 277
124 segments remain in iteration 277 (124 total)
31 of 33 (93.939394%) active bins are populated
per-bin minimum non-zero probability:       1.69303e-34
per-bin maximum probability:                0.500304
per-bin probability dynamic range (kT):     77.0688
per-segment minimum non-zero probability:   4.23258e-35
per-segment maximum non-zero probability:   0.246521
per-segment probability dynamic range (kT): 77.7474
norm = 1, error in norm = 0 (0*epsilon)
MAB binning in use
Bottleneck bin occupancy may not be accurately reported
Waiting for segments to complete...
################ MAB stats ################
minima in each dimension:      [2.5479]
maxima in each dimension:      [39.6963]
direction in each dimension:   [86]
skip in each dimension:        [0]
###########################################
Iteration completed successfully
Iteration wallclock: 0:06:37.763313, cputime: 0:34:18.388515


Fri May 24 21:58:35 2024
Iteration 278 (500 requested)
Beginning iteration 278
128 segments remain in iteration 278 (128 total)
32 of 33 (96.969697%) active bins are populated
per-bin minimum non-zero probability:       1.69303e-34
per-bin maximum probability:                0.753708
per-bin probability dynamic range (kT):     77.4786
per-segment minimum non-zero probability:   4.23258e-35
per-segment maximum non-zero probability:   0.246521
per-segment probability dynamic range (kT): 77.7474
norm = 1, error in norm = -1.11022e-16 (-0.5*epsilon)
MAB binning in use
Bottleneck bin occupancy may not be accurately reported
Waiting for segments to complete...
################ MAB stats ################
minima in each dimension:      [1.6893]
maxima in each dimension:      [38.55]
direction in each dimension:   [86]
skip in each dimension:        [0]
###########################################
Iteration completed successfully
Iteration wallclock: 0:06:43.540936, cputime: 0:35:18.437843


Fri May 24 22:05:18 2024
Iteration 279 (500 requested)
Beginning iteration 279
132 segments remain in iteration 279 (132 total)
30 of 33 (90.909091%) active bins are populated
per-bin minimum non-zero probability:       1.17572e-34
per-bin maximum probability:                0.938405
per-bin probability dynamic range (kT):     78.0624
per-segment minimum non-zero probability:   2.11629e-35
per-segment maximum non-zero probability:   0.337825
per-segment probability dynamic range (kT): 78.7556
norm = 1, error in norm = 0 (0*epsilon)
MAB binning in use
Bottleneck bin occupancy may not be accurately reported
Waiting for segments to complete...
################ MAB stats ################
minima in each dimension:      [1.3812]
maxima in each dimension:      [39.6691]
direction in each dimension:   [86]
skip in each dimension:        [0]
###########################################
Iteration completed successfully
Iteration wallclock: 0:06:56.255974, cputime: 0:36:50.173426


Fri May 24 22:12:15 2024
Iteration 280 (500 requested)
Beginning iteration 280
128 segments remain in iteration 280 (128 total)
32 of 33 (96.969697%) active bins are populated
per-bin minimum non-zero probability:       2.5082e-35
per-bin maximum probability:                0.462001
per-bin probability dynamic range (kT):     78.8987
per-segment minimum non-zero probability:   6.27049e-36
per-segment maximum non-zero probability:   0.184697
per-segment probability dynamic range (kT): 79.3682
norm = 1, error in norm = -1.11022e-16 (-0.5*epsilon)
MAB binning in use
Bottleneck bin occupancy may not be accurately reported
Waiting for segments to complete...
################ MAB stats ################
minima in each dimension:      [1.3028]
maxima in each dimension:      [39.9524]
direction in each dimension:   [86]
skip in each dimension:        [0]
###########################################
Iteration completed successfully
Iteration wallclock: 0:06:34.227957, cputime: 0:35:34.219544


Fri May 24 22:18:49 2024
Iteration 281 (500 requested)
Beginning iteration 281
124 segments remain in iteration 281 (124 total)
31 of 33 (93.939394%) active bins are populated
per-bin minimum non-zero probability:       8.46516e-35
per-bin maximum probability:                0.953788
per-bin probability dynamic range (kT):     78.4072
per-segment minimum non-zero probability:   6.27049e-36
per-segment maximum non-zero probability:   0.335543
per-segment probability dynamic range (kT): 79.9652
norm = 1, error in norm = -1.11022e-16 (-0.5*epsilon)
MAB binning in use
Bottleneck bin occupancy may not be accurately reported
Waiting for segments to complete...
################ MAB stats ################
minima in each dimension:      [2.6651]
maxima in each dimension:      [39.7471]
direction in each dimension:   [86]
skip in each dimension:        [0]
###########################################
Iteration completed successfully
Iteration wallclock: 0:06:29.751604, cputime: 0:34:15.929390


Fri May 24 22:25:19 2024
Iteration 282 (500 requested)
Beginning iteration 282
124 segments remain in iteration 282 (124 total)
31 of 33 (93.939394%) active bins are populated
per-bin minimum non-zero probability:       8.30102e-33
per-bin maximum probability:                0.978809
per-bin probability dynamic range (kT):     73.8475
per-segment minimum non-zero probability:   2.82172e-35
per-segment maximum non-zero probability:   0.335543
per-segment probability dynamic range (kT): 78.4611
norm = 1, error in norm = 0 (0*epsilon)
MAB binning in use
Bottleneck bin occupancy may not be accurately reported
Waiting for segments to complete...
################ MAB stats ################
minima in each dimension:      [1.8636]
maxima in each dimension:      [39.8583]
direction in each dimension:   [86]
skip in each dimension:        [0]
###########################################
Iteration completed successfully
Iteration wallclock: 0:06:32.292553, cputime: 0:34:23.651716


Fri May 24 22:31:51 2024
Iteration 283 (500 requested)
Beginning iteration 283
128 segments remain in iteration 283 (128 total)
32 of 33 (96.969697%) active bins are populated
per-bin minimum non-zero probability:       2.82172e-35
per-bin maximum probability:                0.984101
per-bin probability dynamic range (kT):     79.5371
per-segment minimum non-zero probability:   7.0543e-36
per-segment maximum non-zero probability:   0.335543
per-segment probability dynamic range (kT): 79.8474
norm = 1, error in norm = -1.11022e-16 (-0.5*epsilon)
MAB binning in use
Bottleneck bin occupancy may not be accurately reported
Waiting for segments to complete...
################ MAB stats ################
minima in each dimension:      [3.6166]
maxima in each dimension:      [39.077]
direction in each dimension:   [86]
skip in each dimension:        [0]
###########################################
Iteration completed successfully
Iteration wallclock: 0:06:33.404642, cputime: 0:35:26.735312


Fri May 24 22:38:24 2024
Iteration 284 (500 requested)
Beginning iteration 284
128 segments remain in iteration 284 (128 total)
30 of 33 (90.909091%) active bins are populated
per-bin minimum non-zero probability:       1.03763e-33
per-bin maximum probability:                0.782985
per-bin probability dynamic range (kT):     75.7037
per-segment minimum non-zero probability:   5.18814e-34
per-segment maximum non-zero probability:   0.335543
per-segment probability dynamic range (kT): 75.5495
norm = 1, error in norm = -1.11022e-16 (-0.5*epsilon)
MAB binning in use
Bottleneck bin occupancy may not be accurately reported
Waiting for segments to complete...
################ MAB stats ################
minima in each dimension:      [4.0222]
maxima in each dimension:      [39.9342]
direction in each dimension:   [86]
skip in each dimension:        [0]
###########################################
Iteration completed successfully
Iteration wallclock: 0:06:34.622563, cputime: 0:35:24.369673


Fri May 24 22:44:59 2024
Iteration 285 (500 requested)
Beginning iteration 285
132 segments remain in iteration 285 (132 total)
33 of 33 (100.000000%) active bins are populated
per-bin minimum non-zero probability:       4.66932e-33
per-bin maximum probability:                0.882673
per-bin probability dynamic range (kT):     74.3195
per-segment minimum non-zero probability:   1.03763e-33
per-segment maximum non-zero probability:   0.335543
per-segment probability dynamic range (kT): 74.8564
norm = 1, error in norm = -1.11022e-16 (-0.5*epsilon)
MAB binning in use
Bottleneck bin occupancy may not be accurately reported
Waiting for segments to complete...
################ MAB stats ################
minima in each dimension:      [4.9313]
maxima in each dimension:      [39.5025]
direction in each dimension:   [86]
skip in each dimension:        [0]
###########################################
Iteration completed successfully
Iteration wallclock: 0:07:01.287165, cputime: 0:36:25.621341


Fri May 24 22:52:00 2024
Iteration 286 (500 requested)
Beginning iteration 286
128 segments remain in iteration 286 (128 total)
31 of 33 (93.939394%) active bins are populated
per-bin minimum non-zero probability:       2.23904e-31
per-bin maximum probability:                0.959354
per-bin probability dynamic range (kT):     70.5326
per-segment minimum non-zero probability:   1.03763e-33
per-segment maximum non-zero probability:   0.335543
per-segment probability dynamic range (kT): 74.8564
norm = 1, error in norm = -1.11022e-16 (-0.5*epsilon)
MAB binning in use
Bottleneck bin occupancy may not be accurately reported
Waiting for segments to complete...
################ MAB stats ################
minima in each dimension:      [5.9368]
maxima in each dimension:      [38.3126]
direction in each dimension:   [86]
skip in each dimension:        [0]
###########################################
Iteration completed successfully
Iteration wallclock: 0:06:36.766991, cputime: 0:35:20.744392


Fri May 24 22:58:37 2024
Iteration 287 (500 requested)
Beginning iteration 287
120 segments remain in iteration 287 (120 total)
30 of 33 (90.909091%) active bins are populated
per-bin minimum non-zero probability:       8.6848e-31
per-bin maximum probability:                0.993446
per-bin probability dynamic range (kT):     69.212
per-segment minimum non-zero probability:   1.03763e-33
per-segment maximum non-zero probability:   0.335543
per-segment probability dynamic range (kT): 74.8564
norm = 1, error in norm = 0 (0*epsilon)
MAB binning in use
Bottleneck bin occupancy may not be accurately reported
Waiting for segments to complete...
################ MAB stats ################
minima in each dimension:      [6.9161]
maxima in each dimension:      [39.9843]
direction in each dimension:   [86]
skip in each dimension:        [0]
###########################################
Iteration completed successfully
Iteration wallclock: 0:06:09.198358, cputime: 0:33:13.854053


Fri May 24 23:04:46 2024
Iteration 288 (500 requested)
Beginning iteration 288
120 segments remain in iteration 288 (120 total)
30 of 33 (90.909091%) active bins are populated
per-bin minimum non-zero probability:       2.4623e-30
per-bin maximum probability:                0.77848
per-bin probability dynamic range (kT):     67.926
per-segment minimum non-zero probability:   6.15575e-31
per-segment maximum non-zero probability:   0.335543
per-segment probability dynamic range (kT): 68.4707
norm = 1, error in norm = 0 (0*epsilon)
MAB binning in use
Bottleneck bin occupancy may not be accurately reported
Waiting for segments to complete...
################ MAB stats ################
minima in each dimension:      [5.8247]
maxima in each dimension:      [39.8118]
direction in each dimension:   [86]
skip in each dimension:        [0]
###########################################
Iteration completed successfully
Iteration wallclock: 0:06:09.865913, cputime: 0:33:13.297819


Fri May 24 23:10:56 2024
Iteration 289 (500 requested)
Beginning iteration 289
128 segments remain in iteration 289 (128 total)
32 of 33 (96.969697%) active bins are populated
per-bin minimum non-zero probability:       6.15575e-31
per-bin maximum probability:                0.834679
per-bin probability dynamic range (kT):     69.382
per-segment minimum non-zero probability:   1.53894e-31
per-segment maximum non-zero probability:   0.335543
per-segment probability dynamic range (kT): 69.857
norm = 1, error in norm = 0 (0*epsilon)
MAB binning in use
Bottleneck bin occupancy may not be accurately reported
Waiting for segments to complete...
################ MAB stats ################
minima in each dimension:      [5.7427]
maxima in each dimension:      [39.3265]
direction in each dimension:   [86]
skip in each dimension:        [0]
###########################################
Iteration completed successfully
Iteration wallclock: 0:06:33.870300, cputime: 0:35:24.675459


Fri May 24 23:17:30 2024
Iteration 290 (500 requested)
Beginning iteration 290
112 segments remain in iteration 290 (112 total)
29 of 33 (87.878788%) active bins are populated
per-bin minimum non-zero probability:       1.57769e-30
per-bin maximum probability:                0.890059
per-bin probability dynamic range (kT):     68.5051
per-segment minimum non-zero probability:   3.5595e-31
per-segment maximum non-zero probability:   0.335543
per-segment probability dynamic range (kT): 69.0185
norm = 1, error in norm = 0 (0*epsilon)
MAB binning in use
Bottleneck bin occupancy may not be accurately reported
Waiting for segments to complete...
################ MAB stats ################
minima in each dimension:      [5.1236]
maxima in each dimension:      [39.7064]
direction in each dimension:   [86]
skip in each dimension:        [0]
###########################################
Iteration completed successfully
Iteration wallclock: 0:05:46.474367, cputime: 0:30:53.306679


Fri May 24 23:23:17 2024
Iteration 291 (500 requested)
Beginning iteration 291
116 segments remain in iteration 291 (116 total)
28 of 33 (84.848485%) active bins are populated
per-bin minimum non-zero probability:       1.88532e-30
per-bin maximum probability:                0.941812
per-bin probability dynamic range (kT):     68.3835
per-segment minimum non-zero probability:   4.39925e-31
per-segment maximum non-zero probability:   0.335543
per-segment probability dynamic range (kT): 68.8067
norm = 1, error in norm = -1.11022e-16 (-0.5*epsilon)
MAB binning in use
Bottleneck bin occupancy may not be accurately reported
Waiting for segments to complete...
################ MAB stats ################
minima in each dimension:      [0.0]
maxima in each dimension:      [39.8305]
direction in each dimension:   [86]
skip in each dimension:        [0]
###########################################
-- ERROR    [westpa.core.sim_manager] -- propagation failed for 1 segment(s):
63
exception caught; shutting down
-- ERROR    [w_run] -- error message: propagation failed for 1 segments
-- ERROR    [w_run] -- Traceback (most recent call last):
  File "/ihome/lchong/dty7/Apps/westpa-mabNone/westpa/src/westpa/cli/core/w_run.py", line 61, in run_simulation
    sim_manager.run()
  File "/ihome/lchong/dty7/Apps/westpa-mabNone/westpa/src/westpa/core/sim_manager.py", line 752, in run
    self.check_propagation()
  File "/ihome/lchong/dty7/Apps/westpa-mabNone/westpa/src/westpa/core/sim_manager.py", line 650, in check_propagation
    raise PropagationError('propagation failed for {:d} segments'.format(len(failed_segments)))
westpa.core.sim_manager.PropagationError: propagation failed for 1 segments

