Updating system with the options from the configuration file
-- ERROR    [westpa.core.propagators.executable] -- could not read pcoord for Segment 7 from '/tmp/tmpp4ly1s32': ValueError('cannot reshape array of size 0 into shape (11,1)')
-- ERROR    [westpa.core.propagators.executable] -- could not read pcoord for Segment 12 from '/tmp/tmp2e2qsd08': ValueError('cannot reshape array of size 0 into shape (11,1)')
-- ERROR    [westpa.core.propagators.executable] -- could not read pcoord for Segment 17 from '/tmp/tmp08053865': ValueError('cannot reshape array of size 0 into shape (11,1)')
-- ERROR    [westpa.core.propagators.executable] -- could not read pcoord for Segment 18 from '/tmp/tmp8q4tmo0_': ValueError('cannot reshape array of size 0 into shape (11,1)')
-- ERROR    [westpa.core.propagators.executable] -- could not read pcoord for Segment 20 from '/tmp/tmpvwy1crho': ValueError('cannot reshape array of size 0 into shape (11,1)')
-- ERROR    [westpa.core.propagators.executable] -- could not read pcoord for Segment 27 from '/tmp/tmpc4v5p0qj': ValueError('cannot reshape array of size 0 into shape (11,1)')
-- ERROR    [westpa.core.propagators.executable] -- could not read pcoord for Segment 36 from '/tmp/tmpvhsvx_xp': ValueError('cannot reshape array of size 0 into shape (11,1)')
-- ERROR    [westpa.core.propagators.executable] -- could not read pcoord for Segment 37 from '/tmp/tmp03blmwmz': ValueError('cannot reshape array of size 0 into shape (11,1)')
-- ERROR    [westpa.core.propagators.executable] -- could not read pcoord for Segment 42 from '/tmp/tmphbq56ex2': ValueError('cannot reshape array of size 0 into shape (11,1)')
-- ERROR    [westpa.core.propagators.executable] -- could not read pcoord for Segment 45 from '/tmp/tmp5csoe8m9': ValueError('cannot reshape array of size 0 into shape (11,1)')
-- ERROR    [westpa.core.propagators.executable] -- could not read pcoord for Segment 51 from '/tmp/tmph5y0zs9q': ValueError('cannot reshape array of size 0 into shape (11,1)')
-- ERROR    [westpa.core.propagators.executable] -- could not read pcoord for Segment 56 from '/tmp/tmpus6u73lv': ValueError('cannot reshape array of size 0 into shape (11,1)')
-- ERROR    [westpa.core.propagators.executable] -- could not read pcoord for Segment 61 from '/tmp/tmple5ccmdx': ValueError('cannot reshape array of size 0 into shape (11,1)')
-- ERROR    [westpa.core.propagators.executable] -- could not read pcoord for Segment 62 from '/tmp/tmp_g4r3zpq': ValueError('cannot reshape array of size 0 into shape (11,1)')
-- ERROR    [westpa.core.propagators.executable] -- could not read pcoord for Segment 65 from '/tmp/tmp625ayewp': ValueError('cannot reshape array of size 0 into shape (11,1)')
-- ERROR    [westpa.core.propagators.executable] -- could not read pcoord for Segment 71 from '/tmp/tmpnmc_p0ol': ValueError('cannot reshape array of size 0 into shape (11,1)')
-- ERROR    [westpa.core.propagators.executable] -- could not read pcoord for Segment 80 from '/tmp/tmpl2tocbi0': ValueError('cannot reshape array of size 0 into shape (11,1)')
-- ERROR    [westpa.core.propagators.executable] -- could not read pcoord for Segment 81 from '/tmp/tmpul8_1szg': ValueError('cannot reshape array of size 0 into shape (11,1)')
-- ERROR    [westpa.core.propagators.executable] -- could not read pcoord for Segment 83 from '/tmp/tmpwr4qjgth': ValueError('cannot reshape array of size 0 into shape (11,1)')
-- ERROR    [westpa.core.propagators.executable] -- could not read pcoord for Segment 87 from '/tmp/tmp4pae6du0': ValueError('cannot reshape array of size 0 into shape (11,1)')
-- ERROR    [westpa.core.propagators.executable] -- could not read pcoord for Segment 92 from '/tmp/tmpl9236wbx': ValueError('cannot reshape array of size 0 into shape (11,1)')
-- ERROR    [westpa.core.propagators.executable] -- could not read pcoord for Segment 100 from '/tmp/tmpqjs50mrv': ValueError('cannot reshape array of size 0 into shape (11,1)')
-- ERROR    [westpa.core.propagators.executable] -- could not read pcoord for Segment 104 from '/tmp/tmp2cj7d3av': ValueError('cannot reshape array of size 0 into shape (11,1)')
-- ERROR    [westpa.core.propagators.executable] -- could not read pcoord for Segment 106 from '/tmp/tmpys2u3guu': ValueError('cannot reshape array of size 0 into shape (11,1)')
