Updating system with the options from the configuration file
Maximum wallclock time: 2:00:00

Mon Mar 25 00:08:16 2024
Iteration 1 (1000 requested)
Beginning iteration 1
24 segments remain in iteration 1 (24 total)
4 of 52 (7.692308%) active bins are populated
per-bin minimum non-zero probability:       0.2
per-bin maximum probability:                0.4
per-bin probability dynamic range (kT):     0.693147
per-segment minimum non-zero probability:   0.0333333
per-segment maximum non-zero probability:   0.0666667
per-segment probability dynamic range (kT): 0.693147
norm = 1, error in norm = 0 (0*epsilon)
Iteration wallclock: 0:23:23.613644, cputime: 0:04:49.759043


Mon Mar 25 00:31:39 2024
Iteration 2 (1000 requested)
Beginning iteration 2
42 segments remain in iteration 2 (42 total)
5 of 52 (9.615385%) active bins are populated
per-bin minimum non-zero probability:       0.0333333
per-bin maximum probability:                0.333333
per-bin probability dynamic range (kT):     2.30259
per-segment minimum non-zero probability:   0.00555556
per-segment maximum non-zero probability:   0.0666667
per-segment probability dynamic range (kT): 2.48491
norm = 1, error in norm = -2.22045e-16 (-1*epsilon)
Iteration wallclock: 0:39:41.998314, cputime: 0:08:26.109077


Mon Mar 25 01:11:21 2024
Iteration 3 (1000 requested)
Beginning iteration 3
54 segments remain in iteration 3 (54 total)
6 of 52 (11.538462%) active bins are populated
per-bin minimum non-zero probability:       0.0277778
per-bin maximum probability:                0.361111
per-bin probability dynamic range (kT):     2.56495
per-segment minimum non-zero probability:   0.000925926
per-segment maximum non-zero probability:   0.0666667
per-segment probability dynamic range (kT): 4.27667
norm = 1, error in norm = -2.22045e-16 (-1*epsilon)
Iteration wallclock: 0:51:48.937261, cputime: 0:10:54.947832

Iteration 4 would require more than the allotted time. Ending run.
