System is being built only off of the system driver
Maximum wallclock time: 20:00:00

Wed Aug 17 03:49:24 2022
Iteration 278 (300 requested)
Beginning iteration 278
120 segments remain in iteration 278 (120 total)
22 of 24 (91.666667%) active bins are populated
per-bin minimum non-zero probability:       3.23058e-41
per-bin maximum probability:                0.411241
per-bin probability dynamic range (kT):     92.3448
per-segment minimum non-zero probability:   6.46115e-42
per-segment maximum non-zero probability:   0.0970279
per-segment probability dynamic range (kT): 92.51
norm = 1, error in norm = -4.44089e-16 (-2*epsilon)
Iteration wallclock: 0:25:42.042051, cputime: 2:19:40.003718


Wed Aug 17 04:15:06 2022
Iteration 279 (300 requested)
Beginning iteration 279
115 segments remain in iteration 279 (115 total)
21 of 24 (87.500000%) active bins are populated
per-bin minimum non-zero probability:       2.15372e-41
per-bin maximum probability:                0.61664
per-bin probability dynamic range (kT):     93.1553
per-segment minimum non-zero probability:   2.15372e-42
per-segment maximum non-zero probability:   0.16715
per-segment probability dynamic range (kT): 94.1525
norm = 1, error in norm = -6.66134e-16 (-3*epsilon)
Iteration wallclock: 0:22:41.682324, cputime: 2:14:10.530521


Wed Aug 17 04:37:47 2022
Iteration 280 (300 requested)
Beginning iteration 280
120 segments remain in iteration 280 (120 total)
22 of 24 (91.666667%) active bins are populated
per-bin minimum non-zero probability:       8.61487e-42
per-bin maximum probability:                0.479198
per-bin probability dynamic range (kT):     93.8194
per-segment minimum non-zero probability:   1.43581e-42
per-segment maximum non-zero probability:   0.134958
per-segment probability dynamic range (kT): 94.344
norm = 1, error in norm = -6.66134e-16 (-3*epsilon)
Iteration wallclock: 0:23:59.437917, cputime: 2:20:11.648460


Wed Aug 17 05:01:47 2022
Iteration 281 (300 requested)
Beginning iteration 281
115 segments remain in iteration 281 (115 total)
21 of 24 (87.500000%) active bins are populated
per-bin minimum non-zero probability:       2.11256e-31
per-bin maximum probability:                0.528046
per-bin probability dynamic range (kT):     69.9937
per-segment minimum non-zero probability:   4.22512e-32
per-segment maximum non-zero probability:   0.134958
per-segment probability dynamic range (kT): 70.2389
norm = 1, error in norm = -3.33067e-16 (-1.5*epsilon)
Iteration wallclock: 0:22:44.688804, cputime: 2:14:16.824011


Wed Aug 17 05:24:32 2022
Iteration 282 (300 requested)
Beginning iteration 282
120 segments remain in iteration 282 (120 total)
22 of 24 (91.666667%) active bins are populated
per-bin minimum non-zero probability:       4.22512e-32
per-bin maximum probability:                0.457128
per-bin probability dynamic range (kT):     71.4589
per-segment minimum non-zero probability:   8.45024e-33
per-segment maximum non-zero probability:   0.134958
per-segment probability dynamic range (kT): 71.8483
norm = 1, error in norm = -5.55112e-16 (-2.5*epsilon)
Iteration wallclock: 0:23:56.373275, cputime: 2:19:57.383097


Wed Aug 17 05:48:28 2022
Iteration 283 (300 requested)
Beginning iteration 283
120 segments remain in iteration 283 (120 total)
22 of 24 (91.666667%) active bins are populated
per-bin minimum non-zero probability:       8.45024e-33
per-bin maximum probability:                0.384373
per-bin probability dynamic range (kT):     72.895
per-segment minimum non-zero probability:   1.69005e-33
per-segment maximum non-zero probability:   0.134958
per-segment probability dynamic range (kT): 73.4578
norm = 1, error in norm = -4.44089e-16 (-2*epsilon)
Iteration wallclock: 0:23:55.882128, cputime: 2:19:48.553197


Wed Aug 17 06:12:24 2022
Iteration 284 (300 requested)
Beginning iteration 284
120 segments remain in iteration 284 (120 total)
22 of 24 (91.666667%) active bins are populated
per-bin minimum non-zero probability:       1.69005e-33
per-bin maximum probability:                0.37722
per-bin probability dynamic range (kT):     74.4856
per-segment minimum non-zero probability:   3.3801e-34
per-segment maximum non-zero probability:   0.0973456
per-segment probability dynamic range (kT): 74.7405
norm = 1, error in norm = -4.44089e-16 (-2*epsilon)
Iteration wallclock: 0:23:56.342290, cputime: 2:19:46.690179


Wed Aug 17 06:36:20 2022
Iteration 285 (300 requested)
Beginning iteration 285
115 segments remain in iteration 285 (115 total)
21 of 24 (87.500000%) active bins are populated
per-bin minimum non-zero probability:       3.3801e-34
per-bin maximum probability:                0.462586
per-bin probability dynamic range (kT):     76.2991
per-segment minimum non-zero probability:   6.76019e-35
per-segment maximum non-zero probability:   0.105489
per-segment probability dynamic range (kT): 76.4303
norm = 1, error in norm = -5.55112e-16 (-2.5*epsilon)
Iteration wallclock: 0:22:40.999855, cputime: 2:14:01.124985


Wed Aug 17 06:59:01 2022
Iteration 286 (300 requested)
Beginning iteration 286
110 segments remain in iteration 286 (110 total)
20 of 24 (83.333333%) active bins are populated
per-bin minimum non-zero probability:       1.43811e-29
per-bin maximum probability:                0.458249
per-bin probability dynamic range (kT):     65.6313
per-segment minimum non-zero probability:   2.87621e-30
per-segment maximum non-zero probability:   0.106217
per-segment probability dynamic range (kT): 65.7788
norm = 1, error in norm = -5.55112e-16 (-2.5*epsilon)
Iteration wallclock: 0:22:11.766636, cputime: 2:08:22.948691


Wed Aug 17 07:21:13 2022
Iteration 287 (300 requested)
Beginning iteration 287
120 segments remain in iteration 287 (120 total)
22 of 24 (91.666667%) active bins are populated
per-bin minimum non-zero probability:       2.87621e-30
per-bin maximum probability:                0.704899
per-bin probability dynamic range (kT):     67.6714
per-segment minimum non-zero probability:   5.75242e-31
per-segment maximum non-zero probability:   0.187317
per-segment probability dynamic range (kT): 67.9556
norm = 1, error in norm = -4.44089e-16 (-2*epsilon)
Iteration wallclock: 0:23:53.530880, cputime: 2:19:41.031574


Wed Aug 17 07:45:07 2022
Iteration 288 (300 requested)
Beginning iteration 288
120 segments remain in iteration 288 (120 total)
22 of 24 (91.666667%) active bins are populated
per-bin minimum non-zero probability:       5.75242e-31
per-bin maximum probability:                0.417505
per-bin probability dynamic range (kT):     68.7571
per-segment minimum non-zero probability:   1.15048e-31
per-segment maximum non-zero probability:   0.117704
per-segment probability dynamic range (kT): 69.1004
norm = 1, error in norm = -4.44089e-16 (-2*epsilon)
Iteration wallclock: 0:23:55.517456, cputime: 2:19:30.439427


Wed Aug 17 08:09:02 2022
Iteration 289 (300 requested)
Beginning iteration 289
120 segments remain in iteration 289 (120 total)
22 of 24 (91.666667%) active bins are populated
per-bin minimum non-zero probability:       2.30097e-31
per-bin maximum probability:                0.619567
per-bin probability dynamic range (kT):     70.0681
per-segment minimum non-zero probability:   4.60194e-32
per-segment maximum non-zero probability:   0.157651
per-segment probability dynamic range (kT): 70.3089
norm = 1, error in norm = -5.55112e-16 (-2.5*epsilon)
Iteration wallclock: 0:24:00.549798, cputime: 2:19:43.045018


Wed Aug 17 08:33:03 2022
Iteration 290 (300 requested)
Beginning iteration 290
115 segments remain in iteration 290 (115 total)
21 of 24 (87.500000%) active bins are populated
per-bin minimum non-zero probability:       4.60194e-32
per-bin maximum probability:                0.432901
per-bin probability dynamic range (kT):     71.319
per-segment minimum non-zero probability:   9.20387e-33
per-segment maximum non-zero probability:   0.157651
per-segment probability dynamic range (kT): 71.9183
norm = 1, error in norm = -3.33067e-16 (-1.5*epsilon)
Iteration wallclock: 0:22:39.888948, cputime: 2:13:58.130131


Wed Aug 17 08:55:42 2022
Iteration 291 (300 requested)
Beginning iteration 291
120 segments remain in iteration 291 (120 total)
22 of 24 (91.666667%) active bins are populated
per-bin minimum non-zero probability:       1.53398e-32
per-bin maximum probability:                0.300923
per-bin probability dynamic range (kT):     72.054
per-segment minimum non-zero probability:   3.06796e-33
per-segment maximum non-zero probability:   0.0768885
per-segment probability dynamic range (kT): 72.2989
norm = 1, error in norm = -4.44089e-16 (-2*epsilon)
Iteration wallclock: 0:23:54.544523, cputime: 2:19:43.342933


Wed Aug 17 09:19:37 2022
Iteration 292 (300 requested)
Beginning iteration 292
115 segments remain in iteration 292 (115 total)
21 of 24 (87.500000%) active bins are populated
per-bin minimum non-zero probability:       3.06796e-32
per-bin maximum probability:                0.389985
per-bin probability dynamic range (kT):     71.6201
per-segment minimum non-zero probability:   5.11326e-33
per-segment maximum non-zero probability:   0.109363
per-segment probability dynamic range (kT): 72.1404
norm = 1, error in norm = -4.44089e-16 (-2*epsilon)
Iteration wallclock: 0:22:38.972571, cputime: 2:13:58.959442


Wed Aug 17 09:42:16 2022
Iteration 293 (300 requested)
Beginning iteration 293
115 segments remain in iteration 293 (115 total)
21 of 24 (87.500000%) active bins are populated
per-bin minimum non-zero probability:       7.66989e-33
per-bin maximum probability:                0.297553
per-bin probability dynamic range (kT):     72.7358
per-segment minimum non-zero probability:   1.53398e-33
per-segment maximum non-zero probability:   0.0832521
per-segment probability dynamic range (kT): 73.0716
norm = 1, error in norm = -4.44089e-16 (-2*epsilon)
Iteration wallclock: 0:22:49.668860, cputime: 2:14:03.546853


Wed Aug 17 10:05:06 2022
Iteration 294 (300 requested)
Beginning iteration 294
115 segments remain in iteration 294 (115 total)
21 of 24 (87.500000%) active bins are populated
per-bin minimum non-zero probability:       6.64724e-33
per-bin maximum probability:                0.628454
per-bin probability dynamic range (kT):     73.6266
per-segment minimum non-zero probability:   1.27832e-33
per-segment maximum non-zero probability:   0.153332
per-segment probability dynamic range (kT): 73.8646
norm = 1, error in norm = -5.55112e-16 (-2.5*epsilon)
Iteration wallclock: 0:22:43.008335, cputime: 2:13:51.501385


Wed Aug 17 10:27:49 2022
Iteration 295 (300 requested)
Beginning iteration 295
120 segments remain in iteration 295 (120 total)
22 of 24 (91.666667%) active bins are populated
per-bin minimum non-zero probability:       1.27832e-33
per-bin maximum probability:                0.298622
per-bin probability dynamic range (kT):     74.5312
per-segment minimum non-zero probability:   2.55663e-34
per-segment maximum non-zero probability:   0.0832104
per-segment probability dynamic range (kT): 74.8628
norm = 1, error in norm = -6.66134e-16 (-3*epsilon)
Iteration wallclock: 0:23:54.756065, cputime: 2:19:53.240891


Wed Aug 17 10:51:43 2022
Iteration 296 (300 requested)
Beginning iteration 296
120 segments remain in iteration 296 (120 total)
22 of 24 (91.666667%) active bins are populated
per-bin minimum non-zero probability:       2.81229e-33
per-bin maximum probability:                0.441243
per-bin probability dynamic range (kT):     74.1331
per-segment minimum non-zero probability:   4.26105e-34
per-segment maximum non-zero probability:   0.118319
per-segment probability dynamic range (kT): 74.704
norm = 1, error in norm = -4.44089e-16 (-2*epsilon)
Iteration wallclock: 0:23:56.496862, cputime: 2:19:48.599651


Wed Aug 17 11:15:40 2022
Iteration 297 (300 requested)
Beginning iteration 297
110 segments remain in iteration 297 (110 total)
22 of 24 (91.666667%) active bins are populated
per-bin minimum non-zero probability:       6.39158e-34
per-bin maximum probability:                0.40571
per-bin probability dynamic range (kT):     75.5308
per-segment minimum non-zero probability:   1.27832e-34
per-segment maximum non-zero probability:   0.118319
per-segment probability dynamic range (kT): 75.908
norm = 1, error in norm = -5.55112e-16 (-2.5*epsilon)
Iteration wallclock: 0:22:12.873043, cputime: 2:08:13.321510


Wed Aug 17 11:37:53 2022
Iteration 298 (300 requested)
Beginning iteration 298
115 segments remain in iteration 298 (115 total)
21 of 24 (87.500000%) active bins are populated
per-bin minimum non-zero probability:       4.68716e-34
per-bin maximum probability:                0.505219
per-bin probability dynamic range (kT):     76.0603
per-segment minimum non-zero probability:   8.5221e-35
per-segment maximum non-zero probability:   0.135244
per-segment probability dynamic range (kT): 76.4471
norm = 1, error in norm = -5.55112e-16 (-2.5*epsilon)
Iteration wallclock: 0:22:40.940899, cputime: 2:13:58.012304


Wed Aug 17 12:00:34 2022
Iteration 299 (300 requested)
Beginning iteration 299
120 segments remain in iteration 299 (120 total)
22 of 24 (91.666667%) active bins are populated
per-bin minimum non-zero probability:       7.66989e-34
per-bin maximum probability:                0.47441
per-bin probability dynamic range (kT):     75.5049
per-segment minimum non-zero probability:   1.38484e-34
per-segment maximum non-zero probability:   0.103829
per-segment probability dynamic range (kT): 75.6973
norm = 1, error in norm = -4.44089e-16 (-2*epsilon)
Iteration wallclock: 0:23:54.654723, cputime: 2:19:51.357009


Wed Aug 17 12:24:28 2022
Iteration 300 (300 requested)
Beginning iteration 300
120 segments remain in iteration 300 (120 total)
22 of 24 (91.666667%) active bins are populated
per-bin minimum non-zero probability:       4.90021e-34
per-bin maximum probability:                0.429712
per-bin probability dynamic range (kT):     75.854
per-segment minimum non-zero probability:   7.10175e-35
per-segment maximum non-zero probability:   0.113667
per-segment probability dynamic range (kT): 76.4557
norm = 1, error in norm = -4.44089e-16 (-2*epsilon)
Iteration wallclock: 0:23:56.772476, cputime: 2:19:49.692459


Wed Aug 17 12:48:25 2022
WEST run complete.
