Updating system with the options from the configuration file
-- ERROR    [westpa.core.propagators.executable] -- could not read pcoord from '/tmp/tmp_xn5kyrh': ValueError('cannot reshape array of size 0 into shape (11,3)')
-- ERROR    [westpa.core.propagators.executable] -- could not read pcoord from '/tmp/tmpr_6c8toy': ValueError('cannot reshape array of size 0 into shape (11,3)')
-- ERROR    [westpa.core.propagators.executable] -- could not read pcoord from '/tmp/tmp15q0crc4': ValueError('cannot reshape array of size 0 into shape (11,3)')
-- ERROR    [westpa.core.propagators.executable] -- could not read pcoord from '/tmp/tmpshz5w395': ValueError('cannot reshape array of size 0 into shape (11,3)')
-- ERROR    [westpa.core.propagators.executable] -- could not read pcoord from '/tmp/tmpi2c5ffwf': ValueError('cannot reshape array of size 0 into shape (11,3)')
-- ERROR    [westpa.core.propagators.executable] -- could not read pcoord from '/tmp/tmp3rsz0nzv': ValueError('cannot reshape array of size 0 into shape (11,3)')
-- ERROR    [westpa.core.propagators.executable] -- could not read pcoord from '/tmp/tmpumo7zzfx': ValueError('cannot reshape array of size 0 into shape (11,3)')
-- ERROR    [westpa.core.propagators.executable] -- could not read pcoord from '/tmp/tmpfuqpqkje': ValueError('cannot reshape array of size 0 into shape (11,3)')
-- ERROR    [westpa.core.propagators.executable] -- could not read pcoord from '/tmp/tmp8f7aeq6g': ValueError('cannot reshape array of size 0 into shape (11,3)')
-- ERROR    [westpa.core.propagators.executable] -- could not read pcoord from '/tmp/tmpoumbdzjo': ValueError('cannot reshape array of size 0 into shape (11,3)')
-- ERROR    [westpa.core.propagators.executable] -- could not read pcoord from '/tmp/tmpqkvgflbn': ValueError('cannot reshape array of size 0 into shape (11,3)')
-- ERROR    [westpa.core.propagators.executable] -- could not read pcoord from '/tmp/tmpdrv2gxcg': ValueError('cannot reshape array of size 0 into shape (11,3)')
-- ERROR    [westpa.core.propagators.executable] -- could not read pcoord from '/tmp/tmpjmn4ere1': ValueError('cannot reshape array of size 0 into shape (11,3)')
-- ERROR    [westpa.core.propagators.executable] -- could not read pcoord from '/tmp/tmp0vprc9ut': ValueError('cannot reshape array of size 0 into shape (11,3)')
-- ERROR    [westpa.core.propagators.executable] -- could not read pcoord from '/tmp/tmp4jawhg8x': ValueError('cannot reshape array of size 0 into shape (11,3)')
-- ERROR    [westpa.core.propagators.executable] -- could not read pcoord from '/tmp/tmpolvudj6j': ValueError('cannot reshape array of size 0 into shape (11,3)')
-- ERROR    [westpa.core.propagators.executable] -- could not read pcoord from '/tmp/tmpmanqk0ug': ValueError('cannot reshape array of size 0 into shape (11,3)')
-- ERROR    [westpa.core.propagators.executable] -- could not read pcoord from '/tmp/tmpotsb7kwt': ValueError('cannot reshape array of size 0 into shape (11,3)')
-- ERROR    [westpa.core.propagators.executable] -- could not read pcoord from '/tmp/tmpw0f6r4uj': ValueError('cannot reshape array of size 0 into shape (11,3)')
-- ERROR    [westpa.core.propagators.executable] -- could not read pcoord from '/tmp/tmpbcpl1bnl': ValueError('cannot reshape array of size 0 into shape (11,3)')
-- ERROR    [westpa.core.propagators.executable] -- could not read pcoord from '/tmp/tmpopuv0ckt': ValueError('cannot reshape array of size 0 into shape (11,3)')
-- ERROR    [westpa.core.propagators.executable] -- could not read pcoord from '/tmp/tmpi5wsydw2': ValueError('cannot reshape array of size 0 into shape (11,3)')
-- ERROR    [westpa.core.propagators.executable] -- could not read pcoord from '/tmp/tmpuvrgomyx': ValueError('cannot reshape array of size 0 into shape (11,3)')
-- ERROR    [westpa.core.propagators.executable] -- could not read pcoord from '/tmp/tmpzo9klwcw': ValueError('cannot reshape array of size 0 into shape (11,3)')
-- ERROR    [westpa.core.propagators.executable] -- could not read pcoord from '/tmp/tmpr6oofyqj': ValueError('cannot reshape array of size 0 into shape (11,3)')
-- ERROR    [westpa.core.propagators.executable] -- could not read pcoord from '/tmp/tmp3cihtgsz': ValueError('cannot reshape array of size 0 into shape (11,3)')
-- ERROR    [westpa.core.propagators.executable] -- could not read pcoord from '/tmp/tmps16awjv0': ValueError('cannot reshape array of size 0 into shape (11,3)')
-- ERROR    [westpa.core.propagators.executable] -- could not read pcoord from '/tmp/tmprhrd5xu_': ValueError('cannot reshape array of size 0 into shape (11,3)')
-- ERROR    [westpa.core.propagators.executable] -- could not read pcoord from '/tmp/tmp6gyx1cut': ValueError('cannot reshape array of size 0 into shape (11,3)')
-- ERROR    [westpa.core.propagators.executable] -- could not read pcoord from '/tmp/tmpj9cy6gjp': ValueError('cannot reshape array of size 0 into shape (11,3)')
-- ERROR    [westpa.core.propagators.executable] -- could not read pcoord from '/tmp/tmpmfwn170w': ValueError('cannot reshape array of size 0 into shape (11,3)')
-- ERROR    [westpa.core.propagators.executable] -- could not read pcoord from '/tmp/tmpwf7z6kl7': ValueError('cannot reshape array of size 0 into shape (11,3)')
-- ERROR    [westpa.core.propagators.executable] -- could not read pcoord from '/tmp/tmpvb5tx5f2': ValueError('cannot reshape array of size 0 into shape (11,3)')
-- ERROR    [westpa.core.propagators.executable] -- could not read pcoord from '/tmp/tmppx4jtobh': ValueError('cannot reshape array of size 0 into shape (11,3)')
-- ERROR    [westpa.core.propagators.executable] -- could not read pcoord from '/tmp/tmpahdsfrw6': ValueError('cannot reshape array of size 0 into shape (11,3)')
-- ERROR    [westpa.core.propagators.executable] -- could not read pcoord from '/tmp/tmp43dx86bu': ValueError('cannot reshape array of size 0 into shape (11,3)')
-- ERROR    [westpa.core.propagators.executable] -- could not read pcoord from '/tmp/tmphk_3x8qw': ValueError('cannot reshape array of size 0 into shape (11,3)')
-- ERROR    [westpa.core.propagators.executable] -- could not read pcoord from '/tmp/tmpyxchztvz': ValueError('cannot reshape array of size 0 into shape (11,3)')
-- ERROR    [westpa.core.propagators.executable] -- could not read pcoord from '/tmp/tmpoh2jqr4f': ValueError('cannot reshape array of size 0 into shape (11,3)')
-- ERROR    [westpa.core.propagators.executable] -- could not read pcoord from '/tmp/tmp64m820gz': ValueError('cannot reshape array of size 0 into shape (11,3)')
-- ERROR    [westpa.core.propagators.executable] -- could not read pcoord from '/tmp/tmpg45oer7x': ValueError('cannot reshape array of size 0 into shape (11,3)')
-- ERROR    [westpa.core.propagators.executable] -- could not read pcoord from '/tmp/tmpc26phwke': ValueError('cannot reshape array of size 0 into shape (11,3)')
-- ERROR    [westpa.core.propagators.executable] -- could not read pcoord from '/tmp/tmpr10ryqv1': ValueError('cannot reshape array of size 0 into shape (11,3)')
-- ERROR    [westpa.core.propagators.executable] -- could not read pcoord from '/tmp/tmp1_cvawlp': ValueError('cannot reshape array of size 0 into shape (11,3)')
-- ERROR    [westpa.core.propagators.executable] -- could not read pcoord from '/tmp/tmpjcoj4y3w': ValueError('cannot reshape array of size 0 into shape (11,3)')
-- ERROR    [westpa.core.propagators.executable] -- could not read pcoord from '/tmp/tmpvpn4ivgw': ValueError('cannot reshape array of size 0 into shape (11,3)')
-- ERROR    [westpa.core.propagators.executable] -- could not read pcoord from '/tmp/tmpi0jxv4v2': ValueError('cannot reshape array of size 0 into shape (11,3)')
-- ERROR    [westpa.core.propagators.executable] -- could not read pcoord from '/tmp/tmptxysr5sd': ValueError('cannot reshape array of size 0 into shape (11,3)')
-- ERROR    [westpa.core.propagators.executable] -- could not read pcoord from '/tmp/tmpfq2aphht': ValueError('cannot reshape array of size 0 into shape (11,3)')
-- ERROR    [westpa.core.propagators.executable] -- could not read pcoord from '/tmp/tmp22x8mryu': ValueError('cannot reshape array of size 0 into shape (11,3)')
-- ERROR    [westpa.core.propagators.executable] -- could not read pcoord from '/tmp/tmp3dgcbxnw': ValueError('cannot reshape array of size 0 into shape (11,3)')
-- ERROR    [westpa.core.propagators.executable] -- could not read pcoord from '/tmp/tmp7vw3cpxh': ValueError('cannot reshape array of size 0 into shape (11,3)')
-- ERROR    [westpa.core.propagators.executable] -- could not read pcoord from '/tmp/tmprovcec_p': ValueError('cannot reshape array of size 0 into shape (11,3)')
-- ERROR    [westpa.core.propagators.executable] -- could not read pcoord from '/tmp/tmp3nmon4d9': ValueError('cannot reshape array of size 0 into shape (11,3)')
-- ERROR    [westpa.core.propagators.executable] -- could not read pcoord from '/tmp/tmpxt70mo1j': ValueError('cannot reshape array of size 0 into shape (11,3)')
-- ERROR    [westpa.core.propagators.executable] -- could not read pcoord from '/tmp/tmp5nt2rdvh': ValueError('cannot reshape array of size 0 into shape (11,3)')
-- ERROR    [westpa.core.propagators.executable] -- could not read pcoord from '/tmp/tmpd25cgdn1': ValueError('cannot reshape array of size 0 into shape (11,3)')
-- ERROR    [westpa.core.propagators.executable] -- could not read pcoord from '/tmp/tmp2ekha2cx': ValueError('cannot reshape array of size 0 into shape (11,3)')
-- ERROR    [westpa.core.propagators.executable] -- could not read pcoord from '/tmp/tmp08ve_kyt': ValueError('cannot reshape array of size 0 into shape (11,3)')
-- ERROR    [westpa.core.propagators.executable] -- could not read pcoord from '/tmp/tmp3gj4gway': ValueError('cannot reshape array of size 0 into shape (11,3)')
-- ERROR    [westpa.core.propagators.executable] -- could not read pcoord from '/tmp/tmp0mdwrm2t': ValueError('cannot reshape array of size 0 into shape (11,3)')
-- ERROR    [westpa.core.propagators.executable] -- could not read pcoord from '/tmp/tmpqa2sftjc': ValueError('cannot reshape array of size 0 into shape (11,3)')
-- ERROR    [westpa.core.propagators.executable] -- could not read pcoord from '/tmp/tmpl_gyvfvz': ValueError('cannot reshape array of size 0 into shape (11,3)')
-- ERROR    [westpa.core.propagators.executable] -- could not read pcoord from '/tmp/tmpquu3i1mt': ValueError('cannot reshape array of size 0 into shape (11,3)')
-- ERROR    [westpa.core.propagators.executable] -- could not read pcoord from '/tmp/tmp3lxq8vcm': ValueError('cannot reshape array of size 0 into shape (11,3)')
-- ERROR    [westpa.core.propagators.executable] -- could not read pcoord from '/tmp/tmpui_yg5w_': ValueError('cannot reshape array of size 0 into shape (11,3)')
-- ERROR    [westpa.core.propagators.executable] -- could not read pcoord from '/tmp/tmp40yiu13x': ValueError('cannot reshape array of size 0 into shape (11,3)')
-- ERROR    [westpa.core.propagators.executable] -- could not read pcoord from '/tmp/tmpga20e6n_': ValueError('cannot reshape array of size 0 into shape (11,3)')
-- WARNING  [westpa.work_managers.zeromq.core] -- sending SIGKILL to worker process 102647
-- WARNING  [westpa.work_managers.zeromq.core] -- sending SIGKILL to worker process 102648
-- WARNING  [westpa.work_managers.zeromq.core] -- sending SIGKILL to worker process 102651
-- WARNING  [westpa.work_managers.zeromq.core] -- sending SIGKILL to worker process 102672
-- WARNING  [westpa.work_managers.zeromq.core.ZMQWorker.ea07de37-4323-473e-a3c4-086289c02e1b] -- sending SIGKILL to worker process 102702
