Updating system with the options from the configuration file
Maximum wallclock time: 3 days, 0:00:00

Mon Jul  3 15:20:34 2023
Iteration 1001 (1500 requested)
Beginning iteration 1001
68 segments remain in iteration 1001 (68 total)
15 of 25 (60.000000%) active bins are populated
per-bin minimum non-zero probability:       8.43776e-51
per-bin maximum probability:                0.629638
per-bin probability dynamic range (kT):     114.837
per-segment minimum non-zero probability:   2.10944e-51
per-segment maximum non-zero probability:   0.158096
per-segment probability dynamic range (kT): 114.841
norm = 1, error in norm = -5.55112e-16 (-2.5*epsilon)
MAB binning in use
Bottleneck bin occupancy may not be accurately reported
Waiting for segments to complete...
-- ERROR    [westpa.core.sim_manager] -- propagation failed for 68 segment(s):
0  
1  
2  
3  
4  
5  
6  
7  
8  
9  
10  
11  
12  
13  
14  
15  
16  
17  
18  
19  
20  
21  
22  
23  
24  
25  
26  
27  
28  
29  
30  
31  
32  
33  
34  
35  
36  
37  
38  
39  
40  
41  
42  
43  
44  
45  
46  
47  
48  
49  
50  
51  
52  
53  
54  
55  
56  
57  
58  
59  
60  
61  
62  
63  
64  
65  
66  
67
exception caught; shutting down
-- ERROR    [w_run] -- error message: propagation failed for 68 segments
-- ERROR    [w_run] -- Traceback (most recent call last):
  File "/ihome/lchong/dty7/Apps/westpa/src/westpa/cli/core/w_run.py", line 62, in run_simulation
    sim_manager.run()
  File "/ihome/lchong/dty7/Apps/westpa/src/westpa/core/sim_manager.py", line 753, in run
    self.check_propagation()
  File "/ihome/lchong/dty7/Apps/westpa/src/westpa/core/sim_manager.py", line 650, in check_propagation
    raise PropagationError('propagation failed for {:d} segments'.format(len(failed_segments)))
westpa.core.sim_manager.PropagationError: propagation failed for 68 segments

