
          -------------------------------------------------------
          Amber 18 PMEMD                              2018
          -------------------------------------------------------

| PMEMD implementation of SANDER, Release 18

| Run on 01/30/2023 at 17:13:13

|   Executable path: pmemd.MPI
| Working directory: /ix/lchong/dty7/d1d2/2kod/150-end/stdMD/v03
|          Hostname: smp-n69

  [-O]verwriting output

File Assignments:
|   MDIN: 03_eq1.in                                                             
|  MDOUT: 03_eq1.out                                                            
| INPCRD: 02_min.rst                                                            
|   PARM: 150end_solv.prmtop                                                    
| RESTRT: 03_eq1.rst                                                            
|   REFC: 02_min.rst                                                            
|  MDVEL: mdvel                                                                 
|   MDEN: mden                                                                  
|  MDCRD: mdcrd                                                                 
| MDINFO: mdinfo                                                                
|LOGFILE: logfile                                                               
|  MDFRC: mdfrc                                                                 

 
 Here is the input file:
 
20 ps solute restrained NVT equilibration using Langevin thermostat            
&cntrl                                                                         
  irest     = 0,                                                               
  ntx       = 1,                                                               
  ig        = -1,                                                              
  dt        = 0.002,                                                           
  nstlim    = 10000,                                                           
  nscm      = 500,                                                             
  ntr       = 1,                                                               
  restraint_wt  = 1.0,                                                         
  restraintmask = '!:WAT & !@H',                                               
  ntb       = 1,                                                               
  ntp       = 0,                                                               
  ntt       = 3,                                                               
  tempi     = 298.0,                                                           
  temp0     = 298.0,                                                           
  gamma_ln  = 1.0,                                                             
  ntf       = 2,                                                               
  ntc       = 2,                                                               
  cut       = 10.0,                                                            
  ntpr      = 500,                                                             
  ntxo      = 2,                                                               
  ntwr      = 10000,                                                           
  ioutfm    = 1,                                                               
  ntwx      = 500,                                                             
  iwrap     = 1,                                                               
&end                                                                           


Note: ig = -1. Setting random seed to   839490 based on wallclock time in
      microseconds and disabling the synchronization of random numbers 
      between tasks to improve performance.
| irandom = 1, using AMBER's internal random number generator (default).
 
 
| Conditional Compilation Defines Used:
| MPI
| FFTW_FFT
| BINTRAJ
| MKL
| EMIL
 
| Largest sphere to fit in unit cell has radius =    37.882

| New format PARM file being parsed.
| Version =    1.000 Date = 01/30/23 Time = 17:01:31

| Note: 1-4 EEL scale factors are being read from the topology file.

| Note: 1-4 VDW scale factors are being read from the topology file.
| Duplicated    0 dihedrals

| Duplicated    0 dihedrals

--------------------------------------------------------------------------------
   1.  RESOURCE   USE: 
--------------------------------------------------------------------------------

 getting box info from netcdf restart file
 NATOM  =   55269 NTYPES =      18 NBONH =   53985 MBONA  =    1304
 NTHETH =    2972 MTHETA =    1762 NPHIH =    5674 MPHIA  =    6014
 NHPARM =       0 NPARM  =       0 NNB   =   84524 NRES   =   17727
 NBONA  =    1304 NTHETA =    1762 NPHIA =    6014 NUMBND =      86
 NUMANG =     201 NPTRA  =     426 NATYP =      44 NPHB   =       0
 IFBOX  =       2 NMXRS  =      24 IFCAP =       0 NEXTRA =       0
 NCOPY  =       0

| Coordinate Index Table dimensions:    13   13   13
| Direct force subcell size =     7.1378    7.1378    7.1378

     BOX TYPE: TRUNCATED OCTAHEDRON

--------------------------------------------------------------------------------
   2.  CONTROL  DATA  FOR  THE  RUN
--------------------------------------------------------------------------------

default_name                                                                    

General flags:
     imin    =       0, nmropt  =       0

Nature and format of input:
     ntx     =       1, irest   =       0, ntrx    =       1

Nature and format of output:
     ntxo    =       2, ntpr    =     500, ntrx    =       1, ntwr    =   10000
     iwrap   =       1, ntwx    =     500, ntwv    =       0, ntwe    =       0
     ioutfm  =       1, ntwprt  =       0, idecomp =       0, rbornstat=      0

Potential function:
     ntf     =       2, ntb     =       1, igb     =       0, nsnb    =      25
     ipol    =       0, gbsa    =       0, iesp    =       0
     dielc   =   1.00000, cut     =  10.00000, intdiel =   1.00000

Frozen or restrained atoms:
     ibelly  =       0, ntr     =       1
     restraint_wt =   1.00000

Molecular dynamics:
     nstlim  =     10000, nscm    =         0, nrespa  =         1
     t       =   0.00000, dt      =   0.00200, vlimit  =  20.00000

Langevin dynamics temperature regulation:
     ig      =  839490
     temp0   = 298.00000, tempi   = 298.00000, gamma_ln=   1.00000

SHAKE:
     ntc     =       2, jfastw  =       0
     tol     =   0.00001

| Intermolecular bonds treatment:
|     no_intermolecular_bonds =       1

| Energy averages sample interval:
|     ene_avg_sampling =     500

Ewald parameters:
     verbose =       0, ew_type =       0, nbflag  =       1, use_pme =       1
     vdwmeth =       1, eedmeth =       1, netfrc  =       1
     Box X =   92.791   Box Y =   92.791   Box Z =   92.791
     Alpha =  109.471   Beta  =  109.471   Gamma =  109.471
     NFFT1 =   96       NFFT2 =   96       NFFT3 =   96
     Cutoff=   10.000   Tol   =0.100E-04
     Ewald Coefficient =  0.27511
     Interpolation order =    4

| PMEMD ewald parallel performance parameters:
|     block_fft =    0
|     fft_blk_y_divisor =    2
|     excl_recip =    0
|     excl_master =    0
|     atm_redist_freq =  320

    LOADING THE CONSTRAINED ATOMS AS GROUPS


   5.  REFERENCE ATOM COORDINATES

  default_name                                                                    
     Mask !:WAT & !@H; matches  2434 atoms

--------------------------------------------------------------------------------
   3.  ATOMIC COORDINATES AND VELOCITIES
--------------------------------------------------------------------------------

default_name                                                                    
 begin time read from input coords =     0.000 ps

 
 Number of triangulated 3-point waters found:    17561

     Sum of charges from parm topology file =  -0.00001920
     Forcing neutrality...

| Dynamic Memory, Types Used:
| Reals             2414668
| Integers          2210632

| Nonbonded Pairs Initial Allocation:     2706799

| Running AMBER/MPI version on    8 MPI task

 
--------------------------------------------------------------------------------
   4.  RESULTS
--------------------------------------------------------------------------------

 ---------------------------------------------------
 APPROXIMATING switch and d/dx switch using CUBIC SPLINE INTERPOLATION
 using   5000.0 points per unit in tabled values
 TESTING RELATIVE ERROR over r ranging from 0.0 to cutoff
| CHECK switch(x): max rel err =   0.3316E-14   at   2.351880
| CHECK d/dx switch(x): max rel err =   0.8066E-11   at   2.747240
 ---------------------------------------------------
|---------------------------------------------------
| APPROXIMATING direct energy using CUBIC SPLINE INTERPOLATION
|  with   50.0 points per unit in tabled values
| Relative Error Limit not exceeded for r .gt.   2.34
| APPROXIMATING direct force using CUBIC SPLINE INTERPOLATION
|  with   50.0 points per unit in tabled values
| Relative Error Limit not exceeded for r .gt.   2.81
|---------------------------------------------------

 NSTEP =        0   TIME(PS) =       0.000  TEMP(K) =   441.17  PRESS =     0.0
 Etot   =   -236538.9586  EKtot   =     49016.2997  EPtot      =   -285555.2584
 BOND   =       130.7814  ANGLE   =       512.9516  DIHED      =     -1557.0465
 1-4 NB =       532.2373  1-4 EEL =      9760.7323  VDWAALS    =     60166.7589
 EELEC  =   -355101.6734  EHBOND  =         0.0000  RESTRAINT  =         0.0000
 Ewald error estimate:   0.8312E-04
 ------------------------------------------------------------------------------


 NSTEP =      500   TIME(PS) =       1.000  TEMP(K) =   241.09  PRESS =     0.0
 Etot   =   -183666.1879  EKtot   =     26785.9972  EPtot      =   -210452.1850
 BOND   =       485.1680  ANGLE   =      1265.7181  DIHED      =     -1408.7050
 1-4 NB =       592.1605  1-4 EEL =      9775.9284  VDWAALS    =     37955.7548
 EELEC  =   -259270.1719  EHBOND  =         0.0000  RESTRAINT  =       151.9621
 EAMBER (non-restraint)  =   -210604.1472
 Ewald error estimate:   0.1021E-03
 ------------------------------------------------------------------------------


 NSTEP =     1000   TIME(PS) =       2.000  TEMP(K) =   272.51  PRESS =     0.0
 Etot   =   -175156.4812  EKtot   =     30277.3041  EPtot      =   -205433.7852
 BOND   =       536.8646  ANGLE   =      1387.6283  DIHED      =     -1384.8022
 1-4 NB =       586.3664  1-4 EEL =      9732.4847  VDWAALS    =     35960.6198
 EELEC  =   -252427.5852  EHBOND  =         0.0000  RESTRAINT  =       174.6384
 EAMBER (non-restraint)  =   -205608.4237
 Ewald error estimate:   0.5647E-07
 ------------------------------------------------------------------------------


 NSTEP =     1500   TIME(PS) =       3.000  TEMP(K) =   286.24  PRESS =     0.0
 Etot   =   -171273.8812  EKtot   =     31802.4290  EPtot      =   -203076.3102
 BOND   =       515.7595  ANGLE   =      1507.0024  DIHED      =     -1343.7507
 1-4 NB =       606.0216  1-4 EEL =      9691.8316  VDWAALS    =     34941.0676
 EELEC  =   -249189.7264  EHBOND  =         0.0000  RESTRAINT  =       195.4841
 EAMBER (non-restraint)  =   -203271.7943
 Ewald error estimate:   0.5105E-04
 ------------------------------------------------------------------------------


 NSTEP =     2000   TIME(PS) =       4.000  TEMP(K) =   292.94  PRESS =     0.0
 Etot   =   -169361.1725  EKtot   =     32546.9040  EPtot      =   -201908.0765
 BOND   =       532.1987  ANGLE   =      1497.1556  DIHED      =     -1349.2514
 1-4 NB =       601.7868  1-4 EEL =      9743.6677  VDWAALS    =     34797.4036
 EELEC  =   -247934.7494  EHBOND  =         0.0000  RESTRAINT  =       203.7120
 EAMBER (non-restraint)  =   -202111.7885
 Ewald error estimate:   0.1499E-03
 ------------------------------------------------------------------------------


 NSTEP =     2500   TIME(PS) =       5.000  TEMP(K) =   294.83  PRESS =     0.0
 Etot   =   -168554.5395  EKtot   =     32757.8983  EPtot      =   -201312.4377
 BOND   =       536.4393  ANGLE   =      1471.8003  DIHED      =     -1348.2072
 1-4 NB =       596.5815  1-4 EEL =      9744.6549  VDWAALS    =     34223.4465
 EELEC  =   -246736.4543  EHBOND  =         0.0000  RESTRAINT  =       199.3012
 EAMBER (non-restraint)  =   -201511.7389
 Ewald error estimate:   0.4780E-04
 ------------------------------------------------------------------------------


 NSTEP =     3000   TIME(PS) =       6.000  TEMP(K) =   295.88  PRESS =     0.0
 Etot   =   -167845.3607  EKtot   =     32873.7078  EPtot      =   -200719.0685
 BOND   =       525.9860  ANGLE   =      1480.8918  DIHED      =     -1342.5086
 1-4 NB =       600.3053  1-4 EEL =      9774.4268  VDWAALS    =     33457.9817
 EELEC  =   -245412.8771  EHBOND  =         0.0000  RESTRAINT  =       196.7256
 EAMBER (non-restraint)  =   -200915.7941
 Ewald error estimate:   0.1182E-03
 ------------------------------------------------------------------------------


 NSTEP =     3500   TIME(PS) =       7.000  TEMP(K) =   296.62  PRESS =     0.0
 Etot   =   -167696.5944  EKtot   =     32956.6468  EPtot      =   -200653.2412
 BOND   =       499.1936  ANGLE   =      1424.3841  DIHED      =     -1349.5548
 1-4 NB =       617.2614  1-4 EEL =      9801.4504  VDWAALS    =     33830.1640
 EELEC  =   -245667.8435  EHBOND  =         0.0000  RESTRAINT  =       191.7037
 EAMBER (non-restraint)  =   -200844.9449
 Ewald error estimate:   0.7565E-05
 ------------------------------------------------------------------------------


 NSTEP =     4000   TIME(PS) =       8.000  TEMP(K) =   294.39  PRESS =     0.0
 Etot   =   -167618.6489  EKtot   =     32708.2668  EPtot      =   -200326.9157
 BOND   =       505.9975  ANGLE   =      1443.9456  DIHED      =     -1358.3396
 1-4 NB =       606.1620  1-4 EEL =      9739.4566  VDWAALS    =     33829.2753
 EELEC  =   -245283.1461  EHBOND  =         0.0000  RESTRAINT  =       189.7330
 EAMBER (non-restraint)  =   -200516.6487
 Ewald error estimate:   0.6464E-05
 ------------------------------------------------------------------------------


 NSTEP =     4500   TIME(PS) =       9.000  TEMP(K) =   296.05  PRESS =     0.0
 Etot   =   -167346.6159  EKtot   =     32892.8733  EPtot      =   -200239.4892
 BOND   =       530.7000  ANGLE   =      1454.9413  DIHED      =     -1339.6739
 1-4 NB =       608.5665  1-4 EEL =      9763.7611  VDWAALS    =     33305.1907
 EELEC  =   -244765.6355  EHBOND  =         0.0000  RESTRAINT  =       202.6607
 EAMBER (non-restraint)  =   -200442.1499
 Ewald error estimate:   0.9026E-04
 ------------------------------------------------------------------------------


 NSTEP =     5000   TIME(PS) =      10.000  TEMP(K) =   295.81  PRESS =     0.0
 Etot   =   -167362.1906  EKtot   =     32866.6213  EPtot      =   -200228.8119
 BOND   =       525.8635  ANGLE   =      1465.8319  DIHED      =     -1368.8539
 1-4 NB =       596.9874  1-4 EEL =      9734.9811  VDWAALS    =     33485.0264
 EELEC  =   -244867.9524  EHBOND  =         0.0000  RESTRAINT  =       199.3040
 EAMBER (non-restraint)  =   -200428.1159
 Ewald error estimate:   0.5902E-04
 ------------------------------------------------------------------------------


 NSTEP =     5500   TIME(PS) =      11.000  TEMP(K) =   298.76  PRESS =     0.0
 Etot   =   -166721.6910  EKtot   =     33194.4612  EPtot      =   -199916.1522
 BOND   =       509.1191  ANGLE   =      1505.7437  DIHED      =     -1381.8236
 1-4 NB =       596.4910  1-4 EEL =      9724.0535  VDWAALS    =     33199.2009
 EELEC  =   -244251.8621  EHBOND  =         0.0000  RESTRAINT  =       182.9252
 EAMBER (non-restraint)  =   -200099.0774
 Ewald error estimate:   0.8338E-04
 ------------------------------------------------------------------------------


 NSTEP =     6000   TIME(PS) =      12.000  TEMP(K) =   300.64  PRESS =     0.0
 Etot   =   -166715.4369  EKtot   =     33403.2970  EPtot      =   -200118.7338
 BOND   =       564.8975  ANGLE   =      1436.9819  DIHED      =     -1375.0897
 1-4 NB =       606.5168  1-4 EEL =      9712.7898  VDWAALS    =     33469.4152
 EELEC  =   -244725.5632  EHBOND  =         0.0000  RESTRAINT  =       191.3179
 EAMBER (non-restraint)  =   -200310.0517
 Ewald error estimate:   0.4983E-04
 ------------------------------------------------------------------------------


 NSTEP =     6500   TIME(PS) =      13.000  TEMP(K) =   298.26  PRESS =     0.0
 Etot   =   -166805.9281  EKtot   =     33138.5440  EPtot      =   -199944.4721
 BOND   =       510.5755  ANGLE   =      1494.6437  DIHED      =     -1360.4268
 1-4 NB =       614.0120  1-4 EEL =      9774.1847  VDWAALS    =     33277.0165
 EELEC  =   -244449.5572  EHBOND  =         0.0000  RESTRAINT  =       195.0794
 EAMBER (non-restraint)  =   -200139.5516
 Ewald error estimate:   0.7523E-04
 ------------------------------------------------------------------------------


 NSTEP =     7000   TIME(PS) =      14.000  TEMP(K) =   298.91  PRESS =     0.0
 Etot   =   -166709.3383  EKtot   =     33210.4056  EPtot      =   -199919.7438
 BOND   =       527.3528  ANGLE   =      1419.1061  DIHED      =     -1359.1039
 1-4 NB =       613.2761  1-4 EEL =      9790.8629  VDWAALS    =     33657.3630
 EELEC  =   -244796.8759  EHBOND  =         0.0000  RESTRAINT  =       228.2751
 EAMBER (non-restraint)  =   -200148.0190
 Ewald error estimate:   0.2086E-04
 ------------------------------------------------------------------------------


 NSTEP =     7500   TIME(PS) =      15.000  TEMP(K) =   297.15  PRESS =     0.0
 Etot   =   -166782.2118  EKtot   =     33014.7468  EPtot      =   -199796.9586
 BOND   =       520.1910  ANGLE   =      1442.5105  DIHED      =     -1370.7573
 1-4 NB =       620.9928  1-4 EEL =      9786.0651  VDWAALS    =     33267.1541
 EELEC  =   -244270.7876  EHBOND  =         0.0000  RESTRAINT  =       207.6727
 EAMBER (non-restraint)  =   -200004.6313
 Ewald error estimate:   0.1014E-05
 ------------------------------------------------------------------------------


 NSTEP =     8000   TIME(PS) =      16.000  TEMP(K) =   297.34  PRESS =     0.0
 Etot   =   -167023.5124  EKtot   =     33036.5363  EPtot      =   -200060.0487
 BOND   =       530.1516  ANGLE   =      1428.8723  DIHED      =     -1353.6543
 1-4 NB =       623.1787  1-4 EEL =      9788.2267  VDWAALS    =     33421.6153
 EELEC  =   -244703.1408  EHBOND  =         0.0000  RESTRAINT  =       204.7019
 EAMBER (non-restraint)  =   -200264.7506
 Ewald error estimate:   0.1949E-04
 ------------------------------------------------------------------------------


 NSTEP =     8500   TIME(PS) =      17.000  TEMP(K) =   296.67  PRESS =     0.0
 Etot   =   -167029.2914  EKtot   =     32961.6777  EPtot      =   -199990.9691
 BOND   =       553.3649  ANGLE   =      1523.9805  DIHED      =     -1379.9495
 1-4 NB =       616.9392  1-4 EEL =      9741.5756  VDWAALS    =     33053.0133
 EELEC  =   -244296.4744  EHBOND  =         0.0000  RESTRAINT  =       196.5813
 EAMBER (non-restraint)  =   -200187.5504
 Ewald error estimate:   0.4876E-04
 ------------------------------------------------------------------------------


 NSTEP =     9000   TIME(PS) =      18.000  TEMP(K) =   294.84  PRESS =     0.0
 Etot   =   -167112.3414  EKtot   =     32758.6547  EPtot      =   -199870.9961
 BOND   =       513.1659  ANGLE   =      1489.8077  DIHED      =     -1383.1224
 1-4 NB =       610.1277  1-4 EEL =      9780.1871  VDWAALS    =     33105.1653
 EELEC  =   -244187.0601  EHBOND  =         0.0000  RESTRAINT  =       200.7328
 EAMBER (non-restraint)  =   -200071.7289
 Ewald error estimate:   0.4208E-04
 ------------------------------------------------------------------------------


 NSTEP =     9500   TIME(PS) =      19.000  TEMP(K) =   296.79  PRESS =     0.0
 Etot   =   -167059.9296  EKtot   =     32975.2717  EPtot      =   -200035.2013
 BOND   =       527.0855  ANGLE   =      1461.0767  DIHED      =     -1384.6249
 1-4 NB =       604.3872  1-4 EEL =      9780.9900  VDWAALS    =     33694.6002
 EELEC  =   -244920.6602  EHBOND  =         0.0000  RESTRAINT  =       201.9443
 EAMBER (non-restraint)  =   -200237.1456
 Ewald error estimate:   0.9565E-04
 ------------------------------------------------------------------------------


 NSTEP =    10000   TIME(PS) =      20.000  TEMP(K) =   297.76  PRESS =     0.0
 Etot   =   -166810.2596  EKtot   =     33082.6591  EPtot      =   -199892.9187
 BOND   =       544.7729  ANGLE   =      1442.6430  DIHED      =     -1361.3122
 1-4 NB =       607.5050  1-4 EEL =      9771.5784  VDWAALS    =     33691.4669
 EELEC  =   -244786.9964  EHBOND  =         0.0000  RESTRAINT  =       197.4236
 EAMBER (non-restraint)  =   -200090.3423
 Ewald error estimate:   0.2920E-04
 ------------------------------------------------------------------------------


      A V E R A G E S   O V E R      20 S T E P S


 NSTEP =    10000   TIME(PS) =      20.000  TEMP(K) =   292.17  PRESS =     0.0
 Etot   =   -168732.5807  EKtot   =     32462.2451  EPtot      =   -201194.8258
 BOND   =       524.7424  ANGLE   =      1452.2333  DIHED      =     -1365.1756
 1-4 NB =       606.2813  1-4 EEL =      9757.6579  VDWAALS    =     33981.0971
 EELEC  =   -246347.2560  EHBOND  =         0.0000  RESTRAINT  =       195.5939
 EAMBER (non-restraint)  =   -201390.4197
 Ewald error estimate:   0.5490E-04
 ------------------------------------------------------------------------------


      R M S  F L U C T U A T I O N S


 NSTEP =    10000   TIME(PS) =      20.000  TEMP(K) =    13.11  PRESS =     0.0
 Etot   =      3954.2802  EKtot   =      1456.1289  EPtot      =      2513.1080
 BOND   =        18.0313  ANGLE   =        54.5812  DIHED      =        17.7218
 1-4 NB =         9.4822  1-4 EEL =        28.7324  VDWAALS    =      1150.5754
 EELEC  =      3572.5505  EHBOND  =         0.0000  RESTRAINT  =        14.2899
 EAMBER (non-restraint)  =      2498.8181
 Ewald error estimate:   0.4079E-04
 ------------------------------------------------------------------------------

--------------------------------------------------------------------------------
   5.  TIMINGS
--------------------------------------------------------------------------------

|  NonSetup CPU Time in Major Routines, Average for All Tasks:
|
|     Routine           Sec        %
|     ------------------------------
|     DataDistrib      13.63    4.14
|     Nonbond         298.08   90.45
|     Bond              0.08    0.02
|     Angle             0.46    0.14
|     Dihedral          2.00    0.61
|     Shake             1.98    0.60
|     RunMD            13.31    4.04
|     Other             0.04    0.01
|     ------------------------------
|     Total           329.56

|  PME Nonbond Pairlist CPU Time, Average for All Tasks:
|
|     Routine              Sec        %
|     ---------------------------------
|     Set Up Cit           1.11    0.34
|     Build List          44.39   13.47
|     ---------------------------------
|     Total               45.49   13.80

|  PME Direct Force CPU Time, Average for All Tasks:
|
|     Routine              Sec        %
|     ---------------------------------
|     NonBonded Calc     190.69   57.86
|     Exclude Masked       2.60    0.79
|     Other                6.20    1.88
|     ---------------------------------
|     Total              199.49   60.53

|  PME Reciprocal Force CPU Time, Average for All Tasks:
|
|     Routine              Sec        %
|     ---------------------------------
|     1D bspline           5.54    1.68
|     Grid Charges         6.05    1.84
|     Scalar Sum           2.62    0.80
|     Gradient Sum         8.30    2.52
|     FFT                 30.50    9.26
|     ---------------------------------
|     Total               53.01   16.09

|  PME Load Balancing CPU Time, Average for All Tasks:
|
|     Routine                 Sec        %
|     ------------------------------------
|     Atom Reassign           0.01    0.00
|     Image Reassign          0.01    0.00
|     FFT Reassign            0.00    0.00
|     ------------------------------------
|     Total                   0.02    0.01

|  Final Performance Info:
|     -----------------------------------------------------
|     Average timings for last       1 steps:
|     Elapsed(s) =       0.00 Per Step(ms) =       3.68
|         ns/day =      46.90   seconds/ns =    1842.04
|
|     Average timings for all steps:
|     Elapsed(s) =     329.67 Per Step(ms) =      32.97
|         ns/day =       5.24   seconds/ns =   16483.48
|     -----------------------------------------------------

|  Master Setup CPU time:            0.20 seconds
|  Master NonSetup CPU time:       329.47 seconds
|  Master Total CPU time:          329.67 seconds     0.09 hours

|  Master Setup wall time:           0    seconds
|  Master NonSetup wall time:      330    seconds
|  Master Total wall time:         330    seconds     0.09 hours
