Updating system with the options from the configuration file
Maximum wallclock time: 3 days, 0:00:00

Fri Apr 12 21:40:57 2024
Iteration 1 (500 requested)
Beginning iteration 1
4 segments remain in iteration 1 (4 total)
1 of 25 (4.000000%) active bins are populated
per-bin minimum non-zero probability:       1
per-bin maximum probability:                1
per-bin probability dynamic range (kT):     0
per-segment minimum non-zero probability:   0.2
per-segment maximum non-zero probability:   0.4
per-segment probability dynamic range (kT): 0.693147
norm = 1, error in norm = 0 (0*epsilon)
MAB binning in use
Bottleneck bin occupancy may not be accurately reported
Waiting for segments to complete...
-- ERROR    [westpa.core.sim_manager] -- propagation failed for 2 segment(s):
2  
3
exception caught; shutting down
-- ERROR    [w_run] -- error message: propagation failed for 2 segments
-- ERROR    [w_run] -- Traceback (most recent call last):
  File "/ihome/lchong/dty7/Apps/westpa/src/westpa/cli/core/w_run.py", line 61, in run_simulation
    sim_manager.run()
  File "/ihome/lchong/dty7/Apps/westpa/src/westpa/core/sim_manager.py", line 752, in run
    self.check_propagation()
  File "/ihome/lchong/dty7/Apps/westpa/src/westpa/core/sim_manager.py", line 650, in check_propagation
    raise PropagationError('propagation failed for {:d} segments'.format(len(failed_segments)))
westpa.core.sim_manager.PropagationError: propagation failed for 2 segments

