MADE TMP: /tmp/tmp.E0ImWazHzm

CPPTRAJ: Trajectory Analysis. V6.4.4 (AmberTools)
    ___  ___  ___  ___
     | \/ | \/ | \/ | 
    _|_/\_|_/\_|_/\_|_

| Date/time: 10/20/22 07:45:00
| Available memory: 29.225 GB

INPUT: Reading input from 'STDIN'
  [parm /ihome/lchong/dty7/ix/hiv1_capsid/d1d2/2kod/o_angle/v01/common_files/m01_2kod_12A.prmtop]
	Reading '/ihome/lchong/dty7/ix/hiv1_capsid/d1d2/2kod/o_angle/v01/common_files/m01_2kod_12A.prmtop' as Amber Topology
	Radius Set: modified Bondi radii (mbondi)
  [trajin /ihome/lchong/dty7/ix/hiv1_capsid/d1d2/2kod/o_angle/v01/bstates/07_prod.rst]
	Reading '/ihome/lchong/dty7/ix/hiv1_capsid/d1d2/2kod/o_angle/v01/bstates/07_prod.rst' as Amber NC Restart
  [autoimage]
    AUTOIMAGE: To box center based on center of mass, anchor is first molecule.
  [vector O1 :18-22@CA,C,O,N :46-49@CA,C,O,N]
    VECTOR: Type Mask, mask [:18-22@CA,C,O,N], second mask [:46-49@CA,C,O,N]
  [vector O2 :18-22@CA,C,O,N :134-137@CA,C,O,N]
    VECTOR: Type Mask, mask [:18-22@CA,C,O,N], second mask [:134-137@CA,C,O,N]
  [vectormath vec1 O1 vec2 O2 out /tmp/tmp.haHcqEwxvA name o_angle dotangle]
    VECTORMATH: Calculating Angle from dot product of vectors O1 and O2
	Vectors will be normalized.
	Results are written to /tmp/tmp.haHcqEwxvA
  [go]
---------- RUN BEGIN -------------------------------------------------

PARAMETER FILES (1 total):
 0: m01_2kod_12A.prmtop, 54644 atoms, 17472 res, box: Truncated octahedron, 17298 mol, 17294 solvent

INPUT TRAJECTORIES (1 total):
 0: '07_prod.rst' is a NetCDF AMBER restart file with coordinates, velocities, time, box, Parm m01_2kod_12A.prmtop (Truncated octahedron box) (reading 1 of 1)
  Coordinate processing will occur on 1 frames.

BEGIN TRAJECTORY PROCESSING:
.....................................................
ACTION SETUP FOR PARM 'm01_2kod_12A.prmtop' (3 actions):
  0: [autoimage]
	Original box is truncated octahedron, turning on 'familiar'.
	Using first molecule as anchor.
	1 molecules are fixed to anchor: 2
	17296 molecules are mobile.
  1: [vector O1 :18-22@CA,C,O,N :46-49@CA,C,O,N]
	Mask [:18-22@CA,C,O,N] corresponds to 20 atoms.
	Mask [:46-49@CA,C,O,N] corresponds to 16 atoms.
  2: [vector O2 :18-22@CA,C,O,N :134-137@CA,C,O,N]
	Mask [:18-22@CA,C,O,N] corresponds to 20 atoms.
	Mask [:134-137@CA,C,O,N] corresponds to 16 atoms.
----- 07_prod.rst (1-1, 1) -----
100% Complete.

Read 1 frames and processed 1 frames.
TIME: Avg. throughput= 31.9581 frames / second.

ACTION OUTPUT:

ANALYSIS: Performing 1 analyses:
  0: [vectormath vec1 O1 vec2 O2 out /tmp/tmp.haHcqEwxvA name o_angle dotangle]
	'O1' size 1, 'O2' size 1, output size 1

TIME: Analyses took 0.0000 seconds.

DATASETS (3 total):
	O1 "O1" (vector, vector), size is 1 (0.052 kB)
	O2 "O2" (vector, vector), size is 1 (0.052 kB)
	o_angle "o_angle" (double), size is 1 (0.008 kB)
    Total data set memory usage is at least 0.112 kB

DATAFILES (1 total):
  tmp.haHcqEwxvA (Standard Data File):  o_angle

RUN TIMING:
TIME:		Init               : 0.0000 s (  0.09%)
TIME:		Trajectory Process : 0.0313 s ( 96.97%)
TIME:		Action Post        : 0.0000 s (  0.00%)
TIME:		Analysis           : 0.0000 s (  0.06%)
TIME:		Data File Write    : 0.0001 s (  0.40%)
TIME:		Other              : 0.0008 s (  0.02%)
TIME:	Run Total 0.0323 s
---------- RUN END ---------------------------------------------------
TIME: Total execution time: 0.1127 seconds.
--------------------------------------------------------------------------------
To cite CPPTRAJ use:
Daniel R. Roe and Thomas E. Cheatham, III, "PTRAJ and CPPTRAJ: Software for
  Processing and Analysis of Molecular Dynamics Trajectory Data". J. Chem.
  Theory Comput., 2013, 9 (7), pp 3084-3095.

removed ‘/tmp/tmp.AO47BavXT4’
