Updating system with the options from the configuration file
Maximum wallclock time: 3 days, 0:00:00

Mon Jan  9 15:30:45 2023
Iteration 1 (500 requested)
Beginning iteration 1
4 segments remain in iteration 1 (4 total)
1 of 29 (3.448276%) active bins are populated
per-bin minimum non-zero probability:       1
per-bin maximum probability:                1
per-bin probability dynamic range (kT):     0
per-segment minimum non-zero probability:   0.25
per-segment maximum non-zero probability:   0.25
per-segment probability dynamic range (kT): 0
norm = 1, error in norm = 0 (0*epsilon)
MAB binning in use
Bottleneck bin occupancy may not be accurately reported
Waiting for segments to complete...
Iteration completed successfully
Iteration wallclock: 0:02:34.241478, cputime: 0:02:13.836794


Mon Jan  9 15:33:20 2023
Iteration 2 (500 requested)
Beginning iteration 2
16 segments remain in iteration 2 (16 total)
4 of 29 (13.793103%) active bins are populated
per-bin minimum non-zero probability:       0.25
per-bin maximum probability:                0.25
per-bin probability dynamic range (kT):     0
per-segment minimum non-zero probability:   0.0625
per-segment maximum non-zero probability:   0.0625
per-segment probability dynamic range (kT): 0
norm = 1, error in norm = 0 (0*epsilon)
MAB binning in use
Bottleneck bin occupancy may not be accurately reported
Waiting for segments to complete...
Iteration completed successfully
Iteration wallclock: 0:01:53.272264, cputime: 0:08:59.494078


Mon Jan  9 15:35:13 2023
Iteration 3 (500 requested)
Beginning iteration 3
48 segments remain in iteration 3 (48 total)
12 of 29 (41.379310%) active bins are populated
per-bin minimum non-zero probability:       0.0625
per-bin maximum probability:                0.125
per-bin probability dynamic range (kT):     0.693147
per-segment minimum non-zero probability:   0.015625
per-segment maximum non-zero probability:   0.03125
per-segment probability dynamic range (kT): 0.693147
norm = 1, error in norm = 0 (0*epsilon)
MAB binning in use
Bottleneck bin occupancy may not be accurately reported
Waiting for segments to complete...
