Updating system with the options from the configuration file
Maximum wallclock time: 3 days, 0:00:00

Wed Jul 10 12:59:23 2024
Iteration 501 (600 requested)
Beginning iteration 501
132 segments remain in iteration 501 (132 total)
33 of 33 (100.000000%) active bins are populated
per-bin minimum non-zero probability:       2.31995e-19
per-bin maximum probability:                0.257264
per-bin probability dynamic range (kT):     41.5499
per-segment minimum non-zero probability:   4.33436e-20
per-segment maximum non-zero probability:   0.0872369
per-segment probability dynamic range (kT): 42.146
norm = 1, error in norm = 2.22045e-16 (1*epsilon)
MAB binning in use
Bottleneck bin occupancy may not be accurately reported
Waiting for segments to complete...
################ MAB stats ################
minima in each dimension:      [3.7856]
maxima in each dimension:      [39.4681]
direction in each dimension:   [1]
skip in each dimension:        [0]
###########################################
Iteration completed successfully
Iteration wallclock: 0:09:45.597082, cputime: 0:35:49.466861


Wed Jul 10 13:09:09 2024
Iteration 502 (600 requested)
Beginning iteration 502
128 segments remain in iteration 502 (128 total)
31 of 33 (93.939394%) active bins are populated
per-bin minimum non-zero probability:       3.40966e-19
per-bin maximum probability:                0.215438
per-bin probability dynamic range (kT):     40.9874
per-segment minimum non-zero probability:   5.89944e-20
per-segment maximum non-zero probability:   0.0872369
per-segment probability dynamic range (kT): 41.8377
norm = 1, error in norm = 4.44089e-16 (2*epsilon)
MAB binning in use
Bottleneck bin occupancy may not be accurately reported
Waiting for segments to complete...
################ MAB stats ################
minima in each dimension:      [3.5354]
maxima in each dimension:      [39.4904]
direction in each dimension:   [1]
skip in each dimension:        [0]
###########################################
Iteration completed successfully
Iteration wallclock: 0:33:23.527801, cputime: 0:34:00.799573


Wed Jul 10 13:42:33 2024
Iteration 503 (600 requested)
Beginning iteration 503
128 segments remain in iteration 503 (128 total)
32 of 33 (96.969697%) active bins are populated
per-bin minimum non-zero probability:       3.89508e-19
per-bin maximum probability:                0.255129
per-bin probability dynamic range (kT):     41.0234
per-segment minimum non-zero probability:   5.89944e-20
per-segment maximum non-zero probability:   0.0741084
per-segment probability dynamic range (kT): 41.6746
norm = 1, error in norm = 2.22045e-16 (1*epsilon)
MAB binning in use
Bottleneck bin occupancy may not be accurately reported
Waiting for segments to complete...
################ MAB stats ################
minima in each dimension:      [5.006]
maxima in each dimension:      [39.5749]
direction in each dimension:   [1]
skip in each dimension:        [0]
###########################################
Iteration completed successfully
Iteration wallclock: 0:07:20.817869, cputime: 0:35:05.417585


Wed Jul 10 13:49:53 2024
Iteration 504 (600 requested)
Beginning iteration 504
124 segments remain in iteration 504 (124 total)
30 of 33 (90.909091%) active bins are populated
per-bin minimum non-zero probability:       7.97266e-20
per-bin maximum probability:                0.243745
per-bin probability dynamic range (kT):     42.5641
per-segment minimum non-zero probability:   1.99316e-20
per-segment maximum non-zero probability:   0.0813909
per-segment probability dynamic range (kT): 42.8535
norm = 1, error in norm = 0 (0*epsilon)
MAB binning in use
Bottleneck bin occupancy may not be accurately reported
Waiting for segments to complete...
################ MAB stats ################
minima in each dimension:      [4.7612]
maxima in each dimension:      [39.3079]
direction in each dimension:   [1]
skip in each dimension:        [0]
###########################################
Iteration completed successfully
Iteration wallclock: 0:07:18.570405, cputime: 0:33:48.579738


Wed Jul 10 13:57:12 2024
Iteration 505 (600 requested)
Beginning iteration 505
132 segments remain in iteration 505 (132 total)
33 of 33 (100.000000%) active bins are populated
per-bin minimum non-zero probability:       3.98633e-20
per-bin maximum probability:                0.266005
per-bin probability dynamic range (kT):     43.3446
per-segment minimum non-zero probability:   9.96582e-21
per-segment maximum non-zero probability:   0.0850106
per-segment probability dynamic range (kT): 43.5901
norm = 1, error in norm = 4.44089e-16 (2*epsilon)
MAB binning in use
Bottleneck bin occupancy may not be accurately reported
Waiting for segments to complete...
################ MAB stats ################
minima in each dimension:      [5.0508]
maxima in each dimension:      [39.7723]
direction in each dimension:   [1]
skip in each dimension:        [0]
###########################################
Iteration completed successfully
Iteration wallclock: 0:07:51.694170, cputime: 0:36:05.169674


Wed Jul 10 14:05:04 2024
Iteration 506 (600 requested)
Beginning iteration 506
128 segments remain in iteration 506 (128 total)
32 of 33 (96.969697%) active bins are populated
per-bin minimum non-zero probability:       8.49471e-20
per-bin maximum probability:                0.279488
per-bin probability dynamic range (kT):     42.6375
per-segment minimum non-zero probability:   5.41795e-21
per-segment maximum non-zero probability:   0.0850106
per-segment probability dynamic range (kT): 44.1996
norm = 1, error in norm = 0 (0*epsilon)
MAB binning in use
Bottleneck bin occupancy may not be accurately reported
Waiting for segments to complete...
################ MAB stats ################
minima in each dimension:      [3.3275]
maxima in each dimension:      [39.8823]
direction in each dimension:   [1]
skip in each dimension:        [0]
###########################################
Iteration completed successfully
Iteration wallclock: 0:07:38.932742, cputime: 0:34:56.118145


Wed Jul 10 14:12:43 2024
Iteration 507 (600 requested)
Beginning iteration 507
132 segments remain in iteration 507 (132 total)
33 of 33 (100.000000%) active bins are populated
per-bin minimum non-zero probability:       2.8248e-19
per-bin maximum probability:                0.193627
per-bin probability dynamic range (kT):     41.0689
per-segment minimum non-zero probability:   5.95677e-20
per-segment maximum non-zero probability:   0.0813909
per-segment probability dynamic range (kT): 41.7587
norm = 1, error in norm = 4.44089e-16 (2*epsilon)
MAB binning in use
Bottleneck bin occupancy may not be accurately reported
Waiting for segments to complete...
################ MAB stats ################
minima in each dimension:      [4.4875]
maxima in each dimension:      [39.7304]
direction in each dimension:   [1]
skip in each dimension:        [0]
###########################################
Iteration completed successfully
Iteration wallclock: 0:07:37.804154, cputime: 0:36:00.007246


Wed Jul 10 14:20:20 2024
Iteration 508 (600 requested)
Beginning iteration 508
124 segments remain in iteration 508 (124 total)
31 of 33 (93.939394%) active bins are populated
per-bin minimum non-zero probability:       3.83081e-19
per-bin maximum probability:                0.305501
per-bin probability dynamic range (kT):     41.2202
per-segment minimum non-zero probability:   7.06199e-20
per-segment maximum non-zero probability:   0.0990405
per-segment probability dynamic range (kT): 41.7847
norm = 1, error in norm = 4.44089e-16 (2*epsilon)
MAB binning in use
Bottleneck bin occupancy may not be accurately reported
Waiting for segments to complete...
################ MAB stats ################
minima in each dimension:      [4.3107]
maxima in each dimension:      [39.6865]
direction in each dimension:   [1]
skip in each dimension:        [0]
###########################################
Iteration completed successfully
Iteration wallclock: 0:08:31.130884, cputime: 0:33:49.036242


Wed Jul 10 14:28:52 2024
Iteration 509 (600 requested)
Beginning iteration 509
124 segments remain in iteration 509 (124 total)
30 of 33 (90.909091%) active bins are populated
per-bin minimum non-zero probability:       1.45167e-19
per-bin maximum probability:                0.201776
per-bin probability dynamic range (kT):     41.7758
per-segment minimum non-zero probability:   3.62918e-20
per-segment maximum non-zero probability:   0.0813909
per-segment probability dynamic range (kT): 42.2542
norm = 1, error in norm = 4.44089e-16 (2*epsilon)
MAB binning in use
Bottleneck bin occupancy may not be accurately reported
Waiting for segments to complete...
################ MAB stats ################
minima in each dimension:      [4.8076]
maxima in each dimension:      [39.4912]
direction in each dimension:   [1]
skip in each dimension:        [0]
###########################################
Iteration completed successfully
Iteration wallclock: 0:16:24.032418, cputime: 0:33:34.040498


Wed Jul 10 14:45:16 2024
Iteration 510 (600 requested)
Beginning iteration 510
128 segments remain in iteration 510 (128 total)
32 of 33 (96.969697%) active bins are populated
per-bin minimum non-zero probability:       8.36469e-20
per-bin maximum probability:                0.358942
per-bin probability dynamic range (kT):     42.9031
per-segment minimum non-zero probability:   2.09117e-20
per-segment maximum non-zero probability:   0.120053
per-segment probability dynamic range (kT): 43.1942
norm = 1, error in norm = 2.22045e-16 (1*epsilon)
MAB binning in use
Bottleneck bin occupancy may not be accurately reported
Waiting for segments to complete...
################ MAB stats ################
minima in each dimension:      [4.7564]
maxima in each dimension:      [39.9358]
direction in each dimension:   [1]
skip in each dimension:        [0]
###########################################
Iteration completed successfully
Iteration wallclock: 0:07:38.554238, cputime: 0:34:49.733458


Wed Jul 10 14:52:54 2024
Iteration 511 (600 requested)
Beginning iteration 511
124 segments remain in iteration 511 (124 total)
31 of 33 (93.939394%) active bins are populated
per-bin minimum non-zero probability:       5.72035e-20
per-bin maximum probability:                0.242048
per-bin probability dynamic range (kT):     42.8891
per-segment minimum non-zero probability:   1.20973e-20
per-segment maximum non-zero probability:   0.0813909
per-segment probability dynamic range (kT): 43.3528
norm = 1, error in norm = 2.22045e-16 (1*epsilon)
MAB binning in use
Bottleneck bin occupancy may not be accurately reported
Waiting for segments to complete...
################ MAB stats ################
minima in each dimension:      [3.6579]
maxima in each dimension:      [39.6517]
direction in each dimension:   [1]
skip in each dimension:        [0]
###########################################
Iteration completed successfully
Iteration wallclock: 0:07:18.533663, cputime: 0:33:56.949087


Wed Jul 10 15:00:13 2024
Iteration 512 (600 requested)
Beginning iteration 512
120 segments remain in iteration 512 (120 total)
30 of 33 (90.909091%) active bins are populated
per-bin minimum non-zero probability:       1.50635e-19
per-bin maximum probability:                0.193161
per-bin probability dynamic range (kT):     41.6952
per-segment minimum non-zero probability:   2.88312e-20
per-segment maximum non-zero probability:   0.0598619
per-segment probability dynamic range (kT): 42.1771
norm = 1, error in norm = 4.44089e-16 (2*epsilon)
MAB binning in use
Bottleneck bin occupancy may not be accurately reported
Waiting for segments to complete...
################ MAB stats ################
minima in each dimension:      [4.4793]
maxima in each dimension:      [39.4883]
direction in each dimension:   [1]
skip in each dimension:        [0]
###########################################
Iteration completed successfully
Iteration wallclock: 0:07:26.303932, cputime: 0:32:28.362607


Wed Jul 10 15:07:39 2024
Iteration 513 (600 requested)
Beginning iteration 513
112 segments remain in iteration 513 (112 total)
28 of 33 (84.848485%) active bins are populated
per-bin minimum non-zero probability:       2.17587e-19
per-bin maximum probability:                0.196198
per-bin probability dynamic range (kT):     41.3431
per-segment minimum non-zero probability:   5.14223e-20
per-segment maximum non-zero probability:   0.0673874
per-segment probability dynamic range (kT): 41.7169
norm = 1, error in norm = 2.22045e-16 (1*epsilon)
MAB binning in use
Bottleneck bin occupancy may not be accurately reported
Waiting for segments to complete...
################ MAB stats ################
minima in each dimension:      [3.9609]
maxima in each dimension:      [38.9177]
direction in each dimension:   [1]
skip in each dimension:        [0]
###########################################
Iteration completed successfully
Iteration wallclock: 0:06:43.545595, cputime: 0:30:34.633615


Wed Jul 10 15:14:23 2024
Iteration 514 (600 requested)
Beginning iteration 514
112 segments remain in iteration 514 (112 total)
28 of 33 (84.848485%) active bins are populated
per-bin minimum non-zero probability:       1.75432e-19
per-bin maximum probability:                0.208435
per-bin probability dynamic range (kT):     41.6189
per-segment minimum non-zero probability:   4.25085e-20
per-segment maximum non-zero probability:   0.0673874
per-segment probability dynamic range (kT): 41.9073
norm = 1, error in norm = 4.44089e-16 (2*epsilon)
MAB binning in use
Bottleneck bin occupancy may not be accurately reported
Waiting for segments to complete...
################ MAB stats ################
minima in each dimension:      [4.7249]
maxima in each dimension:      [39.6009]
direction in each dimension:   [1]
skip in each dimension:        [0]
###########################################
Iteration completed successfully
Iteration wallclock: 0:06:50.680476, cputime: 0:30:22.299861


Wed Jul 10 15:21:13 2024
Iteration 515 (600 requested)
Beginning iteration 515
116 segments remain in iteration 515 (116 total)
28 of 33 (84.848485%) active bins are populated
per-bin minimum non-zero probability:       1.02845e-19
per-bin maximum probability:                0.321114
per-bin probability dynamic range (kT):     42.5851
per-segment minimum non-zero probability:   2.57111e-20
per-segment maximum non-zero probability:   0.115255
per-segment probability dynamic range (kT): 42.9468
norm = 1, error in norm = 0 (0*epsilon)
MAB binning in use
Bottleneck bin occupancy may not be accurately reported
Waiting for segments to complete...
################ MAB stats ################
minima in each dimension:      [4.0677]
maxima in each dimension:      [39.5406]
direction in each dimension:   [1]
skip in each dimension:        [0]
###########################################
Iteration completed successfully
Iteration wallclock: 0:06:36.547116, cputime: 0:31:36.681929


Wed Jul 10 15:27:50 2024
Iteration 516 (600 requested)
Beginning iteration 516
112 segments remain in iteration 516 (112 total)
29 of 33 (87.878788%) active bins are populated
per-bin minimum non-zero probability:       1.25619e-19
per-bin maximum probability:                0.288239
per-bin probability dynamic range (kT):     42.2771
per-segment minimum non-zero probability:   2.57111e-20
per-segment maximum non-zero probability:   0.115255
per-segment probability dynamic range (kT): 42.9468
norm = 1, error in norm = 4.44089e-16 (2*epsilon)
MAB binning in use
Bottleneck bin occupancy may not be accurately reported
Waiting for segments to complete...
################ MAB stats ################
minima in each dimension:      [3.8876]
maxima in each dimension:      [39.3256]
direction in each dimension:   [1]
skip in each dimension:        [0]
###########################################
Iteration completed successfully
Iteration wallclock: 0:06:43.823695, cputime: 0:30:25.482683


Wed Jul 10 15:34:34 2024
Iteration 517 (600 requested)
Beginning iteration 517
120 segments remain in iteration 517 (120 total)
30 of 33 (90.909091%) active bins are populated
per-bin minimum non-zero probability:       1.75398e-19
per-bin maximum probability:                0.281038
per-bin probability dynamic range (kT):     41.918
per-segment minimum non-zero probability:   3.52762e-20
per-segment maximum non-zero probability:   0.115255
per-segment probability dynamic range (kT): 42.6305
norm = 1, error in norm = 4.44089e-16 (2*epsilon)
MAB binning in use
Bottleneck bin occupancy may not be accurately reported
Waiting for segments to complete...
################ MAB stats ################
minima in each dimension:      [4.8397]
maxima in each dimension:      [39.7983]
direction in each dimension:   [1]
skip in each dimension:        [0]
###########################################
Iteration completed successfully
Iteration wallclock: 0:15:54.517679, cputime: 0:32:45.319687


Wed Jul 10 15:50:28 2024
Iteration 518 (600 requested)
Beginning iteration 518
116 segments remain in iteration 518 (116 total)
29 of 33 (87.878788%) active bins are populated
per-bin minimum non-zero probability:       1.51661e-19
per-bin maximum probability:                0.258217
per-bin probability dynamic range (kT):     41.9787
per-segment minimum non-zero probability:   3.17358e-20
per-segment maximum non-zero probability:   0.115255
per-segment probability dynamic range (kT): 42.7362
norm = 1, error in norm = 2.22045e-16 (1*epsilon)
MAB binning in use
Bottleneck bin occupancy may not be accurately reported
Waiting for segments to complete...
################ MAB stats ################
minima in each dimension:      [4.2481]
maxima in each dimension:      [39.8658]
direction in each dimension:   [1]
skip in each dimension:        [0]
###########################################
Iteration completed successfully
Iteration wallclock: 0:06:56.912855, cputime: 0:31:36.934301


Wed Jul 10 15:57:25 2024
Iteration 519 (600 requested)
Beginning iteration 519
120 segments remain in iteration 519 (120 total)
30 of 33 (90.909091%) active bins are populated
per-bin minimum non-zero probability:       1.70698e-19
per-bin maximum probability:                0.216005
per-bin probability dynamic range (kT):     41.6819
per-segment minimum non-zero probability:   3.17358e-20
per-segment maximum non-zero probability:   0.0768368
per-segment probability dynamic range (kT): 42.3308
norm = 1, error in norm = 4.44089e-16 (2*epsilon)
MAB binning in use
Bottleneck bin occupancy may not be accurately reported
Waiting for segments to complete...
################ MAB stats ################
minima in each dimension:      [5.9937]
maxima in each dimension:      [39.6612]
direction in each dimension:   [1]
skip in each dimension:        [0]
###########################################
Iteration completed successfully
Iteration wallclock: 0:08:31.548873, cputime: 0:32:35.407438


Wed Jul 10 16:05:57 2024
Iteration 520 (600 requested)
Beginning iteration 520
120 segments remain in iteration 520 (120 total)
30 of 33 (90.909091%) active bins are populated
per-bin minimum non-zero probability:       5.64538e-20
per-bin maximum probability:                0.17517
per-bin probability dynamic range (kT):     42.5789
per-segment minimum non-zero probability:   1.41135e-20
per-segment maximum non-zero probability:   0.0619123
per-segment probability dynamic range (kT): 42.9251
norm = 1, error in norm = 0 (0*epsilon)
MAB binning in use
Bottleneck bin occupancy may not be accurately reported
Waiting for segments to complete...
