simulation 4b_v01 root is /ix/lchong/dty7/hiv1_capsid/we/1a43/1d_c2_20-100/4b_v01
}
}
 [ $? = 0 ] && eval $(${LMOD_SETTARG_CMD:-:} -s sh)
AMBERHOME=/ihome/crc/build/amber/amber18_x64/amber18
AMBER_PREFIX=/ihome/crc/build/amber/amber18_x64/amber18
AWK=/usr/bin/awk
BASH=/bin/bash
BASH_ENV=/ihome/crc/install/lmod/lmod/init/bash
BASH_FUNC_ml()=() {  eval $($LMOD_DIR/ml_cmd "$@")
BASH_FUNC_module()=() {  eval $($LMOD_CMD bash "$@");
CAT=/bin/cat
_CE_CONDA=
_CE_M=
CLASSPATH=/ihome/crc/install/intel/2017.3.196/compilers_and_libraries_2017.4.196/linux/mpi/intel64/lib/mpi.jar:/ihome/crc/install/intel/2017.3.196/compilers_and_libraries_2017.4.196/linux/daal/lib/daal.jar:/ihome/crc/install/intel/2017.3.196/compilers_and_libraries_2017.4.196/linux/mpi/intel64/lib/mpi.jar:/ihome/crc/install/intel/2017.3.196/compilers_and_libraries_2017.4.196/linux/daal/lib/daal.jar
CMAKE_PREFIX_PATH=/ihome/crc/install/cuda/9.1.85
CONDA_DEFAULT_ENV=base
CONDA_EXE=/ihome/lchong/dty7/Apps/anaconda3/bin/conda
CONDA_PREFIX=/ihome/lchong/dty7/Apps/anaconda3
CONDA_PROMPT_MODIFIER=(base) 
CONDA_PYTHON_EXE=/ihome/lchong/dty7/Apps/anaconda3/bin/python
CONDA_SHLVL=1
CPATH=/ihome/crc/install/intel/2017.3.196/compilers_and_libraries_2017.4.196/linux/ipp/include:/ihome/crc/install/intel/2017.3.196/compilers_and_libraries_2017.4.196/linux/mkl/include:/ihome/crc/install/intel/2017.3.196/compilers_and_libraries_2017.4.196/linux/tbb/include:/ihome/crc/install/intel/2017.3.196/compilers_and_libraries_2017.4.196/linux/daal/include:/ihome/crc/install/intel/2017.3.196/compilers_and_libraries_2017.4.196/linux/ipp/include:/ihome/crc/install/intel/2017.3.196/compilers_and_libraries_2017.4.196/linux/mkl/include:/ihome/crc/install/intel/2017.3.196/compilers_and_libraries_2017.4.196/linux/tbb/include:/ihome/crc/install/intel/2017.3.196/compilers_and_libraries_2017.4.196/linux/daal/include
CP=/bin/cp
CPPTRAJ=/ihome/crc/build/amber/amber18_x64/amber18/bin/cpptraj.cuda
CUDA_ROOT=/ihome/crc/install/cuda/9.1.85
CUDAROOT=/ihome/crc/install/cuda/9.1.85
CUDA_VISIBLE_DEVICES=0,1,2,3
CUT=/usr/bin/cut
DAALROOT=/ihome/crc/install/intel/2017.3.196/compilers_and_libraries_2017.4.196/linux/daal
DATE=/bin/date
DISPLAY=localhost:22.0
ECHO=/bin/echo
ENVIRONMENT=BATCH
GDB_CROSS=/ihome/crc/install/intel/2017.3.196/debugger_2017/gdb/intel64_mic/bin/gdb-mic
GDBSERVER_MIC=/ihome/crc/install/intel/2017.3.196/debugger_2017/gdb/targets/mic/bin/gdbserver
GPU_DEVICE_ORDINAL=0,1,2,3
GREP=/bin/grep
HEAD=/usr/bin/head
HISTCONTROL=ignoredups
HISTSIZE=1000
HOME=/ihome/lchong/dty7
HOSTNAME=gpu-stage10
IFCONFIG=/bin/ifconfig
I_MPI_ROOT=/ihome/crc/install/intel/2017.3.196/compilers_and_libraries_2017.4.196/linux/mpi
INFOPATH=/ihome/crc/install/intel/2017.3.196/documentation_2017/en/debugger//gdb-ia/info/:/ihome/crc/install/intel/2017.3.196/documentation_2017/en/debugger//gdb-mic/info/:/ihome/crc/install/intel/2017.3.196/documentation_2017/en/debugger//gdb-igfx/info/:/ihome/crc/install/intel/2017.3.196/documentation_2017/en/debugger//gdb-ia/info/:/ihome/crc/install/intel/2017.3.196/documentation_2017/en/debugger//gdb-mic/info/:/ihome/crc/install/intel/2017.3.196/documentation_2017/en/debugger//gdb-igfx/info/
INTEL_LICENSE_FILE=28519@10.201.0.113:/ihome/crc/install/intel/2017.3.196/compilers_and_libraries_2017.4.196/linux/licenses:/opt/intel/licenses:/ihome/lchong/dty7/intel/licenses
INTEL_PYTHONHOME=/ihome/crc/install/intel/2017.3.196/debugger_2017/python/intel64/
IPPROOT=/ihome/crc/install/intel/2017.3.196/compilers_and_libraries_2017.4.196/linux/ipp
KDEDIRS=/usr
LANG=en_US.UTF-8
LD_LIBRARY_PATH=/ihome/crc/install/intel/2017.3.196/compilers_and_libraries_2017.4.196/linux/compiler/lib/intel64:/ihome/crc/install/intel/2017.3.196/compilers_and_libraries_2017.4.196/linux/compiler/lib/intel64_lin:/ihome/crc/install/intel/2017.3.196/compilers_and_libraries_2017.4.196/linux/mpi/intel64/lib:/ihome/crc/install/intel/2017.3.196/compilers_and_libraries_2017.4.196/linux/mpi/mic/lib:/ihome/crc/install/intel/2017.3.196/compilers_and_libraries_2017.4.196/linux/ipp/lib/intel64:/ihome/crc/install/intel/2017.3.196/compilers_and_libraries_2017.4.196/linux/compiler/lib/intel64_lin:/ihome/crc/install/intel/2017.3.196/compilers_and_libraries_2017.4.196/linux/mkl/lib/intel64_lin:/ihome/crc/install/intel/2017.3.196/compilers_and_libraries_2017.4.196/linux/tbb/lib/intel64/gcc4.7:/ihome/crc/install/intel/2017.3.196/debugger_2017/iga/lib:/ihome/crc/install/intel/2017.3.196/debugger_2017/libipt/intel64/lib:/ihome/crc/install/intel/2017.3.196/compilers_and_libraries_2017.4.196/linux/daal/lib/intel64_lin:/ihome/crc/build/amber/amber18_x64/amber18/lib:/ihome/crc/install/cuda/9.1.85/lib64/stubs:/ihome/crc/install/cuda/9.1.85/lib64:/ihome/crc/install/intel/2017.3.196/compilers_and_libraries_2017.4.196/linux/compiler/lib/intel64:/ihome/crc/install/intel/2017.3.196/compilers_and_libraries_2017.4.196/linux/compiler/lib/intel64_lin:/ihome/crc/install/intel/2017.3.196/compilers_and_libraries_2017.4.196/linux/mpi/intel64/lib:/ihome/crc/install/intel/2017.3.196/compilers_and_libraries_2017.4.196/linux/mpi/mic/lib:/ihome/crc/install/intel/2017.3.196/compilers_and_libraries_2017.4.196/linux/ipp/lib/intel64:/ihome/crc/install/intel/2017.3.196/compilers_and_libraries_2017.4.196/linux/compiler/lib/intel64_lin:/ihome/crc/install/intel/2017.3.196/compilers_and_libraries_2017.4.196/linux/mkl/lib/intel64_lin:/ihome/crc/install/intel/2017.3.196/compilers_and_libraries_2017.4.196/linux/tbb/lib/intel64/gcc4.7:/ihome/crc/install/intel/2017.3.196/debugger_2017/iga/lib:/ihome/crc/install/intel/2017.3.196/debugger_2017/libipt/intel64/lib:/ihome/crc/install/intel/2017.3.196/compilers_and_libraries_2017.4.196/linux/daal/lib/intel64_lin:/ihome/crc/install/intel/2017.3.196/compilers_and_libraries_2017.4.196/linux/tbb/lib/intel64_lin/gcc4.4
LESSOPEN=||/usr/bin/lesspipe.sh %s
LIBRARY_PATH=/ihome/crc/install/intel/2017.3.196/compilers_and_libraries_2017.4.196/linux/ipp/lib/intel64:/ihome/crc/install/intel/2017.3.196/compilers_and_libraries_2017.4.196/linux/compiler/lib/intel64_lin:/ihome/crc/install/intel/2017.3.196/compilers_and_libraries_2017.4.196/linux/mkl/lib/intel64_lin:/ihome/crc/install/intel/2017.3.196/compilers_and_libraries_2017.4.196/linux/tbb/lib/intel64/gcc4.7:/ihome/crc/install/intel/2017.3.196/compilers_and_libraries_2017.4.196/linux/daal/lib/intel64_lin:/ihome/crc/install/cuda/9.1.85/lib64/stubs:/ihome/crc/install/cuda/9.1.85/lib64:/ihome/crc/install/intel/2017.3.196/compilers_and_libraries_2017.4.196/linux/ipp/lib/intel64:/ihome/crc/install/intel/2017.3.196/compilers_and_libraries_2017.4.196/linux/compiler/lib/intel64_lin:/ihome/crc/install/intel/2017.3.196/compilers_and_libraries_2017.4.196/linux/mkl/lib/intel64_lin:/ihome/crc/install/intel/2017.3.196/compilers_and_libraries_2017.4.196/linux/tbb/lib/intel64/gcc4.7:/ihome/crc/install/intel/2017.3.196/compilers_and_libraries_2017.4.196/linux/daal/lib/intel64_lin:/ihome/crc/install/intel/2017.3.196/compilers_and_libraries_2017.4.196/linux/tbb/lib/intel64_lin/gcc4.4
_LMFILES_=/ihome/crc/modules/Core/intel/2017.3.196.lua:/ihome/crc/modules/Core/cuda/9.1.85.lua:/ihome/crc/modules/Compiler/intel/2017.3.196/amber/18.lua
LMOD_arch=x86_64
LMOD_CMD=/ihome/crc/install/lmod/lmod/libexec/lmod
LMOD_COLORIZE=yes
LMOD_DEFAULT_MODULEPATH=/ihome/crc/modules/Core
LMOD_DIR=/ihome/crc/install/lmod/lmod/libexec
LMOD_FULL_SETTARG_SUPPORT=no
LMOD_PKG=/ihome/crc/install/lmod/lmod
LMOD_PREPEND_BLOCK=normal
LMOD_SETTARG_CMD=:
LMOD_sys=Linux
LMOD_VERSION=6.6.3
LN=/bin/ln
LOADEDMODULES=intel/2017.3.196:cuda/9.1.85:amber/18
LOCAL=/scratch/slurm-339225
LOGNAME=dty7
LS_COLORS=rs=0:di=1;35:ln=01;36:mh=00:pi=40;33:so=01;35:do=01;35:bd=40;33;01:cd=40;33;01:or=40;31;01:su=37;41:sg=30;43:ca=30;41:tw=30;42:ow=34;42:st=37;44:ex=01;32:*.tar=01;31:*.tgz=01;31:*.arj=01;31:*.taz=01;31:*.lzh=01;31:*.lzma=01;31:*.tlz=01;31:*.txz=01;31:*.zip=0131:*.z=01;31:*.Z=01;31:*.dz=01;31:*.gz=01;31:*.lz=01;31:*.xz=01;31:*.bz2=01;31:*.bz=01;31:*.tbz=01;31:*.tbz2=01;31:*.tz=01;31:*.deb=01;31:*.rpm=01;31:*.jar=01;31:*.war=01;31:*.ear=01;31:*.sar=01;31:*.rar=01;31:*.ace=01;31:*.zoo=01;31:*.cpio=01;31:*7z=01;31:*.rz=01;31:*.jpg=01;35:*.jpeg=01;35:*.gif=01;35:*.bmp=01;35:*.pbm=01;35:*.pgm=01;35:*.ppm=01;35:*.tga=01;35:*.xbm=01;35:*.xpm=01;35:*.tif=01;35:*.tiff=01;35:*.png=01;35:*.svg=01;35:*.svgz=01;35:*.mng=01;35:*.pcx=01;35:*.mov=01;35:*.mpg=01;35:*.mpeg=01;35:*.m2v=01;35:*.mkv=01;35:*.webm=01;35:*.ogm=01;35:*.mp4=01;35:*.m4v=01;35:*.mp4v=01;35:*.vob=01;35:*.qt=01;35:*.nuv=01;35:*.wmv=01;35:*.asf=01;35:*.rm=01;35:*.rmvb=01;35:*.flc=01;35:*.avi=01;35:*.fli=01;35:*.flv=01;35:*.gl=01;35:*.dl=01;35:*.xcf=01;35:*.xwd=01;35:*.yuv=01;35:*.cgm=01;35:*.emf=01;35:*.axv=01;35:*.anx=01;35:*.ogv=01;35:*.ogx=01;35:*.aac=00;36:*.au=00;36:*.flac=00;36:*.mid=00;36:*.midi=00;36:*.mka=00;36:*.mp3=00;36:*.mpc=00;36:*.ogg=00;36:*.ra=00;36:*.wav=00;36:*.axa=00;36:*.oga=00;36:*.spx=00;36:*.xspf=00;36:
MAIL=/var/spool/mail/dty7
MANPATH=/ihome/crc/install/intel/2017.3.196/man/common:/ihome/crc/install/intel/2017.3.196/compilers_and_libraries_2017.4.196/linux/mpi/man:/ihome/crc/install/intel/2017.3.196/documentation_2017/en/debugger//gdb-ia/man/:/ihome/crc/install/intel/2017.3.196/documentation_2017/en/debugger//gdb-mic/man/:/ihome/crc/install/intel/2017.3.196/documentation_2017/en/debugger//gdb-igfx/man/:/ihome/crc/install/cuda/9.1.85/doc/man:/ihome/crc/install/intel/2017.3.196/man/common:/ihome/crc/install/intel/2017.3.196/compilers_and_libraries_2017.4.196/linux/mpi/man:/ihome/crc/install/intel/2017.3.196/documentation_2017/en/debugger/gdb-ia/man:/ihome/crc/install/intel/2017.3.196/documentation_2017/en/debugger/gdb-mic/man:/ihome/crc/install/intel/2017.3.196/documentation_2017/en/debugger/gdb-igfx/man:/ihome/crc/install/lmod/lmod/share/man:::
MIC_LD_LIBRARY_PATH=/ihome/crc/install/intel/2017.3.196/compilers_and_libraries_2017.4.196/linux/mpi/mic/lib:/ihome/crc/install/intel/2017.3.196/compilers_and_libraries_2017.4.196/linux/compiler/lib/mic:/ihome/crc/install/intel/2017.3.196/compilers_and_libraries_2017.4.196/linux/ipp/lib/mic:/ihome/crc/install/intel/2017.3.196/compilers_and_libraries_2017.4.196/linux/compiler/lib/intel64_lin_mic:/ihome/crc/install/intel/2017.3.196/compilers_and_libraries_2017.4.196/linux/mkl/lib/intel64_lin_mic:/ihome/crc/install/intel/2017.3.196/compilers_and_libraries_2017.4.196/linux/tbb/lib/mic:/ihome/crc/install/intel/2017.3.196/compilers_and_libraries_2017.4.196/linux/mpi/mic/lib:/ihome/crc/install/intel/2017.3.196/compilers_and_libraries_2017.4.196/linux/compiler/lib/mic:/ihome/crc/install/intel/2017.3.196/compilers_and_libraries_2017.4.196/linux/ipp/lib/mic:/ihome/crc/install/intel/2017.3.196/compilers_and_libraries_2017.4.196/linux/compiler/lib/intel64_lin_mic:/ihome/crc/install/intel/2017.3.196/compilers_and_libraries_2017.4.196/linux/mkl/lib/intel64_lin_mic:/ihome/crc/install/intel/2017.3.196/compilers_and_libraries_2017.4.196/linux/tbb/lib/mic
MIC_LIBRARY_PATH=/ihome/crc/install/intel/2017.3.196/compilers_and_libraries_2017.4.196/linux/mpi/mic/lib:/ihome/crc/install/intel/2017.3.196/compilers_and_libraries_2017.4.196/linux/compiler/lib/mic:/ihome/crc/install/intel/2017.3.196/compilers_and_libraries_2017.4.196/linux/compiler/lib/intel64_lin_mic:/ihome/crc/install/intel/2017.3.196/compilers_and_libraries_2017.4.196/linux/mkl/lib/intel64_lin_mic:/ihome/crc/install/intel/2017.3.196/compilers_and_libraries_2017.4.196/linux/tbb/lib/mic:/ihome/crc/install/intel/2017.3.196/compilers_and_libraries_2017.4.196/linux/mpi/mic/lib:/ihome/crc/install/intel/2017.3.196/compilers_and_libraries_2017.4.196/linux/compiler/lib/mic:/ihome/crc/install/intel/2017.3.196/compilers_and_libraries_2017.4.196/linux/compiler/lib/intel64_lin_mic:/ihome/crc/install/intel/2017.3.196/compilers_and_libraries_2017.4.196/linux/mkl/lib/intel64_lin_mic:/ihome/crc/install/intel/2017.3.196/compilers_and_libraries_2017.4.196/linux/tbb/lib/mic
MKDIR=/bin/mkdir
MKLROOT=/ihome/crc/install/intel/2017.3.196/compilers_and_libraries_2017.4.196/linux/mkl
MODULEPATH=/ihome/crc/modules/Compiler/cuda/9.1.85:/ihome/crc/modules/Compiler/intel/2017.3.196:/ihome/crc/modules/Core
MODULEPATH_ROOT=/ihome/crc/modules
MODULESHOME=/ihome/crc/install/lmod/lmod
_ModuleTable001_=X01vZHVsZVRhYmxlXz17WyJhY3RpdmVTaXplIl09MyxiYXNlTXBhdGhBPXsiL2lob21lL2NyYy9tb2R1bGVzL0NvcmUiLH0sWyJjX3JlYnVpbGRUaW1lIl09ZmFsc2UsWyJjX3Nob3J0VGltZSJdPWZhbHNlLGZhbWlseT17fSxpbmFjdGl2ZT17fSxtVD17YW1iZXI9e1siRk4iXT0iL2lob21lL2NyYy9tb2R1bGVzL0NvbXBpbGVyL2ludGVsLzIwMTcuMy4xOTYvYW1iZXIvMTgubHVhIixbImRlZmF1bHQiXT0wLFsiZnVsbE5hbWUiXT0iYW1iZXIvMTgiLFsibG9hZE9yZGVyIl09Myxwcm9wVD17fSxbInNob3J0Il09ImFtYmVyIixbInN0YXR1cyJdPSJhY3RpdmUiLH0sY3VkYT17WyJGTiJdPSIvaWhvbWUvY3JjL21vZHVsZXMvQ29yZS9jdWRhLzkuMS44NS5sdWEiLFsiZGVmYXVs
_ModuleTable002_=dCJdPTAsWyJmdWxsTmFtZSJdPSJjdWRhLzkuMS44NSIsWyJsb2FkT3JkZXIiXT0yLHByb3BUPXt9LFsic2hvcnQiXT0iY3VkYSIsWyJzdGF0dXMiXT0iYWN0aXZlIix9LGludGVsPXtbIkZOIl09Ii9paG9tZS9jcmMvbW9kdWxlcy9Db3JlL2ludGVsLzIwMTcuMy4xOTYubHVhIixbImRlZmF1bHQiXT0wLFsiZnVsbE5hbWUiXT0iaW50ZWwvMjAxNy4zLjE5NiIsWyJsb2FkT3JkZXIiXT0xLHByb3BUPXt9LFsic2hvcnQiXT0iaW50ZWwiLFsic3RhdHVzIl09ImFjdGl2ZSIsfSx9LG1wYXRoQT17Ii9paG9tZS9jcmMvbW9kdWxlcy9Db21waWxlci9jdWRhLzkuMS44NSIsIi9paG9tZS9jcmMvbW9kdWxlcy9Db21waWxlci9pbnRlbC8yMDE3LjMuMTk2IiwiL2lob21lL2NyYy9tb2R1
_ModuleTable003_=bGVzL0NvcmUiLH0sWyJzeXN0ZW1CYXNlTVBBVEgiXT0iL2lob21lL2NyYy9tb2R1bGVzL0NvcmUiLFsidmVyc2lvbiJdPTIsfQ==
_ModuleTable_Sz_=3
MPM_LAUNCHER=/ihome/crc/install/intel/2017.3.196/debugger_2017/mpm/mic/bin/start_mpm.sh
NLSPATH=/ihome/crc/install/intel/2017.3.196/compilers_and_libraries_2017.4.196/linux/compiler/lib/intel64/locale/%l_%t/%N:/ihome/crc/install/intel/2017.3.196/compilers_and_libraries_2017.4.196/linux/mkl/lib/intel64_lin/locale/%l_%t/%N:/ihome/crc/install/intel/2017.3.196/debugger_2017/gdb/intel64_mic/share/locale/%l_%t/%N:/ihome/crc/install/intel/2017.3.196/debugger_2017/gdb/intel64/share/locale/%l_%t/%N:/ihome/crc/install/intel/2017.3.196/compilers_and_libraries_2017.4.196/linux/compiler/lib/intel64/locale/%l_%t/%N:/ihome/crc/install/intel/2017.3.196/compilers_and_libraries_2017.4.196/linux/mkl/lib/intel64_lin/locale/%l_%t/%N:/ihome/crc/install/intel/2017.3.196/debugger_2017/gdb/intel64_mic/share/locale/%l_%t/%N:/ihome/crc/install/intel/2017.3.196/debugger_2017/gdb/intel64/share/locale/%l_%t/%N
NODELOC=/scratch/slurm-339225
OLDPWD=/ihome/lchong/dty7/ix/hiv1_capsid/we/1a43/1d_c2_20-100/4b_v01
PASTE=/usr/bin/paste
PATH=/ihome/crc/install/intel/2017.3.196/compilers_and_libraries_2017.4.196/linux/bin/intel64:/ihome/crc/install/intel/2017.3.196/compilers_and_libraries_2017.4.196/linux/mpi/intel64/bin:/ihome/crc/install/intel/2017.3.196/debugger_2017/gdb/intel64_mic/bin:/ihome/crc/build/amber/amber18_x64/amber18/bin:/ihome/crc/install/cuda/9.1.85/bin:/ihome/crc/install/intel/2017.3.196/compilers_and_libraries_2017.4.196/linux/bin/intel64:/ihome/crc/install/intel/2017.3.196/compilers_and_libraries_2017.4.196/linux/mpi/intel64/bin:/ihome/crc/install/intel/2017.3.196/debugger_2017/gdb/intel64_mic/bin:/ihome/lchong/dty7/Apps/anaconda3/bin:/ihome/lchong/dty7/Apps/anaconda3/condabin:/usr/lib64/qt-3.3/bin:/usr/local/bin:/usr/bin:/usr/local/sbin:/usr/sbin:/ihome/crc/wrappers:/ihome/lchong/dty7/.local/bin:/ihome/lchong/dty7/bin
PERL=/usr/bin/perl
PMEMD=/ihome/crc/build/amber/amber18_x64/amber18/bin/pmemd.cuda
PWD=/ix/lchong/dty7/hiv1_capsid/we/1a43/1d_c2_20-100/4b_v01
QTDIR=/usr/lib64/qt-3.3
QT_GRAPHICSSYSTEM_CHECKED=1
QTINC=/usr/lib64/qt-3.3/include
QTLIB=/usr/lib64/qt-3.3/lib
QT_PLUGIN_PATH=/usr/lib64/kde4/plugins:/usr/lib/kde4/plugins
RM=/bin/rm
ROCR_VISIBLE_DEVICES=0,1,2,3
SANDER=/ihome/crc/build/amber/amber18_x64/amber18/bin/sander
SED=/bin/sed
SHELL=/bin/bash
SHLVL=2
SIM_NAME=4b_v01
SLURM_CLUSTER_NAME=gpu
SLURM_CONF=/etc/slurm/slurm.conf
SLURM_CPUS_ON_NODE=4
SLURMD_NODENAME=gpu-stage10
SLURM_GTIDS=0
SLURM_JOB_ACCOUNT=lchong
SLURM_JOB_CPUS_PER_NODE=4(x2)
SLURM_JOB_GID=16028
SLURM_JOB_GPUS=0,1,2,3
SLURM_JOB_ID=339225
SLURM_JOBID=339225
SLURM_JOB_NAME=1a43_1d_we_c2-20-100_v01_4b
SLURM_JOB_NODELIST=gpu-stage[10-11]
SLURM_JOB_NUM_NODES=2
SLURM_JOB_PARTITION=gtx1080
SLURM_JOB_QOS=gpu-gtx1080-l-invest-invest
SLURM_JOB_UID=155282
SLURM_JOB_USER=dty7
SLURM_LOCALID=0
SLURM_MEM_PER_NODE=16384
SLURM_NNODES=2
SLURM_NODE_ALIASES=(null)
SLURM_NODEID=0
SLURM_NODELIST=gpu-stage[10-11]
SLURM_NPROCS=8
SLURM_NTASKS=8
SLURM_NTASKS_PER_NODE=4
SLURM_PRIO_PROCESS=0
SLURM_PROCID=0
SLURM_SCRATCH=/scratch/slurm-339225
SLURM_SUBMIT_DIR=/ix/lchong/dty7/hiv1_capsid/we/1a43/1d_c2_20-100/4b_v01
SLURM_SUBMIT_HOST=login0.crc.pitt.edu
SLURM_TASK_PID=29205
SLURM_TASKS_PER_NODE=4(x2)
SLURM_TOPOLOGY_ADDR=gpu-stage10
SLURM_TOPOLOGY_ADDR_PATTERN=node
SLURM_WORKING_CLUSTER=gpu:10.201.0.94:6817:8960:101
SORT=/usr/bin/sort
SSH_CLIENT=130.49.240.69 42648 22
SSH_CONNECTION=130.49.240.69 42648 136.142.28.136 22
SSH_TTY=/dev/pts/59
TAR=/bin/tar
TBBROOT=/ihome/crc/install/intel/2017.3.196/compilers_and_libraries_2017.4.196/linux/tbb
TERM=screen-256color
TMPDIR=/scratch/slurm-339225
TR=/usr/bin/tr
UNIQ=/usr/bin/uniq
USE_LOCAL_SCRATCH=1
USER=dty7
_=/usr/bin/env
WEST_SIM_ROOT=/ix/lchong/dty7/hiv1_capsid/we/1a43/1d_c2_20-100/4b_v01
WM_ZMQ_MASTER_HEARTBEAT=100
WM_ZMQ_TIMEOUT_FACTOR=300
WM_ZMQ_WORKER_HEARTBEAT=100
XDG_DATA_DIRS=/ihome/lchong/dty7/.local/share/flatpak/exports/share:/var/lib/flatpak/exports/share:/usr/local/share:/usr/share
XDG_RUNTIME_DIR=/run/user/155282
XDG_SESSION_ID=147911
ZSH=/bin/zsh
== server info file /ix/lchong/dty7/hiv1_capsid/we/1a43/1d_c2_20-100/4b_v01/west_zmq_info-339225.json ==
{"rr_endpoint": "tcp://gpu-stage10.crc.pitt.edu:38338", "ann_endpoint": "tcp://gpu-stage10.crc.pitt.edu:54909"}simulation 4b_v01 root is /ix/lchong/dty7/hiv1_capsid/we/1a43/1d_c2_20-100/4b_v01
starting WEST client processes on: 
gpu-stage10.crc.pitt.edu
current directory is /ix/lchong/dty7/hiv1_capsid/we/1a43/1d_c2_20-100/4b_v01
environment is: 
}
}
 [ $? = 0 ] && eval $(${LMOD_SETTARG_CMD:-:} -s sh)
AMBERHOME=/ihome/crc/build/amber/amber18_x64/amber18
AMBER_PREFIX=/ihome/crc/build/amber/amber18_x64/amber18
AWK=/usr/bin/awk
BASH=/bin/bash
BASH_ENV=/ihome/crc/install/lmod/lmod/init/bash
BASH_FUNC_ml()=() {  eval $($LMOD_DIR/ml_cmd "$@")
BASH_FUNC_module()=() {  eval $($LMOD_CMD bash "$@");
CAT=/bin/cat
_CE_CONDA=
_CE_M=
CLASSPATH=/ihome/crc/install/intel/2017.3.196/compilers_and_libraries_2017.4.196/linux/mpi/intel64/lib/mpi.jar:/ihome/crc/install/intel/2017.3.196/compilers_and_libraries_2017.4.196/linux/daal/lib/daal.jar:/ihome/crc/install/intel/2017.3.196/compilers_and_libraries_2017.4.196/linux/mpi/intel64/lib/mpi.jar:/ihome/crc/install/intel/2017.3.196/compilers_and_libraries_2017.4.196/linux/daal/lib/daal.jar
CMAKE_PREFIX_PATH=/ihome/crc/install/cuda/9.1.85
CONDA_DEFAULT_ENV=base
CONDA_EXE=/ihome/lchong/dty7/Apps/anaconda3/bin/conda
CONDA_PREFIX=/ihome/lchong/dty7/Apps/anaconda3
CONDA_PROMPT_MODIFIER=(base) 
CONDA_PYTHON_EXE=/ihome/lchong/dty7/Apps/anaconda3/bin/python
CONDA_SHLVL=1
CPATH=/ihome/crc/install/intel/2017.3.196/compilers_and_libraries_2017.4.196/linux/ipp/include:/ihome/crc/install/intel/2017.3.196/compilers_and_libraries_2017.4.196/linux/mkl/include:/ihome/crc/install/intel/2017.3.196/compilers_and_libraries_2017.4.196/linux/tbb/include:/ihome/crc/install/intel/2017.3.196/compilers_and_libraries_2017.4.196/linux/daal/include:/ihome/crc/install/intel/2017.3.196/compilers_and_libraries_2017.4.196/linux/ipp/include:/ihome/crc/install/intel/2017.3.196/compilers_and_libraries_2017.4.196/linux/mkl/include:/ihome/crc/install/intel/2017.3.196/compilers_and_libraries_2017.4.196/linux/tbb/include:/ihome/crc/install/intel/2017.3.196/compilers_and_libraries_2017.4.196/linux/daal/include
CP=/bin/cp
CPPTRAJ=/ihome/crc/build/amber/amber18_x64/amber18/bin/cpptraj.cuda
CUDA_ROOT=/ihome/crc/install/cuda/9.1.85
CUDAROOT=/ihome/crc/install/cuda/9.1.85
CUDA_VISIBLE_DEVICES_ALLOCATED=0,1,2,3
CUT=/usr/bin/cut
DAALROOT=/ihome/crc/install/intel/2017.3.196/compilers_and_libraries_2017.4.196/linux/daal
DATE=/bin/date
ECHO=/bin/echo
GDB_CROSS=/ihome/crc/install/intel/2017.3.196/debugger_2017/gdb/intel64_mic/bin/gdb-mic
GDBSERVER_MIC=/ihome/crc/install/intel/2017.3.196/debugger_2017/gdb/targets/mic/bin/gdbserver
GREP=/bin/grep
HEAD=/usr/bin/head
HISTCONTROL=ignoredups
HISTSIZE=1000
HOME=/ihome/lchong/dty7
HOSTNAME=gpu-stage10.crc.pitt.edu
IFCONFIG=/bin/ifconfig
I_MPI_ROOT=/ihome/crc/install/intel/2017.3.196/compilers_and_libraries_2017.4.196/linux/mpi
INFOPATH=/ihome/crc/install/intel/2017.3.196/documentation_2017/en/debugger//gdb-ia/info/:/ihome/crc/install/intel/2017.3.196/documentation_2017/en/debugger//gdb-mic/info/:/ihome/crc/install/intel/2017.3.196/documentation_2017/en/debugger//gdb-igfx/info/:/ihome/crc/install/intel/2017.3.196/documentation_2017/en/debugger//gdb-ia/info/:/ihome/crc/install/intel/2017.3.196/documentation_2017/en/debugger//gdb-mic/info/:/ihome/crc/install/intel/2017.3.196/documentation_2017/en/debugger//gdb-igfx/info/
INTEL_LICENSE_FILE=28519@10.201.0.113:/ihome/crc/install/intel/2017.3.196/compilers_and_libraries_2017.4.196/linux/licenses:/opt/intel/licenses:/ihome/lchong/dty7/intel/licenses
INTEL_PYTHONHOME=/ihome/crc/install/intel/2017.3.196/debugger_2017/python/intel64/
IPPROOT=/ihome/crc/install/intel/2017.3.196/compilers_and_libraries_2017.4.196/linux/ipp
LANG=en_US.UTF-8
LD_LIBRARY_PATH=/ihome/crc/install/intel/2017.3.196/compilers_and_libraries_2017.4.196/linux/compiler/lib/intel64:/ihome/crc/install/intel/2017.3.196/compilers_and_libraries_2017.4.196/linux/compiler/lib/intel64_lin:/ihome/crc/install/intel/2017.3.196/compilers_and_libraries_2017.4.196/linux/mpi/intel64/lib:/ihome/crc/install/intel/2017.3.196/compilers_and_libraries_2017.4.196/linux/mpi/mic/lib:/ihome/crc/install/intel/2017.3.196/compilers_and_libraries_2017.4.196/linux/ipp/lib/intel64:/ihome/crc/install/intel/2017.3.196/compilers_and_libraries_2017.4.196/linux/compiler/lib/intel64_lin:/ihome/crc/install/intel/2017.3.196/compilers_and_libraries_2017.4.196/linux/mkl/lib/intel64_lin:/ihome/crc/install/intel/2017.3.196/compilers_and_libraries_2017.4.196/linux/tbb/lib/intel64/gcc4.7:/ihome/crc/install/intel/2017.3.196/debugger_2017/iga/lib:/ihome/crc/install/intel/2017.3.196/debugger_2017/libipt/intel64/lib:/ihome/crc/install/intel/2017.3.196/compilers_and_libraries_2017.4.196/linux/daal/lib/intel64_lin:/ihome/crc/build/amber/amber18_x64/amber18/lib:/ihome/crc/install/cuda/9.1.85/lib64/stubs:/ihome/crc/install/cuda/9.1.85/lib64:/ihome/crc/install/intel/2017.3.196/compilers_and_libraries_2017.4.196/linux/compiler/lib/intel64:/ihome/crc/install/intel/2017.3.196/compilers_and_libraries_2017.4.196/linux/compiler/lib/intel64_lin:/ihome/crc/install/intel/2017.3.196/compilers_and_libraries_2017.4.196/linux/mpi/intel64/lib:/ihome/crc/install/intel/2017.3.196/compilers_and_libraries_2017.4.196/linux/mpi/mic/lib:/ihome/crc/install/intel/2017.3.196/compilers_and_libraries_2017.4.196/linux/ipp/lib/intel64:/ihome/crc/install/intel/2017.3.196/compilers_and_libraries_2017.4.196/linux/compiler/lib/intel64_lin:/ihome/crc/install/intel/2017.3.196/compilers_and_libraries_2017.4.196/linux/mkl/lib/intel64_lin:/ihome/crc/install/intel/2017.3.196/compilers_and_libraries_2017.4.196/linux/tbb/lib/intel64/gcc4.7:/ihome/crc/install/intel/2017.3.196/debugger_2017/iga/lib:/ihome/crc/install/intel/2017.3.196/debugger_2017/libipt/intel64/lib:/ihome/crc/install/intel/2017.3.196/compilers_and_libraries_2017.4.196/linux/daal/lib/intel64_lin:/ihome/crc/install/intel/2017.3.196/compilers_and_libraries_2017.4.196/linux/tbb/lib/intel64_lin/gcc4.4
LESSOPEN=||/usr/bin/lesspipe.sh %s
LIBRARY_PATH=/ihome/crc/install/intel/2017.3.196/compilers_and_libraries_2017.4.196/linux/ipp/lib/intel64:/ihome/crc/install/intel/2017.3.196/compilers_and_libraries_2017.4.196/linux/compiler/lib/intel64_lin:/ihome/crc/install/intel/2017.3.196/compilers_and_libraries_2017.4.196/linux/mkl/lib/intel64_lin:/ihome/crc/install/intel/2017.3.196/compilers_and_libraries_2017.4.196/linux/tbb/lib/intel64/gcc4.7:/ihome/crc/install/intel/2017.3.196/compilers_and_libraries_2017.4.196/linux/daal/lib/intel64_lin:/ihome/crc/install/cuda/9.1.85/lib64/stubs:/ihome/crc/install/cuda/9.1.85/lib64:/ihome/crc/install/intel/2017.3.196/compilers_and_libraries_2017.4.196/linux/ipp/lib/intel64:/ihome/crc/install/intel/2017.3.196/compilers_and_libraries_2017.4.196/linux/compiler/lib/intel64_lin:/ihome/crc/install/intel/2017.3.196/compilers_and_libraries_2017.4.196/linux/mkl/lib/intel64_lin:/ihome/crc/install/intel/2017.3.196/compilers_and_libraries_2017.4.196/linux/tbb/lib/intel64/gcc4.7:/ihome/crc/install/intel/2017.3.196/compilers_and_libraries_2017.4.196/linux/daal/lib/intel64_lin:/ihome/crc/install/intel/2017.3.196/compilers_and_libraries_2017.4.196/linux/tbb/lib/intel64_lin/gcc4.4
_LMFILES_=/ihome/crc/modules/Core/intel/2017.3.196.lua:/ihome/crc/modules/Core/cuda/9.1.85.lua:/ihome/crc/modules/Compiler/intel/2017.3.196/amber/18.lua
LMOD_arch=x86_64
LMOD_CMD=/ihome/crc/install/lmod/lmod/libexec/lmod
LMOD_COLORIZE=yes
LMOD_DEFAULT_MODULEPATH=/ihome/crc/modules/Core
LMOD_DIR=/ihome/crc/install/lmod/lmod/libexec
LMOD_FULL_SETTARG_SUPPORT=no
LMOD_PKG=/ihome/crc/install/lmod/lmod
LMOD_PREPEND_BLOCK=normal
LMOD_SETTARG_CMD=:
LMOD_sys=Linux
LMOD_VERSION=6.6.3
LN=/bin/ln
LOADEDMODULES=intel/2017.3.196:cuda/9.1.85:amber/18
LOGNAME=dty7
LS_COLORS=rs=0:di=1;35:ln=01;36:mh=00:pi=40;33:so=01;35:do=01;35:bd=40;33;01:cd=40;33;01:or=40;31;01:su=37;41:sg=30;43:ca=30;41:tw=30;42:ow=34;42:st=37;44:ex=01;32:*.tar=01;31:*.tgz=01;31:*.arj=01;31:*.taz=01;31:*.lzh=01;31:*.lzma=01;31:*.tlz=01;31:*.txz=01;31:*.zip=0131:*.z=01;31:*.Z=01;31:*.dz=01;31:*.gz=01;31:*.lz=01;31:*.xz=01;31:*.bz2=01;31:*.bz=01;31:*.tbz=01;31:*.tbz2=01;31:*.tz=01;31:*.deb=01;31:*.rpm=01;31:*.jar=01;31:*.war=01;31:*.ear=01;31:*.sar=01;31:*.rar=01;31:*.ace=01;31:*.zoo=01;31:*.cpio=01;31:*7z=01;31:*.rz=01;31:*.jpg=01;35:*.jpeg=01;35:*.gif=01;35:*.bmp=01;35:*.pbm=01;35:*.pgm=01;35:*.ppm=01;35:*.tga=01;35:*.xbm=01;35:*.xpm=01;35:*.tif=01;35:*.tiff=01;35:*.png=01;35:*.svg=01;35:*.svgz=01;35:*.mng=01;35:*.pcx=01;35:*.mov=01;35:*.mpg=01;35:*.mpeg=01;35:*.m2v=01;35:*.mkv=01;35:*.webm=01;35:*.ogm=01;35:*.mp4=01;35:*.m4v=01;35:*.mp4v=01;35:*.vob=01;35:*.qt=01;35:*.nuv=01;35:*.wmv=01;35:*.asf=01;35:*.rm=01;35:*.rmvb=01;35:*.flc=01;35:*.avi=01;35:*.fli=01;35:*.flv=01;35:*.gl=01;35:*.dl=01;35:*.xcf=01;35:*.xwd=01;35:*.yuv=01;35:*.cgm=01;35:*.emf=01;35:*.axv=01;35:*.anx=01;35:*.ogv=01;35:*.ogx=01;35:*.aac=00;36:*.au=00;36:*.flac=00;36:*.mid=00;36:*.midi=00;36:*.mka=00;36:*.mp3=00;36:*.mpc=00;36:*.ogg=00;36:*.ra=00;36:*.wav=00;36:*.axa=00;36:*.oga=00;36:*.spx=00;36:*.xspf=00;36:
MAIL=/var/spool/mail/dty7
MANPATH=/ihome/crc/install/intel/2017.3.196/man/common:/ihome/crc/install/intel/2017.3.196/compilers_and_libraries_2017.4.196/linux/mpi/man:/ihome/crc/install/intel/2017.3.196/documentation_2017/en/debugger//gdb-ia/man/:/ihome/crc/install/intel/2017.3.196/documentation_2017/en/debugger//gdb-mic/man/:/ihome/crc/install/intel/2017.3.196/documentation_2017/en/debugger//gdb-igfx/man/:/ihome/crc/install/cuda/9.1.85/doc/man:/ihome/crc/install/intel/2017.3.196/man/common:/ihome/crc/install/intel/2017.3.196/compilers_and_libraries_2017.4.196/linux/mpi/man:/ihome/crc/install/intel/2017.3.196/documentation_2017/en/debugger/gdb-ia/man:/ihome/crc/install/intel/2017.3.196/documentation_2017/en/debugger/gdb-mic/man:/ihome/crc/install/intel/2017.3.196/documentation_2017/en/debugger/gdb-igfx/man:/ihome/crc/install/lmod/lmod/share/man:::
MIC_LD_LIBRARY_PATH=/ihome/crc/install/intel/2017.3.196/compilers_and_libraries_2017.4.196/linux/mpi/mic/lib:/ihome/crc/install/intel/2017.3.196/compilers_and_libraries_2017.4.196/linux/compiler/lib/mic:/ihome/crc/install/intel/2017.3.196/compilers_and_libraries_2017.4.196/linux/ipp/lib/mic:/ihome/crc/install/intel/2017.3.196/compilers_and_libraries_2017.4.196/linux/compiler/lib/intel64_lin_mic:/ihome/crc/install/intel/2017.3.196/compilers_and_libraries_2017.4.196/linux/mkl/lib/intel64_lin_mic:/ihome/crc/install/intel/2017.3.196/compilers_and_libraries_2017.4.196/linux/tbb/lib/mic:/ihome/crc/install/intel/2017.3.196/compilers_and_libraries_2017.4.196/linux/mpi/mic/lib:/ihome/crc/install/intel/2017.3.196/compilers_and_libraries_2017.4.196/linux/compiler/lib/mic:/ihome/crc/install/intel/2017.3.196/compilers_and_libraries_2017.4.196/linux/ipp/lib/mic:/ihome/crc/install/intel/2017.3.196/compilers_and_libraries_2017.4.196/linux/compiler/lib/intel64_lin_mic:/ihome/crc/install/intel/2017.3.196/compilers_and_libraries_2017.4.196/linux/mkl/lib/intel64_lin_mic:/ihome/crc/install/intel/2017.3.196/compilers_and_libraries_2017.4.196/linux/tbb/lib/mic
MIC_LIBRARY_PATH=/ihome/crc/install/intel/2017.3.196/compilers_and_libraries_2017.4.196/linux/mpi/mic/lib:/ihome/crc/install/intel/2017.3.196/compilers_and_libraries_2017.4.196/linux/compiler/lib/mic:/ihome/crc/install/intel/2017.3.196/compilers_and_libraries_2017.4.196/linux/compiler/lib/intel64_lin_mic:/ihome/crc/install/intel/2017.3.196/compilers_and_libraries_2017.4.196/linux/mkl/lib/intel64_lin_mic:/ihome/crc/install/intel/2017.3.196/compilers_and_libraries_2017.4.196/linux/tbb/lib/mic:/ihome/crc/install/intel/2017.3.196/compilers_and_libraries_2017.4.196/linux/mpi/mic/lib:/ihome/crc/install/intel/2017.3.196/compilers_and_libraries_2017.4.196/linux/compiler/lib/mic:/ihome/crc/install/intel/2017.3.196/compilers_and_libraries_2017.4.196/linux/compiler/lib/intel64_lin_mic:/ihome/crc/install/intel/2017.3.196/compilers_and_libraries_2017.4.196/linux/mkl/lib/intel64_lin_mic:/ihome/crc/install/intel/2017.3.196/compilers_and_libraries_2017.4.196/linux/tbb/lib/mic
MKDIR=/bin/mkdir
MKLROOT=/ihome/crc/install/intel/2017.3.196/compilers_and_libraries_2017.4.196/linux/mkl
MODULEPATH=/ihome/crc/modules/Compiler/cuda/9.1.85:/ihome/crc/modules/Compiler/intel/2017.3.196:/ihome/crc/modules/Core
MODULEPATH_ROOT=/ihome/crc/modules
MODULESHOME=/ihome/crc/install/lmod/lmod
_ModuleTable001_=X01vZHVsZVRhYmxlXz17WyJhY3RpdmVTaXplIl09MyxiYXNlTXBhdGhBPXsiL2lob21lL2NyYy9tb2R1bGVzL0NvcmUiLH0sWyJjX3JlYnVpbGRUaW1lIl09ZmFsc2UsWyJjX3Nob3J0VGltZSJdPWZhbHNlLGZhbWlseT17fSxpbmFjdGl2ZT17fSxtVD17YW1iZXI9e1siRk4iXT0iL2lob21lL2NyYy9tb2R1bGVzL0NvbXBpbGVyL2ludGVsLzIwMTcuMy4xOTYvYW1iZXIvMTgubHVhIixbImRlZmF1bHQiXT0wLFsiZnVsbE5hbWUiXT0iYW1iZXIvMTgiLFsibG9hZE9yZGVyIl09Myxwcm9wVD17fSxbInNob3J0Il09ImFtYmVyIixbInN0YXR1cyJdPSJhY3RpdmUiLH0sY3VkYT17WyJGTiJdPSIvaWhvbWUvY3JjL21vZHVsZXMvQ29yZS9jdWRhLzkuMS44NS5sdWEiLFsiZGVmYXVs
_ModuleTable002_=dCJdPTAsWyJmdWxsTmFtZSJdPSJjdWRhLzkuMS44NSIsWyJsb2FkT3JkZXIiXT0yLHByb3BUPXt9LFsic2hvcnQiXT0iY3VkYSIsWyJzdGF0dXMiXT0iYWN0aXZlIix9LGludGVsPXtbIkZOIl09Ii9paG9tZS9jcmMvbW9kdWxlcy9Db3JlL2ludGVsLzIwMTcuMy4xOTYubHVhIixbImRlZmF1bHQiXT0wLFsiZnVsbE5hbWUiXT0iaW50ZWwvMjAxNy4zLjE5NiIsWyJsb2FkT3JkZXIiXT0xLHByb3BUPXt9LFsic2hvcnQiXT0iaW50ZWwiLFsic3RhdHVzIl09ImFjdGl2ZSIsfSx9LG1wYXRoQT17Ii9paG9tZS9jcmMvbW9kdWxlcy9Db21waWxlci9jdWRhLzkuMS44NSIsIi9paG9tZS9jcmMvbW9kdWxlcy9Db21waWxlci9pbnRlbC8yMDE3LjMuMTk2IiwiL2lob21lL2NyYy9tb2R1
_ModuleTable003_=bGVzL0NvcmUiLH0sWyJzeXN0ZW1CYXNlTVBBVEgiXT0iL2lob21lL2NyYy9tb2R1bGVzL0NvcmUiLFsidmVyc2lvbiJdPTIsfQ==
_ModuleTable_Sz_=3
MPM_LAUNCHER=/ihome/crc/install/intel/2017.3.196/debugger_2017/mpm/mic/bin/start_mpm.sh
NLSPATH=/ihome/crc/install/intel/2017.3.196/compilers_and_libraries_2017.4.196/linux/compiler/lib/intel64/locale/%l_%t/%N:/ihome/crc/install/intel/2017.3.196/compilers_and_libraries_2017.4.196/linux/mkl/lib/intel64_lin/locale/%l_%t/%N:/ihome/crc/install/intel/2017.3.196/debugger_2017/gdb/intel64_mic/share/locale/%l_%t/%N:/ihome/crc/install/intel/2017.3.196/debugger_2017/gdb/intel64/share/locale/%l_%t/%N:/ihome/crc/install/intel/2017.3.196/compilers_and_libraries_2017.4.196/linux/compiler/lib/intel64/locale/%l_%t/%N:/ihome/crc/install/intel/2017.3.196/compilers_and_libraries_2017.4.196/linux/mkl/lib/intel64_lin/locale/%l_%t/%N:/ihome/crc/install/intel/2017.3.196/debugger_2017/gdb/intel64_mic/share/locale/%l_%t/%N:/ihome/crc/install/intel/2017.3.196/debugger_2017/gdb/intel64/share/locale/%l_%t/%N
NODELOC=
OLDPWD=/ihome/lchong/dty7
PASTE=/usr/bin/paste
PATH=/ihome/crc/install/intel/2017.3.196/compilers_and_libraries_2017.4.196/linux/bin/intel64:/ihome/crc/install/intel/2017.3.196/compilers_and_libraries_2017.4.196/linux/mpi/intel64/bin:/ihome/crc/install/intel/2017.3.196/debugger_2017/gdb/intel64_mic/bin:/ihome/crc/build/amber/amber18_x64/amber18/bin:/ihome/crc/install/cuda/9.1.85/bin:/ihome/crc/install/intel/2017.3.196/compilers_and_libraries_2017.4.196/linux/bin/intel64:/ihome/crc/install/intel/2017.3.196/compilers_and_libraries_2017.4.196/linux/mpi/intel64/bin:/ihome/crc/install/intel/2017.3.196/debugger_2017/gdb/intel64_mic/bin:/ihome/lchong/dty7/Apps/anaconda3/bin:/ihome/lchong/dty7/Apps/anaconda3/condabin:/usr/local/bin:/usr/bin:/usr/local/sbin:/usr/sbin:/ihome/lchong/dty7/.local/bin:/ihome/lchong/dty7/bin
PERL=/usr/bin/perl
PMEMD=/ihome/crc/build/amber/amber18_x64/amber18/bin/pmemd.cuda
PWD=/ix/lchong/dty7/hiv1_capsid/we/1a43/1d_c2_20-100/4b_v01
RM=/bin/rm
SANDER=/ihome/crc/build/amber/amber18_x64/amber18/bin/sander
SED=/bin/sed
SHELL=/bin/bash
SHLVL=2
SIM_NAME=4b_v01
SLURM_NODENAME=gpu-stage10
SORT=/usr/bin/sort
SSH_CLIENT=10.201.2.189 37488 22
SSH_CONNECTION=10.201.2.189 37488 10.201.2.189 22
TAR=/bin/tar
TBBROOT=/ihome/crc/install/intel/2017.3.196/compilers_and_libraries_2017.4.196/linux/tbb
TR=/usr/bin/tr
UNIQ=/usr/bin/uniq
USE_LOCAL_SCRATCH=1
USER=dty7
_=/usr/bin/env
WEST_JOBID=339225
WEST_SIM_ROOT=/ix/lchong/dty7/hiv1_capsid/we/1a43/1d_c2_20-100/4b_v01
WM_ZMQ_MASTER_HEARTBEAT=100
WM_ZMQ_TIMEOUT_FACTOR=300
WM_ZMQ_WORKER_HEARTBEAT=100
XDG_RUNTIME_DIR=/run/user/155282
XDG_SESSION_ID=5453
ZSH=/bin/zsh
CUDA_VISIBLE_DEVICES = 
simulation 4b_v01 root is /ix/lchong/dty7/hiv1_capsid/we/1a43/1d_c2_20-100/4b_v01
starting WEST client processes on: 
gpu-stage11.crc.pitt.edu
current directory is /ix/lchong/dty7/hiv1_capsid/we/1a43/1d_c2_20-100/4b_v01
environment is: 
}
}
 [ $? = 0 ] && eval $(${LMOD_SETTARG_CMD:-:} -s sh)
AMBERHOME=/ihome/crc/build/amber/amber18_x64/amber18
AMBER_PREFIX=/ihome/crc/build/amber/amber18_x64/amber18
AWK=/usr/bin/awk
BASH=/bin/bash
BASH_ENV=/ihome/crc/install/lmod/lmod/init/bash
BASH_FUNC_ml()=() {  eval $($LMOD_DIR/ml_cmd "$@")
BASH_FUNC_module()=() {  eval $($LMOD_CMD bash "$@");
CAT=/bin/cat
_CE_CONDA=
_CE_M=
CLASSPATH=/ihome/crc/install/intel/2017.3.196/compilers_and_libraries_2017.4.196/linux/mpi/intel64/lib/mpi.jar:/ihome/crc/install/intel/2017.3.196/compilers_and_libraries_2017.4.196/linux/daal/lib/daal.jar:/ihome/crc/install/intel/2017.3.196/compilers_and_libraries_2017.4.196/linux/mpi/intel64/lib/mpi.jar:/ihome/crc/install/intel/2017.3.196/compilers_and_libraries_2017.4.196/linux/daal/lib/daal.jar
CMAKE_PREFIX_PATH=/ihome/crc/install/cuda/9.1.85
CONDA_DEFAULT_ENV=base
CONDA_EXE=/ihome/lchong/dty7/Apps/anaconda3/bin/conda
CONDA_PREFIX=/ihome/lchong/dty7/Apps/anaconda3
CONDA_PROMPT_MODIFIER=(base) 
CONDA_PYTHON_EXE=/ihome/lchong/dty7/Apps/anaconda3/bin/python
CONDA_SHLVL=1
CPATH=/ihome/crc/install/intel/2017.3.196/compilers_and_libraries_2017.4.196/linux/ipp/include:/ihome/crc/install/intel/2017.3.196/compilers_and_libraries_2017.4.196/linux/mkl/include:/ihome/crc/install/intel/2017.3.196/compilers_and_libraries_2017.4.196/linux/tbb/include:/ihome/crc/install/intel/2017.3.196/compilers_and_libraries_2017.4.196/linux/daal/include:/ihome/crc/install/intel/2017.3.196/compilers_and_libraries_2017.4.196/linux/ipp/include:/ihome/crc/install/intel/2017.3.196/compilers_and_libraries_2017.4.196/linux/mkl/include:/ihome/crc/install/intel/2017.3.196/compilers_and_libraries_2017.4.196/linux/tbb/include:/ihome/crc/install/intel/2017.3.196/compilers_and_libraries_2017.4.196/linux/daal/include
CP=/bin/cp
CPPTRAJ=/ihome/crc/build/amber/amber18_x64/amber18/bin/cpptraj.cuda
CUDA_ROOT=/ihome/crc/install/cuda/9.1.85
CUDAROOT=/ihome/crc/install/cuda/9.1.85
CUDA_VISIBLE_DEVICES_ALLOCATED=0,1,2,3
CUT=/usr/bin/cut
DAALROOT=/ihome/crc/install/intel/2017.3.196/compilers_and_libraries_2017.4.196/linux/daal
DATE=/bin/date
ECHO=/bin/echo
GDB_CROSS=/ihome/crc/install/intel/2017.3.196/debugger_2017/gdb/intel64_mic/bin/gdb-mic
GDBSERVER_MIC=/ihome/crc/install/intel/2017.3.196/debugger_2017/gdb/targets/mic/bin/gdbserver
GREP=/bin/grep
HEAD=/usr/bin/head
HISTCONTROL=ignoredups
HISTSIZE=1000
HOME=/ihome/lchong/dty7
HOSTNAME=gpu-stage11.crc.pitt.edu
IFCONFIG=/bin/ifconfig
I_MPI_ROOT=/ihome/crc/install/intel/2017.3.196/compilers_and_libraries_2017.4.196/linux/mpi
INFOPATH=/ihome/crc/install/intel/2017.3.196/documentation_2017/en/debugger//gdb-ia/info/:/ihome/crc/install/intel/2017.3.196/documentation_2017/en/debugger//gdb-mic/info/:/ihome/crc/install/intel/2017.3.196/documentation_2017/en/debugger//gdb-igfx/info/:/ihome/crc/install/intel/2017.3.196/documentation_2017/en/debugger//gdb-ia/info/:/ihome/crc/install/intel/2017.3.196/documentation_2017/en/debugger//gdb-mic/info/:/ihome/crc/install/intel/2017.3.196/documentation_2017/en/debugger//gdb-igfx/info/
INTEL_LICENSE_FILE=28519@10.201.0.113:/ihome/crc/install/intel/2017.3.196/compilers_and_libraries_2017.4.196/linux/licenses:/opt/intel/licenses:/ihome/lchong/dty7/intel/licenses
INTEL_PYTHONHOME=/ihome/crc/install/intel/2017.3.196/debugger_2017/python/intel64/
IPPROOT=/ihome/crc/install/intel/2017.3.196/compilers_and_libraries_2017.4.196/linux/ipp
LANG=en_US.UTF-8
LD_LIBRARY_PATH=/ihome/crc/install/intel/2017.3.196/compilers_and_libraries_2017.4.196/linux/compiler/lib/intel64:/ihome/crc/install/intel/2017.3.196/compilers_and_libraries_2017.4.196/linux/compiler/lib/intel64_lin:/ihome/crc/install/intel/2017.3.196/compilers_and_libraries_2017.4.196/linux/mpi/intel64/lib:/ihome/crc/install/intel/2017.3.196/compilers_and_libraries_2017.4.196/linux/mpi/mic/lib:/ihome/crc/install/intel/2017.3.196/compilers_and_libraries_2017.4.196/linux/ipp/lib/intel64:/ihome/crc/install/intel/2017.3.196/compilers_and_libraries_2017.4.196/linux/compiler/lib/intel64_lin:/ihome/crc/install/intel/2017.3.196/compilers_and_libraries_2017.4.196/linux/mkl/lib/intel64_lin:/ihome/crc/install/intel/2017.3.196/compilers_and_libraries_2017.4.196/linux/tbb/lib/intel64/gcc4.7:/ihome/crc/install/intel/2017.3.196/debugger_2017/iga/lib:/ihome/crc/install/intel/2017.3.196/debugger_2017/libipt/intel64/lib:/ihome/crc/install/intel/2017.3.196/compilers_and_libraries_2017.4.196/linux/daal/lib/intel64_lin:/ihome/crc/build/amber/amber18_x64/amber18/lib:/ihome/crc/install/cuda/9.1.85/lib64/stubs:/ihome/crc/install/cuda/9.1.85/lib64:/ihome/crc/install/intel/2017.3.196/compilers_and_libraries_2017.4.196/linux/compiler/lib/intel64:/ihome/crc/install/intel/2017.3.196/compilers_and_libraries_2017.4.196/linux/compiler/lib/intel64_lin:/ihome/crc/install/intel/2017.3.196/compilers_and_libraries_2017.4.196/linux/mpi/intel64/lib:/ihome/crc/install/intel/2017.3.196/compilers_and_libraries_2017.4.196/linux/mpi/mic/lib:/ihome/crc/install/intel/2017.3.196/compilers_and_libraries_2017.4.196/linux/ipp/lib/intel64:/ihome/crc/install/intel/2017.3.196/compilers_and_libraries_2017.4.196/linux/compiler/lib/intel64_lin:/ihome/crc/install/intel/2017.3.196/compilers_and_libraries_2017.4.196/linux/mkl/lib/intel64_lin:/ihome/crc/install/intel/2017.3.196/compilers_and_libraries_2017.4.196/linux/tbb/lib/intel64/gcc4.7:/ihome/crc/install/intel/2017.3.196/debugger_2017/iga/lib:/ihome/crc/install/intel/2017.3.196/debugger_2017/libipt/intel64/lib:/ihome/crc/install/intel/2017.3.196/compilers_and_libraries_2017.4.196/linux/daal/lib/intel64_lin:/ihome/crc/install/intel/2017.3.196/compilers_and_libraries_2017.4.196/linux/tbb/lib/intel64_lin/gcc4.4
LESSOPEN=||/usr/bin/lesspipe.sh %s
LIBRARY_PATH=/ihome/crc/install/intel/2017.3.196/compilers_and_libraries_2017.4.196/linux/ipp/lib/intel64:/ihome/crc/install/intel/2017.3.196/compilers_and_libraries_2017.4.196/linux/compiler/lib/intel64_lin:/ihome/crc/install/intel/2017.3.196/compilers_and_libraries_2017.4.196/linux/mkl/lib/intel64_lin:/ihome/crc/install/intel/2017.3.196/compilers_and_libraries_2017.4.196/linux/tbb/lib/intel64/gcc4.7:/ihome/crc/install/intel/2017.3.196/compilers_and_libraries_2017.4.196/linux/daal/lib/intel64_lin:/ihome/crc/install/cuda/9.1.85/lib64/stubs:/ihome/crc/install/cuda/9.1.85/lib64:/ihome/crc/install/intel/2017.3.196/compilers_and_libraries_2017.4.196/linux/ipp/lib/intel64:/ihome/crc/install/intel/2017.3.196/compilers_and_libraries_2017.4.196/linux/compiler/lib/intel64_lin:/ihome/crc/install/intel/2017.3.196/compilers_and_libraries_2017.4.196/linux/mkl/lib/intel64_lin:/ihome/crc/install/intel/2017.3.196/compilers_and_libraries_2017.4.196/linux/tbb/lib/intel64/gcc4.7:/ihome/crc/install/intel/2017.3.196/compilers_and_libraries_2017.4.196/linux/daal/lib/intel64_lin:/ihome/crc/install/intel/2017.3.196/compilers_and_libraries_2017.4.196/linux/tbb/lib/intel64_lin/gcc4.4
_LMFILES_=/ihome/crc/modules/Core/intel/2017.3.196.lua:/ihome/crc/modules/Core/cuda/9.1.85.lua:/ihome/crc/modules/Compiler/intel/2017.3.196/amber/18.lua
LMOD_arch=x86_64
LMOD_CMD=/ihome/crc/install/lmod/lmod/libexec/lmod
LMOD_COLORIZE=yes
LMOD_DEFAULT_MODULEPATH=/ihome/crc/modules/Core
LMOD_DIR=/ihome/crc/install/lmod/lmod/libexec
LMOD_FULL_SETTARG_SUPPORT=no
LMOD_PKG=/ihome/crc/install/lmod/lmod
LMOD_PREPEND_BLOCK=normal
LMOD_SETTARG_CMD=:
LMOD_sys=Linux
LMOD_VERSION=6.6.3
LN=/bin/ln
LOADEDMODULES=intel/2017.3.196:cuda/9.1.85:amber/18
LOGNAME=dty7
LS_COLORS=rs=0:di=1;35:ln=01;36:mh=00:pi=40;33:so=01;35:do=01;35:bd=40;33;01:cd=40;33;01:or=40;31;01:su=37;41:sg=30;43:ca=30;41:tw=30;42:ow=34;42:st=37;44:ex=01;32:*.tar=01;31:*.tgz=01;31:*.arj=01;31:*.taz=01;31:*.lzh=01;31:*.lzma=01;31:*.tlz=01;31:*.txz=01;31:*.zip=0131:*.z=01;31:*.Z=01;31:*.dz=01;31:*.gz=01;31:*.lz=01;31:*.xz=01;31:*.bz2=01;31:*.bz=01;31:*.tbz=01;31:*.tbz2=01;31:*.tz=01;31:*.deb=01;31:*.rpm=01;31:*.jar=01;31:*.war=01;31:*.ear=01;31:*.sar=01;31:*.rar=01;31:*.ace=01;31:*.zoo=01;31:*.cpio=01;31:*7z=01;31:*.rz=01;31:*.jpg=01;35:*.jpeg=01;35:*.gif=01;35:*.bmp=01;35:*.pbm=01;35:*.pgm=01;35:*.ppm=01;35:*.tga=01;35:*.xbm=01;35:*.xpm=01;35:*.tif=01;35:*.tiff=01;35:*.png=01;35:*.svg=01;35:*.svgz=01;35:*.mng=01;35:*.pcx=01;35:*.mov=01;35:*.mpg=01;35:*.mpeg=01;35:*.m2v=01;35:*.mkv=01;35:*.webm=01;35:*.ogm=01;35:*.mp4=01;35:*.m4v=01;35:*.mp4v=01;35:*.vob=01;35:*.qt=01;35:*.nuv=01;35:*.wmv=01;35:*.asf=01;35:*.rm=01;35:*.rmvb=01;35:*.flc=01;35:*.avi=01;35:*.fli=01;35:*.flv=01;35:*.gl=01;35:*.dl=01;35:*.xcf=01;35:*.xwd=01;35:*.yuv=01;35:*.cgm=01;35:*.emf=01;35:*.axv=01;35:*.anx=01;35:*.ogv=01;35:*.ogx=01;35:*.aac=00;36:*.au=00;36:*.flac=00;36:*.mid=00;36:*.midi=00;36:*.mka=00;36:*.mp3=00;36:*.mpc=00;36:*.ogg=00;36:*.ra=00;36:*.wav=00;36:*.axa=00;36:*.oga=00;36:*.spx=00;36:*.xspf=00;36:
MAIL=/var/spool/mail/dty7
MANPATH=/ihome/crc/install/intel/2017.3.196/man/common:/ihome/crc/install/intel/2017.3.196/compilers_and_libraries_2017.4.196/linux/mpi/man:/ihome/crc/install/intel/2017.3.196/documentation_2017/en/debugger//gdb-ia/man/:/ihome/crc/install/intel/2017.3.196/documentation_2017/en/debugger//gdb-mic/man/:/ihome/crc/install/intel/2017.3.196/documentation_2017/en/debugger//gdb-igfx/man/:/ihome/crc/install/cuda/9.1.85/doc/man:/ihome/crc/install/intel/2017.3.196/man/common:/ihome/crc/install/intel/2017.3.196/compilers_and_libraries_2017.4.196/linux/mpi/man:/ihome/crc/install/intel/2017.3.196/documentation_2017/en/debugger/gdb-ia/man:/ihome/crc/install/intel/2017.3.196/documentation_2017/en/debugger/gdb-mic/man:/ihome/crc/install/intel/2017.3.196/documentation_2017/en/debugger/gdb-igfx/man:/ihome/crc/install/lmod/lmod/share/man:::
MIC_LD_LIBRARY_PATH=/ihome/crc/install/intel/2017.3.196/compilers_and_libraries_2017.4.196/linux/mpi/mic/lib:/ihome/crc/install/intel/2017.3.196/compilers_and_libraries_2017.4.196/linux/compiler/lib/mic:/ihome/crc/install/intel/2017.3.196/compilers_and_libraries_2017.4.196/linux/ipp/lib/mic:/ihome/crc/install/intel/2017.3.196/compilers_and_libraries_2017.4.196/linux/compiler/lib/intel64_lin_mic:/ihome/crc/install/intel/2017.3.196/compilers_and_libraries_2017.4.196/linux/mkl/lib/intel64_lin_mic:/ihome/crc/install/intel/2017.3.196/compilers_and_libraries_2017.4.196/linux/tbb/lib/mic:/ihome/crc/install/intel/2017.3.196/compilers_and_libraries_2017.4.196/linux/mpi/mic/lib:/ihome/crc/install/intel/2017.3.196/compilers_and_libraries_2017.4.196/linux/compiler/lib/mic:/ihome/crc/install/intel/2017.3.196/compilers_and_libraries_2017.4.196/linux/ipp/lib/mic:/ihome/crc/install/intel/2017.3.196/compilers_and_libraries_2017.4.196/linux/compiler/lib/intel64_lin_mic:/ihome/crc/install/intel/2017.3.196/compilers_and_libraries_2017.4.196/linux/mkl/lib/intel64_lin_mic:/ihome/crc/install/intel/2017.3.196/compilers_and_libraries_2017.4.196/linux/tbb/lib/mic
MIC_LIBRARY_PATH=/ihome/crc/install/intel/2017.3.196/compilers_and_libraries_2017.4.196/linux/mpi/mic/lib:/ihome/crc/install/intel/2017.3.196/compilers_and_libraries_2017.4.196/linux/compiler/lib/mic:/ihome/crc/install/intel/2017.3.196/compilers_and_libraries_2017.4.196/linux/compiler/lib/intel64_lin_mic:/ihome/crc/install/intel/2017.3.196/compilers_and_libraries_2017.4.196/linux/mkl/lib/intel64_lin_mic:/ihome/crc/install/intel/2017.3.196/compilers_and_libraries_2017.4.196/linux/tbb/lib/mic:/ihome/crc/install/intel/2017.3.196/compilers_and_libraries_2017.4.196/linux/mpi/mic/lib:/ihome/crc/install/intel/2017.3.196/compilers_and_libraries_2017.4.196/linux/compiler/lib/mic:/ihome/crc/install/intel/2017.3.196/compilers_and_libraries_2017.4.196/linux/compiler/lib/intel64_lin_mic:/ihome/crc/install/intel/2017.3.196/compilers_and_libraries_2017.4.196/linux/mkl/lib/intel64_lin_mic:/ihome/crc/install/intel/2017.3.196/compilers_and_libraries_2017.4.196/linux/tbb/lib/mic
MKDIR=/bin/mkdir
MKLROOT=/ihome/crc/install/intel/2017.3.196/compilers_and_libraries_2017.4.196/linux/mkl
MODULEPATH=/ihome/crc/modules/Compiler/cuda/9.1.85:/ihome/crc/modules/Compiler/intel/2017.3.196:/ihome/crc/modules/Core
MODULEPATH_ROOT=/ihome/crc/modules
MODULESHOME=/ihome/crc/install/lmod/lmod
_ModuleTable001_=X01vZHVsZVRhYmxlXz17WyJhY3RpdmVTaXplIl09MyxiYXNlTXBhdGhBPXsiL2lob21lL2NyYy9tb2R1bGVzL0NvcmUiLH0sWyJjX3JlYnVpbGRUaW1lIl09ZmFsc2UsWyJjX3Nob3J0VGltZSJdPWZhbHNlLGZhbWlseT17fSxpbmFjdGl2ZT17fSxtVD17YW1iZXI9e1siRk4iXT0iL2lob21lL2NyYy9tb2R1bGVzL0NvbXBpbGVyL2ludGVsLzIwMTcuMy4xOTYvYW1iZXIvMTgubHVhIixbImRlZmF1bHQiXT0wLFsiZnVsbE5hbWUiXT0iYW1iZXIvMTgiLFsibG9hZE9yZGVyIl09Myxwcm9wVD17fSxbInNob3J0Il09ImFtYmVyIixbInN0YXR1cyJdPSJhY3RpdmUiLH0sY3VkYT17WyJGTiJdPSIvaWhvbWUvY3JjL21vZHVsZXMvQ29yZS9jdWRhLzkuMS44NS5sdWEiLFsiZGVmYXVs
_ModuleTable002_=dCJdPTAsWyJmdWxsTmFtZSJdPSJjdWRhLzkuMS44NSIsWyJsb2FkT3JkZXIiXT0yLHByb3BUPXt9LFsic2hvcnQiXT0iY3VkYSIsWyJzdGF0dXMiXT0iYWN0aXZlIix9LGludGVsPXtbIkZOIl09Ii9paG9tZS9jcmMvbW9kdWxlcy9Db3JlL2ludGVsLzIwMTcuMy4xOTYubHVhIixbImRlZmF1bHQiXT0wLFsiZnVsbE5hbWUiXT0iaW50ZWwvMjAxNy4zLjE5NiIsWyJsb2FkT3JkZXIiXT0xLHByb3BUPXt9LFsic2hvcnQiXT0iaW50ZWwiLFsic3RhdHVzIl09ImFjdGl2ZSIsfSx9LG1wYXRoQT17Ii9paG9tZS9jcmMvbW9kdWxlcy9Db21waWxlci9jdWRhLzkuMS44NSIsIi9paG9tZS9jcmMvbW9kdWxlcy9Db21waWxlci9pbnRlbC8yMDE3LjMuMTk2IiwiL2lob21lL2NyYy9tb2R1
_ModuleTable003_=bGVzL0NvcmUiLH0sWyJzeXN0ZW1CYXNlTVBBVEgiXT0iL2lob21lL2NyYy9tb2R1bGVzL0NvcmUiLFsidmVyc2lvbiJdPTIsfQ==
_ModuleTable_Sz_=3
MPM_LAUNCHER=/ihome/crc/install/intel/2017.3.196/debugger_2017/mpm/mic/bin/start_mpm.sh
NLSPATH=/ihome/crc/install/intel/2017.3.196/compilers_and_libraries_2017.4.196/linux/compiler/lib/intel64/locale/%l_%t/%N:/ihome/crc/install/intel/2017.3.196/compilers_and_libraries_2017.4.196/linux/mkl/lib/intel64_lin/locale/%l_%t/%N:/ihome/crc/install/intel/2017.3.196/debugger_2017/gdb/intel64_mic/share/locale/%l_%t/%N:/ihome/crc/install/intel/2017.3.196/debugger_2017/gdb/intel64/share/locale/%l_%t/%N:/ihome/crc/install/intel/2017.3.196/compilers_and_libraries_2017.4.196/linux/compiler/lib/intel64/locale/%l_%t/%N:/ihome/crc/install/intel/2017.3.196/compilers_and_libraries_2017.4.196/linux/mkl/lib/intel64_lin/locale/%l_%t/%N:/ihome/crc/install/intel/2017.3.196/debugger_2017/gdb/intel64_mic/share/locale/%l_%t/%N:/ihome/crc/install/intel/2017.3.196/debugger_2017/gdb/intel64/share/locale/%l_%t/%N
NODELOC=
OLDPWD=/ihome/lchong/dty7
PASTE=/usr/bin/paste
PATH=/ihome/crc/install/intel/2017.3.196/compilers_and_libraries_2017.4.196/linux/bin/intel64:/ihome/crc/install/intel/2017.3.196/compilers_and_libraries_2017.4.196/linux/mpi/intel64/bin:/ihome/crc/install/intel/2017.3.196/debugger_2017/gdb/intel64_mic/bin:/ihome/crc/build/amber/amber18_x64/amber18/bin:/ihome/crc/install/cuda/9.1.85/bin:/ihome/crc/install/intel/2017.3.196/compilers_and_libraries_2017.4.196/linux/bin/intel64:/ihome/crc/install/intel/2017.3.196/compilers_and_libraries_2017.4.196/linux/mpi/intel64/bin:/ihome/crc/install/intel/2017.3.196/debugger_2017/gdb/intel64_mic/bin:/ihome/lchong/dty7/Apps/anaconda3/bin:/ihome/lchong/dty7/Apps/anaconda3/condabin:/usr/local/bin:/usr/bin:/usr/local/sbin:/usr/sbin:/ihome/lchong/dty7/.local/bin:/ihome/lchong/dty7/bin
PERL=/usr/bin/perl
PMEMD=/ihome/crc/build/amber/amber18_x64/amber18/bin/pmemd.cuda
PWD=/ix/lchong/dty7/hiv1_capsid/we/1a43/1d_c2_20-100/4b_v01
RM=/bin/rm
SANDER=/ihome/crc/build/amber/amber18_x64/amber18/bin/sander
SED=/bin/sed
SHELL=/bin/bash
SHLVL=2
SIM_NAME=4b_v01
SLURM_NODENAME=gpu-stage11
SORT=/usr/bin/sort
SSH_CLIENT=10.201.2.189 54836 22
SSH_CONNECTION=10.201.2.189 54836 10.201.2.190 22
TAR=/bin/tar
TBBROOT=/ihome/crc/install/intel/2017.3.196/compilers_and_libraries_2017.4.196/linux/tbb
TR=/usr/bin/tr
UNIQ=/usr/bin/uniq
USE_LOCAL_SCRATCH=1
USER=dty7
_=/usr/bin/env
WEST_JOBID=339225
WEST_SIM_ROOT=/ix/lchong/dty7/hiv1_capsid/we/1a43/1d_c2_20-100/4b_v01
WM_ZMQ_MASTER_HEARTBEAT=100
WM_ZMQ_TIMEOUT_FACTOR=300
WM_ZMQ_WORKER_HEARTBEAT=100
XDG_RUNTIME_DIR=/run/user/155282
XDG_SESSION_ID=5453
ZSH=/bin/zsh
CUDA_VISIBLE_DEVICES = 
Shutting down.  Hopefully this was on purpose?
Shutting down.  Hopefully this was on purpose?
