Updating system with the options from the configuration file
Maximum wallclock time: 1 day, 0:00:00

Thu Apr 18 14:29:51 2024
Iteration 201 (300 requested)
Beginning iteration 201
80 segments remain in iteration 201 (80 total)
21 of 26 (80.769231%) active bins are populated
per-bin minimum non-zero probability:       4.04866e-17
per-bin maximum probability:                0.27537
per-bin probability dynamic range (kT):     36.4559
per-segment minimum non-zero probability:   1.72844e-17
per-segment maximum non-zero probability:   0.0913602
per-segment probability dynamic range (kT): 36.2038
norm = 1, error in norm = 0 (0*epsilon)
MAB binning in use
Bottleneck bin occupancy may not be accurately reported
Waiting for segments to complete...
################ MAB stats ################
minima in each dimension:      [35.2412]
maxima in each dimension:      [53.4249]
direction in each dimension:   [86]
skip in each dimension:        [0]
###########################################
Iteration completed successfully
Iteration wallclock: 0:07:13.290928, cputime: 0:29:23.074978


Thu Apr 18 14:37:05 2024
Iteration 202 (300 requested)
Beginning iteration 202
96 segments remain in iteration 202 (96 total)
24 of 26 (92.307692%) active bins are populated
per-bin minimum non-zero probability:       5.53363e-17
per-bin maximum probability:                0.204087
per-bin probability dynamic range (kT):     35.8439
per-segment minimum non-zero probability:   1.38341e-17
per-segment maximum non-zero probability:   0.0913602
per-segment probability dynamic range (kT): 36.4265
norm = 1, error in norm = 0 (0*epsilon)
MAB binning in use
Bottleneck bin occupancy may not be accurately reported
Waiting for segments to complete...
################ MAB stats ################
minima in each dimension:      [35.1184]
maxima in each dimension:      [53.5172]
direction in each dimension:   [86]
skip in each dimension:        [0]
###########################################
Iteration completed successfully
Iteration wallclock: 0:06:28.394194, cputime: 0:35:28.016033


Thu Apr 18 14:43:33 2024
Iteration 203 (300 requested)
Beginning iteration 203
96 segments remain in iteration 203 (96 total)
24 of 26 (92.307692%) active bins are populated
per-bin minimum non-zero probability:       1.38341e-17
per-bin maximum probability:                0.192627
per-bin probability dynamic range (kT):     37.1724
per-segment minimum non-zero probability:   3.45852e-18
per-segment maximum non-zero probability:   0.0618994
per-segment probability dynamic range (kT): 37.4234
norm = 1, error in norm = 2.22045e-16 (1*epsilon)
MAB binning in use
Bottleneck bin occupancy may not be accurately reported
Waiting for segments to complete...
################ MAB stats ################
minima in each dimension:      [34.635]
maxima in each dimension:      [55.1212]
direction in each dimension:   [86]
skip in each dimension:        [0]
###########################################
Iteration completed successfully
Iteration wallclock: 0:06:27.691029, cputime: 0:35:34.525607


Thu Apr 18 14:50:01 2024
Iteration 204 (300 requested)
Beginning iteration 204
96 segments remain in iteration 204 (96 total)
24 of 26 (92.307692%) active bins are populated
per-bin minimum non-zero probability:       7.21635e-17
per-bin maximum probability:                0.210787
per-bin probability dynamic range (kT):     35.6107
per-segment minimum non-zero probability:   1.38877e-17
per-segment maximum non-zero probability:   0.0590931
per-segment probability dynamic range (kT): 35.9869
norm = 1, error in norm = 2.22045e-16 (1*epsilon)
MAB binning in use
Bottleneck bin occupancy may not be accurately reported
Waiting for segments to complete...
################ MAB stats ################
minima in each dimension:      [35.5461]
maxima in each dimension:      [54.982]
direction in each dimension:   [86]
skip in each dimension:        [0]
###########################################
Iteration completed successfully
Iteration wallclock: 0:06:29.425889, cputime: 0:35:38.481955


Thu Apr 18 14:56:30 2024
Iteration 205 (300 requested)
Beginning iteration 205
96 segments remain in iteration 205 (96 total)
24 of 26 (92.307692%) active bins are populated
per-bin minimum non-zero probability:       6.88194e-17
per-bin maximum probability:                0.213285
per-bin probability dynamic range (kT):     35.6699
per-segment minimum non-zero probability:   1.2297e-17
per-segment maximum non-zero probability:   0.0704262
per-segment probability dynamic range (kT): 36.284
norm = 1, error in norm = 0 (0*epsilon)
MAB binning in use
Bottleneck bin occupancy may not be accurately reported
Waiting for segments to complete...
################ MAB stats ################
minima in each dimension:      [34.8993]
maxima in each dimension:      [55.9386]
direction in each dimension:   [86]
skip in each dimension:        [0]
###########################################
Iteration completed successfully
Iteration wallclock: 0:06:31.057420, cputime: 0:35:17.463670


Thu Apr 18 15:03:01 2024
Iteration 206 (300 requested)
Beginning iteration 206
92 segments remain in iteration 206 (92 total)
23 of 26 (88.461538%) active bins are populated
per-bin minimum non-zero probability:       4.63733e-17
per-bin maximum probability:                0.174486
per-bin probability dynamic range (kT):     35.8639
per-segment minimum non-zero probability:   1.08285e-17
per-segment maximum non-zero probability:   0.0612732
per-segment probability dynamic range (kT): 36.2719
norm = 1, error in norm = 0 (0*epsilon)
MAB binning in use
Bottleneck bin occupancy may not be accurately reported
Waiting for segments to complete...
################ MAB stats ################
minima in each dimension:      [33.382]
maxima in each dimension:      [54.0287]
direction in each dimension:   [86]
skip in each dimension:        [0]
###########################################
Iteration completed successfully
Iteration wallclock: 0:06:26.260735, cputime: 0:34:07.730680


Thu Apr 18 15:09:28 2024
Iteration 207 (300 requested)
Beginning iteration 207
92 segments remain in iteration 207 (92 total)
23 of 26 (88.461538%) active bins are populated
per-bin minimum non-zero probability:       7.97297e-17
per-bin maximum probability:                0.155173
per-bin probability dynamic range (kT):     35.2047
per-segment minimum non-zero probability:   1.99324e-17
per-segment maximum non-zero probability:   0.0590931
per-segment probability dynamic range (kT): 35.6255
norm = 1, error in norm = 0 (0*epsilon)
MAB binning in use
Bottleneck bin occupancy may not be accurately reported
Waiting for segments to complete...
################ MAB stats ################
minima in each dimension:      [31.958]
maxima in each dimension:      [54.0803]
direction in each dimension:   [86]
skip in each dimension:        [0]
###########################################
Iteration completed successfully
Iteration wallclock: 0:06:28.576786, cputime: 0:34:02.826764


Thu Apr 18 15:15:56 2024
Iteration 208 (300 requested)
Beginning iteration 208
96 segments remain in iteration 208 (96 total)
24 of 26 (92.307692%) active bins are populated
per-bin minimum non-zero probability:       1.99324e-17
per-bin maximum probability:                0.216934
per-bin probability dynamic range (kT):     36.926
per-segment minimum non-zero probability:   4.98311e-18
per-segment maximum non-zero probability:   0.0657693
per-segment probability dynamic range (kT): 37.1189
norm = 1, error in norm = 0 (0*epsilon)
MAB binning in use
Bottleneck bin occupancy may not be accurately reported
Waiting for segments to complete...
################ MAB stats ################
minima in each dimension:      [33.3636]
maxima in each dimension:      [53.4303]
direction in each dimension:   [86]
skip in each dimension:        [0]
###########################################
Iteration completed successfully
Iteration wallclock: 0:06:29.863300, cputime: 0:35:26.789201


Thu Apr 18 15:22:26 2024
Iteration 209 (300 requested)
Beginning iteration 209
92 segments remain in iteration 209 (92 total)
23 of 26 (88.461538%) active bins are populated
per-bin minimum non-zero probability:       4.49772e-17
per-bin maximum probability:                0.165166
per-bin probability dynamic range (kT):     35.8396
per-segment minimum non-zero probability:   4.98311e-18
per-segment maximum non-zero probability:   0.0590931
per-segment probability dynamic range (kT): 37.0118
norm = 1, error in norm = 0 (0*epsilon)
MAB binning in use
Bottleneck bin occupancy may not be accurately reported
Waiting for segments to complete...
################ MAB stats ################
minima in each dimension:      [33.8926]
maxima in each dimension:      [53.3777]
direction in each dimension:   [86]
skip in each dimension:        [0]
###########################################
Iteration completed successfully
Iteration wallclock: 0:06:26.371756, cputime: 0:34:09.403875


Thu Apr 18 15:28:52 2024
Iteration 210 (300 requested)
Beginning iteration 210
96 segments remain in iteration 210 (96 total)
24 of 26 (92.307692%) active bins are populated
per-bin minimum non-zero probability:       6.03448e-17
per-bin maximum probability:                0.254627
per-bin probability dynamic range (kT):     35.9785
per-segment minimum non-zero probability:   1.98416e-17
per-segment maximum non-zero probability:   0.0489405
per-segment probability dynamic range (kT): 35.4416
norm = 1, error in norm = 0 (0*epsilon)
MAB binning in use
Bottleneck bin occupancy may not be accurately reported
Waiting for segments to complete...
################ MAB stats ################
minima in each dimension:      [33.6709]
maxima in each dimension:      [55.6701]
direction in each dimension:   [86]
skip in each dimension:        [0]
###########################################
Iteration completed successfully
Iteration wallclock: 0:06:30.116182, cputime: 0:35:38.758414


Thu Apr 18 15:35:23 2024
Iteration 211 (300 requested)
Beginning iteration 211
92 segments remain in iteration 211 (92 total)
23 of 26 (88.461538%) active bins are populated
per-bin minimum non-zero probability:       2.01149e-17
per-bin maximum probability:                0.149602
per-bin probability dynamic range (kT):     36.5453
per-segment minimum non-zero probability:   5.02873e-18
per-segment maximum non-zero probability:   0.0489405
per-segment probability dynamic range (kT): 36.8142
norm = 1, error in norm = 0 (0*epsilon)
MAB binning in use
Bottleneck bin occupancy may not be accurately reported
Waiting for segments to complete...
################ MAB stats ################
minima in each dimension:      [33.2773]
maxima in each dimension:      [55.2317]
direction in each dimension:   [86]
skip in each dimension:        [0]
###########################################
Iteration completed successfully
Iteration wallclock: 0:06:26.083956, cputime: 0:34:08.403937


Thu Apr 18 15:41:49 2024
Iteration 212 (300 requested)
Beginning iteration 212
92 segments remain in iteration 212 (92 total)
22 of 26 (84.615385%) active bins are populated
per-bin minimum non-zero probability:       5.02873e-18
per-bin maximum probability:                0.238447
per-bin probability dynamic range (kT):     38.3978
per-segment minimum non-zero probability:   1.25718e-18
per-segment maximum non-zero probability:   0.0839314
per-segment probability dynamic range (kT): 38.7399
norm = 1, error in norm = 0 (0*epsilon)
MAB binning in use
Bottleneck bin occupancy may not be accurately reported
Waiting for segments to complete...
################ MAB stats ################
minima in each dimension:      [33.8429]
maxima in each dimension:      [54.3241]
direction in each dimension:   [86]
skip in each dimension:        [0]
###########################################
Iteration completed successfully
Iteration wallclock: 0:06:26.277910, cputime: 0:34:15.265630


Thu Apr 18 15:48:15 2024
Iteration 213 (300 requested)
Beginning iteration 213
96 segments remain in iteration 213 (96 total)
24 of 26 (92.307692%) active bins are populated
per-bin minimum non-zero probability:       3.77155e-18
per-bin maximum probability:                0.164613
per-bin probability dynamic range (kT):     38.3149
per-segment minimum non-zero probability:   6.28592e-19
per-segment maximum non-zero probability:   0.0489405
per-segment probability dynamic range (kT): 38.8937
norm = 1, error in norm = 0 (0*epsilon)
MAB binning in use
Bottleneck bin occupancy may not be accurately reported
Waiting for segments to complete...
################ MAB stats ################
minima in each dimension:      [32.6581]
maxima in each dimension:      [54.2151]
direction in each dimension:   [86]
skip in each dimension:        [0]
###########################################
Iteration completed successfully
Iteration wallclock: 0:06:31.932070, cputime: 0:35:23.730589


Thu Apr 18 15:54:47 2024
Iteration 214 (300 requested)
Beginning iteration 214
92 segments remain in iteration 214 (92 total)
23 of 26 (88.461538%) active bins are populated
per-bin minimum non-zero probability:       6.73019e-17
per-bin maximum probability:                0.208386
per-bin probability dynamic range (kT):     35.669
per-segment minimum non-zero probability:   8.2365e-18
per-segment maximum non-zero probability:   0.068631
per-segment probability dynamic range (kT): 36.6589
norm = 1, error in norm = 0 (0*epsilon)
MAB binning in use
Bottleneck bin occupancy may not be accurately reported
Waiting for segments to complete...
################ MAB stats ################
minima in each dimension:      [34.7154]
maxima in each dimension:      [53.6431]
direction in each dimension:   [86]
skip in each dimension:        [0]
###########################################
Iteration completed successfully
Iteration wallclock: 0:06:26.225813, cputime: 0:34:14.443659


Thu Apr 18 16:01:13 2024
Iteration 215 (300 requested)
Beginning iteration 215
96 segments remain in iteration 215 (96 total)
24 of 26 (92.307692%) active bins are populated
per-bin minimum non-zero probability:       2.37395e-17
per-bin maximum probability:                0.161239
per-bin probability dynamic range (kT):     36.4545
per-segment minimum non-zero probability:   5.16767e-18
per-segment maximum non-zero probability:   0.068631
per-segment probability dynamic range (kT): 37.1251
norm = 1, error in norm = 0 (0*epsilon)
MAB binning in use
Bottleneck bin occupancy may not be accurately reported
Waiting for segments to complete...
################ MAB stats ################
minima in each dimension:      [35.3252]
maxima in each dimension:      [54.5467]
direction in each dimension:   [86]
skip in each dimension:        [0]
###########################################
Iteration completed successfully
Iteration wallclock: 0:06:28.232167, cputime: 0:35:39.576723


Thu Apr 18 16:07:41 2024
Iteration 216 (300 requested)
Beginning iteration 216
92 segments remain in iteration 216 (92 total)
22 of 26 (84.615385%) active bins are populated
per-bin minimum non-zero probability:       8.31609e-18
per-bin maximum probability:                0.189225
per-bin probability dynamic range (kT):     37.6635
per-segment minimum non-zero probability:   2.07902e-18
per-segment maximum non-zero probability:   0.068631
per-segment probability dynamic range (kT): 38.0356
norm = 1, error in norm = 2.22045e-16 (1*epsilon)
MAB binning in use
Bottleneck bin occupancy may not be accurately reported
Waiting for segments to complete...
################ MAB stats ################
minima in each dimension:      [34.4045]
maxima in each dimension:      [55.1864]
direction in each dimension:   [86]
skip in each dimension:        [0]
###########################################
Iteration completed successfully
Iteration wallclock: 0:06:27.319830, cputime: 0:34:08.461765


Thu Apr 18 16:14:09 2024
Iteration 217 (300 requested)
Beginning iteration 217
88 segments remain in iteration 217 (88 total)
23 of 26 (88.461538%) active bins are populated
per-bin minimum non-zero probability:       2.07902e-18
per-bin maximum probability:                0.167123
per-bin probability dynamic range (kT):     38.9256
per-segment minimum non-zero probability:   5.19755e-19
per-segment maximum non-zero probability:   0.0493839
per-segment probability dynamic range (kT): 39.0928
norm = 1, error in norm = 0 (0*epsilon)
MAB binning in use
Bottleneck bin occupancy may not be accurately reported
Waiting for segments to complete...
################ MAB stats ################
minima in each dimension:      [34.8794]
maxima in each dimension:      [55.6339]
direction in each dimension:   [86]
skip in each dimension:        [0]
###########################################
Iteration completed successfully
Iteration wallclock: 0:05:55.898986, cputime: 0:32:43.748042


Thu Apr 18 16:20:04 2024
Iteration 218 (300 requested)
Beginning iteration 218
92 segments remain in iteration 218 (92 total)
22 of 26 (84.615385%) active bins are populated
per-bin minimum non-zero probability:       5.19755e-19
per-bin maximum probability:                0.247491
per-bin probability dynamic range (kT):     40.7045
per-segment minimum non-zero probability:   1.29939e-19
per-segment maximum non-zero probability:   0.076115
per-segment probability dynamic range (kT): 40.9117
norm = 1, error in norm = -2.22045e-16 (-1*epsilon)
MAB binning in use
Bottleneck bin occupancy may not be accurately reported
Waiting for segments to complete...
################ MAB stats ################
minima in each dimension:      [32.9008]
maxima in each dimension:      [55.3193]
direction in each dimension:   [86]
skip in each dimension:        [0]
###########################################
Iteration completed successfully
Iteration wallclock: 0:06:24.441164, cputime: 0:34:17.025054


Thu Apr 18 16:26:29 2024
Iteration 219 (300 requested)
Beginning iteration 219
92 segments remain in iteration 219 (92 total)
22 of 26 (84.615385%) active bins are populated
per-bin minimum non-zero probability:       1.29939e-19
per-bin maximum probability:                0.225628
per-bin probability dynamic range (kT):     41.9984
per-segment minimum non-zero probability:   3.24847e-20
per-segment maximum non-zero probability:   0.076115
per-segment probability dynamic range (kT): 42.298
norm = 1, error in norm = 2.22045e-16 (1*epsilon)
MAB binning in use
Bottleneck bin occupancy may not be accurately reported
Waiting for segments to complete...
################ MAB stats ################
minima in each dimension:      [33.7602]
maxima in each dimension:      [55.0947]
direction in each dimension:   [86]
skip in each dimension:        [0]
###########################################
Iteration completed successfully
Iteration wallclock: 0:06:26.208686, cputime: 0:34:02.835739


Thu Apr 18 16:32:55 2024
Iteration 220 (300 requested)
Beginning iteration 220
96 segments remain in iteration 220 (96 total)
24 of 26 (92.307692%) active bins are populated
per-bin minimum non-zero probability:       1.59116e-18
per-bin maximum probability:                0.226011
per-bin probability dynamic range (kT):     39.4949
per-segment minimum non-zero probability:   3.24847e-20
per-segment maximum non-zero probability:   0.0744588
per-segment probability dynamic range (kT): 42.276
norm = 1, error in norm = 0 (0*epsilon)
MAB binning in use
Bottleneck bin occupancy may not be accurately reported
Waiting for segments to complete...
################ MAB stats ################
minima in each dimension:      [31.3218]
maxima in each dimension:      [55.4523]
direction in each dimension:   [86]
skip in each dimension:        [0]
###########################################
Iteration completed successfully
Iteration wallclock: 0:06:28.727812, cputime: 0:35:41.209613


Thu Apr 18 16:39:24 2024
Iteration 221 (300 requested)
Beginning iteration 221
88 segments remain in iteration 221 (88 total)
22 of 26 (84.615385%) active bins are populated
per-bin minimum non-zero probability:       8.10128e-18
per-bin maximum probability:                0.28326
per-bin probability dynamic range (kT):     38.0931
per-segment minimum non-zero probability:   1.992e-18
per-segment maximum non-zero probability:   0.0894464
per-segment probability dynamic range (kT): 38.3433
norm = 1, error in norm = 0 (0*epsilon)
MAB binning in use
Bottleneck bin occupancy may not be accurately reported
Waiting for segments to complete...
################ MAB stats ################
minima in each dimension:      [33.0809]
maxima in each dimension:      [54.7524]
direction in each dimension:   [86]
skip in each dimension:        [0]
###########################################
Iteration completed successfully
Iteration wallclock: 0:05:53.788303, cputime: 0:32:49.284532


Thu Apr 18 16:45:18 2024
Iteration 222 (300 requested)
Beginning iteration 222
92 segments remain in iteration 222 (92 total)
22 of 26 (84.615385%) active bins are populated
per-bin minimum non-zero probability:       4.11728e-18
per-bin maximum probability:                0.209761
per-bin probability dynamic range (kT):     38.4695
per-segment minimum non-zero probability:   1.41685e-18
per-segment maximum non-zero probability:   0.0744588
per-segment probability dynamic range (kT): 38.5006
norm = 1, error in norm = 0 (0*epsilon)
MAB binning in use
Bottleneck bin occupancy may not be accurately reported
Waiting for segments to complete...
################ MAB stats ################
minima in each dimension:      [32.316]
maxima in each dimension:      [55.1391]
direction in each dimension:   [86]
skip in each dimension:        [0]
###########################################
Iteration completed successfully
Iteration wallclock: 0:06:27.777834, cputime: 0:34:05.462469


Thu Apr 18 16:51:45 2024
Iteration 223 (300 requested)
Beginning iteration 223
96 segments remain in iteration 223 (96 total)
24 of 26 (92.307692%) active bins are populated
per-bin minimum non-zero probability:       2.83371e-18
per-bin maximum probability:                0.154722
per-bin probability dynamic range (kT):     38.5388
per-segment minimum non-zero probability:   7.08427e-19
per-segment maximum non-zero probability:   0.0744588
per-segment probability dynamic range (kT): 39.1937
norm = 1, error in norm = 0 (0*epsilon)
MAB binning in use
Bottleneck bin occupancy may not be accurately reported
Waiting for segments to complete...
################ MAB stats ################
minima in each dimension:      [32.6112]
maxima in each dimension:      [55.7437]
direction in each dimension:   [86]
skip in each dimension:        [0]
###########################################
Iteration completed successfully
Iteration wallclock: 0:06:35.451079, cputime: 0:35:25.074476


Thu Apr 18 16:58:21 2024
Iteration 224 (300 requested)
Beginning iteration 224
92 segments remain in iteration 224 (92 total)
23 of 26 (88.461538%) active bins are populated
per-bin minimum non-zero probability:       7.08427e-19
per-bin maximum probability:                0.207515
per-bin probability dynamic range (kT):     40.2187
per-segment minimum non-zero probability:   1.77107e-19
per-segment maximum non-zero probability:   0.074606
per-segment probability dynamic range (kT): 40.582
norm = 1, error in norm = 2.22045e-16 (1*epsilon)
MAB binning in use
Bottleneck bin occupancy may not be accurately reported
Waiting for segments to complete...
################ MAB stats ################
minima in each dimension:      [32.3037]
maxima in each dimension:      [54.3957]
direction in each dimension:   [86]
skip in each dimension:        [0]
###########################################
Iteration completed successfully
Iteration wallclock: 0:06:26.727489, cputime: 0:33:54.778344


Thu Apr 18 17:04:48 2024
Iteration 225 (300 requested)
Beginning iteration 225
96 segments remain in iteration 225 (96 total)
23 of 26 (88.461538%) active bins are populated
per-bin minimum non-zero probability:       3.54214e-19
per-bin maximum probability:                0.135794
per-bin probability dynamic range (kT):     40.4878
per-segment minimum non-zero probability:   8.85534e-20
per-segment maximum non-zero probability:   0.0479477
per-segment probability dynamic range (kT): 40.833
norm = 1, error in norm = 2.22045e-16 (1*epsilon)
MAB binning in use
Bottleneck bin occupancy may not be accurately reported
Waiting for segments to complete...
################ MAB stats ################
minima in each dimension:      [33.0]
maxima in each dimension:      [54.1083]
direction in each dimension:   [86]
skip in each dimension:        [0]
###########################################
Iteration completed successfully
Iteration wallclock: 0:06:30.154615, cputime: 0:35:31.420713


Thu Apr 18 17:11:18 2024
Iteration 226 (300 requested)
Beginning iteration 226
96 segments remain in iteration 226 (96 total)
23 of 26 (88.461538%) active bins are populated
per-bin minimum non-zero probability:       8.85534e-20
per-bin maximum probability:                0.180375
per-bin probability dynamic range (kT):     42.158
per-segment minimum non-zero probability:   2.21384e-20
per-segment maximum non-zero probability:   0.0584097
per-segment probability dynamic range (kT): 42.4167
norm = 1, error in norm = 2.22045e-16 (1*epsilon)
MAB binning in use
Bottleneck bin occupancy may not be accurately reported
Waiting for segments to complete...
################ MAB stats ################
minima in each dimension:      [33.0313]
maxima in each dimension:      [55.841]
direction in each dimension:   [86]
skip in each dimension:        [0]
###########################################
Iteration completed successfully
Iteration wallclock: 0:06:27.815561, cputime: 0:35:35.948051


Thu Apr 18 17:17:46 2024
Iteration 227 (300 requested)
Beginning iteration 227
92 segments remain in iteration 227 (92 total)
22 of 26 (84.615385%) active bins are populated
per-bin minimum non-zero probability:       4.11449e-18
per-bin maximum probability:                0.197382
per-bin probability dynamic range (kT):     38.4094
per-segment minimum non-zero probability:   1.02862e-18
per-segment maximum non-zero probability:   0.0611974
per-segment probability dynamic range (kT): 38.6247
norm = 1, error in norm = 0 (0*epsilon)
MAB binning in use
Bottleneck bin occupancy may not be accurately reported
Waiting for segments to complete...
################ MAB stats ################
minima in each dimension:      [32.8306]
maxima in each dimension:      [54.5106]
direction in each dimension:   [86]
skip in each dimension:        [0]
###########################################
Iteration completed successfully
Iteration wallclock: 0:06:24.548637, cputime: 0:34:08.669111


Thu Apr 18 17:24:10 2024
Iteration 228 (300 requested)
Beginning iteration 228
96 segments remain in iteration 228 (96 total)
24 of 26 (92.307692%) active bins are populated
per-bin minimum non-zero probability:       2.54303e-18
per-bin maximum probability:                0.216366
per-bin probability dynamic range (kT):     38.9824
per-segment minimum non-zero probability:   5.04804e-19
per-segment maximum non-zero probability:   0.0611974
per-segment probability dynamic range (kT): 39.3365
norm = 1, error in norm = 0 (0*epsilon)
MAB binning in use
Bottleneck bin occupancy may not be accurately reported
Waiting for segments to complete...
################ MAB stats ################
minima in each dimension:      [33.7722]
maxima in each dimension:      [53.8337]
direction in each dimension:   [86]
skip in each dimension:        [0]
###########################################
Iteration completed successfully
Iteration wallclock: 0:06:26.849127, cputime: 0:35:37.525880


Thu Apr 18 17:30:37 2024
Iteration 229 (300 requested)
Beginning iteration 229
96 segments remain in iteration 229 (96 total)
24 of 26 (92.307692%) active bins are populated
per-bin minimum non-zero probability:       2.61162e-18
per-bin maximum probability:                0.174422
per-bin probability dynamic range (kT):     38.7403
per-segment minimum non-zero probability:   6.52904e-19
per-segment maximum non-zero probability:   0.0611974
per-segment probability dynamic range (kT): 39.0792
norm = 1, error in norm = 0 (0*epsilon)
MAB binning in use
Bottleneck bin occupancy may not be accurately reported
Waiting for segments to complete...
################ MAB stats ################
minima in each dimension:      [33.288]
maxima in each dimension:      [54.0011]
direction in each dimension:   [86]
skip in each dimension:        [0]
###########################################
Iteration completed successfully
Iteration wallclock: 0:06:27.871856, cputime: 0:35:30.760393


Thu Apr 18 17:37:05 2024
Iteration 230 (300 requested)
Beginning iteration 230
96 segments remain in iteration 230 (96 total)
23 of 26 (88.461538%) active bins are populated
per-bin minimum non-zero probability:       1.76984e-18
per-bin maximum probability:                0.201036
per-bin probability dynamic range (kT):     39.2714
per-segment minimum non-zero probability:   4.42461e-19
per-segment maximum non-zero probability:   0.0643812
per-segment probability dynamic range (kT): 39.519
norm = 1, error in norm = 0 (0*epsilon)
MAB binning in use
Bottleneck bin occupancy may not be accurately reported
Waiting for segments to complete...
################ MAB stats ################
minima in each dimension:      [32.3978]
maxima in each dimension:      [53.5749]
direction in each dimension:   [86]
skip in each dimension:        [0]
###########################################
Iteration completed successfully
Iteration wallclock: 0:06:28.680244, cputime: 0:35:31.373403


Thu Apr 18 17:43:34 2024
Iteration 231 (300 requested)
Beginning iteration 231
92 segments remain in iteration 231 (92 total)
23 of 26 (88.461538%) active bins are populated
per-bin minimum non-zero probability:       9.2936e-18
per-bin maximum probability:                0.195297
per-bin probability dynamic range (kT):     37.584
per-segment minimum non-zero probability:   1.83412e-18
per-segment maximum non-zero probability:   0.0643812
per-segment probability dynamic range (kT): 38.097
norm = 1, error in norm = -2.22045e-16 (-1*epsilon)
MAB binning in use
Bottleneck bin occupancy may not be accurately reported
Waiting for segments to complete...
################ MAB stats ################
minima in each dimension:      [31.2228]
maxima in each dimension:      [53.3567]
direction in each dimension:   [86]
skip in each dimension:        [0]
###########################################
Iteration completed successfully
Iteration wallclock: 0:06:26.531456, cputime: 0:34:08.889813


Thu Apr 18 17:50:00 2024
Iteration 232 (300 requested)
Beginning iteration 232
92 segments remain in iteration 232 (92 total)
23 of 26 (88.461538%) active bins are populated
per-bin minimum non-zero probability:       4.48936e-18
per-bin maximum probability:                0.200546
per-bin probability dynamic range (kT):     38.3381
per-segment minimum non-zero probability:   8.85082e-19
per-segment maximum non-zero probability:   0.0643812
per-segment probability dynamic range (kT): 38.8257
norm = 1, error in norm = -1.11022e-16 (-0.5*epsilon)
MAB binning in use
Bottleneck bin occupancy may not be accurately reported
Waiting for segments to complete...
################ MAB stats ################
minima in each dimension:      [32.6271]
maxima in each dimension:      [53.4675]
direction in each dimension:   [86]
skip in each dimension:        [0]
###########################################
Iteration completed successfully
Iteration wallclock: 0:06:24.957478, cputime: 0:34:07.385266


Thu Apr 18 17:56:25 2024
Iteration 233 (300 requested)
Beginning iteration 233
96 segments remain in iteration 233 (96 total)
24 of 26 (92.307692%) active bins are populated
per-bin minimum non-zero probability:       4.14577e-18
per-bin maximum probability:                0.299235
per-bin probability dynamic range (kT):     38.8179
per-segment minimum non-zero probability:   1.03644e-18
per-segment maximum non-zero probability:   0.0973423
per-segment probability dynamic range (kT): 39.0812
norm = 1, error in norm = 0 (0*epsilon)
MAB binning in use
Bottleneck bin occupancy may not be accurately reported
Waiting for segments to complete...
################ MAB stats ################
minima in each dimension:      [32.4312]
maxima in each dimension:      [54.5189]
direction in each dimension:   [86]
skip in each dimension:        [0]
###########################################
Iteration completed successfully
Iteration wallclock: 0:06:27.390463, cputime: 0:35:35.431762


Thu Apr 18 18:02:52 2024
Iteration 234 (300 requested)
Beginning iteration 234
92 segments remain in iteration 234 (92 total)
23 of 26 (88.461538%) active bins are populated
per-bin minimum non-zero probability:       1.10639e-18
per-bin maximum probability:                0.304812
per-bin probability dynamic range (kT):     40.1574
per-segment minimum non-zero probability:   2.76598e-19
per-segment maximum non-zero probability:   0.0973423
per-segment probability dynamic range (kT): 40.4022
norm = 1, error in norm = 2.22045e-16 (1*epsilon)
MAB binning in use
Bottleneck bin occupancy may not be accurately reported
Waiting for segments to complete...
################ MAB stats ################
minima in each dimension:      [32.5207]
maxima in each dimension:      [53.8233]
direction in each dimension:   [86]
skip in each dimension:        [0]
###########################################
Iteration completed successfully
Iteration wallclock: 0:06:25.054654, cputime: 0:34:04.550987


Thu Apr 18 18:09:18 2024
Iteration 235 (300 requested)
Beginning iteration 235
96 segments remain in iteration 235 (96 total)
23 of 26 (88.461538%) active bins are populated
per-bin minimum non-zero probability:       3.34935e-18
per-bin maximum probability:                0.201352
per-bin probability dynamic range (kT):     38.6351
per-segment minimum non-zero probability:   7.68187e-19
per-segment maximum non-zero probability:   0.0659634
per-segment probability dynamic range (kT): 38.9916
norm = 1, error in norm = 0 (0*epsilon)
MAB binning in use
Bottleneck bin occupancy may not be accurately reported
Waiting for segments to complete...
################ MAB stats ################
minima in each dimension:      [30.1097]
maxima in each dimension:      [53.5031]
direction in each dimension:   [86]
skip in each dimension:        [0]
###########################################
Iteration completed successfully
Iteration wallclock: 0:06:26.627509, cputime: 0:35:26.997313


Thu Apr 18 18:15:44 2024
Iteration 236 (300 requested)
Beginning iteration 236
92 segments remain in iteration 236 (92 total)
23 of 26 (88.461538%) active bins are populated
per-bin minimum non-zero probability:       1.63612e-18
per-bin maximum probability:                0.240777
per-bin probability dynamic range (kT):     39.5303
per-segment minimum non-zero probability:   4.09029e-19
per-segment maximum non-zero probability:   0.0895082
per-segment probability dynamic range (kT): 39.9271
norm = 1, error in norm = 2.22045e-16 (1*epsilon)
MAB binning in use
Bottleneck bin occupancy may not be accurately reported
Waiting for segments to complete...
################ MAB stats ################
minima in each dimension:      [31.7211]
maxima in each dimension:      [53.2471]
direction in each dimension:   [86]
skip in each dimension:        [0]
###########################################
Iteration completed successfully
Iteration wallclock: 0:06:25.548543, cputime: 0:33:59.289185


Thu Apr 18 18:22:10 2024
Iteration 237 (300 requested)
Beginning iteration 237
92 segments remain in iteration 237 (92 total)
22 of 26 (84.615385%) active bins are populated
per-bin minimum non-zero probability:       1.98963e-18
per-bin maximum probability:                0.159626
per-bin probability dynamic range (kT):     38.9237
per-segment minimum non-zero probability:   4.53173e-19
per-segment maximum non-zero probability:   0.0517226
per-segment probability dynamic range (kT): 39.2762
norm = 1, error in norm = -2.22045e-16 (-1*epsilon)
MAB binning in use
Bottleneck bin occupancy may not be accurately reported
Waiting for segments to complete...
################ MAB stats ################
minima in each dimension:      [31.7561]
maxima in each dimension:      [53.4143]
direction in each dimension:   [86]
skip in each dimension:        [0]
###########################################
Iteration completed successfully
Iteration wallclock: 0:06:26.778190, cputime: 0:33:57.758512


Thu Apr 18 18:28:36 2024
Iteration 238 (300 requested)
Beginning iteration 238
96 segments remain in iteration 238 (96 total)
24 of 26 (92.307692%) active bins are populated
per-bin minimum non-zero probability:       7.68187e-19
per-bin maximum probability:                0.186005
per-bin probability dynamic range (kT):     40.0283
per-segment minimum non-zero probability:   1.92047e-19
per-segment maximum non-zero probability:   0.0560428
per-segment probability dynamic range (kT): 40.2149
norm = 1, error in norm = 0 (0*epsilon)
MAB binning in use
Bottleneck bin occupancy may not be accurately reported
Waiting for segments to complete...
################ MAB stats ################
minima in each dimension:      [31.4423]
maxima in each dimension:      [52.1129]
direction in each dimension:   [86]
skip in each dimension:        [0]
###########################################
Iteration completed successfully
Iteration wallclock: 0:06:36.560471, cputime: 0:35:23.328141


Thu Apr 18 18:35:13 2024
Iteration 239 (300 requested)
Beginning iteration 239
96 segments remain in iteration 239 (96 total)
23 of 26 (88.461538%) active bins are populated
per-bin minimum non-zero probability:       1.55795e-18
per-bin maximum probability:                0.251706
per-bin probability dynamic range (kT):     39.6237
per-segment minimum non-zero probability:   1.92047e-19
per-segment maximum non-zero probability:   0.0842408
per-segment probability dynamic range (kT): 40.6225
norm = 1, error in norm = 0 (0*epsilon)
MAB binning in use
Bottleneck bin occupancy may not be accurately reported
Waiting for segments to complete...
################ MAB stats ################
minima in each dimension:      [29.7213]
maxima in each dimension:      [52.1018]
direction in each dimension:   [86]
skip in each dimension:        [0]
###########################################
Iteration completed successfully
Iteration wallclock: 0:06:48.485224, cputime: 0:35:36.123155


Thu Apr 18 18:42:02 2024
Iteration 240 (300 requested)
Beginning iteration 240
84 segments remain in iteration 240 (84 total)
21 of 26 (80.769231%) active bins are populated
per-bin minimum non-zero probability:       3.58606e-19
per-bin maximum probability:                0.151756
per-bin probability dynamic range (kT):     40.5866
per-segment minimum non-zero probability:   8.53688e-20
per-segment maximum non-zero probability:   0.0842408
per-segment probability dynamic range (kT): 41.4332
norm = 1, error in norm = 2.22045e-16 (1*epsilon)
MAB binning in use
Bottleneck bin occupancy may not be accurately reported
Waiting for segments to complete...
################ MAB stats ################
minima in each dimension:      [32.992]
maxima in each dimension:      [52.2517]
direction in each dimension:   [86]
skip in each dimension:        [0]
###########################################
Iteration completed successfully
Iteration wallclock: 0:05:55.284664, cputime: 0:31:02.597695


Thu Apr 18 18:47:57 2024
Iteration 241 (300 requested)
Beginning iteration 241
96 segments remain in iteration 241 (96 total)
24 of 26 (92.307692%) active bins are populated
per-bin minimum non-zero probability:       8.53688e-20
per-bin maximum probability:                0.232595
per-bin probability dynamic range (kT):     42.4488
per-segment minimum non-zero probability:   2.13422e-20
per-segment maximum non-zero probability:   0.0842408
per-segment probability dynamic range (kT): 42.8195
norm = 1, error in norm = 2.22045e-16 (1*epsilon)
MAB binning in use
Bottleneck bin occupancy may not be accurately reported
Waiting for segments to complete...
################ MAB stats ################
minima in each dimension:      [31.3806]
maxima in each dimension:      [52.1283]
direction in each dimension:   [86]
skip in each dimension:        [0]
###########################################
Iteration completed successfully
Iteration wallclock: 0:06:29.570545, cputime: 0:35:26.294879


Thu Apr 18 18:54:26 2024
Iteration 242 (300 requested)
Beginning iteration 242
96 segments remain in iteration 242 (96 total)
23 of 26 (88.461538%) active bins are populated
per-bin minimum non-zero probability:       8.55948e-19
per-bin maximum probability:                0.204719
per-bin probability dynamic range (kT):     40.016
per-segment minimum non-zero probability:   2.08651e-19
per-segment maximum non-zero probability:   0.0842408
per-segment probability dynamic range (kT): 40.5395
norm = 1, error in norm = 0 (0*epsilon)
MAB binning in use
Bottleneck bin occupancy may not be accurately reported
Waiting for segments to complete...
################ MAB stats ################
minima in each dimension:      [31.3304]
maxima in each dimension:      [52.2734]
direction in each dimension:   [86]
skip in each dimension:        [0]
###########################################
Iteration completed successfully
Iteration wallclock: 0:06:30.028219, cputime: 0:35:26.751758


Thu Apr 18 19:00:56 2024
Iteration 243 (300 requested)
Beginning iteration 243
92 segments remain in iteration 243 (92 total)
20 of 26 (76.923077%) active bins are populated
per-bin minimum non-zero probability:       2.00873e-18
per-bin maximum probability:                0.145313
per-bin probability dynamic range (kT):     38.8202
per-segment minimum non-zero probability:   1.80241e-19
per-segment maximum non-zero probability:   0.0627509
per-segment probability dynamic range (kT): 40.3914
norm = 1, error in norm = 0 (0*epsilon)
MAB binning in use
Bottleneck bin occupancy may not be accurately reported
Waiting for segments to complete...
################ MAB stats ################
minima in each dimension:      [32.2753]
maxima in each dimension:      [53.2455]
direction in each dimension:   [86]
skip in each dimension:        [0]
###########################################
Iteration completed successfully
Iteration wallclock: 0:06:28.797614, cputime: 0:33:45.298037


Thu Apr 18 19:07:25 2024
Iteration 244 (300 requested)
Beginning iteration 244
96 segments remain in iteration 244 (96 total)
23 of 26 (88.461538%) active bins are populated
per-bin minimum non-zero probability:       9.98455e-19
per-bin maximum probability:                0.18507
per-bin probability dynamic range (kT):     39.7611
per-segment minimum non-zero probability:   1.80241e-19
per-segment maximum non-zero probability:   0.0574249
per-segment probability dynamic range (kT): 40.3027
norm = 1, error in norm = 0 (0*epsilon)
MAB binning in use
Bottleneck bin occupancy may not be accurately reported
Waiting for segments to complete...
################ MAB stats ################
minima in each dimension:      [31.3566]
maxima in each dimension:      [53.2978]
direction in each dimension:   [86]
skip in each dimension:        [0]
###########################################
Iteration completed successfully
Iteration wallclock: 0:06:39.386091, cputime: 0:35:20.499788


Thu Apr 18 19:14:05 2024
Iteration 245 (300 requested)
Beginning iteration 245
92 segments remain in iteration 245 (92 total)
23 of 26 (88.461538%) active bins are populated
per-bin minimum non-zero probability:       6.78435e-19
per-bin maximum probability:                0.222857
per-bin probability dynamic range (kT):     40.3333
per-segment minimum non-zero probability:   1.43139e-19
per-segment maximum non-zero probability:   0.0579562
per-segment probability dynamic range (kT): 40.5424
norm = 1, error in norm = 2.22045e-16 (1*epsilon)
MAB binning in use
Bottleneck bin occupancy may not be accurately reported
Waiting for segments to complete...
################ MAB stats ################
minima in each dimension:      [31.9044]
maxima in each dimension:      [53.5113]
direction in each dimension:   [86]
skip in each dimension:        [0]
###########################################
Iteration completed successfully
Iteration wallclock: 0:06:29.050068, cputime: 0:33:53.859450


Thu Apr 18 19:20:34 2024
Iteration 246 (300 requested)
Beginning iteration 246
92 segments remain in iteration 246 (92 total)
22 of 26 (84.615385%) active bins are populated
per-bin minimum non-zero probability:       7.01826e-19
per-bin maximum probability:                0.221589
per-bin probability dynamic range (kT):     40.2937
per-segment minimum non-zero probability:   1.75456e-19
per-segment maximum non-zero probability:   0.0579562
per-segment probability dynamic range (kT): 40.3388
norm = 1, error in norm = 0 (0*epsilon)
MAB binning in use
Bottleneck bin occupancy may not be accurately reported
Waiting for segments to complete...
################ MAB stats ################
minima in each dimension:      [31.3099]
maxima in each dimension:      [54.471]
direction in each dimension:   [86]
skip in each dimension:        [0]
###########################################
Iteration completed successfully
Iteration wallclock: 0:07:04.659523, cputime: 0:33:33.487486


Thu Apr 18 19:27:38 2024
Iteration 247 (300 requested)
Beginning iteration 247
92 segments remain in iteration 247 (92 total)
22 of 26 (84.615385%) active bins are populated
per-bin minimum non-zero probability:       9.92397e-19
per-bin maximum probability:                0.188034
per-bin probability dynamic range (kT):     39.783
per-segment minimum non-zero probability:   1.75456e-19
per-segment maximum non-zero probability:   0.0579562
per-segment probability dynamic range (kT): 40.3388
norm = 1, error in norm = 0 (0*epsilon)
MAB binning in use
Bottleneck bin occupancy may not be accurately reported
Waiting for segments to complete...
################ MAB stats ################
minima in each dimension:      [30.7732]
maxima in each dimension:      [52.6247]
direction in each dimension:   [86]
skip in each dimension:        [0]
###########################################
Iteration completed successfully
Iteration wallclock: 0:06:38.768423, cputime: 0:33:49.413658


Thu Apr 18 19:34:17 2024
Iteration 248 (300 requested)
Beginning iteration 248
92 segments remain in iteration 248 (92 total)
23 of 26 (88.461538%) active bins are populated
per-bin minimum non-zero probability:       2.64365e-19
per-bin maximum probability:                0.187363
per-bin probability dynamic range (kT):     41.1022
per-segment minimum non-zero probability:   6.60913e-20
per-segment maximum non-zero probability:   0.0579562
per-segment probability dynamic range (kT): 41.3152
norm = 1, error in norm = 0 (0*epsilon)
MAB binning in use
Bottleneck bin occupancy may not be accurately reported
Waiting for segments to complete...
################ MAB stats ################
minima in each dimension:      [31.7374]
maxima in each dimension:      [55.3915]
direction in each dimension:   [86]
skip in each dimension:        [0]
###########################################
Iteration completed successfully
Iteration wallclock: 0:06:47.267305, cputime: 0:33:54.071715


Thu Apr 18 19:41:04 2024
Iteration 249 (300 requested)
Beginning iteration 249
96 segments remain in iteration 249 (96 total)
23 of 26 (88.461538%) active bins are populated
per-bin minimum non-zero probability:       2.64365e-19
per-bin maximum probability:                0.202128
per-bin probability dynamic range (kT):     41.1781
per-segment minimum non-zero probability:   6.60913e-20
per-segment maximum non-zero probability:   0.0673679
per-segment probability dynamic range (kT): 41.4657
norm = 1, error in norm = 0 (0*epsilon)
MAB binning in use
Bottleneck bin occupancy may not be accurately reported
Waiting for segments to complete...
################ MAB stats ################
minima in each dimension:      [31.7902]
maxima in each dimension:      [54.8098]
direction in each dimension:   [86]
skip in each dimension:        [0]
###########################################
Iteration completed successfully
Iteration wallclock: 0:06:27.011558, cputime: 0:35:30.020826


Thu Apr 18 19:47:31 2024
Iteration 250 (300 requested)
Beginning iteration 250
92 segments remain in iteration 250 (92 total)
23 of 26 (88.461538%) active bins are populated
per-bin minimum non-zero probability:       1.32183e-19
per-bin maximum probability:                0.151849
per-bin probability dynamic range (kT):     41.5852
per-segment minimum non-zero probability:   3.30457e-20
per-segment maximum non-zero probability:   0.0673679
per-segment probability dynamic range (kT): 42.1588
norm = 1, error in norm = 0 (0*epsilon)
MAB binning in use
Bottleneck bin occupancy may not be accurately reported
Waiting for segments to complete...
################ MAB stats ################
minima in each dimension:      [32.0553]
maxima in each dimension:      [54.1088]
direction in each dimension:   [86]
skip in each dimension:        [0]
###########################################
Iteration completed successfully
Iteration wallclock: 0:06:29.895879, cputime: 0:34:05.215915


Thu Apr 18 19:54:01 2024
Iteration 251 (300 requested)
Beginning iteration 251
92 segments remain in iteration 251 (92 total)
24 of 26 (92.307692%) active bins are populated
per-bin minimum non-zero probability:       2.97411e-19
per-bin maximum probability:                0.203559
per-bin probability dynamic range (kT):     41.0674
per-segment minimum non-zero probability:   6.60913e-20
per-segment maximum non-zero probability:   0.0673679
per-segment probability dynamic range (kT): 41.4657
norm = 1, error in norm = 2.22045e-16 (1*epsilon)
MAB binning in use
Bottleneck bin occupancy may not be accurately reported
Waiting for segments to complete...
################ MAB stats ################
minima in each dimension:      [30.5609]
maxima in each dimension:      [53.6863]
direction in each dimension:   [86]
skip in each dimension:        [0]
###########################################
Iteration completed successfully
Iteration wallclock: 0:06:24.936217, cputime: 0:34:04.621552


Thu Apr 18 20:00:26 2024
Iteration 252 (300 requested)
Beginning iteration 252
92 segments remain in iteration 252 (92 total)
24 of 26 (92.307692%) active bins are populated
per-bin minimum non-zero probability:       1.55918e-19
per-bin maximum probability:                0.189621
per-bin probability dynamic range (kT):     41.6422
per-segment minimum non-zero probability:   3.89794e-20
per-segment maximum non-zero probability:   0.0502836
per-segment probability dynamic range (kT): 41.7012
norm = 1, error in norm = 2.22045e-16 (1*epsilon)
MAB binning in use
Bottleneck bin occupancy may not be accurately reported
Waiting for segments to complete...
################ MAB stats ################
minima in each dimension:      [30.6369]
maxima in each dimension:      [52.6375]
direction in each dimension:   [86]
skip in each dimension:        [0]
###########################################
Iteration completed successfully
Iteration wallclock: 0:06:25.981991, cputime: 0:33:59.442714


Thu Apr 18 20:06:52 2024
Iteration 253 (300 requested)
Beginning iteration 253
88 segments remain in iteration 253 (88 total)
22 of 26 (84.615385%) active bins are populated
per-bin minimum non-zero probability:       3.2592e-19
per-bin maximum probability:                0.225037
per-bin probability dynamic range (kT):     41.0761
per-segment minimum non-zero probability:   7.12122e-20
per-segment maximum non-zero probability:   0.0742811
per-segment probability dynamic range (kT): 41.4887
norm = 1, error in norm = 0 (0*epsilon)
MAB binning in use
Bottleneck bin occupancy may not be accurately reported
Waiting for segments to complete...
################ MAB stats ################
minima in each dimension:      [30.514]
maxima in each dimension:      [54.5308]
direction in each dimension:   [86]
skip in each dimension:        [0]
###########################################
Iteration completed successfully
Iteration wallclock: 0:05:55.693401, cputime: 0:32:46.613571


Thu Apr 18 20:12:48 2024
Iteration 254 (300 requested)
Beginning iteration 254
92 segments remain in iteration 254 (92 total)
23 of 26 (88.461538%) active bins are populated
per-bin minimum non-zero probability:       4.46575e-19
per-bin maximum probability:                0.414204
per-bin probability dynamic range (kT):     41.3713
per-segment minimum non-zero probability:   7.12122e-20
per-segment maximum non-zero probability:   0.148479
per-segment probability dynamic range (kT): 42.1813
norm = 1, error in norm = 0 (0*epsilon)
MAB binning in use
Bottleneck bin occupancy may not be accurately reported
Waiting for segments to complete...
################ MAB stats ################
minima in each dimension:      [28.8067]
maxima in each dimension:      [53.39]
direction in each dimension:   [86]
skip in each dimension:        [0]
###########################################
Iteration completed successfully
Iteration wallclock: 0:06:33.098118, cputime: 0:33:59.437338


Thu Apr 18 20:19:21 2024
Iteration 255 (300 requested)
Beginning iteration 255
92 segments remain in iteration 255 (92 total)
22 of 26 (84.615385%) active bins are populated
per-bin minimum non-zero probability:       7.33036e-20
per-bin maximum probability:                0.258135
per-bin probability dynamic range (kT):     42.7054
per-segment minimum non-zero probability:   1.83259e-20
per-segment maximum non-zero probability:   0.084187
per-segment probability dynamic range (kT): 42.9713
norm = 1, error in norm = 0 (0*epsilon)
MAB binning in use
Bottleneck bin occupancy may not be accurately reported
Waiting for segments to complete...
################ MAB stats ################
minima in each dimension:      [31.4701]
maxima in each dimension:      [54.5255]
direction in each dimension:   [86]
skip in each dimension:        [0]
###########################################
Iteration completed successfully
Iteration wallclock: 0:06:25.411910, cputime: 0:34:11.750353


Thu Apr 18 20:25:46 2024
Iteration 256 (300 requested)
Beginning iteration 256
92 segments remain in iteration 256 (92 total)
22 of 26 (84.615385%) active bins are populated
per-bin minimum non-zero probability:       1.78835e-19
per-bin maximum probability:                0.188898
per-bin probability dynamic range (kT):     41.5013
per-segment minimum non-zero probability:   3.66518e-20
per-segment maximum non-zero probability:   0.084187
per-segment probability dynamic range (kT): 42.2781
norm = 1, error in norm = 0 (0*epsilon)
MAB binning in use
Bottleneck bin occupancy may not be accurately reported
Waiting for segments to complete...
################ MAB stats ################
minima in each dimension:      [30.8595]
maxima in each dimension:      [54.2404]
direction in each dimension:   [86]
skip in each dimension:        [0]
###########################################
Iteration completed successfully
Iteration wallclock: 0:15:23.811851, cputime: 0:34:03.707343


Thu Apr 18 20:41:10 2024
Iteration 257 (300 requested)
Beginning iteration 257
96 segments remain in iteration 257 (96 total)
23 of 26 (88.461538%) active bins are populated
per-bin minimum non-zero probability:       8.94174e-20
per-bin maximum probability:                0.196567
per-bin probability dynamic range (kT):     42.2342
per-segment minimum non-zero probability:   2.23544e-20
per-segment maximum non-zero probability:   0.0609526
per-segment probability dynamic range (kT): 42.4496
norm = 1, error in norm = 2.22045e-16 (1*epsilon)
MAB binning in use
Bottleneck bin occupancy may not be accurately reported
Waiting for segments to complete...
################ MAB stats ################
minima in each dimension:      [30.8318]
maxima in each dimension:      [54.1833]
direction in each dimension:   [86]
skip in each dimension:        [0]
###########################################
Iteration completed successfully
Iteration wallclock: 0:14:53.809675, cputime: 0:35:40.840083


Thu Apr 18 20:56:04 2024
Iteration 258 (300 requested)
Beginning iteration 258
96 segments remain in iteration 258 (96 total)
23 of 26 (88.461538%) active bins are populated
per-bin minimum non-zero probability:       2.35463e-19
per-bin maximum probability:                0.216542
per-bin probability dynamic range (kT):     41.3628
per-segment minimum non-zero probability:   4.12303e-20
per-segment maximum non-zero probability:   0.0740376
per-segment probability dynamic range (kT): 42.0319
norm = 1, error in norm = 0 (0*epsilon)
MAB binning in use
Bottleneck bin occupancy may not be accurately reported
Waiting for segments to complete...
################ MAB stats ################
minima in each dimension:      [31.3792]
maxima in each dimension:      [52.2508]
direction in each dimension:   [86]
skip in each dimension:        [0]
###########################################
Iteration completed successfully
Iteration wallclock: 0:06:25.336545, cputime: 0:35:39.818939


Thu Apr 18 21:02:29 2024
Iteration 259 (300 requested)
Beginning iteration 259
92 segments remain in iteration 259 (92 total)
23 of 26 (88.461538%) active bins are populated
per-bin minimum non-zero probability:       4.68702e-19
per-bin maximum probability:                0.182042
per-bin probability dynamic range (kT):     40.5008
per-segment minimum non-zero probability:   5.87478e-20
per-segment maximum non-zero probability:   0.0671516
per-segment probability dynamic range (kT): 41.5802
norm = 1, error in norm = 2.22045e-16 (1*epsilon)
MAB binning in use
Bottleneck bin occupancy may not be accurately reported
Waiting for segments to complete...
################ MAB stats ################
minima in each dimension:      [31.8454]
maxima in each dimension:      [52.8623]
direction in each dimension:   [86]
skip in each dimension:        [0]
###########################################
Iteration completed successfully
Iteration wallclock: 0:06:25.093991, cputime: 0:34:10.798445


Thu Apr 18 21:08:55 2024
Iteration 260 (300 requested)
Beginning iteration 260
92 segments remain in iteration 260 (92 total)
23 of 26 (88.461538%) active bins are populated
per-bin minimum non-zero probability:       9.28389e-20
per-bin maximum probability:                0.184174
per-bin probability dynamic range (kT):     42.1315
per-segment minimum non-zero probability:   2.32097e-20
per-segment maximum non-zero probability:   0.0561982
per-segment probability dynamic range (kT): 42.3308
norm = 1, error in norm = 2.22045e-16 (1*epsilon)
MAB binning in use
Bottleneck bin occupancy may not be accurately reported
Waiting for segments to complete...
################ MAB stats ################
minima in each dimension:      [30.3653]
maxima in each dimension:      [52.4689]
direction in each dimension:   [86]
skip in each dimension:        [0]
###########################################
Iteration completed successfully
Iteration wallclock: 0:06:25.127816, cputime: 0:34:03.158542


Thu Apr 18 21:15:20 2024
Iteration 261 (300 requested)
Beginning iteration 261
88 segments remain in iteration 261 (88 total)
22 of 26 (84.615385%) active bins are populated
per-bin minimum non-zero probability:       9.28389e-20
per-bin maximum probability:                0.182903
per-bin probability dynamic range (kT):     42.1246
per-segment minimum non-zero probability:   2.32097e-20
per-segment maximum non-zero probability:   0.0561982
per-segment probability dynamic range (kT): 42.3308
norm = 1, error in norm = 2.22045e-16 (1*epsilon)
MAB binning in use
Bottleneck bin occupancy may not be accurately reported
Waiting for segments to complete...
################ MAB stats ################
minima in each dimension:      [31.586]
maxima in each dimension:      [54.9186]
direction in each dimension:   [86]
skip in each dimension:        [0]
###########################################
Iteration completed successfully
Iteration wallclock: 0:05:52.822917, cputime: 0:32:32.351095


Thu Apr 18 21:21:12 2024
Iteration 262 (300 requested)
Beginning iteration 262
96 segments remain in iteration 262 (96 total)
23 of 26 (88.461538%) active bins are populated
per-bin minimum non-zero probability:       4.64194e-20
per-bin maximum probability:                0.19638
per-bin probability dynamic range (kT):     42.8889
per-segment minimum non-zero probability:   1.16049e-20
per-segment maximum non-zero probability:   0.0546595
per-segment probability dynamic range (kT): 42.9962
norm = 1, error in norm = 2.22045e-16 (1*epsilon)
MAB binning in use
Bottleneck bin occupancy may not be accurately reported
Waiting for segments to complete...
################ MAB stats ################
minima in each dimension:      [32.0951]
maxima in each dimension:      [54.5009]
direction in each dimension:   [86]
skip in each dimension:        [0]
###########################################
Iteration completed successfully
Iteration wallclock: 0:27:49.458904, cputime: 0:35:29.747692


Thu Apr 18 21:49:02 2024
Iteration 263 (300 requested)
Beginning iteration 263
96 segments remain in iteration 263 (96 total)
24 of 26 (92.307692%) active bins are populated
per-bin minimum non-zero probability:       1.56929e-20
per-bin maximum probability:                0.127464
per-bin probability dynamic range (kT):     43.5412
per-segment minimum non-zero probability:   3.92322e-21
per-segment maximum non-zero probability:   0.0546595
per-segment probability dynamic range (kT): 44.0807
norm = 1, error in norm = 2.22045e-16 (1*epsilon)
MAB binning in use
Bottleneck bin occupancy may not be accurately reported
Waiting for segments to complete...
################ MAB stats ################
minima in each dimension:      [32.2966]
maxima in each dimension:      [54.2013]
direction in each dimension:   [86]
skip in each dimension:        [0]
###########################################
Iteration completed successfully
Iteration wallclock: 0:06:26.163151, cputime: 0:35:32.135277


Thu Apr 18 21:55:28 2024
Iteration 264 (300 requested)
Beginning iteration 264
92 segments remain in iteration 264 (92 total)
23 of 26 (88.461538%) active bins are populated
per-bin minimum non-zero probability:       6.59902e-20
per-bin maximum probability:                0.164122
per-bin probability dynamic range (kT):     42.3576
per-segment minimum non-zero probability:   1.11772e-20
per-segment maximum non-zero probability:   0.0495287
per-segment probability dynamic range (kT): 42.9352
norm = 1, error in norm = 2.22045e-16 (1*epsilon)
MAB binning in use
Bottleneck bin occupancy may not be accurately reported
Waiting for segments to complete...
################ MAB stats ################
minima in each dimension:      [30.2961]
maxima in each dimension:      [55.336]
direction in each dimension:   [86]
skip in each dimension:        [0]
###########################################
Iteration completed successfully
Iteration wallclock: 0:06:24.477556, cputime: 0:34:18.969616


Thu Apr 18 22:01:53 2024
Iteration 265 (300 requested)
Beginning iteration 265
84 segments remain in iteration 265 (84 total)
21 of 26 (80.769231%) active bins are populated
per-bin minimum non-zero probability:       1.11772e-20
per-bin maximum probability:                0.193793
per-bin probability dynamic range (kT):     44.2994
per-segment minimum non-zero probability:   2.79429e-21
per-segment maximum non-zero probability:   0.062906
per-segment probability dynamic range (kT): 44.5606
norm = 1, error in norm = 2.22045e-16 (1*epsilon)
MAB binning in use
Bottleneck bin occupancy may not be accurately reported
Waiting for segments to complete...
################ MAB stats ################
minima in each dimension:      [32.5202]
maxima in each dimension:      [54.8073]
direction in each dimension:   [86]
skip in each dimension:        [0]
###########################################
Iteration completed successfully
Iteration wallclock: 0:05:52.256342, cputime: 0:31:03.298726


Thu Apr 18 22:07:45 2024
Iteration 266 (300 requested)
Beginning iteration 266
92 segments remain in iteration 266 (92 total)
24 of 26 (92.307692%) active bins are populated
per-bin minimum non-zero probability:       2.79429e-21
per-bin maximum probability:                0.158884
per-bin probability dynamic range (kT):     45.4871
per-segment minimum non-zero probability:   6.98573e-22
per-segment maximum non-zero probability:   0.062906
per-segment probability dynamic range (kT): 45.9469
norm = 1, error in norm = 2.22045e-16 (1*epsilon)
MAB binning in use
Bottleneck bin occupancy may not be accurately reported
Waiting for segments to complete...
################ MAB stats ################
minima in each dimension:      [30.9617]
maxima in each dimension:      [56.3395]
direction in each dimension:   [86]
skip in each dimension:        [0]
###########################################
Iteration completed successfully
Iteration wallclock: 0:06:23.576186, cputime: 0:34:10.834706


Thu Apr 18 22:14:08 2024
Iteration 267 (300 requested)
Beginning iteration 267
92 segments remain in iteration 267 (92 total)
23 of 26 (88.461538%) active bins are populated
per-bin minimum non-zero probability:       6.98573e-22
per-bin maximum probability:                0.211367
per-bin probability dynamic range (kT):     47.1588
per-segment minimum non-zero probability:   1.74643e-22
per-segment maximum non-zero probability:   0.0718379
per-segment probability dynamic range (kT): 47.466
norm = 1, error in norm = 2.22045e-16 (1*epsilon)
MAB binning in use
Bottleneck bin occupancy may not be accurately reported
Waiting for segments to complete...
################ MAB stats ################
minima in each dimension:      [31.1012]
maxima in each dimension:      [55.4699]
direction in each dimension:   [86]
skip in each dimension:        [0]
###########################################
Iteration completed successfully
Iteration wallclock: 0:06:22.153844, cputime: 0:34:11.655336


Thu Apr 18 22:20:31 2024
Iteration 268 (300 requested)
Beginning iteration 268
96 segments remain in iteration 268 (96 total)
24 of 26 (92.307692%) active bins are populated
per-bin minimum non-zero probability:       3.49287e-22
per-bin maximum probability:                0.17783
per-bin probability dynamic range (kT):     47.6792
per-segment minimum non-zero probability:   8.73217e-23
per-segment maximum non-zero probability:   0.0718379
per-segment probability dynamic range (kT): 48.1591
norm = 1, error in norm = 2.22045e-16 (1*epsilon)
MAB binning in use
Bottleneck bin occupancy may not be accurately reported
Waiting for segments to complete...
################ MAB stats ################
minima in each dimension:      [30.9153]
maxima in each dimension:      [54.7411]
direction in each dimension:   [86]
skip in each dimension:        [0]
###########################################
Iteration completed successfully
Iteration wallclock: 0:06:25.507657, cputime: 0:35:42.919029


Thu Apr 18 22:26:56 2024
Iteration 269 (300 requested)
Beginning iteration 269
96 segments remain in iteration 269 (96 total)
23 of 26 (88.461538%) active bins are populated
per-bin minimum non-zero probability:       3.48706e-21
per-bin maximum probability:                0.186545
per-bin probability dynamic range (kT):     45.4261
per-segment minimum non-zero probability:   8.71766e-22
per-segment maximum non-zero probability:   0.0718379
per-segment probability dynamic range (kT): 45.8582
norm = 1, error in norm = 2.22045e-16 (1*epsilon)
MAB binning in use
Bottleneck bin occupancy may not be accurately reported
Waiting for segments to complete...
################ MAB stats ################
minima in each dimension:      [30.7998]
maxima in each dimension:      [56.2901]
direction in each dimension:   [86]
skip in each dimension:        [0]
###########################################
Iteration completed successfully
Iteration wallclock: 0:06:26.091561, cputime: 0:35:29.865961


Thu Apr 18 22:33:22 2024
Iteration 270 (300 requested)
Beginning iteration 270
92 segments remain in iteration 270 (92 total)
23 of 26 (88.461538%) active bins are populated
per-bin minimum non-zero probability:       8.73217e-22
per-bin maximum probability:                0.195223
per-bin probability dynamic range (kT):     46.8562
per-segment minimum non-zero probability:   2.18304e-22
per-segment maximum non-zero probability:   0.0555352
per-segment probability dynamic range (kT): 46.9854
norm = 1, error in norm = 0 (0*epsilon)
MAB binning in use
Bottleneck bin occupancy may not be accurately reported
Waiting for segments to complete...
################ MAB stats ################
minima in each dimension:      [29.3516]
maxima in each dimension:      [56.2986]
direction in each dimension:   [86]
skip in each dimension:        [0]
###########################################
Iteration completed successfully
Iteration wallclock: 0:06:24.772400, cputime: 0:34:06.035580


Thu Apr 18 22:39:47 2024
Iteration 271 (300 requested)
Beginning iteration 271
92 segments remain in iteration 271 (92 total)
23 of 26 (88.461538%) active bins are populated
per-bin minimum non-zero probability:       1.10637e-21
per-bin maximum probability:                0.232518
per-bin probability dynamic range (kT):     46.7944
per-segment minimum non-zero probability:   1.84394e-22
per-segment maximum non-zero probability:   0.0760519
per-segment probability dynamic range (kT): 47.4686
norm = 1, error in norm = 2.22045e-16 (1*epsilon)
MAB binning in use
Bottleneck bin occupancy may not be accurately reported
Waiting for segments to complete...
################ MAB stats ################
minima in each dimension:      [31.6675]
maxima in each dimension:      [56.2628]
direction in each dimension:   [86]
skip in each dimension:        [0]
###########################################
Iteration completed successfully
Iteration wallclock: 0:06:24.336194, cputime: 0:34:10.373901


Thu Apr 18 22:46:11 2024
Iteration 272 (300 requested)
Beginning iteration 272
96 segments remain in iteration 272 (96 total)
23 of 26 (88.461538%) active bins are populated
per-bin minimum non-zero probability:       3.68789e-22
per-bin maximum probability:                0.20362
per-bin probability dynamic range (kT):     47.7603
per-segment minimum non-zero probability:   9.21972e-23
per-segment maximum non-zero probability:   0.0544762
per-segment probability dynamic range (kT): 47.8281
norm = 1, error in norm = 2.22045e-16 (1*epsilon)
MAB binning in use
Bottleneck bin occupancy may not be accurately reported
Waiting for segments to complete...
################ MAB stats ################
minima in each dimension:      [33.2601]
maxima in each dimension:      [54.9138]
direction in each dimension:   [86]
skip in each dimension:        [0]
###########################################
Iteration completed successfully
Iteration wallclock: 0:06:23.821808, cputime: 0:35:38.678562


Thu Apr 18 22:52:35 2024
Iteration 273 (300 requested)
Beginning iteration 273
96 segments remain in iteration 273 (96 total)
24 of 26 (92.307692%) active bins are populated
per-bin minimum non-zero probability:       6.20618e-21
per-bin maximum probability:                0.217488
per-bin probability dynamic range (kT):     45.0031
per-segment minimum non-zero probability:   1.61452e-21
per-segment maximum non-zero probability:   0.0651861
per-segment probability dynamic range (kT): 45.1447
norm = 1, error in norm = 2.22045e-16 (1*epsilon)
MAB binning in use
Bottleneck bin occupancy may not be accurately reported
Waiting for segments to complete...
################ MAB stats ################
minima in each dimension:      [31.7844]
maxima in each dimension:      [55.5885]
direction in each dimension:   [86]
skip in each dimension:        [0]
###########################################
Iteration completed successfully
Iteration wallclock: 0:06:25.366169, cputime: 0:35:42.645702


Thu Apr 18 22:59:01 2024
Iteration 274 (300 requested)
Beginning iteration 274
96 segments remain in iteration 274 (96 total)
24 of 26 (92.307692%) active bins are populated
per-bin minimum non-zero probability:       2.11892e-21
per-bin maximum probability:                0.182772
per-bin probability dynamic range (kT):     45.9039
per-segment minimum non-zero probability:   5.2973e-22
per-segment maximum non-zero probability:   0.0623984
per-segment probability dynamic range (kT): 46.2155
norm = 1, error in norm = 2.22045e-16 (1*epsilon)
MAB binning in use
Bottleneck bin occupancy may not be accurately reported
Waiting for segments to complete...
################ MAB stats ################
minima in each dimension:      [32.2858]
maxima in each dimension:      [56.4943]
direction in each dimension:   [86]
skip in each dimension:        [0]
###########################################
Iteration completed successfully
Iteration wallclock: 0:06:25.993173, cputime: 0:35:47.693766


Thu Apr 18 23:05:27 2024
Iteration 275 (300 requested)
Beginning iteration 275
92 segments remain in iteration 275 (92 total)
22 of 26 (84.615385%) active bins are populated
per-bin minimum non-zero probability:       5.2973e-22
per-bin maximum probability:                0.204377
per-bin probability dynamic range (kT):     47.4019
per-segment minimum non-zero probability:   1.32433e-22
per-segment maximum non-zero probability:   0.0623984
per-segment probability dynamic range (kT): 47.6018
norm = 1, error in norm = 2.22045e-16 (1*epsilon)
MAB binning in use
Bottleneck bin occupancy may not be accurately reported
Waiting for segments to complete...
################ MAB stats ################
minima in each dimension:      [32.1384]
maxima in each dimension:      [55.844]
direction in each dimension:   [86]
skip in each dimension:        [0]
###########################################
Iteration completed successfully
Iteration wallclock: 0:06:24.655008, cputime: 0:34:15.570674


Thu Apr 18 23:11:51 2024
Iteration 276 (300 requested)
Beginning iteration 276
96 segments remain in iteration 276 (96 total)
23 of 26 (88.461538%) active bins are populated
per-bin minimum non-zero probability:       1.32433e-22
per-bin maximum probability:                0.16812
per-bin probability dynamic range (kT):     48.5929
per-segment minimum non-zero probability:   3.31081e-23
per-segment maximum non-zero probability:   0.0536709
per-segment probability dynamic range (kT): 48.8374
norm = 1, error in norm = 0 (0*epsilon)
MAB binning in use
Bottleneck bin occupancy may not be accurately reported
Waiting for segments to complete...
################ MAB stats ################
minima in each dimension:      [31.5667]
maxima in each dimension:      [56.5474]
direction in each dimension:   [86]
skip in each dimension:        [0]
###########################################
Iteration completed successfully
Iteration wallclock: 0:06:25.168208, cputime: 0:35:41.287034


Thu Apr 18 23:18:16 2024
Iteration 277 (300 requested)
Beginning iteration 277
96 segments remain in iteration 277 (96 total)
24 of 26 (92.307692%) active bins are populated
per-bin minimum non-zero probability:       1.32433e-22
per-bin maximum probability:                0.194024
per-bin probability dynamic range (kT):     48.7362
per-segment minimum non-zero probability:   3.31081e-23
per-segment maximum non-zero probability:   0.0654235
per-segment probability dynamic range (kT): 49.0354
norm = 1, error in norm = 2.22045e-16 (1*epsilon)
MAB binning in use
Bottleneck bin occupancy may not be accurately reported
Waiting for segments to complete...
################ MAB stats ################
minima in each dimension:      [31.6821]
maxima in each dimension:      [57.147]
direction in each dimension:   [86]
skip in each dimension:        [0]
###########################################
Iteration completed successfully
Iteration wallclock: 0:06:27.311069, cputime: 0:35:41.204512


Thu Apr 18 23:24:44 2024
Iteration 278 (300 requested)
Beginning iteration 278
84 segments remain in iteration 278 (84 total)
21 of 26 (80.769231%) active bins are populated
per-bin minimum non-zero probability:       8.41989e-22
per-bin maximum probability:                0.168278
per-bin probability dynamic range (kT):     46.7441
per-segment minimum non-zero probability:   2.10497e-22
per-segment maximum non-zero probability:   0.0654235
per-segment probability dynamic range (kT): 47.1857
norm = 1, error in norm = 2.22045e-16 (1*epsilon)
MAB binning in use
Bottleneck bin occupancy may not be accurately reported
Waiting for segments to complete...
################ MAB stats ################
minima in each dimension:      [32.4787]
maxima in each dimension:      [55.4328]
direction in each dimension:   [86]
skip in each dimension:        [0]
###########################################
Iteration completed successfully
Iteration wallclock: 0:05:52.005998, cputime: 0:31:16.258122


Thu Apr 18 23:30:36 2024
Iteration 279 (300 requested)
Beginning iteration 279
96 segments remain in iteration 279 (96 total)
23 of 26 (88.461538%) active bins are populated
per-bin minimum non-zero probability:       2.10497e-22
per-bin maximum probability:                0.138943
per-bin probability dynamic range (kT):     47.9389
per-segment minimum non-zero probability:   5.26243e-23
per-segment maximum non-zero probability:   0.052338
per-segment probability dynamic range (kT): 48.3488
norm = 1, error in norm = 2.22045e-16 (1*epsilon)
MAB binning in use
Bottleneck bin occupancy may not be accurately reported
Waiting for segments to complete...
################ MAB stats ################
minima in each dimension:      [31.853]
maxima in each dimension:      [57.0791]
direction in each dimension:   [86]
skip in each dimension:        [0]
###########################################
Iteration completed successfully
Iteration wallclock: 0:06:26.981614, cputime: 0:35:35.465738


Thu Apr 18 23:37:03 2024
Iteration 280 (300 requested)
Beginning iteration 280
92 segments remain in iteration 280 (92 total)
23 of 26 (88.461538%) active bins are populated
per-bin minimum non-zero probability:       2.54845e-22
per-bin maximum probability:                0.202105
per-bin probability dynamic range (kT):     48.1224
per-segment minimum non-zero probability:   5.05551e-23
per-segment maximum non-zero probability:   0.0791754
per-segment probability dynamic range (kT): 48.8029
norm = 1, error in norm = 2.22045e-16 (1*epsilon)
MAB binning in use
Bottleneck bin occupancy may not be accurately reported
Waiting for segments to complete...
################ MAB stats ################
minima in each dimension:      [30.5613]
maxima in each dimension:      [54.8037]
direction in each dimension:   [86]
skip in each dimension:        [0]
###########################################
Iteration completed successfully
Iteration wallclock: 0:06:25.964783, cputime: 0:34:12.311679


Thu Apr 18 23:43:29 2024
Iteration 281 (300 requested)
Beginning iteration 281
92 segments remain in iteration 281 (92 total)
23 of 26 (88.461538%) active bins are populated
per-bin minimum non-zero probability:       2.58591e-22
per-bin maximum probability:                0.139729
per-bin probability dynamic range (kT):     47.7387
per-segment minimum non-zero probability:   6.46477e-23
per-segment maximum non-zero probability:   0.052338
per-segment probability dynamic range (kT): 48.1431
norm = 1, error in norm = 2.22045e-16 (1*epsilon)
MAB binning in use
Bottleneck bin occupancy may not be accurately reported
Waiting for segments to complete...
################ MAB stats ################
minima in each dimension:      [30.9176]
maxima in each dimension:      [55.9066]
direction in each dimension:   [86]
skip in each dimension:        [0]
###########################################
Iteration completed successfully
Iteration wallclock: 0:06:26.764456, cputime: 0:34:02.238490


Thu Apr 18 23:49:55 2024
Iteration 282 (300 requested)
Beginning iteration 282
92 segments remain in iteration 282 (92 total)
23 of 26 (88.461538%) active bins are populated
per-bin minimum non-zero probability:       1.76577e-22
per-bin maximum probability:                0.162378
per-bin probability dynamic range (kT):     48.2705
per-segment minimum non-zero probability:   4.41442e-23
per-segment maximum non-zero probability:   0.0524702
per-segment probability dynamic range (kT): 48.5271
norm = 1, error in norm = 2.22045e-16 (1*epsilon)
MAB binning in use
Bottleneck bin occupancy may not be accurately reported
Waiting for segments to complete...
################ MAB stats ################
minima in each dimension:      [32.1312]
maxima in each dimension:      [56.8242]
direction in each dimension:   [86]
skip in each dimension:        [0]
###########################################
Iteration completed successfully
Iteration wallclock: 0:06:26.774487, cputime: 0:34:04.853808


Thu Apr 18 23:56:22 2024
Iteration 283 (300 requested)
Beginning iteration 283
96 segments remain in iteration 283 (96 total)
24 of 26 (92.307692%) active bins are populated
per-bin minimum non-zero probability:       4.41442e-23
per-bin maximum probability:                0.168939
per-bin probability dynamic range (kT):     49.6964
per-segment minimum non-zero probability:   1.1036e-23
per-segment maximum non-zero probability:   0.052338
per-segment probability dynamic range (kT): 49.9108
norm = 1, error in norm = 0 (0*epsilon)
MAB binning in use
Bottleneck bin occupancy may not be accurately reported
Waiting for segments to complete...
################ MAB stats ################
minima in each dimension:      [31.1353]
maxima in each dimension:      [57.7337]
direction in each dimension:   [86]
skip in each dimension:        [0]
###########################################
Iteration completed successfully
Iteration wallclock: 0:06:34.935251, cputime: 0:35:09.407836


Fri Apr 19 00:02:57 2024
Iteration 284 (300 requested)
Beginning iteration 284
96 segments remain in iteration 284 (96 total)
24 of 26 (92.307692%) active bins are populated
per-bin minimum non-zero probability:       2.20721e-23
per-bin maximum probability:                0.149273
per-bin probability dynamic range (kT):     50.2657
per-segment minimum non-zero probability:   5.51802e-24
per-segment maximum non-zero probability:   0.0484747
per-segment probability dynamic range (kT): 50.5273
norm = 1, error in norm = 4.44089e-16 (2*epsilon)
MAB binning in use
Bottleneck bin occupancy may not be accurately reported
Waiting for segments to complete...
################ MAB stats ################
minima in each dimension:      [32.8954]
maxima in each dimension:      [56.9487]
direction in each dimension:   [86]
skip in each dimension:        [0]
###########################################
Iteration completed successfully
Iteration wallclock: 0:06:29.725625, cputime: 0:35:29.051112


Fri Apr 19 00:09:27 2024
Iteration 285 (300 requested)
Beginning iteration 285
96 segments remain in iteration 285 (96 total)
24 of 26 (92.307692%) active bins are populated
per-bin minimum non-zero probability:       5.51802e-24
per-bin maximum probability:                0.189081
per-bin probability dynamic range (kT):     51.8884
per-segment minimum non-zero probability:   1.37951e-24
per-segment maximum non-zero probability:   0.0691998
per-segment probability dynamic range (kT): 52.2696
norm = 1, error in norm = 2.22045e-16 (1*epsilon)
MAB binning in use
Bottleneck bin occupancy may not be accurately reported
Waiting for segments to complete...
################ MAB stats ################
minima in each dimension:      [31.9196]
maxima in each dimension:      [55.3409]
direction in each dimension:   [86]
skip in each dimension:        [0]
###########################################
Iteration completed successfully
Iteration wallclock: 0:06:32.894716, cputime: 0:35:34.288989


Fri Apr 19 00:16:00 2024
Iteration 286 (300 requested)
Beginning iteration 286
96 segments remain in iteration 286 (96 total)
24 of 26 (92.307692%) active bins are populated
per-bin minimum non-zero probability:       3.39748e-23
per-bin maximum probability:                0.177889
per-bin probability dynamic range (kT):     50.0098
per-segment minimum non-zero probability:   7.0508e-24
per-segment maximum non-zero probability:   0.0604072
per-segment probability dynamic range (kT): 50.5023
norm = 1, error in norm = 2.22045e-16 (1*epsilon)
MAB binning in use
Bottleneck bin occupancy may not be accurately reported
Waiting for segments to complete...
################ MAB stats ################
minima in each dimension:      [32.6368]
maxima in each dimension:      [53.8195]
direction in each dimension:   [86]
skip in each dimension:        [0]
###########################################
Iteration completed successfully
Iteration wallclock: 0:06:26.563744, cputime: 0:35:29.908877


Fri Apr 19 00:22:26 2024
Iteration 287 (300 requested)
Beginning iteration 287
96 segments remain in iteration 287 (96 total)
24 of 26 (92.307692%) active bins are populated
per-bin minimum non-zero probability:       5.82401e-23
per-bin maximum probability:                0.171678
per-bin probability dynamic range (kT):     49.4353
per-segment minimum non-zero probability:   1.27973e-23
per-segment maximum non-zero probability:   0.0604072
per-segment probability dynamic range (kT): 49.9062
norm = 1, error in norm = 2.22045e-16 (1*epsilon)
MAB binning in use
Bottleneck bin occupancy may not be accurately reported
Waiting for segments to complete...
################ MAB stats ################
minima in each dimension:      [32.504]
maxima in each dimension:      [54.667]
direction in each dimension:   [86]
skip in each dimension:        [0]
###########################################
Iteration completed successfully
Iteration wallclock: 0:06:43.326437, cputime: 0:35:24.260386


Fri Apr 19 00:29:10 2024
Iteration 288 (300 requested)
Beginning iteration 288
92 segments remain in iteration 288 (92 total)
23 of 26 (88.461538%) active bins are populated
per-bin minimum non-zero probability:       2.55947e-23
per-bin maximum probability:                0.179962
per-bin probability dynamic range (kT):     50.3047
per-segment minimum non-zero probability:   6.39866e-24
per-segment maximum non-zero probability:   0.0618485
per-segment probability dynamic range (kT): 50.6229
norm = 1, error in norm = 2.22045e-16 (1*epsilon)
MAB binning in use
Bottleneck bin occupancy may not be accurately reported
Waiting for segments to complete...
################ MAB stats ################
minima in each dimension:      [33.0299]
maxima in each dimension:      [55.5428]
direction in each dimension:   [86]
skip in each dimension:        [0]
###########################################
Iteration completed successfully
Iteration wallclock: 0:06:23.342748, cputime: 0:34:09.059671


Fri Apr 19 00:35:33 2024
Iteration 289 (300 requested)
Beginning iteration 289
92 segments remain in iteration 289 (92 total)
23 of 26 (88.461538%) active bins are populated
per-bin minimum non-zero probability:       1.27973e-23
per-bin maximum probability:                0.166804
per-bin probability dynamic range (kT):     50.9219
per-segment minimum non-zero probability:   3.19933e-24
per-segment maximum non-zero probability:   0.0531709
per-segment probability dynamic range (kT): 51.1649
norm = 1, error in norm = 2.22045e-16 (1*epsilon)
MAB binning in use
Bottleneck bin occupancy may not be accurately reported
Waiting for segments to complete...
################ MAB stats ################
minima in each dimension:      [34.0278]
maxima in each dimension:      [55.2085]
direction in each dimension:   [86]
skip in each dimension:        [0]
###########################################
Iteration completed successfully
Iteration wallclock: 0:06:21.923815, cputime: 0:34:10.032673


Fri Apr 19 00:41:55 2024
Iteration 290 (300 requested)
Beginning iteration 290
92 segments remain in iteration 290 (92 total)
23 of 26 (88.461538%) active bins are populated
per-bin minimum non-zero probability:       3.19933e-24
per-bin maximum probability:                0.185993
per-bin probability dynamic range (kT):     52.4171
per-segment minimum non-zero probability:   7.99833e-25
per-segment maximum non-zero probability:   0.0570959
per-segment probability dynamic range (kT): 52.6224
norm = 1, error in norm = 4.44089e-16 (2*epsilon)
MAB binning in use
Bottleneck bin occupancy may not be accurately reported
Waiting for segments to complete...
################ MAB stats ################
minima in each dimension:      [33.3759]
maxima in each dimension:      [54.7965]
direction in each dimension:   [86]
skip in each dimension:        [0]
###########################################
Iteration completed successfully
Iteration wallclock: 0:06:24.640340, cputime: 0:34:00.237766


Fri Apr 19 00:48:20 2024
Iteration 291 (300 requested)
Beginning iteration 291
96 segments remain in iteration 291 (96 total)
24 of 26 (92.307692%) active bins are populated
per-bin minimum non-zero probability:       7.99833e-25
per-bin maximum probability:                0.204438
per-bin probability dynamic range (kT):     53.8979
per-segment minimum non-zero probability:   1.99958e-25
per-segment maximum non-zero probability:   0.0679705
per-segment probability dynamic range (kT): 54.183
norm = 1, error in norm = 2.22045e-16 (1*epsilon)
MAB binning in use
Bottleneck bin occupancy may not be accurately reported
Waiting for segments to complete...
################ MAB stats ################
minima in each dimension:      [34.4055]
maxima in each dimension:      [52.2458]
direction in each dimension:   [86]
skip in each dimension:        [0]
###########################################
Iteration completed successfully
Iteration wallclock: 0:06:33.261578, cputime: 0:35:15.866019


Fri Apr 19 00:54:53 2024
Iteration 292 (300 requested)
Beginning iteration 292
96 segments remain in iteration 292 (96 total)
24 of 26 (92.307692%) active bins are populated
per-bin minimum non-zero probability:       1.04801e-23
per-bin maximum probability:                0.146071
per-bin probability dynamic range (kT):     50.9889
per-segment minimum non-zero probability:   2.37008e-24
per-segment maximum non-zero probability:   0.0570959
per-segment probability dynamic range (kT): 51.5361
norm = 1, error in norm = 0 (0*epsilon)
MAB binning in use
Bottleneck bin occupancy may not be accurately reported
Waiting for segments to complete...
################ MAB stats ################
minima in each dimension:      [32.8011]
maxima in each dimension:      [51.9846]
direction in each dimension:   [86]
skip in each dimension:        [0]
###########################################
Iteration completed successfully
Iteration wallclock: 0:06:29.515799, cputime: 0:35:26.022096


Fri Apr 19 01:01:22 2024
Iteration 293 (300 requested)
Beginning iteration 293
96 segments remain in iteration 293 (96 total)
23 of 26 (88.461538%) active bins are populated
per-bin minimum non-zero probability:       2.51074e-24
per-bin maximum probability:                0.128554
per-bin probability dynamic range (kT):     52.2901
per-segment minimum non-zero probability:   6.27685e-25
per-segment maximum non-zero probability:   0.0424963
per-segment probability dynamic range (kT): 52.5694
norm = 1, error in norm = 2.22045e-16 (1*epsilon)
MAB binning in use
Bottleneck bin occupancy may not be accurately reported
Waiting for segments to complete...
################ MAB stats ################
minima in each dimension:      [34.5877]
maxima in each dimension:      [53.0415]
direction in each dimension:   [86]
skip in each dimension:        [0]
###########################################
Iteration completed successfully
Iteration wallclock: 0:06:27.475917, cputime: 0:35:32.152819


Fri Apr 19 01:07:50 2024
Iteration 294 (300 requested)
Beginning iteration 294
96 segments remain in iteration 294 (96 total)
24 of 26 (92.307692%) active bins are populated
per-bin minimum non-zero probability:       6.27685e-25
per-bin maximum probability:                0.168027
per-bin probability dynamic range (kT):     53.9441
per-segment minimum non-zero probability:   1.56921e-25
per-segment maximum non-zero probability:   0.0521854
per-segment probability dynamic range (kT): 54.1611
norm = 1, error in norm = 0 (0*epsilon)
MAB binning in use
Bottleneck bin occupancy may not be accurately reported
Waiting for segments to complete...
################ MAB stats ################
minima in each dimension:      [33.3858]
maxima in each dimension:      [53.7143]
direction in each dimension:   [86]
skip in each dimension:        [0]
###########################################
Iteration completed successfully
Iteration wallclock: 0:06:26.718212, cputime: 0:35:44.136042


Fri Apr 19 01:14:17 2024
Iteration 295 (300 requested)
Beginning iteration 295
96 segments remain in iteration 295 (96 total)
24 of 26 (92.307692%) active bins are populated
per-bin minimum non-zero probability:       4.4439e-25
per-bin maximum probability:                0.115775
per-bin probability dynamic range (kT):     53.917
per-segment minimum non-zero probability:   1.11097e-25
per-segment maximum non-zero probability:   0.0434563
per-segment probability dynamic range (kT): 54.3234
norm = 1, error in norm = 2.22045e-16 (1*epsilon)
MAB binning in use
Bottleneck bin occupancy may not be accurately reported
Waiting for segments to complete...
################ MAB stats ################
minima in each dimension:      [32.4561]
maxima in each dimension:      [53.0114]
direction in each dimension:   [86]
skip in each dimension:        [0]
###########################################
Iteration completed successfully
Iteration wallclock: 0:06:30.543491, cputime: 0:35:07.358829


Fri Apr 19 01:20:47 2024
Iteration 296 (300 requested)
Beginning iteration 296
92 segments remain in iteration 296 (92 total)
23 of 26 (88.461538%) active bins are populated
per-bin minimum non-zero probability:       1.4813e-25
per-bin maximum probability:                0.165679
per-bin probability dynamic range (kT):     55.374
per-segment minimum non-zero probability:   3.70325e-26
per-segment maximum non-zero probability:   0.0520374
per-segment probability dynamic range (kT): 55.6022
norm = 1, error in norm = 4.44089e-16 (2*epsilon)
MAB binning in use
Bottleneck bin occupancy may not be accurately reported
Waiting for segments to complete...
################ MAB stats ################
minima in each dimension:      [33.0285]
maxima in each dimension:      [53.6106]
direction in each dimension:   [86]
skip in each dimension:        [0]
###########################################
Iteration completed successfully
Iteration wallclock: 0:06:25.663175, cputime: 0:34:00.438472


Fri Apr 19 01:27:13 2024
Iteration 297 (300 requested)
Beginning iteration 297
92 segments remain in iteration 297 (92 total)
23 of 26 (88.461538%) active bins are populated
per-bin minimum non-zero probability:       3.70325e-26
per-bin maximum probability:                0.145102
per-bin probability dynamic range (kT):     56.6277
per-segment minimum non-zero probability:   9.25812e-27
per-segment maximum non-zero probability:   0.0449895
per-segment probability dynamic range (kT): 56.843
norm = 1, error in norm = 2.22045e-16 (1*epsilon)
MAB binning in use
Bottleneck bin occupancy may not be accurately reported
Waiting for segments to complete...
################ MAB stats ################
minima in each dimension:      [34.7916]
maxima in each dimension:      [55.0473]
direction in each dimension:   [86]
skip in each dimension:        [0]
###########################################
Iteration completed successfully
Iteration wallclock: 0:06:22.962748, cputime: 0:34:03.205254


Fri Apr 19 01:33:36 2024
Iteration 298 (300 requested)
Beginning iteration 298
92 segments remain in iteration 298 (92 total)
23 of 26 (88.461538%) active bins are populated
per-bin minimum non-zero probability:       7.4065e-26
per-bin maximum probability:                0.155931
per-bin probability dynamic range (kT):     56.0065
per-segment minimum non-zero probability:   9.25812e-27
per-segment maximum non-zero probability:   0.051682
per-segment probability dynamic range (kT): 56.9816
norm = 1, error in norm = -1.11022e-16 (-0.5*epsilon)
MAB binning in use
Bottleneck bin occupancy may not be accurately reported
Waiting for segments to complete...
################ MAB stats ################
minima in each dimension:      [33.6577]
maxima in each dimension:      [55.091]
direction in each dimension:   [86]
skip in each dimension:        [0]
###########################################
Iteration completed successfully
Iteration wallclock: 0:06:24.613993, cputime: 0:34:07.160238


Fri Apr 19 01:40:00 2024
Iteration 299 (300 requested)
Beginning iteration 299
92 segments remain in iteration 299 (92 total)
23 of 26 (88.461538%) active bins are populated
per-bin minimum non-zero probability:       1.85162e-26
per-bin maximum probability:                0.179466
per-bin probability dynamic range (kT):     57.5334
per-segment minimum non-zero probability:   4.62906e-27
per-segment maximum non-zero probability:   0.0587732
per-segment probability dynamic range (kT): 57.8034
norm = 1, error in norm = 2.22045e-16 (1*epsilon)
MAB binning in use
Bottleneck bin occupancy may not be accurately reported
Waiting for segments to complete...
################ MAB stats ################
minima in each dimension:      [35.0191]
maxima in each dimension:      [56.3855]
direction in each dimension:   [86]
skip in each dimension:        [0]
###########################################
Iteration completed successfully
Iteration wallclock: 0:06:25.109169, cputime: 0:34:07.207619


Fri Apr 19 01:46:25 2024
Iteration 300 (300 requested)
Beginning iteration 300
88 segments remain in iteration 300 (88 total)
21 of 26 (80.769231%) active bins are populated
per-bin minimum non-zero probability:       1.38872e-26
per-bin maximum probability:                0.128722
per-bin probability dynamic range (kT):     57.4887
per-segment minimum non-zero probability:   3.08604e-27
per-segment maximum non-zero probability:   0.0587732
per-segment probability dynamic range (kT): 58.2088
norm = 1, error in norm = 0 (0*epsilon)
MAB binning in use
Bottleneck bin occupancy may not be accurately reported
Waiting for segments to complete...
################ MAB stats ################
minima in each dimension:      [34.3681]
maxima in each dimension:      [54.428]
direction in each dimension:   [86]
skip in each dimension:        [0]
###########################################
Iteration completed successfully
Iteration wallclock: 0:05:51.696386, cputime: 0:32:47.658797


Fri Apr 19 01:52:17 2024
WEST run complete.
