
CPPTRAJ: Trajectory Analysis. V6.4.4 (AmberTools)
    ___  ___  ___  ___
     | \/ | \/ | \/ | 
    _|_/\_|_/\_|_/\_|_

| Date/time: 09/21/23 13:07:57
| Available memory: 10.801 GB

INPUT: Reading input from 'STDIN'
  [parm m01_2kod_dry.prmtop]
	Reading 'm01_2kod_dry.prmtop' as Amber Topology
	Radius Set: modified Bondi radii (mbondi)
  [trajin i4000_agg.nc]
	Reading 'i4000_agg.nc' as Amber NetCDF
  [autoimage]
    AUTOIMAGE: To box center based on center of mass, anchor is first molecule.
  [multidihedral phi resrange 41-41 out M1_W184_phi.dat]
    MULTIDIHEDRAL: Calculating phi dihedrals for residues in range 41-41
	Output to M1_W184_phi.dat
	Output range is -180 to 180 degrees.
  [multidihedral psi resrange 41-41 out M1_W184_psi.dat]
    MULTIDIHEDRAL: Calculating psi dihedrals for residues in range 41-41
	Output to M1_W184_psi.dat
	Output range is -180 to 180 degrees.
  [multidihedral dihtype chi1:N:CA:CB:CG dihtype chi2:CA:CB:CG:CD1 resrange 41-41 out M1_W184_chi123.dat]
    MULTIDIHEDRAL: Calculating chi1 chi2 dihedrals for residues in range 41-41
	Output to M1_W184_chi123.dat
	Output range is -180 to 180 degrees.
  [multidihedral phi resrange 129-129 out M2_W184_phi.dat]
    MULTIDIHEDRAL: Calculating phi dihedrals for residues in range 129-129
	Output to M2_W184_phi.dat
	Output range is -180 to 180 degrees.
  [multidihedral psi resrange 129-129 out M2_W184_psi.dat]
    MULTIDIHEDRAL: Calculating psi dihedrals for residues in range 129-129
	Output to M2_W184_psi.dat
	Output range is -180 to 180 degrees.
  [multidihedral dihtype chi1:N:CA:CB:CG dihtype chi2:CA:CB:CG:CD1 resrange 129-129 out M2_W184_chi123.dat]
    MULTIDIHEDRAL: Calculating chi1 chi2 dihedrals for residues in range 129-129
	Output to M2_W184_chi123.dat
	Output range is -180 to 180 degrees.
  [go]
---------- RUN BEGIN -------------------------------------------------

PARAMETER FILES (1 total):
 0: m01_2kod_dry.prmtop, 2760 atoms, 176 res, box: Truncated octahedron, 2 mol

INPUT TRAJECTORIES (1 total):
 0: 'i4000_agg.nc' is a NetCDF AMBER trajectory with coordinates, time, box, Parm m01_2kod_dry.prmtop (Truncated octahedron box) (reading 1424520 of 1424520)
  Coordinate processing will occur on 1424520 frames.

BEGIN TRAJECTORY PROCESSING:
.....................................................
ACTION SETUP FOR PARM 'm01_2kod_dry.prmtop' (7 actions):
  0: [autoimage]
	Original box is truncated octahedron, turning on 'familiar'.
	Using first molecule as anchor.
	1 molecules are fixed to anchor: 2
	0 molecules are mobile.
  1: [multidihedral phi resrange 41-41 out M1_W184_phi.dat]
	ResRange=[41-41] phi, 1 dihedrals.
	1 [phi:41]: ASN@C TRP@N TRP@CA TRP@C
  2: [multidihedral psi resrange 41-41 out M1_W184_psi.dat]
	ResRange=[41-41] psi, 1 dihedrals.
	1 [psi:41]: TRP@N TRP@CA TRP@C MET@N
  3: [multidihedral dihtype chi1:N:CA:CB:CG dihtype chi2:CA:CB:CG:CD1 resrange 41-41 out M1_W184_chi123.dat]
	ResRange=[41-41] chi1 chi2, 2 dihedrals.
	1 [chi1:41]: TRP@N TRP@CA TRP@CB TRP@CG
	2 [chi2:41]: TRP@CA TRP@CB TRP@CG TRP@CD1
  4: [multidihedral phi resrange 129-129 out M2_W184_phi.dat]
	ResRange=[129-129] phi, 1 dihedrals.
	1 [phi:129]: ASN@C TRP@N TRP@CA TRP@C
  5: [multidihedral psi resrange 129-129 out M2_W184_psi.dat]
	ResRange=[129-129] psi, 1 dihedrals.
	1 [psi:129]: TRP@N TRP@CA TRP@C MET@N
  6: [multidihedral dihtype chi1:N:CA:CB:CG dihtype chi2:CA:CB:CG:CD1 resrange 129-129 out M2_W184_chi123.dat]
	ResRange=[129-129] chi1 chi2, 2 dihedrals.
	1 [chi1:129]: TRP@N TRP@CA TRP@CB TRP@CG
	2 [chi2:129]: TRP@CA TRP@CB TRP@CG TRP@CD1
----- i4000_agg.nc (1-1424520, 1) -----
 0% 10% 20% 30% 40% 50% 60% 70% 80% 90% 100% Complete.

Read 1424520 frames and processed 1424520 frames.
TIME: Avg. throughput= 3400.9533 frames / second.

ACTION OUTPUT:
TIME: Analyses took 0.0000 seconds.

DATASETS (8 total):
	MDIH_00001[phi]:41 "phi:41" (double, torsion(phi)), size is 1424520 (11.396 MB)
	MDIH_00002[psi]:41 "psi:41" (double, torsion(psi)), size is 1424520 (11.396 MB)
	MDIH_00003[chi1]:41 "chi1:41" (double, torsion), size is 1424520 (11.396 MB)
	MDIH_00003[chi2]:41 "chi2:41" (double, torsion), size is 1424520 (11.396 MB)
	MDIH_00005[phi]:129 "phi:129" (double, torsion(phi)), size is 1424520 (11.396 MB)
	MDIH_00006[psi]:129 "psi:129" (double, torsion(psi)), size is 1424520 (11.396 MB)
	MDIH_00007[chi1]:129 "chi1:129" (double, torsion), size is 1424520 (11.396 MB)
	MDIH_00007[chi2]:129 "chi2:129" (double, torsion), size is 1424520 (11.396 MB)
    Total data set memory usage is at least 91.169 MB

DATAFILES (6 total):
  M1_W184_phi.dat (Standard Data File):  phi:41
  M1_W184_psi.dat (Standard Data File):  psi:41
  M1_W184_chi123.dat (Standard Data File):  chi1:41 chi2:41
  M2_W184_phi.dat (Standard Data File):  phi:129
  M2_W184_psi.dat (Standard Data File):  psi:129
  M2_W184_chi123.dat (Standard Data File):  chi1:129 chi2:129

RUN TIMING:
TIME:		Init               : 0.0000 s (  0.00%)
TIME:		Trajectory Process : 418.8590 s ( 97.29%)
TIME:		Action Post        : 0.0000 s (  0.00%)
TIME:		Analysis           : 0.0000 s (  0.00%)
TIME:		Data File Write    : 11.6590 s (  2.71%)
TIME:		Other              : 0.0000 s (  0.00%)
TIME:	Run Total 430.5181 s
---------- RUN END ---------------------------------------------------
TIME: Total execution time: 436.1174 seconds.
--------------------------------------------------------------------------------
To cite CPPTRAJ use:
Daniel R. Roe and Thomas E. Cheatham, III, "PTRAJ and CPPTRAJ: Software for
  Processing and Analysis of Molecular Dynamics Trajectory Data". J. Chem.
  Theory Comput., 2013, 9 (7), pp 3084-3095.

