Updating system with the options from the configuration file
Maximum wallclock time: 3 days, 0:00:00

Thu Apr 25 15:38:42 2024
Iteration 184 (200 requested)
Continuing iteration 184
40 segments remain in iteration 184 (112 total)
30 of 33 (90.909091%) active bins are populated
per-bin minimum non-zero probability:       1.26034e-08
per-bin maximum probability:                0.999713
per-bin probability dynamic range (kT):     18.189
per-segment minimum non-zero probability:   5.45547e-09
per-segment maximum non-zero probability:   0.298206
per-segment probability dynamic range (kT): 17.8167
norm = 1, error in norm = -1.11022e-16 (-0.5*epsilon)
MAB binning in use
Bottleneck bin occupancy may not be accurately reported
Waiting for segments to complete...
################ MAB stats ################
minima in each dimension:      [26.5921]
maxima in each dimension:      [39.962]
direction in each dimension:   [86]
skip in each dimension:        [0]
###########################################
Iteration completed successfully
Iteration wallclock: 0:04:29.849759, cputime: 0:40:59.183728


Thu Apr 25 15:43:12 2024
Iteration 185 (200 requested)
Beginning iteration 185
120 segments remain in iteration 185 (120 total)
30 of 33 (90.909091%) active bins are populated
per-bin minimum non-zero probability:       1.26034e-08
per-bin maximum probability:                0.768849
per-bin probability dynamic range (kT):     17.9264
per-segment minimum non-zero probability:   3.15084e-09
per-segment maximum non-zero probability:   0.298206
per-segment probability dynamic range (kT): 18.3656
norm = 1, error in norm = 0 (0*epsilon)
MAB binning in use
Bottleneck bin occupancy may not be accurately reported
Waiting for segments to complete...
################ MAB stats ################
minima in each dimension:      [26.5626]
maxima in each dimension:      [39.9128]
direction in each dimension:   [86]
skip in each dimension:        [0]
###########################################
Iteration completed successfully
Iteration wallclock: 0:08:04.936512, cputime: 0:44:33.010730


Thu Apr 25 15:51:17 2024
Iteration 186 (200 requested)
Beginning iteration 186
116 segments remain in iteration 186 (116 total)
28 of 33 (84.848485%) active bins are populated
per-bin minimum non-zero probability:       3.15084e-09
per-bin maximum probability:                0.942027
per-bin probability dynamic range (kT):     19.5159
per-segment minimum non-zero probability:   7.8771e-10
per-segment maximum non-zero probability:   0.298206
per-segment probability dynamic range (kT): 19.7519
norm = 1, error in norm = -2.22045e-16 (-1*epsilon)
MAB binning in use
Bottleneck bin occupancy may not be accurately reported
Waiting for segments to complete...
################ MAB stats ################
minima in each dimension:      [27.1475]
maxima in each dimension:      [39.744]
direction in each dimension:   [86]
skip in each dimension:        [0]
###########################################
Iteration completed successfully
Iteration wallclock: 0:07:59.491595, cputime: 0:43:13.069946


Thu Apr 25 15:59:16 2024
Iteration 187 (200 requested)
Beginning iteration 187
116 segments remain in iteration 187 (116 total)
28 of 33 (84.848485%) active bins are populated
per-bin minimum non-zero probability:       7.8771e-10
per-bin maximum probability:                0.687115
per-bin probability dynamic range (kT):     20.5866
per-segment minimum non-zero probability:   1.96928e-10
per-segment maximum non-zero probability:   0.239735
per-segment probability dynamic range (kT): 20.92
norm = 1, error in norm = 2.22045e-16 (1*epsilon)
MAB binning in use
Bottleneck bin occupancy may not be accurately reported
Waiting for segments to complete...
################ MAB stats ################
minima in each dimension:      [27.4528]
maxima in each dimension:      [39.9243]
direction in each dimension:   [86]
skip in each dimension:        [0]
###########################################
Iteration completed successfully
Iteration wallclock: 0:08:05.708400, cputime: 0:42:57.026328


Thu Apr 25 16:07:22 2024
Iteration 188 (200 requested)
Beginning iteration 188
120 segments remain in iteration 188 (120 total)
29 of 33 (87.878788%) active bins are populated
per-bin minimum non-zero probability:       1.96928e-10
per-bin maximum probability:                0.729196
per-bin probability dynamic range (kT):     22.0324
per-segment minimum non-zero probability:   4.92319e-11
per-segment maximum non-zero probability:   0.239735
per-segment probability dynamic range (kT): 22.3063
norm = 1, error in norm = -1.11022e-16 (-0.5*epsilon)
MAB binning in use
Bottleneck bin occupancy may not be accurately reported
Waiting for segments to complete...
################ MAB stats ################
minima in each dimension:      [26.7998]
maxima in each dimension:      [39.927]
direction in each dimension:   [86]
skip in each dimension:        [0]
###########################################
Iteration completed successfully
Iteration wallclock: 0:08:07.172892, cputime: 0:44:21.486195


Thu Apr 25 16:15:29 2024
Iteration 189 (200 requested)
Beginning iteration 189
120 segments remain in iteration 189 (120 total)
30 of 33 (90.909091%) active bins are populated
per-bin minimum non-zero probability:       4.92319e-11
per-bin maximum probability:                0.769185
per-bin probability dynamic range (kT):     23.4721
per-segment minimum non-zero probability:   1.2308e-11
per-segment maximum non-zero probability:   0.239735
per-segment probability dynamic range (kT): 23.6926
norm = 1, error in norm = 0 (0*epsilon)
MAB binning in use
Bottleneck bin occupancy may not be accurately reported
Waiting for segments to complete...
################ MAB stats ################
minima in each dimension:      [26.0038]
maxima in each dimension:      [39.9174]
direction in each dimension:   [86]
skip in each dimension:        [0]
###########################################
Iteration completed successfully
Iteration wallclock: 0:08:05.197446, cputime: 0:44:30.785221


Thu Apr 25 16:23:34 2024
Iteration 190 (200 requested)
Beginning iteration 190
112 segments remain in iteration 190 (112 total)
27 of 33 (81.818182%) active bins are populated
per-bin minimum non-zero probability:       6.15399e-11
per-bin maximum probability:                0.785825
per-bin probability dynamic range (kT):     23.2703
per-segment minimum non-zero probability:   1.2308e-11
per-segment maximum non-zero probability:   0.239735
per-segment probability dynamic range (kT): 23.6926
norm = 1, error in norm = -1.11022e-16 (-0.5*epsilon)
MAB binning in use
Bottleneck bin occupancy may not be accurately reported
Waiting for segments to complete...
################ MAB stats ################
minima in each dimension:      [28.0534]
maxima in each dimension:      [39.8868]
direction in each dimension:   [86]
skip in each dimension:        [0]
###########################################
Iteration completed successfully
Iteration wallclock: 0:07:30.251652, cputime: 0:41:31.537256


Thu Apr 25 16:31:05 2024
Iteration 191 (200 requested)
Beginning iteration 191
132 segments remain in iteration 191 (132 total)
33 of 33 (100.000000%) active bins are populated
per-bin minimum non-zero probability:       9.05014e-09
per-bin maximum probability:                0.922404
per-bin probability dynamic range (kT):     18.4397
per-segment minimum non-zero probability:   2.25638e-09
per-segment maximum non-zero probability:   0.278584
per-segment probability dynamic range (kT): 18.6315
norm = 1, error in norm = -3.33067e-16 (-1.5*epsilon)
MAB binning in use
Bottleneck bin occupancy may not be accurately reported
Waiting for segments to complete...
################ MAB stats ################
minima in each dimension:      [27.245]
maxima in each dimension:      [39.9443]
direction in each dimension:   [86]
skip in each dimension:        [0]
###########################################
Iteration completed successfully
Iteration wallclock: 0:09:05.553695, cputime: 0:48:56.584141


Thu Apr 25 16:40:10 2024
Iteration 192 (200 requested)
Beginning iteration 192
128 segments remain in iteration 192 (128 total)
30 of 33 (90.909091%) active bins are populated
per-bin minimum non-zero probability:       2.25638e-09
per-bin maximum probability:                0.949588
per-bin probability dynamic range (kT):     19.8578
per-segment minimum non-zero probability:   5.64096e-10
per-segment maximum non-zero probability:   0.278584
per-segment probability dynamic range (kT): 20.0178
norm = 1, error in norm = -1.11022e-16 (-0.5*epsilon)
MAB binning in use
Bottleneck bin occupancy may not be accurately reported
Waiting for segments to complete...
################ MAB stats ################
minima in each dimension:      [27.3014]
maxima in each dimension:      [39.9122]
direction in each dimension:   [86]
skip in each dimension:        [0]
###########################################
Iteration completed successfully
Iteration wallclock: 0:08:36.559881, cputime: 0:47:24.007465


Thu Apr 25 16:48:47 2024
Iteration 193 (200 requested)
Beginning iteration 193
128 segments remain in iteration 193 (128 total)
32 of 33 (96.969697%) active bins are populated
per-bin minimum non-zero probability:       1.12665e-09
per-bin maximum probability:                0.696141
per-bin probability dynamic range (kT):     20.2418
per-segment minimum non-zero probability:   2.81663e-10
per-segment maximum non-zero probability:   0.239735
per-segment probability dynamic range (kT): 20.5621
norm = 1, error in norm = -2.22045e-16 (-1*epsilon)
MAB binning in use
Bottleneck bin occupancy may not be accurately reported
Waiting for segments to complete...
################ MAB stats ################
minima in each dimension:      [28.2188]
maxima in each dimension:      [39.9346]
direction in each dimension:   [86]
skip in each dimension:        [0]
###########################################
Iteration completed successfully
Iteration wallclock: 0:08:32.474957, cputime: 0:47:51.060589


Thu Apr 25 16:57:19 2024
Iteration 194 (200 requested)
Beginning iteration 194
120 segments remain in iteration 194 (120 total)
30 of 33 (90.909091%) active bins are populated
per-bin minimum non-zero probability:       6.59817e-07
per-bin maximum probability:                0.987573
per-bin probability dynamic range (kT):     14.2188
per-segment minimum non-zero probability:   1.21599e-07
per-segment maximum non-zero probability:   0.316569
per-segment probability dynamic range (kT): 14.7723
norm = 1, error in norm = -2.22045e-16 (-1*epsilon)
MAB binning in use
Bottleneck bin occupancy may not be accurately reported
Waiting for segments to complete...
################ MAB stats ################
minima in each dimension:      [26.9154]
maxima in each dimension:      [39.9658]
direction in each dimension:   [86]
skip in each dimension:        [0]
###########################################
Iteration completed successfully
Iteration wallclock: 0:08:04.279088, cputime: 0:44:36.263211


Thu Apr 25 17:05:24 2024
Iteration 195 (200 requested)
Beginning iteration 195
124 segments remain in iteration 195 (124 total)
31 of 33 (93.939394%) active bins are populated
per-bin minimum non-zero probability:       3.64797e-07
per-bin maximum probability:                0.677535
per-bin probability dynamic range (kT):     14.4346
per-segment minimum non-zero probability:   6.07995e-08
per-segment maximum non-zero probability:   0.239735
per-segment probability dynamic range (kT): 15.1875
norm = 1, error in norm = -4.44089e-16 (-2*epsilon)
MAB binning in use
Bottleneck bin occupancy may not be accurately reported
Waiting for segments to complete...
################ MAB stats ################
minima in each dimension:      [27.3228]
maxima in each dimension:      [39.9315]
direction in each dimension:   [86]
skip in each dimension:        [0]
###########################################
Iteration completed successfully
Iteration wallclock: 0:08:43.638150, cputime: 0:45:58.151141


Thu Apr 25 17:14:07 2024
Iteration 196 (200 requested)
Beginning iteration 196
124 segments remain in iteration 196 (124 total)
31 of 33 (93.939394%) active bins are populated
per-bin minimum non-zero probability:       2.02173e-07
per-bin maximum probability:                0.830999
per-bin probability dynamic range (kT):     15.229
per-segment minimum non-zero probability:   5.05431e-08
per-segment maximum non-zero probability:   0.239735
per-segment probability dynamic range (kT): 15.3722
norm = 1, error in norm = 0 (0*epsilon)
MAB binning in use
Bottleneck bin occupancy may not be accurately reported
Waiting for segments to complete...
################ MAB stats ################
minima in each dimension:      [27.4298]
maxima in each dimension:      [39.875]
direction in each dimension:   [86]
skip in each dimension:        [0]
###########################################
Iteration completed successfully
Iteration wallclock: 0:08:35.322984, cputime: 0:46:03.563971


Thu Apr 25 17:22:42 2024
Iteration 197 (200 requested)
Beginning iteration 197
128 segments remain in iteration 197 (128 total)
32 of 33 (96.969697%) active bins are populated
per-bin minimum non-zero probability:       6.60034e-08
per-bin maximum probability:                0.753144
per-bin probability dynamic range (kT):     16.2501
per-segment minimum non-zero probability:   1.65008e-08
per-segment maximum non-zero probability:   0.239735
per-segment probability dynamic range (kT): 16.4916
norm = 1, error in norm = -2.22045e-16 (-1*epsilon)
MAB binning in use
Bottleneck bin occupancy may not be accurately reported
Waiting for segments to complete...
################ MAB stats ################
minima in each dimension:      [27.2441]
maxima in each dimension:      [39.9111]
direction in each dimension:   [86]
skip in each dimension:        [0]
###########################################
Iteration completed successfully
Iteration wallclock: 0:08:36.355583, cputime: 0:47:34.366144


Thu Apr 25 17:31:19 2024
Iteration 198 (200 requested)
Beginning iteration 198
132 segments remain in iteration 198 (132 total)
33 of 33 (100.000000%) active bins are populated
per-bin minimum non-zero probability:       1.65008e-08
per-bin maximum probability:                0.878349
per-bin probability dynamic range (kT):     17.7901
per-segment minimum non-zero probability:   4.12521e-09
per-segment maximum non-zero probability:   0.239735
per-segment probability dynamic range (kT): 17.8779
norm = 1, error in norm = 0 (0*epsilon)
MAB binning in use
Bottleneck bin occupancy may not be accurately reported
Waiting for segments to complete...
################ MAB stats ################
minima in each dimension:      [27.4069]
maxima in each dimension:      [39.8659]
direction in each dimension:   [86]
skip in each dimension:        [0]
###########################################
Iteration completed successfully
Iteration wallclock: 0:09:02.459309, cputime: 0:49:17.916422


Thu Apr 25 17:40:21 2024
Iteration 199 (200 requested)
Beginning iteration 199
124 segments remain in iteration 199 (124 total)
30 of 33 (90.909091%) active bins are populated
per-bin minimum non-zero probability:       8.16764e-08
per-bin maximum probability:                0.945045
per-bin probability dynamic range (kT):     16.264
per-segment minimum non-zero probability:   2.04191e-08
per-segment maximum non-zero probability:   0.267067
per-segment probability dynamic range (kT): 16.3865
norm = 1, error in norm = -1.11022e-16 (-0.5*epsilon)
MAB binning in use
Bottleneck bin occupancy may not be accurately reported
Waiting for segments to complete...
################ MAB stats ################
minima in each dimension:      [26.5434]
maxima in each dimension:      [39.9864]
direction in each dimension:   [86]
skip in each dimension:        [0]
###########################################
Iteration completed successfully
Iteration wallclock: 0:08:34.335277, cputime: 0:46:04.819675


Thu Apr 25 17:48:56 2024
Iteration 200 (200 requested)
Beginning iteration 200
116 segments remain in iteration 200 (116 total)
29 of 33 (87.878788%) active bins are populated
per-bin minimum non-zero probability:       3.8226e-08
per-bin maximum probability:                0.748452
per-bin probability dynamic range (kT):     16.79
per-segment minimum non-zero probability:   9.5565e-09
per-segment maximum non-zero probability:   0.267067
per-segment probability dynamic range (kT): 17.1458
norm = 1, error in norm = -3.33067e-16 (-1.5*epsilon)
MAB binning in use
Bottleneck bin occupancy may not be accurately reported
Waiting for segments to complete...
################ MAB stats ################
minima in each dimension:      [27.671]
maxima in each dimension:      [39.8657]
direction in each dimension:   [86]
skip in each dimension:        [0]
###########################################
Iteration completed successfully
Iteration wallclock: 0:08:05.258600, cputime: 0:42:55.043123


Thu Apr 25 17:57:01 2024
WEST run complete.
