Updating system with the options from the configuration file
Maximum wallclock time: 3 days, 0:00:00

Fri Sep 15 15:50:31 2023
Iteration 1501 (1501 requested)
0 segments remain in iteration 1501 (64 total)
15 of 25 (60.000000%) active bins are populated
per-bin minimum non-zero probability:       5.01836e-127
per-bin maximum probability:                0.716591
per-bin probability dynamic range (kT):     290.482
per-segment minimum non-zero probability:   1.25459e-127
per-segment maximum non-zero probability:   0.268782
per-segment probability dynamic range (kT): 290.888
norm = 1, error in norm = -7.77156e-16 (-3.5*epsilon)
-- WARNING  [westpa.core.sim_manager] -- 
Minimum segment weight is < 1e-100 and might not be physically relevant. Please reconsider your progress coordinate or binning scheme.
MAB binning in use
Bottleneck bin occupancy may not be accurately reported
Waiting for segments to complete...
Iteration completed successfully
Iteration wallclock: 0:12:43.455104, cputime: 0:22:16.722548


Fri Sep 15 15:54:37 2023
WEST run complete.
