Updating system with the options from the configuration file
Maximum wallclock time: 3 days, 0:00:00

Fri Sep 15 16:28:09 2023
Iteration 1502 (2000 requested)
Beginning iteration 1502
68 segments remain in iteration 1502 (68 total)
1 of 26 (3.846154%) active bins are populated
per-bin minimum non-zero probability:       1
per-bin maximum probability:                1
per-bin probability dynamic range (kT):     0
per-segment minimum non-zero probability:   3.13648e-128
per-segment maximum non-zero probability:   0.268782
per-segment probability dynamic range (kT): 292.274
norm = 1, error in norm = -4.44089e-16 (-2*epsilon)
-- ERROR    [manager] -- propagation failed for 68 segment(s):
0  
1  
2  
3  
4  
5  
6  
7  
8  
9  
10  
11  
12  
13  
14  
15  
16  
17  
18  
19  
20  
21  
22  
23  
24  
25  
26  
27  
28  
29  
30  
31  
32  
33  
34  
35  
36  
37  
38  
39  
40  
41  
42  
43  
44  
45  
46  
47  
48  
49  
50  
51  
52  
53  
54  
55  
56  
57  
58  
59  
60  
61  
62  
63  
64  
65  
66  
67
exception caught; shutting down
-- ERROR    [w_run] -- error message: propagation failed for 68 segments
-- ERROR    [w_run] -- Traceback (most recent call last):
  File "/ihome/lchong/dty7/Apps/westpa/src/westpa/cli/core/w_run.py", line 62, in run_simulation
    sim_manager.run()
  File "/ix/lchong/dty7/d1d2/2kod/o_angle/3d_oamax_1_2_ss_v01/manager.py", line 708, in run
    self.check_propagation()
  File "/ix/lchong/dty7/d1d2/2kod/o_angle/3d_oamax_1_2_ss_v01/manager.py", line 607, in check_propagation
    raise PropagationError('propagation failed for {:d} segments'.format(len(failed_segments)))
manager.PropagationError: propagation failed for 68 segments

