1
[35.82160187 36.21979782 36.61799377 37.01618973 37.41438568 37.81258163
 38.21077759 38.60897354 39.00716949 39.40536545 39.8035614  40.20175735
 40.59995331 40.99814926 41.39634521 41.79454117 42.19273712 42.59093307
 42.98912903 43.38732498 43.78552094 44.18371689 44.58191284 44.9801088
 45.37830475 45.7765007 ]	
[35.8216] [45.7765]
[None] [None]

2
[35.10139847 35.60106659 36.10073471 36.60040283 37.10007095 37.59973907
 38.0994072  38.59907532 39.09874344 39.59841156 40.09807968 40.5977478
 41.09741592 41.59708405 42.09675217 42.59642029 43.09608841 43.59575653
 44.09542465 44.59509277 45.09476089 45.59442902 46.09409714 46.59376526
 47.09343338 47.5931015 ]	
[35.1014] [47.5931]
[None] [44.8507]

3
[34.60829926 35.18666336 35.76502747 36.34339157 36.92175568 37.50011978
 38.07848389 38.65684799 39.2352121  39.8135762  40.39194031 40.97030441
 41.54866852 42.12703262 42.70539673 43.28376083 43.86212494 44.44048904
 45.01885315 45.59721725 46.17558136 46.75394547 47.33230957 47.91067368
 48.48903778 49.06740189]	
[34.6083] [49.0674]
[35.5832] [47.2374]

4
[34.48009872 34.99620285 35.51230698 36.0284111  36.54451523 37.06061935
 37.57672348 38.09282761 38.60893173 39.12503586 39.64113998 40.15724411
 40.67334824 41.18945236 41.70555649 42.22166061 42.73776474 43.25386887
 43.76997299 44.28607712 44.80218124 45.31828537 45.8343895  46.35049362
 46.86659775 47.38270187]	
[34.4801] [47.3827]
[35.1383] [None]

5
[32.99459839 33.57831848 34.16203857 34.74575867 35.32947876 35.91319885
 36.49691895 37.08063904 37.66435913 38.24807922 38.83179932 39.41551941
 39.9992395  40.58295959 41.16667969 41.75039978 42.33411987 42.91783997
 43.50156006 44.08528015 44.66900024 45.25272034 45.83644043 46.42016052
 47.00388062 47.58760071]	
[32.9946] [47.5876]
[33.6779] [47.4689]

6
[33.94150162 34.58034561 35.21918961 35.8580336  36.49687759 37.13572159
 37.77456558 38.41340958 39.05225357 39.69109756 40.32994156 40.96878555
 41.60762955 42.24647354 42.88531754 43.52416153 44.16300552 44.80184952
 45.44069351 46.07953751 46.7183815  47.35722549 47.99606949 48.63491348
 49.27375748 49.91260147]	
[33.9415] [49.9126]
[34.5141] [47.4529]

7
[34.43320084 34.97302887 35.5128569  36.05268494 36.59251297 37.132341
 37.67216904 38.21199707 38.7518251  39.29165314 39.83148117 40.3713092
 40.91113724 41.45096527 41.9907933  42.53062134 43.07044937 43.6102774
 44.15010544 44.68993347 45.22976151 45.76958954 46.30941757 46.84924561
 47.38907364 47.92890167]	
[34.4332] [47.9289]
[36.359] [47.695]

8
[33.86420059 34.54058853 35.21697647 35.89336441 36.56975235 37.24614029
 37.92252823 38.59891617 39.27530411 39.95169205 40.62807999 41.30446793
 41.98085587 42.6572438  43.33363174 44.01001968 44.68640762 45.36279556
 46.0391835  46.71557144 47.39195938 48.06834732 48.74473526 49.4211232
 50.09751114 50.77389908]	
[33.8642] [50.7739]
[None] [47.2545]

9
[33.70349884 34.27785492 34.852211   35.42656708 36.00092316 36.57527924
 37.14963531 37.72399139 38.29834747 38.87270355 39.44705963 40.02141571
 40.59577179 41.17012787 41.74448395 42.31884003 42.89319611 43.46755219
 44.04190826 44.61626434 45.19062042 45.7649765  46.33933258 46.91368866
 47.48804474 48.06240082]	
[33.7035] [48.0624]
[None] [47.087]

10
[34.5746994  35.16859543 35.76249146 36.35638748 36.95028351 37.54417953
 38.13807556 38.73197159 39.32586761 39.91976364 40.51365967 41.10755569
 41.70145172 42.29534775 42.88924377 43.4831398  44.07703583 44.67093185
 45.26482788 45.85872391 46.45261993 47.04651596 47.64041199 48.23430801
 48.82820404 49.42210007]	
[34.5747] [49.4221]
[35.2451] [49.0164]

11
[34.31340027 34.9055162  35.49763214 36.08974808 36.68186401 37.27397995
 37.86609589 38.45821182 39.05032776 39.6424437  40.23455963 40.82667557
 41.4187915  42.01090744 42.60302338 43.19513931 43.78725525 44.37937119
 44.97148712 45.56360306 46.15571899 46.74783493 47.33995087 47.9320668
 48.52418274 49.11629868]	
[34.3134] [49.1163]
[35.0416] [47.2016]

12
[34.24739838 34.85919037 35.47098236 36.08277435 36.69456635 37.30635834
 37.91815033 38.52994232 39.14173431 39.75352631 40.3653183  40.97711029
 41.58890228 42.20069427 42.81248627 43.42427826 44.03607025 44.64786224
 45.25965424 45.87144623 46.48323822 47.09503021 47.7068222  48.3186142
 48.93040619 49.54219818]	
[34.2474] [49.5422]
[34.83] [46.6607]

13
[31.85750008 32.53576813 33.21403618 33.89230423 34.57057228 35.24884033
 35.92710838 36.60537643 37.28364449 37.96191254 38.64018059 39.31844864
 39.99671669 40.67498474 41.35325279 42.03152084 42.70978889 43.38805695
 44.066325   44.74459305 45.4228611  46.10112915 46.7793972  47.45766525
 48.1359333  48.81420135]	
[31.8575] [48.8142]
[34.5504] [47.3571]

14
[32.1026001  32.74772003 33.39283997 34.0379599  34.68307983 35.32819977
 35.9733197  36.61843964 37.26355957 37.9086795  38.55379944 39.19891937
 39.84403931 40.48915924 41.13427917 41.77939911 42.42451904 43.06963898
 43.71475891 44.35987885 45.00499878 45.65011871 46.29523865 46.94035858
 47.58547852 48.23059845]	
[32.1026] [48.2306]
[None] [48.1054]

15
[32.79809952 33.4155835  34.03306747 34.65055145 35.26803543 35.88551941
 36.50300339 37.12048737 37.73797134 38.35545532 38.9729393  39.59042328
 40.20790726 40.82539124 41.44287521 42.06035919 42.67784317 43.29532715
 43.91281113 44.5302951  45.14777908 45.76526306 46.38274704 47.00023102
 47.617715   48.23519897]	
[32.7981] [48.2352]
[34.7476] [46.9426]

16
[33.06850052 33.61545654 34.16241257 34.70936859 35.25632462 35.80328064
 36.35023666 36.89719269 37.44414871 37.99110474 38.53806076 39.08501678
 39.63197281 40.17892883 40.72588486 41.27284088 41.81979691 42.36675293
 42.91370895 43.46066498 44.007621   44.55457703 45.10153305 45.64848907
 46.1954451  46.74240112]	
[33.0685] [46.7424]
[None] [46.7144]

17
[33.0644989  33.6854509  34.30640289 34.92735489 35.54830688 36.16925888
 36.79021088 37.41116287 38.03211487 38.65306686 39.27401886 39.89497086
 40.51592285 41.13687485 41.75782684 42.37877884 42.99973083 43.62068283
 44.24163483 44.86258682 45.48353882 46.10449081 46.72544281 47.34639481
 47.9673468  48.5882988 ]	
[33.0645] [48.5883]
[34.3375] [46.601]

18
[31.97660065 32.67987656 33.38315247 34.08642838 34.78970428 35.49298019
 36.1962561  36.89953201 37.60280792 38.30608383 39.00935974 39.71263565
 40.41591156 41.11918747 41.82246338 42.52573929 43.2290152  43.93229111
 44.63556702 45.33884293 46.04211884 46.74539474 47.44867065 48.15194656
 48.85522247 49.55849838]	
[31.9766] [49.5585]
[33.3691] [48.4898]

19
[32.96080017 33.58444412 34.20808807 34.83173203 35.45537598 36.07901993
 36.70266388 37.32630783 37.94995178 38.57359573 39.19723969 39.82088364
 40.44452759 41.06817154 41.69181549 42.31545944 42.93910339 43.56274734
 44.1863913  44.81003525 45.4336792  46.05732315 46.6809671  47.30461105
 47.928255   48.55189896]	
[32.9608] [48.5519]
[35.1469] [47.418]

20
[33.34669876 33.98185074 34.61700272 35.25215469 35.88730667 36.52245865
 37.15761063 37.7927626  38.42791458 39.06306656 39.69821854 40.33337051
 40.96852249 41.60367447 42.23882645 42.87397842 43.5091304  44.14428238
 44.77943436 45.41458633 46.04973831 46.68489029 47.32004227 47.95519424
 48.59034622 49.2254982 ]	
[33.3467] [49.2255]
[34.4292] [47.175]

21
[33.45130157 34.06429352 34.67728546 35.2902774  35.90326935 36.51626129
 37.12925323 37.74224518 38.35523712 38.96822906 39.58122101 40.19421295
 40.8072049  41.42019684 42.03318878 42.64618073 43.25917267 43.87216461
 44.48515656 45.0981485  45.71114044 46.32413239 46.93712433 47.55011627
 48.16310822 48.77610016]	
[33.4513] [48.7761]
[34.1336] [48.613]

22
[33.24729919 33.94619125 34.64508331 35.34397537 36.04286743 36.74175949
 37.44065155 38.13954361 38.83843567 39.53732773 40.23621979 40.93511185
 41.63400391 42.33289597 43.03178802 43.73068008 44.42957214 45.1284642
 45.82735626 46.52624832 47.22514038 47.92403244 48.6229245  49.32181656
 50.02070862 50.71960068]	
[33.2473] [50.7196]
[34.7818] [47.2987]

23
[32.29940033 33.00380035 33.70820038 34.4126004  35.11700043 35.82140045
 36.52580048 37.2302005  37.93460052 38.63900055 39.34340057 40.0478006
 40.75220062 41.45660065 42.16100067 42.8654007  43.56980072 44.27420074
 44.97860077 45.68300079 46.38740082 47.09180084 47.79620087 48.50060089
 49.20500092 49.90940094]	
[32.2994] [49.9094]
[35.7002] [48.2489]

24
[33.582901   34.21526489 34.84762878 35.47999268 36.11235657 36.74472046
 37.37708435 38.00944824 38.64181213 39.27417603 39.90653992 40.53890381
 41.1712677  41.80363159 42.43599548 43.06835938 43.70072327 44.33308716
 44.96545105 45.59781494 46.23017883 46.86254272 47.49490662 48.12727051
 48.7596344  49.39199829]	
[33.5829] [49.392]
[33.7127] [48.1882]

25
[32.92789841 33.6009465  34.2739946  34.94704269 35.62009079 36.29313889
 36.96618698 37.63923508 38.31228317 38.98533127 39.65837936 40.33142746
 41.00447556 41.67752365 42.35057175 43.02361984 43.69666794 44.36971603
 45.04276413 45.71581223 46.38886032 47.06190842 47.73495651 48.40800461
 49.0810527  49.7541008 ]	
[32.9279] [49.7541]
[33.8272] [47.2811]

26
[30.46800041 31.30839645 32.1487925  32.98918854 33.82958458 34.66998062
 35.51037666 36.35077271 37.19116875 38.03156479 38.87196083 39.71235687
 40.55275291 41.39314896 42.233545   43.07394104 43.91433708 44.75473312
 45.59512917 46.43552521 47.27592125 48.11631729 48.95671333 49.79710938
 50.63750542 51.47790146]	
[30.468] [51.4779]
[32.9088] [48.2408]

27
[32.64820099 33.41598892 34.18377686 34.95156479 35.71935272 36.48714066
 37.25492859 38.02271652 38.79050446 39.55829239 40.32608032 41.09386826
 41.86165619 42.62944412 43.39723206 44.16501999 44.93280792 45.70059586
 46.46838379 47.23617172 48.00395966 48.77174759 49.53953552 50.30732346
 51.07511139 51.84289932]	
[32.6482] [51.8429]
[33.386] [48.8139]

28
[33.28699875 33.98074677 34.67449478 35.3682428  36.06199081 36.75573883
 37.44948685 38.14323486 38.83698288 39.5307309  40.22447891 40.91822693
 41.61197495 42.30572296 42.99947098 43.69321899 44.38696701 45.08071503
 45.77446304 46.46821106 47.16195908 47.85570709 48.54945511 49.24320313
 49.93695114 50.63069916]	
[33.287] [50.6307]
[34.5073] [48.0839]

29
[32.88650131 33.58049332 34.27448532 34.96847733 35.66246933 36.35646133
 37.05045334 37.74444534 38.43843735 39.13242935 39.82642136 40.52041336
 41.21440536 41.90839737 42.60238937 43.29638138 43.99037338 44.68436539
 45.37835739 46.0723494  46.7663414  47.4603334  48.15432541 48.84831741
 49.54230942 50.23630142]	
[32.8865] [50.2363]
[35.1279] [48.7421]

30
[33.24369812 33.92312225 34.60254639 35.28197052 35.96139465 36.64081879
 37.32024292 37.99966705 38.67909119 39.35851532 40.03793945 40.71736359
 41.39678772 42.07621185 42.75563599 43.43506012 44.11448425 44.79390839
 45.47333252 46.15275665 46.83218079 47.51160492 48.19102905 48.87045319
 49.54987732 50.22930145]	
[33.2437] [50.2293]
[34.5] [48.0684]

31
[31.39480019 32.14838013 32.90196007 33.65554001 34.40911995 35.16269989
 35.91627983 36.66985977 37.42343971 38.17701965 38.93059959 39.68417953
 40.43775948 41.19133942 41.94491936 42.6984993  43.45207924 44.20565918
 44.95923912 45.71281906 46.466399   47.21997894 47.97355888 48.72713882
 49.48071877 50.23429871]	
[31.3948] [50.2343]
[33.8231] [48.7439]

32
[32.1114006  32.80932053 33.50724045 34.20516037 34.90308029 35.60100021
 36.29892014 36.99684006 37.69475998 38.3926799  39.09059982 39.78851974
 40.48643967 41.18435959 41.88227951 42.58019943 43.27811935 43.97603928
 44.6739592  45.37187912 46.06979904 46.76771896 47.46563889 48.16355881
 48.86147873 49.55939865]	
[32.1114] [49.5594]
[33.1095] [49.1252]

33
[33.62779999 34.24601593 34.86423187 35.48244781 36.10066376 36.7188797
 37.33709564 37.95531158 38.57352753 39.19174347 39.80995941 40.42817535
 41.0463913  41.66460724 42.28282318 42.90103912 43.51925507 44.13747101
 44.75568695 45.37390289 45.99211884 46.61033478 47.22855072 47.84676666
 48.4649826  49.08319855]	
[33.6278] [49.0832]
[33.8823] [48.3582]

34
[32.6651001  33.40732803 34.14955597 34.89178391 35.63401184 36.37623978
 37.11846771 37.86069565 38.60292358 39.34515152 40.08737946 40.82960739
 41.57183533 42.31406326 43.0562912  43.79851913 44.54074707 45.28297501
 46.02520294 46.76743088 47.50965881 48.25188675 48.99411469 49.73634262
 50.47857056 51.22079849]	
[32.6651] [51.2208]
[33.1811] [49.4791]

35
[32.2682991  33.02019119 33.77208328 34.52397537 35.27586746 36.02775955
 36.77965164 37.53154373 38.28343582 39.03532791 39.78722    40.53911209
 41.29100418 42.04289627 42.79478836 43.54668045 44.29857254 45.05046463
 45.80235672 46.55424881 47.3061409  48.05803299 48.80992508 49.56181717
 50.31370926 51.06560135]	
[32.2683] [51.0656]
[34.2581] [49.2823]

36
[32.42060089 33.13501282 33.84942474 34.56383667 35.2782486  35.99266052
 36.70707245 37.42148437 38.1358963  38.85030823 39.56472015 40.27913208
 40.99354401 41.70795593 42.42236786 43.13677979 43.85119171 44.56560364
 45.28001556 45.99442749 46.70883942 47.42325134 48.13766327 48.8520752
 49.56648712 50.28089905]	
[32.4206] [50.2809]
[None] [49.3985]

37
[32.44520187 33.08506577 33.72492966 34.36479355 35.00465744 35.64452133
 36.28438522 36.92424911 37.56411301 38.2039769  38.84384079 39.48370468
 40.12356857 40.76343246 41.40329636 42.04316025 42.68302414 43.32288803
 43.96275192 44.60261581 45.24247971 45.8823436  46.52220749 47.16207138
 47.80193527 48.44179916]	
[32.4452] [48.4418]
[None] [47.8444]

38
[32.10520172 32.82770172 33.55020172 34.27270172 34.99520172 35.71770172
 36.44020172 37.16270172 37.88520172 38.60770172 39.33020172 40.05270172
 40.77520172 41.49770172 42.22020172 42.94270172 43.66520172 44.38770172
 45.11020172 45.83270172 46.55520172 47.27770172 48.00020172 48.72270172
 49.44520172 50.16770172]	
[32.1052] [50.1677]
[None] [47.7029]

39
[32.60889816 33.26566223 33.9224263  34.57919037 35.23595444 35.89271851
 36.54948257 37.20624664 37.86301071 38.51977478 39.17653885 39.83330292
 40.49006699 41.14683105 41.80359512 42.46035919 43.11712326 43.77388733
 44.4306514  45.08741547 45.74417953 46.4009436  47.05770767 47.71447174
 48.37123581 49.02799988]	
[32.6089] [49.028]
[33.8334] [46.9491]

40
[33.29800034 33.89879227 34.4995842  35.10037613 35.70116806 36.30195999
 36.90275192 37.50354385 38.10433578 38.70512772 39.30591965 39.90671158
 40.50750351 41.10829544 41.70908737 42.3098793  42.91067123 43.51146317
 44.1122551  44.71304703 45.31383896 45.91463089 46.51542282 47.11621475
 47.71700668 48.31779861]	
[33.298] [48.3178]
[33.7249] [47.8239]

41
[32.03659821 32.72169022 33.40678223 34.09187424 34.77696625 35.46205826
 36.14715027 36.83224228 37.51733429 38.2024263  38.88751831 39.57261032
 40.25770233 40.94279434 41.62788635 42.31297836 42.99807037 43.68316238
 44.36825439 45.05334641 45.73843842 46.42353043 47.10862244 47.79371445
 48.47880646 49.16389847]	
[32.0366] [49.1639]
[32.9282] [47.695]

42
[32.00519943 32.71519547 33.4251915  34.13518753 34.84518356 35.5551796
 36.26517563 36.97517166 37.68516769 38.39516373 39.10515976 39.81515579
 40.52515182 41.23514786 41.94514389 42.65513992 43.36513596 44.07513199
 44.78512802 45.49512405 46.20512009 46.91511612 47.62511215 48.33510818
 49.04510422 49.75510025]	
[32.0052] [49.7551]
[32.7745] [48.505]

43
[33.29059982 33.9140358  34.53747177 35.16090775 35.78434372 36.40777969
 37.03121567 37.65465164 38.27808762 38.90152359 39.52495956 40.14839554
 40.77183151 41.39526749 42.01870346 42.64213943 43.26557541 43.88901138
 44.51244736 45.13588333 45.75931931 46.38275528 47.00619125 47.62962723
 48.2530632  48.87649918]	
[33.2906] [48.8765]
[33.7519] [47.5384]

44
[33.11380005 33.834384   34.55496796 35.27555191 35.99613586 36.71671982
 37.43730377 38.15788773 38.87847168 39.59905563 40.31963959 41.04022354
 41.7608075  42.48139145 43.2019754  43.92255936 44.64314331 45.36372726
 46.08431122 46.80489517 47.52547913 48.24606308 48.96664703 49.68723099
 50.40781494 51.1283989 ]	
[33.1138] [51.1284]
[34.1476] [47.8707]

45
[33.27310181 33.91204575 34.55098969 35.18993362 35.82887756 36.4678215
 37.10676544 37.74570938 38.38465332 39.02359726 39.6625412  40.30148514
 40.94042908 41.57937302 42.21831696 42.85726089 43.49620483 44.13514877
 44.77409271 45.41303665 46.05198059 46.69092453 47.32986847 47.96881241
 48.60775635 49.24670029]	
[33.2731] [49.2467]
[33.5025] [48.8141]

46
[31.16090012 31.89410416 32.6273082  33.36051224 34.09371628 34.82692032
 35.56012436 36.2933284  37.02653244 37.75973648 38.49294052 39.22614456
 39.9593486  40.69255264 41.42575668 42.15896072 42.89216476 43.6253688
 44.35857285 45.09177689 45.82498093 46.55818497 47.29138901 48.02459305
 48.75779709 49.49100113]	
[31.1609] [49.491]
[None] [None]

47
[32.05870056 32.75558853 33.4524765  34.14936447 34.84625244 35.54314041
 36.24002838 36.93691635 37.63380432 38.33069229 39.02758026 39.72446823
 40.4213562  41.11824417 41.81513214 42.51202011 43.20890808 43.90579605
 44.60268402 45.29957199 45.99645996 46.69334793 47.3902359  48.08712387
 48.78401184 49.48089981]	
[32.0587] [49.4809]
[32.7839] [47.5975]

48
[33.85179901 34.44787109 35.04394318 35.64001526 36.23608734 36.83215942
 37.42823151 38.02430359 38.62037567 39.21644775 39.81251984 40.40859192
 41.004664   41.60073608 42.19680817 42.79288025 43.38895233 43.98502441
 44.5810965  45.17716858 45.77324066 46.36931274 46.96538483 47.56145691
 48.15752899 48.75360107]	
[33.8518] [48.7536]
[34.2097] [48.7167]

49
[33.6155014  34.2494133  34.8833252  35.51723709 36.15114899 36.78506088
 37.41897278 38.05288467 38.68679657 39.32070847 39.95462036 40.58853226
 41.22244415 41.85635605 42.49026794 43.12417984 43.75809174 44.39200363
 45.02591553 45.65982742 46.29373932 46.92765121 47.56156311 48.19547501
 48.8293869  49.4632988 ]	
[33.6155] [49.4633]
[33.8942] [49.4272]

50
[33.91849899 34.57855103 35.23860306 35.89865509 36.55870712 37.21875916
 37.87881119 38.53886322 39.19891525 39.85896729 40.51901932 41.17907135
 41.83912338 42.49917542 43.15922745 43.81927948 44.47933151 45.13938354
 45.79943558 46.45948761 47.11953964 47.77959167 48.43964371 49.09969574
 49.75974777 50.4197998 ]	
[33.9185] [50.4198]
[34.021] [44.5138]

51
[28.70210075 29.57698471 30.45186867 31.32675262 32.20163658 33.07652054
 33.9514045  34.82628845 35.70117241 36.57605637 37.45094032 38.32582428
 39.20070824 40.07559219 40.95047615 41.82536011 42.70024406 43.57512802
 44.45001198 45.32489594 46.19977989 47.07466385 47.94954781 48.82443176
 49.69931572 50.57419968]	
[28.7021] [50.5742]
[33.7268] [47.843]

52
[29.60210037 30.38594437 31.16978836 31.95363235 32.73747635 33.52132034
 34.30516434 35.08900833 35.87285233 36.65669632 37.44054031 38.22438431
 39.0082283  39.7920723  40.57591629 41.35976028 42.14360428 42.92744827
 43.71129227 44.49513626 45.27898026 46.06282425 46.84666824 47.63051224
 48.41435623 49.19820023]	
[29.6021] [49.1982]
[31.4929] [48.9095]

53
[32.64300156 33.29661346 33.95022537 34.60383728 35.25744919 35.9110611
 36.564673   37.21828491 37.87189682 38.52550873 39.17912064 39.83273254
 40.48634445 41.13995636 41.79356827 42.44718018 43.10079208 43.75440399
 44.4080159  45.06162781 45.71523972 46.36885162 47.02246353 47.67607544
 48.32968735 48.98329926]	
[32.643] [48.9833]
[33.9015] [48.297]

54
[33.07820129 33.75127319 34.42434509 35.09741699 35.77048889 36.44356079
 37.11663269 37.78970459 38.46277649 39.13584839 39.80892029 40.48199219
 41.15506409 41.82813599 42.50120789 43.17427979 43.84735168 44.52042358
 45.19349548 45.86656738 46.53963928 47.21271118 47.88578308 48.55885498
 49.23192688 49.90499878]	
[33.0782] [49.905]
[None] [49.147]

55
[32.18069839 32.89199844 33.60329849 34.31459854 35.02589859 35.73719864
 36.44849869 37.15979874 37.87109879 38.58239883 39.29369888 40.00499893
 40.71629898 41.42759903 42.13889908 42.85019913 43.56149918 44.27279922
 44.98409927 45.69539932 46.40669937 47.11799942 47.82929947 48.54059952
 49.25189957 49.96319962]	
[32.1807] [49.9632]
[34.471] [None]

56
[33.09529877 33.68640274 34.27750671 34.86861069 35.45971466 36.05081863
 36.64192261 37.23302658 37.82413055 38.41523453 39.0063385  39.59744247
 40.18854645 40.77965042 41.37075439 41.96185837 42.55296234 43.14406631
 43.73517029 44.32627426 44.91737823 45.50848221 46.09958618 46.69069016
 47.28179413 47.8728981 ]	
[33.0953] [47.8729]
[34.1056] [47.1826]

57
[33.18629837 33.79563843 34.40497849 35.01431854 35.6236586  36.23299866
 36.84233871 37.45167877 38.06101883 38.67035889 39.27969894 39.889039
 40.49837906 41.10771912 41.71705917 42.32639923 42.93573929 43.54507935
 44.1544194  44.76375946 45.37309952 45.98243958 46.59177963 47.20111969
 47.81045975 48.4197998 ]	
[33.1863] [48.4198]
[34.5918] [46.4709]

58
[30.96249962 31.69603165 32.42956367 33.1630957  33.89662773 34.63015976
 35.36369179 36.09722382 36.83075584 37.56428787 38.2978199  39.03135193
 39.76488396 40.49841599 41.23194801 41.96548004 42.69901207 43.4325441
 44.16607613 44.89960815 45.63314018 46.36667221 47.10020424 47.83373627
 48.5672683  49.30080032]	
[30.9625] [49.3008]
[34.1978] [47.2602]

59
[31.79170036 32.49337234 33.19504433 33.89671631 34.59838829 35.30006027
 36.00173225 36.70340424 37.40507622 38.1067482  38.80842018 39.51009216
 40.21176414 40.91343613 41.61510811 42.31678009 43.01845207 43.72012405
 44.42179604 45.12346802 45.82514    46.52681198 47.22848396 47.93015594
 48.63182793 49.33349991]	
[31.7917] [49.3335]
[33.8636] [48.1338]

60
[31.44680023 32.16597229 32.88514435 33.60431641 34.32348846 35.04266052
 35.76183258 36.48100464 37.2001767  37.91934875 38.63852081 39.35769287
 40.07686493 40.79603699 41.51520905 42.2343811  42.95355316 43.67272522
 44.39189728 45.11106934 45.83024139 46.54941345 47.26858551 47.98775757
 48.70692963 49.42610168]	
[31.4468] [49.4261]
[33.6799] [47.519]

61
[30.61739922 31.3975473  32.17769539 32.95784348 33.73799156 34.51813965
 35.29828773 36.07843582 36.85858391 37.63873199 38.41888008 39.19902817
 39.97917625 40.75932434 41.53947243 42.31962051 43.0997686  43.87991669
 44.66006477 45.44021286 46.22036095 47.00050903 47.78065712 48.56080521
 49.34095329 50.12110138]	
[30.6174] [50.1211]
[33.6562] [49.3032]

62
[30.51479912 31.30316315 32.09152718 32.8798912  33.66825523 34.45661926
 35.24498329 36.03334732 36.82171135 37.61007538 38.39843941 39.18680344
 39.97516747 40.76353149 41.55189552 42.34025955 43.12862358 43.91698761
 44.70535164 45.49371567 46.2820797  47.07044373 47.85880775 48.64717178
 49.43553581 50.22389984]	
[30.5148] [50.2239]
[33.407] [47.9304]

63
[31.44549942 32.16892746 32.8923555  33.61578354 34.33921158 35.06263962
 35.78606766 36.5094957  37.23292374 37.95635178 38.67977982 39.40320786
 40.12663589 40.85006393 41.57349197 42.29692001 43.02034805 43.74377609
 44.46720413 45.19063217 45.91406021 46.63748825 47.36091629 48.08434433
 48.80777237 49.53120041]	
[31.4455] [49.5312]
[35.7232] [46.125]

64
[29.83440018 30.62072815 31.40705612 32.19338409 32.97971207 33.76604004
 34.55236801 35.33869598 36.12502396 36.91135193 37.6976799  38.48400787
 39.27033585 40.05666382 40.84299179 41.62931976 42.41564774 43.20197571
 43.98830368 44.77463165 45.56095963 46.3472876  47.13361557 47.91994354
 48.70627151 49.49259949]	
[29.8344] [49.4926]
[33.6823] [46.6749]

65
[30.36879921 31.08663925 31.80447929 32.52231934 33.24015938 33.95799942
 34.67583946 35.3936795  36.11151955 36.82935959 37.54719963 38.26503967
 38.98287971 39.70071976 40.4185598  41.13639984 41.85423988 42.57207993
 43.28991997 44.00776001 44.72560005 45.44344009 46.16128014 46.87912018
 47.59696022 48.31480026]	
[30.3688] [48.3148]
[33.2238] [47.7124]

66
[31.71240044 32.39438446 33.07636848 33.75835251 34.44033653 35.12232056
 35.80430458 36.4862886  37.16827263 37.85025665 38.53224068 39.2142247
 39.89620872 40.57819275 41.26017677 41.9421608  42.62414482 43.30612885
 43.98811287 44.67009689 45.35208092 46.03406494 46.71604897 47.39803299
 48.08001701 48.76200104]	
[31.7124] [48.762]
[32.6632] [47.8603]

67
[32.7961998  33.4476358  34.09907181 34.75050781 35.40194382 36.05337982
 36.70481583 37.35625183 38.00768784 38.65912384 39.31055984 39.96199585
 40.61343185 41.26486786 41.91630386 42.56773987 43.21917587 43.87061188
 44.52204788 45.17348389 45.82491989 46.4763559  47.1277919  47.77922791
 48.43066391 49.08209991]	
[32.7962] [49.0821]
[34.1746] [48.0832]

68
[32.54029846 33.19080246 33.84130646 34.49181046 35.14231445 35.79281845
 36.44332245 37.09382645 37.74433044 38.39483444 39.04533844 39.69584244
 40.34634644 40.99685043 41.64735443 42.29785843 42.94836243 43.59886642
 44.24937042 44.89987442 45.55037842 46.20088242 46.85138641 47.50189041
 48.15239441 48.80289841]	
[32.5403] [48.8029]
[33.3177] [47.3705]

69
[33.09059906 33.72275513 34.35491119 34.98706726 35.61922333 36.25137939
 36.88353546 37.51569153 38.1478476  38.78000366 39.41215973 40.0443158
 40.67647186 41.30862793 41.940784   42.57294006 43.20509613 43.8372522
 44.46940826 45.10156433 45.7337204  46.36587646 46.99803253 47.6301886
 48.26234467 48.89450073]	
[33.0906] [48.8945]
[33.2058] [46.8985]

70
[31.98349953 32.69427551 33.4050515  34.11582748 34.82660347 35.53737946
 36.24815544 36.95893143 37.66970741 38.3804834  39.09125938 39.80203537
 40.51281136 41.22358734 41.93436333 42.64513931 43.3559153  44.06669128
 44.77746727 45.48824326 46.19901924 46.90979523 47.62057121 48.3313472
 49.04212318 49.75289917]	
[31.9835] [49.7529]
[35.5816] [46.2633]

71
[28.65049934 29.45439529 30.25829124 31.06218719 31.86608315 32.6699791
 33.47387505 34.277771   35.08166695 35.8855629  36.68945885 37.4933548
 38.29725075 39.1011467  39.90504265 40.7089386  41.51283455 42.3167305
 43.12062645 43.9245224  44.72841835 45.5323143  46.33621025 47.1401062
 47.94400215 48.7478981 ]	
[28.6505] [48.7479]
[31.9935] [45.8898]

72
[30.89949989 31.62577988 32.35205986 33.07833984 33.80461983 34.53089981
 35.25717979 35.98345978 36.70973976 37.43601974 38.16229973 38.88857971
 39.6148597  40.34113968 41.06741966 41.79369965 42.51997963 43.24625961
 43.9725396  44.69881958 45.42509956 46.15137955 46.87765953 47.60393951
 48.3302195  49.05649948]	
[30.8995] [49.0565]
[32.8977] [46.3302]

73
[31.0659008  31.83616074 32.60642067 33.3766806  34.14694054 34.91720047
 35.6874604  36.45772034 37.22798027 37.9982402  38.76850014 39.53876007
 40.30902    41.07927994 41.84953987 42.6197998  43.39005974 44.16031967
 44.93057961 45.70083954 46.47109947 47.24135941 48.01161934 48.78187927
 49.55213921 50.32239914]	
[31.0659] [50.3224]
[33.3847] [46.5084]

74
[30.97820091 31.77160492 32.56500893 33.35841293 34.15181694 34.94522095
 35.73862495 36.53202896 37.32543297 38.11883698 38.91224098 39.70564499
 40.499049   41.292453   42.08585701 42.87926102 43.67266502 44.46606903
 45.25947304 46.05287704 46.84628105 47.63968506 48.43308907 49.22649307
 50.01989708 50.81330109]	
[30.9782] [50.8133]
[32.5566] [46.853]

75
[32.41439819 33.08410233 33.75380646 34.42351059 35.09321472 35.76291885
 36.43262299 37.10232712 37.77203125 38.44173538 39.11143951 39.78114365
 40.45084778 41.12055191 41.79025604 42.45996017 43.12966431 43.79936844
 44.46907257 45.1387767  45.80848083 46.47818497 47.1478891  47.81759323
 48.48729736 49.1570015 ]	
[32.4144] [49.157]
[32.6694] [47.7719]

76
[30.84020042 31.66236435 32.48452827 33.3066922  34.12885612 34.95102005
 35.77318398 36.5953479  37.41751183 38.23967575 39.06183968 39.8840036
 40.70616753 41.52833145 42.35049538 43.1726593  43.99482323 44.81698715
 45.63915108 46.461315   47.28347893 48.10564285 48.92780678 49.7499707
 50.57213463 51.39429855]	
[30.8402] [51.3943]
[32.3719] [47.5802]

77
[31.52910042 32.25333237 32.97756432 33.70179626 34.42602821 35.15026016
 35.87449211 36.59872406 37.32295601 38.04718796 38.77141991 39.49565186
 40.2198838  40.94411575 41.6683477  42.39257965 43.1168116  43.84104355
 44.5652755  45.28950745 46.0137394  46.73797134 47.46220329 48.18643524
 48.91066719 49.63489914]	
[31.5291] [49.6349]
[None] [46.7027]

78
[32.37670135 33.10093323 33.8251651  34.54939697 35.27362885 35.99786072
 36.72209259 37.44632446 38.17055634 38.89478821 39.61902008 40.34325195
 41.06748383 41.7917157  42.51594757 43.24017944 43.96441132 44.68864319
 45.41287506 46.13710693 46.86133881 47.58557068 48.30980255 49.03403442
 49.7582663  50.48249817]	
[32.3767] [50.4825]
[32.7477] [47.2536]

79
[32.07830048 32.84572052 33.61314056 34.38056061 35.14798065 35.9154007
 36.68282074 37.45024078 38.21766083 38.98508087 39.75250092 40.51992096
 41.287341   42.05476105 42.82218109 43.58960114 44.35702118 45.12444122
 45.89186127 46.65928131 47.42670135 48.1941214  48.96154144 49.72896149
 50.49638153 51.26380157]	
[32.0783] [51.2638]
[32.5051] [49.8651]

80
[32.12239838 32.92224243 33.72208649 34.52193054 35.3217746  36.12161865
 36.92146271 37.72130676 38.52115082 39.32099487 40.12083893 40.92068298
 41.72052704 42.52037109 43.32021515 44.1200592  44.91990326 45.71974731
 46.51959137 47.31943542 48.11927948 48.91912354 49.71896759 50.51881165
 51.3186557  52.11849976]	
[32.1224] [52.1185]
[32.4691] [45.9539]

81
[32.49890137 33.25791733 34.01693329 34.77594925 35.53496521 36.29398117
 37.05299713 37.81201309 38.57102905 39.33004501 40.08906097 40.84807693
 41.6070929  42.36610886 43.12512482 43.88414078 44.64315674 45.4021727
 46.16118866 46.92020462 47.67922058 48.43823654 49.1972525  49.95626846
 50.71528442 51.47430038]	
[32.4989] [51.4743]
[32.6077] [47.4359]

82
[32.58119965 33.33815567 34.09511169 34.85206772 35.60902374 36.36597977
 37.12293579 37.87989182 38.63684784 39.39380386 40.15075989 40.90771591
 41.66467194 42.42162796 43.17858398 43.93554001 44.69249603 45.44945206
 46.20640808 46.96336411 47.72032013 48.47727615 49.23423218 49.9911882
 50.74814423 51.50510025]	
[32.5812] [51.5051]
[None] [47.9577]

83
[31.25029945 32.14586349 33.04142754 33.93699158 34.83255562 35.72811966
 36.6236837  37.51924774 38.41481178 39.31037582 40.20593987 41.10150391
 41.99706795 42.89263199 43.78819603 44.68376007 45.57932411 46.47488815
 47.37045219 48.26601624 49.16158028 50.05714432 50.95270836 51.8482724
 52.74383644 53.63940048]	
[31.2503] [53.6394]
[None] [48.3018]

84
[32.91690063 33.6837326  34.45056458 35.21739655 35.98422852 36.75106049
 37.51789246 38.28472443 39.0515564  39.81838837 40.58522034 41.35205231
 42.11888428 42.88571625 43.65254822 44.41938019 45.18621216 45.95304413
 46.7198761  47.48670807 48.25354004 49.02037201 49.78720398 50.55403595
 51.32086792 52.08769989]	
[32.9169] [52.0877]
[34.2344] [48.7895]

85
[33.36539841 34.08520645 34.8050145  35.52482254 36.24463058 36.96443863
 37.68424667 38.40405472 39.12386276 39.84367081 40.56347885 41.2832869
 42.00309494 42.72290298 43.44271103 44.16251907 44.88232712 45.60213516
 46.32194321 47.04175125 47.7615593  48.48136734 49.20117538 49.92098343
 50.64079147 51.36059952]	
[33.3654] [51.3606]
[33.8143] [47.6408]

86
[32.34759903 33.150103   33.95260696 34.75511093 35.5576149  36.36011887
 37.16262283 37.9651268  38.76763077 39.57013474 40.3726387  41.17514267
 41.97764664 42.7801506  43.58265457 44.38515854 45.18766251 45.99016647
 46.79267044 47.59517441 48.39767838 49.20018234 50.00268631 50.80519028
 51.60769424 52.41019821]	
[32.3476] [52.4102]
[34.2912] [47.8466]

87
[31.11170006 31.99563202 32.87956398 33.76349594 34.6474279  35.53135986
 36.41529182 37.29922379 38.18315575 39.06708771 39.95101967 40.83495163
 41.71888359 42.60281555 43.48674751 44.37067947 45.25461143 46.1385434
 47.02247536 47.90640732 48.79033928 49.67427124 50.5582032  51.44213516
 52.32606712 53.20999908]	
[31.1117] [53.21]
[33.4416] [47.1965]

88
[32.65100098 33.51169693 34.37239288 35.23308884 36.09378479 36.95448074
 37.8151767  38.67587265 39.5365686  40.39726456 41.25796051 42.11865646
 42.97935242 43.84004837 44.70074432 45.56144028 46.42213623 47.28283218
 48.14352814 49.00422409 49.86492004 50.725616   51.58631195 52.4470079
 53.30770386 54.16839981]	
[32.651] [54.1684]
[33.9921] [49.5908]

89
[30.6590004  31.56366043 32.46832047 33.3729805  34.27764053 35.18230057
 36.0869606  36.99162064 37.89628067 38.8009407  39.70560074 40.61026077
 41.51492081 42.41958084 43.32424088 44.22890091 45.13356094 46.03822098
 46.94288101 47.84754105 48.75220108 49.65686111 50.56152115 51.46618118
 52.37084122 53.27550125]	
[30.659] [53.2755]
[35.3638] [46.9196]

90
[31.62350082 32.37497284 33.12644485 33.87791687 34.62938889 35.3808609
 36.13233292 36.88380493 37.63527695 38.38674896 39.13822098 39.88969299
 40.64116501 41.39263702 42.14410904 42.89558105 43.64705307 44.39852509
 45.1499971  45.90146912 46.65294113 47.40441315 48.15588516 48.90735718
 49.65882919 50.41030121]	
[31.6235] [50.4103]
[33.8122] [46.803]

91
[29.74130058 30.59546463 31.44962868 32.30379272 33.15795677 34.01212082
 34.86628487 35.72044891 36.57461296 37.42877701 38.28294106 39.1371051
 39.99126915 40.8454332  41.69959724 42.55376129 43.40792534 44.26208939
 45.11625343 45.97041748 46.82458153 47.67874557 48.53290962 49.38707367
 50.24123772 51.09540176]	
[29.7413] [51.0954]
[33.3364] [47.3675]

92
[33.13370132 33.84145721 34.5492131  35.25696899 35.96472488 36.67248077
 37.38023666 38.08799255 38.79574844 39.50350433 40.21126022 40.91901611
 41.626772   42.33452789 43.04228378 43.75003967 44.45779556 45.16555145
 45.87330734 46.58106323 47.28881912 47.99657501 48.7043309  49.41208679
 50.11984268 50.82759857]	
[33.1337] [50.8276]
[34.106] [49.8988]

93
[31.44389915 32.27587921 33.10785927 33.93983932 34.77181938 35.60379944
 36.4357795  37.26775955 38.09973961 38.93171967 39.76369972 40.59567978
 41.42765984 42.25963989 43.09161995 43.92360001 44.75558006 45.58756012
 46.41954018 47.25152023 48.08350029 48.91548035 49.7474604  50.57944046
 51.41142052 52.24340057]	
[31.4439] [52.2434]
[33.6881] [47.6481]

94
[31.19820023 32.05894028 32.91968033 33.78042038 34.64116043 35.50190048
 36.36264053 37.22338058 38.08412064 38.94486069 39.80560074 40.66634079
 41.52708084 42.38782089 43.24856094 44.10930099 44.97004105 45.8307811
 46.69152115 47.5522612  48.41300125 49.2737413  50.13448135 50.99522141
 51.85596146 52.71670151]	
[31.1982] [52.7167]
[None] [47.6266]

95
[32.03839874 32.84179077 33.6451828  34.44857483 35.25196686 36.05535889
 36.85875092 37.66214294 38.46553497 39.268927   40.07231903 40.87571106
 41.67910309 42.48249512 43.28588715 44.08927917 44.8926712  45.69606323
 46.49945526 47.30284729 48.10623932 48.90963135 49.71302338 50.51641541
 51.31980743 52.12319946]	
[32.0384] [52.1232]
[34.0822] [48.7303]

96
[32.85219955 33.6039595  34.35571945 35.1074794  35.85923935 36.6109993
 37.36275925 38.1145192  38.86627914 39.61803909 40.36979904 41.12155899
 41.87331894 42.62507889 43.37683884 44.12859879 44.88035873 45.63211868
 46.38387863 47.13563858 47.88739853 48.63915848 49.39091843 50.14267838
 50.89443832 51.64619827]	
[32.8522] [51.6462]
[34.4924] [48.6942]

97
[32.14889908 32.97013916 33.79137924 34.61261932 35.43385941 36.25509949
 37.07633957 37.89757965 38.71881973 39.54005981 40.3612999  41.18253998
 42.00378006 42.82502014 43.64626022 44.46750031 45.28874039 46.10998047
 46.93122055 47.75246063 48.57370071 49.3949408  50.21618088 51.03742096
 51.85866104 52.67990112]	
[32.1489] [52.6799]
[33.4757] [49.2449]

98
[32.86629868 33.6816507  34.49700272 35.31235474 36.12770676 36.94305878
 37.7584108  38.57376282 39.38911484 40.20446686 41.01981888 41.8351709
 42.65052292 43.46587494 44.28122696 45.09657898 45.911931   46.72728302
 47.54263504 48.35798706 49.17333908 49.9886911  50.80404312 51.61939514
 52.43474716 53.25009918]	
[32.8663] [53.2501]
[33.1062] [50.1024]

99
[33.29850006 34.08474411 34.87098816 35.65723221 36.44347626 37.22972031
 38.01596436 38.8022084  39.58845245 40.3746965  41.16094055 41.9471846
 42.73342865 43.5196727  44.30591675 45.0921608  45.87840485 46.6646489
 47.45089294 48.23713699 49.02338104 49.80962509 50.59586914 51.38211319
 52.16835724 52.95460129]	
[33.2985] [52.9546]
[33.7586] [51.0662]

100
[32.77959824 33.51905029 34.25850235 34.99795441 35.73740646 36.47685852
 37.21631058 37.95576263 38.69521469 39.43466675 40.1741188  40.91357086
 41.65302292 42.39247498 43.13192703 43.87137909 44.61083115 45.3502832
 46.08973526 46.82918732 47.56863937 48.30809143 49.04754349 49.78699554
 50.5264476  51.26589966]	
[32.7796] [51.2659]
[None] [50.6529]

101
[32.37630081 33.1434288  33.91055679 34.67768478 35.44481277 36.21194077
 36.97906876 37.74619675 38.51332474 39.28045273 40.04758072 40.81470871
 41.5818367  42.34896469 43.11609268 43.88322067 44.65034866 45.41747665
 46.18460464 46.95173264 47.71886063 48.48598862 49.25311661 50.0202446
 50.78737259 51.55450058]	
[32.3763] [51.5545]
[32.8702] [49.5114]

102
[32.62599945 33.39301941 34.16003937 34.92705933 35.69407928 36.46109924
 37.2281192  37.99513916 38.76215912 39.52917908 40.29619904 41.06321899
 41.83023895 42.59725891 43.36427887 44.13129883 44.89831879 45.66533875
 46.4323587  47.19937866 47.96639862 48.73341858 49.50043854 50.2674585
 51.03447845 51.80149841]	
[32.626] [51.8015]
[32.8987] [51.066]

103
[32.42810059 33.20578049 33.98346039 34.76114029 35.53882019 36.31650009
 37.09417999 37.87185989 38.64953979 39.4272197  40.2048996  40.9825795
 41.7602594  42.5379393  43.3156192  44.0932991  44.870979   45.64865891
 46.42633881 47.20401871 47.98169861 48.75937851 49.53705841 50.31473831
 51.09241821 51.87009811]	
[32.4281] [51.8701]
[33.6777] [51.1702]

104
[32.38040161 33.10458557 33.82876953 34.55295349 35.27713745 36.00132141
 36.72550537 37.44968933 38.17387329 38.89805725 39.62224121 40.34642517
 41.07060913 41.79479309 42.51897705 43.24316101 43.96734497 44.69152893
 45.41571289 46.13989685 46.86408081 47.58826477 48.31244873 49.03663269
 49.76081665 50.48500061]	
[32.3804] [50.485]
[32.8795] [49.124]

105
[32.22579956 32.99845963 33.77111969 34.54377975 35.31643982 36.08909988
 36.86175995 37.63442001 38.40708008 39.17974014 39.95240021 40.72506027
 41.49772034 42.2703804  43.04304047 43.81570053 44.5883606  45.36102066
 46.13368073 46.90634079 47.67900085 48.45166092 49.22432098 49.99698105
 50.76964111 51.54230118]	
[32.2258] [51.5423]
[32.2744] [46.845]

106
[32.51670074 33.30674866 34.09679657 34.88684448 35.6768924  36.46694031
 37.25698822 38.04703613 38.83708405 39.62713196 40.41717987 41.20722778
 41.9972757  42.78732361 43.57737152 44.36741943 45.15746735 45.94751526
 46.73756317 47.52761108 48.317659   49.10770691 49.89775482 50.68780273
 51.47785065 52.26789856]	
[32.5167] [52.2679]
[32.8083] [47.5924]

107
[31.44639969 32.24129166 33.03618362 33.83107559 34.62596756 35.42085953
 36.2157515  37.01064346 37.80553543 38.6004274  39.39531937 40.19021133
 40.9851033  41.77999527 42.57488724 43.36977921 44.16467117 44.95956314
 45.75445511 46.54934708 47.34423904 48.13913101 48.93402298 49.72891495
 50.52380692 51.31869888]	
[31.4464] [51.3187]
[32.5417] [47.4254]

108
[33.16260147 33.89728943 34.63197739 35.36666534 36.1013533  36.83604126
 37.57072922 38.30541718 39.04010513 39.77479309 40.50948105 41.24416901
 41.97885696 42.71354492 43.44823288 44.18292084 44.9176088  45.65229675
 46.38698471 47.12167267 47.85636063 48.59104858 49.32573654 50.0604245
 50.79511246 51.52980042]	
[33.1626] [51.5298]
[34.0125] [47.2203]

109
[32.6678009  33.38642487 34.10504883 34.82367279 35.54229675 36.26092072
 36.97954468 37.69816864 38.4167926  39.13541656 39.85404053 40.57266449
 41.29128845 42.00991241 42.72853638 43.44716034 44.1657843  44.88440826
 45.60303223 46.32165619 47.04028015 47.75890411 48.47752808 49.19615204
 49.914776   50.63339996]	
[32.6678] [50.6334]
[33.2016] [46.807]

110
[32.45299911 33.16104721 33.86909531 34.5771434  35.2851915  35.99323959
 36.70128769 37.40933578 38.11738388 38.82543198 39.53348007 40.24152817
 40.94957626 41.65762436 42.36567245 43.07372055 43.78176865 44.48981674
 45.19786484 45.90591293 46.61396103 47.32200912 48.03005722 48.73810532
 49.44615341 50.15420151]	
[32.453] [50.1542]
[None] [47.0072]

111
[33.1969986  33.96265869 34.72831879 35.49397888 36.25963898 37.02529907
 37.79095917 38.55661926 39.32227936 40.08793945 40.85359955 41.61925964
 42.38491974 43.15057983 43.91623993 44.68190002 45.44756012 46.21322021
 46.97888031 47.74454041 48.5102005  49.2758606  50.04152069 50.80718079
 51.57284088 52.33850098]	
[33.197] [52.3385]
[33.2413] [48.7322]

112
[32.19169998 32.94820404 33.7047081  34.46121216 35.21771622 35.97422028
 36.73072433 37.48722839 38.24373245 39.00023651 39.75674057 40.51324463
 41.26974869 42.02625275 42.78275681 43.53926086 44.29576492 45.05226898
 45.80877304 46.5652771  47.32178116 48.07828522 48.83478928 49.59129333
 50.34779739 51.10430145]	
[32.1917] [51.1043]
[32.4821] [47.5335]

113
[31.83480072 32.5833847  33.33196869 34.08055267 34.82913666 35.57772064
 36.32630463 37.07488861 37.8234726  38.57205658 39.32064056 40.06922455
 40.81780853 41.56639252 42.3149765  43.06356049 43.81214447 44.56072845
 45.30931244 46.05789642 46.80648041 47.55506439 48.30364838 49.05223236
 49.80081635 50.54940033]	
[31.8348] [50.5494]
[33.7973] [49.2649]

114
[32.14730072 32.87886063 33.61042053 34.34198044 35.07354034 35.80510025
 36.53666016 37.26822006 37.99977997 38.73133987 39.46289978 40.19445969
 40.92601959 41.6575795  42.3891394  43.12069931 43.85225922 44.58381912
 45.31537903 46.04693893 46.77849884 47.51005875 48.24161865 48.97317856
 49.70473846 50.43629837]	
[32.1473] [50.4363]
[32.2016] [47.5631]

115
[31.23600006 32.05375198 32.87150391 33.68925583 34.50700775 35.32475967
 36.1425116  36.96026352 37.77801544 38.59576736 39.41351929 40.23127121
 41.04902313 41.86677505 42.68452698 43.5022789  44.32003082 45.13778275
 45.95553467 46.77328659 47.59103851 48.40879044 49.22654236 50.04429428
 50.8620462  51.67979813]	
[31.236] [51.6798]
[33.7507] [49.3578]

116
[33.11999893 33.83707092 34.55414291 35.2712149  35.9882869  36.70535889
 37.42243088 38.13950287 38.85657486 39.57364685 40.29071884 41.00779083
 41.72486282 42.44193481 43.15900681 43.8760788  44.59315079 45.31022278
 46.02729477 46.74436676 47.46143875 48.17851074 48.89558273 49.61265472
 50.32972672 51.04679871]	
[33.12] [51.0468]
[33.9861] [49.7444]

117
[31.79080009 32.5914801  33.39216011 34.19284012 34.99352013 35.79420013
 36.59488014 37.39556015 38.19624016 38.99692017 39.79760017 40.59828018
 41.39896019 42.1996402  43.00032021 43.80100021 44.60168022 45.40236023
 46.20304024 47.00372025 47.80440025 48.60508026 49.40576027 50.20644028
 51.00712029 51.80780029]	
[31.7908] [51.8078]
[33.4215] [49.2222]

118
[30.70739937 31.54611542 32.38483147 33.22354752 34.06226357 34.90097961
 35.73969566 36.57841171 37.41712776 38.25584381 39.09455986 39.93327591
 40.77199196 41.61070801 42.44942406 43.28814011 44.12685616 44.9655722
 45.80428825 46.6430043  47.48172035 48.3204364  49.15915245 49.9978685
 50.83658455 51.6753006 ]	
[30.7074] [51.6753]
[33.2933] [48.9467]

119
[31.20100021 32.0398082  32.87861618 33.71742416 34.55623215 35.39504013
 36.23384811 37.0726561  37.91146408 38.75027206 39.58908005 40.42788803
 41.26669601 42.105504   42.94431198 43.78311996 44.62192795 45.46073593
 46.29954391 47.1383519  47.97715988 48.81596786 49.65477585 50.49358383
 51.33239182 52.1711998 ]	
[31.201] [52.1712]
[32.8102] [48.9678]

120
[31.25379944 32.15158752 33.04937561 33.9471637  34.84495178 35.74273987
 36.64052795 37.53831604 38.43610413 39.33389221 40.2316803  41.12946838
 42.02725647 42.92504456 43.82283264 44.72062073 45.61840881 46.5161969
 47.41398499 48.31177307 49.20956116 50.10734924 51.00513733 51.90292542
 52.8007135  53.69850159]	
[31.2538] [53.6985]
[None] [49.6974]

121
[31.50060081 32.36450073 33.22840065 34.09230057 34.95620049 35.8201004
 36.68400032 37.54790024 38.41180016 39.27570007 40.13959999 41.00349991
 41.86739983 42.73129974 43.59519966 44.45909958 45.3229995  46.18689941
 47.05079933 47.91469925 48.77859917 49.64249908 50.506399   51.37029892
 52.23419884 53.09809875]	
[31.5006] [53.0981]
[32.1159] [48.6845]

122
[31.17840004 32.04383209 32.90926414 33.7746962  34.64012825 35.5055603
 36.37099236 37.23642441 38.10185646 38.96728851 39.83272057 40.69815262
 41.56358467 42.42901672 43.29444878 44.15988083 45.02531288 45.89074493
 46.75617699 47.62160904 48.48704109 49.35247314 50.2179052  51.08333725
 51.9487693  52.81420135]	
[31.1784] [52.8142]
[None] [49.0758]

123
[29.38349915 30.31122711 31.23895508 32.16668304 33.09441101 34.02213898
 34.94986694 35.87759491 36.80532288 37.73305084 38.66077881 39.58850677
 40.51623474 41.44396271 42.37169067 43.29941864 44.22714661 45.15487457
 46.08260254 47.01033051 47.93805847 48.86578644 49.7935144  50.72124237
 51.64897034 52.5766983 ]	
[29.3835] [52.5767]
[31.7975] [47.7331]

124
[30.10740089 31.05525284 32.00310478 32.95095673 33.89880867 34.84666061
 35.79451256 36.7423645  37.69021645 38.63806839 39.58592033 40.53377228
 41.48162422 42.42947617 43.37732811 44.32518005 45.273032   46.22088394
 47.16873589 48.11658783 49.06443977 50.01229172 50.96014366 51.90799561
 52.85584755 53.80369949]	
[30.1074] [53.8037]
[31.8726] [47.0598]

125
[31.9640007  32.82587265 33.6877446  34.54961655 35.41148849 36.27336044
 37.13523239 37.99710434 38.85897629 39.72084824 40.58272018 41.44459213
 42.30646408 43.16833603 44.03020798 44.89207993 45.75395187 46.61582382
 47.47769577 48.33956772 49.20143967 50.06331161 50.92518356 51.78705551
 52.64892746 53.51079941]	
[31.964] [53.5108]
[33.2236] [47.4884]

126
[30.56229973 31.42425171 32.28620369 33.14815567 34.01010765 34.87205963
 35.73401161 36.59596359 37.45791557 38.31986755 39.18181953 40.04377151
 40.9057235  41.76767548 42.62962746 43.49157944 44.35353142 45.2154834
 46.07743538 46.93938736 47.80133934 48.66329132 49.5252433  50.38719528
 51.24914726 52.11109924]	
[30.5623] [52.1111]
[34.5887] [48.7546]

127
[30.9510994  31.86304749 32.77499557 33.68694366 34.59889175 35.51083984
 36.42278793 37.33473602 38.24668411 39.1586322  40.07058029 40.98252838
 41.89447647 42.80642456 43.71837265 44.63032074 45.54226883 46.45421692
 47.36616501 48.2781131  49.19006119 50.10200928 51.01395737 51.92590546
 52.83785355 53.74980164]	
[30.9511] [53.7498]
[32.3582] [47.9208]

128
[30.93899918 31.85322327 32.76744736 33.68167145 34.59589554 35.51011963
 36.42434372 37.33856781 38.2527919  39.16701599 40.08124008 40.99546417
 41.90968826 42.82391235 43.73813644 44.65236053 45.56658463 46.48080872
 47.39503281 48.3092569  49.22348099 50.13770508 51.05192917 51.96615326
 52.88037735 53.79460144]	
[30.939] [53.7946]
[None] [47.3532]

129
[30.3621006  31.33338058 32.30466057 33.27594055 34.24722054 35.21850052
 36.1897805  37.16106049 38.13234047 39.10362045 40.07490044 41.04618042
 42.0174604  42.98874039 43.96002037 44.93130035 45.90258034 46.87386032
 47.8451403  48.81642029 49.78770027 50.75898026 51.73026024 52.70154022
 53.67282021 54.64410019]	
[30.3621] [54.6441]
[None] [50.6845]

130
[31.17160034 32.10545639 33.03931244 33.97316849 34.90702454 35.84088058
 36.77473663 37.70859268 38.64244873 39.57630478 40.51016083 41.44401688
 42.37787292 43.31172897 44.24558502 45.17944107 46.11329712 47.04715317
 47.98100922 48.91486526 49.84872131 50.78257736 51.71643341 52.65028946
 53.58414551 54.51800156]	
[31.1716] [54.518]
[32.8191] [48.2683]

131
[31.20269966 32.16985168 33.13700371 34.10415573 35.07130775 36.03845978
 37.0056118  37.97276382 38.93991585 39.90706787 40.87421989 41.84137192
 42.80852394 43.77567596 44.74282799 45.70998001 46.67713203 47.64428406
 48.61143608 49.5785881  50.54574013 51.51289215 52.48004417 53.4471962
 54.41434822 55.38150024]	
[31.2027] [55.3815]
[33.2216] [47.3362]

132
[32.58229828 33.47050232 34.35870636 35.2469104  36.13511444 37.02331848
 37.91152252 38.79972656 39.6879306  40.57613464 41.46433868 42.35254272
 43.24074677 44.12895081 45.01715485 45.90535889 46.79356293 47.68176697
 48.56997101 49.45817505 50.34637909 51.23458313 52.12278717 53.01099121
 53.89919525 54.78739929]	
[32.5823] [54.7874]
[32.8461] [48.0605]

133
[32.53900146 33.44519348 34.3513855  35.25757751 36.16376953 37.06996155
 37.97615356 38.88234558 39.7885376  40.69472961 41.60092163 42.50711365
 43.41330566 44.31949768 45.2256897  46.13188171 47.03807373 47.94426575
 48.85045776 49.75664978 50.6628418  51.56903381 52.47522583 53.38141785
 54.28760986 55.19380188]	
[32.539] [55.1938]
[None] [47.3105]

134
[33.05469894 33.90067505 34.74665115 35.59262726 36.43860336 37.28457947
 38.13055557 38.97653168 39.82250778 40.66848389 41.51445999 42.3604361
 43.2064122  44.05238831 44.89836441 45.74434052 46.59031662 47.43629272
 48.28226883 49.12824493 49.97422104 50.82019714 51.66617325 52.51214935
 53.35812546 54.20410156]	
[33.0547] [54.2041]
[None] [48.9714]

135
[32.41529846 33.30086258 34.1864267  35.07199081 35.95755493 36.84311905
 37.72868317 38.61424728 39.4998114  40.38537552 41.27093964 42.15650375
 43.04206787 43.92763199 44.81319611 45.69876022 46.58432434 47.46988846
 48.35545258 49.24101669 50.12658081 51.01214493 51.89770905 52.78327316
 53.66883728 54.5544014 ]	
[32.4153] [54.5544]
[None] [47.9126]

136
[32.08750153 33.0494014  34.01130127 34.97320114 35.93510101 36.89700089
 37.85890076 38.82080063 39.7827005  40.74460037 41.70650024 42.66840012
 43.63029999 44.59219986 45.55409973 46.5159996  47.47789948 48.43979935
 49.40169922 50.36359909 51.32549896 52.28739883 53.24929871 54.21119858
 55.17309845 56.13499832]	
[32.0875] [56.135]
[None] [50.3726]

137
[30.90200043 31.84040848 32.77881653 33.71722458 34.65563263 35.59404068
 36.53244873 37.47085678 38.40926483 39.34767288 40.28608093 41.22448898
 42.16289703 43.10130508 44.03971313 44.97812119 45.91652924 46.85493729
 47.79334534 48.73175339 49.67016144 50.60856949 51.54697754 52.48538559
 53.42379364 54.36220169]	
[30.902] [54.3622]
[None] [49.2476]

138
[30.57749939 31.55635941 32.53521942 33.51407944 34.49293945 35.47179947
 36.45065948 37.4295195  38.40837952 39.38723953 40.36609955 41.34495956
 42.32381958 43.3026796  44.28153961 45.26039963 46.23925964 47.21811966
 48.19697968 49.17583969 50.15469971 51.13355972 52.11241974 53.09127975
 54.07013977 55.04899979]	
[30.5775] [55.049]
[30.7894] [50.58]

139
[30.76339912 31.69410721 32.62481529 33.55552338 34.48623146 35.41693954
 36.34764763 37.27835571 38.2090638  39.13977188 40.07047997 41.00118805
 41.93189613 42.86260422 43.7933123  44.72402039 45.65472847 46.58543655
 47.51614464 48.44685272 49.37756081 50.30826889 51.23897697 52.16968506
 53.10039314 54.03110123]	
[30.7634] [54.0311]
[None] [50.4788]

140
[30.42180061 31.35585266 32.28990471 33.22395676 34.1580088  35.09206085
 36.0261129  36.96016495 37.894217   38.82826904 39.76232109 40.69637314
 41.63042519 42.56447723 43.49852928 44.43258133 45.36663338 46.30068542
 47.23473747 48.16878952 49.10284157 50.03689362 50.97094566 51.90499771
 52.83904976 53.77310181]	
[30.4218] [53.7731]
[None] [50.6293]

141
[30.44039917 31.47146713 32.5025351  33.53360306 34.56467102 35.59573898
 36.62680695 37.65787491 38.68894287 39.72001083 40.7510788  41.78214676
 42.81321472 43.84428268 44.87535065 45.90641861 46.93748657 47.96855453
 48.9996225  50.03069046 51.06175842 52.09282639 53.12389435 54.15496231
 55.18603027 56.21709824]	
[30.4404] [56.2171]
[33.3615] [52.6561]

142
[30.34729958 31.31091156 32.27452354 33.23813553 34.20174751 35.1653595
 36.12897148 37.09258347 38.05619545 39.01980743 39.98341942 40.9470314
 41.91064339 42.87425537 43.83786736 44.80147934 45.76509132 46.72870331
 47.69231529 48.65592728 49.61953926 50.58315125 51.54676323 52.51037521
 53.4739872  54.43759918]	
[30.3473] [54.4376]
[32.6675] [51.2915]

143
[30.56299973 31.45764771 32.35229568 33.24694366 34.14159164 35.03623962
 35.9308876  36.82553558 37.72018356 38.61483154 39.50947952 40.4041275
 41.29877548 42.19342346 43.08807144 43.98271942 44.8773674  45.77201538
 46.66666336 47.56131134 48.45595932 49.3506073  50.24525528 51.13990326
 52.03455124 52.92919922]	
[30.563] [52.9292]
[32.6873] [50.8404]

144
[29.71080017 30.64886414 31.5869281  32.52499207 33.46305603 34.40112
 35.33918396 36.27724792 37.21531189 38.15337585 39.09143982 40.02950378
 40.96756775 41.90563171 42.84369568 43.78175964 44.71982361 45.65788757
 46.59595154 47.5340155  48.47207947 49.41014343 50.3482074  51.28627136
 52.22433533 53.16239929]	
[29.7108] [53.1624]
[32.5337] [50.5469]

145
[29.96019936 30.95205139 31.94390343 32.93575546 33.9276075  34.91945953
 35.91131157 36.9031636  37.89501564 38.88686768 39.87871971 40.87057175
 41.86242378 42.85427582 43.84612785 44.83797989 45.82983192 46.82168396
 47.813536   48.80538803 49.79724007 50.7890921  51.78094414 52.77279617
 53.76464821 54.75650024]	
[29.9602] [54.7565]
[33.1004] [50.7614]

146
[28.26339912 29.26836716 30.27333519 31.27830322 32.28327126 33.28823929
 34.29320732 35.29817535 36.30314339 37.30811142 38.31307945 39.31804749
 40.32301552 41.32798355 42.33295158 43.33791962 44.34288765 45.34785568
 46.35282372 47.35779175 48.36275978 49.36772781 50.37269585 51.37766388
 52.38263191 53.38759995]	
[28.2634] [53.3876]
[31.8999] [50.7859]

147
[29.77549934 30.7560553  31.73661125 32.71716721 33.69772316 34.67827911
 35.65883507 36.63939102 37.61994698 38.60050293 39.58105888 40.56161484
 41.54217079 42.52272675 43.5032827  44.48383865 45.46439461 46.44495056
 47.42550652 48.40606247 49.38661842 50.36717438 51.34773033 52.32828629
 53.30884224 54.28939819]	
[29.7755] [54.2894]
[32.4922] [48.9308]

148
[30.76129913 31.69499924 32.62869934 33.56239944 34.49609955 35.42979965
 36.36349976 37.29719986 38.23089996 39.16460007 40.09830017 41.03200027
 41.96570038 42.89940048 43.83310059 44.76680069 45.70050079 46.6342009
 47.567901   48.5016011  49.43530121 50.36900131 51.30270142 52.23640152
 53.17010162 54.10380173]	
[30.7613] [54.1038]
[32.51] [49.6825]

149
[28.30039978 29.29969986 30.29899994 31.29830002 32.2976001  33.29690018
 34.29620026 35.29550034 36.29480042 37.29410049 38.29340057 39.29270065
 40.29200073 41.29130081 42.29060089 43.28990097 44.28920105 45.28850113
 46.28780121 47.28710129 48.28640137 49.28570145 50.28500153 51.28430161
 52.28360168 53.28290176]	
[28.3004] [53.2829]
[31.0621] [46.988]

150
[30.00329971 30.95619568 31.90909164 32.86198761 33.81488358 34.76777954
 35.72067551 36.67357147 37.62646744 38.5793634  39.53225937 40.48515533
 41.4380513  42.39094727 43.34384323 44.2967392  45.24963516 46.20253113
 47.15542709 48.10832306 49.06121902 50.01411499 50.96701096 51.91990692
 52.87280289 53.82569885]	
[30.0033] [53.8257]
[31.4908] [48.8021]

151
[29.27389908 30.3521991  31.43049911 32.50879913 33.58709915 34.66539917
 35.74369919 36.82199921 37.90029922 38.97859924 40.05689926 41.13519928
 42.2134993  43.29179932 44.37009933 45.44839935 46.52669937 47.60499939
 48.68329941 49.76159943 50.83989944 51.91819946 52.99649948 54.0747995
 55.15309952 56.23139954]	
[29.2739] [56.2314]
[31.5705] [46.6351]

152
[30.70159912 31.63293518 32.56427124 33.4956073  34.42694336 35.35827942
 36.28961548 37.22095154 38.1522876  39.08362366 40.01495972 40.94629578
 41.87763184 42.8089679  43.74030396 44.67164001 45.60297607 46.53431213
 47.46564819 48.39698425 49.32832031 50.25965637 51.19099243 52.12232849
 53.05366455 53.98500061]	
[30.7016] [53.985]
[32.3334] [46.656]

153
[29.53440094 30.53395294 31.53350494 32.53305695 33.53260895 34.53216095
 35.53171295 36.53126495 37.53081696 38.53036896 39.52992096 40.52947296
 41.52902496 42.52857697 43.52812897 44.52768097 45.52723297 46.52678497
 47.52633698 48.52588898 49.52544098 50.52499298 51.52454498 52.52409698
 53.52364899 54.52320099]	
[29.5344] [54.5232]
[32.0429] [49.1753]

154
[28.78730011 29.81617615 30.84505219 31.87392822 32.90280426 33.9316803
 34.96055634 35.98943237 37.01830841 38.04718445 39.07606049 40.10493652
 41.13381256 42.1626886  43.19156464 44.22044067 45.24931671 46.27819275
 47.30706879 48.33594482 49.36482086 50.3936969  51.42257294 52.45144897
 53.48032501 54.50920105]	
[28.7873] [54.5092]
[30.6667] [48.1469]

155
[29.0802002  30.23631226 31.39242432 32.54853638 33.70464844 34.8607605
 36.01687256 37.17298462 38.32909668 39.48520874 40.6413208  41.79743286
 42.95354492 44.10965698 45.26576904 46.4218811  47.57799316 48.73410522
 49.89021729 51.04632935 52.20244141 53.35855347 54.51466553 55.67077759
 56.82688965 57.98300171]	
[29.0802] [57.983]
[32.5818] [47.6516]

156
[29.01370049 30.09984039 31.1859803  32.27212021 33.35826012 34.44440002
 35.53053993 36.61667984 37.70281975 38.78895966 39.87509956 40.96123947
 42.04737938 43.13351929 44.21965919 45.3057991  46.39193901 47.47807892
 48.56421883 49.65035873 50.73649864 51.82263855 52.90877846 53.99491837
 55.08105827 56.16719818]	
[29.0137] [56.1672]
[32.3152] [49.3051]

157
[29.80820084 30.83142883 31.85465683 32.87788483 33.90111282 34.92434082
 35.94756882 36.97079681 37.99402481 39.01725281 40.0404808  41.0637088
 42.0869368  43.11016479 44.13339279 45.15662079 46.17984879 47.20307678
 48.22630478 49.24953278 50.27276077 51.29598877 52.31921677 53.34244476
 54.36567276 55.38890076]	
[29.8082] [55.3889]
[31.8573] [49.5976]

158
[30.27129936 31.33387543 32.39645149 33.45902756 34.52160362 35.58417969
 36.64675575 37.70933182 38.77190788 39.83448395 40.89706001 41.95963608
 43.02221214 44.08478821 45.14736427 46.20994034 47.2725164  48.33509247
 49.39766853 50.4602446  51.52282066 52.58539673 53.64797279 54.71054886
 55.77312492 56.83570099]	
[30.2713] [56.8357]
[32.0112] [48.4933]

159
[31.32329941 32.27551941 33.22773941 34.17995941 35.13217941 36.08439941
 37.03661942 37.98883942 38.94105942 39.89327942 40.84549942 41.79771942
 42.74993942 43.70215942 44.65437943 45.60659943 46.55881943 47.51103943
 48.46325943 49.41547943 50.36769943 51.31991943 52.27213943 53.22435944
 54.17657944 55.12879944]	
[31.3233] [55.1288]
[35.1017] [48.0569]

160
[30.18799973 31.18896378 32.18992783 33.19089188 34.19185593 35.19281998
 36.19378403 37.19474808 38.19571213 39.19667618 40.19764023 41.19860428
 42.19956833 43.20053238 44.20149643 45.20246048 46.20342453 47.20438858
 48.20535263 49.20631668 50.20728073 51.20824478 52.20920883 53.21017288
 54.21113693 55.21210098]	
[30.188] [55.2121]
[31.5522] [48.6613]

161
[31.58709908 32.60084717 33.61459526 34.62834335 35.64209145 36.65583954
 37.66958763 38.68333572 39.69708382 40.71083191 41.72458    42.73832809
 43.75207619 44.76582428 45.77957237 46.79332047 47.80706856 48.82081665
 49.83456474 50.84831284 51.86206093 52.87580902 53.88955711 54.90330521
 55.9170533  56.93080139]	
[31.5871] [56.9308]
[33.2582] [49.1802]

162
[31.82489967 32.80997971 33.79505974 34.78013977 35.7652198  36.75029984
 37.73537987 38.7204599  39.70553993 40.69061996 41.6757     42.66078003
 43.64586006 44.63094009 45.61602013 46.60110016 47.58618019 48.57126022
 49.55634026 50.54142029 51.52650032 52.51158035 53.49666039 54.48174042
 55.46682045 56.45190048]	
[31.8249] [56.4519]
[32.7716] [47.381]

163
[32.38399887 33.26808685 34.15217484 35.03626282 35.9203508  36.80443878
 37.68852676 38.57261475 39.45670273 40.34079071 41.22487869 42.10896667
 42.99305466 43.87714264 44.76123062 45.6453186  46.52940659 47.41349457
 48.29758255 49.18167053 50.06575851 50.9498465  51.83393448 52.71802246
 53.60211044 54.48619843]	
[32.384] [54.4862]
[34.3046] [47.6913]

164
[32.1629982  33.17837021 34.19374222 35.20911423 36.22448624 37.23985825
 38.25523026 39.27060226 40.28597427 41.30134628 42.31671829 43.3320903
 44.34746231 45.36283432 46.37820633 47.39357834 48.40895035 49.42432236
 50.43969437 51.45506638 52.47043839 53.48581039 54.5011824  55.51655441
 56.53192642 57.54729843]	
[32.163] [57.5473]
[32.7608] [47.025]

165
[31.84889984 32.80745987 33.7660199  34.72457993 35.68313995 36.64169998
 37.60026001 38.55882004 39.51738007 40.47594009 41.43450012 42.39306015
 43.35162018 44.31018021 45.26874023 46.22730026 47.18586029 48.14442032
 49.10298035 50.06154037 51.0201004  51.97866043 52.93722046 53.89578049
 54.85434052 55.81290054]	
[31.8489] [55.8129]
[33.1755] [47.6577]

166
[32.5632019  33.53658188 34.50996185 35.48334183 36.4567218  37.43010178
 38.40348175 39.37686172 40.3502417  41.32362167 42.29700165 43.27038162
 44.2437616  45.21714157 46.19052155 47.16390152 48.13728149 49.11066147
 50.08404144 51.05742142 52.03080139 53.00418137 53.97756134 54.95094131
 55.92432129 56.89770126]	
[32.5632] [56.8977]
[32.8324] [49.4109]

167
[32.87509918 33.77169128 34.66828339 35.56487549 36.46146759 37.35805969
 38.25465179 39.1512439  40.047836   40.9444281  41.8410202  42.7376123
 43.63420441 44.53079651 45.42738861 46.32398071 47.22057281 48.11716492
 49.01375702 49.91034912 50.80694122 51.70353333 52.60012543 53.49671753
 54.39330963 55.28990173]	
[32.8751] [55.2899]
[33.2289] [47.4105]

168
[33.2057991  34.10253113 34.99926315 35.89599518 36.7927272  37.68945923
 38.58619125 39.48292328 40.3796553  41.27638733 42.17311935 43.06985138
 43.9665834  44.86331543 45.76004745 46.65677948 47.55351151 48.45024353
 49.34697556 50.24370758 51.14043961 52.03717163 52.93390366 53.83063568
 54.72736771 55.62409973]	
[33.2058] [55.6241]
[None] [47.4995]

169
[33.06060028 33.93506821 34.80953613 35.68400406 36.55847198 37.43293991
 38.30740784 39.18187576 40.05634369 40.93081161 41.80527954 42.67974747
 43.55421539 44.42868332 45.30315125 46.17761917 47.0520871  47.92655502
 48.80102295 49.67549088 50.5499588  51.42442673 52.29889465 53.17336258
 54.04783051 54.92229843]	
[33.0606] [54.9223]
[33.0936] [50.104]

170
[32.34500122 33.32572113 34.30644104 35.28716095 36.26788086 37.24860077
 38.22932068 39.21004059 40.1907605  41.17148041 42.15220032 43.13292023
 44.11364014 45.09436005 46.07507996 47.05579987 48.03651978 49.01723969
 49.99795959 50.9786795  51.95939941 52.94011932 53.92083923 54.90155914
 55.88227905 56.86299896]	
[32.345] [56.863]
[None] [47.7961]

171
[31.28160095 32.37796494 33.47432892 34.5706929  35.66705688 36.76342087
 37.85978485 38.95614883 40.05251282 41.1488768  42.24524078 43.34160477
 44.43796875 45.53433273 46.63069672 47.7270607  48.82342468 49.91978867
 51.01615265 52.11251663 53.20888062 54.3052446  55.40160858 56.49797256
 57.59433655 58.69070053]	
[31.2816] [58.6907]
[33.9692] [47.6947]

172
[31.95490074 32.95676468 33.95862862 34.96049255 35.96235649 36.96422043
 37.96608437 38.9679483  39.96981224 40.97167618 41.97354012 42.97540405
 43.97726799 44.97913193 45.98099586 46.9828598  47.98472374 48.98658768
 49.98845161 50.99031555 51.99217949 52.99404343 53.99590736 54.9977713
 55.99963524 57.00149918]	
[31.9549] [57.0015]
[32.2377] [47.3752]

173
[33.20399857 34.07529068 34.94658279 35.81787491 36.68916702 37.56045914
 38.43175125 39.30304337 40.17433548 41.04562759 41.91691971 42.78821182
 43.65950394 44.53079605 45.40208817 46.27338028 47.14467239 48.01596451
 48.88725662 49.75854874 50.62984085 51.50113297 52.37242508 53.24371719
 54.11500931 54.98630142]	
[33.204] [54.9863]
[34.061] [47.7668]

174
[32.04270172 32.98141769 33.92013367 34.85884964 35.79756561 36.73628159
 37.67499756 38.61371353 39.5524295  40.49114548 41.42986145 42.36857742
 43.3072934  44.24600937 45.18472534 46.12344131 47.06215729 48.00087326
 48.93958923 49.87830521 50.81702118 51.75573715 52.69445313 53.6331691
 54.57188507 55.51060104]	
[32.0427] [55.5106]
[35.8477] [46.4106]

175
[32.85139847 33.76229858 34.6731987  35.58409882 36.49499893 37.40589905
 38.31679916 39.22769928 40.1385994  41.04949951 41.96039963 42.87129974
 43.78219986 44.69309998 45.60400009 46.51490021 47.42580032 48.33670044
 49.24760056 50.15850067 51.06940079 51.9803009  52.89120102 53.80210114
 54.71300125 55.62390137]	
[32.8514] [55.6239]
[36.4266] [48.0237]

176
[33.71659851 34.52381058 35.33102264 36.13823471 36.94544678 37.75265884
 38.55987091 39.36708298 40.17429504 40.98150711 41.78871918 42.59593124
 43.40314331 44.21035538 45.01756744 45.82477951 46.63199158 47.43920364
 48.24641571 49.05362778 49.86083984 50.66805191 51.47526398 52.28247604
 53.08968811 53.89690018]	
[33.7166] [53.8969]
[35.5929] [47.6399]

177
[31.29660034 32.26462433 33.23264832 34.2006723  35.16869629 36.13672028
 37.10474426 38.07276825 39.04079224 40.00881622 40.97684021 41.9448642
 42.91288818 43.88091217 44.84893616 45.81696014 46.78498413 47.75300812
 48.7210321  49.68905609 50.65708008 51.62510406 52.59312805 53.56115204
 54.52917603 55.49720001]	
[31.2966] [55.4972]
[33.8305] [46.8114]

178
[31.89920044 32.76915237 33.63910431 34.50905624 35.37900818 36.24896011
 37.11891205 37.98886398 38.85881592 39.72876785 40.59871979 41.46867172
 42.33862366 43.20857559 44.07852753 44.94847946 45.8184314  46.68838333
 47.55833527 48.4282872  49.29823914 50.16819107 51.03814301 51.90809494
 52.77804688 53.64799881]	
[31.8992] [53.648]
[34.4546] [48.4839]

179
[29.97789955 30.92198761 31.86607567 32.81016373 33.75425179 34.69833984
 35.6424279  36.58651596 37.53060402 38.47469208 39.41878014 40.36286819
 41.30695625 42.25104431 43.19513237 44.13922043 45.08330849 46.02739655
 46.9714846  47.91557266 48.85966072 49.80374878 50.74783684 51.6919249
 52.63601295 53.58010101]	
[29.9779] [53.5801]
[34.2133] [49.6833]

180
[31.29310036 32.23158829 33.17007622 34.10856415 35.04705208 35.98554001
 36.92402794 37.86251587 38.8010038  39.73949173 40.67797966 41.61646759
 42.55495552 43.49344345 44.43193138 45.37041931 46.30890724 47.24739517
 48.1858831  49.12437103 50.06285896 51.00134689 51.93983482 52.87832275
 53.81681068 54.75529861]	
[31.2931] [54.7553]
[32.9545] [47.603]

181
[31.32110023 32.2223642  33.12362816 34.02489212 34.92615608 35.82742004
 36.72868401 37.62994797 38.53121193 39.43247589 40.33373985 41.23500381
 42.13626778 43.03753174 43.9387957  44.84005966 45.74132362 46.64258759
 47.54385155 48.44511551 49.34637947 50.24764343 51.14890739 52.05017136
 52.95143532 53.85269928]	
[31.3211] [53.8527]
[None] [47.6984]

182
[32.43799973 33.30217972 34.16635971 35.0305397  35.8947197  36.75889969
 37.62307968 38.48725967 39.35143967 40.21561966 41.07979965 41.94397964
 42.80815964 43.67233963 44.53651962 45.40069962 46.26487961 47.1290596
 47.99323959 48.85741959 49.72159958 50.58577957 51.44995956 52.31413956
 53.17831955 54.04249954]	
[32.438] [54.0425]
[34.7165] [46.8675]

183
[31.15609932 32.04523132 32.93436333 33.82349533 34.71262733 35.60175934
 36.49089134 37.38002335 38.26915535 39.15828735 40.04741936 40.93655136
 41.82568336 42.71481537 43.60394737 44.49307938 45.38221138 46.27134338
 47.16047539 48.04960739 48.9387394  49.8278714  50.7170034  51.60613541
 52.49526741 53.38439941]	
[31.1561] [53.3844]
[33.2394] [46.7738]

184
[31.8743     32.733228   33.59215599 34.45108398 35.31001198 36.16893997
 37.02786797 37.88679596 38.74572395 39.60465195 40.46357994 41.32250793
 42.18143593 43.04036392 43.89929192 44.75821991 45.6171479  46.4760759
 47.33500389 48.19393188 49.05285988 49.91178787 50.77071587 51.62964386
 52.48857185 53.34749985]	
[31.8743] [53.3475]
[32.5706] [47.3259]

185
[32.8830986  33.7527507  34.6224028  35.4920549  36.361707   37.2313591
 38.1010112  38.9706633  39.8403154  40.7099675  41.5796196  42.4492717
 43.3189238  44.1885759  45.058228   45.9278801  46.7975322  47.6671843
 48.5368364  49.40648849 50.27614059 51.14579269 52.01544479 52.88509689
 53.75474899 54.62440109]	
[32.8831] [54.6244]
[None] [48.1081]

186
[31.28219986 32.19751984 33.11283981 34.02815979 34.94347977 35.85879974
 36.77411972 37.6894397  38.60475967 39.52007965 40.43539963 41.3507196
 42.26603958 43.18135956 44.09667953 45.01199951 45.92731949 46.84263947
 47.75795944 48.67327942 49.5885994  50.50391937 51.41923935 52.33455933
 53.2498793  54.16519928]	
[31.2822] [54.1652]
[32.5374] [47.4891]

187
[31.58769989 32.46292786 33.33815582 34.21338379 35.08861176 35.96383972
 36.83906769 37.71429565 38.58952362 39.46475159 40.33997955 41.21520752
 42.09043549 42.96566345 43.84089142 44.71611938 45.59134735 46.46657532
 47.34180328 48.21703125 49.09225922 49.96748718 50.84271515 51.71794312
 52.59317108 53.46839905]	
[31.5877] [53.4684]
[None] [48.5396]

188
[31.77470016 32.78823212 33.80176407 34.81529602 35.82882797 36.84235992
 37.85589188 38.86942383 39.88295578 40.89648773 41.91001968 42.92355164
 43.93708359 44.95061554 45.96414749 46.97767944 47.9912114  49.00474335
 50.0182753  51.03180725 52.0453392  53.05887115 54.07240311 55.08593506
 56.09946701 57.11299896]	
[31.7747] [57.113]
[34.6367] [50.7377]

189
[32.60639954 33.49192749 34.37745544 35.2629834  36.14851135 37.03403931
 37.91956726 38.80509521 39.69062317 40.57615112 41.46167908 42.34720703
 43.23273499 44.11826294 45.00379089 45.88931885 46.7748468  47.66037476
 48.54590271 49.43143066 50.31695862 51.20248657 52.08801453 52.97354248
 53.85907043 54.74459839]	
[32.6064] [54.7446]
[34.2118] [48.0247]

190
[32.28170013 33.13799606 33.99429199 34.85058792 35.70688385 36.56317978
 37.41947571 38.27577164 39.13206757 39.98836349 40.84465942 41.70095535
 42.55725128 43.41354721 44.26984314 45.12613907 45.982435   46.83873093
 47.69502686 48.55132278 49.40761871 50.26391464 51.12021057 51.9765065
 52.83280243 53.68909836]	
[32.2817] [53.6891]
[None] [47.3982]

191
[32.24150085 33.1394809  34.03746094 34.93544098 35.83342102 36.73140106
 37.6293811  38.52736115 39.42534119 40.32332123 41.22130127 42.11928131
 43.01726135 43.91524139 44.81322144 45.71120148 46.60918152 47.50716156
 48.4051416  49.30312164 50.20110168 51.09908173 51.99706177 52.89504181
 53.79302185 54.69100189]	
[32.2415] [54.691]
[32.8218] [48.3672]

192
[32.18109894 33.08749893 33.99389893 34.90029892 35.80669891 36.71309891
 37.6194989  38.5258989  39.43229889 40.33869888 41.24509888 42.15149887
 43.05789886 43.96429886 44.87069885 45.77709885 46.68349884 47.58989883
 48.49629883 49.40269882 50.30909882 51.21549881 52.1218988  53.0282988
 53.93469879 54.84109879]	
[32.1811] [54.8411]
[32.5647] [48.0976]

193
[30.72120094 31.72252884 32.72385674 33.72518463 34.72651253 35.72784042
 36.72916832 37.73049622 38.73182411 39.73315201 40.7344799  41.7358078
 42.7371357  43.73846359 44.73979149 45.74111938 46.74244728 47.74377518
 48.74510307 49.74643097 50.74775887 51.74908676 52.75041466 53.75174255
 54.75307045 55.75439835]	
[30.7212] [55.7544]
[32.5661] [46.6503]

194
[29.98550034 30.95254425 31.91958817 32.88663208 33.85367599 34.82071991
 35.78776382 36.75480774 37.72185165 38.68889557 39.65593948 40.6229834
 41.59002731 42.55707123 43.52411514 44.49115906 45.45820297 46.42524689
 47.3922908  48.35933472 49.32637863 50.29342255 51.26046646 52.22751038
 53.19455429 54.16159821]	
[29.9855] [54.1616]
[None] [46.9184]

195
[31.5223999  32.52983185 33.53726379 34.54469574 35.55212769 36.55955963
 37.56699158 38.57442352 39.58185547 40.58928741 41.59671936 42.60415131
 43.61158325 44.6190152  45.62644714 46.63387909 47.64131104 48.64874298
 49.65617493 50.66360687 51.67103882 52.67847076 53.68590271 54.69333466
 55.7007666  56.70819855]	
[31.5224] [56.7082]
[33.1779] [48.6813]

196
[32.5082016  33.40505356 34.30190552 35.19875748 36.09560944 36.9924614
 37.88931335 38.78616531 39.68301727 40.57986923 41.47672119 42.37357315
 43.27042511 44.16727707 45.06412903 45.96098099 46.85783295 47.75468491
 48.65153687 49.54838882 50.44524078 51.34209274 52.2389447  53.13579666
 54.03264862 54.92950058]	
[32.5082] [54.9295]
[33.3516] [48.2341]

197
[30.45770073 31.45269272 32.44768471 33.4426767  34.43766869 35.43266068
 36.42765266 37.42264465 38.41763664 39.41262863 40.40762062 41.40261261
 42.3976046  43.39259659 44.38758858 45.38258057 46.37757256 47.37256454
 48.36755653 49.36254852 50.35754051 51.3525325  52.34752449 53.34251648
 54.33750847 55.33250046]	
[30.4577] [55.3325]
[None] [48.7127]

198
[32.05450058 33.05466858 34.05483658 35.05500458 36.05517258 37.05534058
 38.05550858 39.05567657 40.05584457 41.05601257 42.05618057 43.05634857
 44.05651657 45.05668457 46.05685257 47.05702057 48.05718857 49.05735657
 50.05752457 51.05769257 52.05786057 53.05802856 54.05819656 55.05836456
 56.05853256 57.05870056]	
[32.0545] [57.0587]
[32.7342] [48.3973]

199
[33.02289963 33.9617717  34.90064377 35.83951584 36.77838791 37.71725998
 38.65613205 39.59500412 40.53387619 41.47274826 42.41162033 43.3504924
 44.28936447 45.22823654 46.16710861 47.10598068 48.04485275 48.98372482
 49.92259689 50.86146896 51.80034103 52.7392131  53.67808517 54.61695724
 55.55582932 56.49470139]	
[33.0229] [56.4947]
[None] [49.5947]

200
[32.68259811 33.62279022 34.56298233 35.50317444 36.44336655 37.38355865
 38.32375076 39.26394287 40.20413498 41.14432709 42.0845192  43.0247113
 43.96490341 44.90509552 45.84528763 46.78547974 47.72567184 48.66586395
 49.60605606 50.54624817 51.48644028 52.42663239 53.36682449 54.3070166
 55.24720871 56.18740082]	
[32.6826] [56.1874]
[32.6924] [48.5088]

