Updating system with the options from the configuration file
-- ERROR    [westpa.core.propagators.executable] -- could not read pcoord from '/tmp/tmp6twkuvup': ValueError('cannot reshape array of size 0 into shape (11,4)')
-- ERROR    [westpa.core.propagators.executable] -- could not read pcoord from '/tmp/tmp02hbbq94': ValueError('cannot reshape array of size 0 into shape (11,4)')
-- ERROR    [westpa.core.propagators.executable] -- could not read pcoord from '/tmp/tmpnd_03cqg': ValueError('cannot reshape array of size 0 into shape (11,4)')
-- ERROR    [westpa.core.propagators.executable] -- could not read pcoord from '/tmp/tmp2itzfk7m': ValueError('cannot reshape array of size 0 into shape (11,4)')
-- ERROR    [westpa.core.propagators.executable] -- could not read pcoord from '/tmp/tmpvvy7ggfo': ValueError('cannot reshape array of size 0 into shape (11,4)')
-- ERROR    [westpa.core.propagators.executable] -- could not read pcoord from '/tmp/tmpwz2d1pf5': ValueError('cannot reshape array of size 0 into shape (11,4)')
-- ERROR    [westpa.core.propagators.executable] -- could not read pcoord from '/tmp/tmp8cttkded': ValueError('cannot reshape array of size 0 into shape (11,4)')
-- ERROR    [westpa.core.propagators.executable] -- could not read pcoord from '/tmp/tmprypl8bra': ValueError('cannot reshape array of size 0 into shape (11,4)')
-- ERROR    [westpa.core.propagators.executable] -- could not read pcoord from '/tmp/tmpkm1yv_b1': ValueError('cannot reshape array of size 0 into shape (11,4)')
-- ERROR    [westpa.core.propagators.executable] -- could not read pcoord from '/tmp/tmpelbmki9x': ValueError('cannot reshape array of size 0 into shape (11,4)')
-- ERROR    [westpa.core.propagators.executable] -- could not read pcoord from '/tmp/tmphurtqfno': ValueError('cannot reshape array of size 0 into shape (11,4)')
-- ERROR    [westpa.core.propagators.executable] -- could not read pcoord from '/tmp/tmpuhb0yben': ValueError('cannot reshape array of size 0 into shape (11,4)')
-- ERROR    [westpa.core.propagators.executable] -- could not read pcoord from '/tmp/tmp0nw09je8': ValueError('cannot reshape array of size 0 into shape (11,4)')
-- ERROR    [westpa.core.propagators.executable] -- could not read pcoord from '/tmp/tmpg32abwzb': ValueError('cannot reshape array of size 0 into shape (11,4)')
-- ERROR    [westpa.core.propagators.executable] -- could not read pcoord from '/tmp/tmpxhnols7o': ValueError('cannot reshape array of size 0 into shape (11,4)')
-- ERROR    [westpa.core.propagators.executable] -- could not read pcoord from '/tmp/tmpve2laank': ValueError('cannot reshape array of size 0 into shape (11,4)')
-- ERROR    [westpa.core.propagators.executable] -- could not read pcoord from '/tmp/tmpzkmadk_t': ValueError('cannot reshape array of size 0 into shape (11,4)')
-- ERROR    [westpa.core.propagators.executable] -- could not read pcoord from '/tmp/tmpughu4yqr': ValueError('cannot reshape array of size 0 into shape (11,4)')
-- ERROR    [westpa.core.propagators.executable] -- could not read pcoord from '/tmp/tmpcs4ae2aa': ValueError('cannot reshape array of size 0 into shape (11,4)')
-- ERROR    [westpa.core.propagators.executable] -- could not read pcoord from '/tmp/tmpm2xsauze': ValueError('cannot reshape array of size 0 into shape (11,4)')
-- ERROR    [westpa.core.propagators.executable] -- could not read pcoord from '/tmp/tmp_2r5uml5': ValueError('cannot reshape array of size 0 into shape (11,4)')
-- ERROR    [westpa.core.propagators.executable] -- could not read pcoord from '/tmp/tmp8bzynzeo': ValueError('cannot reshape array of size 0 into shape (11,4)')
-- ERROR    [westpa.core.propagators.executable] -- could not read pcoord from '/tmp/tmpeiw10v2i': ValueError('cannot reshape array of size 0 into shape (11,4)')
-- ERROR    [westpa.core.propagators.executable] -- could not read pcoord from '/tmp/tmp9p0i49vj': ValueError('cannot reshape array of size 0 into shape (11,4)')
-- ERROR    [westpa.core.propagators.executable] -- could not read pcoord from '/tmp/tmp360xm05w': ValueError('cannot reshape array of size 0 into shape (11,4)')
-- ERROR    [westpa.core.propagators.executable] -- could not read pcoord from '/tmp/tmpevmq3p92': ValueError('cannot reshape array of size 0 into shape (11,4)')
-- ERROR    [westpa.core.propagators.executable] -- could not read pcoord from '/tmp/tmp0zkxrdk4': ValueError('cannot reshape array of size 0 into shape (11,4)')
-- ERROR    [westpa.core.propagators.executable] -- could not read pcoord from '/tmp/tmpz1uphw8o': ValueError('cannot reshape array of size 0 into shape (11,4)')
-- ERROR    [westpa.core.propagators.executable] -- could not read pcoord from '/tmp/tmp9n0cpirn': ValueError('cannot reshape array of size 0 into shape (11,4)')
-- ERROR    [westpa.core.propagators.executable] -- could not read pcoord from '/tmp/tmpzdob2eq8': ValueError('cannot reshape array of size 0 into shape (11,4)')
-- ERROR    [westpa.core.propagators.executable] -- could not read pcoord from '/tmp/tmpupnpcoo4': ValueError('cannot reshape array of size 0 into shape (11,4)')
-- ERROR    [westpa.core.propagators.executable] -- could not read pcoord from '/tmp/tmpjwiql0hv': ValueError('cannot reshape array of size 0 into shape (11,4)')
-- ERROR    [westpa.core.propagators.executable] -- could not read pcoord from '/tmp/tmpergmit5t': ValueError('cannot reshape array of size 0 into shape (11,4)')
-- ERROR    [westpa.core.propagators.executable] -- could not read pcoord from '/tmp/tmpbclg0474': ValueError('cannot reshape array of size 0 into shape (11,4)')
-- ERROR    [westpa.core.propagators.executable] -- could not read pcoord from '/tmp/tmpn2djgpjo': ValueError('cannot reshape array of size 0 into shape (11,4)')
-- ERROR    [westpa.core.propagators.executable] -- could not read pcoord from '/tmp/tmpd_l3o0kd': ValueError('cannot reshape array of size 0 into shape (11,4)')
-- ERROR    [westpa.core.propagators.executable] -- could not read pcoord from '/tmp/tmpy1purng5': ValueError('cannot reshape array of size 0 into shape (11,4)')
-- ERROR    [westpa.core.propagators.executable] -- could not read pcoord from '/tmp/tmpm3k8rqrr': ValueError('cannot reshape array of size 0 into shape (11,4)')
-- ERROR    [westpa.core.propagators.executable] -- could not read pcoord from '/tmp/tmp8jgffqwb': ValueError('cannot reshape array of size 0 into shape (11,4)')
-- ERROR    [westpa.core.propagators.executable] -- could not read pcoord from '/tmp/tmpfwchzkv9': ValueError('cannot reshape array of size 0 into shape (11,4)')
-- ERROR    [westpa.core.propagators.executable] -- could not read pcoord from '/tmp/tmporh4e55g': ValueError('cannot reshape array of size 0 into shape (11,4)')
-- ERROR    [westpa.core.propagators.executable] -- could not read pcoord from '/tmp/tmppkz6tczy': ValueError('cannot reshape array of size 0 into shape (11,4)')
-- ERROR    [westpa.core.propagators.executable] -- could not read pcoord from '/tmp/tmpbss0qr6x': ValueError('cannot reshape array of size 0 into shape (11,4)')
-- ERROR    [westpa.core.propagators.executable] -- could not read pcoord from '/tmp/tmpmutr4gc0': ValueError('cannot reshape array of size 0 into shape (11,4)')
-- ERROR    [westpa.core.propagators.executable] -- could not read pcoord from '/tmp/tmp02ibaeto': ValueError('cannot reshape array of size 0 into shape (11,4)')
-- ERROR    [westpa.core.propagators.executable] -- could not read pcoord from '/tmp/tmpyp__yss6': ValueError('cannot reshape array of size 0 into shape (11,4)')
-- ERROR    [westpa.core.propagators.executable] -- could not read pcoord from '/tmp/tmpf4g6zq1_': ValueError('cannot reshape array of size 0 into shape (11,4)')
-- ERROR    [westpa.core.propagators.executable] -- could not read pcoord from '/tmp/tmp97_m9pjl': ValueError('cannot reshape array of size 0 into shape (11,4)')
-- ERROR    [westpa.core.propagators.executable] -- could not read pcoord from '/tmp/tmpiztpn65a': ValueError('cannot reshape array of size 0 into shape (11,4)')
-- ERROR    [westpa.core.propagators.executable] -- could not read pcoord from '/tmp/tmpmz213j9g': ValueError('cannot reshape array of size 0 into shape (11,4)')
-- ERROR    [westpa.core.propagators.executable] -- could not read pcoord from '/tmp/tmp4i1qomhh': ValueError('cannot reshape array of size 0 into shape (11,4)')
-- ERROR    [westpa.core.propagators.executable] -- could not read pcoord from '/tmp/tmpnhna2yfu': ValueError('cannot reshape array of size 0 into shape (11,4)')
-- ERROR    [westpa.core.propagators.executable] -- could not read pcoord from '/tmp/tmpvdjzeeea': ValueError('cannot reshape array of size 0 into shape (11,4)')
-- ERROR    [westpa.core.propagators.executable] -- could not read pcoord from '/tmp/tmp9iam_i4n': ValueError('cannot reshape array of size 0 into shape (11,4)')
-- ERROR    [westpa.core.propagators.executable] -- could not read pcoord from '/tmp/tmpb3em9teh': ValueError('cannot reshape array of size 0 into shape (11,4)')
-- ERROR    [westpa.core.propagators.executable] -- could not read pcoord from '/tmp/tmpexwzaa0c': ValueError('cannot reshape array of size 0 into shape (11,4)')
-- ERROR    [westpa.core.propagators.executable] -- could not read pcoord from '/tmp/tmp2akkawxc': ValueError('cannot reshape array of size 0 into shape (11,4)')
-- ERROR    [westpa.core.propagators.executable] -- could not read pcoord from '/tmp/tmpxv7r_i1d': ValueError('cannot reshape array of size 0 into shape (11,4)')
-- ERROR    [westpa.core.propagators.executable] -- could not read pcoord from '/tmp/tmpifqkkxts': ValueError('cannot reshape array of size 0 into shape (11,4)')
-- ERROR    [westpa.core.propagators.executable] -- could not read pcoord from '/tmp/tmpso51fv2i': ValueError('cannot reshape array of size 0 into shape (11,4)')
-- ERROR    [westpa.core.propagators.executable] -- could not read pcoord from '/tmp/tmpf4vabvin': ValueError('cannot reshape array of size 0 into shape (11,4)')
-- ERROR    [westpa.core.propagators.executable] -- could not read pcoord from '/tmp/tmp6kqtol0a': ValueError('cannot reshape array of size 0 into shape (11,4)')
-- ERROR    [westpa.core.propagators.executable] -- could not read pcoord from '/tmp/tmpvdfiws4a': ValueError('cannot reshape array of size 0 into shape (11,4)')
-- ERROR    [westpa.core.propagators.executable] -- could not read pcoord from '/tmp/tmpc2m48j9g': ValueError('cannot reshape array of size 0 into shape (11,4)')
-- ERROR    [westpa.core.propagators.executable] -- could not read pcoord from '/tmp/tmpc_1stvjt': ValueError('cannot reshape array of size 0 into shape (11,4)')
-- ERROR    [westpa.core.propagators.executable] -- could not read pcoord from '/tmp/tmpiwsy61n2': ValueError('cannot reshape array of size 0 into shape (11,4)')
-- ERROR    [westpa.core.propagators.executable] -- could not read pcoord from '/tmp/tmp6wxlk1cl': ValueError('cannot reshape array of size 0 into shape (11,4)')
-- ERROR    [westpa.core.propagators.executable] -- could not read pcoord from '/tmp/tmpjkvpbvk5': ValueError('cannot reshape array of size 0 into shape (11,4)')
-- ERROR    [westpa.core.propagators.executable] -- could not read pcoord from '/tmp/tmp79s9t_4o': ValueError('cannot reshape array of size 0 into shape (11,4)')
-- ERROR    [westpa.core.propagators.executable] -- could not read pcoord from '/tmp/tmpcpagxijb': ValueError('cannot reshape array of size 0 into shape (11,4)')
-- ERROR    [westpa.core.propagators.executable] -- could not read pcoord from '/tmp/tmpan8f380a': ValueError('cannot reshape array of size 0 into shape (11,4)')
-- ERROR    [westpa.core.propagators.executable] -- could not read pcoord from '/tmp/tmp6z7teo88': ValueError('cannot reshape array of size 0 into shape (11,4)')
-- ERROR    [westpa.core.propagators.executable] -- could not read pcoord from '/tmp/tmp45p71v8i': ValueError('cannot reshape array of size 0 into shape (11,4)')
-- ERROR    [westpa.core.propagators.executable] -- could not read pcoord from '/tmp/tmpiatevsxo': ValueError('cannot reshape array of size 0 into shape (11,4)')
-- ERROR    [westpa.core.propagators.executable] -- could not read pcoord from '/tmp/tmpof_vdmia': ValueError('cannot reshape array of size 0 into shape (11,4)')
-- ERROR    [westpa.core.propagators.executable] -- could not read pcoord from '/tmp/tmpzajiqdgp': ValueError('cannot reshape array of size 0 into shape (11,4)')
-- ERROR    [westpa.core.propagators.executable] -- could not read pcoord from '/tmp/tmpo2hr65cg': ValueError('cannot reshape array of size 0 into shape (11,4)')
-- ERROR    [westpa.core.propagators.executable] -- could not read pcoord from '/tmp/tmpoelzcnpa': ValueError('cannot reshape array of size 0 into shape (11,4)')
-- ERROR    [westpa.core.propagators.executable] -- could not read pcoord from '/tmp/tmp27teep2u': ValueError('cannot reshape array of size 0 into shape (11,4)')
-- ERROR    [westpa.core.propagators.executable] -- could not read pcoord from '/tmp/tmpibs6xwif': ValueError('cannot reshape array of size 0 into shape (11,4)')
-- ERROR    [westpa.core.propagators.executable] -- could not read pcoord from '/tmp/tmpq_vlxjwt': ValueError('cannot reshape array of size 0 into shape (11,4)')
-- ERROR    [westpa.core.propagators.executable] -- could not read pcoord from '/tmp/tmpy9h_6ya0': ValueError('cannot reshape array of size 0 into shape (11,4)')
-- ERROR    [westpa.core.propagators.executable] -- could not read pcoord from '/tmp/tmppu1_od62': ValueError('cannot reshape array of size 0 into shape (11,4)')
-- WARNING  [westpa.work_managers.zeromq.core] -- sending SIGKILL to worker process 52024
