Updating system with the options from the configuration file
Maximum wallclock time: 3 days, 0:00:00

Mon Oct 23 11:22:33 2023
Iteration 402 (1000 requested)
0 segments remain in iteration 402 (160 total)
23 of 148 (15.540541%) active bins are populated
per-bin minimum non-zero probability:       3.55514e-14
per-bin maximum probability:                0.661477
per-bin probability dynamic range (kT):     30.5545
per-segment minimum non-zero probability:   4.11353e-20
per-segment maximum non-zero probability:   0.20855
per-segment probability dynamic range (kT): 43.0698
norm = 1, error in norm = 0 (0*epsilon)
Iteration wallclock: 0:25:46.321628, cputime: 0:56:36.812450


Mon Oct 23 11:24:14 2023
Iteration 403 (1000 requested)
Beginning iteration 403
108 segments remain in iteration 403 (108 total)
22 of 148 (14.864865%) active bins are populated
per-bin minimum non-zero probability:       4.81906e-15
per-bin maximum probability:                0.668214
per-bin probability dynamic range (kT):     32.5631
per-segment minimum non-zero probability:   1.20477e-15
per-segment maximum non-zero probability:   0.20855
per-segment probability dynamic range (kT): 32.7849
norm = 1, error in norm = 2.22045e-16 (1*epsilon)
Iteration wallclock: 0:16:52.977303, cputime: 0:38:12.105264


Mon Oct 23 11:41:07 2023
Iteration 404 (1000 requested)
Beginning iteration 404
104 segments remain in iteration 404 (104 total)
20 of 148 (13.513514%) active bins are populated
per-bin minimum non-zero probability:       6.19557e-15
per-bin maximum probability:                0.608857
per-bin probability dynamic range (kT):     32.2188
per-segment minimum non-zero probability:   6.63811e-16
per-segment maximum non-zero probability:   0.156932
per-segment probability dynamic range (kT): 33.0966
norm = 1, error in norm = 4.44089e-16 (2*epsilon)
Iteration wallclock: 0:16:03.295505, cputime: 0:36:41.300449


Mon Oct 23 11:57:10 2023
Iteration 405 (1000 requested)
Beginning iteration 405
108 segments remain in iteration 405 (108 total)
22 of 148 (14.864865%) active bins are populated
per-bin minimum non-zero probability:       1.31287e-14
per-bin maximum probability:                0.470819
per-bin probability dynamic range (kT):     31.2107
per-segment minimum non-zero probability:   1.9926e-15
per-segment maximum non-zero probability:   0.150171
per-segment probability dynamic range (kT): 31.9534
norm = 1, error in norm = 2.22045e-16 (1*epsilon)
Iteration wallclock: 0:16:30.603879, cputime: 0:38:03.516656


Mon Oct 23 12:13:41 2023
Iteration 406 (1000 requested)
Beginning iteration 406
116 segments remain in iteration 406 (116 total)
23 of 148 (15.540541%) active bins are populated
per-bin minimum non-zero probability:       1.71389e-14
per-bin maximum probability:                0.627915
per-bin probability dynamic range (kT):     31.2321
per-segment minimum non-zero probability:   5.18245e-16
per-segment maximum non-zero probability:   0.189518
per-segment probability dynamic range (kT): 33.5328
norm = 1, error in norm = 2.22045e-16 (1*epsilon)
Iteration wallclock: 0:17:38.391053, cputime: 0:40:52.972810


Mon Oct 23 12:31:19 2023
Iteration 407 (1000 requested)
Beginning iteration 407
92 segments remain in iteration 407 (92 total)
18 of 148 (12.162162%) active bins are populated
per-bin minimum non-zero probability:       1.86625e-15
per-bin maximum probability:                0.544722
per-bin probability dynamic range (kT):     33.3074
per-segment minimum non-zero probability:   4.66564e-16
per-segment maximum non-zero probability:   0.189518
per-segment probability dynamic range (kT): 33.6379
norm = 1, error in norm = 6.66134e-16 (3*epsilon)
Iteration wallclock: 0:13:53.810462, cputime: 0:32:28.550463


Mon Oct 23 12:45:13 2023
Iteration 408 (1000 requested)
Beginning iteration 408
112 segments remain in iteration 408 (112 total)
23 of 148 (15.540541%) active bins are populated
per-bin minimum non-zero probability:       4.66564e-16
per-bin maximum probability:                0.612213
per-bin probability dynamic range (kT):     34.8105
per-segment minimum non-zero probability:   1.16641e-16
per-segment maximum non-zero probability:   0.173817
per-segment probability dynamic range (kT): 34.9377
norm = 1, error in norm = 0 (0*epsilon)
Iteration wallclock: 0:17:05.390029, cputime: 0:39:32.927544


Mon Oct 23 13:02:18 2023
Iteration 409 (1000 requested)
Beginning iteration 409
116 segments remain in iteration 409 (116 total)
22 of 148 (14.864865%) active bins are populated
per-bin minimum non-zero probability:       5.83205e-16
per-bin maximum probability:                0.671448
per-bin probability dynamic range (kT):     34.6797
per-segment minimum non-zero probability:   2.91602e-17
per-segment maximum non-zero probability:   0.198268
per-segment probability dynamic range (kT): 36.4556
norm = 1, error in norm = 4.44089e-16 (2*epsilon)
Iteration wallclock: 0:17:22.169267, cputime: 0:41:00.860462


Mon Oct 23 13:19:40 2023
Iteration 410 (1000 requested)
Beginning iteration 410
120 segments remain in iteration 410 (120 total)
23 of 148 (15.540541%) active bins are populated
per-bin minimum non-zero probability:       1.23774e-15
per-bin maximum probability:                0.849829
per-bin probability dynamic range (kT):     34.1628
per-segment minimum non-zero probability:   7.29006e-18
per-segment maximum non-zero probability:   0.288226
per-segment probability dynamic range (kT): 38.216
norm = 1, error in norm = 2.22045e-16 (1*epsilon)
Iteration wallclock: 0:18:07.583111, cputime: 0:42:26.709357


Mon Oct 23 13:37:48 2023
Iteration 411 (1000 requested)
Beginning iteration 411
120 segments remain in iteration 411 (120 total)
23 of 148 (15.540541%) active bins are populated
per-bin minimum non-zero probability:       7.29006e-18
per-bin maximum probability:                0.924915
per-bin probability dynamic range (kT):     39.382
per-segment minimum non-zero probability:   1.82251e-18
per-segment maximum non-zero probability:   0.288226
per-segment probability dynamic range (kT): 39.6023
norm = 1, error in norm = 0 (0*epsilon)
Iteration wallclock: 0:17:57.681618, cputime: 0:42:14.565179


Mon Oct 23 13:55:46 2023
Iteration 412 (1000 requested)
Beginning iteration 412
124 segments remain in iteration 412 (124 total)
23 of 148 (15.540541%) active bins are populated
per-bin minimum non-zero probability:       1.82251e-18
per-bin maximum probability:                1
per-bin probability dynamic range (kT):     40.8463
per-segment minimum non-zero probability:   4.55629e-19
per-segment maximum non-zero probability:   0.288226
per-segment probability dynamic range (kT): 40.9886
norm = 1, error in norm = 4.44089e-16 (2*epsilon)
Iteration wallclock: 0:18:36.284263, cputime: 0:43:37.607885


Mon Oct 23 14:14:22 2023
Iteration 413 (1000 requested)
Beginning iteration 413
124 segments remain in iteration 413 (124 total)
24 of 148 (16.216216%) active bins are populated
per-bin minimum non-zero probability:       4.55629e-19
per-bin maximum probability:                1
per-bin probability dynamic range (kT):     42.2326
per-segment minimum non-zero probability:   1.13907e-19
per-segment maximum non-zero probability:   0.288226
per-segment probability dynamic range (kT): 42.3749
norm = 1, error in norm = 2.22045e-16 (1*epsilon)
Iteration wallclock: 0:18:13.165473, cputime: 0:43:30.563073


Mon Oct 23 14:32:35 2023
Iteration 414 (1000 requested)
Beginning iteration 414
108 segments remain in iteration 414 (108 total)
21 of 148 (14.189189%) active bins are populated
per-bin minimum non-zero probability:       1.13907e-19
per-bin maximum probability:                0.55283
per-bin probability dynamic range (kT):     43.0262
per-segment minimum non-zero probability:   2.84768e-20
per-segment maximum non-zero probability:   0.264604
per-segment probability dynamic range (kT): 43.6757
norm = 1, error in norm = 4.44089e-16 (2*epsilon)
Iteration wallclock: 0:15:52.166068, cputime: 0:37:50.120107


Mon Oct 23 14:48:27 2023
Iteration 415 (1000 requested)
Beginning iteration 415
116 segments remain in iteration 415 (116 total)
23 of 148 (15.540541%) active bins are populated
per-bin minimum non-zero probability:       2.84768e-20
per-bin maximum probability:                0.751098
per-bin probability dynamic range (kT):     44.719
per-segment minimum non-zero probability:   7.1192e-21
per-segment maximum non-zero probability:   0.264604
per-segment probability dynamic range (kT): 45.062
norm = 1, error in norm = 2.22045e-16 (1*epsilon)
Iteration wallclock: 0:17:14.905845, cputime: 0:40:47.025225


Mon Oct 23 15:05:42 2023
Iteration 416 (1000 requested)
Beginning iteration 416
128 segments remain in iteration 416 (128 total)
25 of 148 (16.891892%) active bins are populated
per-bin minimum non-zero probability:       7.1192e-21
per-bin maximum probability:                0.801732
per-bin probability dynamic range (kT):     46.1705
per-segment minimum non-zero probability:   1.7798e-21
per-segment maximum non-zero probability:   0.264604
per-segment probability dynamic range (kT): 46.4483
norm = 1, error in norm = 2.22045e-16 (1*epsilon)
Iteration wallclock: 0:19:15.121714, cputime: 0:45:02.099086


Mon Oct 23 15:24:57 2023
Iteration 417 (1000 requested)
Beginning iteration 417
116 segments remain in iteration 417 (116 total)
23 of 148 (15.540541%) active bins are populated
per-bin minimum non-zero probability:       1.7798e-21
per-bin maximum probability:                0.721823
per-bin probability dynamic range (kT):     47.4518
per-segment minimum non-zero probability:   4.4495e-22
per-segment maximum non-zero probability:   0.264604
per-segment probability dynamic range (kT): 47.8346
norm = 1, error in norm = 2.22045e-16 (1*epsilon)
Iteration wallclock: 0:17:14.389568, cputime: 0:40:38.342893


Mon Oct 23 15:42:12 2023
Iteration 418 (1000 requested)
Beginning iteration 418
120 segments remain in iteration 418 (120 total)
25 of 148 (16.891892%) active bins are populated
per-bin minimum non-zero probability:       4.4495e-22
per-bin maximum probability:                0.537128
per-bin probability dynamic range (kT):     48.5426
per-segment minimum non-zero probability:   1.11237e-22
per-segment maximum non-zero probability:   0.19215
per-segment probability dynamic range (kT): 48.9009
norm = 1, error in norm = 2.22045e-16 (1*epsilon)
Iteration wallclock: 0:17:38.422454, cputime: 0:42:03.082186


Mon Oct 23 15:59:50 2023
Iteration 419 (1000 requested)
Beginning iteration 419
104 segments remain in iteration 419 (104 total)
22 of 148 (14.864865%) active bins are populated
per-bin minimum non-zero probability:       4.4495e-22
per-bin maximum probability:                0.600287
per-bin probability dynamic range (kT):     48.6537
per-segment minimum non-zero probability:   2.78094e-23
per-segment maximum non-zero probability:   0.176403
per-segment probability dynamic range (kT): 50.2017
norm = 1, error in norm = 2.22045e-16 (1*epsilon)
Iteration wallclock: 0:15:19.681931, cputime: 0:36:32.271495


Mon Oct 23 16:15:10 2023
Iteration 420 (1000 requested)
Beginning iteration 420
112 segments remain in iteration 420 (112 total)
23 of 148 (15.540541%) active bins are populated
per-bin minimum non-zero probability:       2.78094e-23
per-bin maximum probability:                0.649913
per-bin probability dynamic range (kT):     51.5058
per-segment minimum non-zero probability:   6.95234e-24
per-segment maximum non-zero probability:   0.176403
per-segment probability dynamic range (kT): 51.588
norm = 1, error in norm = 2.22045e-16 (1*epsilon)
Iteration wallclock: 0:18:58.194623, cputime: 0:39:15.422741


Mon Oct 23 16:34:08 2023
Iteration 421 (1000 requested)
Beginning iteration 421
112 segments remain in iteration 421 (112 total)
23 of 148 (15.540541%) active bins are populated
per-bin minimum non-zero probability:       6.95234e-24
per-bin maximum probability:                0.686912
per-bin probability dynamic range (kT):     52.9474
per-segment minimum non-zero probability:   1.73809e-24
per-segment maximum non-zero probability:   0.178542
per-segment probability dynamic range (kT): 52.9863
norm = 1, error in norm = 2.22045e-16 (1*epsilon)
Iteration wallclock: 0:23:08.051004, cputime: 0:39:12.236274


Mon Oct 23 16:57:16 2023
Iteration 422 (1000 requested)
Beginning iteration 422
120 segments remain in iteration 422 (120 total)
25 of 148 (16.891892%) active bins are populated
per-bin minimum non-zero probability:       3.47617e-24
per-bin maximum probability:                0.715242
per-bin probability dynamic range (kT):     53.681
per-segment minimum non-zero probability:   4.34521e-25
per-segment maximum non-zero probability:   0.194363
per-segment probability dynamic range (kT): 54.4575
norm = 1, error in norm = 4.44089e-16 (2*epsilon)
Iteration wallclock: 0:19:33.934139, cputime: 0:42:05.188533


Mon Oct 23 17:16:50 2023
Iteration 423 (1000 requested)
Beginning iteration 423
124 segments remain in iteration 423 (124 total)
26 of 148 (17.567568%) active bins are populated
per-bin minimum non-zero probability:       6.95234e-24
per-bin maximum probability:                0.583325
per-bin probability dynamic range (kT):     52.784
per-segment minimum non-zero probability:   1.73809e-24
per-segment maximum non-zero probability:   0.178542
per-segment probability dynamic range (kT): 52.9863
norm = 1, error in norm = 2.22045e-16 (1*epsilon)
Iteration wallclock: 0:24:34.980852, cputime: 0:47:30.575489


Mon Oct 23 17:41:25 2023
Iteration 424 (1000 requested)
Beginning iteration 424
128 segments remain in iteration 424 (128 total)
27 of 148 (18.243243%) active bins are populated
per-bin minimum non-zero probability:       1.73809e-23
per-bin maximum probability:                0.846441
per-bin probability dynamic range (kT):     52.24
per-segment minimum non-zero probability:   5.79362e-25
per-segment maximum non-zero probability:   0.283626
per-segment probability dynamic range (kT): 54.5478
norm = 1, error in norm = 4.44089e-16 (2*epsilon)
Iteration wallclock: 1:04:30.815323, cputime: 2:25:03.515812


Mon Oct 23 18:45:56 2023
Iteration 425 (1000 requested)
Beginning iteration 425
128 segments remain in iteration 425 (128 total)
25 of 148 (16.891892%) active bins are populated
per-bin minimum non-zero probability:       8.81917e-24
per-bin maximum probability:                0.612662
per-bin probability dynamic range (kT):     52.5952
per-segment minimum non-zero probability:   8.69043e-25
per-segment maximum non-zero probability:   0.20787
per-segment probability dynamic range (kT): 53.8316
norm = 1, error in norm = 4.44089e-16 (2*epsilon)
Iteration wallclock: 1:02:26.109344, cputime: 2:21:30.559448


Mon Oct 23 19:48:22 2023
Iteration 426 (1000 requested)
Beginning iteration 426
136 segments remain in iteration 426 (136 total)
27 of 148 (18.243243%) active bins are populated
per-bin minimum non-zero probability:       8.69043e-25
per-bin maximum probability:                0.736522
per-bin probability dynamic range (kT):     55.0966
per-segment minimum non-zero probability:   2.17261e-25
per-segment maximum non-zero probability:   0.210436
per-segment probability dynamic range (kT): 55.2301
norm = 1, error in norm = 2.22045e-16 (1*epsilon)
Iteration wallclock: 1:06:37.986495, cputime: 2:27:55.607179


Mon Oct 23 20:55:00 2023
Iteration 427 (1000 requested)
Beginning iteration 427
124 segments remain in iteration 427 (124 total)
25 of 148 (16.891892%) active bins are populated
per-bin minimum non-zero probability:       4.55443e-24
per-bin maximum probability:                0.654662
per-bin probability dynamic range (kT):     53.3223
per-segment minimum non-zero probability:   4.05911e-25
per-segment maximum non-zero probability:   0.210436
per-segment probability dynamic range (kT): 54.6051
norm = 1, error in norm = 2.22045e-16 (1*epsilon)
Iteration wallclock: 0:59:56.570272, cputime: 2:15:26.799528


Mon Oct 23 21:54:57 2023
Iteration 428 (1000 requested)
Beginning iteration 428
124 segments remain in iteration 428 (124 total)
24 of 148 (16.216216%) active bins are populated
per-bin minimum non-zero probability:       4.05911e-25
per-bin maximum probability:                0.685874
per-bin probability dynamic range (kT):     55.7866
per-segment minimum non-zero probability:   1.01478e-25
per-segment maximum non-zero probability:   0.210436
per-segment probability dynamic range (kT): 55.9914
norm = 1, error in norm = 2.22045e-16 (1*epsilon)
Iteration wallclock: 0:58:24.271581, cputime: 2:13:15.454065


Mon Oct 23 22:53:21 2023
Iteration 429 (1000 requested)
Beginning iteration 429
132 segments remain in iteration 429 (132 total)
27 of 148 (18.243243%) active bins are populated
per-bin minimum non-zero probability:       1.01478e-25
per-bin maximum probability:                0.528885
per-bin probability dynamic range (kT):     56.913
per-segment minimum non-zero probability:   2.53694e-26
per-segment maximum non-zero probability:   0.20787
per-segment probability dynamic range (kT): 57.3654
norm = 1, error in norm = 2.22045e-16 (1*epsilon)
Iteration wallclock: 1:03:39.849598, cputime: 2:25:15.178034


Mon Oct 23 23:57:01 2023
Iteration 430 (1000 requested)
Beginning iteration 430
124 segments remain in iteration 430 (124 total)
25 of 148 (16.891892%) active bins are populated
per-bin minimum non-zero probability:       1.22041e-25
per-bin maximum probability:                0.9902
per-bin probability dynamic range (kT):     57.3556
per-segment minimum non-zero probability:   6.34236e-27
per-segment maximum non-zero probability:   0.340067
per-segment probability dynamic range (kT): 59.2439
norm = 1, error in norm = 0 (0*epsilon)
Iteration wallclock: 0:56:46.192032, cputime: 2:12:04.953242


Tue Oct 24 00:53:47 2023
Iteration 431 (1000 requested)
Beginning iteration 431
128 segments remain in iteration 431 (128 total)
27 of 148 (18.243243%) active bins are populated
per-bin minimum non-zero probability:       6.34236e-27
per-bin maximum probability:                0.555404
per-bin probability dynamic range (kT):     59.7345
per-segment minimum non-zero probability:   1.58559e-27
per-segment maximum non-zero probability:   0.210436
per-segment probability dynamic range (kT): 60.1503
norm = 1, error in norm = 2.22045e-16 (1*epsilon)
Iteration wallclock: 1:01:36.910973, cputime: 2:18:06.128199


Tue Oct 24 01:55:24 2023
Iteration 432 (1000 requested)
Beginning iteration 432
128 segments remain in iteration 432 (128 total)
24 of 148 (16.216216%) active bins are populated
per-bin minimum non-zero probability:       1.90271e-26
per-bin maximum probability:                0.68805
per-bin probability dynamic range (kT):     58.85
per-segment minimum non-zero probability:   3.96397e-28
per-segment maximum non-zero probability:   0.210436
per-segment probability dynamic range (kT): 61.5366
norm = 1, error in norm = 4.44089e-16 (2*epsilon)
Iteration wallclock: 1:01:13.291655, cputime: 2:21:01.279461


Tue Oct 24 02:56:37 2023
Iteration 433 (1000 requested)
Beginning iteration 433
144 segments remain in iteration 433 (144 total)
30 of 148 (20.270270%) active bins are populated
per-bin minimum non-zero probability:       4.75677e-27
per-bin maximum probability:                0.557952
per-bin probability dynamic range (kT):     60.0267
per-segment minimum non-zero probability:   1.18919e-27
per-segment maximum non-zero probability:   0.210436
per-segment probability dynamic range (kT): 60.438
norm = 1, error in norm = 2.22045e-16 (1*epsilon)
Iteration wallclock: 1:08:08.644505, cputime: 2:36:08.551039


Tue Oct 24 04:04:46 2023
Iteration 434 (1000 requested)
Beginning iteration 434
112 segments remain in iteration 434 (112 total)
25 of 148 (16.891892%) active bins are populated
per-bin minimum non-zero probability:       3.31116e-25
per-bin maximum probability:                0.557952
per-bin probability dynamic range (kT):     55.7838
per-segment minimum non-zero probability:   2.97298e-28
per-segment maximum non-zero probability:   0.210436
per-segment probability dynamic range (kT): 61.8242
norm = 1, error in norm = 2.22045e-16 (1*epsilon)
Iteration wallclock: 0:54:29.653832, cputime: 2:01:00.822886


Tue Oct 24 04:59:15 2023
Iteration 435 (1000 requested)
Beginning iteration 435
132 segments remain in iteration 435 (132 total)
27 of 148 (18.243243%) active bins are populated
per-bin minimum non-zero probability:       1.4921e-24
per-bin maximum probability:                0.522386
per-bin probability dynamic range (kT):     54.2125
per-segment minimum non-zero probability:   1.49785e-25
per-segment maximum non-zero probability:   0.210436
per-segment probability dynamic range (kT): 55.602
norm = 1, error in norm = 2.22045e-16 (1*epsilon)
Iteration wallclock: 1:00:39.238562, cputime: 2:21:19.328512


Tue Oct 24 05:59:55 2023
Iteration 436 (1000 requested)
Beginning iteration 436
120 segments remain in iteration 436 (120 total)
25 of 148 (16.891892%) active bins are populated
per-bin minimum non-zero probability:       9.98497e-25
per-bin maximum probability:                0.659339
per-bin probability dynamic range (kT):     54.847
per-segment minimum non-zero probability:   3.74463e-26
per-segment maximum non-zero probability:   0.217291
per-segment probability dynamic range (kT): 57.0204
norm = 1, error in norm = 4.44089e-16 (2*epsilon)
Iteration wallclock: 0:56:14.463413, cputime: 2:10:58.496560


Tue Oct 24 06:56:09 2023
Iteration 437 (1000 requested)
Beginning iteration 437
144 segments remain in iteration 437 (144 total)
30 of 148 (20.270270%) active bins are populated
per-bin minimum non-zero probability:       9.14945e-25
per-bin maximum probability:                0.545983
per-bin probability dynamic range (kT):     54.7458
per-segment minimum non-zero probability:   3.74463e-26
per-segment maximum non-zero probability:   0.210436
per-segment probability dynamic range (kT): 56.9883
norm = 1, error in norm = 2.22045e-16 (1*epsilon)
Iteration wallclock: 1:08:04.690432, cputime: 2:36:08.930715


Tue Oct 24 08:04:14 2023
Iteration 438 (1000 requested)
Beginning iteration 438
136 segments remain in iteration 438 (136 total)
30 of 148 (20.270270%) active bins are populated
per-bin minimum non-zero probability:       1.9643e-25
per-bin maximum probability:                0.477507
per-bin probability dynamic range (kT):     56.1503
per-segment minimum non-zero probability:   3.9746e-26
per-segment maximum non-zero probability:   0.210436
per-segment probability dynamic range (kT): 56.9287
norm = 1, error in norm = 2.22045e-16 (1*epsilon)
Iteration wallclock: 1:05:12.834617, cputime: 2:26:05.110498


Tue Oct 24 09:09:27 2023
Iteration 439 (1000 requested)
Beginning iteration 439
144 segments remain in iteration 439 (144 total)
30 of 148 (20.270270%) active bins are populated
per-bin minimum non-zero probability:       8.88536e-26
per-bin maximum probability:                0.591137
per-bin probability dynamic range (kT):     57.1571
per-segment minimum non-zero probability:   9.9365e-27
per-segment maximum non-zero probability:   0.222001
per-segment probability dynamic range (kT): 58.3685
norm = 1, error in norm = 2.22045e-16 (1*epsilon)
Iteration wallclock: 1:07:33.377975, cputime: 2:34:32.127142


Tue Oct 24 10:17:00 2023
Iteration 440 (1000 requested)
Beginning iteration 440
132 segments remain in iteration 440 (132 total)
27 of 148 (18.243243%) active bins are populated
per-bin minimum non-zero probability:       1.03289e-24
per-bin maximum probability:                0.835363
per-bin probability dynamic range (kT):     55.0498
per-segment minimum non-zero probability:   3.06922e-27
per-segment maximum non-zero probability:   0.25088
per-segment probability dynamic range (kT): 59.6656
norm = 1, error in norm = 4.44089e-16 (2*epsilon)
Iteration wallclock: 1:02:51.125788, cputime: 2:25:13.112463


Tue Oct 24 11:19:51 2023
Iteration 441 (1000 requested)
Beginning iteration 441
120 segments remain in iteration 441 (120 total)
26 of 148 (17.567568%) active bins are populated
per-bin minimum non-zero probability:       3.62904e-25
per-bin maximum probability:                0.507187
per-bin probability dynamic range (kT):     55.5968
per-segment minimum non-zero probability:   3.06922e-27
per-segment maximum non-zero probability:   0.222001
per-segment probability dynamic range (kT): 59.5433
norm = 1, error in norm = 2.22045e-16 (1*epsilon)
Iteration wallclock: 1:02:13.185289, cputime: 2:14:14.438717


Tue Oct 24 12:22:04 2023
Iteration 442 (1000 requested)
Beginning iteration 442
120 segments remain in iteration 442 (120 total)
25 of 148 (16.891892%) active bins are populated
per-bin minimum non-zero probability:       7.63016e-25
per-bin maximum probability:                0.565261
per-bin probability dynamic range (kT):     54.9621
per-segment minimum non-zero probability:   2.3257e-26
per-segment maximum non-zero probability:   0.167253
per-segment probability dynamic range (kT): 57.2349
norm = 1, error in norm = 2.22045e-16 (1*epsilon)
Iteration wallclock: 1:00:59.892535, cputime: 2:15:20.106764


Tue Oct 24 13:23:04 2023
Iteration 443 (1000 requested)
Beginning iteration 443
148 segments remain in iteration 443 (148 total)
30 of 148 (20.270270%) active bins are populated
per-bin minimum non-zero probability:       4.90083e-25
per-bin maximum probability:                0.721651
per-bin probability dynamic range (kT):     55.649
per-segment minimum non-zero probability:   5.81425e-27
per-segment maximum non-zero probability:   0.251386
per-segment probability dynamic range (kT): 59.0287
norm = 1, error in norm = 2.22045e-16 (1*epsilon)
Iteration wallclock: 0:23:11.120038, cputime: 0:52:07.304257


Tue Oct 24 13:46:15 2023
Iteration 444 (1000 requested)
Beginning iteration 444
140 segments remain in iteration 444 (140 total)
29 of 148 (19.594595%) active bins are populated
per-bin minimum non-zero probability:       1.96987e-25
per-bin maximum probability:                0.427029
per-bin probability dynamic range (kT):     56.0358
per-segment minimum non-zero probability:   3.67073e-26
per-segment maximum non-zero probability:   0.175643
per-segment probability dynamic range (kT): 56.8275
norm = 1, error in norm = 4.44089e-16 (2*epsilon)
Iteration wallclock: 0:21:47.483021, cputime: 0:49:20.615556


Tue Oct 24 14:08:03 2023
Iteration 445 (1000 requested)
Beginning iteration 445
120 segments remain in iteration 445 (120 total)
24 of 148 (16.216216%) active bins are populated
per-bin minimum non-zero probability:       1.60279e-25
per-bin maximum probability:                0.53803
per-bin probability dynamic range (kT):     56.473
per-segment minimum non-zero probability:   2.8955e-26
per-segment maximum non-zero probability:   0.175643
per-segment probability dynamic range (kT): 57.0648
norm = 1, error in norm = 2.22045e-16 (1*epsilon)
Iteration wallclock: 0:19:14.954416, cputime: 0:42:17.258773


Tue Oct 24 14:27:18 2023
Iteration 446 (1000 requested)
Beginning iteration 446
148 segments remain in iteration 446 (148 total)
31 of 148 (20.945946%) active bins are populated
per-bin minimum non-zero probability:       3.67073e-26
per-bin maximum probability:                0.795409
per-bin probability dynamic range (kT):     58.3379
per-segment minimum non-zero probability:   9.17682e-27
per-segment maximum non-zero probability:   0.251049
per-segment probability dynamic range (kT): 58.571
norm = 1, error in norm = 4.44089e-16 (2*epsilon)
Iteration wallclock: 1:18:22.272349, cputime: 2:52:41.786851


Tue Oct 24 15:45:40 2023
Iteration 447 (1000 requested)
Beginning iteration 447
112 segments remain in iteration 447 (112 total)
26 of 148 (17.567568%) active bins are populated
per-bin minimum non-zero probability:       1.83536e-26
per-bin maximum probability:                0.879204
per-bin probability dynamic range (kT):     59.1312
per-segment minimum non-zero probability:   4.58841e-27
per-segment maximum non-zero probability:   0.251049
per-segment probability dynamic range (kT): 59.2642
norm = 1, error in norm = 4.44089e-16 (2*epsilon)
Iteration wallclock: 1:02:44.131035, cputime: 2:18:39.362704


Tue Oct 24 16:48:24 2023
Iteration 448 (1000 requested)
Beginning iteration 448
136 segments remain in iteration 448 (136 total)
27 of 148 (18.243243%) active bins are populated
per-bin minimum non-zero probability:       4.58841e-27
per-bin maximum probability:                0.52216
per-bin probability dynamic range (kT):     59.9965
per-segment minimum non-zero probability:   1.1471e-27
per-segment maximum non-zero probability:   0.222096
per-segment probability dynamic range (kT): 60.5279
norm = 1, error in norm = 4.44089e-16 (2*epsilon)
Iteration wallclock: 0:57:34.824315, cputime: 2:08:08.627844


Tue Oct 24 17:45:59 2023
Iteration 449 (1000 requested)
Beginning iteration 449
132 segments remain in iteration 449 (132 total)
29 of 148 (19.594595%) active bins are populated
per-bin minimum non-zero probability:       1.29743e-26
per-bin maximum probability:                0.884792
per-bin probability dynamic range (kT):     59.4844
per-segment minimum non-zero probability:   2.86776e-28
per-segment maximum non-zero probability:   0.288161
per-segment probability dynamic range (kT): 62.1746
norm = 1, error in norm = 4.44089e-16 (2*epsilon)
Iteration wallclock: 1:08:20.195209, cputime: 2:35:34.958113


Tue Oct 24 18:54:20 2023
Iteration 450 (1000 requested)
Beginning iteration 450
136 segments remain in iteration 450 (136 total)
30 of 148 (20.270270%) active bins are populated
per-bin minimum non-zero probability:       1.35578e-26
per-bin maximum probability:                0.777904
per-bin probability dynamic range (kT):     59.3117
per-segment minimum non-zero probability:   7.16939e-29
per-segment maximum non-zero probability:   0.288161
per-segment probability dynamic range (kT): 63.5609
norm = 1, error in norm = 4.44089e-16 (2*epsilon)
Iteration wallclock: 1:10:18.969198, cputime: 2:37:32.082268


Tue Oct 24 20:04:39 2023
Iteration 451 (1000 requested)
Beginning iteration 451
124 segments remain in iteration 451 (124 total)
26 of 148 (17.567568%) active bins are populated
per-bin minimum non-zero probability:       1.30459e-26
per-bin maximum probability:                0.425147
per-bin probability dynamic range (kT):     58.746
per-segment minimum non-zero probability:   7.16939e-29
per-segment maximum non-zero probability:   0.198891
per-segment probability dynamic range (kT): 63.1901
norm = 1, error in norm = 2.22045e-16 (1*epsilon)
Iteration wallclock: 1:05:46.052225, cputime: 2:24:08.882391


Tue Oct 24 21:10:25 2023
Iteration 452 (1000 requested)
Beginning iteration 452
128 segments remain in iteration 452 (128 total)
26 of 148 (17.567568%) active bins are populated
per-bin minimum non-zero probability:       1.21733e-26
per-bin maximum probability:                0.624017
per-bin probability dynamic range (kT):     59.199
per-segment minimum non-zero probability:   2.35356e-27
per-segment maximum non-zero probability:   0.198891
per-segment probability dynamic range (kT): 59.6989
norm = 1, error in norm = 2.22045e-16 (1*epsilon)
Iteration wallclock: 1:08:34.071557, cputime: 2:33:43.044681


Tue Oct 24 22:18:59 2023
Iteration 453 (1000 requested)
Beginning iteration 453
140 segments remain in iteration 453 (140 total)
29 of 148 (19.594595%) active bins are populated
per-bin minimum non-zero probability:       1.44675e-26
per-bin maximum probability:                0.581584
per-bin probability dynamic range (kT):     58.9559
per-segment minimum non-zero probability:   2.35356e-27
per-segment maximum non-zero probability:   0.198891
per-segment probability dynamic range (kT): 59.6989
norm = 1, error in norm = 4.44089e-16 (2*epsilon)
Iteration wallclock: 1:13:34.186220, cputime: 2:43:57.912651


Tue Oct 24 23:32:33 2023
Iteration 454 (1000 requested)
Beginning iteration 454
132 segments remain in iteration 454 (132 total)
28 of 148 (18.918919%) active bins are populated
per-bin minimum non-zero probability:       1.44181e-26
per-bin maximum probability:                0.793998
per-bin probability dynamic range (kT):     59.2706
per-segment minimum non-zero probability:   2.35356e-27
per-segment maximum non-zero probability:   0.263413
per-segment probability dynamic range (kT): 59.9798
norm = 1, error in norm = 4.44089e-16 (2*epsilon)
Iteration wallclock: 1:09:47.257704, cputime: 2:37:22.227537


Wed Oct 25 00:42:20 2023
Iteration 455 (1000 requested)
Beginning iteration 455
132 segments remain in iteration 455 (132 total)
27 of 148 (18.243243%) active bins are populated
per-bin minimum non-zero probability:       3.44131e-27
per-bin maximum probability:                0.727932
per-bin probability dynamic range (kT):     60.6164
per-segment minimum non-zero probability:   5.8839e-28
per-segment maximum non-zero probability:   0.263413
per-segment probability dynamic range (kT): 61.3661
norm = 1, error in norm = 4.44089e-16 (2*epsilon)
Iteration wallclock: 1:09:29.950779, cputime: 2:37:50.826493


Wed Oct 25 01:51:50 2023
Iteration 456 (1000 requested)
Beginning iteration 456
132 segments remain in iteration 456 (132 total)
27 of 148 (18.243243%) active bins are populated
per-bin minimum non-zero probability:       7.95318e-27
per-bin maximum probability:                0.752718
per-bin probability dynamic range (kT):     59.8122
per-segment minimum non-zero probability:   1.72065e-27
per-segment maximum non-zero probability:   0.263413
per-segment probability dynamic range (kT): 60.2931
norm = 1, error in norm = 4.44089e-16 (2*epsilon)
Iteration wallclock: 1:05:41.746963, cputime: 2:31:55.174850


Wed Oct 25 02:57:32 2023
Iteration 457 (1000 requested)
Beginning iteration 457
116 segments remain in iteration 457 (116 total)
25 of 148 (16.891892%) active bins are populated
per-bin minimum non-zero probability:       1.07988e-26
per-bin maximum probability:                0.784364
per-bin probability dynamic range (kT):     59.5475
per-segment minimum non-zero probability:   4.30163e-28
per-segment maximum non-zero probability:   0.263413
per-segment probability dynamic range (kT): 61.6794
norm = 1, error in norm = 4.44089e-16 (2*epsilon)
Iteration wallclock: 1:00:30.556493, cputime: 2:15:58.704365


Wed Oct 25 03:58:03 2023
Iteration 458 (1000 requested)
Beginning iteration 458
128 segments remain in iteration 458 (128 total)
29 of 148 (19.594595%) active bins are populated
per-bin minimum non-zero probability:       9.67222e-27
per-bin maximum probability:                0.710608
per-bin probability dynamic range (kT):     59.5589
per-segment minimum non-zero probability:   4.30163e-28
per-segment maximum non-zero probability:   0.263413
per-segment probability dynamic range (kT): 61.6794
norm = 1, error in norm = 2.22045e-16 (1*epsilon)
Iteration wallclock: 1:06:49.981675, cputime: 2:28:17.750156


Wed Oct 25 05:04:53 2023
Iteration 459 (1000 requested)
Beginning iteration 459
136 segments remain in iteration 459 (136 total)
29 of 148 (19.594595%) active bins are populated
per-bin minimum non-zero probability:       6.04051e-27
per-bin maximum probability:                0.565163
per-bin probability dynamic range (kT):     59.8007
per-segment minimum non-zero probability:   9.95488e-28
per-segment maximum non-zero probability:   0.166572
per-segment probability dynamic range (kT): 60.382
norm = 1, error in norm = 4.44089e-16 (2*epsilon)
Iteration wallclock: 1:07:22.980138, cputime: 2:35:37.028105


Wed Oct 25 06:12:16 2023
Iteration 460 (1000 requested)
Beginning iteration 460
136 segments remain in iteration 460 (136 total)
27 of 148 (18.243243%) active bins are populated
per-bin minimum non-zero probability:       7.38015e-27
per-bin maximum probability:                0.555662
per-bin probability dynamic range (kT):     59.5834
per-segment minimum non-zero probability:   1.45944e-27
per-segment maximum non-zero probability:   0.175609
per-segment probability dynamic range (kT): 60.0522
norm = 1, error in norm = 4.44089e-16 (2*epsilon)
Iteration wallclock: 1:08:42.419648, cputime: 2:38:07.084832


Wed Oct 25 07:20:58 2023
Iteration 461 (1000 requested)
Beginning iteration 461
144 segments remain in iteration 461 (144 total)
28 of 148 (18.918919%) active bins are populated
per-bin minimum non-zero probability:       1.84504e-27
per-bin maximum probability:                0.664594
per-bin probability dynamic range (kT):     61.1487
per-segment minimum non-zero probability:   4.61259e-28
per-segment maximum non-zero probability:   0.233923
per-segment probability dynamic range (kT): 61.4908
norm = 1, error in norm = 4.44089e-16 (2*epsilon)
Iteration wallclock: 1:14:27.352504, cputime: 2:49:25.041940


Wed Oct 25 08:35:26 2023
Iteration 462 (1000 requested)
Beginning iteration 462
140 segments remain in iteration 462 (140 total)
28 of 148 (18.918919%) active bins are populated
per-bin minimum non-zero probability:       1.84504e-27
per-bin maximum probability:                0.552052
per-bin probability dynamic range (kT):     60.9632
per-segment minimum non-zero probability:   4.61259e-28
per-segment maximum non-zero probability:   0.166572
per-segment probability dynamic range (kT): 61.1513
norm = 1, error in norm = 4.44089e-16 (2*epsilon)
Iteration wallclock: 1:14:11.469789, cputime: 2:47:28.057844


Wed Oct 25 09:49:37 2023
Iteration 463 (1000 requested)
Beginning iteration 463
144 segments remain in iteration 463 (144 total)
28 of 148 (18.918919%) active bins are populated
per-bin minimum non-zero probability:       9.22519e-28
per-bin maximum probability:                0.507357
per-bin probability dynamic range (kT):     61.5719
per-segment minimum non-zero probability:   1.15315e-28
per-segment maximum non-zero probability:   0.138964
per-segment probability dynamic range (kT): 62.3563
norm = 1, error in norm = 4.44089e-16 (2*epsilon)
Iteration wallclock: 1:14:52.292929, cputime: 2:49:10.356603


Wed Oct 25 11:04:29 2023
Iteration 464 (1000 requested)
Beginning iteration 464
128 segments remain in iteration 464 (128 total)
26 of 148 (17.567568%) active bins are populated
per-bin minimum non-zero probability:       1.15315e-28
per-bin maximum probability:                0.641461
per-bin probability dynamic range (kT):     63.8859
per-segment minimum non-zero probability:   2.88287e-29
per-segment maximum non-zero probability:   0.22923
per-segment probability dynamic range (kT): 64.2432
norm = 1, error in norm = 4.44089e-16 (2*epsilon)
Iteration wallclock: 1:07:33.105912, cputime: 2:30:27.654893


Wed Oct 25 12:12:02 2023
Iteration 465 (1000 requested)
Beginning iteration 465
132 segments remain in iteration 465 (132 total)
29 of 148 (19.594595%) active bins are populated
per-bin minimum non-zero probability:       2.88287e-29
per-bin maximum probability:                0.484716
per-bin probability dynamic range (kT):     64.992
per-segment minimum non-zero probability:   7.20718e-30
per-segment maximum non-zero probability:   0.148132
per-segment probability dynamic range (kT): 65.1928
norm = 1, error in norm = 4.44089e-16 (2*epsilon)
Iteration wallclock: 1:07:17.608387, cputime: 2:35:00.886735


Wed Oct 25 13:19:20 2023
Iteration 466 (1000 requested)
Beginning iteration 466
128 segments remain in iteration 466 (128 total)
27 of 148 (18.243243%) active bins are populated
per-bin minimum non-zero probability:       1.44144e-29
per-bin maximum probability:                0.587239
per-bin probability dynamic range (kT):     65.877
per-segment minimum non-zero probability:   3.60359e-30
per-segment maximum non-zero probability:   0.192589
per-segment probability dynamic range (kT): 66.1484
norm = 1, error in norm = 4.44089e-16 (2*epsilon)
Iteration wallclock: 1:09:13.483286, cputime: 2:35:16.662840


Wed Oct 25 14:28:34 2023
Iteration 467 (1000 requested)
Beginning iteration 467
128 segments remain in iteration 467 (128 total)
28 of 148 (18.918919%) active bins are populated
per-bin minimum non-zero probability:       3.24323e-29
per-bin maximum probability:                0.525346
per-bin probability dynamic range (kT):     64.9547
per-segment minimum non-zero probability:   9.00897e-31
per-segment maximum non-zero probability:   0.192589
per-segment probability dynamic range (kT): 67.5347
norm = 1, error in norm = 4.44089e-16 (2*epsilon)
Iteration wallclock: 1:10:21.598485, cputime: 2:36:22.485328


Wed Oct 25 15:38:55 2023
Iteration 468 (1000 requested)
Beginning iteration 468
132 segments remain in iteration 468 (132 total)
28 of 148 (18.918919%) active bins are populated
per-bin minimum non-zero probability:       7.20718e-30
per-bin maximum probability:                0.519229
per-bin probability dynamic range (kT):     66.4471
per-segment minimum non-zero probability:   1.80179e-30
per-segment maximum non-zero probability:   0.192589
per-segment probability dynamic range (kT): 66.8416
norm = 1, error in norm = 4.44089e-16 (2*epsilon)
Iteration wallclock: 1:15:53.889312, cputime: 2:44:29.677277


Wed Oct 25 16:54:49 2023
Iteration 469 (1000 requested)
Beginning iteration 469
140 segments remain in iteration 469 (140 total)
29 of 148 (19.594595%) active bins are populated
per-bin minimum non-zero probability:       7.20718e-30
per-bin maximum probability:                0.676201
per-bin probability dynamic range (kT):     66.7112
per-segment minimum non-zero probability:   1.2012e-30
per-segment maximum non-zero probability:   0.192589
per-segment probability dynamic range (kT): 67.247
norm = 1, error in norm = 4.44089e-16 (2*epsilon)
Iteration wallclock: 1:21:40.372994, cputime: 2:52:41.485594


Wed Oct 25 18:16:30 2023
Iteration 470 (1000 requested)
Beginning iteration 470
128 segments remain in iteration 470 (128 total)
28 of 148 (18.918919%) active bins are populated
per-bin minimum non-zero probability:       1.57657e-30
per-bin maximum probability:                0.439207
per-bin probability dynamic range (kT):     67.7995
per-segment minimum non-zero probability:   3.94142e-31
per-segment maximum non-zero probability:   0.192589
per-segment probability dynamic range (kT): 68.3614
norm = 1, error in norm = 4.44089e-16 (2*epsilon)
Iteration wallclock: 0:20:49.216904, cputime: 0:45:15.059041


Wed Oct 25 18:37:19 2023
Iteration 471 (1000 requested)
Beginning iteration 471
144 segments remain in iteration 471 (144 total)
28 of 148 (18.918919%) active bins are populated
per-bin minimum non-zero probability:       4.50449e-31
per-bin maximum probability:                0.578836
per-bin probability dynamic range (kT):     69.3283
per-segment minimum non-zero probability:   9.85356e-32
per-segment maximum non-zero probability:   0.192589
per-segment probability dynamic range (kT): 69.7477
norm = 1, error in norm = 4.44089e-16 (2*epsilon)
Iteration wallclock: 0:29:27.320308, cputime: 0:50:53.159752


Wed Oct 25 19:06:47 2023
Iteration 472 (1000 requested)
Beginning iteration 472
144 segments remain in iteration 472 (144 total)
30 of 148 (20.270270%) active bins are populated
per-bin minimum non-zero probability:       2.62762e-31
per-bin maximum probability:                0.505985
per-bin probability dynamic range (kT):     69.7328
per-segment minimum non-zero probability:   6.56904e-32
per-segment maximum non-zero probability:   0.137666
per-segment probability dynamic range (kT): 69.8174
norm = 1, error in norm = 4.44089e-16 (2*epsilon)
Iteration wallclock: 0:25:58.175950, cputime: 0:50:54.986219


Wed Oct 25 19:32:45 2023
Iteration 473 (1000 requested)
Beginning iteration 473
132 segments remain in iteration 473 (132 total)
27 of 148 (18.243243%) active bins are populated
per-bin minimum non-zero probability:       1.5015e-31
per-bin maximum probability:                0.580293
per-bin probability dynamic range (kT):     70.4295
per-segment minimum non-zero probability:   3.75374e-32
per-segment maximum non-zero probability:   0.190294
per-segment probability dynamic range (kT): 70.7008
norm = 1, error in norm = 4.44089e-16 (2*epsilon)
Iteration wallclock: 0:25:44.051956, cputime: 0:46:43.089845


Wed Oct 25 19:58:29 2023
Iteration 474 (1000 requested)
Beginning iteration 474
120 segments remain in iteration 474 (120 total)
26 of 148 (17.567568%) active bins are populated
per-bin minimum non-zero probability:       2.25224e-31
per-bin maximum probability:                0.62726
per-bin probability dynamic range (kT):     70.1018
per-segment minimum non-zero probability:   9.38435e-33
per-segment maximum non-zero probability:   0.190294
per-segment probability dynamic range (kT): 72.0871
norm = 1, error in norm = 4.44089e-16 (2*epsilon)
Iteration wallclock: 0:20:02.014206, cputime: 0:42:29.387840


Wed Oct 25 20:18:31 2023
Iteration 475 (1000 requested)
Beginning iteration 475
128 segments remain in iteration 475 (128 total)
28 of 148 (18.918919%) active bins are populated
per-bin minimum non-zero probability:       1.87687e-32
per-bin maximum probability:                0.485503
per-bin probability dynamic range (kT):     72.3305
per-segment minimum non-zero probability:   4.69217e-33
per-segment maximum non-zero probability:   0.190294
per-segment probability dynamic range (kT): 72.7802
norm = 1, error in norm = 4.44089e-16 (2*epsilon)
Iteration wallclock: 0:19:32.206125, cputime: 0:45:17.741177


Wed Oct 25 20:38:03 2023
Iteration 476 (1000 requested)
Beginning iteration 476
136 segments remain in iteration 476 (136 total)
29 of 148 (19.594595%) active bins are populated
per-bin minimum non-zero probability:       1.87687e-32
per-bin maximum probability:                0.393362
per-bin probability dynamic range (kT):     72.1201
per-segment minimum non-zero probability:   2.34609e-33
per-segment maximum non-zero probability:   0.127199
per-segment probability dynamic range (kT): 73.0706
norm = 1, error in norm = 4.44089e-16 (2*epsilon)
Iteration wallclock: 1:05:40.716825, cputime: 2:27:31.082269


Wed Oct 25 21:43:44 2023
Iteration 477 (1000 requested)
Beginning iteration 477
108 segments remain in iteration 477 (108 total)
24 of 148 (16.216216%) active bins are populated
per-bin minimum non-zero probability:       2.34609e-33
per-bin maximum probability:                0.588727
per-bin probability dynamic range (kT):     74.6028
per-segment minimum non-zero probability:   5.86522e-34
per-segment maximum non-zero probability:   0.191495
per-segment probability dynamic range (kT): 74.866
norm = 1, error in norm = 4.44089e-16 (2*epsilon)
Iteration wallclock: 1:04:33.222302, cputime: 2:14:54.098080


Wed Oct 25 22:48:18 2023
Iteration 478 (1000 requested)
Beginning iteration 478
132 segments remain in iteration 478 (132 total)
28 of 148 (18.918919%) active bins are populated
per-bin minimum non-zero probability:       5.86522e-34
per-bin maximum probability:                0.810267
per-bin probability dynamic range (kT):     76.3085
per-segment minimum non-zero probability:   1.4663e-34
per-segment maximum non-zero probability:   0.27216
per-segment probability dynamic range (kT): 76.6038
norm = 1, error in norm = 4.44089e-16 (2*epsilon)
Iteration wallclock: 1:24:50.620323, cputime: 2:52:29.875415


Thu Oct 26 00:13:08 2023
Iteration 479 (1000 requested)
Beginning iteration 479
124 segments remain in iteration 479 (124 total)
27 of 148 (18.243243%) active bins are populated
per-bin minimum non-zero probability:       2.93261e-34
per-bin maximum probability:                0.486734
per-bin probability dynamic range (kT):     76.492
per-segment minimum non-zero probability:   1.4663e-34
per-segment maximum non-zero probability:   0.191495
per-segment probability dynamic range (kT): 76.2523
norm = 1, error in norm = 4.44089e-16 (2*epsilon)
Iteration wallclock: 1:11:58.007608, cputime: 2:31:40.234061


Thu Oct 26 01:25:06 2023
Iteration 480 (1000 requested)
Beginning iteration 480
136 segments remain in iteration 480 (136 total)
28 of 148 (18.918919%) active bins are populated
per-bin minimum non-zero probability:       4.39891e-34
per-bin maximum probability:                0.488666
per-bin probability dynamic range (kT):     76.0905
per-segment minimum non-zero probability:   4.3446e-35
per-segment maximum non-zero probability:   0.191495
per-segment probability dynamic range (kT): 77.4686
norm = 1, error in norm = 4.44089e-16 (2*epsilon)
Iteration wallclock: 1:19:16.382116, cputime: 2:47:05.981136


Thu Oct 26 02:44:23 2023
Iteration 481 (1000 requested)
Beginning iteration 481
128 segments remain in iteration 481 (128 total)
27 of 148 (18.243243%) active bins are populated
per-bin minimum non-zero probability:       9.77536e-35
per-bin maximum probability:                0.61209
per-bin probability dynamic range (kT):     77.8197
per-segment minimum non-zero probability:   2.44384e-35
per-segment maximum non-zero probability:   0.191495
per-segment probability dynamic range (kT): 78.044
norm = 1, error in norm = 4.44089e-16 (2*epsilon)
Iteration wallclock: 1:09:27.745493, cputime: 2:30:00.261700


Thu Oct 26 03:53:50 2023
Iteration 482 (1000 requested)
Beginning iteration 482
128 segments remain in iteration 482 (128 total)
27 of 148 (18.243243%) active bins are populated
per-bin minimum non-zero probability:       2.44384e-35
per-bin maximum probability:                0.671664
per-bin probability dynamic range (kT):     79.2989
per-segment minimum non-zero probability:   6.1096e-36
per-segment maximum non-zero probability:   0.191495
per-segment probability dynamic range (kT): 79.4303
norm = 1, error in norm = 4.44089e-16 (2*epsilon)
Iteration wallclock: 1:11:56.707514, cputime: 2:32:11.099759


Thu Oct 26 05:05:47 2023
Iteration 483 (1000 requested)
Beginning iteration 483
124 segments remain in iteration 483 (124 total)
28 of 148 (18.918919%) active bins are populated
per-bin minimum non-zero probability:       3.25845e-35
per-bin maximum probability:                0.676166
per-bin probability dynamic range (kT):     79.0179
per-segment minimum non-zero probability:   8.14613e-36
per-segment maximum non-zero probability:   0.191495
per-segment probability dynamic range (kT): 79.1426
norm = 1, error in norm = 4.44089e-16 (2*epsilon)
Iteration wallclock: 1:07:07.099979, cputime: 2:24:25.262967


Thu Oct 26 06:12:55 2023
Iteration 484 (1000 requested)
Beginning iteration 484
120 segments remain in iteration 484 (120 total)
24 of 148 (16.216216%) active bins are populated
per-bin minimum non-zero probability:       1.83288e-35
per-bin maximum probability:                0.895257
per-bin probability dynamic range (kT):     79.8739
per-segment minimum non-zero probability:   2.03653e-36
per-segment maximum non-zero probability:   0.294577
per-segment probability dynamic range (kT): 80.9596
norm = 1, error in norm = 4.44089e-16 (2*epsilon)
Iteration wallclock: 1:00:01.180248, cputime: 2:16:49.976934


Thu Oct 26 07:12:56 2023
Iteration 485 (1000 requested)
Beginning iteration 485
144 segments remain in iteration 485 (144 total)
30 of 148 (20.270270%) active bins are populated
per-bin minimum non-zero probability:       2.03653e-36
per-bin maximum probability:                0.754704
per-bin probability dynamic range (kT):     81.9004
per-segment minimum non-zero probability:   5.09133e-37
per-segment maximum non-zero probability:   0.294577
per-segment probability dynamic range (kT): 82.3459
norm = 1, error in norm = 4.44089e-16 (2*epsilon)
Iteration wallclock: 1:05:43.719155, cputime: 2:27:11.702728


Thu Oct 26 08:18:40 2023
Iteration 486 (1000 requested)
Beginning iteration 486
144 segments remain in iteration 486 (144 total)
32 of 148 (21.621622%) active bins are populated
per-bin minimum non-zero probability:       1.14555e-36
per-bin maximum probability:                0.687257
per-bin probability dynamic range (kT):     82.3821
per-segment minimum non-zero probability:   2.86387e-37
per-segment maximum non-zero probability:   0.294577
per-segment probability dynamic range (kT): 82.9213
norm = 1, error in norm = 4.44089e-16 (2*epsilon)
Iteration wallclock: 0:22:25.389611, cputime: 0:50:50.368980


Thu Oct 26 08:41:05 2023
Iteration 487 (1000 requested)
Beginning iteration 487
132 segments remain in iteration 487 (132 total)
29 of 148 (19.594595%) active bins are populated
per-bin minimum non-zero probability:       2.86387e-37
per-bin maximum probability:                0.578302
per-bin probability dynamic range (kT):     83.5958
per-segment minimum non-zero probability:   7.15969e-38
per-segment maximum non-zero probability:   0.191495
per-segment probability dynamic range (kT): 83.8769
norm = 1, error in norm = 4.44089e-16 (2*epsilon)
Iteration wallclock: 0:20:34.340849, cputime: 0:46:36.743095


Thu Oct 26 09:01:39 2023
Iteration 488 (1000 requested)
Beginning iteration 488
148 segments remain in iteration 488 (148 total)
28 of 148 (18.918919%) active bins are populated
per-bin minimum non-zero probability:       7.15969e-38
per-bin maximum probability:                0.520838
per-bin probability dynamic range (kT):     84.8775
per-segment minimum non-zero probability:   1.78992e-38
per-segment maximum non-zero probability:   0.191495
per-segment probability dynamic range (kT): 85.2632
norm = 1, error in norm = 4.44089e-16 (2*epsilon)
Iteration wallclock: 0:22:59.502610, cputime: 0:52:25.555721


Thu Oct 26 09:24:39 2023
Iteration 489 (1000 requested)
Beginning iteration 489
124 segments remain in iteration 489 (124 total)
27 of 148 (18.243243%) active bins are populated
per-bin minimum non-zero probability:       1.78992e-38
per-bin maximum probability:                0.520293
per-bin probability dynamic range (kT):     86.2627
per-segment minimum non-zero probability:   4.4748e-39
per-segment maximum non-zero probability:   0.191495
per-segment probability dynamic range (kT): 86.6495
norm = 1, error in norm = 2.22045e-16 (1*epsilon)
Iteration wallclock: 0:19:33.527438, cputime: 0:43:57.926091


Thu Oct 26 09:44:13 2023
Iteration 490 (1000 requested)
Beginning iteration 490
112 segments remain in iteration 490 (112 total)
25 of 148 (16.891892%) active bins are populated
per-bin minimum non-zero probability:       5.91239e-38
per-bin maximum probability:                0.646564
per-bin probability dynamic range (kT):     85.2851
per-segment minimum non-zero probability:   1.4781e-38
per-segment maximum non-zero probability:   0.196384
per-segment probability dynamic range (kT): 85.4798
norm = 1, error in norm = 4.44089e-16 (2*epsilon)
Iteration wallclock: 0:17:45.182317, cputime: 0:39:46.457280


Thu Oct 26 10:01:58 2023
Iteration 491 (1000 requested)
Beginning iteration 491
120 segments remain in iteration 491 (120 total)
27 of 148 (18.243243%) active bins are populated
per-bin minimum non-zero probability:       1.4781e-38
per-bin maximum probability:                0.818671
per-bin probability dynamic range (kT):     86.9074
per-segment minimum non-zero probability:   3.69524e-39
per-segment maximum non-zero probability:   0.259314
per-segment probability dynamic range (kT): 87.1441
norm = 1, error in norm = 4.44089e-16 (2*epsilon)
Iteration wallclock: 0:18:14.387513, cputime: 0:42:24.052924


Thu Oct 26 10:20:12 2023
Iteration 492 (1000 requested)
Beginning iteration 492
144 segments remain in iteration 492 (144 total)
29 of 148 (19.594595%) active bins are populated
per-bin minimum non-zero probability:       3.69524e-39
per-bin maximum probability:                0.513627
per-bin probability dynamic range (kT):     87.8275
per-segment minimum non-zero probability:   9.23811e-40
per-segment maximum non-zero probability:   0.191495
per-segment probability dynamic range (kT): 88.2272
norm = 1, error in norm = 4.44089e-16 (2*epsilon)
Iteration wallclock: 0:22:08.447575, cputime: 0:51:02.777532


Thu Oct 26 10:42:21 2023
Iteration 493 (1000 requested)
Beginning iteration 493
140 segments remain in iteration 493 (140 total)
28 of 148 (18.918919%) active bins are populated
per-bin minimum non-zero probability:       9.23811e-40
per-bin maximum probability:                0.908272
per-bin probability dynamic range (kT):     89.7839
per-segment minimum non-zero probability:   2.30953e-40
per-segment maximum non-zero probability:   0.297225
per-segment probability dynamic range (kT): 90.0531
norm = 1, error in norm = 4.44089e-16 (2*epsilon)
Iteration wallclock: 0:21:16.576041, cputime: 0:49:27.377616

Iteration 494 would require more than the allotted time. Ending run.
