Updating system with the options from the configuration file
Maximum wallclock time: 3 days, 0:00:00

Fri Oct 27 23:20:04 2023
Iteration 494 (1000 requested)
Beginning iteration 494
128 segments remain in iteration 494 (128 total)
27 of 148 (18.243243%) active bins are populated
per-bin minimum non-zero probability:       2.30953e-40
per-bin maximum probability:                0.479754
per-bin probability dynamic range (kT):     90.5319
per-segment minimum non-zero probability:   5.77382e-41
per-segment maximum non-zero probability:   0.191495
per-segment probability dynamic range (kT): 90.9998
norm = 1, error in norm = 4.44089e-16 (2*epsilon)
Iteration wallclock: 0:19:13.389432, cputime: 0:44:40.829684


Fri Oct 27 23:39:18 2023
Iteration 495 (1000 requested)
Beginning iteration 495
164 segments remain in iteration 495 (164 total)
35 of 148 (23.648649%) active bins are populated
per-bin minimum non-zero probability:       5.77382e-41
per-bin maximum probability:                0.614346
per-bin probability dynamic range (kT):     92.1655
per-segment minimum non-zero probability:   1.44345e-41
per-segment maximum non-zero probability:   0.191495
per-segment probability dynamic range (kT): 92.3861
norm = 1, error in norm = 4.44089e-16 (2*epsilon)
Iteration wallclock: 0:22:15.355987, cputime: 0:57:17.540184


Sat Oct 28 00:01:33 2023
Iteration 496 (1000 requested)
Beginning iteration 496
140 segments remain in iteration 496 (140 total)
30 of 148 (20.270270%) active bins are populated
per-bin minimum non-zero probability:       1.44345e-41
per-bin maximum probability:                0.57927
per-bin probability dynamic range (kT):     93.493
per-segment minimum non-zero probability:   3.60864e-42
per-segment maximum non-zero probability:   0.191495
per-segment probability dynamic range (kT): 93.7723
norm = 1, error in norm = 4.44089e-16 (2*epsilon)
Iteration wallclock: 0:18:54.094589, cputime: 0:48:49.413707


Sat Oct 28 00:20:27 2023
Iteration 497 (1000 requested)
Beginning iteration 497
148 segments remain in iteration 497 (148 total)
32 of 148 (21.621622%) active bins are populated
per-bin minimum non-zero probability:       7.21727e-42
per-bin maximum probability:                0.634033
per-bin probability dynamic range (kT):     94.2764
per-segment minimum non-zero probability:   1.80432e-42
per-segment maximum non-zero probability:   0.191495
per-segment probability dynamic range (kT): 94.4655
norm = 1, error in norm = 4.44089e-16 (2*epsilon)
Iteration wallclock: 0:19:59.012752, cputime: 0:51:37.032684


Sat Oct 28 00:40:26 2023
Iteration 498 (1000 requested)
Beginning iteration 498
156 segments remain in iteration 498 (156 total)
33 of 148 (22.297297%) active bins are populated
per-bin minimum non-zero probability:       2.40576e-42
per-bin maximum probability:                0.471967
per-bin probability dynamic range (kT):     95.0799
per-segment minimum non-zero probability:   4.51079e-43
per-segment maximum non-zero probability:   0.191495
per-segment probability dynamic range (kT): 95.8518
norm = 1, error in norm = 4.44089e-16 (2*epsilon)
Iteration wallclock: 0:21:14.131460, cputime: 0:54:29.623828


Sat Oct 28 01:01:40 2023
Iteration 499 (1000 requested)
Beginning iteration 499
156 segments remain in iteration 499 (156 total)
33 of 148 (22.297297%) active bins are populated
per-bin minimum non-zero probability:       4.51079e-43
per-bin maximum probability:                0.838291
per-bin probability dynamic range (kT):     97.3283
per-segment minimum non-zero probability:   1.1277e-43
per-segment maximum non-zero probability:   0.280472
per-segment probability dynamic range (kT): 97.6197
norm = 1, error in norm = 6.66134e-16 (3*epsilon)
Iteration wallclock: 0:21:10.774014, cputime: 0:54:31.805109


Sat Oct 28 01:22:51 2023
Iteration 500 (1000 requested)
Beginning iteration 500
168 segments remain in iteration 500 (168 total)
33 of 148 (22.297297%) active bins are populated
per-bin minimum non-zero probability:       1.1277e-43
per-bin maximum probability:                0.708004
per-bin probability dynamic range (kT):     98.5457
per-segment minimum non-zero probability:   2.81925e-44
per-segment maximum non-zero probability:   0.280472
per-segment probability dynamic range (kT): 99.006
norm = 1, error in norm = 4.44089e-16 (2*epsilon)
Iteration wallclock: 0:22:55.793001, cputime: 0:58:47.955748


Sat Oct 28 01:45:47 2023
Iteration 501 (1000 requested)
Beginning iteration 501
172 segments remain in iteration 501 (172 total)
34 of 148 (22.972973%) active bins are populated
per-bin minimum non-zero probability:       2.81925e-44
per-bin maximum probability:                0.578801
per-bin probability dynamic range (kT):     99.7305
per-segment minimum non-zero probability:   7.04812e-45
per-segment maximum non-zero probability:   0.191495
per-segment probability dynamic range (kT): 100.011
norm = 1, error in norm = 4.44089e-16 (2*epsilon)
Iteration wallclock: 0:23:20.240970, cputime: 1:00:14.446803


Sat Oct 28 02:09:07 2023
Iteration 502 (1000 requested)
Beginning iteration 502
144 segments remain in iteration 502 (144 total)
32 of 148 (21.621622%) active bins are populated
per-bin minimum non-zero probability:       7.04812e-45
per-bin maximum probability:                0.462402
per-bin probability dynamic range (kT):     100.892
per-segment minimum non-zero probability:   1.76203e-45
per-segment maximum non-zero probability:   0.140236
per-segment probability dynamic range (kT): 101.085
norm = 1, error in norm = 4.44089e-16 (2*epsilon)
Iteration wallclock: 0:19:37.225102, cputime: 0:50:18.658808


Sat Oct 28 02:28:44 2023
Iteration 503 (1000 requested)
Beginning iteration 503
136 segments remain in iteration 503 (136 total)
30 of 148 (20.270270%) active bins are populated
per-bin minimum non-zero probability:       1.76203e-45
per-bin maximum probability:                0.634474
per-bin probability dynamic range (kT):     102.595
per-segment minimum non-zero probability:   4.40507e-46
per-segment maximum non-zero probability:   0.220679
per-segment probability dynamic range (kT): 102.925
norm = 1, error in norm = 6.66134e-16 (3*epsilon)
Iteration wallclock: 0:18:22.820155, cputime: 0:47:37.963749


Sat Oct 28 02:47:07 2023
Iteration 504 (1000 requested)
Beginning iteration 504
152 segments remain in iteration 504 (152 total)
31 of 148 (20.945946%) active bins are populated
per-bin minimum non-zero probability:       4.04442e-30
per-bin maximum probability:                0.555784
per-bin probability dynamic range (kT):     67.0928
per-segment minimum non-zero probability:   5.05552e-31
per-segment maximum non-zero probability:   0.220679
per-segment probability dynamic range (kT): 68.2486
norm = 1, error in norm = 4.44089e-16 (2*epsilon)
Iteration wallclock: 0:20:36.448063, cputime: 0:53:13.441747


Sat Oct 28 03:07:44 2023
Iteration 505 (1000 requested)
Beginning iteration 505
132 segments remain in iteration 505 (132 total)
29 of 148 (19.594595%) active bins are populated
per-bin minimum non-zero probability:       1.10054e-28
per-bin maximum probability:                0.405153
per-bin probability dynamic range (kT):     63.4731
per-segment minimum non-zero probability:   1.26388e-31
per-segment maximum non-zero probability:   0.150632
per-segment probability dynamic range (kT): 69.253
norm = 1, error in norm = 4.44089e-16 (2*epsilon)
Iteration wallclock: 0:18:01.853137, cputime: 0:46:10.992228


Sat Oct 28 03:25:45 2023
Iteration 506 (1000 requested)
Beginning iteration 506
128 segments remain in iteration 506 (128 total)
30 of 148 (20.270270%) active bins are populated
per-bin minimum non-zero probability:       7.58328e-31
per-bin maximum probability:                0.610954
per-bin probability dynamic range (kT):     68.8615
per-segment minimum non-zero probability:   3.1597e-32
per-segment maximum non-zero probability:   0.178098
per-segment probability dynamic range (kT): 70.8068
norm = 1, error in norm = 4.44089e-16 (2*epsilon)
Iteration wallclock: 0:17:30.619825, cputime: 0:44:50.311134


Sat Oct 28 03:43:16 2023
Iteration 507 (1000 requested)
Beginning iteration 507
140 segments remain in iteration 507 (140 total)
33 of 148 (22.297297%) active bins are populated
per-bin minimum non-zero probability:       6.3194e-32
per-bin maximum probability:                0.638539
per-bin probability dynamic range (kT):     71.3905
per-segment minimum non-zero probability:   7.89925e-33
per-segment maximum non-zero probability:   0.178098
per-segment probability dynamic range (kT): 72.1931
norm = 1, error in norm = 4.44089e-16 (2*epsilon)
Iteration wallclock: 0:19:01.635998, cputime: 0:49:02.802920


Sat Oct 28 04:02:18 2023
Iteration 508 (1000 requested)
Beginning iteration 508
168 segments remain in iteration 508 (168 total)
35 of 148 (23.648649%) active bins are populated
per-bin minimum non-zero probability:       7.89925e-33
per-bin maximum probability:                0.553784
per-bin probability dynamic range (kT):     73.3276
per-segment minimum non-zero probability:   1.97481e-33
per-segment maximum non-zero probability:   0.178098
per-segment probability dynamic range (kT): 73.5794
norm = 1, error in norm = 4.44089e-16 (2*epsilon)
Iteration wallclock: 0:22:53.072476, cputime: 0:58:53.149173


Sat Oct 28 04:25:11 2023
Iteration 509 (1000 requested)
Beginning iteration 509
156 segments remain in iteration 509 (156 total)
33 of 148 (22.297297%) active bins are populated
per-bin minimum non-zero probability:       1.18489e-32
per-bin maximum probability:                0.509775
per-bin probability dynamic range (kT):     72.8393
per-segment minimum non-zero probability:   4.93703e-34
per-segment maximum non-zero probability:   0.167821
per-segment probability dynamic range (kT): 74.9063
norm = 1, error in norm = 4.44089e-16 (2*epsilon)
Iteration wallclock: 0:21:14.200531, cputime: 0:54:42.050001


Sat Oct 28 04:46:25 2023
Iteration 510 (1000 requested)
Beginning iteration 510
152 segments remain in iteration 510 (152 total)
31 of 148 (20.945946%) active bins are populated
per-bin minimum non-zero probability:       5.22362e-29
per-bin maximum probability:                0.586176
per-bin probability dynamic range (kT):     64.5876
per-segment minimum non-zero probability:   4.93703e-34
per-segment maximum non-zero probability:   0.159982
per-segment probability dynamic range (kT): 74.8584
norm = 1, error in norm = 4.44089e-16 (2*epsilon)
Iteration wallclock: 0:20:43.304321, cputime: 0:53:22.868423


Sat Oct 28 05:07:08 2023
Iteration 511 (1000 requested)
Beginning iteration 511
140 segments remain in iteration 511 (140 total)
28 of 148 (18.918919%) active bins are populated
per-bin minimum non-zero probability:       1.3059e-29
per-bin maximum probability:                0.509259
per-bin probability dynamic range (kT):     65.8333
per-segment minimum non-zero probability:   3.70277e-34
per-segment maximum non-zero probability:   0.159982
per-segment probability dynamic range (kT): 75.1461
norm = 1, error in norm = 4.44089e-16 (2*epsilon)
Iteration wallclock: 0:18:59.057774, cputime: 0:49:04.534418


Sat Oct 28 05:26:07 2023
Iteration 512 (1000 requested)
Beginning iteration 512
136 segments remain in iteration 512 (136 total)
28 of 148 (18.918919%) active bins are populated
per-bin minimum non-zero probability:       3.70277e-34
per-bin maximum probability:                0.538871
per-bin probability dynamic range (kT):     76.3605
per-segment minimum non-zero probability:   9.25693e-35
per-segment maximum non-zero probability:   0.159982
per-segment probability dynamic range (kT): 76.5324
norm = 1, error in norm = 4.44089e-16 (2*epsilon)
Iteration wallclock: 0:18:35.611353, cputime: 0:47:41.751073


Sat Oct 28 05:44:43 2023
Iteration 513 (1000 requested)
Beginning iteration 513
152 segments remain in iteration 513 (152 total)
32 of 148 (21.621622%) active bins are populated
per-bin minimum non-zero probability:       9.25693e-35
per-bin maximum probability:                0.509259
per-bin probability dynamic range (kT):     77.6903
per-segment minimum non-zero probability:   2.31423e-35
per-segment maximum non-zero probability:   0.150632
per-segment probability dynamic range (kT): 77.8585
norm = 1, error in norm = 4.44089e-16 (2*epsilon)
Iteration wallclock: 0:20:30.807642, cputime: 0:53:19.231534


Sat Oct 28 06:05:14 2023
Iteration 514 (1000 requested)
Beginning iteration 514
136 segments remain in iteration 514 (136 total)
27 of 148 (18.243243%) active bins are populated
per-bin minimum non-zero probability:       4.85041e-30
per-bin maximum probability:                0.560564
per-bin probability dynamic range (kT):     66.9197
per-segment minimum non-zero probability:   5.78558e-36
per-segment maximum non-zero probability:   0.150632
per-segment probability dynamic range (kT): 79.2448
norm = 1, error in norm = 4.44089e-16 (2*epsilon)
-- ERROR    [manager] -- propagation failed for 1 segment(s):
5
exception caught; shutting down
-- ERROR    [w_run] -- error message: propagation failed for 1 segments
-- ERROR    [w_run] -- Traceback (most recent call last):
  File "/ihome/lchong/dty7/Apps/westpa/src/westpa/cli/core/w_run.py", line 61, in run_simulation
    sim_manager.run()
  File "/ix/lchong/dty7/d1d2/2kod/o_angle/4d_min_oa12w184chi1m1m2_ss_v01/manager.py", line 708, in run
    self.check_propagation()
  File "/ix/lchong/dty7/d1d2/2kod/o_angle/4d_min_oa12w184chi1m1m2_ss_v01/manager.py", line 607, in check_propagation
    raise PropagationError('propagation failed for {:d} segments'.format(len(failed_segments)))
manager.PropagationError: propagation failed for 1 segments

