Updating system with the options from the configuration file
Maximum wallclock time: 3 days, 0:00:00

Mon Oct 30 11:21:58 2023
Iteration 512 (1000 requested)
0 segments remain in iteration 512 (136 total)
28 of 148 (18.918919%) active bins are populated
per-bin minimum non-zero probability:       3.70277e-34
per-bin maximum probability:                0.538871
per-bin probability dynamic range (kT):     76.3605
per-segment minimum non-zero probability:   9.25693e-35
per-segment maximum non-zero probability:   0.159982
per-segment probability dynamic range (kT): 76.5324
norm = 1, error in norm = 4.44089e-16 (2*epsilon)
Iteration wallclock: 0:20:15.904426, cputime: 0:47:41.751073


Mon Oct 30 11:23:39 2023
Iteration 513 (1000 requested)
Beginning iteration 513
152 segments remain in iteration 513 (152 total)
31 of 148 (20.945946%) active bins are populated
per-bin minimum non-zero probability:       9.25693e-35
per-bin maximum probability:                0.509259
per-bin probability dynamic range (kT):     77.6903
per-segment minimum non-zero probability:   2.31423e-35
per-segment maximum non-zero probability:   0.150632
per-segment probability dynamic range (kT): 77.8585
norm = 1, error in norm = 4.44089e-16 (2*epsilon)
Iteration wallclock: 0:22:12.682629, cputime: 0:53:59.819595


Mon Oct 30 11:45:51 2023
Iteration 514 (1000 requested)
Beginning iteration 514
120 segments remain in iteration 514 (120 total)
25 of 148 (16.891892%) active bins are populated
per-bin minimum non-zero probability:       4.62847e-35
per-bin maximum probability:                0.588579
per-bin probability dynamic range (kT):     78.5282
per-segment minimum non-zero probability:   5.78558e-36
per-segment maximum non-zero probability:   0.178647
per-segment probability dynamic range (kT): 79.4153
norm = 1, error in norm = 4.44089e-16 (2*epsilon)
Iteration wallclock: 0:18:07.185738, cputime: 0:42:32.562117


Mon Oct 30 12:03:59 2023
Iteration 515 (1000 requested)
Beginning iteration 515
140 segments remain in iteration 515 (140 total)
30 of 148 (20.270270%) active bins are populated
per-bin minimum non-zero probability:       1.2126e-30
per-bin maximum probability:                0.465652
per-bin probability dynamic range (kT):     68.1205
per-segment minimum non-zero probability:   5.78558e-36
per-segment maximum non-zero probability:   0.178647
per-segment probability dynamic range (kT): 79.4153
norm = 1, error in norm = 4.44089e-16 (2*epsilon)
Iteration wallclock: 0:20:51.805273, cputime: 0:49:33.330138


Mon Oct 30 12:24:50 2023
Iteration 516 (1000 requested)
Beginning iteration 516
128 segments remain in iteration 516 (128 total)
28 of 148 (18.918919%) active bins are populated
per-bin minimum non-zero probability:       5.78558e-36
per-bin maximum probability:                0.669952
per-bin probability dynamic range (kT):     80.7371
per-segment minimum non-zero probability:   1.4464e-36
per-segment maximum non-zero probability:   0.215743
per-segment probability dynamic range (kT): 80.9903
norm = 1, error in norm = 4.44089e-16 (2*epsilon)
Iteration wallclock: 0:18:53.624341, cputime: 0:45:18.183137


Mon Oct 30 12:43:44 2023
Iteration 517 (1000 requested)
Beginning iteration 517
124 segments remain in iteration 517 (124 total)
26 of 148 (17.567568%) active bins are populated
per-bin minimum non-zero probability:       1.4464e-36
per-bin maximum probability:                0.730652
per-bin probability dynamic range (kT):     82.2102
per-segment minimum non-zero probability:   3.61599e-37
per-segment maximum non-zero probability:   0.215743
per-segment probability dynamic range (kT): 82.3766
norm = 1, error in norm = 4.44089e-16 (2*epsilon)
Iteration wallclock: 0:18:38.256130, cputime: 0:43:58.740286


Mon Oct 30 13:02:22 2023
Iteration 518 (1000 requested)
Beginning iteration 518
144 segments remain in iteration 518 (144 total)
31 of 148 (20.945946%) active bins are populated
per-bin minimum non-zero probability:       1.0105e-31
per-bin maximum probability:                0.979512
per-bin probability dynamic range (kT):     71.349
per-segment minimum non-zero probability:   1.80799e-37
per-segment maximum non-zero probability:   0.365426
per-segment probability dynamic range (kT): 83.5967
norm = 1, error in norm = 4.44089e-16 (2*epsilon)
Iteration wallclock: 0:21:16.371367, cputime: 0:50:56.174461


Mon Oct 30 13:23:39 2023
Iteration 519 (1000 requested)
Beginning iteration 519
136 segments remain in iteration 519 (136 total)
28 of 148 (18.918919%) active bins are populated
per-bin minimum non-zero probability:       5.05251e-32
per-bin maximum probability:                0.616668
per-bin probability dynamic range (kT):     71.5794
per-segment minimum non-zero probability:   1.26313e-32
per-segment maximum non-zero probability:   0.215743
per-segment probability dynamic range (kT): 71.9155
norm = 1, error in norm = 4.44089e-16 (2*epsilon)
Iteration wallclock: 0:20:13.020725, cputime: 0:48:10.934356


Mon Oct 30 13:43:52 2023
Iteration 520 (1000 requested)
Beginning iteration 520
148 segments remain in iteration 520 (148 total)
29 of 148 (19.594595%) active bins are populated
per-bin minimum non-zero probability:       7.2006e-31
per-bin maximum probability:                0.58319
per-bin probability dynamic range (kT):     68.8667
per-segment minimum non-zero probability:   1.80015e-31
per-segment maximum non-zero probability:   0.20407
per-segment probability dynamic range (kT): 69.203
norm = 1, error in norm = 6.66134e-16 (3*epsilon)
Iteration wallclock: 0:22:06.692908, cputime: 0:52:24.216680


Mon Oct 30 14:05:58 2023
Iteration 521 (1000 requested)
Beginning iteration 521
136 segments remain in iteration 521 (136 total)
27 of 148 (18.243243%) active bins are populated
per-bin minimum non-zero probability:       2.70023e-31
per-bin maximum probability:                0.676263
per-bin probability dynamic range (kT):     69.9956
per-segment minimum non-zero probability:   6.75057e-32
per-segment maximum non-zero probability:   0.20407
per-segment probability dynamic range (kT): 70.1838
norm = 1, error in norm = 4.44089e-16 (2*epsilon)
Iteration wallclock: 0:20:28.099501, cputime: 0:48:05.319181


Mon Oct 30 14:26:26 2023
Iteration 522 (1000 requested)
Beginning iteration 522
148 segments remain in iteration 522 (148 total)
31 of 148 (20.945946%) active bins are populated
per-bin minimum non-zero probability:       9.00075e-32
per-bin maximum probability:                0.57233
per-bin probability dynamic range (kT):     70.9274
per-segment minimum non-zero probability:   2.25019e-32
per-segment maximum non-zero probability:   0.20407
per-segment probability dynamic range (kT): 71.2824
norm = 1, error in norm = 4.44089e-16 (2*epsilon)
Iteration wallclock: 0:22:23.288394, cputime: 0:52:19.987902


Mon Oct 30 14:48:50 2023
Iteration 523 (1000 requested)
Beginning iteration 523
152 segments remain in iteration 523 (152 total)
33 of 148 (22.297297%) active bins are populated
per-bin minimum non-zero probability:       2.25019e-32
per-bin maximum probability:                0.476026
per-bin probability dynamic range (kT):     72.1294
per-segment minimum non-zero probability:   5.62547e-33
per-segment maximum non-zero probability:   0.20407
per-segment probability dynamic range (kT): 72.6687
norm = 1, error in norm = 4.44089e-16 (2*epsilon)
Iteration wallclock: 0:24:06.865361, cputime: 0:53:53.827306


Mon Oct 30 15:12:57 2023
Iteration 524 (1000 requested)
Beginning iteration 524
160 segments remain in iteration 524 (160 total)
34 of 148 (22.972973%) active bins are populated
per-bin minimum non-zero probability:       5.62547e-33
per-bin maximum probability:                0.548031
per-bin probability dynamic range (kT):     73.6566
per-segment minimum non-zero probability:   1.40637e-33
per-segment maximum non-zero probability:   0.20407
per-segment probability dynamic range (kT): 74.055
norm = 1, error in norm = 6.66134e-16 (3*epsilon)
Iteration wallclock: 0:23:52.672454, cputime: 0:56:32.439232


Mon Oct 30 15:36:49 2023
Iteration 525 (1000 requested)
Beginning iteration 525
148 segments remain in iteration 525 (148 total)
32 of 148 (21.621622%) active bins are populated
per-bin minimum non-zero probability:       9.80568e-32
per-bin maximum probability:                0.716649
per-bin probability dynamic range (kT):     71.0666
per-segment minimum non-zero probability:   2.45142e-32
per-segment maximum non-zero probability:   0.209331
per-segment probability dynamic range (kT): 71.2222
norm = 1, error in norm = 4.44089e-16 (2*epsilon)
Iteration wallclock: 0:22:31.378189, cputime: 0:52:28.839362


Mon Oct 30 15:59:21 2023
Iteration 526 (1000 requested)
Beginning iteration 526
156 segments remain in iteration 526 (156 total)
33 of 148 (22.297297%) active bins are populated
per-bin minimum non-zero probability:       4.90284e-32
per-bin maximum probability:                0.701214
per-bin probability dynamic range (kT):     71.738
per-segment minimum non-zero probability:   1.22571e-32
per-segment maximum non-zero probability:   0.209331
per-segment probability dynamic range (kT): 71.9154
norm = 1, error in norm = 4.44089e-16 (2*epsilon)
Iteration wallclock: 0:22:41.178046, cputime: 0:55:11.138272


Mon Oct 30 16:22:02 2023
Iteration 527 (1000 requested)
Beginning iteration 527
136 segments remain in iteration 527 (136 total)
26 of 148 (17.567568%) active bins are populated
per-bin minimum non-zero probability:       3.55461e-28
per-bin maximum probability:                0.302908
per-bin probability dynamic range (kT):     62.0098
per-segment minimum non-zero probability:   3.06428e-33
per-segment maximum non-zero probability:   0.119194
per-segment probability dynamic range (kT): 72.7385
norm = 1, error in norm = 4.44089e-16 (2*epsilon)
Iteration wallclock: 0:20:01.640611, cputime: 0:48:04.999963


Mon Oct 30 16:42:03 2023
Iteration 528 (1000 requested)
Beginning iteration 528
128 segments remain in iteration 528 (128 total)
26 of 148 (17.567568%) active bins are populated
per-bin minimum non-zero probability:       6.95623e-29
per-bin maximum probability:                0.664758
per-bin probability dynamic range (kT):     64.427
per-segment minimum non-zero probability:   5.79686e-30
per-segment maximum non-zero probability:   0.236264
per-segment probability dynamic range (kT): 65.8774
norm = 1, error in norm = 4.44089e-16 (2*epsilon)
Iteration wallclock: 0:19:01.008984, cputime: 0:45:09.056142


Mon Oct 30 17:01:04 2023
Iteration 529 (1000 requested)
Beginning iteration 529
124 segments remain in iteration 529 (124 total)
25 of 148 (16.891892%) active bins are populated
per-bin minimum non-zero probability:       1.46129e-29
per-bin maximum probability:                0.571035
per-bin probability dynamic range (kT):     65.8353
per-segment minimum non-zero probability:   3.65323e-30
per-segment maximum non-zero probability:   0.16343
per-segment probability dynamic range (kT): 65.9706
norm = 1, error in norm = 4.44089e-16 (2*epsilon)
Iteration wallclock: 0:18:34.445265, cputime: 0:43:43.101228


Mon Oct 30 17:19:39 2023
Iteration 530 (1000 requested)
Beginning iteration 530
124 segments remain in iteration 530 (124 total)
27 of 148 (18.243243%) active bins are populated
per-bin minimum non-zero probability:       1.42331e-29
per-bin maximum probability:                0.775562
per-bin probability dynamic range (kT):     66.1678
per-segment minimum non-zero probability:   9.66143e-31
per-segment maximum non-zero probability:   0.282095
per-segment probability dynamic range (kT): 67.8465
norm = 1, error in norm = 4.44089e-16 (2*epsilon)
Iteration wallclock: 0:18:44.916427, cputime: 0:43:44.007741


Mon Oct 30 17:38:24 2023
Iteration 531 (1000 requested)
Beginning iteration 531
136 segments remain in iteration 531 (136 total)
26 of 148 (17.567568%) active bins are populated
per-bin minimum non-zero probability:       1.12717e-29
per-bin maximum probability:                0.856382
per-bin probability dynamic range (kT):     66.5002
per-segment minimum non-zero probability:   2.57638e-30
per-segment maximum non-zero probability:   0.282095
per-segment probability dynamic range (kT): 66.8657
norm = 1, error in norm = 6.66134e-16 (3*epsilon)
Iteration wallclock: 0:19:46.719205, cputime: 0:47:52.523367


Mon Oct 30 17:58:11 2023
Iteration 532 (1000 requested)
Beginning iteration 532
136 segments remain in iteration 532 (136 total)
27 of 148 (18.243243%) active bins are populated
per-bin minimum non-zero probability:       3.14751e-30
per-bin maximum probability:                0.39326
per-bin probability dynamic range (kT):     66.9977
per-segment minimum non-zero probability:   7.86878e-31
per-segment maximum non-zero probability:   0.16343
per-segment probability dynamic range (kT): 67.5059
norm = 1, error in norm = 4.44089e-16 (2*epsilon)
Iteration wallclock: 0:19:51.551217, cputime: 0:48:04.692823


Mon Oct 30 18:18:02 2023
Iteration 533 (1000 requested)
Beginning iteration 533
144 segments remain in iteration 533 (144 total)
30 of 148 (20.270270%) active bins are populated
per-bin minimum non-zero probability:       7.86878e-31
per-bin maximum probability:                0.640741
per-bin probability dynamic range (kT):     68.8721
per-segment minimum non-zero probability:   1.9672e-31
per-segment maximum non-zero probability:   0.205429
per-segment probability dynamic range (kT): 69.1209
norm = 1, error in norm = 4.44089e-16 (2*epsilon)
Iteration wallclock: 0:20:55.452355, cputime: 0:50:50.302477


Mon Oct 30 18:38:58 2023
Iteration 534 (1000 requested)
Beginning iteration 534
144 segments remain in iteration 534 (144 total)
28 of 148 (18.918919%) active bins are populated
per-bin minimum non-zero probability:       1.9672e-31
per-bin maximum probability:                0.770514
per-bin probability dynamic range (kT):     70.4428
per-segment minimum non-zero probability:   4.91799e-32
per-segment maximum non-zero probability:   0.219382
per-segment probability dynamic range (kT): 70.5729
norm = 1, error in norm = 4.44089e-16 (2*epsilon)
Iteration wallclock: 0:21:10.560502, cputime: 0:50:46.365021


Mon Oct 30 19:00:08 2023
Iteration 535 (1000 requested)
Beginning iteration 535
132 segments remain in iteration 535 (132 total)
25 of 148 (16.891892%) active bins are populated
per-bin minimum non-zero probability:       4.91799e-32
per-bin maximum probability:                0.42255
per-bin probability dynamic range (kT):     71.2284
per-segment minimum non-zero probability:   1.2295e-32
per-segment maximum non-zero probability:   0.16343
per-segment probability dynamic range (kT): 71.6647
norm = 1, error in norm = 4.44089e-16 (2*epsilon)
Iteration wallclock: 0:20:05.813095, cputime: 0:46:48.019703


Mon Oct 30 19:20:14 2023
Iteration 536 (1000 requested)
Beginning iteration 536
124 segments remain in iteration 536 (124 total)
24 of 148 (16.216216%) active bins are populated
per-bin minimum non-zero probability:       1.12147e-30
per-bin maximum probability:                0.512492
per-bin probability dynamic range (kT):     68.2944
per-segment minimum non-zero probability:   3.07374e-33
per-segment maximum non-zero probability:   0.16343
per-segment probability dynamic range (kT): 73.051
norm = 1, error in norm = 4.44089e-16 (2*epsilon)
Iteration wallclock: 0:18:20.380028, cputime: 0:43:46.451245


Mon Oct 30 19:38:34 2023
Iteration 537 (1000 requested)
Beginning iteration 537
132 segments remain in iteration 537 (132 total)
26 of 148 (17.567568%) active bins are populated
per-bin minimum non-zero probability:       6.14749e-33
per-bin maximum probability:                0.555835
per-bin probability dynamic range (kT):     73.582
per-segment minimum non-zero probability:   7.68436e-34
per-segment maximum non-zero probability:   0.16343
per-segment probability dynamic range (kT): 74.4373
norm = 1, error in norm = 4.44089e-16 (2*epsilon)
Iteration wallclock: 0:20:03.595113, cputime: 0:46:36.706070


Mon Oct 30 19:58:38 2023
Iteration 538 (1000 requested)
Beginning iteration 538
140 segments remain in iteration 538 (140 total)
28 of 148 (18.918919%) active bins are populated
per-bin minimum non-zero probability:       2.38578e-31
per-bin maximum probability:                0.657236
per-bin probability dynamic range (kT):     70.0909
per-segment minimum non-zero probability:   1.92109e-34
per-segment maximum non-zero probability:   0.204924
per-segment probability dynamic range (kT): 76.0499
norm = 1, error in norm = 4.44089e-16 (2*epsilon)
Iteration wallclock: 0:21:31.195806, cputime: 0:49:29.942571


Mon Oct 30 20:20:09 2023
Iteration 539 (1000 requested)
Beginning iteration 539
136 segments remain in iteration 539 (136 total)
29 of 148 (19.594595%) active bins are populated
per-bin minimum non-zero probability:       2.62293e-31
per-bin maximum probability:                0.685783
per-bin probability dynamic range (kT):     70.0387
per-segment minimum non-zero probability:   2.98222e-32
per-segment maximum non-zero probability:   0.204924
per-segment probability dynamic range (kT): 71.0049
norm = 1, error in norm = 4.44089e-16 (2*epsilon)
Iteration wallclock: 0:20:19.744762, cputime: 0:48:05.291369


Mon Oct 30 20:40:29 2023
Iteration 540 (1000 requested)
Beginning iteration 540
124 segments remain in iteration 540 (124 total)
25 of 148 (16.891892%) active bins are populated
per-bin minimum non-zero probability:       4.18087e-31
per-bin maximum probability:                0.604037
per-bin probability dynamic range (kT):     69.4455
per-segment minimum non-zero probability:   1.71592e-32
per-segment maximum non-zero probability:   0.204924
per-segment probability dynamic range (kT): 71.5577
norm = 1, error in norm = 4.44089e-16 (2*epsilon)
Iteration wallclock: 0:18:28.457172, cputime: 0:43:44.199754


Mon Oct 30 20:58:57 2023
Iteration 541 (1000 requested)
Beginning iteration 541
112 segments remain in iteration 541 (112 total)
24 of 148 (16.216216%) active bins are populated
per-bin minimum non-zero probability:       1.71592e-32
per-bin maximum probability:                0.6627
per-bin probability dynamic range (kT):     72.7313
per-segment minimum non-zero probability:   8.5796e-33
per-segment maximum non-zero probability:   0.204924
per-segment probability dynamic range (kT): 72.2508
norm = 1, error in norm = 4.44089e-16 (2*epsilon)
Iteration wallclock: 0:16:55.564115, cputime: 0:39:28.178803


Mon Oct 30 21:15:53 2023
Iteration 542 (1000 requested)
Beginning iteration 542
128 segments remain in iteration 542 (128 total)
26 of 148 (17.567568%) active bins are populated
per-bin minimum non-zero probability:       8.5796e-33
per-bin maximum probability:                0.760886
per-bin probability dynamic range (kT):     73.5626
per-segment minimum non-zero probability:   2.1449e-33
per-segment maximum non-zero probability:   0.292548
per-segment probability dynamic range (kT): 73.9931
norm = 1, error in norm = 4.44089e-16 (2*epsilon)
Iteration wallclock: 0:18:53.401137, cputime: 0:45:01.995919


Mon Oct 30 21:34:46 2023
Iteration 543 (1000 requested)
Beginning iteration 543
144 segments remain in iteration 543 (144 total)
27 of 148 (18.243243%) active bins are populated
per-bin minimum non-zero probability:       9.92132e-32
per-bin maximum probability:                0.492778
per-bin probability dynamic range (kT):     70.6803
per-segment minimum non-zero probability:   5.36225e-34
per-segment maximum non-zero probability:   0.152873
per-segment probability dynamic range (kT): 74.7304
norm = 1, error in norm = 6.66134e-16 (3*epsilon)
Iteration wallclock: 0:21:39.773252, cputime: 0:50:58.450138


Mon Oct 30 21:56:26 2023
Iteration 544 (1000 requested)
Beginning iteration 544
160 segments remain in iteration 544 (160 total)
34 of 148 (22.972973%) active bins are populated
per-bin minimum non-zero probability:       5.36225e-34
per-bin maximum probability:                0.691831
per-bin probability dynamic range (kT):     76.2401
per-segment minimum non-zero probability:   1.34056e-34
per-segment maximum non-zero probability:   0.231682
per-segment probability dynamic range (kT): 76.5324
norm = 1, error in norm = 4.44089e-16 (2*epsilon)
Iteration wallclock: 0:25:32.146249, cputime: 0:56:27.845514


Mon Oct 30 22:21:58 2023
Iteration 545 (1000 requested)
Beginning iteration 545
164 segments remain in iteration 545 (164 total)
37 of 148 (25.000000%) active bins are populated
per-bin minimum non-zero probability:       1.34056e-34
per-bin maximum probability:                0.681173
per-bin probability dynamic range (kT):     77.6109
per-segment minimum non-zero probability:   3.35141e-35
per-segment maximum non-zero probability:   0.231682
per-segment probability dynamic range (kT): 77.9187
norm = 1, error in norm = 4.44089e-16 (2*epsilon)
Iteration wallclock: 0:24:43.777564, cputime: 0:57:46.179744


Mon Oct 30 22:46:42 2023
Iteration 546 (1000 requested)
Beginning iteration 546
164 segments remain in iteration 546 (164 total)
30 of 148 (20.270270%) active bins are populated
per-bin minimum non-zero probability:       3.35141e-35
per-bin maximum probability:                0.853717
per-bin probability dynamic range (kT):     79.2229
per-segment minimum non-zero probability:   8.37852e-36
per-segment maximum non-zero probability:   0.278074
per-segment probability dynamic range (kT): 79.4875
norm = 1, error in norm = 4.44089e-16 (2*epsilon)
Iteration wallclock: 0:37:48.395882, cputime: 0:57:59.384084


Mon Oct 30 23:24:31 2023
Iteration 547 (1000 requested)
Beginning iteration 547
164 segments remain in iteration 547 (164 total)
32 of 148 (21.621622%) active bins are populated
per-bin minimum non-zero probability:       1.6757e-35
per-bin maximum probability:                0.538958
per-bin probability dynamic range (kT):     79.4561
per-segment minimum non-zero probability:   4.18926e-36
per-segment maximum non-zero probability:   0.231682
per-segment probability dynamic range (kT): 79.9982
norm = 1, error in norm = 4.44089e-16 (2*epsilon)
Iteration wallclock: 1:04:28.991257, cputime: 0:58:05.726710


Tue Oct 31 00:29:00 2023
Iteration 548 (1000 requested)
Beginning iteration 548
144 segments remain in iteration 548 (144 total)
31 of 148 (20.945946%) active bins are populated
per-bin minimum non-zero probability:       4.18926e-36
per-bin maximum probability:                0.63165
per-bin probability dynamic range (kT):     81.0011
per-segment minimum non-zero probability:   1.04731e-36
per-segment maximum non-zero probability:   0.231682
per-segment probability dynamic range (kT): 81.3844
norm = 1, error in norm = 4.44089e-16 (2*epsilon)
Iteration wallclock: 0:37:57.323211, cputime: 0:50:48.948255


Tue Oct 31 01:06:57 2023
Iteration 549 (1000 requested)
Beginning iteration 549
184 segments remain in iteration 549 (184 total)
36 of 148 (24.324324%) active bins are populated
per-bin minimum non-zero probability:       2.09463e-36
per-bin maximum probability:                0.907306
per-bin probability dynamic range (kT):     82.0564
per-segment minimum non-zero probability:   2.61829e-37
per-segment maximum non-zero probability:   0.290259
per-segment probability dynamic range (kT): 82.9961
norm = 1, error in norm = 4.44089e-16 (2*epsilon)
Iteration wallclock: 0:27:15.484852, cputime: 1:04:58.198693


Tue Oct 31 01:34:13 2023
Iteration 550 (1000 requested)
Beginning iteration 550
168 segments remain in iteration 550 (168 total)
36 of 148 (24.324324%) active bins are populated
per-bin minimum non-zero probability:       5.23657e-37
per-bin maximum probability:                0.545114
per-bin probability dynamic range (kT):     82.9332
per-segment minimum non-zero probability:   1.30914e-37
per-segment maximum non-zero probability:   0.231682
per-segment probability dynamic range (kT): 83.4639
norm = 1, error in norm = 6.66134e-16 (3*epsilon)
Iteration wallclock: 0:25:25.326978, cputime: 0:59:18.356145


Tue Oct 31 01:59:38 2023
Iteration 551 (1000 requested)
Beginning iteration 551
160 segments remain in iteration 551 (160 total)
31 of 148 (20.945946%) active bins are populated
per-bin minimum non-zero probability:       1.30914e-37
per-bin maximum probability:                0.530836
per-bin probability dynamic range (kT):     84.293
per-segment minimum non-zero probability:   3.27286e-38
per-segment maximum non-zero probability:   0.231682
per-segment probability dynamic range (kT): 84.8502
norm = 1, error in norm = 4.44089e-16 (2*epsilon)
Iteration wallclock: 0:24:30.410207, cputime: 0:56:29.527429


Tue Oct 31 02:24:08 2023
Iteration 552 (1000 requested)
Beginning iteration 552
140 segments remain in iteration 552 (140 total)
28 of 148 (18.918919%) active bins are populated
per-bin minimum non-zero probability:       6.2383e-34
per-bin maximum probability:                0.767615
per-bin probability dynamic range (kT):     76.1927
per-segment minimum non-zero probability:   8.18215e-39
per-segment maximum non-zero probability:   0.231682
per-segment probability dynamic range (kT): 86.2365
norm = 1, error in norm = 4.44089e-16 (2*epsilon)
Iteration wallclock: 1:17:54.435247, cputime: 0:49:26.466132


Tue Oct 31 03:42:03 2023
Iteration 553 (1000 requested)
Beginning iteration 553
140 segments remain in iteration 553 (140 total)
30 of 148 (20.270270%) active bins are populated
per-bin minimum non-zero probability:       1.55949e-34
per-bin maximum probability:                0.665078
per-bin probability dynamic range (kT):     77.4357
per-segment minimum non-zero probability:   2.21633e-35
per-segment maximum non-zero probability:   0.231682
per-segment probability dynamic range (kT): 78.3322
norm = 1, error in norm = 4.44089e-16 (2*epsilon)
Iteration wallclock: 0:20:29.826489, cputime: 0:49:26.952415


Tue Oct 31 04:02:33 2023
Iteration 554 (1000 requested)
Beginning iteration 554
128 segments remain in iteration 554 (128 total)
25 of 148 (16.891892%) active bins are populated
per-bin minimum non-zero probability:       3.89873e-35
per-bin maximum probability:                0.536255
per-bin probability dynamic range (kT):     78.6067
per-segment minimum non-zero probability:   5.54081e-36
per-segment maximum non-zero probability:   0.231682
per-segment probability dynamic range (kT): 79.7185
norm = 1, error in norm = 4.44089e-16 (2*epsilon)
Iteration wallclock: 1:13:30.540016, cputime: 0:45:13.200973


Tue Oct 31 05:16:03 2023
Iteration 555 (1000 requested)
Beginning iteration 555
140 segments remain in iteration 555 (140 total)
29 of 148 (19.594595%) active bins are populated
per-bin minimum non-zero probability:       3.19101e-35
per-bin maximum probability:                0.818718
per-bin probability dynamic range (kT):     79.2301
per-segment minimum non-zero probability:   1.3852e-36
per-segment maximum non-zero probability:   0.267125
per-segment probability dynamic range (kT): 81.2472
norm = 1, error in norm = 6.66134e-16 (3*epsilon)
Iteration wallclock: 0:22:32.916393, cputime: 0:49:39.108945


Tue Oct 31 05:38:36 2023
Iteration 556 (1000 requested)
Beginning iteration 556
120 segments remain in iteration 556 (120 total)
25 of 148 (16.891892%) active bins are populated
per-bin minimum non-zero probability:       3.64054e-35
per-bin maximum probability:                0.616772
per-bin probability dynamic range (kT):     78.8151
per-segment minimum non-zero probability:   1.3852e-36
per-segment maximum non-zero probability:   0.231682
per-segment probability dynamic range (kT): 81.1048
norm = 1, error in norm = 4.44089e-16 (2*epsilon)
Iteration wallclock: 0:24:08.089718, cputime: 0:42:26.834554


Tue Oct 31 06:02:44 2023
Iteration 557 (1000 requested)
Beginning iteration 557
144 segments remain in iteration 557 (144 total)
28 of 148 (18.918919%) active bins are populated
per-bin minimum non-zero probability:       2.91835e-36
per-bin maximum probability:                0.700985
per-bin probability dynamic range (kT):     81.4668
per-segment minimum non-zero probability:   7.29588e-37
per-segment maximum non-zero probability:   0.231682
per-segment probability dynamic range (kT): 81.7459
norm = 1, error in norm = 6.66134e-16 (3*epsilon)
-- ERROR    [manager] -- propagation failed for 83 segment(s):
61  
62  
63  
64  
65  
66  
67  
68  
69  
70  
71  
72  
73  
74  
75  
76  
77  
78  
79  
80  
81  
82  
83  
84  
85  
86  
87  
88  
89  
90  
91  
92  
93  
94  
95  
96  
97  
98  
99  
100  
101  
102  
103  
104  
105  
106  
107  
108  
109  
110  
111  
112  
113  
114  
115  
116  
117  
118  
119  
120  
121  
122  
123  
124  
125  
126  
127  
128  
129  
130  
131  
132  
133  
134  
135  
136  
137  
138  
139  
140  
141  
142  
143
exception caught; shutting down
-- ERROR    [w_run] -- error message: propagation failed for 83 segments
-- ERROR    [w_run] -- Traceback (most recent call last):
  File "/ihome/lchong/dty7/Apps/westpa/src/westpa/cli/core/w_run.py", line 61, in run_simulation
    sim_manager.run()
  File "/ix/lchong/dty7/d1d2/2kod/o_angle/4d_min_oa12w184chi1m1m2_ss_v01/manager.py", line 708, in run
    self.check_propagation()
  File "/ix/lchong/dty7/d1d2/2kod/o_angle/4d_min_oa12w184chi1m1m2_ss_v01/manager.py", line 607, in check_propagation
    raise PropagationError('propagation failed for {:d} segments'.format(len(failed_segments)))
manager.PropagationError: propagation failed for 83 segments

