Updating system with the options from the configuration file
Maximum wallclock time: 3 days, 0:00:00

Fri Oct 20 12:47:20 2023
Iteration 1 (500 requested)
Beginning iteration 1
4 segments remain in iteration 1 (4 total)
1 of 123 (0.813008%) active bins are populated
per-bin minimum non-zero probability:       1
per-bin maximum probability:                1
per-bin probability dynamic range (kT):     0
per-segment minimum non-zero probability:   0.25
per-segment maximum non-zero probability:   0.25
per-segment probability dynamic range (kT): 0
norm = 1, error in norm = 0 (0*epsilon)
Iteration wallclock: 0:02:22.518420, cputime: 0:01:23.960094


Fri Oct 20 12:49:42 2023
Iteration 2 (500 requested)
Beginning iteration 2
4 segments remain in iteration 2 (4 total)
1 of 123 (0.813008%) active bins are populated
per-bin minimum non-zero probability:       1
per-bin maximum probability:                1
per-bin probability dynamic range (kT):     0
per-segment minimum non-zero probability:   0.25
per-segment maximum non-zero probability:   0.25
per-segment probability dynamic range (kT): 0
norm = 1, error in norm = 0 (0*epsilon)
Iteration wallclock: 0:00:36.722539, cputime: 0:01:24.351972


Fri Oct 20 12:50:19 2023
Iteration 3 (500 requested)
Beginning iteration 3
8 segments remain in iteration 3 (8 total)
2 of 123 (1.626016%) active bins are populated
per-bin minimum non-zero probability:       0.25
per-bin maximum probability:                0.75
per-bin probability dynamic range (kT):     1.09861
per-segment minimum non-zero probability:   0.0625
per-segment maximum non-zero probability:   0.25
per-segment probability dynamic range (kT): 1.38629
norm = 1, error in norm = 0 (0*epsilon)
Iteration wallclock: 0:01:14.488602, cputime: 0:02:49.258273


Fri Oct 20 12:51:34 2023
Iteration 4 (500 requested)
Beginning iteration 4
8 segments remain in iteration 4 (8 total)
2 of 123 (1.626016%) active bins are populated
per-bin minimum non-zero probability:       0.375
per-bin maximum probability:                0.625
per-bin probability dynamic range (kT):     0.510826
per-segment minimum non-zero probability:   0.0833333
per-segment maximum non-zero probability:   0.25
per-segment probability dynamic range (kT): 1.09861
norm = 1, error in norm = 0 (0*epsilon)
Iteration wallclock: 0:01:13.857615, cputime: 0:02:50.816218


Fri Oct 20 12:52:48 2023
Iteration 5 (500 requested)
Beginning iteration 5
8 segments remain in iteration 5 (8 total)
2 of 123 (1.626016%) active bins are populated
per-bin minimum non-zero probability:       0.125
per-bin maximum probability:                0.875
per-bin probability dynamic range (kT):     1.94591
per-segment minimum non-zero probability:   0.03125
per-segment maximum non-zero probability:   0.25
per-segment probability dynamic range (kT): 2.07944
norm = 1, error in norm = 0 (0*epsilon)
Iteration wallclock: 0:01:12.651215, cputime: 0:02:49.113166


Fri Oct 20 12:54:00 2023
Iteration 6 (500 requested)
Beginning iteration 6
4 segments remain in iteration 6 (4 total)
1 of 123 (0.813008%) active bins are populated
per-bin minimum non-zero probability:       1
per-bin maximum probability:                1
per-bin probability dynamic range (kT):     0
per-segment minimum non-zero probability:   0.208333
per-segment maximum non-zero probability:   0.291667
per-segment probability dynamic range (kT): 0.336472
norm = 1, error in norm = 0 (0*epsilon)
Iteration wallclock: 0:00:37.470904, cputime: 0:01:25.539534


Fri Oct 20 12:54:38 2023
Iteration 7 (500 requested)
Beginning iteration 7
4 segments remain in iteration 7 (4 total)
1 of 123 (0.813008%) active bins are populated
per-bin minimum non-zero probability:       1
per-bin maximum probability:                1
per-bin probability dynamic range (kT):     0
per-segment minimum non-zero probability:   0.208333
per-segment maximum non-zero probability:   0.291667
per-segment probability dynamic range (kT): 0.336472
norm = 1, error in norm = 0 (0*epsilon)
Iteration wallclock: 0:00:36.977040, cputime: 0:01:24.139706


Fri Oct 20 12:55:15 2023
Iteration 8 (500 requested)
Beginning iteration 8
8 segments remain in iteration 8 (8 total)
2 of 123 (1.626016%) active bins are populated
per-bin minimum non-zero probability:       0.25
per-bin maximum probability:                0.75
per-bin probability dynamic range (kT):     1.09861
per-segment minimum non-zero probability:   0.0625
per-segment maximum non-zero probability:   0.25
per-segment probability dynamic range (kT): 1.38629
norm = 1, error in norm = 0 (0*epsilon)
Iteration wallclock: 0:01:12.396677, cputime: 0:02:48.898809


Fri Oct 20 12:56:27 2023
Iteration 9 (500 requested)
Beginning iteration 9
8 segments remain in iteration 9 (8 total)
2 of 123 (1.626016%) active bins are populated
per-bin minimum non-zero probability:       0.0625
per-bin maximum probability:                0.9375
per-bin probability dynamic range (kT):     2.70805
per-segment minimum non-zero probability:   0.015625
per-segment maximum non-zero probability:   0.291667
per-segment probability dynamic range (kT): 2.92674
norm = 1, error in norm = 0 (0*epsilon)
Iteration wallclock: 0:01:12.673298, cputime: 0:02:49.118774


Fri Oct 20 12:57:40 2023
Iteration 10 (500 requested)
Beginning iteration 10
12 segments remain in iteration 10 (12 total)
3 of 123 (2.439024%) active bins are populated
per-bin minimum non-zero probability:       0.208333
per-bin maximum probability:                0.484375
per-bin probability dynamic range (kT):     0.84372
per-segment minimum non-zero probability:   0.0520833
per-segment maximum non-zero probability:   0.1875
per-segment probability dynamic range (kT): 1.28093
norm = 1, error in norm = -2.22045e-16 (-1*epsilon)
Iteration wallclock: 0:01:48.869737, cputime: 0:04:13.370046


Fri Oct 20 12:59:29 2023
Iteration 11 (500 requested)
Beginning iteration 11
8 segments remain in iteration 11 (8 total)
2 of 123 (1.626016%) active bins are populated
per-bin minimum non-zero probability:       0.0729167
per-bin maximum probability:                0.927083
per-bin probability dynamic range (kT):     2.54273
per-segment minimum non-zero probability:   0.0182292
per-segment maximum non-zero probability:   0.302083
per-segment probability dynamic range (kT): 2.80768
norm = 1, error in norm = -1.11022e-16 (-0.5*epsilon)
Iteration wallclock: 0:01:13.056994, cputime: 0:02:48.999339


Fri Oct 20 13:00:42 2023
Iteration 12 (500 requested)
Beginning iteration 12
4 segments remain in iteration 12 (4 total)
1 of 123 (0.813008%) active bins are populated
per-bin minimum non-zero probability:       1
per-bin maximum probability:                1
per-bin probability dynamic range (kT):     0
per-segment minimum non-zero probability:   0.208333
per-segment maximum non-zero probability:   0.302083
per-segment probability dynamic range (kT): 0.371564
norm = 1, error in norm = -1.11022e-16 (-0.5*epsilon)
Iteration wallclock: 0:00:36.961698, cputime: 0:01:24.538545


Fri Oct 20 13:01:19 2023
Iteration 13 (500 requested)
Beginning iteration 13
8 segments remain in iteration 13 (8 total)
2 of 123 (1.626016%) active bins are populated
per-bin minimum non-zero probability:       0.229167
per-bin maximum probability:                0.770833
per-bin probability dynamic range (kT):     1.21302
per-segment minimum non-zero probability:   0.0572917
per-segment maximum non-zero probability:   0.260417
per-segment probability dynamic range (kT): 1.51413
norm = 1, error in norm = -1.11022e-16 (-0.5*epsilon)
Iteration wallclock: 0:01:14.340055, cputime: 0:02:50.209644


Fri Oct 20 13:02:33 2023
Iteration 14 (500 requested)
Beginning iteration 14
8 segments remain in iteration 14 (8 total)
2 of 123 (1.626016%) active bins are populated
per-bin minimum non-zero probability:       0.0572917
per-bin maximum probability:                0.942708
per-bin probability dynamic range (kT):     2.8006
per-segment minimum non-zero probability:   0.0143229
per-segment maximum non-zero probability:   0.302083
per-segment probability dynamic range (kT): 3.04884
norm = 1, error in norm = -1.11022e-16 (-0.5*epsilon)
Iteration wallclock: 0:01:13.617647, cputime: 0:02:48.088250


Fri Oct 20 13:03:47 2023
Iteration 15 (500 requested)
Beginning iteration 15
4 segments remain in iteration 15 (4 total)
1 of 123 (0.813008%) active bins are populated
per-bin minimum non-zero probability:       1
per-bin maximum probability:                1
per-bin probability dynamic range (kT):     0
per-segment minimum non-zero probability:   0.208333
per-segment maximum non-zero probability:   0.302083
per-segment probability dynamic range (kT): 0.371564
norm = 1, error in norm = -1.11022e-16 (-0.5*epsilon)
Iteration wallclock: 0:00:36.894629, cputime: 0:01:26.086371


Fri Oct 20 13:04:23 2023
Iteration 16 (500 requested)
Beginning iteration 16
4 segments remain in iteration 16 (4 total)
1 of 123 (0.813008%) active bins are populated
per-bin minimum non-zero probability:       1
per-bin maximum probability:                1
per-bin probability dynamic range (kT):     0
per-segment minimum non-zero probability:   0.208333
per-segment maximum non-zero probability:   0.302083
per-segment probability dynamic range (kT): 0.371564
norm = 1, error in norm = 0 (0*epsilon)
Iteration wallclock: 0:00:36.593309, cputime: 0:01:23.690530


Fri Oct 20 13:05:00 2023
Iteration 17 (500 requested)
Beginning iteration 17
8 segments remain in iteration 17 (8 total)
2 of 123 (1.626016%) active bins are populated
per-bin minimum non-zero probability:       0.229167
per-bin maximum probability:                0.770833
per-bin probability dynamic range (kT):     1.21302
per-segment minimum non-zero probability:   0.0572917
per-segment maximum non-zero probability:   0.260417
per-segment probability dynamic range (kT): 1.51413
norm = 1, error in norm = -1.11022e-16 (-0.5*epsilon)
Iteration wallclock: 0:01:12.579781, cputime: 0:02:50.012610


Fri Oct 20 13:06:13 2023
Iteration 18 (500 requested)
Beginning iteration 18
8 segments remain in iteration 18 (8 total)
2 of 123 (1.626016%) active bins are populated
per-bin minimum non-zero probability:       0.114583
per-bin maximum probability:                0.885417
per-bin probability dynamic range (kT):     2.04476
per-segment minimum non-zero probability:   0.0286458
per-segment maximum non-zero probability:   0.265625
per-segment probability dynamic range (kT): 2.22708
norm = 1, error in norm = -2.22045e-16 (-1*epsilon)
Iteration wallclock: 0:01:13.756184, cputime: 0:02:49.695583


Fri Oct 20 13:07:26 2023
Iteration 19 (500 requested)
Beginning iteration 19
8 segments remain in iteration 19 (8 total)
2 of 123 (1.626016%) active bins are populated
per-bin minimum non-zero probability:       0.208333
per-bin maximum probability:                0.791667
per-bin probability dynamic range (kT):     1.335
per-segment minimum non-zero probability:   0.0520833
per-segment maximum non-zero probability:   0.265625
per-segment probability dynamic range (kT): 1.62924
norm = 1, error in norm = -2.22045e-16 (-1*epsilon)
Iteration wallclock: 0:01:14.090348, cputime: 0:02:48.568190


Fri Oct 20 13:08:41 2023
Iteration 20 (500 requested)
Beginning iteration 20
4 segments remain in iteration 20 (4 total)
1 of 123 (0.813008%) active bins are populated
per-bin minimum non-zero probability:       1
per-bin maximum probability:                1
per-bin probability dynamic range (kT):     0
per-segment minimum non-zero probability:   0.208333
per-segment maximum non-zero probability:   0.265625
per-segment probability dynamic range (kT): 0.242946
norm = 1, error in norm = 0 (0*epsilon)
Iteration wallclock: 0:00:50.408648, cputime: 0:01:23.731886


Fri Oct 20 13:09:31 2023
Iteration 21 (500 requested)
Beginning iteration 21
12 segments remain in iteration 21 (12 total)
3 of 123 (2.439024%) active bins are populated
per-bin minimum non-zero probability:       0.260417
per-bin maximum probability:                0.473958
per-bin probability dynamic range (kT):     0.598837
per-segment minimum non-zero probability:   0.0651042
per-segment maximum non-zero probability:   0.208333
per-segment probability dynamic range (kT): 1.16315
norm = 1, error in norm = 0 (0*epsilon)
Iteration wallclock: 0:01:55.652201, cputime: 0:04:13.077895


Fri Oct 20 13:11:27 2023
Iteration 22 (500 requested)
Beginning iteration 22
12 segments remain in iteration 22 (12 total)
3 of 123 (2.439024%) active bins are populated
per-bin minimum non-zero probability:       0.0651042
per-bin maximum probability:                0.726562
per-bin probability dynamic range (kT):     2.41234
per-segment minimum non-zero probability:   0.016276
per-segment maximum non-zero probability:   0.261719
per-segment probability dynamic range (kT): 2.77758
norm = 1, error in norm = 0 (0*epsilon)
Iteration wallclock: 0:02:11.206286, cputime: 0:04:14.106150


Fri Oct 20 13:13:38 2023
Iteration 23 (500 requested)
Beginning iteration 23
16 segments remain in iteration 23 (16 total)
4 of 123 (3.252033%) active bins are populated
per-bin minimum non-zero probability:       0.016276
per-bin maximum probability:                0.534505
per-bin probability dynamic range (kT):     3.49165
per-segment minimum non-zero probability:   0.00406901
per-segment maximum non-zero probability:   0.177083
per-segment probability dynamic range (kT): 3.77322
norm = 1, error in norm = 0 (0*epsilon)
Iteration wallclock: 0:02:42.288014, cputime: 0:05:37.912630


Fri Oct 20 13:16:20 2023
Iteration 24 (500 requested)
Beginning iteration 24
8 segments remain in iteration 24 (8 total)
2 of 123 (1.626016%) active bins are populated
per-bin minimum non-zero probability:       0.104167
per-bin maximum probability:                0.895833
per-bin probability dynamic range (kT):     2.15176
per-segment minimum non-zero probability:   0.0260417
per-segment maximum non-zero probability:   0.28776
per-segment probability dynamic range (kT): 2.40243
norm = 1, error in norm = -1.11022e-16 (-0.5*epsilon)
Iteration wallclock: 0:01:13.299200, cputime: 0:02:48.845071


Fri Oct 20 13:17:33 2023
Iteration 25 (500 requested)
Beginning iteration 25
8 segments remain in iteration 25 (8 total)
2 of 123 (1.626016%) active bins are populated
per-bin minimum non-zero probability:       0.0260417
per-bin maximum probability:                0.973958
per-bin probability dynamic range (kT):     3.62167
per-segment minimum non-zero probability:   0.00651042
per-segment maximum non-zero probability:   0.28776
per-segment probability dynamic range (kT): 3.78872
norm = 1, error in norm = 0 (0*epsilon)
Iteration wallclock: 0:01:13.831860, cputime: 0:02:51.479520


Fri Oct 20 13:18:47 2023
Iteration 26 (500 requested)
Beginning iteration 26
12 segments remain in iteration 26 (12 total)
3 of 123 (2.439024%) active bins are populated
per-bin minimum non-zero probability:       0.00651042
per-bin maximum probability:                0.986979
per-bin probability dynamic range (kT):     5.02125
per-segment minimum non-zero probability:   0.0016276
per-segment maximum non-zero probability:   0.28776
per-segment probability dynamic range (kT): 5.17502
norm = 1, error in norm = 0 (0*epsilon)
Iteration wallclock: 0:01:51.481086, cputime: 0:04:15.104855


Fri Oct 20 13:20:39 2023
Iteration 27 (500 requested)
Beginning iteration 27
12 segments remain in iteration 27 (12 total)
3 of 123 (2.439024%) active bins are populated
per-bin minimum non-zero probability:       0.0016276
per-bin maximum probability:                0.549479
per-bin probability dynamic range (kT):     5.82186
per-segment minimum non-zero probability:   0.000406901
per-segment maximum non-zero probability:   0.255208
per-segment probability dynamic range (kT): 6.44127
norm = 1, error in norm = 0 (0*epsilon)
Iteration wallclock: 0:01:54.610828, cputime: 0:04:14.390047


Fri Oct 20 13:22:33 2023
Iteration 28 (500 requested)
Beginning iteration 28
8 segments remain in iteration 28 (8 total)
2 of 123 (1.626016%) active bins are populated
per-bin minimum non-zero probability:       0.316786
per-bin maximum probability:                0.683214
per-bin probability dynamic range (kT):     0.768582
per-segment minimum non-zero probability:   0.0733507
per-segment maximum non-zero probability:   0.255208
per-segment probability dynamic range (kT): 1.24683
norm = 1, error in norm = 0 (0*epsilon)
exception caught; shutting down
-- ERROR    [w_run] -- error message: work manager shut down during task
