Updating system with the options from the configuration file
Maximum wallclock time: 3 days, 0:00:00

Sun Jun  9 20:58:26 2024
Iteration 501 (600 requested)
Beginning iteration 501
120 segments remain in iteration 501 (120 total)
30 of 33 (90.909091%) active bins are populated
per-bin minimum non-zero probability:       3.93868e-13
per-bin maximum probability:                0.268537
per-bin probability dynamic range (kT):     27.248
per-segment minimum non-zero probability:   8.42263e-14
per-segment maximum non-zero probability:   0.0858548
per-segment probability dynamic range (kT): 27.6502
norm = 1, error in norm = -1.11022e-16 (-0.5*epsilon)
MAB binning in use
Bottleneck bin occupancy may not be accurately reported
Waiting for segments to complete...
################ MAB stats ################
minima in each dimension:      [11.7377]
maxima in each dimension:      [37.9619]
direction in each dimension:   [86]
skip in each dimension:        [0]
###########################################
Iteration completed successfully
Iteration wallclock: 0:07:43.769795, cputime: 0:33:24.343105


Sun Jun  9 21:06:09 2024
Iteration 502 (600 requested)
Beginning iteration 502
124 segments remain in iteration 502 (124 total)
31 of 33 (93.939394%) active bins are populated
per-bin minimum non-zero probability:       2.40832e-13
per-bin maximum probability:                0.250361
per-bin probability dynamic range (kT):     27.6698
per-segment minimum non-zero probability:   4.58728e-14
per-segment maximum non-zero probability:   0.0858548
per-segment probability dynamic range (kT): 28.2578
norm = 1, error in norm = 0 (0*epsilon)
MAB binning in use
Bottleneck bin occupancy may not be accurately reported
Waiting for segments to complete...
################ MAB stats ################
minima in each dimension:      [12.6934]
maxima in each dimension:      [37.6846]
direction in each dimension:   [86]
skip in each dimension:        [0]
###########################################
Iteration completed successfully
Iteration wallclock: 0:06:23.921599, cputime: 0:34:29.037413


Sun Jun  9 21:12:33 2024
Iteration 503 (600 requested)
Beginning iteration 503
124 segments remain in iteration 503 (124 total)
30 of 33 (90.909091%) active bins are populated
per-bin minimum non-zero probability:       1.45714e-12
per-bin maximum probability:                0.389806
per-bin probability dynamic range (kT):     26.3124
per-segment minimum non-zero probability:   2.68851e-13
per-segment maximum non-zero probability:   0.138672
per-segment probability dynamic range (kT): 26.969
norm = 1, error in norm = -2.22045e-16 (-1*epsilon)
MAB binning in use
Bottleneck bin occupancy may not be accurately reported
Waiting for segments to complete...
################ MAB stats ################
minima in each dimension:      [12.4215]
maxima in each dimension:      [37.6797]
direction in each dimension:   [86]
skip in each dimension:        [0]
###########################################
Iteration completed successfully
Iteration wallclock: 0:06:22.932122, cputime: 0:34:40.453721


Sun Jun  9 21:18:56 2024
Iteration 504 (600 requested)
Beginning iteration 504
128 segments remain in iteration 504 (128 total)
32 of 33 (96.969697%) active bins are populated
per-bin minimum non-zero probability:       4.25894e-13
per-bin maximum probability:                0.311995
per-bin probability dynamic range (kT):     27.3198
per-segment minimum non-zero probability:   1.06474e-13
per-segment maximum non-zero probability:   0.102202
per-segment probability dynamic range (kT): 27.5901
norm = 1, error in norm = -2.22045e-16 (-1*epsilon)
MAB binning in use
Bottleneck bin occupancy may not be accurately reported
Waiting for segments to complete...
################ MAB stats ################
minima in each dimension:      [11.6875]
maxima in each dimension:      [38.4537]
direction in each dimension:   [86]
skip in each dimension:        [0]
###########################################
Iteration completed successfully
Iteration wallclock: 0:06:27.242157, cputime: 0:35:46.246815


Sun Jun  9 21:25:23 2024
Iteration 505 (600 requested)
Beginning iteration 505
120 segments remain in iteration 505 (120 total)
30 of 33 (90.909091%) active bins are populated
per-bin minimum non-zero probability:       8.17649e-13
per-bin maximum probability:                0.327758
per-bin probability dynamic range (kT):     26.7169
per-segment minimum non-zero probability:   9.4803e-14
per-segment maximum non-zero probability:   0.102202
per-segment probability dynamic range (kT): 27.7062
norm = 1, error in norm = -2.22045e-16 (-1*epsilon)
MAB binning in use
Bottleneck bin occupancy may not be accurately reported
Waiting for segments to complete...
################ MAB stats ################
minima in each dimension:      [11.2823]
maxima in each dimension:      [39.6043]
direction in each dimension:   [86]
skip in each dimension:        [0]
###########################################
Iteration completed successfully
Iteration wallclock: 0:06:01.934804, cputime: 0:33:23.178285


Sun Jun  9 21:31:25 2024
Iteration 506 (600 requested)
Beginning iteration 506
128 segments remain in iteration 506 (128 total)
31 of 33 (93.939394%) active bins are populated
per-bin minimum non-zero probability:       1.89606e-13
per-bin maximum probability:                0.256129
per-bin probability dynamic range (kT):     27.9318
per-segment minimum non-zero probability:   4.74015e-14
per-segment maximum non-zero probability:   0.102202
per-segment probability dynamic range (kT): 28.3993
norm = 1, error in norm = -2.22045e-16 (-1*epsilon)
MAB binning in use
Bottleneck bin occupancy may not be accurately reported
Waiting for segments to complete...
################ MAB stats ################
minima in each dimension:      [11.3563]
maxima in each dimension:      [38.2296]
direction in each dimension:   [86]
skip in each dimension:        [0]
###########################################
Iteration completed successfully
Iteration wallclock: 0:06:27.089188, cputime: 0:35:34.944736


Sun Jun  9 21:37:52 2024
Iteration 507 (600 requested)
Beginning iteration 507
132 segments remain in iteration 507 (132 total)
31 of 33 (93.939394%) active bins are populated
per-bin minimum non-zero probability:       4.74015e-14
per-bin maximum probability:                0.24397
per-bin probability dynamic range (kT):     29.2694
per-segment minimum non-zero probability:   1.18504e-14
per-segment maximum non-zero probability:   0.0931908
per-segment probability dynamic range (kT): 29.6933
norm = 1, error in norm = -2.22045e-16 (-1*epsilon)
MAB binning in use
Bottleneck bin occupancy may not be accurately reported
Waiting for segments to complete...
################ MAB stats ################
minima in each dimension:      [11.9755]
maxima in each dimension:      [37.6419]
direction in each dimension:   [86]
skip in each dimension:        [0]
###########################################
Iteration completed successfully
Iteration wallclock: 0:06:48.136631, cputime: 0:36:52.404864


Sun Jun  9 21:44:41 2024
Iteration 508 (600 requested)
Beginning iteration 508
128 segments remain in iteration 508 (128 total)
32 of 33 (96.969697%) active bins are populated
per-bin minimum non-zero probability:       1.29896e-13
per-bin maximum probability:                0.292126
per-bin probability dynamic range (kT):     28.4415
per-segment minimum non-zero probability:   5.70607e-14
per-segment maximum non-zero probability:   0.0985103
per-segment probability dynamic range (kT): 28.1771
norm = 1, error in norm = -2.22045e-16 (-1*epsilon)
MAB binning in use
Bottleneck bin occupancy may not be accurately reported
Waiting for segments to complete...
################ MAB stats ################
minima in each dimension:      [10.9782]
maxima in each dimension:      [38.0518]
direction in each dimension:   [86]
skip in each dimension:        [0]
###########################################
Iteration completed successfully
Iteration wallclock: 0:06:27.454653, cputime: 0:35:35.108240


Sun Jun  9 21:51:08 2024
Iteration 509 (600 requested)
Beginning iteration 509
128 segments remain in iteration 509 (128 total)
32 of 33 (96.969697%) active bins are populated
per-bin minimum non-zero probability:       1.53158e-13
per-bin maximum probability:                0.192388
per-bin probability dynamic range (kT):     27.8591
per-segment minimum non-zero probability:   3.20326e-14
per-segment maximum non-zero probability:   0.0656735
per-segment probability dynamic range (kT): 28.349
norm = 1, error in norm = -2.22045e-16 (-1*epsilon)
MAB binning in use
Bottleneck bin occupancy may not be accurately reported
Waiting for segments to complete...
################ MAB stats ################
minima in each dimension:      [12.2962]
maxima in each dimension:      [38.2986]
direction in each dimension:   [86]
skip in each dimension:        [0]
###########################################
Iteration completed successfully
Iteration wallclock: 0:06:26.018824, cputime: 0:35:35.989902


Sun Jun  9 21:57:34 2024
Iteration 510 (600 requested)
Beginning iteration 510
116 segments remain in iteration 510 (116 total)
29 of 33 (87.878788%) active bins are populated
per-bin minimum non-zero probability:       3.79132e-13
per-bin maximum probability:                0.403618
per-bin probability dynamic range (kT):     27.6936
per-segment minimum non-zero probability:   8.05178e-14
per-segment maximum non-zero probability:   0.140643
per-segment probability dynamic range (kT): 28.1888
norm = 1, error in norm = 0 (0*epsilon)
MAB binning in use
Bottleneck bin occupancy may not be accurately reported
Waiting for segments to complete...
################ MAB stats ################
minima in each dimension:      [12.8986]
maxima in each dimension:      [37.6619]
direction in each dimension:   [86]
skip in each dimension:        [0]
###########################################
Iteration completed successfully
Iteration wallclock: 0:05:58.413931, cputime: 0:32:16.131038


Sun Jun  9 22:03:33 2024
Iteration 511 (600 requested)
Beginning iteration 511
128 segments remain in iteration 511 (128 total)
31 of 33 (93.939394%) active bins are populated
per-bin minimum non-zero probability:       8.05178e-14
per-bin maximum probability:                0.215606
per-bin probability dynamic range (kT):     28.616
per-segment minimum non-zero probability:   2.01295e-14
per-segment maximum non-zero probability:   0.0805742
per-segment probability dynamic range (kT): 29.018
norm = 1, error in norm = -2.22045e-16 (-1*epsilon)
MAB binning in use
Bottleneck bin occupancy may not be accurately reported
Waiting for segments to complete...
################ MAB stats ################
minima in each dimension:      [11.5494]
maxima in each dimension:      [39.1492]
direction in each dimension:   [86]
skip in each dimension:        [0]
###########################################
Iteration completed successfully
Iteration wallclock: 0:06:24.005248, cputime: 0:35:29.453181


Sun Jun  9 22:09:57 2024
Iteration 512 (600 requested)
Beginning iteration 512
120 segments remain in iteration 512 (120 total)
30 of 33 (90.909091%) active bins are populated
per-bin minimum non-zero probability:       1.24845e-13
per-bin maximum probability:                0.210383
per-bin probability dynamic range (kT):     28.1529
per-segment minimum non-zero probability:   2.81955e-14
per-segment maximum non-zero probability:   0.0805742
per-segment probability dynamic range (kT): 28.681
norm = 1, error in norm = 0 (0*epsilon)
MAB binning in use
Bottleneck bin occupancy may not be accurately reported
Waiting for segments to complete...
################ MAB stats ################
minima in each dimension:      [10.4508]
maxima in each dimension:      [38.8525]
direction in each dimension:   [86]
skip in each dimension:        [0]
###########################################
Iteration completed successfully
Iteration wallclock: 0:06:00.688858, cputime: 0:33:16.687215


Sun Jun  9 22:15:57 2024
Iteration 513 (600 requested)
Beginning iteration 513
124 segments remain in iteration 513 (124 total)
31 of 33 (93.939394%) active bins are populated
per-bin minimum non-zero probability:       1.53066e-13
per-bin maximum probability:                0.277657
per-bin probability dynamic range (kT):     28.2265
per-segment minimum non-zero probability:   3.82664e-14
per-segment maximum non-zero probability:   0.081816
per-segment probability dynamic range (kT): 28.3909
norm = 1, error in norm = 0 (0*epsilon)
MAB binning in use
Bottleneck bin occupancy may not be accurately reported
Waiting for segments to complete...
################ MAB stats ################
minima in each dimension:      [11.532]
maxima in each dimension:      [38.7883]
direction in each dimension:   [86]
skip in each dimension:        [0]
###########################################
Iteration completed successfully
Iteration wallclock: 0:06:22.446735, cputime: 0:34:27.141648


Sun Jun  9 22:22:20 2024
Iteration 514 (600 requested)
Beginning iteration 514
116 segments remain in iteration 514 (116 total)
28 of 33 (84.848485%) active bins are populated
per-bin minimum non-zero probability:       7.65328e-14
per-bin maximum probability:                0.277233
per-bin probability dynamic range (kT):     28.9182
per-segment minimum non-zero probability:   1.91332e-14
per-segment maximum non-zero probability:   0.0805742
per-segment probability dynamic range (kT): 29.0688
norm = 1, error in norm = -1.11022e-16 (-0.5*epsilon)
MAB binning in use
Bottleneck bin occupancy may not be accurately reported
Waiting for segments to complete...
################ MAB stats ################
minima in each dimension:      [10.6209]
maxima in each dimension:      [39.9993]
direction in each dimension:   [86]
skip in each dimension:        [0]
###########################################
Iteration completed successfully
Iteration wallclock: 0:05:59.870258, cputime: 0:32:07.481630


Sun Jun  9 22:28:20 2024
Iteration 515 (600 requested)
Beginning iteration 515
112 segments remain in iteration 515 (112 total)
28 of 33 (84.848485%) active bins are populated
per-bin minimum non-zero probability:       9.01655e-13
per-bin maximum probability:                0.20367
per-bin probability dynamic range (kT):     26.1433
per-segment minimum non-zero probability:   1.50915e-13
per-segment maximum non-zero probability:   0.0805742
per-segment probability dynamic range (kT): 27.0035
norm = 1, error in norm = -2.22045e-16 (-1*epsilon)
MAB binning in use
Bottleneck bin occupancy may not be accurately reported
Waiting for segments to complete...
################ MAB stats ################
minima in each dimension:      [11.9471]
maxima in each dimension:      [39.6265]
direction in each dimension:   [86]
skip in each dimension:        [0]
###########################################
Iteration completed successfully
Iteration wallclock: 0:05:36.343050, cputime: 0:31:02.195427


Sun Jun  9 22:33:56 2024
Iteration 516 (600 requested)
Beginning iteration 516
116 segments remain in iteration 516 (116 total)
29 of 33 (87.878788%) active bins are populated
per-bin minimum non-zero probability:       3.76329e-13
per-bin maximum probability:                0.251322
per-bin probability dynamic range (kT):     27.2273
per-segment minimum non-zero probability:   7.51379e-14
per-segment maximum non-zero probability:   0.0805742
per-segment probability dynamic range (kT): 27.7009
norm = 1, error in norm = -2.22045e-16 (-1*epsilon)
MAB binning in use
Bottleneck bin occupancy may not be accurately reported
Waiting for segments to complete...
################ MAB stats ################
minima in each dimension:      [10.1148]
maxima in each dimension:      [38.5092]
direction in each dimension:   [86]
skip in each dimension:        [0]
###########################################
Iteration completed successfully
Iteration wallclock: 0:05:57.420724, cputime: 0:32:17.371837


Sun Jun  9 22:39:53 2024
Iteration 517 (600 requested)
Beginning iteration 517
112 segments remain in iteration 517 (112 total)
26 of 33 (78.787879%) active bins are populated
per-bin minimum non-zero probability:       7.51379e-14
per-bin maximum probability:                0.290811
per-bin probability dynamic range (kT):     28.9844
per-segment minimum non-zero probability:   1.87845e-14
per-segment maximum non-zero probability:   0.101356
per-segment probability dynamic range (kT): 29.3166
norm = 1, error in norm = -1.11022e-16 (-0.5*epsilon)
MAB binning in use
Bottleneck bin occupancy may not be accurately reported
Waiting for segments to complete...
################ MAB stats ################
minima in each dimension:      [10.5149]
maxima in each dimension:      [37.9075]
direction in each dimension:   [86]
skip in each dimension:        [0]
###########################################
Iteration completed successfully
Iteration wallclock: 0:05:36.646763, cputime: 0:31:07.577706


Sun Jun  9 22:45:30 2024
Iteration 518 (600 requested)
Beginning iteration 518
124 segments remain in iteration 518 (124 total)
31 of 33 (93.939394%) active bins are populated
per-bin minimum non-zero probability:       3.00552e-13
per-bin maximum probability:                0.252666
per-bin probability dynamic range (kT):     27.4575
per-segment minimum non-zero probability:   7.51379e-14
per-segment maximum non-zero probability:   0.0805742
per-segment probability dynamic range (kT): 27.7009
norm = 1, error in norm = -1.11022e-16 (-0.5*epsilon)
MAB binning in use
Bottleneck bin occupancy may not be accurately reported
Waiting for segments to complete...
################ MAB stats ################
minima in each dimension:      [11.3216]
maxima in each dimension:      [39.5348]
direction in each dimension:   [86]
skip in each dimension:        [0]
###########################################
Iteration completed successfully
Iteration wallclock: 0:06:22.575668, cputime: 0:34:28.641775


Sun Jun  9 22:51:53 2024
Iteration 519 (600 requested)
Beginning iteration 519
124 segments remain in iteration 519 (124 total)
31 of 33 (93.939394%) active bins are populated
per-bin minimum non-zero probability:       4.45542e-13
per-bin maximum probability:                0.169673
per-bin probability dynamic range (kT):     26.6656
per-segment minimum non-zero probability:   3.24839e-14
per-segment maximum non-zero probability:   0.0558021
per-segment probability dynamic range (kT): 28.1721
norm = 1, error in norm = 0 (0*epsilon)
MAB binning in use
Bottleneck bin occupancy may not be accurately reported
Waiting for segments to complete...
################ MAB stats ################
minima in each dimension:      [12.2477]
maxima in each dimension:      [39.553]
direction in each dimension:   [86]
skip in each dimension:        [0]
###########################################
Iteration completed successfully
Iteration wallclock: 0:06:22.656978, cputime: 0:34:30.707685


Sun Jun  9 22:58:15 2024
Iteration 520 (600 requested)
Beginning iteration 520
128 segments remain in iteration 520 (128 total)
32 of 33 (96.969697%) active bins are populated
per-bin minimum non-zero probability:       6.49679e-14
per-bin maximum probability:                0.241741
per-bin probability dynamic range (kT):     28.945
per-segment minimum non-zero probability:   1.6242e-14
per-segment maximum non-zero probability:   0.077668
per-segment probability dynamic range (kT): 29.1959
norm = 1, error in norm = -1.11022e-16 (-0.5*epsilon)
MAB binning in use
Bottleneck bin occupancy may not be accurately reported
Waiting for segments to complete...
################ MAB stats ################
minima in each dimension:      [10.0534]
maxima in each dimension:      [39.6399]
direction in each dimension:   [86]
skip in each dimension:        [0]
###########################################
Iteration completed successfully
Iteration wallclock: 0:06:26.720090, cputime: 0:35:21.509858


Sun Jun  9 23:04:42 2024
Iteration 521 (600 requested)
Beginning iteration 521
132 segments remain in iteration 521 (132 total)
32 of 33 (96.969697%) active bins are populated
per-bin minimum non-zero probability:       4.91207e-13
per-bin maximum probability:                0.278237
per-bin probability dynamic range (kT):     27.0626
per-segment minimum non-zero probability:   1.22802e-13
per-segment maximum non-zero probability:   0.0875532
per-segment probability dynamic range (kT): 27.2927
norm = 1, error in norm = 0 (0*epsilon)
MAB binning in use
Bottleneck bin occupancy may not be accurately reported
Waiting for segments to complete...
################ MAB stats ################
minima in each dimension:      [8.739]
maxima in each dimension:      [38.4054]
direction in each dimension:   [86]
skip in each dimension:        [0]
###########################################
Iteration completed successfully
Iteration wallclock: 0:06:47.366863, cputime: 0:36:39.600846


Sun Jun  9 23:11:29 2024
Iteration 522 (600 requested)
Beginning iteration 522
124 segments remain in iteration 522 (124 total)
30 of 33 (90.909091%) active bins are populated
per-bin minimum non-zero probability:       4.3087e-13
per-bin maximum probability:                0.316195
per-bin probability dynamic range (kT):     27.3216
per-segment minimum non-zero probability:   1.02689e-13
per-segment maximum non-zero probability:   0.104205
per-segment probability dynamic range (kT): 27.6457
norm = 1, error in norm = 0 (0*epsilon)
MAB binning in use
Bottleneck bin occupancy may not be accurately reported
Waiting for segments to complete...
################ MAB stats ################
minima in each dimension:      [10.1423]
maxima in each dimension:      [36.9882]
direction in each dimension:   [86]
skip in each dimension:        [0]
###########################################
Iteration completed successfully
Iteration wallclock: 0:06:22.173559, cputime: 0:34:26.221101


Sun Jun  9 23:17:51 2024
Iteration 523 (600 requested)
Beginning iteration 523
120 segments remain in iteration 523 (120 total)
31 of 33 (93.939394%) active bins are populated
per-bin minimum non-zero probability:       1.02689e-13
per-bin maximum probability:                0.337646
per-bin probability dynamic range (kT):     28.8213
per-segment minimum non-zero probability:   2.56723e-14
per-segment maximum non-zero probability:   0.104205
per-segment probability dynamic range (kT): 29.032
norm = 1, error in norm = -1.11022e-16 (-0.5*epsilon)
MAB binning in use
Bottleneck bin occupancy may not be accurately reported
Waiting for segments to complete...
################ MAB stats ################
minima in each dimension:      [9.9571]
maxima in each dimension:      [38.6336]
direction in each dimension:   [86]
skip in each dimension:        [0]
###########################################
Iteration completed successfully
Iteration wallclock: 0:06:01.329779, cputime: 0:33:23.364182


Sun Jun  9 23:23:53 2024
Iteration 524 (600 requested)
Beginning iteration 524
120 segments remain in iteration 524 (120 total)
31 of 33 (93.939394%) active bins are populated
per-bin minimum non-zero probability:       3.00748e-13
per-bin maximum probability:                0.252336
per-bin probability dynamic range (kT):     27.4555
per-segment minimum non-zero probability:   5.13447e-14
per-segment maximum non-zero probability:   0.103338
per-segment probability dynamic range (kT): 28.3305
norm = 1, error in norm = -2.22045e-16 (-1*epsilon)
MAB binning in use
Bottleneck bin occupancy may not be accurately reported
Waiting for segments to complete...
################ MAB stats ################
minima in each dimension:      [7.6263]
maxima in each dimension:      [39.8386]
direction in each dimension:   [86]
skip in each dimension:        [0]
###########################################
Iteration completed successfully
Iteration wallclock: 0:06:00.850176, cputime: 0:33:21.461913


Sun Jun  9 23:29:54 2024
Iteration 525 (600 requested)
Beginning iteration 525
112 segments remain in iteration 525 (112 total)
28 of 33 (84.848485%) active bins are populated
per-bin minimum non-zero probability:       2.90386e-13
per-bin maximum probability:                0.235267
per-bin probability dynamic range (kT):     27.4205
per-segment minimum non-zero probability:   7.25966e-14
per-segment maximum non-zero probability:   0.0875532
per-segment probability dynamic range (kT): 27.8183
norm = 1, error in norm = 0 (0*epsilon)
MAB binning in use
Bottleneck bin occupancy may not be accurately reported
Waiting for segments to complete...
################ MAB stats ################
minima in each dimension:      [9.5981]
maxima in each dimension:      [38.8883]
direction in each dimension:   [86]
skip in each dimension:        [0]
###########################################
Iteration completed successfully
Iteration wallclock: 0:05:37.021400, cputime: 0:31:12.756897


Sun Jun  9 23:35:31 2024
Iteration 526 (600 requested)
Beginning iteration 526
116 segments remain in iteration 526 (116 total)
30 of 33 (90.909091%) active bins are populated
per-bin minimum non-zero probability:       7.25966e-14
per-bin maximum probability:                0.243551
per-bin probability dynamic range (kT):     28.8414
per-segment minimum non-zero probability:   1.81491e-14
per-segment maximum non-zero probability:   0.077668
per-segment probability dynamic range (kT): 29.0848
norm = 1, error in norm = -3.33067e-16 (-1.5*epsilon)
MAB binning in use
Bottleneck bin occupancy may not be accurately reported
Waiting for segments to complete...
################ MAB stats ################
minima in each dimension:      [9.104]
maxima in each dimension:      [39.2952]
direction in each dimension:   [86]
skip in each dimension:        [0]
###########################################
Iteration completed successfully
Iteration wallclock: 0:05:57.271240, cputime: 0:32:12.851085


Sun Jun  9 23:41:28 2024
Iteration 527 (600 requested)
Beginning iteration 527
124 segments remain in iteration 527 (124 total)
30 of 33 (90.909091%) active bins are populated
per-bin minimum non-zero probability:       5.43884e-13
per-bin maximum probability:                0.246072
per-bin probability dynamic range (kT):     26.8379
per-segment minimum non-zero probability:   1.31434e-13
per-segment maximum non-zero probability:   0.077668
per-segment probability dynamic range (kT): 27.105
norm = 1, error in norm = -2.22045e-16 (-1*epsilon)
MAB binning in use
Bottleneck bin occupancy may not be accurately reported
Waiting for segments to complete...
################ MAB stats ################
minima in each dimension:      [9.9122]
maxima in each dimension:      [39.3613]
direction in each dimension:   [86]
skip in each dimension:        [0]
###########################################
Iteration completed successfully
Iteration wallclock: 0:06:20.660190, cputime: 0:34:34.995970


Sun Jun  9 23:47:49 2024
Iteration 528 (600 requested)
Beginning iteration 528
128 segments remain in iteration 528 (128 total)
30 of 33 (90.909091%) active bins are populated
per-bin minimum non-zero probability:       2.81017e-13
per-bin maximum probability:                0.282994
per-bin probability dynamic range (kT):     27.638
per-segment minimum non-zero probability:   4.82009e-14
per-segment maximum non-zero probability:   0.0931547
per-segment probability dynamic range (kT): 28.2899
norm = 1, error in norm = -2.22045e-16 (-1*epsilon)
MAB binning in use
Bottleneck bin occupancy may not be accurately reported
Waiting for segments to complete...
################ MAB stats ################
minima in each dimension:      [10.0086]
maxima in each dimension:      [39.0678]
direction in each dimension:   [86]
skip in each dimension:        [0]
###########################################
Iteration completed successfully
Iteration wallclock: 0:06:23.342029, cputime: 0:35:33.734918


Sun Jun  9 23:54:12 2024
Iteration 529 (600 requested)
Beginning iteration 529
128 segments remain in iteration 529 (128 total)
32 of 33 (96.969697%) active bins are populated
per-bin minimum non-zero probability:       4.82009e-14
per-bin maximum probability:                0.229909
per-bin probability dynamic range (kT):     29.1933
per-segment minimum non-zero probability:   1.20502e-14
per-segment maximum non-zero probability:   0.0931547
per-segment probability dynamic range (kT): 29.6762
norm = 1, error in norm = -2.22045e-16 (-1*epsilon)
MAB binning in use
Bottleneck bin occupancy may not be accurately reported
Waiting for segments to complete...
################ MAB stats ################
minima in each dimension:      [10.4373]
maxima in each dimension:      [38.705]
direction in each dimension:   [86]
skip in each dimension:        [0]
###########################################
Iteration completed successfully
Iteration wallclock: 0:06:26.928005, cputime: 0:35:40.401827


Mon Jun 10 00:00:39 2024
Iteration 530 (600 requested)
Beginning iteration 530
128 segments remain in iteration 530 (128 total)
29 of 33 (87.878788%) active bins are populated
per-bin minimum non-zero probability:       1.20502e-14
per-bin maximum probability:                0.327058
per-bin probability dynamic range (kT):     30.9321
per-segment minimum non-zero probability:   3.01255e-15
per-segment maximum non-zero probability:   0.097259
per-segment probability dynamic range (kT): 31.1056
norm = 1, error in norm = -1.11022e-16 (-0.5*epsilon)
MAB binning in use
Bottleneck bin occupancy may not be accurately reported
Waiting for segments to complete...
################ MAB stats ################
minima in each dimension:      [12.0164]
maxima in each dimension:      [37.9583]
direction in each dimension:   [86]
skip in each dimension:        [0]
###########################################
Iteration completed successfully
Iteration wallclock: 0:06:25.008090, cputime: 0:35:30.300114


Mon Jun 10 00:07:04 2024
Iteration 531 (600 requested)
Beginning iteration 531
128 segments remain in iteration 531 (128 total)
32 of 33 (96.969697%) active bins are populated
per-bin minimum non-zero probability:       3.5656e-13
per-bin maximum probability:                0.270843
per-bin probability dynamic range (kT):     27.3561
per-segment minimum non-zero probability:   7.07095e-14
per-segment maximum non-zero probability:   0.097259
per-segment probability dynamic range (kT): 27.9498
norm = 1, error in norm = -1.11022e-16 (-0.5*epsilon)
MAB binning in use
Bottleneck bin occupancy may not be accurately reported
Waiting for segments to complete...
################ MAB stats ################
minima in each dimension:      [11.4445]
maxima in each dimension:      [38.6845]
direction in each dimension:   [86]
skip in each dimension:        [0]
###########################################
Iteration completed successfully
Iteration wallclock: 0:06:23.831609, cputime: 0:35:30.642709


Mon Jun 10 00:13:28 2024
Iteration 532 (600 requested)
Beginning iteration 532
128 segments remain in iteration 532 (128 total)
32 of 33 (96.969697%) active bins are populated
per-bin minimum non-zero probability:       1.41419e-13
per-bin maximum probability:                0.23719
per-bin probability dynamic range (kT):     28.1482
per-segment minimum non-zero probability:   3.53547e-14
per-segment maximum non-zero probability:   0.097259
per-segment probability dynamic range (kT): 28.643
norm = 1, error in norm = -2.22045e-16 (-1*epsilon)
MAB binning in use
Bottleneck bin occupancy may not be accurately reported
Waiting for segments to complete...
################ MAB stats ################
minima in each dimension:      [10.6791]
maxima in each dimension:      [37.3036]
direction in each dimension:   [86]
skip in each dimension:        [0]
###########################################
Iteration completed successfully
Iteration wallclock: 0:06:24.327178, cputime: 0:35:38.904606


Mon Jun 10 00:19:52 2024
Iteration 533 (600 requested)
Beginning iteration 533
124 segments remain in iteration 533 (124 total)
32 of 33 (96.969697%) active bins are populated
per-bin minimum non-zero probability:       1.38055e-13
per-bin maximum probability:                0.299505
per-bin probability dynamic range (kT):     28.4055
per-segment minimum non-zero probability:   3.45137e-14
per-segment maximum non-zero probability:   0.107502
per-segment probability dynamic range (kT): 28.7672
norm = 1, error in norm = -3.33067e-16 (-1.5*epsilon)
MAB binning in use
Bottleneck bin occupancy may not be accurately reported
Waiting for segments to complete...
################ MAB stats ################
minima in each dimension:      [9.7444]
maxima in each dimension:      [39.0232]
direction in each dimension:   [86]
skip in each dimension:        [0]
###########################################
Iteration completed successfully
Iteration wallclock: 0:06:22.713204, cputime: 0:34:20.788468


Mon Jun 10 00:26:15 2024
Iteration 534 (600 requested)
Beginning iteration 534
116 segments remain in iteration 534 (116 total)
29 of 33 (87.878788%) active bins are populated
per-bin minimum non-zero probability:       1.50787e-13
per-bin maximum probability:                0.413752
per-bin probability dynamic range (kT):     28.6404
per-segment minimum non-zero probability:   7.53933e-14
per-segment maximum non-zero probability:   0.097259
per-segment probability dynamic range (kT): 27.8857
norm = 1, error in norm = 0 (0*epsilon)
MAB binning in use
Bottleneck bin occupancy may not be accurately reported
Waiting for segments to complete...
################ MAB stats ################
minima in each dimension:      [10.5538]
maxima in each dimension:      [37.9515]
direction in each dimension:   [86]
skip in each dimension:        [0]
###########################################
Iteration completed successfully
Iteration wallclock: 0:05:58.311474, cputime: 0:32:20.703996


Mon Jun 10 00:32:13 2024
Iteration 535 (600 requested)
Beginning iteration 535
120 segments remain in iteration 535 (120 total)
30 of 33 (90.909091%) active bins are populated
per-bin minimum non-zero probability:       1.09958e-13
per-bin maximum probability:                0.315075
per-bin probability dynamic range (kT):     28.6837
per-segment minimum non-zero probability:   2.74894e-14
per-segment maximum non-zero probability:   0.097259
per-segment probability dynamic range (kT): 28.8946
norm = 1, error in norm = 0 (0*epsilon)
MAB binning in use
Bottleneck bin occupancy may not be accurately reported
Waiting for segments to complete...
################ MAB stats ################
minima in each dimension:      [10.4835]
maxima in each dimension:      [36.4468]
direction in each dimension:   [86]
skip in each dimension:        [0]
###########################################
Iteration completed successfully
Iteration wallclock: 0:05:59.378893, cputime: 0:33:14.551721


Mon Jun 10 00:38:12 2024
Iteration 536 (600 requested)
Beginning iteration 536
116 segments remain in iteration 536 (116 total)
29 of 33 (87.878788%) active bins are populated
per-bin minimum non-zero probability:       6.34965e-14
per-bin maximum probability:                0.189755
per-bin probability dynamic range (kT):     28.7258
per-segment minimum non-zero probability:   1.58741e-14
per-segment maximum non-zero probability:   0.074002
per-segment probability dynamic range (kT): 29.1704
norm = 1, error in norm = -2.22045e-16 (-1*epsilon)
MAB binning in use
Bottleneck bin occupancy may not be accurately reported
Waiting for segments to complete...
################ MAB stats ################
minima in each dimension:      [10.1251]
maxima in each dimension:      [37.1838]
direction in each dimension:   [86]
skip in each dimension:        [0]
###########################################
Iteration completed successfully
Iteration wallclock: 0:05:57.608840, cputime: 0:32:18.278376


Mon Jun 10 00:44:10 2024
Iteration 537 (600 requested)
Beginning iteration 537
128 segments remain in iteration 537 (128 total)
32 of 33 (96.969697%) active bins are populated
per-bin minimum non-zero probability:       2.74894e-14
per-bin maximum probability:                0.200663
per-bin probability dynamic range (kT):     29.6188
per-segment minimum non-zero probability:   6.87235e-15
per-segment maximum non-zero probability:   0.0702602
per-segment probability dynamic range (kT): 29.9557
norm = 1, error in norm = -2.22045e-16 (-1*epsilon)
MAB binning in use
Bottleneck bin occupancy may not be accurately reported
Waiting for segments to complete...
################ MAB stats ################
minima in each dimension:      [8.8546]
maxima in each dimension:      [37.5282]
direction in each dimension:   [86]
skip in each dimension:        [0]
###########################################
Iteration completed successfully
Iteration wallclock: 0:06:25.909992, cputime: 0:35:27.869550


Mon Jun 10 00:50:36 2024
Iteration 538 (600 requested)
Beginning iteration 538
124 segments remain in iteration 538 (124 total)
30 of 33 (90.909091%) active bins are populated
per-bin minimum non-zero probability:       6.87235e-15
per-bin maximum probability:                0.239904
per-bin probability dynamic range (kT):     31.1838
per-segment minimum non-zero probability:   1.71809e-15
per-segment maximum non-zero probability:   0.086611
per-segment probability dynamic range (kT): 31.5512
norm = 1, error in norm = 0 (0*epsilon)
MAB binning in use
Bottleneck bin occupancy may not be accurately reported
Waiting for segments to complete...
################ MAB stats ################
minima in each dimension:      [9.57]
maxima in each dimension:      [39.1054]
direction in each dimension:   [86]
skip in each dimension:        [0]
###########################################
Iteration completed successfully
Iteration wallclock: 0:06:25.396351, cputime: 0:34:14.111058


Mon Jun 10 00:57:01 2024
Iteration 539 (600 requested)
Beginning iteration 539
124 segments remain in iteration 539 (124 total)
30 of 33 (90.909091%) active bins are populated
per-bin minimum non-zero probability:       1.50707e-13
per-bin maximum probability:                0.218439
per-bin probability dynamic range (kT):     28.0022
per-segment minimum non-zero probability:   1.24952e-14
per-segment maximum non-zero probability:   0.0610491
per-segment probability dynamic range (kT): 29.2174
norm = 1, error in norm = -3.33067e-16 (-1.5*epsilon)
MAB binning in use
Bottleneck bin occupancy may not be accurately reported
Waiting for segments to complete...
################ MAB stats ################
minima in each dimension:      [10.9517]
maxima in each dimension:      [38.6866]
direction in each dimension:   [86]
skip in each dimension:        [0]
###########################################
Iteration completed successfully
Iteration wallclock: 0:06:20.660484, cputime: 0:34:29.358036


Mon Jun 10 01:03:22 2024
Iteration 540 (600 requested)
Beginning iteration 540
116 segments remain in iteration 540 (116 total)
29 of 33 (87.878788%) active bins are populated
per-bin minimum non-zero probability:       6.18198e-14
per-bin maximum probability:                0.274062
per-bin probability dynamic range (kT):     29.1202
per-segment minimum non-zero probability:   1.5455e-14
per-segment maximum non-zero probability:   0.0967167
per-segment probability dynamic range (kT): 29.4649
norm = 1, error in norm = -1.11022e-16 (-0.5*epsilon)
MAB binning in use
Bottleneck bin occupancy may not be accurately reported
Waiting for segments to complete...
################ MAB stats ################
minima in each dimension:      [9.2033]
maxima in each dimension:      [38.9293]
direction in each dimension:   [86]
skip in each dimension:        [0]
###########################################
Iteration completed successfully
Iteration wallclock: 0:05:58.036933, cputime: 0:32:23.371430


Mon Jun 10 01:09:20 2024
Iteration 541 (600 requested)
Beginning iteration 541
120 segments remain in iteration 541 (120 total)
29 of 33 (87.878788%) active bins are populated
per-bin minimum non-zero probability:       6.65858e-14
per-bin maximum probability:                0.248415
per-bin probability dynamic range (kT):     28.9476
per-segment minimum non-zero probability:   1.66465e-14
per-segment maximum non-zero probability:   0.0967167
per-segment probability dynamic range (kT): 29.3906
norm = 1, error in norm = -2.22045e-16 (-1*epsilon)
MAB binning in use
Bottleneck bin occupancy may not be accurately reported
Waiting for segments to complete...
################ MAB stats ################
minima in each dimension:      [11.4747]
maxima in each dimension:      [37.653]
direction in each dimension:   [86]
skip in each dimension:        [0]
###########################################
Iteration completed successfully
Iteration wallclock: 0:06:01.197491, cputime: 0:33:32.555022


Mon Jun 10 01:15:21 2024
Iteration 542 (600 requested)
Beginning iteration 542
120 segments remain in iteration 542 (120 total)
30 of 33 (90.909091%) active bins are populated
per-bin minimum non-zero probability:       8.92535e-14
per-bin maximum probability:                0.32676
per-bin probability dynamic range (kT):     28.9288
per-segment minimum non-zero probability:   1.66465e-14
per-segment maximum non-zero probability:   0.102963
per-segment probability dynamic range (kT): 29.4532
norm = 1, error in norm = -1.11022e-16 (-0.5*epsilon)
MAB binning in use
Bottleneck bin occupancy may not be accurately reported
Waiting for segments to complete...
################ MAB stats ################
minima in each dimension:      [10.7682]
maxima in each dimension:      [39.2421]
direction in each dimension:   [86]
skip in each dimension:        [0]
###########################################
Iteration completed successfully
Iteration wallclock: 0:06:01.385736, cputime: 0:33:29.949761


Mon Jun 10 01:21:23 2024
Iteration 543 (600 requested)
Beginning iteration 543
116 segments remain in iteration 543 (116 total)
30 of 33 (90.909091%) active bins are populated
per-bin minimum non-zero probability:       5.12601e-14
per-bin maximum probability:                0.269889
per-bin probability dynamic range (kT):     29.2921
per-segment minimum non-zero probability:   1.76762e-14
per-segment maximum non-zero probability:   0.102963
per-segment probability dynamic range (kT): 29.3932
norm = 1, error in norm = -4.44089e-16 (-2*epsilon)
MAB binning in use
Bottleneck bin occupancy may not be accurately reported
Waiting for segments to complete...
################ MAB stats ################
minima in each dimension:      [10.9954]
maxima in each dimension:      [39.1168]
direction in each dimension:   [86]
skip in each dimension:        [0]
###########################################
Iteration completed successfully
Iteration wallclock: 0:05:57.383456, cputime: 0:32:16.611250


Mon Jun 10 01:27:20 2024
Iteration 544 (600 requested)
Beginning iteration 544
128 segments remain in iteration 544 (128 total)
32 of 33 (96.969697%) active bins are populated
per-bin minimum non-zero probability:       5.33193e-14
per-bin maximum probability:                0.220109
per-bin probability dynamic range (kT):     29.0488
per-segment minimum non-zero probability:   1.14409e-14
per-segment maximum non-zero probability:   0.0781392
per-segment probability dynamic range (kT): 29.5523
norm = 1, error in norm = -1.11022e-16 (-0.5*epsilon)
MAB binning in use
Bottleneck bin occupancy may not be accurately reported
Waiting for segments to complete...
################ MAB stats ################
minima in each dimension:      [11.0214]
maxima in each dimension:      [38.6948]
direction in each dimension:   [86]
skip in each dimension:        [0]
###########################################
Iteration completed successfully
Iteration wallclock: 0:06:25.216218, cputime: 0:35:41.046104


Mon Jun 10 01:33:45 2024
Iteration 545 (600 requested)
Beginning iteration 545
120 segments remain in iteration 545 (120 total)
30 of 33 (90.909091%) active bins are populated
per-bin minimum non-zero probability:       9.49962e-14
per-bin maximum probability:                0.199807
per-bin probability dynamic range (kT):     28.3745
per-segment minimum non-zero probability:   1.71387e-14
per-segment maximum non-zero probability:   0.0702089
per-segment probability dynamic range (kT): 29.0412
norm = 1, error in norm = -1.11022e-16 (-0.5*epsilon)
MAB binning in use
Bottleneck bin occupancy may not be accurately reported
Waiting for segments to complete...
################ MAB stats ################
minima in each dimension:      [10.8522]
maxima in each dimension:      [39.4156]
direction in each dimension:   [86]
skip in each dimension:        [0]
###########################################
Iteration completed successfully
Iteration wallclock: 0:06:01.140965, cputime: 0:33:20.044451


Mon Jun 10 01:39:46 2024
Iteration 546 (600 requested)
Beginning iteration 546
112 segments remain in iteration 546 (112 total)
27 of 33 (81.818182%) active bins are populated
per-bin minimum non-zero probability:       1.71387e-14
per-bin maximum probability:                0.270242
per-bin probability dynamic range (kT):     30.389
per-segment minimum non-zero probability:   4.28466e-15
per-segment maximum non-zero probability:   0.0927239
per-segment probability dynamic range (kT): 30.7056
norm = 1, error in norm = 0 (0*epsilon)
MAB binning in use
Bottleneck bin occupancy may not be accurately reported
Waiting for segments to complete...
################ MAB stats ################
minima in each dimension:      [11.6858]
maxima in each dimension:      [38.0959]
direction in each dimension:   [86]
skip in each dimension:        [0]
###########################################
Iteration completed successfully
Iteration wallclock: 0:05:38.975340, cputime: 0:30:56.554966


Mon Jun 10 01:45:25 2024
Iteration 547 (600 requested)
Beginning iteration 547
112 segments remain in iteration 547 (112 total)
28 of 33 (84.848485%) active bins are populated
per-bin minimum non-zero probability:       8.49574e-14
per-bin maximum probability:                0.198441
per-bin probability dynamic range (kT):     28.4794
per-segment minimum non-zero probability:   2.01682e-14
per-segment maximum non-zero probability:   0.0646568
per-segment probability dynamic range (kT): 28.796
norm = 1, error in norm = -1.11022e-16 (-0.5*epsilon)
MAB binning in use
Bottleneck bin occupancy may not be accurately reported
Waiting for segments to complete...
################ MAB stats ################
minima in each dimension:      [10.2792]
maxima in each dimension:      [37.2709]
direction in each dimension:   [86]
skip in each dimension:        [0]
###########################################
Iteration completed successfully
Iteration wallclock: 0:05:37.180882, cputime: 0:31:00.268756


Mon Jun 10 01:51:03 2024
Iteration 548 (600 requested)
Beginning iteration 548
112 segments remain in iteration 548 (112 total)
29 of 33 (87.878788%) active bins are populated
per-bin minimum non-zero probability:       2.01682e-14
per-bin maximum probability:                0.203097
per-bin probability dynamic range (kT):     29.9406
per-segment minimum non-zero probability:   5.04205e-15
per-segment maximum non-zero probability:   0.0646568
per-segment probability dynamic range (kT): 30.1823
norm = 1, error in norm = -2.22045e-16 (-1*epsilon)
MAB binning in use
Bottleneck bin occupancy may not be accurately reported
Waiting for segments to complete...
################ MAB stats ################
minima in each dimension:      [11.483]
maxima in each dimension:      [37.8117]
direction in each dimension:   [86]
skip in each dimension:        [0]
###########################################
Iteration completed successfully
Iteration wallclock: 0:05:37.131457, cputime: 0:30:59.429685


Mon Jun 10 01:56:40 2024
Iteration 549 (600 requested)
Beginning iteration 549
112 segments remain in iteration 549 (112 total)
28 of 33 (84.848485%) active bins are populated
per-bin minimum non-zero probability:       2.01682e-14
per-bin maximum probability:                0.227446
per-bin probability dynamic range (kT):     30.0538
per-segment minimum non-zero probability:   5.04205e-15
per-segment maximum non-zero probability:   0.0802435
per-segment probability dynamic range (kT): 30.3983
norm = 1, error in norm = 0 (0*epsilon)
MAB binning in use
Bottleneck bin occupancy may not be accurately reported
Waiting for segments to complete...
################ MAB stats ################
minima in each dimension:      [11.1969]
maxima in each dimension:      [37.4377]
direction in each dimension:   [86]
skip in each dimension:        [0]
###########################################
Iteration completed successfully
Iteration wallclock: 0:05:38.420951, cputime: 0:31:06.259560


Mon Jun 10 02:02:18 2024
Iteration 550 (600 requested)
Beginning iteration 550
116 segments remain in iteration 550 (116 total)
30 of 33 (90.909091%) active bins are populated
per-bin minimum non-zero probability:       4.75765e-14
per-bin maximum probability:                0.246294
per-bin probability dynamic range (kT):     29.2752
per-segment minimum non-zero probability:   1.12878e-14
per-segment maximum non-zero probability:   0.0802435
per-segment probability dynamic range (kT): 29.5924
norm = 1, error in norm = -2.22045e-16 (-1*epsilon)
MAB binning in use
Bottleneck bin occupancy may not be accurately reported
Waiting for segments to complete...
################ MAB stats ################
minima in each dimension:      [10.3695]
maxima in each dimension:      [38.3917]
direction in each dimension:   [86]
skip in each dimension:        [0]
###########################################
Iteration completed successfully
Iteration wallclock: 0:06:00.530973, cputime: 0:32:11.388718


Mon Jun 10 02:08:19 2024
Iteration 551 (600 requested)
Beginning iteration 551
124 segments remain in iteration 551 (124 total)
32 of 33 (96.969697%) active bins are populated
per-bin minimum non-zero probability:       6.02774e-14
per-bin maximum probability:                0.262493
per-bin probability dynamic range (kT):     29.1023
per-segment minimum non-zero probability:   1.50694e-14
per-segment maximum non-zero probability:   0.0802435
per-segment probability dynamic range (kT): 29.3034
norm = 1, error in norm = 0 (0*epsilon)
MAB binning in use
Bottleneck bin occupancy may not be accurately reported
Waiting for segments to complete...
################ MAB stats ################
minima in each dimension:      [11.5715]
maxima in each dimension:      [38.8801]
direction in each dimension:   [86]
skip in each dimension:        [0]
###########################################
Iteration completed successfully
Iteration wallclock: 0:06:24.081515, cputime: 0:34:28.323416


Mon Jun 10 02:14:43 2024
Iteration 552 (600 requested)
Beginning iteration 552
120 segments remain in iteration 552 (120 total)
29 of 33 (87.878788%) active bins are populated
per-bin minimum non-zero probability:       1.77288e-13
per-bin maximum probability:                0.271894
per-bin probability dynamic range (kT):     28.0587
per-segment minimum non-zero probability:   3.20945e-14
per-segment maximum non-zero probability:   0.0862741
per-segment probability dynamic range (kT): 28.6199
norm = 1, error in norm = -1.11022e-16 (-0.5*epsilon)
MAB binning in use
Bottleneck bin occupancy may not be accurately reported
Waiting for segments to complete...
################ MAB stats ################
minima in each dimension:      [9.4608]
maxima in each dimension:      [37.7763]
direction in each dimension:   [86]
skip in each dimension:        [0]
###########################################
Iteration completed successfully
Iteration wallclock: 0:06:02.320081, cputime: 0:33:12.764423


Mon Jun 10 02:20:45 2024
Iteration 553 (600 requested)
Beginning iteration 553
128 segments remain in iteration 553 (128 total)
31 of 33 (93.939394%) active bins are populated
per-bin minimum non-zero probability:       3.63101e-14
per-bin maximum probability:                0.377558
per-bin probability dynamic range (kT):     29.9726
per-segment minimum non-zero probability:   9.07753e-15
per-segment maximum non-zero probability:   0.0983452
per-segment probability dynamic range (kT): 30.0137
norm = 1, error in norm = 0 (0*epsilon)
MAB binning in use
Bottleneck bin occupancy may not be accurately reported
Waiting for segments to complete...
################ MAB stats ################
minima in each dimension:      [11.346]
maxima in each dimension:      [38.7764]
direction in each dimension:   [86]
skip in each dimension:        [0]
###########################################
Iteration completed successfully
Iteration wallclock: 0:06:25.708582, cputime: 0:35:37.914484


Mon Jun 10 02:27:11 2024
Iteration 554 (600 requested)
Beginning iteration 554
124 segments remain in iteration 554 (124 total)
29 of 33 (87.878788%) active bins are populated
per-bin minimum non-zero probability:       2.05351e-14
per-bin maximum probability:                0.197959
per-bin probability dynamic range (kT):     29.8969
per-segment minimum non-zero probability:   1.87218e-14
per-segment maximum non-zero probability:   0.0697338
per-segment probability dynamic range (kT): 28.946
norm = 1, error in norm = 0 (0*epsilon)
MAB binning in use
Bottleneck bin occupancy may not be accurately reported
Waiting for segments to complete...
################ MAB stats ################
minima in each dimension:      [9.5728]
maxima in each dimension:      [38.4539]
direction in each dimension:   [86]
skip in each dimension:        [0]
###########################################
Iteration completed successfully
Iteration wallclock: 0:06:22.323911, cputime: 0:34:32.019375


Mon Jun 10 02:33:33 2024
Iteration 555 (600 requested)
Beginning iteration 555
124 segments remain in iteration 555 (124 total)
31 of 33 (93.939394%) active bins are populated
per-bin minimum non-zero probability:       2.05351e-14
per-bin maximum probability:                0.185877
per-bin probability dynamic range (kT):     29.834
per-segment minimum non-zero probability:   5.13377e-15
per-segment maximum non-zero probability:   0.0655635
per-segment probability dynamic range (kT): 30.1782
norm = 1, error in norm = 0 (0*epsilon)
MAB binning in use
Bottleneck bin occupancy may not be accurately reported
Waiting for segments to complete...
################ MAB stats ################
minima in each dimension:      [9.5556]
maxima in each dimension:      [38.2437]
direction in each dimension:   [86]
skip in each dimension:        [0]
###########################################
Iteration completed successfully
Iteration wallclock: 0:06:23.304621, cputime: 0:34:34.393075


Mon Jun 10 02:39:56 2024
Iteration 556 (600 requested)
Beginning iteration 556
128 segments remain in iteration 556 (128 total)
31 of 33 (93.939394%) active bins are populated
per-bin minimum non-zero probability:       1.54011e-14
per-bin maximum probability:                0.227101
per-bin probability dynamic range (kT):     30.322
per-segment minimum non-zero probability:   3.42244e-15
per-segment maximum non-zero probability:   0.0709479
per-segment probability dynamic range (kT): 30.6626
norm = 1, error in norm = -1.11022e-16 (-0.5*epsilon)
MAB binning in use
Bottleneck bin occupancy may not be accurately reported
Waiting for segments to complete...
################ MAB stats ################
minima in each dimension:      [10.4412]
maxima in each dimension:      [39.5382]
direction in each dimension:   [86]
skip in each dimension:        [0]
###########################################
Iteration completed successfully
Iteration wallclock: 0:06:26.978375, cputime: 0:35:31.320006


Mon Jun 10 02:46:23 2024
Iteration 557 (600 requested)
Beginning iteration 557
128 segments remain in iteration 557 (128 total)
31 of 33 (93.939394%) active bins are populated
per-bin minimum non-zero probability:       1.66139e-14
per-bin maximum probability:                0.276356
per-bin probability dynamic range (kT):     30.4425
per-segment minimum non-zero probability:   3.29787e-15
per-segment maximum non-zero probability:   0.0942014
per-segment probability dynamic range (kT): 30.9832
norm = 1, error in norm = 0 (0*epsilon)
MAB binning in use
Bottleneck bin occupancy may not be accurately reported
Waiting for segments to complete...
################ MAB stats ################
minima in each dimension:      [10.7939]
maxima in each dimension:      [39.5195]
direction in each dimension:   [86]
skip in each dimension:        [0]
###########################################
Iteration completed successfully
Iteration wallclock: 0:06:26.969344, cputime: 0:35:19.097707


Mon Jun 10 02:52:50 2024
Iteration 558 (600 requested)
Beginning iteration 558
120 segments remain in iteration 558 (120 total)
29 of 33 (87.878788%) active bins are populated
per-bin minimum non-zero probability:       6.35757e-14
per-bin maximum probability:                0.201769
per-bin probability dynamic range (kT):     28.7859
per-segment minimum non-zero probability:   1.50695e-14
per-segment maximum non-zero probability:   0.0709479
per-segment probability dynamic range (kT): 29.1803
norm = 1, error in norm = -1.11022e-16 (-0.5*epsilon)
MAB binning in use
Bottleneck bin occupancy may not be accurately reported
Waiting for segments to complete...
################ MAB stats ################
minima in each dimension:      [11.7183]
maxima in each dimension:      [39.9498]
direction in each dimension:   [86]
skip in each dimension:        [0]
###########################################
Iteration completed successfully
Iteration wallclock: 0:06:01.643249, cputime: 0:33:35.421582


Mon Jun 10 02:58:52 2024
Iteration 559 (600 requested)
Beginning iteration 559
124 segments remain in iteration 559 (124 total)
31 of 33 (93.939394%) active bins are populated
per-bin minimum non-zero probability:       1.62368e-13
per-bin maximum probability:                0.226391
per-bin probability dynamic range (kT):     27.9634
per-segment minimum non-zero probability:   1.86016e-14
per-segment maximum non-zero probability:   0.072446
per-segment probability dynamic range (kT): 28.9906
norm = 1, error in norm = 0 (0*epsilon)
MAB binning in use
Bottleneck bin occupancy may not be accurately reported
Waiting for segments to complete...
################ MAB stats ################
minima in each dimension:      [13.0084]
maxima in each dimension:      [39.6551]
direction in each dimension:   [86]
skip in each dimension:        [0]
###########################################
Iteration completed successfully
Iteration wallclock: 0:06:23.175495, cputime: 0:34:28.714113


Mon Jun 10 03:05:15 2024
Iteration 560 (600 requested)
Beginning iteration 560
128 segments remain in iteration 560 (128 total)
32 of 33 (96.969697%) active bins are populated
per-bin minimum non-zero probability:       1.8097e-13
per-bin maximum probability:                0.205939
per-bin probability dynamic range (kT):     27.7603
per-segment minimum non-zero probability:   3.8748e-14
per-segment maximum non-zero probability:   0.0606567
per-segment probability dynamic range (kT): 28.0792
norm = 1, error in norm = 0 (0*epsilon)
MAB binning in use
Bottleneck bin occupancy may not be accurately reported
Waiting for segments to complete...
################ MAB stats ################
minima in each dimension:      [10.7758]
maxima in each dimension:      [39.4743]
direction in each dimension:   [86]
skip in each dimension:        [0]
###########################################
Iteration completed successfully
Iteration wallclock: 0:06:26.628062, cputime: 0:35:40.970801


Mon Jun 10 03:11:42 2024
Iteration 561 (600 requested)
Beginning iteration 561
124 segments remain in iteration 561 (124 total)
30 of 33 (90.909091%) active bins are populated
per-bin minimum non-zero probability:       3.8748e-14
per-bin maximum probability:                0.326926
per-bin probability dynamic range (kT):     29.7637
per-segment minimum non-zero probability:   9.68699e-15
per-segment maximum non-zero probability:   0.0979786
per-segment probability dynamic range (kT): 29.945
norm = 1, error in norm = 0 (0*epsilon)
MAB binning in use
Bottleneck bin occupancy may not be accurately reported
Waiting for segments to complete...
################ MAB stats ################
minima in each dimension:      [12.4197]
maxima in each dimension:      [38.4864]
direction in each dimension:   [86]
skip in each dimension:        [0]
###########################################
Iteration completed successfully
Iteration wallclock: 0:06:23.584906, cputime: 0:34:31.518912


Mon Jun 10 03:18:05 2024
Iteration 562 (600 requested)
Beginning iteration 562
132 segments remain in iteration 562 (132 total)
33 of 33 (100.000000%) active bins are populated
per-bin minimum non-zero probability:       5.74033e-14
per-bin maximum probability:                0.296728
per-bin probability dynamic range (kT):     29.2737
per-segment minimum non-zero probability:   1.43508e-14
per-segment maximum non-zero probability:   0.101749
per-segment probability dynamic range (kT): 29.5897
norm = 1, error in norm = -2.22045e-16 (-1*epsilon)
MAB binning in use
Bottleneck bin occupancy may not be accurately reported
Waiting for segments to complete...
################ MAB stats ################
minima in each dimension:      [12.3648]
maxima in each dimension:      [39.2982]
direction in each dimension:   [86]
skip in each dimension:        [0]
###########################################
Iteration completed successfully
Iteration wallclock: 0:06:49.127522, cputime: 0:36:42.738866


Mon Jun 10 03:24:54 2024
Iteration 563 (600 requested)
Beginning iteration 563
128 segments remain in iteration 563 (128 total)
32 of 33 (96.969697%) active bins are populated
per-bin minimum non-zero probability:       5.11989e-14
per-bin maximum probability:                0.294716
per-bin probability dynamic range (kT):     29.3813
per-segment minimum non-zero probability:   9.68699e-15
per-segment maximum non-zero probability:   0.101749
per-segment probability dynamic range (kT): 29.9827
norm = 1, error in norm = 0 (0*epsilon)
MAB binning in use
Bottleneck bin occupancy may not be accurately reported
Waiting for segments to complete...
################ MAB stats ################
minima in each dimension:      [11.9356]
maxima in each dimension:      [38.8262]
direction in each dimension:   [86]
skip in each dimension:        [0]
###########################################
Iteration completed successfully
Iteration wallclock: 0:06:28.361151, cputime: 0:35:30.186539


Mon Jun 10 03:31:23 2024
Iteration 564 (600 requested)
Beginning iteration 564
128 segments remain in iteration 564 (128 total)
32 of 33 (96.969697%) active bins are populated
per-bin minimum non-zero probability:       1.43508e-14
per-bin maximum probability:                0.228409
per-bin probability dynamic range (kT):     30.3984
per-segment minimum non-zero probability:   3.58771e-15
per-segment maximum non-zero probability:   0.0635878
per-segment probability dynamic range (kT): 30.5059
norm = 1, error in norm = -2.22045e-16 (-1*epsilon)
MAB binning in use
Bottleneck bin occupancy may not be accurately reported
Waiting for segments to complete...
################ MAB stats ################
minima in each dimension:      [8.6097]
maxima in each dimension:      [39.2637]
direction in each dimension:   [86]
skip in each dimension:        [0]
###########################################
Iteration completed successfully
Iteration wallclock: 0:06:26.971269, cputime: 0:35:35.343718


Mon Jun 10 03:37:50 2024
Iteration 565 (600 requested)
Beginning iteration 565
116 segments remain in iteration 565 (116 total)
29 of 33 (87.878788%) active bins are populated
per-bin minimum non-zero probability:       8.73707e-15
per-bin maximum probability:                0.240223
per-bin probability dynamic range (kT):     30.945
per-segment minimum non-zero probability:   2.18427e-15
per-segment maximum non-zero probability:   0.0644464
per-segment probability dynamic range (kT): 31.0156
norm = 1, error in norm = 0 (0*epsilon)
MAB binning in use
Bottleneck bin occupancy may not be accurately reported
Waiting for segments to complete...
################ MAB stats ################
minima in each dimension:      [12.7353]
maxima in each dimension:      [38.4675]
direction in each dimension:   [86]
skip in each dimension:        [0]
###########################################
Iteration completed successfully
Iteration wallclock: 0:05:59.903494, cputime: 0:31:57.354274


Mon Jun 10 03:43:50 2024
Iteration 566 (600 requested)
Beginning iteration 566
124 segments remain in iteration 566 (124 total)
30 of 33 (90.909091%) active bins are populated
per-bin minimum non-zero probability:       6.5351e-14
per-bin maximum probability:                0.252119
per-bin probability dynamic range (kT):     28.9811
per-segment minimum non-zero probability:   1.57917e-14
per-segment maximum non-zero probability:   0.0644464
per-segment probability dynamic range (kT): 29.0374
norm = 1, error in norm = 0 (0*epsilon)
MAB binning in use
Bottleneck bin occupancy may not be accurately reported
Waiting for segments to complete...
################ MAB stats ################
minima in each dimension:      [11.6892]
maxima in each dimension:      [38.488]
direction in each dimension:   [86]
skip in each dimension:        [0]
###########################################
Iteration completed successfully
Iteration wallclock: 0:07:12.261132, cputime: 0:34:20.648553


Mon Jun 10 03:51:02 2024
Iteration 567 (600 requested)
Beginning iteration 567
124 segments remain in iteration 567 (124 total)
31 of 33 (93.939394%) active bins are populated
per-bin minimum non-zero probability:       1.57917e-14
per-bin maximum probability:                0.200989
per-bin probability dynamic range (kT):     30.1748
per-segment minimum non-zero probability:   3.94792e-15
per-segment maximum non-zero probability:   0.0644464
per-segment probability dynamic range (kT): 30.4237
norm = 1, error in norm = -1.11022e-16 (-0.5*epsilon)
MAB binning in use
Bottleneck bin occupancy may not be accurately reported
Waiting for segments to complete...
################ MAB stats ################
minima in each dimension:      [10.7212]
maxima in each dimension:      [39.9322]
direction in each dimension:   [86]
skip in each dimension:        [0]
###########################################
Iteration completed successfully
Iteration wallclock: 0:06:32.832056, cputime: 0:34:15.651576


Mon Jun 10 03:57:35 2024
Iteration 568 (600 requested)
Beginning iteration 568
128 segments remain in iteration 568 (128 total)
32 of 33 (96.969697%) active bins are populated
per-bin minimum non-zero probability:       3.94792e-15
per-bin maximum probability:                0.235844
per-bin probability dynamic range (kT):     31.721
per-segment minimum non-zero probability:   9.86981e-16
per-segment maximum non-zero probability:   0.0654895
per-segment probability dynamic range (kT): 31.826
norm = 1, error in norm = 0 (0*epsilon)
MAB binning in use
Bottleneck bin occupancy may not be accurately reported
Waiting for segments to complete...
################ MAB stats ################
minima in each dimension:      [11.6033]
maxima in each dimension:      [39.9681]
direction in each dimension:   [86]
skip in each dimension:        [0]
###########################################
Iteration completed successfully
Iteration wallclock: 0:06:37.403646, cputime: 0:35:27.916846


Mon Jun 10 04:04:12 2024
Iteration 569 (600 requested)
Beginning iteration 569
132 segments remain in iteration 569 (132 total)
31 of 33 (93.939394%) active bins are populated
per-bin minimum non-zero probability:       1.40806e-13
per-bin maximum probability:                0.222681
per-bin probability dynamic range (kT):     28.0894
per-segment minimum non-zero probability:   1.20847e-14
per-segment maximum non-zero probability:   0.0595918
per-segment probability dynamic range (kT): 29.2266
norm = 1, error in norm = -3.33067e-16 (-1.5*epsilon)
MAB binning in use
Bottleneck bin occupancy may not be accurately reported
Waiting for segments to complete...
################ MAB stats ################
minima in each dimension:      [10.6555]
maxima in each dimension:      [39.9267]
direction in each dimension:   [86]
skip in each dimension:        [0]
###########################################
Iteration completed successfully
Iteration wallclock: 0:06:47.704204, cputime: 0:36:29.666624


Mon Jun 10 04:11:00 2024
Iteration 570 (600 requested)
Beginning iteration 570
128 segments remain in iteration 570 (128 total)
32 of 33 (96.969697%) active bins are populated
per-bin minimum non-zero probability:       8.72088e-14
per-bin maximum probability:                0.171195
per-bin probability dynamic range (kT):     28.3055
per-segment minimum non-zero probability:   1.68832e-14
per-segment maximum non-zero probability:   0.0595918
per-segment probability dynamic range (kT): 28.8922
norm = 1, error in norm = -1.11022e-16 (-0.5*epsilon)
MAB binning in use
Bottleneck bin occupancy may not be accurately reported
Waiting for segments to complete...
################ MAB stats ################
minima in each dimension:      [12.0552]
maxima in each dimension:      [38.8847]
direction in each dimension:   [86]
skip in each dimension:        [0]
###########################################
Iteration completed successfully
Iteration wallclock: 0:06:25.591674, cputime: 0:35:31.272643


Mon Jun 10 04:17:26 2024
Iteration 571 (600 requested)
Beginning iteration 571
132 segments remain in iteration 571 (132 total)
33 of 33 (100.000000%) active bins are populated
per-bin minimum non-zero probability:       1.94157e-13
per-bin maximum probability:                0.301187
per-bin probability dynamic range (kT):     28.0701
per-segment minimum non-zero probability:   1.68832e-14
per-segment maximum non-zero probability:   0.0989497
per-segment probability dynamic range (kT): 29.3993
norm = 1, error in norm = -2.22045e-16 (-1*epsilon)
MAB binning in use
Bottleneck bin occupancy may not be accurately reported
Waiting for segments to complete...
################ MAB stats ################
minima in each dimension:      [11.2061]
maxima in each dimension:      [39.1523]
direction in each dimension:   [86]
skip in each dimension:        [0]
###########################################
Iteration completed successfully
Iteration wallclock: 0:06:45.815646, cputime: 0:36:46.231330


Mon Jun 10 04:24:11 2024
Iteration 572 (600 requested)
Beginning iteration 572
132 segments remain in iteration 572 (132 total)
33 of 33 (100.000000%) active bins are populated
per-bin minimum non-zero probability:       1.18728e-13
per-bin maximum probability:                0.190564
per-bin probability dynamic range (kT):     28.1042
per-segment minimum non-zero probability:   2.83206e-14
per-segment maximum non-zero probability:   0.0595918
per-segment probability dynamic range (kT): 28.375
norm = 1, error in norm = -2.22045e-16 (-1*epsilon)
MAB binning in use
Bottleneck bin occupancy may not be accurately reported
Waiting for segments to complete...
################ MAB stats ################
minima in each dimension:      [11.6915]
maxima in each dimension:      [39.6681]
direction in each dimension:   [86]
skip in each dimension:        [0]
###########################################
Iteration completed successfully
Iteration wallclock: 0:06:46.396077, cputime: 0:36:54.359339


Mon Jun 10 04:30:58 2024
Iteration 573 (600 requested)
Beginning iteration 573
124 segments remain in iteration 573 (124 total)
30 of 33 (90.909091%) active bins are populated
per-bin minimum non-zero probability:       6.2087e-14
per-bin maximum probability:                0.203973
per-bin probability dynamic range (kT):     28.8205
per-segment minimum non-zero probability:   1.12555e-14
per-segment maximum non-zero probability:   0.0715144
per-segment probability dynamic range (kT): 29.4801
norm = 1, error in norm = 0 (0*epsilon)
MAB binning in use
Bottleneck bin occupancy may not be accurately reported
Waiting for segments to complete...
################ MAB stats ################
minima in each dimension:      [11.4695]
maxima in each dimension:      [39.9406]
direction in each dimension:   [86]
skip in each dimension:        [0]
###########################################
Iteration completed successfully
Iteration wallclock: 0:06:20.035979, cputime: 0:34:24.645013


Mon Jun 10 04:37:18 2024
Iteration 574 (600 requested)
Beginning iteration 574
124 segments remain in iteration 574 (124 total)
31 of 33 (93.939394%) active bins are populated
per-bin minimum non-zero probability:       1.12555e-14
per-bin maximum probability:                0.18355
per-bin probability dynamic range (kT):     30.4227
per-segment minimum non-zero probability:   2.81387e-15
per-segment maximum non-zero probability:   0.0590779
per-segment probability dynamic range (kT): 30.6753
norm = 1, error in norm = 0 (0*epsilon)
MAB binning in use
Bottleneck bin occupancy may not be accurately reported
Waiting for segments to complete...
################ MAB stats ################
minima in each dimension:      [11.9971]
maxima in each dimension:      [39.7592]
direction in each dimension:   [86]
skip in each dimension:        [0]
###########################################
Iteration completed successfully
Iteration wallclock: 0:06:22.027173, cputime: 0:34:40.112917


Mon Jun 10 04:43:40 2024
Iteration 575 (600 requested)
Beginning iteration 575
124 segments remain in iteration 575 (124 total)
30 of 33 (90.909091%) active bins are populated
per-bin minimum non-zero probability:       2.01919e-13
per-bin maximum probability:                0.176425
per-bin probability dynamic range (kT):     27.4961
per-segment minimum non-zero probability:   7.03467e-16
per-segment maximum non-zero probability:   0.0504564
per-segment probability dynamic range (kT): 31.9039
norm = 1, error in norm = -2.22045e-16 (-1*epsilon)
MAB binning in use
Bottleneck bin occupancy may not be accurately reported
Waiting for segments to complete...
################ MAB stats ################
minima in each dimension:      [12.5079]
maxima in each dimension:      [39.8571]
direction in each dimension:   [86]
skip in each dimension:        [0]
###########################################
Iteration completed successfully
Iteration wallclock: 0:06:20.940634, cputime: 0:34:26.586628


Mon Jun 10 04:50:01 2024
Iteration 576 (600 requested)
Beginning iteration 576
120 segments remain in iteration 576 (120 total)
30 of 33 (90.909091%) active bins are populated
per-bin minimum non-zero probability:       8.72088e-14
per-bin maximum probability:                0.283885
per-bin probability dynamic range (kT):     28.8113
per-segment minimum non-zero probability:   1.93797e-14
per-segment maximum non-zero probability:   0.0985895
per-segment probability dynamic range (kT): 29.2578
norm = 1, error in norm = 0 (0*epsilon)
MAB binning in use
Bottleneck bin occupancy may not be accurately reported
Waiting for segments to complete...
################ MAB stats ################
minima in each dimension:      [10.7682]
maxima in each dimension:      [38.8538]
direction in each dimension:   [86]
skip in each dimension:        [0]
###########################################
Iteration completed successfully
Iteration wallclock: 0:06:00.810119, cputime: 0:33:14.476106


Mon Jun 10 04:56:02 2024
Iteration 577 (600 requested)
Beginning iteration 577
132 segments remain in iteration 577 (132 total)
32 of 33 (96.969697%) active bins are populated
per-bin minimum non-zero probability:       1.93797e-14
per-bin maximum probability:                0.279725
per-bin probability dynamic range (kT):     30.3006
per-segment minimum non-zero probability:   7.2674e-15
per-segment maximum non-zero probability:   0.0985895
per-segment probability dynamic range (kT): 30.2386
norm = 1, error in norm = -2.22045e-16 (-1*epsilon)
MAB binning in use
Bottleneck bin occupancy may not be accurately reported
Waiting for segments to complete...
################ MAB stats ################
minima in each dimension:      [11.9352]
maxima in each dimension:      [39.8588]
direction in each dimension:   [86]
skip in each dimension:        [0]
###########################################
Iteration completed successfully
Iteration wallclock: 0:06:45.710932, cputime: 0:36:34.194919


Mon Jun 10 05:02:47 2024
Iteration 578 (600 requested)
Beginning iteration 578
120 segments remain in iteration 578 (120 total)
30 of 33 (90.909091%) active bins are populated
per-bin minimum non-zero probability:       3.47254e-14
per-bin maximum probability:                0.27886
per-bin probability dynamic range (kT):     29.7143
per-segment minimum non-zero probability:   6.09672e-15
per-segment maximum non-zero probability:   0.0985895
per-segment probability dynamic range (kT): 30.4142
norm = 1, error in norm = 0 (0*epsilon)
MAB binning in use
Bottleneck bin occupancy may not be accurately reported
Waiting for segments to complete...
################ MAB stats ################
minima in each dimension:      [12.0814]
maxima in each dimension:      [39.845]
direction in each dimension:   [86]
skip in each dimension:        [0]
###########################################
Iteration completed successfully
Iteration wallclock: 0:05:59.370459, cputime: 0:33:18.762120


Mon Jun 10 05:08:47 2024
Iteration 579 (600 requested)
Beginning iteration 579
124 segments remain in iteration 579 (124 total)
31 of 33 (93.939394%) active bins are populated
per-bin minimum non-zero probability:       4.68583e-14
per-bin maximum probability:                0.222664
per-bin probability dynamic range (kT):     29.1896
per-segment minimum non-zero probability:   1.01904e-14
per-segment maximum non-zero probability:   0.0672756
per-segment probability dynamic range (kT): 29.5184
norm = 1, error in norm = 0 (0*epsilon)
MAB binning in use
Bottleneck bin occupancy may not be accurately reported
Waiting for segments to complete...
################ MAB stats ################
minima in each dimension:      [12.2146]
maxima in each dimension:      [39.9918]
direction in each dimension:   [86]
skip in each dimension:        [0]
###########################################
Iteration completed successfully
Iteration wallclock: 0:06:24.130005, cputime: 0:34:18.867632


Mon Jun 10 05:15:11 2024
Iteration 580 (600 requested)
Beginning iteration 580
120 segments remain in iteration 580 (120 total)
30 of 33 (90.909091%) active bins are populated
per-bin minimum non-zero probability:       1.48405e-13
per-bin maximum probability:                0.225598
per-bin probability dynamic range (kT):     28.0498
per-segment minimum non-zero probability:   2.64775e-14
per-segment maximum non-zero probability:   0.0736789
per-segment probability dynamic range (kT): 28.6544
norm = 1, error in norm = -1.11022e-16 (-0.5*epsilon)
MAB binning in use
Bottleneck bin occupancy may not be accurately reported
Waiting for segments to complete...
################ MAB stats ################
minima in each dimension:      [11.6647]
maxima in each dimension:      [39.4436]
direction in each dimension:   [86]
skip in each dimension:        [0]
###########################################
Iteration completed successfully
Iteration wallclock: 0:06:02.934950, cputime: 0:33:21.391014


Mon Jun 10 05:21:14 2024
Iteration 581 (600 requested)
Beginning iteration 581
124 segments remain in iteration 581 (124 total)
30 of 33 (90.909091%) active bins are populated
per-bin minimum non-zero probability:       2.64775e-14
per-bin maximum probability:                0.256577
per-bin probability dynamic range (kT):     29.9022
per-segment minimum non-zero probability:   6.61938e-15
per-segment maximum non-zero probability:   0.0834061
per-segment probability dynamic range (kT): 30.1647
norm = 1, error in norm = -1.11022e-16 (-0.5*epsilon)
MAB binning in use
Bottleneck bin occupancy may not be accurately reported
Waiting for segments to complete...
################ MAB stats ################
minima in each dimension:      [11.0288]
maxima in each dimension:      [39.2729]
direction in each dimension:   [86]
skip in each dimension:        [0]
###########################################
Iteration completed successfully
Iteration wallclock: 0:06:20.928017, cputime: 0:34:29.240883


Mon Jun 10 05:27:35 2024
Iteration 582 (600 requested)
Beginning iteration 582
128 segments remain in iteration 582 (128 total)
33 of 33 (100.000000%) active bins are populated
per-bin minimum non-zero probability:       3.64616e-14
per-bin maximum probability:                0.171029
per-bin probability dynamic range (kT):     29.1766
per-segment minimum non-zero probability:   7.46056e-15
per-segment maximum non-zero probability:   0.0625183
per-segment probability dynamic range (kT): 29.7568
norm = 1, error in norm = -1.11022e-16 (-0.5*epsilon)
MAB binning in use
Bottleneck bin occupancy may not be accurately reported
Waiting for segments to complete...
################ MAB stats ################
minima in each dimension:      [11.7612]
maxima in each dimension:      [39.0382]
direction in each dimension:   [86]
skip in each dimension:        [0]
###########################################
Iteration completed successfully
Iteration wallclock: 0:06:24.717807, cputime: 0:35:35.164078


Mon Jun 10 05:33:59 2024
Iteration 583 (600 requested)
Beginning iteration 583
132 segments remain in iteration 583 (132 total)
31 of 33 (93.939394%) active bins are populated
per-bin minimum non-zero probability:       1.33772e-14
per-bin maximum probability:                0.299686
per-bin probability dynamic range (kT):     30.7402
per-segment minimum non-zero probability:   3.34431e-15
per-segment maximum non-zero probability:   0.0844907
per-segment probability dynamic range (kT): 30.8604
norm = 1, error in norm = -1.11022e-16 (-0.5*epsilon)
MAB binning in use
Bottleneck bin occupancy may not be accurately reported
Waiting for segments to complete...
################ MAB stats ################
minima in each dimension:      [12.1703]
maxima in each dimension:      [39.8136]
direction in each dimension:   [86]
skip in each dimension:        [0]
###########################################
Iteration completed successfully
Iteration wallclock: 0:06:46.353862, cputime: 0:36:46.472525


Mon Jun 10 05:40:46 2024
Iteration 584 (600 requested)
Beginning iteration 584
128 segments remain in iteration 584 (128 total)
31 of 33 (93.939394%) active bins are populated
per-bin minimum non-zero probability:       6.68862e-15
per-bin maximum probability:                0.232099
per-bin probability dynamic range (kT):     31.1778
per-segment minimum non-zero probability:   1.67216e-15
per-segment maximum non-zero probability:   0.0728248
per-segment probability dynamic range (kT): 31.405
norm = 1, error in norm = -1.11022e-16 (-0.5*epsilon)
MAB binning in use
Bottleneck bin occupancy may not be accurately reported
Waiting for segments to complete...
################ MAB stats ################
minima in each dimension:      [11.4276]
maxima in each dimension:      [39.4084]
direction in each dimension:   [86]
skip in each dimension:        [0]
###########################################
Iteration completed successfully
Iteration wallclock: 0:06:25.279529, cputime: 0:35:28.379383


Mon Jun 10 05:47:11 2024
Iteration 585 (600 requested)
Beginning iteration 585
128 segments remain in iteration 585 (128 total)
30 of 33 (90.909091%) active bins are populated
per-bin minimum non-zero probability:       1.23176e-13
per-bin maximum probability:                0.181756
per-bin probability dynamic range (kT):     28.0201
per-segment minimum non-zero probability:   3.03759e-14
per-segment maximum non-zero probability:   0.0728248
per-segment probability dynamic range (kT): 28.5054
norm = 1, error in norm = 0 (0*epsilon)
MAB binning in use
Bottleneck bin occupancy may not be accurately reported
Waiting for segments to complete...
################ MAB stats ################
minima in each dimension:      [12.5714]
maxima in each dimension:      [39.7485]
direction in each dimension:   [86]
skip in each dimension:        [0]
###########################################
Iteration completed successfully
Iteration wallclock: 0:06:24.916007, cputime: 0:35:28.883284


Mon Jun 10 05:53:36 2024
Iteration 586 (600 requested)
Beginning iteration 586
128 segments remain in iteration 586 (128 total)
31 of 33 (93.939394%) active bins are populated
per-bin minimum non-zero probability:       1.39805e-13
per-bin maximum probability:                0.315402
per-bin probability dynamic range (kT):     28.4446
per-segment minimum non-zero probability:   2.69392e-14
per-segment maximum non-zero probability:   0.107305
per-segment probability dynamic range (kT): 29.0131
norm = 1, error in norm = -1.11022e-16 (-0.5*epsilon)
MAB binning in use
Bottleneck bin occupancy may not be accurately reported
Waiting for segments to complete...
################ MAB stats ################
minima in each dimension:      [12.0793]
maxima in each dimension:      [39.901]
direction in each dimension:   [86]
skip in each dimension:        [0]
###########################################
Iteration completed successfully
Iteration wallclock: 0:06:25.112570, cputime: 0:35:36.451497


Mon Jun 10 06:00:01 2024
Iteration 587 (600 requested)
Beginning iteration 587
120 segments remain in iteration 587 (120 total)
30 of 33 (90.909091%) active bins are populated
per-bin minimum non-zero probability:       1.11875e-13
per-bin maximum probability:                0.233385
per-bin probability dynamic range (kT):     28.3663
per-segment minimum non-zero probability:   2.77753e-14
per-segment maximum non-zero probability:   0.0845508
per-segment probability dynamic range (kT): 28.7442
norm = 1, error in norm = -2.22045e-16 (-1*epsilon)
MAB binning in use
Bottleneck bin occupancy may not be accurately reported
Waiting for segments to complete...
################ MAB stats ################
minima in each dimension:      [11.3611]
maxima in each dimension:      [39.5517]
direction in each dimension:   [86]
skip in each dimension:        [0]
###########################################
Iteration completed successfully
Iteration wallclock: 0:06:01.011142, cputime: 0:33:19.632925


Mon Jun 10 06:06:02 2024
Iteration 588 (600 requested)
Beginning iteration 588
124 segments remain in iteration 588 (124 total)
31 of 33 (93.939394%) active bins are populated
per-bin minimum non-zero probability:       5.38784e-14
per-bin maximum probability:                0.196772
per-bin probability dynamic range (kT):     28.9263
per-segment minimum non-zero probability:   1.34696e-14
per-segment maximum non-zero probability:   0.0590878
per-segment probability dynamic range (kT): 29.1096
norm = 1, error in norm = 0 (0*epsilon)
MAB binning in use
Bottleneck bin occupancy may not be accurately reported
Waiting for segments to complete...
################ MAB stats ################
minima in each dimension:      [10.599]
maxima in each dimension:      [38.3368]
direction in each dimension:   [86]
skip in each dimension:        [0]
###########################################
Iteration completed successfully
Iteration wallclock: 0:06:21.671715, cputime: 0:34:28.745182


Mon Jun 10 06:12:24 2024
Iteration 589 (600 requested)
Beginning iteration 589
124 segments remain in iteration 589 (124 total)
31 of 33 (93.939394%) active bins are populated
per-bin minimum non-zero probability:       8.30633e-14
per-bin maximum probability:                0.317891
per-bin probability dynamic range (kT):     28.9731
per-segment minimum non-zero probability:   1.99411e-14
per-segment maximum non-zero probability:   0.0986736
per-segment probability dynamic range (kT): 29.2301
norm = 1, error in norm = 0 (0*epsilon)
MAB binning in use
Bottleneck bin occupancy may not be accurately reported
Waiting for segments to complete...
################ MAB stats ################
minima in each dimension:      [11.8734]
maxima in each dimension:      [39.7795]
direction in each dimension:   [86]
skip in each dimension:        [0]
###########################################
Iteration completed successfully
Iteration wallclock: 0:06:21.566516, cputime: 0:34:30.124983


Mon Jun 10 06:18:45 2024
Iteration 590 (600 requested)
Beginning iteration 590
132 segments remain in iteration 590 (132 total)
33 of 33 (100.000000%) active bins are populated
per-bin minimum non-zero probability:       7.48308e-14
per-bin maximum probability:                0.193733
per-bin probability dynamic range (kT):     28.5823
per-segment minimum non-zero probability:   1.74743e-14
per-segment maximum non-zero probability:   0.0786378
per-segment probability dynamic range (kT): 29.1351
norm = 1, error in norm = 0 (0*epsilon)
MAB binning in use
Bottleneck bin occupancy may not be accurately reported
Waiting for segments to complete...
################ MAB stats ################
minima in each dimension:      [12.3173]
maxima in each dimension:      [39.2257]
direction in each dimension:   [86]
skip in each dimension:        [0]
###########################################
Iteration completed successfully
Iteration wallclock: 0:06:44.862584, cputime: 0:36:40.150578


Mon Jun 10 06:25:30 2024
Iteration 591 (600 requested)
Beginning iteration 591
128 segments remain in iteration 591 (128 total)
31 of 33 (93.939394%) active bins are populated
per-bin minimum non-zero probability:       7.17393e-14
per-bin maximum probability:                0.200583
per-bin probability dynamic range (kT):     28.6592
per-segment minimum non-zero probability:   1.37946e-14
per-segment maximum non-zero probability:   0.0786378
per-segment probability dynamic range (kT): 29.3716
norm = 1, error in norm = -1.11022e-16 (-0.5*epsilon)
MAB binning in use
Bottleneck bin occupancy may not be accurately reported
Waiting for segments to complete...
################ MAB stats ################
minima in each dimension:      [10.6591]
maxima in each dimension:      [38.3536]
direction in each dimension:   [86]
skip in each dimension:        [0]
###########################################
Iteration completed successfully
Iteration wallclock: 0:06:24.806280, cputime: 0:35:42.454185


Mon Jun 10 06:31:55 2024
Iteration 592 (600 requested)
Beginning iteration 592
128 segments remain in iteration 592 (128 total)
32 of 33 (96.969697%) active bins are populated
per-bin minimum non-zero probability:       2.42091e-14
per-bin maximum probability:                0.223952
per-bin probability dynamic range (kT):     29.8557
per-segment minimum non-zero probability:   6.05227e-15
per-segment maximum non-zero probability:   0.0737602
per-segment probability dynamic range (kT): 30.1314
norm = 1, error in norm = -1.11022e-16 (-0.5*epsilon)
MAB binning in use
Bottleneck bin occupancy may not be accurately reported
Waiting for segments to complete...
################ MAB stats ################
minima in each dimension:      [10.7117]
maxima in each dimension:      [39.5008]
direction in each dimension:   [86]
skip in each dimension:        [0]
###########################################
Iteration completed successfully
Iteration wallclock: 0:06:25.120452, cputime: 0:35:34.586729


Mon Jun 10 06:38:20 2024
Iteration 593 (600 requested)
Beginning iteration 593
128 segments remain in iteration 593 (128 total)
31 of 33 (93.939394%) active bins are populated
per-bin minimum non-zero probability:       3.80045e-14
per-bin maximum probability:                0.321386
per-bin probability dynamic range (kT):     29.766
per-segment minimum non-zero probability:   7.98804e-15
per-segment maximum non-zero probability:   0.0956585
per-segment probability dynamic range (kT): 30.1139
norm = 1, error in norm = -1.11022e-16 (-0.5*epsilon)
MAB binning in use
Bottleneck bin occupancy may not be accurately reported
Waiting for segments to complete...
################ MAB stats ################
minima in each dimension:      [12.2686]
maxima in each dimension:      [39.9994]
direction in each dimension:   [86]
skip in each dimension:        [0]
###########################################
Iteration completed successfully
Iteration wallclock: 0:06:30.634362, cputime: 0:35:33.676287


Mon Jun 10 06:44:51 2024
Iteration 594 (600 requested)
Beginning iteration 594
128 segments remain in iteration 594 (128 total)
32 of 33 (96.969697%) active bins are populated
per-bin minimum non-zero probability:       1.44797e-13
per-bin maximum probability:                0.255867
per-bin probability dynamic range (kT):     28.2003
per-segment minimum non-zero probability:   2.74951e-14
per-segment maximum non-zero probability:   0.0956585
per-segment probability dynamic range (kT): 28.8778
norm = 1, error in norm = -1.11022e-16 (-0.5*epsilon)
MAB binning in use
Bottleneck bin occupancy may not be accurately reported
Waiting for segments to complete...
################ MAB stats ################
minima in each dimension:      [9.7893]
maxima in each dimension:      [39.7209]
direction in each dimension:   [86]
skip in each dimension:        [0]
###########################################
Iteration completed successfully
Iteration wallclock: 0:06:28.766058, cputime: 0:35:27.777192


Mon Jun 10 06:51:19 2024
Iteration 595 (600 requested)
Beginning iteration 595
124 segments remain in iteration 595 (124 total)
31 of 33 (93.939394%) active bins are populated
per-bin minimum non-zero probability:       6.23114e-14
per-bin maximum probability:                0.311313
per-bin probability dynamic range (kT):     29.2397
per-segment minimum non-zero probability:   1.16054e-14
per-segment maximum non-zero probability:   0.0816557
per-segment probability dynamic range (kT): 29.5821
norm = 1, error in norm = 0 (0*epsilon)
MAB binning in use
Bottleneck bin occupancy may not be accurately reported
Waiting for segments to complete...
################ MAB stats ################
minima in each dimension:      [8.7638]
maxima in each dimension:      [39.8667]
direction in each dimension:   [86]
skip in each dimension:        [0]
###########################################
Iteration completed successfully
Iteration wallclock: 0:06:22.001344, cputime: 0:34:10.024605


Mon Jun 10 06:57:41 2024
Iteration 596 (600 requested)
Beginning iteration 596
128 segments remain in iteration 596 (128 total)
32 of 33 (96.969697%) active bins are populated
per-bin minimum non-zero probability:       6.6414e-14
per-bin maximum probability:                0.330222
per-bin probability dynamic range (kT):     29.2349
per-segment minimum non-zero probability:   1.66035e-14
per-segment maximum non-zero probability:   0.100408
per-segment probability dynamic range (kT): 29.4306
norm = 1, error in norm = -2.22045e-16 (-1*epsilon)
MAB binning in use
Bottleneck bin occupancy may not be accurately reported
Waiting for segments to complete...
################ MAB stats ################
minima in each dimension:      [8.9889]
maxima in each dimension:      [39.7522]
direction in each dimension:   [86]
skip in each dimension:        [0]
###########################################
Iteration completed successfully
Iteration wallclock: 0:06:24.425440, cputime: 0:35:28.846410


Mon Jun 10 07:04:06 2024
Iteration 597 (600 requested)
Beginning iteration 597
124 segments remain in iteration 597 (124 total)
31 of 33 (93.939394%) active bins are populated
per-bin minimum non-zero probability:       1.66035e-14
per-bin maximum probability:                0.338358
per-bin probability dynamic range (kT):     30.6455
per-segment minimum non-zero probability:   4.15087e-15
per-segment maximum non-zero probability:   0.104696
per-segment probability dynamic range (kT): 30.8588
norm = 1, error in norm = 0 (0*epsilon)
MAB binning in use
Bottleneck bin occupancy may not be accurately reported
Waiting for segments to complete...
################ MAB stats ################
minima in each dimension:      [10.622]
maxima in each dimension:      [38.8261]
direction in each dimension:   [86]
skip in each dimension:        [0]
###########################################
Iteration completed successfully
Iteration wallclock: 0:06:22.373628, cputime: 0:34:23.358116


Mon Jun 10 07:10:28 2024
Iteration 598 (600 requested)
Beginning iteration 598
128 segments remain in iteration 598 (128 total)
31 of 33 (93.939394%) active bins are populated
per-bin minimum non-zero probability:       8.30175e-15
per-bin maximum probability:                0.259457
per-bin probability dynamic range (kT):     31.0731
per-segment minimum non-zero probability:   2.07544e-15
per-segment maximum non-zero probability:   0.0893779
per-segment probability dynamic range (kT): 31.3937
norm = 1, error in norm = 0 (0*epsilon)
MAB binning in use
Bottleneck bin occupancy may not be accurately reported
Waiting for segments to complete...
################ MAB stats ################
minima in each dimension:      [10.9101]
maxima in each dimension:      [39.1397]
direction in each dimension:   [86]
skip in each dimension:        [0]
###########################################
Iteration completed successfully
Iteration wallclock: 0:06:24.334068, cputime: 0:35:31.076073


Mon Jun 10 07:16:53 2024
Iteration 599 (600 requested)
Beginning iteration 599
132 segments remain in iteration 599 (132 total)
33 of 33 (100.000000%) active bins are populated
per-bin minimum non-zero probability:       1.6537e-14
per-bin maximum probability:                0.171574
per-bin probability dynamic range (kT):     29.9704
per-segment minimum non-zero probability:   3.61538e-15
per-segment maximum non-zero probability:   0.0725338
per-segment probability dynamic range (kT): 30.6299
norm = 1, error in norm = -1.11022e-16 (-0.5*epsilon)
MAB binning in use
Bottleneck bin occupancy may not be accurately reported
Waiting for segments to complete...
################ MAB stats ################
minima in each dimension:      [10.2251]
maxima in each dimension:      [38.7349]
direction in each dimension:   [86]
skip in each dimension:        [0]
###########################################
Iteration completed successfully
Iteration wallclock: 0:06:44.421313, cputime: 0:36:28.317685


Mon Jun 10 07:23:37 2024
Iteration 600 (600 requested)
Beginning iteration 600
124 segments remain in iteration 600 (124 total)
31 of 33 (93.939394%) active bins are populated
per-bin minimum non-zero probability:       5.68895e-14
per-bin maximum probability:                0.190977
per-bin probability dynamic range (kT):     28.8421
per-segment minimum non-zero probability:   1.1377e-14
per-segment maximum non-zero probability:   0.0676204
per-segment probability dynamic range (kT): 29.4133
norm = 1, error in norm = 0 (0*epsilon)
MAB binning in use
Bottleneck bin occupancy may not be accurately reported
Waiting for segments to complete...
################ MAB stats ################
minima in each dimension:      [11.2142]
maxima in each dimension:      [38.942]
direction in each dimension:   [86]
skip in each dimension:        [0]
###########################################
Iteration completed successfully
Iteration wallclock: 0:06:22.401495, cputime: 0:34:25.557744


Mon Jun 10 07:29:59 2024
WEST run complete.
