Warning: When compiling code please add the following flags to nvcc:
         -gencode arch=compute_35,code=[compute_35,sm_35] \
         -gencode arch=compute_61,code=[compute_61,sm_61] 
         -gencode arch=compute_70,code=[compute_70,sm_70] 
Warning: When compiling code please add the following flags to nvcc:
         -gencode arch=compute_35,code=[compute_35,sm_35] \
         -gencode arch=compute_61,code=[compute_61,sm_61] 
         -gencode arch=compute_70,code=[compute_70,sm_70] 
+ SANDER=pmemd.cuda
+ pmemd.cuda -O -i 07_prod.in -o 07_prod.out -x 07_prod.nc -p 2kod_4f_solv.prmtop -c 06_prod.rst -r 07_prod.rst -inf 07_prod.nfo
Note: The following floating-point exceptions are signalling: IEEE_UNDERFLOW_FLAG IEEE_DENORMAL
+ echo 'parm 2kod_4f_solv.prmtop'
/var/spool/slurmd/job477959/slurm_script: line 29: strip/strip_07.in: No such file or directory
+ echo 'trajin 07_prod.nc'
/var/spool/slurmd/job477959/slurm_script: line 30: strip/strip_07.in: No such file or directory
+ echo autoimage
/var/spool/slurmd/job477959/slurm_script: line 31: strip/strip_07.in: No such file or directory
+ echo 'strip/strip :WAT,Cl-,Na+ '
/var/spool/slurmd/job477959/slurm_script: line 32: strip/strip_07.in: No such file or directory
+ echo 'trajout 07_prod_dry.nc'
/var/spool/slurmd/job477959/slurm_script: line 33: strip/strip_07.in: No such file or directory
+ echo go
/var/spool/slurmd/job477959/slurm_script: line 34: strip/strip_07.in: No such file or directory
+ echo quit
/var/spool/slurmd/job477959/slurm_script: line 35: strip/strip_07.in: No such file or directory
+ cpptraj -i strip/strip_07.in
/var/spool/slurmd/job477959/slurm_script: line 38: strip/strip_07.out: No such file or directory
+ sbatch h2p_gpu_prod_08.slurm
