1
[35.75030136 35.88388138 36.0174614  36.15104141 36.28462143 36.41820145
 36.55178146 36.68536148 36.8189415  36.95252151 37.08610153 37.21968155
 37.35326157 37.48684158 37.6204216  37.75400162 37.88758163 38.02116165
 38.15474167 38.28832169 38.4219017  38.55548172 38.68906174 38.82264175
 38.95622177 39.08980179 39.22338181 39.35696182 39.49054184 39.62412186
 39.75770187]	
[35.7503] [39.7577]
[None] [None]

2
[33.02510071 33.2480573  33.4710139  33.69397049 33.91692708 34.13988368
 34.36284027 34.58579686 34.80875346 35.03171005 35.25466665 35.47762324
 35.70057983 35.92353643 36.14649302 36.36944962 36.59240621 36.8153628
 37.0383194  37.26127599 37.48423258 37.70718918 37.93014577 38.15310237
 38.37605896 38.59901555 38.82197215 39.04492874 39.26788534 39.49084193
 39.71379852]	
[33.0251] [39.7138]
[34.2125] [39.3365]

3
[33.04230118 33.26818453 33.49406789 33.71995125 33.9458346  34.17171796
 34.39760132 34.62348468 34.84936803 35.07525139 35.30113475 35.5270181
 35.75290146 35.97878482 36.20466817 36.43055153 36.65643489 36.88231824
 37.1082016  37.33408496 37.55996831 37.78585167 38.01173503 38.23761838
 38.46350174 38.6893851  38.91526845 39.14115181 39.36703517 39.59291852
 39.81880188]	
[33.0423] [39.8188]
[None] [39.379]

4
[33.43030167 33.64903488 33.8677681  34.08650131 34.30523453 34.52396774
 34.74270096 34.96143417 35.18016739 35.3989006  35.61763382 35.83636703
 36.05510025 36.27383347 36.49256668 36.7112999  36.93003311 37.14876633
 37.36749954 37.58623276 37.80496597 38.02369919 38.2424324  38.46116562
 38.67989883 38.89863205 39.11736526 39.33609848 39.5548317  39.77356491
 39.99229813]	
[33.4303] [39.9923]
[None] [39.8785]

5
[32.26819992 32.52587992 32.78355993 33.04123993 33.29891993 33.55659993
 33.81427994 34.07195994 34.32963994 34.58731995 34.84499995 35.10267995
 35.36035995 35.61803996 35.87571996 36.13339996 36.39107997 36.64875997
 36.90643997 37.16411997 37.42179998 37.67947998 37.93715998 38.19483999
 38.45251999 38.71019999 38.96787999 39.22556    39.48324    39.74092
 39.99860001]	
[32.2682] [39.9986]
[33.0747] [39.8084]

6
[32.79169846 33.0297718  33.26784515 33.5059185  33.74399185 33.9820652
 34.22013855 34.4582119  34.69628525 34.9343586  35.17243195 35.41050529
 35.64857864 35.88665199 36.12472534 36.36279869 36.60087204 36.83894539
 37.07701874 37.31509209 37.55316544 37.79123878 38.02931213 38.26738548
 38.50545883 38.74353218 38.98160553 39.21967888 39.45775223 39.69582558
 39.93389893]	
[32.7917] [39.9339]
[34.5495] [39.7225]

7
[31.90200043 32.16880379 32.43560715 32.70241051 32.96921387 33.23601723
 33.50282059 33.76962395 34.03642731 34.30323067 34.57003403 34.83683739
 35.10364075 35.37044411 35.63724747 35.90405083 36.17085419 36.43765755
 36.70446091 36.97126427 37.23806763 37.50487099 37.77167435 38.03847771
 38.30528107 38.57208443 38.83888779 39.10569115 39.37249451 39.63929787
 39.90610123]	
[31.902] [39.9061]
[33.6943] [39.8081]

8
[33.17060089 33.3950175  33.6194341  33.84385071 34.06826731 34.29268392
 34.51710052 34.74151713 34.96593374 35.19035034 35.41476695 35.63918355
 35.86360016 36.08801676 36.31243337 36.53684998 36.76126658 36.98568319
 37.21009979 37.4345164  37.658933   37.88334961 38.10776622 38.33218282
 38.55659943 38.78101603 39.00543264 39.22984924 39.45426585 39.67868245
 39.90309906]	
[33.1706] [39.9031]
[34.8896] [39.8319]

9
[32.45640182 32.70729841 32.95819499 33.20909157 33.45998815 33.71088473
 33.96178131 34.21267789 34.46357447 34.71447105 34.96536764 35.21626422
 35.4671608  35.71805738 35.96895396 36.21985054 36.47074712 36.7216437
 36.97254028 37.22343686 37.47433345 37.72523003 37.97612661 38.22702319
 38.47791977 38.72881635 38.97971293 39.23060951 39.48150609 39.73240267
 39.98329926]	
[32.4564] [39.9833]
[None] [None]

10
[32.5945015  32.83788147 33.08126144 33.32464142 33.56802139 33.81140137
 34.05478134 34.29816132 34.54154129 34.78492126 35.02830124 35.27168121
 35.51506119 35.75844116 36.00182114 36.24520111 36.48858109 36.73196106
 36.97534103 37.21872101 37.46210098 37.70548096 37.94886093 38.19224091
 38.43562088 38.67900085 38.92238083 39.1657608  39.40914078 39.65252075
 39.89590073]	
[32.5945] [39.8959]
[32.6349] [None]

11
[31.65999985 31.92172648 32.18345311 32.44517975 32.70690638 32.96863302
 33.23035965 33.49208628 33.75381292 34.01553955 34.27726618 34.53899282
 34.80071945 35.06244609 35.32417272 35.58589935 35.84762599 36.10935262
 36.37107925 36.63280589 36.89453252 37.15625916 37.41798579 37.67971242
 37.94143906 38.20316569 38.46489232 38.72661896 38.98834559 39.25007222
 39.51179886]	
[31.66] [39.5118]
[33.0958] [39.492]

12
[31.28969955 31.5776062  31.86551285 32.15341949 32.44132614 32.72923279
 33.01713943 33.30504608 33.59295273 33.88085938 34.16876602 34.45667267
 34.74457932 35.03248596 35.32039261 35.60829926 35.8962059  36.18411255
 36.4720192  36.75992584 37.04783249 37.33573914 37.62364578 37.91155243
 38.19945908 38.48736572 38.77527237 39.06317902 39.35108566 39.63899231
 39.92689896]	
[31.2897] [39.9269]
[32.0425] [None]

13
[30.61709976 30.91661644 31.21613312 31.5156498  31.81516647 32.11468315
 32.41419983 32.71371651 33.01323318 33.31274986 33.61226654 33.91178322
 34.2112999  34.51081657 34.81033325 35.10984993 35.40936661 35.70888329
 36.00839996 36.30791664 36.60743332 36.90695    37.20646667 37.50598335
 37.80550003 38.10501671 38.40453339 38.70405006 39.00356674 39.30308342
 39.6026001 ]	
[30.6171] [39.6026]
[31.5159] [None]

14
[32.77959824 33.01019491 33.24079158 33.47138824 33.70198491 33.93258158
 34.16317825 34.39377492 34.62437159 34.85496826 35.08556493 35.3161616
 35.54675827 35.77735494 36.00795161 36.23854828 36.46914495 36.69974162
 36.93033829 37.16093496 37.39153163 37.6221283  37.85272497 38.08332163
 38.3139183  38.54451497 38.77511164 39.00570831 39.23630498 39.46690165
 39.69749832]	
[32.7796] [39.6975]
[32.9589] [39.6415]

15
[32.01850128 32.28428129 32.55006129 32.81584129 33.0816213  33.3474013
 33.6131813  33.87896131 34.14474131 34.41052132 34.67630132 34.94208132
 35.20786133 35.47364133 35.73942134 36.00520134 36.27098134 36.53676135
 36.80254135 37.06832136 37.33410136 37.59988136 37.86566137 38.13144137
 38.39722137 38.66300138 38.92878138 39.19456139 39.46034139 39.72612139
 39.9919014 ]	
[32.0185] [39.9919]
[32.9487] [39.6496]

16
[31.59609985 31.87561315 32.15512644 32.43463974 32.71415304 32.99366633
 33.27317963 33.55269292 33.83220622 34.11171951 34.39123281 34.6707461
 34.9502594  35.22977269 35.50928599 35.78879929 36.06831258 36.34782588
 36.62733917 36.90685247 37.18636576 37.46587906 37.74539235 38.02490565
 38.30441895 38.58393224 38.86344554 39.14295883 39.42247213 39.70198542
 39.98149872]	
[31.5961] [39.9815]
[33.0089] [39.4274]

17
[32.17070007 32.42750003 32.68429998 32.94109993 33.19789988 33.45469983
 33.71149979 33.96829974 34.22509969 34.48189964 34.7386996  34.99549955
 35.2522995  35.50909945 35.7658994  36.02269936 36.27949931 36.53629926
 36.79309921 37.04989916 37.30669912 37.56349907 37.82029902 38.07709897
 38.33389893 38.59069888 38.84749883 39.10429878 39.36109873 39.61789869
 39.87469864]	
[32.1707] [39.8747]
[32.6754] [None]

18
[31.86940002 32.1399634  32.41052678 32.68109016 32.95165354 33.22221692
 33.4927803  33.76334368 34.03390706 34.30447044 34.57503382 34.8455972
 35.11616058 35.38672396 35.65728734 35.92785072 36.1984141  36.46897748
 36.73954086 37.01010424 37.28066762 37.551231   37.82179438 38.09235776
 38.36292114 38.63348452 38.9040479  39.17461128 39.44517466 39.71573804
 39.98630142]	
[31.8694] [39.9863]
[32.2161] [39.9389]

19
[31.67210007 31.94860344 32.22510681 32.50161018 32.77811356 33.05461693
 33.3311203  33.60762367 33.88412704 34.16063042 34.43713379 34.71363716
 34.99014053 35.26664391 35.54314728 35.81965065 36.09615402 36.37265739
 36.64916077 36.92566414 37.20216751 37.47867088 37.75517426 38.03167763
 38.308181   38.58468437 38.86118774 39.13769112 39.41419449 39.69069786
 39.96720123]	
[31.6721] [39.9672]
[33.5085] [39.6272]

20
[32.07239914 32.33175583 32.59111252 32.85046921 33.1098259  33.36918259
 33.62853928 33.88789597 34.14725266 34.40660934 34.66596603 34.92532272
 35.18467941 35.4440361  35.70339279 35.96274948 36.22210617 36.48146286
 36.74081955 37.00017624 37.25953293 37.51888962 37.77824631 38.037603
 38.29695969 38.55631638 38.81567307 39.07502975 39.33438644 39.59374313
 39.85309982]	
[32.0724] [39.8531]
[32.7546] [39.6291]

21
[32.44440079 32.69331411 32.94222743 33.19114075 33.44005407 33.68896739
 33.93788071 34.18679403 34.43570735 34.68462067 34.93353399 35.18244731
 35.43136063 35.68027395 35.92918727 36.17810059 36.42701391 36.67592723
 36.92484055 37.17375387 37.42266719 37.67158051 37.92049383 38.16940715
 38.41832047 38.66723378 38.9161471  39.16506042 39.41397374 39.66288706
 39.91180038]	
[32.4444] [39.9118]
[32.9502] [None]

22
[30.78219986 31.08827985 31.39435984 31.70043983 32.00651983 32.31259982
 32.61867981 32.9247598  33.23083979 33.53691978 33.84299978 34.14907977
 34.45515976 34.76123975 35.06731974 35.37339973 35.67947973 35.98555972
 36.29163971 36.5977197  36.90379969 37.20987968 37.51595968 37.82203967
 38.12811966 38.43419965 38.74027964 39.04635963 39.35243963 39.65851962
 39.96459961]	
[30.7822] [39.9646]
[31.6971] [39.6078]

23
[29.71209908 30.05153243 30.39096578 30.73039913 31.06983248 31.40926584
 31.74869919 32.08813254 32.42756589 32.76699924 33.1064326  33.44586595
 33.7852993  34.12473265 34.46416601 34.80359936 35.14303271 35.48246606
 35.82189941 36.16133277 36.50076612 36.84019947 37.17963282 37.51906617
 37.85849953 38.19793288 38.53736623 38.87679958 39.21623294 39.55566629
 39.89509964]	
[29.7121] [39.8951]
[31.9553] [39.2019]

24
[30.13409996 30.45515664 30.77621333 31.09727001 31.4183267  31.73938338
 32.06044006 32.38149675 32.70255343 33.02361012 33.3446668  33.66572348
 33.98678017 34.30783685 34.62889353 34.94995022 35.2710069  35.59206359
 35.91312027 36.23417695 36.55523364 36.87629032 37.19734701 37.51840369
 37.83946037 38.16051706 38.48157374 38.80263042 39.12368711 39.44474379
 39.76580048]	
[30.1341] [39.7658]
[31.6385] [None]

25
[30.81110001 31.11554667 31.41999334 31.72444    32.02888667 32.33333333
 32.63778    32.94222666 33.24667333 33.55112    33.85556666 34.16001333
 34.46445999 34.76890666 35.07335332 35.37779999 35.68224665 35.98669332
 36.29113998 36.59558665 36.90003332 37.20447998 37.50892665 37.81337331
 38.11781998 38.42226664 38.72671331 39.03115997 39.33560664 39.6400533
 39.94449997]	
[30.8111] [39.9445]
[32.1224] [39.8159]

26
[31.46439934 31.74743938 32.03047943 32.31351948 32.59655952 32.87959957
 33.16263962 33.44567966 33.72871971 34.01175976 34.2947998  34.57783985
 34.8608799  35.14391994 35.42695999 35.71000004 35.99304008 36.27608013
 36.55912018 36.84216022 37.12520027 37.40824032 37.69128036 37.97432041
 38.25736046 38.54040051 38.82344055 39.1064806  39.38952065 39.67256069
 39.95560074]	
[31.4644] [39.9556]
[32.0976] [39.8827]

27
[31.30920029 31.5906503  31.87210032 32.15355034 32.43500036 32.71645037
 32.99790039 33.27935041 33.56080043 33.84225044 34.12370046 34.40515048
 34.68660049 34.96805051 35.24950053 35.53095055 35.81240056 36.09385058
 36.3753006  36.65675062 36.93820063 37.21965065 37.50110067 37.78255068
 38.0640007  38.34545072 38.62690074 38.90835075 39.18980077 39.47125079
 39.75270081]	
[31.3092] [39.7527]
[32.1264] [None]

28
[27.05699921 27.48684921 27.91669922 28.34654922 28.77639923 29.20624924
 29.63609924 30.06594925 30.49579926 30.92564926 31.35549927 31.78534927
 32.21519928 32.64504929 33.07489929 33.5047493  33.9345993  34.36444931
 34.79429932 35.22414932 35.65399933 36.08384933 36.51369934 36.94354935
 37.37339935 37.80324936 38.23309937 38.66294937 39.09279938 39.52264938
 39.95249939]	
[27.057] [39.9525]
[32.697] [None]

29
[31.17900085 31.46769422 31.75638758 32.04508095 32.33377431 32.62246768
 32.91116104 33.19985441 33.48854777 33.77724113 34.0659345  34.35462786
 34.64332123 34.93201459 35.22070796 35.50940132 35.79809469 36.08678805
 36.37548141 36.66417478 36.95286814 37.24156151 37.53025487 37.81894824
 38.1076416  38.39633497 38.68502833 38.97372169 39.26241506 39.55110842
 39.83980179]	
[31.179] [39.8398]
[33.0201] [None]

30
[29.66419983 30.00420647 30.3442131  30.68421974 31.02422638 31.36423302
 31.70423965 32.04424629 32.38425293 32.72425957 33.0642662  33.40427284
 33.74427948 34.08428612 34.42429276 34.76429939 35.10430603 35.44431267
 35.78431931 36.12432594 36.46433258 36.80433922 37.14434586 37.48435249
 37.82435913 38.16436577 38.50437241 38.84437904 39.18438568 39.52439232
 39.86439896]	
[29.6642] [39.8644]
[31.646] [39.522]

31
[29.70709991 30.04931323 30.39152654 30.73373985 31.07595317 31.41816648
 31.76037979 32.1025931  32.44480642 32.78701973 33.12923304 33.47144636
 33.81365967 34.15587298 34.49808629 34.84029961 35.18251292 35.52472623
 35.86693954 36.20915286 36.55136617 36.89357948 37.2357928  37.57800611
 37.92021942 38.26243273 38.60464605 38.94685936 39.28907267 39.63128599
 39.9734993 ]	
[29.7071] [39.9735]
[31.9542] [39.8317]

32
[31.81329918 32.08496927 32.35663935 32.62830944 32.89997953 33.17164961
 33.4433197  33.71498979 33.98665988 34.25832996 34.53000005 34.80167014
 35.07334023 35.34501031 35.6166804  35.88835049 36.16002057 36.43169066
 36.70336075 36.97503084 37.24670092 37.51837101 37.7900411  38.06171118
 38.33338127 38.60505136 38.87672145 39.14839153 39.42006162 39.69173171
 39.96340179]	
[31.8133] [39.9634]
[32.5362] [39.6947]

33
[31.1291008  31.42404073 31.71898066 32.01392059 32.30886052 32.60380046
 32.89874039 33.19368032 33.48862025 33.78356018 34.07850011 34.37344004
 34.66837997 34.96331991 35.25825984 35.55319977 35.8481397  36.14307963
 36.43801956 36.73295949 37.02789942 37.32283936 37.61777929 37.91271922
 38.20765915 38.50259908 38.79753901 39.09247894 39.38741887 39.68235881
 39.97729874]	
[31.1291] [39.9773]
[None] [None]

34
[32.31999969 32.57465973 32.82931976 33.0839798  33.33863983 33.59329987
 33.8479599  34.10261993 34.35727997 34.61194    34.86660004 35.12126007
 35.3759201  35.63058014 35.88524017 36.13990021 36.39456024 36.64922028
 36.90388031 37.15854034 37.41320038 37.66786041 37.92252045 38.17718048
 38.43184052 38.68650055 38.94116058 39.19582062 39.45048065 39.70514069
 39.95980072]	
[32.32] [39.9598]
[32.3652] [39.8086]

35
[30.17329979 30.49873651 30.82417323 31.14960995 31.47504667 31.80048339
 32.1259201  32.45135682 32.77679354 33.10223026 33.42766698 33.7531037
 34.07854042 34.40397714 34.72941386 35.05485058 35.3802873  35.70572402
 36.03116074 36.35659746 36.68203417 37.00747089 37.33290761 37.65834433
 37.98378105 38.30921777 38.63465449 38.96009121 39.28552793 39.61096465
 39.93640137]	
[30.1733] [39.9364]
[31.0535] [None]

36
[31.14039993 31.43316663 31.72593333 32.01870003 32.31146673 32.60423342
 32.89700012 33.18976682 33.48253352 33.77530022 34.06806691 34.36083361
 34.65360031 34.94636701 35.23913371 35.53190041 35.8246671  36.1174338
 36.4102005  36.7029672  36.9957339  37.2885006  37.58126729 37.87403399
 38.16680069 38.45956739 38.75233409 39.04510078 39.33786748 39.63063418
 39.92340088]	
[31.1404] [39.9234]
[31.4346] [39.8198]

37
[30.31579971 30.63781306 30.95982641 31.28183975 31.6038531  31.92586644
 32.24787979 32.56989314 32.89190648 33.21391983 33.53593318 33.85794652
 34.17995987 34.50197322 34.82398656 35.14599991 35.46801325 35.7900266
 36.11203995 36.43405329 36.75606664 37.07807999 37.40009333 37.72210668
 38.04412003 38.36613337 38.68814672 39.01016006 39.33217341 39.65418676
 39.9762001 ]	
[30.3158] [39.9762]
[32.0532] [39.6025]

38
[31.35289955 31.63984292 31.9267863  32.21372967 32.50067304 32.78761641
 33.07455978 33.36150316 33.64844653 33.9353899  34.22233327 34.50927664
 34.79622002 35.08316339 35.37010676 35.65705013 35.9439935  36.23093688
 36.51788025 36.80482362 37.09176699 37.37871037 37.66565374 37.95259711
 38.23954048 38.52648385 38.81342723 39.1003706  39.38731397 39.67425734
 39.96120071]	
[31.3529] [39.9612]
[33.4064] [None]

39
[30.40609932 30.72460601 31.04311269 31.36161938 31.68012606 31.99863275
 32.31713943 32.63564612 32.95415281 33.27265949 33.59116618 33.90967286
 34.22817955 34.54668624 34.86519292 35.18369961 35.50220629 35.82071298
 36.13921967 36.45772635 36.77623304 37.09473972 37.41324641 37.73175309
 38.05025978 38.36876647 38.68727315 39.00577984 39.32428652 39.64279321
 39.9612999 ]	
[30.4061] [39.9613]
[32.2227] [39.7146]

40
[28.26790047 28.65030041 29.03270035 29.41510029 29.79750023 30.17990017
 30.56230011 30.94470005 31.32709999 31.70949993 32.09189987 32.47429981
 32.85669975 33.23909969 33.62149963 34.00389957 34.38629951 34.76869946
 35.1510994  35.53349934 35.91589928 36.29829922 36.68069916 37.0630991
 37.44549904 37.82789898 38.21029892 38.59269886 38.9750988  39.35749874
 39.73989868]	
[28.2679] [39.7399]
[32.9546] [39.6146]

41
[30.03179932 30.35656268 30.68132604 31.0060894  31.33085276 31.65561612
 31.98037949 32.30514285 32.62990621 32.95466957 33.27943293 33.60419629
 33.92895966 34.25372302 34.57848638 34.90324974 35.2280131  35.55277646
 35.87753983 36.20230319 36.52706655 36.85182991 37.17659327 37.50135663
 37.82612    38.15088336 38.47564672 38.80041008 39.12517344 39.4499368
 39.77470016]	
[30.0318] [39.7747]
[30.9205] [38.8459]

42
[29.65329933 29.99560935 30.33791936 30.68022938 31.02253939 31.36484941
 31.70715942 32.04946944 32.39177945 32.73408947 33.07639949 33.4187095
 33.76101952 34.10332953 34.44563955 34.78794956 35.13025958 35.47256959
 35.81487961 36.15718962 36.49949964 36.84180965 37.18411967 37.52642968
 37.8687397  38.21104972 38.55335973 38.89566975 39.23797976 39.58028978
 39.92259979]	
[29.6533] [39.9226]
[32.2455] [39.7169]

43
[30.00219917 30.33500258 30.66780599 31.0006094  31.33341281 31.66621621
 31.99901962 32.33182303 32.66462644 32.99742985 33.33023326 33.66303666
 33.99584007 34.32864348 34.66144689 34.9942503  35.32705371 35.65985711
 35.99266052 36.32546393 36.65826734 36.99107075 37.32387416 37.65667756
 37.98948097 38.32228438 38.65508779 38.9878912  39.32069461 39.65349801
 39.98630142]	
[30.0022] [39.9863]
[31.7799] [None]

44
[29.37759972 29.73101304 30.08442637 30.4378397  30.79125303 31.14466635
 31.49807968 31.85149301 32.20490634 32.55831966 32.91173299 33.26514632
 33.61855965 33.97197297 34.3253863  34.67879963 35.03221296 35.38562628
 35.73903961 36.09245294 36.44586627 36.79927959 37.15269292 37.50610625
 37.85951958 38.2129329  38.56634623 38.91975956 39.27317289 39.62658621
 39.97999954]	
[29.3776] [39.98]
[32.391] [39.9093]

45
[29.84469986 30.18215981 30.51961975 30.8570797  31.19453964 31.53199959
 31.86945953 32.20691948 32.54437943 32.88183937 33.21929932 33.55675926
 33.89421921 34.23167915 34.5691391  34.90659904 35.24405899 35.58151894
 35.91897888 36.25643883 36.59389877 36.93135872 37.26881866 37.60627861
 37.94373856 38.2811985  38.61865845 38.95611839 39.29357834 39.63103828
 39.96849823]	
[29.8447] [39.9685]
[31.5696] [None]

46
[30.07130051 30.39536044 30.71942037 31.0434803  31.36754023 31.69160016
 32.0156601  32.33972003 32.66377996 32.98783989 33.31189982 33.63595975
 33.96001968 34.28407962 34.60813955 34.93219948 35.25625941 35.58031934
 35.90437927 36.2284392  36.55249914 36.87655907 37.200619   37.52467893
 37.84873886 38.17279879 38.49685872 38.82091866 39.14497859 39.46903852
 39.79309845]	
[30.0713] [39.7931]
[32.3177] [39.75]

47
[31.17720032 31.46203028 31.74686025 32.03169022 32.31652018 32.60135015
 32.88618011 33.17101008 33.45584005 33.74067001 34.02549998 34.31032995
 34.59515991 34.87998988 35.16481984 35.44964981 35.73447978 36.01930974
 36.30413971 36.58896968 36.87379964 37.15862961 37.44345957 37.72828954
 38.01311951 38.29794947 38.58277944 38.86760941 39.15243937 39.43726934
 39.7220993 ]	
[31.1772] [39.7221]
[31.6312] [None]

48
[31.53890038 31.82068704 32.1024737  32.38426037 32.66604703 32.9478337
 33.22962036 33.51140703 33.79319369 34.07498035 34.35676702 34.63855368
 34.92034035 35.20212701 35.48391368 35.76570034 36.047487   36.32927367
 36.61106033 36.892847   37.17463366 37.45642033 37.73820699 38.01999365
 38.30178032 38.58356698 38.86535365 39.14714031 39.42892698 39.71071364
 39.99250031]	
[31.5389] [39.9925]
[31.5802] [39.7898]

49
[30.86120033 31.16567694 31.47015355 31.77463017 32.07910678 32.38358339
 32.68806    32.99253661 33.29701322 33.60148983 33.90596644 34.21044305
 34.51491966 34.81939627 35.12387288 35.42834949 35.73282611 36.03730272
 36.34177933 36.64625594 36.95073255 37.25520916 37.55968577 37.86416238
 38.16863899 38.4731156  38.77759221 39.08206882 39.38654544 39.69102205
 39.99549866]	
[30.8612] [39.9955]
[31.9252] [None]

50
[31.3647995  31.64551951 31.92623952 32.20695953 32.48767955 32.76839956
 33.04911957 33.32983958 33.61055959 33.8912796  34.17199961 34.45271962
 34.73343964 35.01415965 35.29487966 35.57559967 35.85631968 36.13703969
 36.4177597  36.69847972 36.97919973 37.25991974 37.54063975 37.82135976
 38.10207977 38.38279978 38.6635198  38.94423981 39.22495982 39.50567983
 39.78639984]	
[31.3648] [39.7864]
[32.4369] [39.6723]

51
[29.85779953 30.18171285 30.50562617 30.82953949 31.15345281 31.47736613
 31.80127945 32.12519277 32.44910609 32.77301941 33.09693273 33.42084605
 33.74475937 34.06867269 34.39258601 34.71649933 35.04041265 35.36432597
 35.68823929 36.01215261 36.33606593 36.65997925 36.98389257 37.30780589
 37.63171921 37.95563253 38.27954585 38.60345917 38.92737249 39.25128581
 39.57519913]	
[29.8578] [39.5752]
[32.3759] [38.995]

52
[29.46750069 29.81396732 30.16043396 30.5069006  30.85336723 31.19983387
 31.54630051 31.89276714 32.23923378 32.58570042 32.93216705 33.27863369
 33.62510033 33.97156696 34.3180336  34.66450024 35.01096687 35.35743351
 35.70390015 36.05036678 36.39683342 36.74330006 37.08976669 37.43623333
 37.78269997 38.1291666  38.47563324 38.82209988 39.16856651 39.51503315
 39.86149979]	
[29.4675] [39.8615]
[32.0112] [None]

53
[28.01040077 28.40921408 28.80802739 29.20684071 29.60565402 30.00446733
 30.40328064 30.80209395 31.20090726 31.59972057 31.99853388 32.3973472
 32.79616051 33.19497382 33.59378713 33.99260044 34.39141375 34.79022706
 35.18904037 35.58785369 35.986667   36.38548031 36.78429362 37.18310693
 37.58192024 37.98073355 38.37954686 38.77836018 39.17717349 39.5759868
 39.97480011]	
[28.0104] [39.9748]
[30.8326] [None]

54
[29.9090004  30.24233042 30.57566045 30.90899048 31.24232051 31.57565053
 31.90898056 32.24231059 32.57564061 32.90897064 33.24230067 33.5756307
 33.90896072 34.24229075 34.57562078 34.90895081 35.24228083 35.57561086
 35.90894089 36.24227091 36.57560094 36.90893097 37.242261   37.57559102
 37.90892105 38.24225108 38.57558111 38.90891113 39.24224116 39.57557119
 39.90890121]	
[29.909] [39.9089]
[32.5589] [39.6059]

55
[29.62470055 29.96772391 30.31074727 30.65377064 30.996794   31.33981737
 31.68284073 32.02586409 32.36888746 32.71191082 33.05493418 33.39795755
 33.74098091 34.08400428 34.42702764 34.770051   35.11307437 35.45609773
 35.79912109 36.14214446 36.48516782 36.82819118 37.17121455 37.51423791
 37.85726128 38.20028464 38.543308   38.88633137 39.22935473 39.57237809
 39.91540146]	
[29.6247] [39.9154]
[31.8831] [39.7724]

56
[30.62969971 30.93704974 31.24439977 31.5517498  31.85909983 32.16644986
 32.4737999  32.78114993 33.08849996 33.39584999 33.70320002 34.01055005
 34.31790009 34.62525012 34.93260015 35.23995018 35.54730021 35.85465024
 36.16200027 36.46935031 36.77670034 37.08405037 37.3914004  37.69875043
 38.00610046 38.3134505  38.62080053 38.92815056 39.23550059 39.54285062
 39.85020065]	
[30.6297] [39.8502]
[31.269] [None]

57
[30.09420013 30.4240935  30.75398687 31.08388023 31.4137736  31.74366697
 32.07356033 32.4034537  32.73334707 33.06324043 33.3931338  33.72302717
 34.05292053 34.3828139  34.71270727 35.04260063 35.372494   35.70238736
 36.03228073 36.3621741  36.69206746 37.02196083 37.3518542  37.68174756
 38.01164093 38.3415343  38.67142766 39.00132103 39.3312144  39.66110776
 39.99100113]	
[30.0942] [39.991]
[32.5755] [38.686]

58
[29.67449951 30.01814613 30.36179276 30.70543938 31.049086   31.39273262
 31.73637924 32.08002586 32.42367249 32.76731911 33.11096573 33.45461235
 33.79825897 34.14190559 34.48555222 34.82919884 35.17284546 35.51649208
 35.8601387  36.20378532 36.54743195 36.89107857 37.23472519 37.57837181
 37.92201843 38.26566505 38.60931168 38.9529583  39.29660492 39.64025154
 39.98389816]	
[29.6745] [39.9839]
[31.7329] [39.8013]

59
[29.75239944 30.08822619 30.42405294 30.75987968 31.09570643 31.43153318
 31.76735992 32.10318667 32.43901342 32.77484016 33.11066691 33.44649366
 33.7823204  34.11814715 34.4539739  34.78980064 35.12562739 35.46145414
 35.79728088 36.13310763 36.46893438 36.80476112 37.14058787 37.47641462
 37.81224136 38.14806811 38.48389486 38.8197216  39.15554835 39.4913751
 39.82720184]	
[29.7524] [39.8272]
[30.644] [39.5854]

60
[30.25810051 30.5818772  30.90565389 31.22943058 31.55320727 31.87698396
 32.20076065 32.52453734 32.84831403 33.17209072 33.49586741 33.8196441
 34.14342079 34.46719748 34.79097417 35.11475086 35.43852755 35.76230424
 36.08608093 36.40985762 36.73363431 37.057411   37.38118769 37.70496438
 38.02874107 38.35251776 38.67629445 39.00007114 39.32384783 39.64762452
 39.97140121]	
[30.2581] [39.9714]
[30.5802] [39.8486]

61
[29.24349976 29.60203641 29.96057307 30.31910973 30.67764638 31.03618304
 31.3947197  31.75325635 32.11179301 32.47032967 32.82886632 33.18740298
 33.54593964 33.90447629 34.26301295 34.62154961 34.98008626 35.33862292
 35.69715958 36.05569623 36.41423289 36.77276955 37.1313062  37.48984286
 37.84837952 38.20691617 38.56545283 38.92398949 39.28252614 39.6410628
 39.99959946]	
[29.2435] [39.9996]
[30.3902] [None]

62
[30.01079941 30.33971939 30.66863937 30.99755936 31.32647934 31.65539932
 31.98431931 32.31323929 32.64215927 32.97107925 33.29999924 33.62891922
 33.9578392  34.28675919 34.61567917 34.94459915 35.27351913 35.60243912
 35.9313591  36.26027908 36.58919907 36.91811905 37.24703903 37.57595901
 37.904879   38.23379898 38.56271896 38.89163895 39.22055893 39.54947891
 39.8783989 ]	
[30.0108] [39.8784]
[31.2276] [39.5609]

63
[29.19000053 29.53849379 29.88698705 30.23548031 30.58397357 30.93246682
 31.28096008 31.62945334 31.9779466  32.32643986 32.67493312 33.02342637
 33.37191963 33.72041289 34.06890615 34.41739941 34.76589266 35.11438592
 35.46287918 35.81137244 36.1598657  36.50835896 36.85685221 37.20534547
 37.55383873 37.90233199 38.25082525 38.5993185  38.94781176 39.29630502
 39.64479828]	
[29.19] [39.6448]
[31.0388] [39.5394]

64
[28.77420044 29.13727379 29.50034714 29.86342049 30.22649384 30.58956718
 30.95264053 31.31571388 31.67878723 32.04186058 32.40493393 32.76800728
 33.13108063 33.49415398 33.85722733 34.22030067 34.58337402 34.94644737
 35.30952072 35.67259407 36.03566742 36.39874077 36.76181412 37.12488747
 37.48796082 37.85103416 38.21410751 38.57718086 38.94025421 39.30332756
 39.66640091]	
[28.7742] [39.6664]
[31.3088] [39.652]

65
[28.81620026 29.18211352 29.54802678 29.91394005 30.27985331 30.64576658
 31.01167984 31.3775931  31.74350637 32.10941963 32.4753329  32.84124616
 33.20715942 33.57307269 33.93898595 34.30489922 34.67081248 35.03672574
 35.40263901 35.76855227 36.13446554 36.5003788  36.86629206 37.23220533
 37.59811859 37.96403186 38.32994512 38.69585838 39.06177165 39.42768491
 39.79359818]	
[28.8162] [39.7936]
[29.5729] [39.4528]

66
[28.71689987 29.09179993 29.46669998 29.84160004 30.21650009 30.59140015
 30.9663002  31.34120026 31.71610031 32.09100037 32.46590042 32.84080048
 33.21570053 33.59060059 33.96550064 34.3404007  34.71530075 35.09020081
 35.46510086 35.84000092 36.21490097 36.58980103 36.96470108 37.33960114
 37.71450119 38.08940125 38.4643013  38.83920135 39.21410141 39.58900146
 39.96390152]	
[28.7169] [39.9639]
[30.9483] [39.3786]

67
[28.53370094 28.89680754 29.25991414 29.62302074 29.98612734 30.34923395
 30.71234055 31.07544715 31.43855375 31.80166035 32.16476695 32.52787355
 32.89098015 33.25408675 33.61719335 33.98029995 34.34340655 34.70651315
 35.06961975 35.43272635 35.79583295 36.15893955 36.52204615 36.88515275
 37.24825935 37.61136595 37.97447255 38.33757915 38.70068576 39.06379236
 39.42689896]	
[28.5337] [39.4269]
[30.0868] [39.272]

68
[29.09320068 29.45394732 29.81469396 30.1754406  30.53618724 30.89693387
 31.25768051 31.61842715 31.97917379 32.33992043 32.70066706 33.0614137
 33.42216034 33.78290698 34.14365362 34.50440025 34.86514689 35.22589353
 35.58664017 35.94738681 36.30813344 36.66888008 37.02962672 37.39037336
 37.75112    38.11186663 38.47261327 38.83335991 39.19410655 39.55485319
 39.91559982]	
[29.0932] [39.9156]
[31.1768] [39.6126]

69
[28.7845993  29.15472272 29.52484614 29.89496956 30.26509298 30.6352164
 31.00533981 31.37546323 31.74558665 32.11571007 32.48583349 32.8559569
 33.22608032 33.59620374 33.96632716 34.33645058 34.70657399 35.07669741
 35.44682083 35.81694425 36.18706767 36.55719109 36.9273145  37.29743792
 37.66756134 38.03768476 38.40780818 38.77793159 39.14805501 39.51817843
 39.88830185]	
[28.7846] [39.8883]
[29.9214] [39.6234]

70
[27.74740028 28.1343036  28.52120692 28.90811024 29.29501355 29.68191687
 30.06882019 30.45572351 30.84262683 31.22953014 31.61643346 32.00333678
 32.3902401  32.77714341 33.16404673 33.55095005 33.93785337 34.32475669
 34.71166    35.09856332 35.48546664 35.87236996 36.25927327 36.64617659
 37.03307991 37.41998323 37.80688655 38.19378986 38.58069318 38.9675965
 39.35449982]	
[27.7474] [39.3545]
[30.4892] [39.2128]

71
[28.56369972 28.94163303 29.31956635 29.69749966 30.07543297 30.45336628
 30.83129959 31.2092329  31.58716621 31.96509953 32.34303284 32.72096615
 33.09889946 33.47683277 33.85476608 34.23269939 34.61063271 34.98856602
 35.36649933 35.74443264 36.12236595 36.50029926 36.87823257 37.25616589
 37.6340992  38.01203251 38.38996582 38.76789913 39.14583244 39.52376575
 39.90169907]	
[28.5637] [39.9017]
[30.1167] [None]

72
[29.48040009 29.83053678 30.18067347 30.53081017 30.88094686 31.23108355
 31.58122025 31.93135694 32.28149363 32.63163033 32.98176702 33.33190371
 33.68204041 34.0321771  34.38231379 34.73245049 35.08258718 35.43272387
 35.78286057 36.13299726 36.48313395 36.83327065 37.18340734 37.53354403
 37.88368073 38.23381742 38.58395411 38.93409081 39.2842275  39.63436419
 39.98450089]	
[29.4804] [39.9845]
[29.9081] [39.6232]

73
[28.90880013 29.27764683 29.64649353 30.01534023 30.38418694 30.75303364
 31.12188034 31.49072704 31.85957375 32.22842045 32.59726715 32.96611385
 33.33496056 33.70380726 34.07265396 34.44150066 34.81034737 35.17919407
 35.54804077 35.91688747 36.28573418 36.65458088 37.02342758 37.39227428
 37.76112099 38.12996769 38.49881439 38.86766109 39.2365078  39.6053545
 39.9742012 ]	
[28.9088] [39.9742]
[30.2423] [38.9912]

74
[29.73769951 30.07759622 30.41749293 30.75738964 31.09728635 31.43718306
 31.77707977 32.11697648 32.45687319 32.79676991 33.13666662 33.47656333
 33.81646004 34.15635675 34.49625346 34.83615017 35.17604688 35.51594359
 35.8558403  36.19573701 36.53563372 36.87553043 37.21542714 37.55532386
 37.89522057 38.23511728 38.57501399 38.9149107  39.25480741 39.59470412
 39.93460083]	
[29.7377] [39.9346]
[29.9334] [39.835]

75
[29.02190018 29.38594678 29.74999339 30.11403999 30.4780866  30.8421332
 31.20617981 31.57022641 31.93427302 32.29831963 32.66236623 33.02641284
 33.39045944 33.75450605 34.11855265 34.48259926 34.84664586 35.21069247
 35.57473907 35.93878568 36.30283229 36.66687889 37.0309255  37.3949721
 37.75901871 38.12306531 38.48711192 38.85115852 39.21520513 39.57925173
 39.94329834]	
[29.0219] [39.9433]
[29.9089] [None]

76
[28.70429993 29.08069992 29.45709991 29.83349991 30.2098999  30.5862999
 30.96269989 31.33909988 31.71549988 32.09189987 32.46829987 32.84469986
 33.22109985 33.59749985 33.97389984 34.35029984 34.72669983 35.10309982
 35.47949982 35.85589981 36.2322998  36.6086998  36.98509979 37.36149979
 37.73789978 38.11429977 38.49069977 38.86709976 39.24349976 39.61989975
 39.99629974]	
[28.7043] [39.9963]
[31.4393] [39.7061]

77
[29.73629951 30.07686621 30.41743291 30.75799961 31.09856631 31.43913301
 31.77969971 32.12026641 32.4608331  32.8013998  33.1419665  33.4825332
 33.8230999  34.1636666  34.5042333  34.8448     35.18536669 35.52593339
 35.86650009 36.20706679 36.54763349 36.88820019 37.22876689 37.56933359
 37.90990028 38.25046698 38.59103368 38.93160038 39.27216708 39.61273378
 39.95330048]	
[29.7363] [39.9533]
[30.6781] [None]

78
[28.40629959 28.7850296  29.16375961 29.54248962 29.92121964 30.29994965
 30.67867966 31.05740967 31.43613968 31.81486969 32.1935997  32.57232971
 32.95105972 33.32978973 33.70851974 34.08724976 34.46597977 34.84470978
 35.22343979 35.6021698  35.98089981 36.35962982 36.73835983 37.11708984
 37.49581985 37.87454987 38.25327988 38.63200989 39.0107399  39.38946991
 39.76819992]	
[28.4063] [39.7682]
[30.5965] [38.7445]

79
[29.13529968 29.48251966 29.82973963 30.17695961 30.52417959 30.87139956
 31.21861954 31.56583951 31.91305949 32.26027946 32.60749944 32.95471942
 33.30193939 33.64915937 33.99637934 34.34359932 34.6908193  35.03803927
 35.38525925 35.73247922 36.0796992  36.42691917 36.77413915 37.12135913
 37.4685791  37.81579908 38.16301905 38.51023903 38.857459   39.20467898
 39.55189896]	
[29.1353] [39.5519]
[31.0425] [39.5216]

80
[27.78050041 28.18072376 28.58094711 28.98117046 29.38139381 29.78161716
 30.18184052 30.58206387 30.98228722 31.38251057 31.78273392 32.18295727
 32.58318062 32.98340397 33.38362732 33.78385067 34.18407402 34.58429737
 34.98452072 35.38474407 35.78496742 36.18519077 36.58541412 36.98563747
 37.38586082 37.78608418 38.18630753 38.58653088 38.98675423 39.38697758
 39.78720093]	
[27.7805] [39.7872]
[30.7126] [39.6907]

81
[25.54820061 26.02360719 26.49901377 26.97442036 27.44982694 27.92523352
 28.40064011 28.87604669 29.35145327 29.82685986 30.30226644 30.77767302
 31.25307961 31.72848619 32.20389277 32.67929935 33.15470594 33.63011252
 34.1055191  34.58092569 35.05633227 35.53173885 36.00714544 36.48255202
 36.9579586  37.43336519 37.90877177 38.38417835 38.85958494 39.33499152
 39.8103981 ]	
[25.5482] [39.8104]
[34.3748] [39.5063]

82
[29.51040077 29.85129744 30.19219411 30.53309078 30.87398745 31.21488412
 31.55578079 31.89667746 32.23757413 32.5784708  32.91936747 33.26026414
 33.60116081 33.94205748 34.28295415 34.62385082 34.96474749 35.30564416
 35.64654083 35.9874375  36.32833417 36.66923084 37.01012751 37.35102418
 37.69192085 38.03281752 38.37371419 38.71461086 39.05550753 39.3964042
 39.73730087]	
[29.5104] [39.7373]
[29.8298] [38.5179]

83
[28.50819969 28.87215633 29.23611298 29.60006962 29.96402626 30.3279829
 30.69193954 31.05589619 31.41985283 31.78380947 32.14776611 32.51172276
 32.8756794  33.23963604 33.60359268 33.96754932 34.33150597 34.69546261
 35.05941925 35.42337589 35.78733253 36.15128918 36.51524582 36.87920246
 37.2431591  37.60711575 37.97107239 38.33502903 38.69898567 39.06294231
 39.42689896]	
[28.5082] [39.4269]
[28.6895] [None]

84
[26.79080009 27.23045012 27.67010015 28.10975018 28.5494002  28.98905023
 29.42870026 29.86835028 30.30800031 30.74765034 31.18730036 31.62695039
 32.06660042 32.50625045 32.94590047 33.3855505  33.82520053 34.26485055
 34.70450058 35.14415061 35.58380063 36.02345066 36.46310069 36.90275071
 37.34240074 37.78205077 38.2217008  38.66135082 39.10100085 39.54065088
 39.9803009 ]	
[26.7908] [39.9803]
[32.0359] [39.327]

85
[26.0258007  26.48020407 26.93460744 27.38901081 27.84341418 28.29781755
 28.75222092 29.20662429 29.66102765 30.11543102 30.56983439 31.02423776
 31.47864113 31.9330445  32.38744787 32.84185123 33.2962546  33.75065797
 34.20506134 34.65946471 35.11386808 35.56827145 36.02267481 36.47707818
 36.93148155 37.38588492 37.84028829 38.29469166 38.74909503 39.2034984
 39.65790176]	
[26.0258] [39.6579]
[29.2563] [39.6092]

86
[25.08499908 25.5799291  26.07485911 26.56978912 27.06471914 27.55964915
 28.05457916 28.54950918 29.04443919 29.5393692  30.03429921 30.52922923
 31.02415924 31.51908925 32.01401927 32.50894928 33.00387929 33.49880931
 33.99373932 34.48866933 34.98359934 35.47852936 35.97345937 36.46838938
 36.9633194  37.45824941 37.95317942 38.44810944 38.94303945 39.43796946
 39.93289948]	
[25.085] [39.9329]
[31.289] [None]

87
[25.65859985 26.13352648 26.60845311 27.08337975 27.55830638 28.03323301
 28.50815964 28.98308627 29.4580129  29.93293953 30.40786616 30.88279279
 31.35771942 31.83264605 32.30757268 32.78249931 33.25742594 33.73235257
 34.20727921 34.68220584 35.15713247 35.6320591  36.10698573 36.58191236
 37.05683899 37.53176562 38.00669225 38.48161888 38.95654551 39.43147214
 39.90639877]	
[25.6586] [39.9064]
[30.8594] [39.6295]

88
[25.92200089 26.39052747 26.85905406 27.32758064 27.79610723 28.26463381
 28.7331604  29.20168699 29.67021357 30.13874016 30.60726674 31.07579333
 31.54431992 32.0128465  32.48137309 32.94989967 33.41842626 33.88695285
 34.35547943 34.82400602 35.2925326  35.76105919 36.22958577 36.69811236
 37.16663895 37.63516553 38.10369212 38.5722187  39.04074529 39.50927188
 39.97779846]	
[25.922] [39.9778]
[34.4323] [39.9158]

89
[25.31640053 25.8019172  26.28743388 26.77295055 27.25846723 27.7439839
 28.22950058 28.71501726 29.20053393 29.68605061 30.17156728 30.65708396
 31.14260063 31.62811731 32.11363398 32.59915066 33.08466733 33.57018401
 34.05570068 34.54121736 35.02673403 35.51225071 35.99776738 36.48328406
 36.96880074 37.45431741 37.93983409 38.42535076 38.91086744 39.39638411
 39.88190079]	
[25.3164] [39.8819]
[32.6763] [None]

90
[26.49110031 26.9362203  27.38134028 27.82646027 28.27158025 28.71670024
 29.16182022 29.60694021 30.05206019 30.49718018 30.94230016 31.38742015
 31.83254013 32.27766012 32.7227801  33.16790009 33.61302007 34.05814006
 34.50326004 34.94838003 35.39350001 35.83862    36.28373998 36.72885997
 37.17397995 37.61909993 38.06421992 38.5093399  38.95445989 39.39957987
 39.84469986]	
[26.4911] [39.8447]
[30.4267] [None]

91
[26.52059937 26.96605937 27.41151937 27.85697937 28.30243937 28.74789937
 29.19335938 29.63881938 30.08427938 30.52973938 30.97519938 31.42065938
 31.86611938 32.31157939 32.75703939 33.20249939 33.64795939 34.09341939
 34.53887939 34.9843394  35.4297994  35.8752594  36.3207194  36.7661794
 37.2116394  37.65709941 38.10255941 38.54801941 38.99347941 39.43893941
 39.88439941]	
[26.5206] [39.8844]
[26.8162] [39.456]

92
[25.73959923 26.21371593 26.68783264 27.16194935 27.63606606 28.11018276
 28.58429947 29.05841618 29.53253288 30.00664959 30.4807663  30.954883
 31.42899971 31.90311642 32.37723312 32.85134983 33.32546654 33.79958324
 34.27369995 34.74781666 35.22193336 35.69605007 36.17016678 36.64428349
 37.11840019 37.5925169  38.06663361 38.54075031 39.01486702 39.48898373
 39.96310043]	
[25.7396] [39.9631]
[33.4471] [None]

93
[27.15250015 27.57970009 28.00690002 28.43409996 28.8612999  29.28849983
 29.71569977 30.1428997  30.57009964 30.99729958 31.42449951 31.85169945
 32.27889938 32.70609932 33.13329926 33.56049919 33.98769913 34.41489906
 34.842099   35.26929893 35.69649887 36.12369881 36.55089874 36.97809868
 37.40529861 37.83249855 38.25969849 38.68689842 39.11409836 39.54129829
 39.96849823]	
[27.1525] [39.9685]
[31.1868] [39.5196]

94
[24.70820045 25.21210372 25.71600698 26.21991024 26.7238135  27.22771676
 27.73162003 28.23552329 28.73942655 29.24332981 29.74723307 30.25113633
 30.7550396  31.25894286 31.76284612 32.26674938 32.77065264 33.27455591
 33.77845917 34.28236243 34.78626569 35.29016895 35.79407221 36.29797548
 36.80187874 37.305782   37.80968526 38.31358852 38.81749179 39.32139505
 39.82529831]	
[24.7082] [39.8253]
[30.1567] [39.6614]

95
[24.39229965 24.90989634 25.42749303 25.94508972 26.46268641 26.9802831
 27.49787979 28.01547648 28.53307317 29.05066986 29.56826655 30.08586324
 30.60345993 31.12105662 31.63865331 32.15625    32.67384669 33.19144338
 33.70904007 34.22663676 34.74423345 35.26183014 35.77942683 36.29702352
 36.81462021 37.3322169  37.84981359 38.36741028 38.88500697 39.40260366
 39.92020035]	
[24.3923] [39.9202]
[25.5029] [38.5508]

96
[26.90950012 27.33823013 27.76696014 28.19569016 28.62442017 29.05315018
 29.48188019 29.9106102  30.33934021 30.76807022 31.19680023 31.62553024
 32.05426025 32.48299026 32.91172028 33.34045029 33.7691803  34.19791031
 34.62664032 35.05537033 35.48410034 35.91283035 36.34156036 36.77029037
 37.19902039 37.6277504  38.05648041 38.48521042 38.91394043 39.34267044
 39.77140045]	
[26.9095] [39.7714]
[30.5429] [None]

97
[24.98119926 25.47550589 25.96981252 26.46411915 26.95842578 27.4527324
 27.94703903 28.44134566 28.93565229 29.42995892 29.92426554 30.41857217
 30.9128788  31.40718543 31.90149206 32.39579868 32.89010531 33.38441194
 33.87871857 34.37302519 34.86733182 35.36163845 35.85594508 36.35025171
 36.84455833 37.33886496 37.83317159 38.32747822 38.82178485 39.31609147
 39.8103981 ]	
[24.9812] [39.8104]
[29.0302] [39.4649]

98
[24.85560036 25.36001364 25.86442693 26.36884022 26.8732535  27.37766679
 27.88208008 28.38649336 28.89090665 29.39531994 29.89973323 30.40414651
 30.9085598  31.41297309 31.91738637 32.42179966 32.92621295 33.43062623
 33.93503952 34.43945281 34.94386609 35.44827938 35.95269267 36.45710595
 36.96151924 37.46593253 37.97034582 38.4747591  38.97917239 39.48358568
 39.98799896]	
[24.8556] [39.988]
[28.1893] [38.4236]

99
[25.06620026 25.54883029 26.03146032 26.51409035 26.99672038 27.47935041
 27.96198044 28.44461047 28.9272405  29.40987053 29.89250056 30.37513059
 30.85776062 31.34039065 31.82302068 32.30565071 32.78828074 33.27091077
 33.7535408  34.23617083 34.71880086 35.20143089 35.68406092 36.16669095
 36.64932098 37.13195101 37.61458104 38.09721107 38.57984111 39.06247114
 39.54510117]	
[25.0662] [39.5451]
[28.4661] [39.4345]

100
[26.70789909 27.14973583 27.59157257 28.03340931 28.47524605 28.91708279
 29.35891953 29.80075626 30.242593   30.68442974 31.12626648 31.56810322
 32.00993996 32.4517767  32.89361343 33.33545017 33.77728691 34.21912365
 34.66096039 35.10279713 35.54463387 35.9864706  36.42830734 36.87014408
 37.31198082 37.75381756 38.1956543  38.63749104 39.07932777 39.52116451
 39.96300125]	
[26.7079] [39.963]
[28.7871] [39.0518]

101
[24.54780006 25.0544967  25.56119334 26.06788998 26.57458661 27.08128325
 27.58797989 28.09467653 28.60137316 29.1080698  29.61476644 30.12146308
 30.62815971 31.13485635 31.64155299 32.14824963 32.65494626 33.1616429
 33.66833954 34.17503618 34.68173281 35.18842945 35.69512609 36.20182273
 36.70851936 37.215216   37.72191264 38.22860928 38.73530591 39.24200255
 39.74869919]	
[24.5478] [39.7487]
[31.931] [39.5205]

102
[27.0890007  27.516834   27.94466731 28.37250061 28.80033391 29.22816722
 29.65600052 30.08383382 30.51166712 30.93950043 31.36733373 31.79516703
 32.22300034 32.65083364 33.07866694 33.50650024 33.93433355 34.36216685
 34.79000015 35.21783346 35.64566676 36.07350006 36.50133336 36.92916667
 37.35699997 37.78483327 38.21266658 38.64049988 39.06833318 39.49616648
 39.92399979]	
[27.089] [39.924]
[32.8706] [39.8481]

103
[26.78730011 27.22504679 27.66279348 28.10054016 28.53828684 28.97603353
 29.41378021 29.8515269  30.28927358 30.72702026 31.16476695 31.60251363
 32.04026031 32.478007   32.91575368 33.35350037 33.79124705 34.22899373
 34.66674042 35.1044871  35.54223378 35.97998047 36.41772715 36.85547384
 37.29322052 37.7309672  38.16871389 38.60646057 39.04420726 39.48195394
 39.91970062]	
[26.7873] [39.9197]
[32.3499] [39.7442]

104
[27.22990036 27.65310033 28.0763003  28.49950027 28.92270025 29.34590022
 29.76910019 30.19230016 30.61550013 31.0387001  31.46190008 31.88510005
 32.30830002 32.73149999 33.15469996 33.57789993 34.0010999  34.42429988
 34.84749985 35.27069982 35.69389979 36.11709976 36.54029973 36.9634997
 37.38669968 37.80989965 38.23309962 38.65629959 39.07949956 39.50269953
 39.92589951]	
[27.2299] [39.9259]
[33.0864] [39.9092]

105
[26.46960068 26.91792399 27.3662473  27.81457062 28.26289393 28.71121724
 29.15954056 29.60786387 30.05618718 30.5045105  30.95283381 31.40115712
 31.84948044 32.29780375 32.74612707 33.19445038 33.64277369 34.09109701
 34.53942032 34.98774363 35.43606695 35.88439026 36.33271357 36.78103689
 37.2293602  37.67768351 38.12600683 38.57433014 39.02265345 39.47097677
 39.91930008]	
[26.4696] [39.9193]
[29.6595] [39.7757]

106
[26.98590088 27.41537755 27.84485423 28.2743309  28.70380758 29.13328425
 29.56276093 29.9922376  30.42171427 30.85119095 31.28066762 31.7101443
 32.13962097 32.56909765 32.99857432 33.42805099 33.85752767 34.28700434
 34.71648102 35.14595769 35.57543437 36.00491104 36.43438772 36.86386439
 37.29334106 37.72281774 38.15229441 38.58177109 39.01124776 39.44072444
 39.87020111]	
[26.9859] [39.8702]
[28.2055] [39.4891]

107
[27.11000061 27.53361727 27.95723394 28.3808506  28.80446726 29.22808393
 29.65170059 30.07531726 30.49893392 30.92255058 31.34616725 31.76978391
 32.19340057 32.61701724 33.0406339  33.46425056 33.88786723 34.31148389
 34.73510056 35.15871722 35.58233388 36.00595055 36.42956721 36.85318387
 37.27680054 37.7004172  38.12403386 38.54765053 38.97126719 39.39488386
 39.81850052]	
[27.11] [39.8185]
[28.5679] [39.6001]

108
[25.46479988 25.94251321 26.42022654 26.89793987 27.3756532  27.85336653
 28.33107986 28.8087932  29.28650653 29.76421986 30.24193319 30.71964652
 31.19735985 31.67507318 32.15278651 32.63049984 33.10821317 33.5859265
 34.06363983 34.54135316 35.01906649 35.49677982 35.97449315 36.45220648
 36.92991982 37.40763315 37.88534648 38.36305981 38.84077314 39.31848647
 39.7961998 ]	
[25.4648] [39.7962]
[29.0249] [39.611]

109
[27.06769943 27.48606949 27.90443954 28.3228096  28.74117966 29.15954971
 29.57791977 29.99628983 30.41465988 30.83302994 31.25139999 31.66977005
 32.08814011 32.50651016 32.92488022 33.34325027 33.76162033 34.17999039
 34.59836044 35.0167305  35.43510056 35.85347061 36.27184067 36.69021072
 37.10858078 37.52695084 37.94532089 38.36369095 38.782061   39.20043106
 39.61880112]	
[27.0677] [39.6188]
[29.6731] [39.3019]

110
[26.41810036 26.868857   27.31961365 27.77037029 28.22112694 28.67188358
 29.12264023 29.57339687 30.02415352 30.47491016 30.92566681 31.37642345
 31.8271801  32.27793674 32.72869339 33.17945004 33.63020668 34.08096333
 34.53171997 34.98247662 35.43323326 35.88398991 36.33474655 36.7855032
 37.23625984 37.68701649 38.13777313 38.58852978 39.03928642 39.49004307
 39.94079971]	
[26.4181] [39.9408]
[29.0184] [39.8315]

111
[24.99889946 25.49065278 25.98240611 26.47415943 26.96591276 27.45766608
 27.9494194  28.44117273 28.93292605 29.42467937 29.9164327  30.40818602
 30.89993935 31.39169267 31.88344599 32.37519932 32.86695264 33.35870597
 33.85045929 34.34221261 34.83396594 35.32571926 35.81747259 36.30922591
 36.80097923 37.29273256 37.78448588 38.2762392  38.76799253 39.25974585
 39.75149918]	
[24.9989] [39.7515]
[29.7245] [39.4898]

112
[25.87949944 26.34708945 26.81467946 27.28226948 27.74985949 28.21744951
 28.68503952 29.15262953 29.62021955 30.08780956 30.55539958 31.02298959
 31.49057961 31.95816962 32.42575963 32.89334965 33.36093966 33.82852968
 34.29611969 34.7637097  35.23129972 35.69888973 36.16647975 36.63406976
 37.10165977 37.56924979 38.0368398  38.50442982 38.97201983 39.43960985
 39.90719986]	
[25.8795] [39.9072]
[27.5409] [39.9043]

113
[27.17420006 27.59956341 28.02492676 28.45029011 28.87565346 29.30101681
 29.72638016 30.15174351 30.57710686 31.00247021 31.42783356 31.85319691
 32.27856026 32.70392361 33.12928696 33.55465031 33.98001366 34.40537701
 34.83074036 35.25610371 35.68146706 36.10683041 36.53219376 36.95755711
 37.38292046 37.80828381 38.23364716 38.65901051 39.08437386 39.50973721
 39.93510056]	
[27.1742] [39.9351]
[28.9316] [39.8909]

114
[26.56049919 27.00347258 27.44644597 27.88941936 28.33239276 28.77536615
 29.21833954 29.66131293 30.10428632 30.54725971 30.9902331  31.43320649
 31.87617989 32.31915328 32.76212667 33.20510006 33.64807345 34.09104684
 34.53402023 34.97699362 35.41996702 35.86294041 36.3059138  36.74888719
 37.19186058 37.63483397 38.07780736 38.52078075 38.96375415 39.40672754
 39.84970093]	
[26.5605] [39.8497]
[29.0787] [None]

115
[25.57250023 26.02771689 26.48293355 26.93815022 27.39336688 27.84858354
 28.3038002  28.75901686 29.21423353 29.66945019 30.12466685 30.57988351
 31.03510017 31.49031684 31.9455335  32.40075016 32.85596682 33.31118348
 33.76640015 34.22161681 34.67683347 35.13205013 35.58726679 36.04248346
 36.49770012 36.95291678 37.40813344 37.86335011 38.31856677 38.77378343
 39.22900009]	
[25.5725] [39.229]
[29.856] [39.216]

116
[25.33880043 25.80006377 26.26132711 26.72259045 27.18385379 27.64511712
 28.10638046 28.5676438  29.02890714 29.49017048 29.95143382 30.41269716
 30.87396049 31.33522383 31.79648717 32.25775051 32.71901385 33.18027719
 33.64154053 34.10280387 34.5640672  35.02533054 35.48659388 35.94785722
 36.40912056 36.8703839  37.33164724 37.79291058 38.25417391 38.71543725
 39.17670059]	
[25.3388] [39.1767]
[33.3625] [39.0462]

117
[24.01329994 24.53828665 25.06327337 25.58826008 26.11324679 26.6382335
 27.16322021 27.68820693 28.21319364 28.73818035 29.26316706 29.78815378
 30.31314049 30.8381272  31.36311391 31.88810062 32.41308734 32.93807405
 33.46306076 33.98804747 34.51303418 35.0380209  35.56300761 36.08799432
 36.61298103 37.13796775 37.66295446 38.18794117 38.71292788 39.23791459
 39.76290131]	
[24.0133] [39.7629]
[33.1943] [39.1865]

118
[24.89109993 25.39288998 25.89468002 26.39647007 26.89826012 27.40005016
 27.90184021 28.40363026 28.9054203  29.40721035 29.9090004  30.41079044
 30.91258049 31.41437054 31.91616058 32.41795063 32.91974068 33.42153072
 33.92332077 34.42511082 34.92690086 35.42869091 35.93048096 36.432271
 36.93406105 37.4358511  37.93764114 38.43943119 38.94122124 39.44301128
 39.94480133]	
[24.8911] [39.9448]
[33.6485] [39.0537]

119
[25.33860016 25.81937345 26.30014674 26.78092003 27.26169332 27.74246661
 28.2232399  28.70401319 29.18478648 29.66555977 30.14633306 30.62710635
 31.10787964 31.58865293 32.06942622 32.55019951 33.0309728  33.51174609
 33.99251938 34.47329267 34.95406596 35.43483925 35.91561254 36.39638583
 36.87715912 37.35793241 37.8387057  38.31947899 38.80025228 39.28102557
 39.76179886]	
[25.3386] [39.7618]
[32.9304] [39.5472]

120
[24.2635994  24.78744609 25.31129278 25.83513947 26.35898616 26.88283285
 27.40667953 27.93052622 28.45437291 28.9782196  29.50206629 30.02591298
 30.54975967 31.07360636 31.59745305 32.12129974 32.64514643 33.16899312
 33.69283981 34.2166865  34.74053319 35.26437988 35.78822657 36.31207326
 36.83591995 37.35976664 37.88361333 38.40746002 38.93130671 39.4551534
 39.97900009]	
[24.2636] [39.979]
[31.7316] [39.6726]

121
[25.21829987 25.70475985 26.19121984 26.67767982 27.16413981 27.6505998
 28.13705978 28.62351977 29.10997976 29.59643974 30.08289973 30.56935972
 31.0558197  31.54227969 32.02873967 32.51519966 33.00165965 33.48811963
 33.97457962 34.46103961 34.94749959 35.43395958 35.92041957 36.40687955
 36.89333954 37.37979952 37.86625951 38.3527195  38.83917948 39.32563947
 39.81209946]	
[25.2183] [39.8121]
[26.5155] [39.6206]

122
[26.96249962 27.39561965 27.82873967 28.2618597  28.69497973 29.12809976
 29.56121979 29.99433982 30.42745984 30.86057987 31.2936999  31.72681993
 32.15993996 32.59305998 33.02618001 33.45930004 33.89242007 34.3255401
 34.75866013 35.19178015 35.62490018 36.05802021 36.49114024 36.92426027
 37.35738029 37.79050032 38.22362035 38.65674038 39.08986041 39.52298044
 39.95610046]	
[26.9625] [39.9561]
[32.3393] [39.8533]

123
[26.18790054 26.64752388 27.10714722 27.56677055 28.02639389 28.48601723
 28.94564056 29.4052639  29.86488724 30.32451057 30.78413391 31.24375725
 31.70338058 32.16300392 32.62262726 33.0822506  33.54187393 34.00149727
 34.46112061 34.92074394 35.38036728 35.83999062 36.29961395 36.75923729
 37.21886063 37.67848396 38.1381073  38.59773064 39.05735397 39.51697731
 39.97660065]	
[26.1879] [39.9766]
[33.0191] [39.7509]

124
[25.68009949 26.14446945 26.60883942 27.07320938 27.53757935 28.00194931
 28.46631927 28.93068924 29.3950592  29.85942917 30.32379913 30.7881691
 31.25253906 31.71690903 32.18127899 32.64564896 33.11001892 33.57438889
 34.03875885 34.50312881 34.96749878 35.43186874 35.89623871 36.36060867
 36.82497864 37.2893486  37.75371857 38.21808853 38.6824585  39.14682846
 39.61119843]	
[25.6801] [39.6112]
[28.9692] [39.3115]

125
[25.98180008 26.43765335 26.89350662 27.34935989 27.80521317 28.26106644
 28.71691971 29.17277298 29.62862625 30.08447952 30.54033279 30.99618607
 31.45203934 31.90789261 32.36374588 32.81959915 33.27545242 33.73130569
 34.18715897 34.64301224 35.09886551 35.55471878 36.01057205 36.46642532
 36.92227859 37.37813187 37.83398514 38.28983841 38.74569168 39.20154495
 39.65739822]	
[25.9818] [39.6574]
[33.5803] [39.6114]

126
[24.15069962 24.67558963 25.20047963 25.72536964 26.25025965 26.77514966
 27.30003967 27.82492968 28.34981969 28.8747097  29.39959971 29.92448972
 30.44937973 30.97426974 31.49915975 32.02404976 32.54893977 33.07382978
 33.59871979 34.1236098  34.64849981 35.17338982 35.69827983 36.22316984
 36.74805984 37.27294985 37.79783986 38.32272987 38.84761988 39.37250989
 39.8973999 ]	
[24.1507] [39.8974]
[31.7539] [39.5816]

127
[26.06170082 26.52328752 26.98487422 27.44646091 27.90804761 28.36963431
 28.83122101 29.29280771 29.7543944  30.2159811  30.6775678  31.1391545
 31.6007412  32.06232789 32.52391459 32.98550129 33.44708799 33.90867469
 34.37026138 34.83184808 35.29343478 35.75502148 36.21660817 36.67819487
 37.13978157 37.60136827 38.06295497 38.52454166 38.98612836 39.44771506
 39.90930176]	
[26.0617] [39.9093]
[31.9943] [None]

128
[24.89189911 25.38246918 25.87303925 26.36360931 26.85417938 27.34474945
 27.83531952 28.32588959 28.81645966 29.30702972 29.79759979 30.28816986
 30.77873993 31.26931    31.75988007 32.25045013 32.7410202  33.23159027
 33.72216034 34.21273041 34.70330048 35.19387054 35.68444061 36.17501068
 36.66558075 37.15615082 37.64672089 38.13729095 38.62786102 39.11843109
 39.60900116]	
[24.8919] [39.609]
[31.6223] [39.1063]

129
[23.22039986 23.77618987 24.33197988 24.88776989 25.4435599  25.99934991
 26.55513992 27.11092993 27.66671995 28.22250996 28.77829997 29.33408998
 29.88987999 30.44567    31.00146001 31.55725002 32.11304003 32.66883005
 33.22462006 33.78041007 34.33620008 34.89199009 35.4477801  36.00357011
 36.55936012 37.11515013 37.67094014 38.22673016 38.78252017 39.33831018
 39.89410019]	
[23.2204] [39.8941]
[31.4333] [39.8899]

130
[25.73590088 26.20982424 26.68374761 27.15767097 27.63159434 28.10551771
 28.57944107 29.05336444 29.5272878  30.00121117 30.47513453 30.9490579
 31.42298126 31.89690463 32.37082799 32.84475136 33.31867472 33.79259809
 34.26652145 34.74044482 35.21436818 35.68829155 36.16221491 36.63613828
 37.11006165 37.58398501 38.05790838 38.53183174 39.00575511 39.47967847
 39.95360184]	
[25.7359] [39.9536]
[33.54] [None]

131
[24.51869965 25.03367971 25.54865977 26.06363983 26.57861989 27.09359996
 27.60858002 28.12356008 28.63854014 29.1535202  29.66850026 30.18348033
 30.69846039 31.21344045 31.72842051 32.24340057 32.75838064 33.2733607
 33.78834076 34.30332082 34.81830088 35.33328094 35.84826101 36.36324107
 36.87822113 37.39320119 37.90818125 38.42316132 38.93814138 39.45312144
 39.9681015 ]	
[24.5187] [39.9681]
[32.4198] [39.9284]

132
[23.76959991 24.30493329 24.84026667 25.37560005 25.91093343 26.44626681
 26.98160019 27.51693357 28.05226695 28.58760033 29.12293371 29.65826708
 30.19360046 30.72893384 31.26426722 31.7996006  32.33493398 32.87026736
 33.40560074 33.94093412 34.4762675  35.01160088 35.54693425 36.08226763
 36.61760101 37.15293439 37.68826777 38.22360115 38.75893453 39.29426791
 39.82960129]	
[23.7696] [39.8296]
[32.3543] [39.084]

133
[25.52910042 26.00574373 26.48238703 26.95903034 27.43567365 27.91231696
 28.38896027 28.86560357 29.34224688 29.81889019 30.2955335  30.77217681
 31.24882011 31.72546342 32.20210673 32.67875004 33.15539335 33.63203665
 34.10867996 34.58532327 35.06196658 35.53860989 36.01525319 36.4918965
 36.96853981 37.44518312 37.92182643 38.39846973 38.87511304 39.35175635
 39.82839966]	
[25.5291] [39.8284]
[31.8364] [39.4399]

134
[24.71719933 25.2264794  25.73575948 26.24503956 26.75431964 27.26359971
 27.77287979 28.28215987 28.79143995 29.30072002 29.8100001  30.31928018
 30.82856026 31.33784033 31.84712041 32.35640049 32.86568057 33.37496065
 33.88424072 34.3935208  34.90280088 35.41208096 35.92136103 36.43064111
 36.93992119 37.44920127 37.95848134 38.46776142 38.9770415  39.48632158
 39.99560165]	
[24.7172] [39.9956]
[28.7165] [37.4576]

135
[26.09790039 26.56115036 27.02440033 27.4876503  27.95090027 28.41415024
 28.87740021 29.34065018 29.80390015 30.26715012 30.73040009 31.19365005
 31.65690002 32.12014999 32.58339996 33.04664993 33.5098999  33.97314987
 34.43639984 34.89964981 35.36289978 35.82614975 36.28939972 36.75264969
 37.21589966 37.67914963 38.1423996  38.60564957 39.06889954 39.53214951
 39.99539948]	
[26.0979] [39.9954]
[32.0776] [None]

136
[25.46179962 25.94423625 26.42667287 26.9091095  27.39154612 27.87398275
 28.35641937 28.838856   29.32129262 29.80372925 30.28616587 30.7686025
 31.25103912 31.73347575 32.21591237 32.698349   33.18078562 33.66322225
 34.14565887 34.6280955  35.11053212 35.59296875 36.07540538 36.557842
 37.04027863 37.52271525 38.00515188 38.4875885  38.97002513 39.45246175
 39.93489838]	
[25.4618] [39.9349]
[31.3486] [37.1098]

137
[25.22660065 25.71385066 26.20110067 26.68835068 27.17560069 27.6628507
 28.15010071 28.63735072 29.12460073 29.61185074 30.09910075 30.58635076
 31.07360077 31.56085078 32.04810079 32.5353508  33.02260081 33.50985082
 33.99710083 34.48435084 34.97160085 35.45885086 35.94610087 36.43335088
 36.92060089 37.4078509  37.89510091 38.38235092 38.86960093 39.35685094
 39.84410095]	
[25.2266] [39.8441]
[31.3587] [None]

138
[24.72480011 25.22536341 25.72592672 26.22649002 26.72705332 27.22761663
 27.72817993 28.22874324 28.72930654 29.22986984 29.73043315 30.23099645
 30.73155975 31.23212306 31.73268636 32.23324966 32.73381297 33.23437627
 33.73493958 34.23550288 34.73606618 35.23662949 35.73719279 36.23775609
 36.7383194  37.2388827  37.739446   38.24000931 38.74057261 39.24113592
 39.74169922]	
[24.7248] [39.7417]
[31.6384] [39.6743]

139
[24.74580002 25.25256996 25.7593399  26.26610985 26.77287979 27.27964973
 27.78641968 28.29318962 28.79995956 29.30672951 29.81349945 30.32026939
 30.82703934 31.33380928 31.84057922 32.34734917 32.85411911 33.36088905
 33.867659   34.37442894 34.88119888 35.38796883 35.89473877 36.40150871
 36.90827866 37.4150486  37.92181854 38.42858849 38.93535843 39.44212837
 39.94889832]	
[24.7458] [39.9489]
[32.4386] [38.8096]

140
[24.9531002  25.45154349 25.94998678 26.44843006 26.94687335 27.44531663
 27.94375992 28.4422032  28.94064649 29.43908978 29.93753306 30.43597635
 30.93441963 31.43286292 31.9313062  32.42974949 32.92819277 33.42663606
 33.92507935 34.42352263 34.92196592 35.4204092  35.91885249 36.41729577
 36.91573906 37.41418235 37.91262563 38.41106892 38.9095122  39.40795549
 39.90639877]	
[24.9531] [39.9064]
[31.6069] [None]

141
[23.84309959 24.38110625 24.9191129  25.45711956 25.99512622 26.53313287
 27.07113953 27.60914618 28.14715284 28.68515949 29.22316615 29.7611728
 30.29917946 30.83718611 31.37519277 31.91319942 32.45120608 32.98921274
 33.52721939 34.06522605 34.6032327  35.14123936 35.67924601 36.21725267
 36.75525932 37.29326598 37.83127263 38.36927929 38.90728594 39.4452926
 39.98329926]	
[23.8431] [39.9833]
[29.9512] [39.804]

142
[25.06100082 25.55417074 26.04734065 26.54051056 27.03368047 27.52685038
 28.02002029 28.51319021 29.00636012 29.49953003 29.99269994 30.48586985
 30.97903976 31.47220968 31.96537959 32.4585495  32.95171941 33.44488932
 33.93805923 34.43122915 34.92439906 35.41756897 35.91073888 36.40390879
 36.8970787  37.39024862 37.88341853 38.37658844 38.86975835 39.36292826
 39.85609818]	
[25.061] [39.8561]
[29.0774] [39.8393]

143
[22.39710045 22.98293374 23.56876704 24.15460033 24.74043363 25.32626692
 25.91210022 26.49793351 27.08376681 27.66960011 28.2554334  28.8412667
 29.42709999 30.01293329 30.59876658 31.18459988 31.77043317 32.35626647
 32.94209976 33.52793306 34.11376635 34.69959965 35.28543294 35.87126624
 36.45709953 37.04293283 37.62876612 38.21459942 38.80043271 39.38626601
 39.9720993 ]	
[22.3971] [39.9721]
[30.5089] [39.9413]

144
[25.58480072 26.05752398 26.53024724 27.0029705  27.47569377 27.94841703
 28.42114029 28.89386355 29.36658681 29.83931007 30.31203334 30.7847566
 31.25747986 31.73020312 32.20292638 32.67564964 33.1483729  33.62109617
 34.09381943 34.56654269 35.03926595 35.51198921 35.98471247 36.45743574
 36.930159   37.40288226 37.87560552 38.34832878 38.82105204 39.2937753
 39.76649857]	
[25.5848] [39.7665]
[30.0979] [39.5523]

145
[25.26420021 25.75313689 26.24207357 26.73101025 27.21994692 27.7088836
 28.19782028 28.68675696 29.17569364 29.66463032 30.153567   30.64250367
 31.13144035 31.62037703 32.10931371 32.59825039 33.08718707 33.57612375
 34.06506042 34.5539971  35.04293378 35.53187046 36.02080714 36.50974382
 36.9986805  37.48761717 37.97655385 38.46549053 38.95442721 39.44336389
 39.93230057]	
[25.2642] [39.9323]
[29.2474] [39.6252]

146
[25.45079994 25.93357321 26.41634649 26.89911976 27.38189303 27.8646663
 28.34743958 28.83021285 29.31298612 29.79575939 30.27853266 30.76130594
 31.24407921 31.72685248 32.20962575 32.69239902 33.1751723  33.65794557
 34.14071884 34.62349211 35.10626539 35.58903866 36.07181193 36.5545852
 37.03735847 37.52013175 38.00290502 38.48567829 38.96845156 39.45122484
 39.93399811]	
[25.4508] [39.934]
[26.8874] [38.8334]

147
[26.52409935 26.96759268 27.41108602 27.85457935 28.29807269 28.74156602
 29.18505936 29.62855269 30.07204603 30.51553936 30.95903269 31.40252603
 31.84601936 32.2895127  32.73300603 33.17649937 33.6199927  34.06348604
 34.50697937 34.9504727  35.39396604 35.83745937 36.28095271 36.72444604
 37.16793938 37.61143271 38.05492605 38.49841938 38.94191271 39.38540605
 39.82889938]	
[26.5241] [39.8289]
[28.0004] [39.5782]

148
[27.93110085 28.33123417 28.73136749 29.13150082 29.53163414 29.93176746
 30.33190079 30.73203411 31.13216743 31.53230076 31.93243408 32.33256741
 32.73270073 33.13283405 33.53296738 33.9331007  34.33323402 34.73336735
 35.13350067 35.533634   35.93376732 36.33390064 36.73403397 37.13416729
 37.53430061 37.93443394 38.33456726 38.73470058 39.13483391 39.53496723
 39.93510056]	
[27.9311] [39.9351]
[28.0304] [38.6957]

149
[27.1298008  27.55269744 27.97559408 28.39849072 28.82138735 29.24428399
 29.66718063 30.09007727 30.51297391 30.93587055 31.35876719 31.78166383
 32.20456047 32.62745711 33.05035375 33.47325039 33.89614703 34.31904367
 34.74194031 35.16483695 35.58773359 36.01063023 36.43352687 36.85642351
 37.27932014 37.70221678 38.12511342 38.54801006 38.9709067  39.39380334
 39.81669998]	
[27.1298] [39.8167]
[31.2299] [38.123]

150
[24.8362999  25.32936656 25.82243322 26.31549988 26.80856654 27.3016332
 27.79469986 28.28776652 28.78083318 29.27389984 29.7669665  30.26003316
 30.75309982 31.24616648 31.73923314 32.2322998  32.72536647 33.21843313
 33.71149979 34.20456645 34.69763311 35.19069977 35.68376643 36.17683309
 36.66989975 37.16296641 37.65603307 38.14909973 38.64216639 39.13523305
 39.62829971]	
[24.8363] [39.6283]
[26.8684] [39.1314]

151
[26.80890083 27.23762086 27.66634089 28.09506092 28.52378095 28.95250098
 29.38122101 29.80994104 30.23866107 30.6673811  31.09610113 31.52482115
 31.95354118 32.38226121 32.81098124 33.23970127 33.6684213  34.09714133
 34.52586136 34.95458139 35.38330142 35.81202145 36.24074148 36.6694615
 37.09818153 37.52690156 37.95562159 38.38434162 38.81306165 39.24178168
 39.67050171]	
[26.8089] [39.6705]
[28.6448] [39.2805]

152
[26.80220032 27.23668696 27.6711736  28.10566025 28.54014689 28.97463353
 29.40912018 29.84360682 30.27809347 30.71258011 31.14706675 31.5815534
 32.01604004 32.45052668 32.88501333 33.31949997 33.75398661 34.18847326
 34.6229599  35.05744654 35.49193319 35.92641983 36.36090647 36.79539312
 37.22987976 37.6643664  38.09885305 38.53333969 38.96782633 39.40231298
 39.83679962]	
[26.8022] [39.8368]
[27.8832] [None]

153
[26.84399986 27.28018653 27.71637319 28.15255985 28.58874652 29.02493318
 29.46111984 29.89730651 30.33349317 30.76967983 31.2058665  31.64205316
 32.07823982 32.51442649 32.95061315 33.38679981 33.82298648 34.25917314
 34.6953598  35.13154647 35.56773313 36.00391979 36.44010646 36.87629312
 37.31247978 37.74866645 38.18485311 38.62103977 39.05722644 39.4934131
 39.92959976]	
[26.844] [39.9296]
[29.2653] [39.0907]

154
[27.20120049 27.62449716 28.04779383 28.47109051 28.89438718 29.31768386
 29.74098053 30.1642772  30.58757388 31.01087055 31.43416723 31.8574639
 32.28076057 32.70405725 33.12735392 33.5506506  33.97394727 34.39724394
 34.82054062 35.24383729 35.66713397 36.09043064 36.51372732 36.93702399
 37.36032066 37.78361734 38.20691401 38.63021069 39.05350736 39.47680403
 39.90010071]	
[27.2012] [39.9001]
[28.6528] [39.6634]

155
[27.8458004  28.23439376 28.62298711 29.01158047 29.40017382 29.78876718
 30.17736053 30.56595389 30.95454725 31.3431406  31.73173396 32.12032731
 32.50892067 32.89751403 33.28610738 33.67470074 34.06329409 34.45188745
 34.8404808  35.22907416 35.61766752 36.00626087 36.39485423 36.78344758
 37.17204094 37.5606343  37.94922765 38.33782101 38.72641436 39.11500772
 39.50360107]	
[27.8458] [39.5036]
[30.1638] [39.3211]

156
[26.54490089 26.99180088 27.43870087 27.88560085 28.33250084 28.77940083
 29.22630081 29.6732008  30.12010078 30.56700077 31.01390076 31.46080074
 31.90770073 32.35460072 32.8015007  33.24840069 33.69530067 34.14220066
 34.58910065 35.03600063 35.48290062 35.92980061 36.37670059 36.82360058
 37.27050056 37.71740055 38.16430054 38.61120052 39.05810051 39.5050005
 39.95190048]	
[26.5449] [39.9519]
[30.4231] [39.9185]

157
[27.57509995 27.98062655 28.38615316 28.79167976 29.19720637 29.60273298
 30.00825958 30.41378619 30.8193128  31.2248394  31.63036601 32.03589261
 32.44141922 32.84694583 33.25247243 33.65799904 34.06352564 34.46905225
 34.87457886 35.28010546 35.68563207 36.09115868 36.49668528 36.90221189
 37.30773849 37.7132651  38.11879171 38.52431831 38.92984492 39.33537153
 39.74089813]	
[27.5751] [39.7409]
[29.6943] [38.8163]

158
[28.04610062 28.41741397 28.78872732 29.16004066 29.53135401 29.90266736
 30.27398071 30.64529406 31.01660741 31.38792076 31.75923411 32.13054746
 32.50186081 32.87317416 33.24448751 33.61580086 33.98711421 34.35842756
 34.72974091 35.10105426 35.4723676  35.84368095 36.2149943  36.58630765
 36.957621   37.32893435 37.7002477  38.07156105 38.4428744  38.81418775
 39.1855011 ]	
[28.0461] [39.1855]
[30.8938] [38.8649]

159
[26.68519974 27.11667646 27.54815318 27.9796299  28.41110662 28.84258334
 29.27406006 29.70553678 30.1370135  30.56849022 30.99996694 31.43144366
 31.86292038 32.2943971  32.72587382 33.15735054 33.58882726 34.02030398
 34.4517807  34.88325742 35.31473414 35.74621086 36.17768758 36.6091643
 37.04064102 37.47211774 37.90359446 38.33507118 38.7665479  39.19802462
 39.62950134]	
[26.6852] [39.6295]
[31.2416] [None]

160
[25.8234005  26.29017378 26.75694707 27.22372036 27.69049365 28.15726693
 28.62404022 29.09081351 29.5575868  30.02436008 30.49113337 30.95790666
 31.42467995 31.89145323 32.35822652 32.82499981 33.2917731  33.75854638
 34.22531967 34.69209296 35.15886625 35.62563953 36.09241282 36.55918611
 37.0259594  37.49273268 37.95950597 38.42627926 38.89305255 39.35982583
 39.82659912]	
[25.8234] [39.8266]
[30.3958] [39.1632]

161
[25.18449974 25.66853644 26.15257314 26.63660984 27.12064654 27.60468324
 28.08871994 28.57275664 29.05679334 29.54083004 30.02486674 30.50890344
 30.99294014 31.47697684 31.96101354 32.44505024 32.92908694 33.41312364
 33.89716034 34.38119704 34.86523374 35.34927044 35.83330714 36.31734384
 36.80138054 37.28541724 37.76945394 38.25349064 38.73752734 39.22156404
 39.70560074]	
[25.1845] [39.7056]
[31.3013] [None]

162
[24.98480034 25.47176367 25.95872701 26.44569035 26.93265368 27.41961702
 27.90658035 28.39354369 28.88050702 29.36747036 29.8544337  30.34139703
 30.82836037 31.3153237  31.80228704 32.28925037 32.77621371 33.26317705
 33.75014038 34.23710372 34.72406705 35.21103039 35.69799372 36.18495706
 36.67192039 37.15888373 37.64584707 38.1328104  38.61977374 39.10673707
 39.59370041]	
[24.9848] [39.5937]
[32.0778] [None]

163
[24.39299965 24.88756631 25.38213298 25.87669964 26.3712663  26.86583296
 27.36039963 27.85496629 28.34953295 28.84409962 29.33866628 29.83323294
 30.32779961 30.82236627 31.31693293 31.8114996  32.30606626 32.80063292
 33.29519958 33.78976625 34.28433291 34.77889957 35.27346624 35.7680329
 36.26259956 36.75716623 37.25173289 37.74629955 38.24086622 38.73543288
 39.22999954]	
[24.393] [39.23]
[30.8173] [None]

164
[24.13559914 24.66220913 25.18881912 25.71542912 26.24203911 26.7686491
 27.29525909 27.82186909 28.34847908 28.87508907 29.40169907 29.92830906
 30.45491905 30.98152905 31.50813904 32.03474903 32.56135902 33.08796902
 33.61457901 34.141189   34.667799   35.19440899 35.72101898 36.24762897
 36.77423897 37.30084896 37.82745895 38.35406895 38.88067894 39.40728893
 39.93389893]	
[24.1356] [39.9339]
[28.8602] [39.2117]

165
[25.35250092 25.83415082 26.31580073 26.79745064 27.27910055 27.76075045
 28.24240036 28.72405027 29.20570017 29.68735008 30.16899999 30.6506499
 31.1322998  31.61394971 32.09559962 32.57724953 33.05889943 33.54054934
 34.02219925 34.50384916 34.98549906 35.46714897 35.94879888 36.43044879
 36.91209869 37.3937486  37.87539851 38.35704842 38.83869832 39.32034823
 39.80199814]	
[25.3525] [39.802]
[30.7331] [39.3441]

166
[24.80139923 25.28752594 25.77365265 26.25977936 26.74590607 27.23203278
 27.71815948 28.20428619 28.6904129  29.17653961 29.66266632 30.14879303
 30.63491974 31.12104645 31.60717316 32.09329987 32.57942657 33.06555328
 33.55167999 34.0378067  34.52393341 35.01006012 35.49618683 35.98231354
 36.46844025 36.95456696 37.44069366 37.92682037 38.41294708 38.89907379
 39.3852005 ]	
[24.8014] [39.3852]
[32.0872] [39.0974]

167
[24.82500076 25.31899071 25.81298065 26.3069706  26.80096054 27.29495049
 27.78894043 28.28293037 28.77692032 29.27091026 29.76490021 30.25889015
 30.7528801  31.24687004 31.74085999 32.23484993 32.72883987 33.22282982
 33.71681976 34.21080971 34.70479965 35.1987896  35.69277954 36.18676949
 36.68075943 37.17474937 37.66873932 38.16272926 38.65671921 39.15070915
 39.6446991 ]	
[24.825] [39.6447]
[32.1187] [38.9595]

168
[24.95669937 25.44155604 25.92641271 26.41126938 26.89612605 27.38098272
 27.86583939 28.35069606 28.83555272 29.32040939 29.80526606 30.29012273
 30.7749794  31.25983607 31.74469274 32.22954941 32.71440608 33.19926275
 33.68411942 34.16897608 34.65383275 35.13868942 35.62354609 36.10840276
 36.59325943 37.0781161  37.56297277 38.04782944 38.53268611 39.01754278
 39.50239944]	
[24.9567] [39.5024]
[30.4463] [38.2112]

169
[25.09840012 25.58236008 26.06632004 26.55028    27.03423996 27.51819992
 28.00215988 28.48611984 28.9700798  29.45403976 29.93799973 30.42195969
 30.90591965 31.38987961 31.87383957 32.35779953 32.84175949 33.32571945
 33.80967941 34.29363937 34.77759933 35.2615593  35.74551926 36.22947922
 36.71343918 37.19739914 37.6813591  38.16531906 38.64927902 39.13323898
 39.61719894]	
[25.0984] [39.6172]
[30.1411] [None]

170
[24.48929977 24.99369977 25.49809977 26.00249977 26.50689977 27.01129977
 27.51569977 28.02009977 28.52449977 29.02889977 29.53329976 30.03769976
 30.54209976 31.04649976 31.55089976 32.05529976 32.55969976 33.06409976
 33.56849976 34.07289975 34.57729975 35.08169975 35.58609975 36.09049975
 36.59489975 37.09929975 37.60369975 38.10809975 38.61249975 39.11689974
 39.62129974]	
[24.4893] [39.6213]
[29.5414] [38.9646]

171
[25.5739994  26.03719947 26.50039953 26.96359959 27.42679965 27.88999971
 28.35319977 28.81639983 29.27959989 29.74279995 30.20600001 30.66920007
 31.13240013 31.59560019 32.05880025 32.52200031 32.98520037 33.44840043
 33.91160049 34.37480055 34.83800062 35.30120068 35.76440074 36.2276008
 36.69080086 37.15400092 37.61720098 38.08040104 38.5436011  39.00680116
 39.47000122]	
[25.574] [39.47]
[27.2776] [39.0893]

172
[24.75849915 25.2431558  25.72781245 26.2124691  26.69712575 27.1817824
 27.66643906 28.15109571 28.63575236 29.12040901 29.60506566 30.08972232
 30.57437897 31.05903562 31.54369227 32.02834892 32.51300557 32.99766223
 33.48231888 33.96697553 34.45163218 34.93628883 35.42094549 35.90560214
 36.39025879 36.87491544 37.35957209 37.84422874 38.3288854  38.81354205
 39.2981987 ]	
[24.7585] [39.2982]
[29.7944] [38.4391]

173
[23.06620026 23.58488363 24.103567   24.62225037 25.14093374 25.65961711
 26.17830048 26.69698385 27.21566722 27.73435059 28.25303396 28.77171733
 29.2904007  29.80908407 30.32776744 30.84645081 31.36513418 31.88381755
 32.40250092 32.92118429 33.43986766 33.95855103 34.4772344  34.99591777
 35.51460114 36.03328451 36.55196788 37.07065125 37.58933462 38.10801799
 38.62670135]	
[23.0662] [38.6267]
[32.55] [38.1846]

174
[24.0258007  24.53964405 25.0534874  25.56733074 26.08117409 26.59501743
 27.10886078 27.62270412 28.13654747 28.65039082 29.16423416 29.67807751
 30.19192085 30.7057642  31.21960754 31.73345089 32.24729424 32.76113758
 33.27498093 33.78882427 34.30266762 34.81651096 35.33035431 35.84419765
 36.358041   36.87188435 37.38572769 37.89957104 38.41341438 38.92725773
 39.44110107]	
[24.0258] [39.4411]
[28.5492] [None]

175
[22.13940048 22.73257383 23.32574717 23.91892052 24.51209386 25.10526721
 25.69844055 26.2916139  26.88478724 27.47796059 28.07113393 28.66430728
 29.25748062 29.85065397 30.44382731 31.03700066 31.630174   32.22334735
 32.81652069 33.40969404 34.00286738 34.59604073 35.18921407 35.78238742
 36.37556076 36.96873411 37.56190745 38.1550808  38.74825414 39.34142749
 39.93460083]	
[22.1394] [39.9346]
[27.5344] [39.4284]

176
[24.74090004 25.22846673 25.71603343 26.20360012 26.69116681 27.17873351
 27.6663002  28.1538669  28.64143359 29.12900028 29.61656698 30.10413367
 30.59170036 31.07926706 31.56683375 32.05440044 32.54196714 33.02953383
 33.51710052 34.00466722 34.49223391 34.97980061 35.4673673  35.95493399
 36.44250069 36.93006738 37.41763407 37.90520077 38.39276746 38.88033415
 39.36790085]	
[24.7409] [39.3679]
[29.6538] [38.5695]

