MPI startup(): PMI server not found. Please set I_MPI_PMI_LIBRARY variable if it is not a singleton case.
Updating system with the options from the configuration file
Maximum wallclock time: 1 day, 0:00:00

Sat Feb 17 16:49:02 2024
Iteration 986 (5000 requested)
Beginning iteration 986
180 segments remain in iteration 986 (180 total)
30 of 35 (85.714286%) active bins are populated
per-bin minimum non-zero probability:       8.97813e-23
per-bin maximum probability:                0.600075
per-bin probability dynamic range (kT):     50.254
per-segment minimum non-zero probability:   2.33436e-24
per-segment maximum non-zero probability:   0.140761
per-segment probability dynamic range (kT): 52.4536
norm = 1, error in norm = 0 (0*epsilon)
Iteration wallclock: 0:12:41.886915, cputime: 1:31:00.321797


Sat Feb 17 17:01:44 2024
Iteration 987 (5000 requested)
Beginning iteration 987
192 segments remain in iteration 987 (192 total)
32 of 35 (91.428571%) active bins are populated
per-bin minimum non-zero probability:       4.08464e-23
per-bin maximum probability:                0.667795
per-bin probability dynamic range (kT):     51.1484
per-segment minimum non-zero probability:   6.80774e-24
per-segment maximum non-zero probability:   0.125931
per-segment probability dynamic range (kT): 51.272
norm = 1, error in norm = 0 (0*epsilon)
Iteration wallclock: 0:12:09.737540, cputime: 1:37:30.918972


Sat Feb 17 17:13:54 2024
Iteration 988 (5000 requested)
Beginning iteration 988
198 segments remain in iteration 988 (198 total)
33 of 35 (94.285714%) active bins are populated
per-bin minimum non-zero probability:       1.04468e-23
per-bin maximum probability:                0.867865
per-bin probability dynamic range (kT):     52.774
per-segment minimum non-zero probability:   1.74114e-24
per-segment maximum non-zero probability:   0.217041
per-segment probability dynamic range (kT): 53.1798
norm = 1, error in norm = 0 (0*epsilon)
Iteration wallclock: 0:12:09.875442, cputime: 1:40:27.841231


Sat Feb 17 17:26:04 2024
Iteration 989 (5000 requested)
Beginning iteration 989
198 segments remain in iteration 989 (198 total)
33 of 35 (94.285714%) active bins are populated
per-bin minimum non-zero probability:       5.73375e-24
per-bin maximum probability:                0.510063
per-bin probability dynamic range (kT):     52.8425
per-segment minimum non-zero probability:   9.55625e-25
per-segment maximum non-zero probability:   0.140761
per-segment probability dynamic range (kT): 53.3467
norm = 1, error in norm = -1.11022e-16 (-0.5*epsilon)
Iteration wallclock: 0:11:57.690286, cputime: 1:40:22.554178


Sat Feb 17 17:38:02 2024
Iteration 990 (5000 requested)
Beginning iteration 990
192 segments remain in iteration 990 (192 total)
32 of 35 (91.428571%) active bins are populated
per-bin minimum non-zero probability:       5.59813e-23
per-bin maximum probability:                0.604551
per-bin probability dynamic range (kT):     50.7338
per-segment minimum non-zero probability:   6.87729e-24
per-segment maximum non-zero probability:   0.140761
per-segment probability dynamic range (kT): 51.3731
norm = 1, error in norm = 2.22045e-16 (1*epsilon)
Iteration wallclock: 0:11:24.652744, cputime: 1:37:11.601986


Sat Feb 17 17:49:26 2024
Iteration 991 (5000 requested)
Beginning iteration 991
192 segments remain in iteration 991 (192 total)
32 of 35 (91.428571%) active bins are populated
per-bin minimum non-zero probability:       6.87729e-24
per-bin maximum probability:                0.601839
per-bin probability dynamic range (kT):     52.8261
per-segment minimum non-zero probability:   1.14621e-24
per-segment maximum non-zero probability:   0.140761
per-segment probability dynamic range (kT): 53.1649
norm = 1, error in norm = 0 (0*epsilon)
Iteration wallclock: 0:11:32.391513, cputime: 1:37:04.745956


Sat Feb 17 18:00:59 2024
Iteration 992 (5000 requested)
Beginning iteration 992
192 segments remain in iteration 992 (192 total)
32 of 35 (91.428571%) active bins are populated
per-bin minimum non-zero probability:       1.00415e-22
per-bin maximum probability:                0.587038
per-bin probability dynamic range (kT):     50.1201
per-segment minimum non-zero probability:   1.3072e-23
per-segment maximum non-zero probability:   0.140761
per-segment probability dynamic range (kT): 50.7309
norm = 1, error in norm = -1.11022e-16 (-0.5*epsilon)
Iteration wallclock: 0:11:12.169364, cputime: 1:36:30.407500


Sat Feb 17 18:12:11 2024
Iteration 993 (5000 requested)
Beginning iteration 993
192 segments remain in iteration 993 (192 total)
32 of 35 (91.428571%) active bins are populated
per-bin minimum non-zero probability:       4.00901e-23
per-bin maximum probability:                0.677889
per-bin probability dynamic range (kT):     51.1821
per-segment minimum non-zero probability:   5.40362e-24
per-segment maximum non-zero probability:   0.144694
per-segment probability dynamic range (kT): 51.6418
norm = 1, error in norm = 2.22045e-16 (1*epsilon)
Iteration wallclock: 0:11:36.756817, cputime: 1:37:33.390081


Sat Feb 17 18:23:48 2024
Iteration 994 (5000 requested)
Beginning iteration 994
198 segments remain in iteration 994 (198 total)
33 of 35 (94.285714%) active bins are populated
per-bin minimum non-zero probability:       9.8531e-23
per-bin maximum probability:                0.555552
per-bin probability dynamic range (kT):     50.0839
per-segment minimum non-zero probability:   1.64218e-23
per-segment maximum non-zero probability:   0.144694
per-segment probability dynamic range (kT): 50.5303
norm = 1, error in norm = 0 (0*epsilon)
Iteration wallclock: 0:11:40.553941, cputime: 1:40:29.207754


Sat Feb 17 18:35:29 2024
Iteration 995 (5000 requested)
Beginning iteration 995
192 segments remain in iteration 995 (192 total)
32 of 35 (91.428571%) active bins are populated
per-bin minimum non-zero probability:       1.17389e-22
per-bin maximum probability:                0.679559
per-bin probability dynamic range (kT):     50.1102
per-segment minimum non-zero probability:   1.64184e-23
per-segment maximum non-zero probability:   0.144694
per-segment probability dynamic range (kT): 50.5305
norm = 1, error in norm = 0 (0*epsilon)
Iteration wallclock: 0:11:25.806274, cputime: 1:36:58.313329


Sat Feb 17 18:46:54 2024
Iteration 996 (5000 requested)
Beginning iteration 996
192 segments remain in iteration 996 (192 total)
32 of 35 (91.428571%) active bins are populated
per-bin minimum non-zero probability:       1.44501e-22
per-bin maximum probability:                0.674519
per-bin probability dynamic range (kT):     49.895
per-segment minimum non-zero probability:   1.85633e-23
per-segment maximum non-zero probability:   0.144694
per-segment probability dynamic range (kT): 50.4077
norm = 1, error in norm = -1.11022e-16 (-0.5*epsilon)
Iteration wallclock: 0:11:21.453477, cputime: 1:36:57.605961


Sat Feb 17 18:58:16 2024
Iteration 997 (5000 requested)
Beginning iteration 997
192 segments remain in iteration 997 (192 total)
32 of 35 (91.428571%) active bins are populated
per-bin minimum non-zero probability:       1.86685e-23
per-bin maximum probability:                0.576745
per-bin probability dynamic range (kT):     51.7848
per-segment minimum non-zero probability:   3.11142e-24
per-segment maximum non-zero probability:   0.133895
per-segment probability dynamic range (kT): 52.1163
norm = 1, error in norm = 0 (0*epsilon)
Iteration wallclock: 0:11:45.617604, cputime: 1:37:07.524386


Sat Feb 17 19:10:02 2024
Iteration 998 (5000 requested)
Beginning iteration 998
192 segments remain in iteration 998 (192 total)
32 of 35 (91.428571%) active bins are populated
per-bin minimum non-zero probability:       7.95081e-23
per-bin maximum probability:                0.877183
per-bin probability dynamic range (kT):     50.7551
per-segment minimum non-zero probability:   1.16956e-23
per-segment maximum non-zero probability:   0.190303
per-segment probability dynamic range (kT): 51.1437
norm = 1, error in norm = 0 (0*epsilon)
Iteration wallclock: 0:11:41.361137, cputime: 1:37:24.899509


Sat Feb 17 19:21:43 2024
Iteration 999 (5000 requested)
Beginning iteration 999
198 segments remain in iteration 999 (198 total)
33 of 35 (94.285714%) active bins are populated
per-bin minimum non-zero probability:       1.06428e-22
per-bin maximum probability:                0.575415
per-bin probability dynamic range (kT):     50.0419
per-segment minimum non-zero probability:   1.16956e-23
per-segment maximum non-zero probability:   0.133895
per-segment probability dynamic range (kT): 50.7921
norm = 1, error in norm = -1.11022e-16 (-0.5*epsilon)
Iteration wallclock: 0:11:55.119600, cputime: 1:40:24.885993


Sat Feb 17 19:33:38 2024
Iteration 1000 (5000 requested)
Beginning iteration 1000
192 segments remain in iteration 1000 (192 total)
32 of 35 (91.428571%) active bins are populated
per-bin minimum non-zero probability:       1.16956e-23
per-bin maximum probability:                0.782469
per-bin probability dynamic range (kT):     52.5575
per-segment minimum non-zero probability:   1.94927e-24
per-segment maximum non-zero probability:   0.162717
per-segment probability dynamic range (kT): 52.7788
norm = 1, error in norm = 0 (0*epsilon)
Iteration wallclock: 0:11:44.365048, cputime: 1:37:00.636132


Sat Feb 17 19:45:23 2024
Iteration 1001 (5000 requested)
Beginning iteration 1001
198 segments remain in iteration 1001 (198 total)
33 of 35 (94.285714%) active bins are populated
per-bin minimum non-zero probability:       1.16123e-23
per-bin maximum probability:                0.968283
per-bin probability dynamic range (kT):     52.7777
per-segment minimum non-zero probability:   1.61051e-24
per-segment maximum non-zero probability:   0.242273
per-segment probability dynamic range (kT): 53.3678
norm = 1, error in norm = 0 (0*epsilon)
Iteration wallclock: 0:11:58.473228, cputime: 1:40:23.207486


Sat Feb 17 19:57:21 2024
Iteration 1002 (5000 requested)
Beginning iteration 1002
198 segments remain in iteration 1002 (198 total)
33 of 35 (94.285714%) active bins are populated
per-bin minimum non-zero probability:       1.13969e-23
per-bin maximum probability:                0.850302
per-bin probability dynamic range (kT):     52.6665
per-segment minimum non-zero probability:   1.63518e-24
per-segment maximum non-zero probability:   0.242273
per-segment probability dynamic range (kT): 53.3526
norm = 1, error in norm = 0 (0*epsilon)
Iteration wallclock: 0:12:01.559529, cputime: 1:40:19.831317


Sat Feb 17 20:09:23 2024
Iteration 1003 (5000 requested)
Beginning iteration 1003
198 segments remain in iteration 1003 (198 total)
33 of 35 (94.285714%) active bins are populated
per-bin minimum non-zero probability:       1.63518e-24
per-bin maximum probability:                0.586104
per-bin probability dynamic range (kT):     54.236
per-segment minimum non-zero probability:   2.7253e-25
per-segment maximum non-zero probability:   0.133895
per-segment probability dynamic range (kT): 54.5513
norm = 1, error in norm = 0 (0*epsilon)
Iteration wallclock: 0:11:48.097564, cputime: 1:40:32.292520


Sat Feb 17 20:21:11 2024
Iteration 1004 (5000 requested)
Beginning iteration 1004
198 segments remain in iteration 1004 (198 total)
33 of 35 (94.285714%) active bins are populated
per-bin minimum non-zero probability:       2.7253e-25
per-bin maximum probability:                0.547817
per-bin probability dynamic range (kT):     55.9602
per-segment minimum non-zero probability:   4.54217e-26
per-segment maximum non-zero probability:   0.132444
per-segment probability dynamic range (kT): 56.3322
norm = 1, error in norm = -1.11022e-16 (-0.5*epsilon)
Iteration wallclock: 0:11:58.913348, cputime: 1:40:02.639827


Sat Feb 17 20:33:10 2024
Iteration 1005 (5000 requested)
Beginning iteration 1005
192 segments remain in iteration 1005 (192 total)
32 of 35 (91.428571%) active bins are populated
per-bin minimum non-zero probability:       1.52313e-23
per-bin maximum probability:                0.637522
per-bin probability dynamic range (kT):     52.0885
per-segment minimum non-zero probability:   2.17412e-24
per-segment maximum non-zero probability:   0.147705
per-segment probability dynamic range (kT): 52.5729
norm = 1, error in norm = -1.11022e-16 (-0.5*epsilon)
Iteration wallclock: 0:11:44.256845, cputime: 1:37:06.495601


Sat Feb 17 20:44:54 2024
Iteration 1006 (5000 requested)
Beginning iteration 1006
198 segments remain in iteration 1006 (198 total)
33 of 35 (94.285714%) active bins are populated
per-bin minimum non-zero probability:       4.35136e-24
per-bin maximum probability:                0.671699
per-bin probability dynamic range (kT):     53.3936
per-segment minimum non-zero probability:   5.44309e-25
per-segment maximum non-zero probability:   0.15825
per-segment probability dynamic range (kT): 54.0267
norm = 1, error in norm = 0 (0*epsilon)
Iteration wallclock: 0:11:44.881115, cputime: 1:40:35.229498


Sat Feb 17 20:56:39 2024
Iteration 1007 (5000 requested)
Beginning iteration 1007
204 segments remain in iteration 1007 (204 total)
34 of 35 (97.142857%) active bins are populated
per-bin minimum non-zero probability:       6.23729e-23
per-bin maximum probability:                0.806729
per-bin probability dynamic range (kT):     50.9141
per-segment minimum non-zero probability:   1.03955e-23
per-segment maximum non-zero probability:   0.169087
per-segment probability dynamic range (kT): 51.1433
norm = 1, error in norm = -1.11022e-16 (-0.5*epsilon)
Iteration wallclock: 0:12:26.920069, cputime: 1:43:23.817480


Sat Feb 17 21:09:06 2024
Iteration 1008 (5000 requested)
Beginning iteration 1008
198 segments remain in iteration 1008 (198 total)
33 of 35 (94.285714%) active bins are populated
per-bin minimum non-zero probability:       1.03955e-23
per-bin maximum probability:                0.945761
per-bin probability dynamic range (kT):     52.8649
per-segment minimum non-zero probability:   1.73258e-24
per-segment maximum non-zero probability:   0.19669
per-segment probability dynamic range (kT): 53.0863
norm = 1, error in norm = 0 (0*epsilon)
Iteration wallclock: 0:11:57.621082, cputime: 1:40:03.610496


Sat Feb 17 21:21:04 2024
Iteration 1009 (5000 requested)
Beginning iteration 1009
204 segments remain in iteration 1009 (204 total)
34 of 35 (97.142857%) active bins are populated
per-bin minimum non-zero probability:       2.42561e-23
per-bin maximum probability:                0.842888
per-bin probability dynamic range (kT):     51.9025
per-segment minimum non-zero probability:   3.46516e-24
per-segment maximum non-zero probability:   0.19669
per-segment probability dynamic range (kT): 52.3932
norm = 1, error in norm = 0 (0*epsilon)
Iteration wallclock: 0:12:19.580025, cputime: 1:43:05.406690


Sat Feb 17 21:33:24 2024
Iteration 1010 (5000 requested)
Beginning iteration 1010
204 segments remain in iteration 1010 (204 total)
34 of 35 (97.142857%) active bins are populated
per-bin minimum non-zero probability:       3.46516e-24
per-bin maximum probability:                0.930484
per-bin probability dynamic range (kT):     53.9472
per-segment minimum non-zero probability:   5.77527e-25
per-segment maximum non-zero probability:   0.19669
per-segment probability dynamic range (kT): 54.1849
norm = 1, error in norm = 0 (0*epsilon)
Iteration wallclock: 0:12:25.910716, cputime: 1:42:55.050656


Sat Feb 17 21:45:50 2024
Iteration 1011 (5000 requested)
Beginning iteration 1011
204 segments remain in iteration 1011 (204 total)
34 of 35 (97.142857%) active bins are populated
per-bin minimum non-zero probability:       1.15505e-24
per-bin maximum probability:                0.780138
per-bin probability dynamic range (kT):     54.8696
per-segment minimum non-zero probability:   1.92509e-25
per-segment maximum non-zero probability:   0.169087
per-segment probability dynamic range (kT): 55.1323
norm = 1, error in norm = -1.11022e-16 (-0.5*epsilon)
Iteration wallclock: 0:12:37.549799, cputime: 1:43:10.979872


Sat Feb 17 21:58:27 2024
Iteration 1012 (5000 requested)
Beginning iteration 1012
204 segments remain in iteration 1012 (204 total)
34 of 35 (97.142857%) active bins are populated
per-bin minimum non-zero probability:       2.88763e-25
per-bin maximum probability:                0.832139
per-bin probability dynamic range (kT):     56.3204
per-segment minimum non-zero probability:   4.81272e-26
per-segment maximum non-zero probability:   0.169087
per-segment probability dynamic range (kT): 56.5186
norm = 1, error in norm = 0 (0*epsilon)
Iteration wallclock: 0:13:25.271967, cputime: 1:43:12.384928


Sat Feb 17 22:11:53 2024
Iteration 1013 (5000 requested)
Beginning iteration 1013
198 segments remain in iteration 1013 (198 total)
33 of 35 (94.285714%) active bins are populated
per-bin minimum non-zero probability:       6.28353e-24
per-bin maximum probability:                0.798789
per-bin probability dynamic range (kT):     53.1995
per-segment minimum non-zero probability:   1.04725e-24
per-segment maximum non-zero probability:   0.169087
per-segment probability dynamic range (kT): 53.4385
norm = 1, error in norm = 0 (0*epsilon)
Iteration wallclock: 0:12:40.277388, cputime: 1:40:25.545996


Sat Feb 17 22:24:33 2024
Iteration 1014 (5000 requested)
Beginning iteration 1014
204 segments remain in iteration 1014 (204 total)
34 of 35 (97.142857%) active bins are populated
per-bin minimum non-zero probability:       1.12064e-23
per-bin maximum probability:                0.897134
per-bin probability dynamic range (kT):     52.737
per-segment minimum non-zero probability:   1.04725e-24
per-segment maximum non-zero probability:   0.169087
per-segment probability dynamic range (kT): 53.4385
norm = 1, error in norm = -1.11022e-16 (-0.5*epsilon)
Iteration wallclock: 0:14:56.015872, cputime: 1:42:57.159472


Sat Feb 17 22:39:29 2024
Iteration 1015 (5000 requested)
Beginning iteration 1015
192 segments remain in iteration 1015 (192 total)
32 of 35 (91.428571%) active bins are populated
per-bin minimum non-zero probability:       1.82239e-24
per-bin maximum probability:                0.613879
per-bin probability dynamic range (kT):     54.1739
per-segment minimum non-zero probability:   3.03731e-25
per-segment maximum non-zero probability:   0.147705
per-segment probability dynamic range (kT): 54.5411
norm = 1, error in norm = 0 (0*epsilon)
Iteration wallclock: 0:11:42.769673, cputime: 1:36:59.776611


Sat Feb 17 22:51:12 2024
Iteration 1016 (5000 requested)
Beginning iteration 1016
204 segments remain in iteration 1016 (204 total)
34 of 35 (97.142857%) active bins are populated
per-bin minimum non-zero probability:       6.07462e-25
per-bin maximum probability:                0.943638
per-bin probability dynamic range (kT):     55.7025
per-segment minimum non-zero probability:   1.01244e-25
per-segment maximum non-zero probability:   0.218949
per-segment probability dynamic range (kT): 56.0334
norm = 1, error in norm = 0 (0*epsilon)
Iteration wallclock: 0:12:19.442993, cputime: 1:42:54.024241


Sat Feb 17 23:03:32 2024
Iteration 1017 (5000 requested)
Beginning iteration 1017
198 segments remain in iteration 1017 (198 total)
33 of 35 (94.285714%) active bins are populated
per-bin minimum non-zero probability:       1.40125e-24
per-bin maximum probability:                0.798469
per-bin probability dynamic range (kT):     54.6996
per-segment minimum non-zero probability:   2.33542e-25
per-segment maximum non-zero probability:   0.218949
per-segment probability dynamic range (kT): 55.1975
norm = 1, error in norm = 2.22045e-16 (1*epsilon)
Iteration wallclock: 0:11:43.324633, cputime: 1:39:45.214466


Sat Feb 17 23:15:15 2024
Iteration 1018 (5000 requested)
Beginning iteration 1018
198 segments remain in iteration 1018 (198 total)
33 of 35 (94.285714%) active bins are populated
per-bin minimum non-zero probability:       2.33542e-25
per-bin maximum probability:                0.670891
per-bin probability dynamic range (kT):     56.3173
per-segment minimum non-zero probability:   3.89237e-26
per-segment maximum non-zero probability:   0.147705
per-segment probability dynamic range (kT): 56.5957
norm = 1, error in norm = 0 (0*epsilon)
Iteration wallclock: 0:11:38.238334, cputime: 1:40:23.184233


Sat Feb 17 23:26:53 2024
Iteration 1019 (5000 requested)
Beginning iteration 1019
204 segments remain in iteration 1019 (204 total)
34 of 35 (97.142857%) active bins are populated
per-bin minimum non-zero probability:       3.89237e-26
per-bin maximum probability:                0.546909
per-bin probability dynamic range (kT):     57.9047
per-segment minimum non-zero probability:   6.48728e-27
per-segment maximum non-zero probability:   0.135487
per-segment probability dynamic range (kT): 58.3011
norm = 1, error in norm = 0 (0*epsilon)
Iteration wallclock: 0:12:14.962236, cputime: 1:44:04.305846


Sat Feb 17 23:39:08 2024
Iteration 1020 (5000 requested)
Beginning iteration 1020
204 segments remain in iteration 1020 (204 total)
34 of 35 (97.142857%) active bins are populated
per-bin minimum non-zero probability:       5.18982e-26
per-bin maximum probability:                0.570859
per-bin probability dynamic range (kT):     57.6599
per-segment minimum non-zero probability:   6.48728e-27
per-segment maximum non-zero probability:   0.135487
per-segment probability dynamic range (kT): 58.3011
norm = 1, error in norm = 0 (0*epsilon)
Iteration wallclock: 0:12:23.442730, cputime: 1:43:35.083028


Sat Feb 17 23:51:32 2024
Iteration 1021 (5000 requested)
Beginning iteration 1021
198 segments remain in iteration 1021 (198 total)
33 of 35 (94.285714%) active bins are populated
per-bin minimum non-zero probability:       6.48728e-27
per-bin maximum probability:                0.84113
per-bin probability dynamic range (kT):     60.1269
per-segment minimum non-zero probability:   1.08121e-27
per-segment maximum non-zero probability:   0.196294
per-segment probability dynamic range (kT): 60.4636
norm = 1, error in norm = 0 (0*epsilon)
Iteration wallclock: 0:11:47.785862, cputime: 1:40:16.984347


Sun Feb 18 00:03:20 2024
Iteration 1022 (5000 requested)
Beginning iteration 1022
204 segments remain in iteration 1022 (204 total)
34 of 35 (97.142857%) active bins are populated
per-bin minimum non-zero probability:       1.08121e-27
per-bin maximum probability:                0.931815
per-bin probability dynamic range (kT):     62.0211
per-segment minimum non-zero probability:   1.80202e-28
per-segment maximum non-zero probability:   0.20016
per-segment probability dynamic range (kT): 62.2748
norm = 1, error in norm = 0 (0*epsilon)
Iteration wallclock: 0:12:23.813071, cputime: 1:43:14.894105


Sun Feb 18 00:15:44 2024
Iteration 1023 (5000 requested)
Beginning iteration 1023
204 segments remain in iteration 1023 (204 total)
34 of 35 (97.142857%) active bins are populated
per-bin minimum non-zero probability:       3.60404e-28
per-bin maximum probability:                0.962272
per-bin probability dynamic range (kT):     63.1519
per-segment minimum non-zero probability:   6.00674e-29
per-segment maximum non-zero probability:   0.20016
per-segment probability dynamic range (kT): 63.3734
norm = 1, error in norm = 0 (0*epsilon)
Iteration wallclock: 0:12:15.274338, cputime: 1:43:33.520863


Sun Feb 18 00:27:59 2024
Iteration 1024 (5000 requested)
Beginning iteration 1024
192 segments remain in iteration 1024 (192 total)
32 of 35 (91.428571%) active bins are populated
per-bin minimum non-zero probability:       1.20135e-28
per-bin maximum probability:                0.972973
per-bin probability dynamic range (kT):     64.2615
per-segment minimum non-zero probability:   2.00225e-29
per-segment maximum non-zero probability:   0.20016
per-segment probability dynamic range (kT): 64.4721
norm = 1, error in norm = 0 (0*epsilon)
Iteration wallclock: 0:11:33.453682, cputime: 1:37:29.008819


Sun Feb 18 00:39:32 2024
Iteration 1025 (5000 requested)
Beginning iteration 1025
198 segments remain in iteration 1025 (198 total)
33 of 35 (94.285714%) active bins are populated
per-bin minimum non-zero probability:       4.00449e-29
per-bin maximum probability:                0.98875
per-bin probability dynamic range (kT):     65.3762
per-segment minimum non-zero probability:   6.67415e-30
per-segment maximum non-zero probability:   0.20016
per-segment probability dynamic range (kT): 65.5707
norm = 1, error in norm = 0 (0*epsilon)
Iteration wallclock: 0:11:54.941026, cputime: 1:39:57.833533


Sun Feb 18 00:51:27 2024
Iteration 1026 (5000 requested)
Beginning iteration 1026
192 segments remain in iteration 1026 (192 total)
32 of 35 (91.428571%) active bins are populated
per-bin minimum non-zero probability:       3.00337e-29
per-bin maximum probability:                0.855261
per-bin probability dynamic range (kT):     65.5189
per-segment minimum non-zero probability:   3.33708e-30
per-segment maximum non-zero probability:   0.20016
per-segment probability dynamic range (kT): 66.2638
norm = 1, error in norm = 0 (0*epsilon)
Iteration wallclock: 0:11:42.380528, cputime: 1:37:15.132035


Sun Feb 18 01:03:10 2024
Iteration 1027 (5000 requested)
Beginning iteration 1027
204 segments remain in iteration 1027 (204 total)
34 of 35 (97.142857%) active bins are populated
per-bin minimum non-zero probability:       1.66854e-29
per-bin maximum probability:                0.722984
per-bin probability dynamic range (kT):     65.9387
per-segment minimum non-zero probability:   2.22472e-30
per-segment maximum non-zero probability:   0.196294
per-segment probability dynamic range (kT): 66.6498
norm = 1, error in norm = 0 (0*epsilon)
Iteration wallclock: 0:12:20.148413, cputime: 1:43:22.551611


Sun Feb 18 01:15:30 2024
Iteration 1028 (5000 requested)
Beginning iteration 1028
204 segments remain in iteration 1028 (204 total)
34 of 35 (97.142857%) active bins are populated
per-bin minimum non-zero probability:       5.00561e-30
per-bin maximum probability:                0.838643
per-bin probability dynamic range (kT):     67.291
per-segment minimum non-zero probability:   8.34269e-31
per-segment maximum non-zero probability:   0.196294
per-segment probability dynamic range (kT): 67.6306
norm = 1, error in norm = 0 (0*epsilon)
Iteration wallclock: 0:12:15.753672, cputime: 1:43:30.964237


Sun Feb 18 01:27:46 2024
Iteration 1029 (5000 requested)
Beginning iteration 1029
204 segments remain in iteration 1029 (204 total)
34 of 35 (97.142857%) active bins are populated
per-bin minimum non-zero probability:       2.08567e-30
per-bin maximum probability:                0.725696
per-bin probability dynamic range (kT):     68.0218
per-segment minimum non-zero probability:   2.7809e-31
per-segment maximum non-zero probability:   0.151265
per-segment probability dynamic range (kT): 68.4686
norm = 1, error in norm = -1.11022e-16 (-0.5*epsilon)
Iteration wallclock: 0:12:09.700036, cputime: 1:44:07.437928


Sun Feb 18 01:39:56 2024
Iteration 1030 (5000 requested)
Beginning iteration 1030
198 segments remain in iteration 1030 (198 total)
33 of 35 (94.285714%) active bins are populated
per-bin minimum non-zero probability:       5.56179e-31
per-bin maximum probability:                0.873312
per-bin probability dynamic range (kT):     69.5288
per-segment minimum non-zero probability:   9.26966e-32
per-segment maximum non-zero probability:   0.196294
per-segment probability dynamic range (kT): 69.8278
norm = 1, error in norm = 2.22045e-16 (1*epsilon)
Iteration wallclock: 0:11:42.431705, cputime: 1:40:39.657713


Sun Feb 18 01:51:38 2024
Iteration 1031 (5000 requested)
Beginning iteration 1031
204 segments remain in iteration 1031 (204 total)
34 of 35 (97.142857%) active bins are populated
per-bin minimum non-zero probability:       9.26966e-31
per-bin maximum probability:                0.96328
per-bin probability dynamic range (kT):     69.116
per-segment minimum non-zero probability:   1.48314e-31
per-segment maximum non-zero probability:   0.206118
per-segment probability dynamic range (kT): 69.4067
norm = 1, error in norm = 0 (0*epsilon)
Iteration wallclock: 0:12:12.263948, cputime: 1:43:52.855435


Sun Feb 18 02:03:51 2024
Iteration 1032 (5000 requested)
Beginning iteration 1032
198 segments remain in iteration 1032 (198 total)
33 of 35 (94.285714%) active bins are populated
per-bin minimum non-zero probability:       2.96629e-31
per-bin maximum probability:                0.520495
per-bin probability dynamic range (kT):     69.6399
per-segment minimum non-zero probability:   4.94382e-32
per-segment maximum non-zero probability:   0.151265
per-segment probability dynamic range (kT): 70.1959
norm = 1, error in norm = 0 (0*epsilon)
Iteration wallclock: 0:11:41.162277, cputime: 1:40:22.602659


Sun Feb 18 02:15:32 2024
Iteration 1033 (5000 requested)
Beginning iteration 1033
198 segments remain in iteration 1033 (198 total)
33 of 35 (94.285714%) active bins are populated
per-bin minimum non-zero probability:       9.88763e-32
per-bin maximum probability:                0.728451
per-bin probability dynamic range (kT):     71.0746
per-segment minimum non-zero probability:   1.64794e-32
per-segment maximum non-zero probability:   0.151265
per-segment probability dynamic range (kT): 71.2945
norm = 1, error in norm = 2.22045e-16 (1*epsilon)
Iteration wallclock: 0:11:35.831374, cputime: 1:40:21.627423


Sun Feb 18 02:27:08 2024
Iteration 1034 (5000 requested)
Beginning iteration 1034
204 segments remain in iteration 1034 (204 total)
34 of 35 (97.142857%) active bins are populated
per-bin minimum non-zero probability:       1.64794e-32
per-bin maximum probability:                0.703971
per-bin probability dynamic range (kT):     72.8322
per-segment minimum non-zero probability:   2.74656e-33
per-segment maximum non-zero probability:   0.151265
per-segment probability dynamic range (kT): 73.0862
norm = 1, error in norm = 0 (0*epsilon)
Iteration wallclock: 0:12:23.989270, cputime: 1:43:29.522783


Sun Feb 18 02:39:32 2024
Iteration 1035 (5000 requested)
Beginning iteration 1035
198 segments remain in iteration 1035 (198 total)
33 of 35 (94.285714%) active bins are populated
per-bin minimum non-zero probability:       1.32215e-23
per-bin maximum probability:                0.59622
per-bin probability dynamic range (kT):     52.1631
per-segment minimum non-zero probability:   1.88879e-24
per-segment maximum non-zero probability:   0.147705
per-segment probability dynamic range (kT): 52.7136
norm = 1, error in norm = 0 (0*epsilon)
Iteration wallclock: 0:11:40.845691, cputime: 1:40:54.626435


Sun Feb 18 02:51:13 2024
Iteration 1036 (5000 requested)
Beginning iteration 1036
198 segments remain in iteration 1036 (198 total)
33 of 35 (94.285714%) active bins are populated
per-bin minimum non-zero probability:       3.77757e-24
per-bin maximum probability:                1
per-bin probability dynamic range (kT):     53.933
per-segment minimum non-zero probability:   6.29596e-25
per-segment maximum non-zero probability:   0.257403
per-segment probability dynamic range (kT): 54.3676
norm = 1, error in norm = 2.22045e-16 (1*epsilon)
Iteration wallclock: 0:12:09.794326, cputime: 1:41:27.263748


Sun Feb 18 03:03:23 2024
Iteration 1037 (5000 requested)
Beginning iteration 1037
192 segments remain in iteration 1037 (192 total)
32 of 35 (91.428571%) active bins are populated
per-bin minimum non-zero probability:       5.66636e-24
per-bin maximum probability:                0.862588
per-bin probability dynamic range (kT):     53.3797
per-segment minimum non-zero probability:   9.40481e-25
per-segment maximum non-zero probability:   0.167583
per-segment probability dynamic range (kT): 53.5371
norm = 1, error in norm = 0 (0*epsilon)
Iteration wallclock: 0:11:38.224429, cputime: 1:37:45.986263


Sun Feb 18 03:15:01 2024
Iteration 1038 (5000 requested)
Beginning iteration 1038
180 segments remain in iteration 1038 (180 total)
30 of 35 (85.714286%) active bins are populated
per-bin minimum non-zero probability:       9.44394e-25
per-bin maximum probability:                0.605185
per-bin probability dynamic range (kT):     54.817
per-segment minimum non-zero probability:   1.57399e-25
per-segment maximum non-zero probability:   0.147705
per-segment probability dynamic range (kT): 55.1985
norm = 1, error in norm = 0 (0*epsilon)
Iteration wallclock: 0:10:45.696250, cputime: 1:31:19.164353


Sun Feb 18 03:25:47 2024
Iteration 1039 (5000 requested)
Beginning iteration 1039
186 segments remain in iteration 1039 (186 total)
31 of 35 (88.571429%) active bins are populated
per-bin minimum non-zero probability:       2.05769e-23
per-bin maximum probability:                0.824601
per-bin probability dynamic range (kT):     52.045
per-segment minimum non-zero probability:   3.3333e-24
per-segment maximum non-zero probability:   0.159424
per-segment probability dynamic range (kT): 52.2219
norm = 1, error in norm = 0 (0*epsilon)
Iteration wallclock: 0:11:00.497510, cputime: 1:34:23.575477


Sun Feb 18 03:36:47 2024
Iteration 1040 (5000 requested)
Beginning iteration 1040
180 segments remain in iteration 1040 (180 total)
30 of 35 (85.714286%) active bins are populated
per-bin minimum non-zero probability:       3.3333e-24
per-bin maximum probability:                0.792536
per-bin probability dynamic range (kT):     53.8256
per-segment minimum non-zero probability:   5.5555e-25
per-segment maximum non-zero probability:   0.159424
per-segment probability dynamic range (kT): 54.0136
norm = 1, error in norm = 0 (0*epsilon)
Iteration wallclock: 0:10:54.391828, cputime: 1:31:23.292243


Sun Feb 18 03:47:42 2024
Iteration 1041 (5000 requested)
Beginning iteration 1041
180 segments remain in iteration 1041 (180 total)
30 of 35 (85.714286%) active bins are populated
per-bin minimum non-zero probability:       5.5555e-25
per-bin maximum probability:                0.76025
per-bin probability dynamic range (kT):     55.5757
per-segment minimum non-zero probability:   9.25916e-26
per-segment maximum non-zero probability:   0.159424
per-segment probability dynamic range (kT): 55.8054
norm = 1, error in norm = 0 (0*epsilon)
Iteration wallclock: 0:10:56.099701, cputime: 1:31:56.910809


Sun Feb 18 03:58:38 2024
Iteration 1042 (5000 requested)
Beginning iteration 1042
192 segments remain in iteration 1042 (192 total)
32 of 35 (91.428571%) active bins are populated
per-bin minimum non-zero probability:       3.42589e-24
per-bin maximum probability:                0.778323
per-bin probability dynamic range (kT):     53.7801
per-segment minimum non-zero probability:   5.5555e-25
per-segment maximum non-zero probability:   0.159424
per-segment probability dynamic range (kT): 54.0136
norm = 1, error in norm = 0 (0*epsilon)
Iteration wallclock: 0:11:31.578048, cputime: 1:38:00.312621


Sun Feb 18 04:10:10 2024
Iteration 1043 (5000 requested)
Beginning iteration 1043
192 segments remain in iteration 1043 (192 total)
32 of 35 (91.428571%) active bins are populated
per-bin minimum non-zero probability:       1.32475e-24
per-bin maximum probability:                0.642448
per-bin probability dynamic range (kT):     54.5384
per-segment minimum non-zero probability:   2.20791e-25
per-segment maximum non-zero probability:   0.147705
per-segment probability dynamic range (kT): 54.86
norm = 1, error in norm = -1.11022e-16 (-0.5*epsilon)
Iteration wallclock: 0:11:30.606463, cputime: 1:37:46.669838


Sun Feb 18 04:21:40 2024
Iteration 1044 (5000 requested)
Beginning iteration 1044
192 segments remain in iteration 1044 (192 total)
32 of 35 (91.428571%) active bins are populated
per-bin minimum non-zero probability:       2.40542e-24
per-bin maximum probability:                0.855187
per-bin probability dynamic range (kT):     54.2279
per-segment minimum non-zero probability:   4.00904e-25
per-segment maximum non-zero probability:   0.200573
per-segment probability dynamic range (kT): 54.5695
norm = 1, error in norm = 0 (0*epsilon)
Iteration wallclock: 0:11:32.744056, cputime: 1:37:40.128781


Sun Feb 18 04:33:13 2024
Iteration 1045 (5000 requested)
Beginning iteration 1045
198 segments remain in iteration 1045 (198 total)
33 of 35 (94.285714%) active bins are populated
per-bin minimum non-zero probability:       4.81084e-24
per-bin maximum probability:                0.675015
per-bin probability dynamic range (kT):     53.2981
per-segment minimum non-zero probability:   8.01807e-25
per-segment maximum non-zero probability:   0.147705
per-segment probability dynamic range (kT): 53.5704
norm = 1, error in norm = 0 (0*epsilon)
Iteration wallclock: 0:11:46.459983, cputime: 1:40:26.406739


Sun Feb 18 04:45:00 2024
Iteration 1046 (5000 requested)
Beginning iteration 1046
180 segments remain in iteration 1046 (180 total)
30 of 35 (85.714286%) active bins are populated
per-bin minimum non-zero probability:       2.13292e-22
per-bin maximum probability:                0.798962
per-bin probability dynamic range (kT):     49.6749
per-segment minimum non-zero probability:   2.86034e-23
per-segment maximum non-zero probability:   0.184045
per-segment probability dynamic range (kT): 50.2159
norm = 1, error in norm = 0 (0*epsilon)
Iteration wallclock: 0:10:51.688868, cputime: 1:30:53.164744


Sun Feb 18 04:55:51 2024
Iteration 1047 (5000 requested)
Beginning iteration 1047
180 segments remain in iteration 1047 (180 total)
30 of 35 (85.714286%) active bins are populated
per-bin minimum non-zero probability:       1.3332e-22
per-bin maximum probability:                0.792202
per-bin probability dynamic range (kT):     50.1364
per-segment minimum non-zero probability:   1.69143e-23
per-segment maximum non-zero probability:   0.184045
per-segment probability dynamic range (kT): 50.7413
norm = 1, error in norm = 0 (0*epsilon)
Iteration wallclock: 0:10:50.974367, cputime: 1:30:37.810650


Sun Feb 18 05:06:43 2024
Iteration 1048 (5000 requested)
Beginning iteration 1048
186 segments remain in iteration 1048 (186 total)
31 of 35 (88.571429%) active bins are populated
per-bin minimum non-zero probability:       1.69143e-23
per-bin maximum probability:                0.86582
per-bin probability dynamic range (kT):     52.2898
per-segment minimum non-zero probability:   2.81906e-24
per-segment maximum non-zero probability:   0.184045
per-segment probability dynamic range (kT): 52.5331
norm = 1, error in norm = 0 (0*epsilon)
Iteration wallclock: 0:10:58.272240, cputime: 1:33:49.810368


Sun Feb 18 05:17:41 2024
Iteration 1049 (5000 requested)
Beginning iteration 1049
198 segments remain in iteration 1049 (198 total)
33 of 35 (94.285714%) active bins are populated
per-bin minimum non-zero probability:       2.81906e-24
per-bin maximum probability:                0.940287
per-bin probability dynamic range (kT):     54.1641
per-segment minimum non-zero probability:   4.69843e-25
per-segment maximum non-zero probability:   0.194466
per-segment probability dynamic range (kT): 54.3799
norm = 1, error in norm = -1.11022e-16 (-0.5*epsilon)
Iteration wallclock: 0:11:40.707628, cputime: 1:39:43.129247


Sun Feb 18 05:29:22 2024
Iteration 1050 (5000 requested)
Beginning iteration 1050
204 segments remain in iteration 1050 (204 total)
34 of 35 (97.142857%) active bins are populated
per-bin minimum non-zero probability:       4.69843e-25
per-bin maximum probability:                0.980096
per-bin probability dynamic range (kT):     55.9973
per-segment minimum non-zero probability:   7.83072e-26
per-segment maximum non-zero probability:   0.194466
per-segment probability dynamic range (kT): 56.1717
norm = 1, error in norm = 0 (0*epsilon)
Iteration wallclock: 0:12:15.146459, cputime: 1:43:21.698236


Sun Feb 18 05:41:37 2024
Iteration 1051 (5000 requested)
Beginning iteration 1051
192 segments remain in iteration 1051 (192 total)
32 of 35 (91.428571%) active bins are populated
per-bin minimum non-zero probability:       4.1951e-24
per-bin maximum probability:                0.642154
per-bin probability dynamic range (kT):     53.3852
per-segment minimum non-zero probability:   6.99183e-25
per-segment maximum non-zero probability:   0.164265
per-segment probability dynamic range (kT): 53.8136
norm = 1, error in norm = 0 (0*epsilon)
Iteration wallclock: 0:11:44.246712, cputime: 1:37:22.401028


Sun Feb 18 05:53:21 2024
Iteration 1052 (5000 requested)
Beginning iteration 1052
186 segments remain in iteration 1052 (186 total)
31 of 35 (88.571429%) active bins are populated
per-bin minimum non-zero probability:       6.99183e-25
per-bin maximum probability:                0.931479
per-bin probability dynamic range (kT):     55.5489
per-segment minimum non-zero probability:   1.1653e-25
per-segment maximum non-zero probability:   0.189255
per-segment probability dynamic range (kT): 55.747
norm = 1, error in norm = 0 (0*epsilon)
Iteration wallclock: 0:11:10.836412, cputime: 1:34:33.811314


Sun Feb 18 06:04:32 2024
Iteration 1053 (5000 requested)
Beginning iteration 1053
180 segments remain in iteration 1053 (180 total)
30 of 35 (85.714286%) active bins are populated
per-bin minimum non-zero probability:       1.25832e-22
per-bin maximum probability:                0.64032
per-bin probability dynamic range (kT):     49.9813
per-segment minimum non-zero probability:   1.9754e-23
per-segment maximum non-zero probability:   0.147705
per-segment probability dynamic range (kT): 50.3661
norm = 1, error in norm = 0 (0*epsilon)
Iteration wallclock: 0:11:05.330600, cputime: 1:31:07.669696


Sun Feb 18 06:15:37 2024
Iteration 1054 (5000 requested)
Beginning iteration 1054
174 segments remain in iteration 1054 (174 total)
29 of 35 (82.857143%) active bins are populated
per-bin minimum non-zero probability:       1.39287e-22
per-bin maximum probability:                0.8001
per-bin probability dynamic range (kT):     50.1025
per-segment minimum non-zero probability:   2.08028e-23
per-segment maximum non-zero probability:   0.164265
per-segment probability dynamic range (kT): 50.4207
norm = 1, error in norm = -1.11022e-16 (-0.5*epsilon)
Iteration wallclock: 0:10:28.687052, cputime: 1:28:19.465781


Sun Feb 18 06:26:06 2024
Iteration 1055 (5000 requested)
Beginning iteration 1055
168 segments remain in iteration 1055 (168 total)
28 of 35 (80.000000%) active bins are populated
per-bin minimum non-zero probability:       3.24362e-23
per-bin maximum probability:                1
per-bin probability dynamic range (kT):     51.7828
per-segment minimum non-zero probability:   5.40603e-24
per-segment maximum non-zero probability:   0.250337
per-segment probability dynamic range (kT): 52.1896
norm = 1, error in norm = 0 (0*epsilon)
Iteration wallclock: 0:10:08.586855, cputime: 1:24:57.929014


Sun Feb 18 06:36:15 2024
Iteration 1056 (5000 requested)
Beginning iteration 1056
186 segments remain in iteration 1056 (186 total)
31 of 35 (88.571429%) active bins are populated
per-bin minimum non-zero probability:       5.40603e-24
per-bin maximum probability:                0.686136
per-bin probability dynamic range (kT):     53.1978
per-segment minimum non-zero probability:   9.01005e-25
per-segment maximum non-zero probability:   0.147705
per-segment probability dynamic range (kT): 53.4538
norm = 1, error in norm = 2.22045e-16 (1*epsilon)
Iteration wallclock: 0:10:54.042134, cputime: 1:33:49.888094


Sun Feb 18 06:47:09 2024
Iteration 1057 (5000 requested)
Beginning iteration 1057
192 segments remain in iteration 1057 (192 total)
32 of 35 (91.428571%) active bins are populated
per-bin minimum non-zero probability:       9.01005e-25
per-bin maximum probability:                0.826935
per-bin probability dynamic range (kT):     55.1763
per-segment minimum non-zero probability:   1.50167e-25
per-segment maximum non-zero probability:   0.166892
per-segment probability dynamic range (kT): 55.3676
norm = 1, error in norm = 0 (0*epsilon)
Iteration wallclock: 0:11:25.963911, cputime: 1:37:16.017002


Sun Feb 18 06:58:35 2024
Iteration 1058 (5000 requested)
Beginning iteration 1058
186 segments remain in iteration 1058 (186 total)
31 of 35 (88.571429%) active bins are populated
per-bin minimum non-zero probability:       1.57484e-23
per-bin maximum probability:                0.826446
per-bin probability dynamic range (kT):     52.3147
per-segment minimum non-zero probability:   2.44954e-24
per-segment maximum non-zero probability:   0.166892
per-segment probability dynamic range (kT): 52.5757
norm = 1, error in norm = 0 (0*epsilon)
Iteration wallclock: 0:11:01.588488, cputime: 1:34:04.282491


Sun Feb 18 07:09:37 2024
Iteration 1059 (5000 requested)
Beginning iteration 1059
186 segments remain in iteration 1059 (186 total)
31 of 35 (88.571429%) active bins are populated
per-bin minimum non-zero probability:       4.89908e-24
per-bin maximum probability:                0.678057
per-bin probability dynamic range (kT):     53.2845
per-segment minimum non-zero probability:   8.16514e-25
per-segment maximum non-zero probability:   0.166892
per-segment probability dynamic range (kT): 53.6743
norm = 1, error in norm = 0 (0*epsilon)
Iteration wallclock: 0:10:59.008153, cputime: 1:33:49.596364


Sun Feb 18 07:20:36 2024
Iteration 1060 (5000 requested)
Beginning iteration 1060
180 segments remain in iteration 1060 (180 total)
30 of 35 (85.714286%) active bins are populated
per-bin minimum non-zero probability:       4.06805e-23
per-bin maximum probability:                0.778582
per-bin probability dynamic range (kT):     51.306
per-segment minimum non-zero probability:   6.50791e-24
per-segment maximum non-zero probability:   0.166892
per-segment probability dynamic range (kT): 51.5986
norm = 1, error in norm = 2.22045e-16 (1*epsilon)
Iteration wallclock: 0:10:44.412505, cputime: 1:30:46.487933


Sun Feb 18 07:31:20 2024
Iteration 1061 (5000 requested)
Beginning iteration 1061
180 segments remain in iteration 1061 (180 total)
30 of 35 (85.714286%) active bins are populated
per-bin minimum non-zero probability:       1.10739e-22
per-bin maximum probability:                0.802585
per-bin probability dynamic range (kT):     50.3349
per-segment minimum non-zero probability:   1.84566e-23
per-segment maximum non-zero probability:   0.166892
per-segment probability dynamic range (kT): 50.5562
norm = 1, error in norm = 0 (0*epsilon)
Iteration wallclock: 0:10:52.459302, cputime: 1:30:25.110485


Sun Feb 18 07:42:13 2024
Iteration 1062 (5000 requested)
Beginning iteration 1062
180 segments remain in iteration 1062 (180 total)
30 of 35 (85.714286%) active bins are populated
per-bin minimum non-zero probability:       5.01045e-23
per-bin maximum probability:                0.775177
per-bin probability dynamic range (kT):     51.0933
per-segment minimum non-zero probability:   8.35075e-24
per-segment maximum non-zero probability:   0.166892
per-segment probability dynamic range (kT): 51.3493
norm = 1, error in norm = 0 (0*epsilon)
Iteration wallclock: 0:10:46.509673, cputime: 1:30:51.053823


Sun Feb 18 07:52:59 2024
Iteration 1063 (5000 requested)
Beginning iteration 1063
180 segments remain in iteration 1063 (180 total)
30 of 35 (85.714286%) active bins are populated
per-bin minimum non-zero probability:       8.35075e-24
per-bin maximum probability:                0.827978
per-bin probability dynamic range (kT):     52.9509
per-segment minimum non-zero probability:   1.39179e-24
per-segment maximum non-zero probability:   0.166892
per-segment probability dynamic range (kT): 53.141
norm = 1, error in norm = 0 (0*epsilon)
Iteration wallclock: 0:11:02.814310, cputime: 1:30:45.203740


Sun Feb 18 08:04:02 2024
Iteration 1064 (5000 requested)
Beginning iteration 1064
180 segments remain in iteration 1064 (180 total)
30 of 35 (85.714286%) active bins are populated
per-bin minimum non-zero probability:       4.17538e-24
per-bin maximum probability:                0.611963
per-bin probability dynamic range (kT):     53.3418
per-segment minimum non-zero probability:   6.95896e-25
per-segment maximum non-zero probability:   0.147705
per-segment probability dynamic range (kT): 53.7121
norm = 1, error in norm = 0 (0*epsilon)
Iteration wallclock: 0:11:06.204399, cputime: 1:31:11.410146


Sun Feb 18 08:15:08 2024
Iteration 1065 (5000 requested)
Beginning iteration 1065
186 segments remain in iteration 1065 (186 total)
31 of 35 (88.571429%) active bins are populated
per-bin minimum non-zero probability:       6.38514e-24
per-bin maximum probability:                0.669186
per-bin probability dynamic range (kT):     53.0064
per-segment minimum non-zero probability:   1.06419e-24
per-segment maximum non-zero probability:   0.147705
per-segment probability dynamic range (kT): 53.2873
norm = 1, error in norm = -1.11022e-16 (-0.5*epsilon)
Iteration wallclock: 0:11:18.273987, cputime: 1:34:04.956356


Sun Feb 18 08:26:27 2024
Iteration 1066 (5000 requested)
Beginning iteration 1066
186 segments remain in iteration 1066 (186 total)
31 of 35 (88.571429%) active bins are populated
per-bin minimum non-zero probability:       1.06419e-24
per-bin maximum probability:                0.800903
per-bin probability dynamic range (kT):     54.9778
per-segment minimum non-zero probability:   1.77365e-25
per-segment maximum non-zero probability:   0.159665
per-segment probability dynamic range (kT): 55.1569
norm = 1, error in norm = 0 (0*epsilon)
Iteration wallclock: 0:11:06.399889, cputime: 1:34:20.283069


Sun Feb 18 08:37:33 2024
Iteration 1067 (5000 requested)
Beginning iteration 1067
192 segments remain in iteration 1067 (192 total)
32 of 35 (91.428571%) active bins are populated
per-bin minimum non-zero probability:       4.0934e-23
per-bin maximum probability:                0.612627
per-bin probability dynamic range (kT):     51.0601
per-segment minimum non-zero probability:   6.82233e-24
per-segment maximum non-zero probability:   0.147705
per-segment probability dynamic range (kT): 51.4293
norm = 1, error in norm = 0 (0*epsilon)
Iteration wallclock: 0:11:56.178068, cputime: 1:37:35.140555


Sun Feb 18 08:49:30 2024
Iteration 1068 (5000 requested)
Beginning iteration 1068
186 segments remain in iteration 1068 (186 total)
31 of 35 (88.571429%) active bins are populated
per-bin minimum non-zero probability:       5.68292e-23
per-bin maximum probability:                0.635953
per-bin probability dynamic range (kT):     50.7694
per-segment minimum non-zero probability:   8.33448e-24
per-segment maximum non-zero probability:   0.147705
per-segment probability dynamic range (kT): 51.2291
norm = 1, error in norm = -1.11022e-16 (-0.5*epsilon)
Iteration wallclock: 0:11:08.794509, cputime: 1:34:49.941587


Sun Feb 18 09:00:38 2024
Iteration 1069 (5000 requested)
Beginning iteration 1069
180 segments remain in iteration 1069 (180 total)
30 of 35 (85.714286%) active bins are populated
per-bin minimum non-zero probability:       1.77948e-22
per-bin maximum probability:                0.800903
per-bin probability dynamic range (kT):     49.8585
per-segment minimum non-zero probability:   2.9658e-23
per-segment maximum non-zero probability:   0.171257
per-segment probability dynamic range (kT): 50.1077
norm = 1, error in norm = 0 (0*epsilon)
Iteration wallclock: 0:10:59.451889, cputime: 1:31:24.232241


Sun Feb 18 09:11:38 2024
Iteration 1070 (5000 requested)
Beginning iteration 1070
186 segments remain in iteration 1070 (186 total)
31 of 35 (88.571429%) active bins are populated
per-bin minimum non-zero probability:       2.17263e-22
per-bin maximum probability:                0.74773
per-bin probability dynamic range (kT):     49.5902
per-segment minimum non-zero probability:   2.85654e-23
per-segment maximum non-zero probability:   0.159665
per-segment probability dynamic range (kT): 50.0752
norm = 1, error in norm = 0 (0*epsilon)
Iteration wallclock: 0:11:09.509732, cputime: 1:33:54.122206


Sun Feb 18 09:22:48 2024
Iteration 1071 (5000 requested)
Beginning iteration 1071
192 segments remain in iteration 1071 (192 total)
32 of 35 (91.428571%) active bins are populated
per-bin minimum non-zero probability:       3.43906e-23
per-bin maximum probability:                0.606444
per-bin probability dynamic range (kT):     51.2241
per-segment minimum non-zero probability:   5.73176e-24
per-segment maximum non-zero probability:   0.159665
per-segment probability dynamic range (kT): 51.6813
norm = 1, error in norm = -1.11022e-16 (-0.5*epsilon)
Iteration wallclock: 0:11:31.768039, cputime: 1:36:56.150445


Sun Feb 18 09:34:20 2024
Iteration 1072 (5000 requested)
Beginning iteration 1072
186 segments remain in iteration 1072 (186 total)
31 of 35 (88.571429%) active bins are populated
per-bin minimum non-zero probability:       1.14635e-23
per-bin maximum probability:                0.671018
per-bin probability dynamic range (kT):     52.4239
per-segment minimum non-zero probability:   1.91059e-24
per-segment maximum non-zero probability:   0.159665
per-segment probability dynamic range (kT): 52.78
norm = 1, error in norm = 0 (0*epsilon)
Iteration wallclock: 0:10:59.871939, cputime: 1:34:15.200749


Sun Feb 18 09:45:19 2024
Iteration 1073 (5000 requested)
Beginning iteration 1073
186 segments remain in iteration 1073 (186 total)
31 of 35 (88.571429%) active bins are populated
per-bin minimum non-zero probability:       7.64235e-24
per-bin maximum probability:                0.491848
per-bin probability dynamic range (kT):     52.5188
per-segment minimum non-zero probability:   1.14635e-24
per-segment maximum non-zero probability:   0.110491
per-segment probability dynamic range (kT): 52.9226
norm = 1, error in norm = 0 (0*epsilon)
Iteration wallclock: 0:10:51.845927, cputime: 1:34:25.270094


Sun Feb 18 09:56:11 2024
Iteration 1074 (5000 requested)
Beginning iteration 1074
192 segments remain in iteration 1074 (192 total)
32 of 35 (91.428571%) active bins are populated
per-bin minimum non-zero probability:       2.77595e-23
per-bin maximum probability:                0.739521
per-bin probability dynamic range (kT):     51.6367
per-segment minimum non-zero probability:   4.62658e-24
per-segment maximum non-zero probability:   0.159665
per-segment probability dynamic range (kT): 51.8955
norm = 1, error in norm = 0 (0*epsilon)
Iteration wallclock: 0:11:37.374226, cputime: 1:37:50.119441


Sun Feb 18 10:07:49 2024
Iteration 1075 (5000 requested)
Beginning iteration 1075
180 segments remain in iteration 1075 (180 total)
30 of 35 (85.714286%) active bins are populated
per-bin minimum non-zero probability:       1.41679e-23
per-bin maximum probability:                0.877168
per-bin probability dynamic range (kT):     52.48
per-segment minimum non-zero probability:   1.90826e-24
per-segment maximum non-zero probability:   0.187432
per-segment probability dynamic range (kT): 52.9415
norm = 1, error in norm = 0 (0*epsilon)
Iteration wallclock: 0:10:54.210246, cputime: 1:31:48.887059


Sun Feb 18 10:18:43 2024
Iteration 1076 (5000 requested)
Beginning iteration 1076
186 segments remain in iteration 1076 (186 total)
31 of 35 (88.571429%) active bins are populated
per-bin minimum non-zero probability:       3.81652e-24
per-bin maximum probability:                0.745423
per-bin probability dynamic range (kT):     53.6289
per-segment minimum non-zero probability:   6.36087e-25
per-segment maximum non-zero probability:   0.159665
per-segment probability dynamic range (kT): 53.8798
norm = 1, error in norm = 0 (0*epsilon)
Iteration wallclock: 0:11:05.857405, cputime: 1:34:24.284013


Sun Feb 18 10:29:49 2024
Iteration 1077 (5000 requested)
Beginning iteration 1077
186 segments remain in iteration 1077 (186 total)
31 of 35 (88.571429%) active bins are populated
per-bin minimum non-zero probability:       1.2292e-22
per-bin maximum probability:                0.751177
per-bin probability dynamic range (kT):     50.1644
per-segment minimum non-zero probability:   2.03807e-23
per-segment maximum non-zero probability:   0.159665
per-segment probability dynamic range (kT): 50.4128
norm = 1, error in norm = -1.11022e-16 (-0.5*epsilon)
-- ERROR    [westpa.work_managers.core] -- uncaught exception in remote function
Traceback (most recent call last):
  File "/home1/09416/dty7/work/module_build_we_amber/modules/westpa/22.06_b/lib/python3.9/site-packages/westpa/core/propagators/executable.py", line 520, in prepare_file_system
    os.makedirs(environ[self.ENV_CURRENT_SEG_DATA_REF])
  File "/work/09416/dty7/ls6/module_build_we_amber/modules/envwestpa/1.0_b/lib/python3.9/os.py", line 225, in makedirs
    mkdir(name, mode)
FileNotFoundError: [Errno 2] No such file or directory: '/home1/09416/dty7/scratch/d1d2/2kod/ls6-we/tt_dist_eq_v03/traj_segs/001077/000003'

During handling of the above exception, another exception occurred:

Traceback (most recent call last):
  File "/home1/09416/dty7/work/module_build_we_amber/modules/westpa/22.06_b/lib/python3.9/site-packages/westpa/work_managers/zeromq/core.py", line 153, in execute
    rsl.result = self.fn(*self.args, **self.kwargs)
  File "/home1/09416/dty7/work/module_build_we_amber/modules/westpa/22.06_b/lib/python3.9/site-packages/westpa/core/wm_ops.py", line 40, in propagate
    incoming_segments = {segment.seg_id: segment for segment in propagator.propagate(segments)}
  File "/home1/09416/dty7/work/module_build_we_amber/modules/westpa/22.06_b/lib/python3.9/site-packages/westpa/core/propagators/executable.py", line 681, in propagate
    rc, rusage = self.exec_for_segment(child_info, segment, addtl_env)
  File "/home1/09416/dty7/work/module_build_we_amber/modules/westpa/22.06_b/lib/python3.9/site-packages/westpa/core/propagators/executable.py", line 489, in exec_for_segment
    self.prepare_file_system(segment, environ)
  File "/home1/09416/dty7/work/module_build_we_amber/modules/westpa/22.06_b/lib/python3.9/site-packages/westpa/core/propagators/executable.py", line 523, in prepare_file_system
    shutil.rmtree(environ[self.ENV_CURRENT_SEG_DATA_REF])
  File "/work/09416/dty7/ls6/module_build_we_amber/modules/envwestpa/1.0_b/lib/python3.9/shutil.py", line 724, in rmtree
    onerror(os.lstat, path, sys.exc_info())
  File "/work/09416/dty7/ls6/module_build_we_amber/modules/envwestpa/1.0_b/lib/python3.9/shutil.py", line 722, in rmtree
    orig_st = os.lstat(path)
FileNotFoundError: [Errno 2] No such file or directory: '/home1/09416/dty7/scratch/d1d2/2kod/ls6-we/tt_dist_eq_v03/traj_segs/001077/000003'

exception caught; shutting down
-- ERROR    [w_run] -- error message: [Errno 2] No such file or directory: '/home1/09416/dty7/scratch/d1d2/2kod/ls6-we/tt_dist_eq_v03/traj_segs/001077/000003'
-- ERROR    [w_run] -- Traceback (most recent call last):
  File "/home1/09416/dty7/work/module_build_we_amber/modules/westpa/22.06_b/lib/python3.9/site-packages/westpa/cli/core/w_run.py", line 61, in run_simulation
    sim_manager.run()
  File "/scratch/09416/dty7/d1d2/2kod/ls6-we/tt_dist_eq_v03/manager.py", line 706, in run
    self.propagate()
  File "/scratch/09416/dty7/d1d2/2kod/ls6-we/tt_dist_eq_v03/manager.py", line 550, in propagate
    incoming = future.get_result()
  File "/home1/09416/dty7/work/module_build_we_amber/modules/westpa/22.06_b/lib/python3.9/site-packages/westpa/work_managers/core.py", line 332, in get_result
    raise self._exception
FileNotFoundError: [Errno 2] No such file or directory: '/home1/09416/dty7/scratch/d1d2/2kod/ls6-we/tt_dist_eq_v03/traj_segs/001077/000003'

