MPI startup(): PMI server not found. Please set I_MPI_PMI_LIBRARY variable if it is not a singleton case.
Updating system with the options from the configuration file
Maximum wallclock time: 1 day, 0:00:00

Tue Feb 27 20:11:26 2024
Iteration 1246 (5000 requested)
Beginning iteration 1246
162 segments remain in iteration 1246 (162 total)
28 of 35 (80.000000%) active bins are populated
per-bin minimum non-zero probability:       2.13563e-23
per-bin maximum probability:                0.566622
per-bin probability dynamic range (kT):     51.6326
per-segment minimum non-zero probability:   3.04713e-24
per-segment maximum non-zero probability:   0.135021
per-segment probability dynamic range (kT): 52.1455
norm = 1, error in norm = -2.22045e-16 (-1*epsilon)
Iteration wallclock: 0:13:43.626730, cputime: 1:21:23.085104


Tue Feb 27 20:25:09 2024
Iteration 1247 (5000 requested)
Beginning iteration 1247
150 segments remain in iteration 1247 (150 total)
25 of 35 (71.428571%) active bins are populated
per-bin minimum non-zero probability:       9.2314e-24
per-bin maximum probability:                0.595299
per-bin probability dynamic range (kT):     52.5207
per-segment minimum non-zero probability:   1.23157e-24
per-segment maximum non-zero probability:   0.140097
per-segment probability dynamic range (kT): 53.0883
norm = 1, error in norm = -3.33067e-16 (-1.5*epsilon)
Iteration wallclock: 0:10:50.517289, cputime: 1:15:33.395626


Tue Feb 27 20:36:00 2024
Iteration 1248 (5000 requested)
Beginning iteration 1248
162 segments remain in iteration 1248 (162 total)
27 of 35 (77.142857%) active bins are populated
per-bin minimum non-zero probability:       1.23157e-24
per-bin maximum probability:                0.862636
per-bin probability dynamic range (kT):     54.906
per-segment minimum non-zero probability:   2.05262e-25
per-segment maximum non-zero probability:   0.205815
per-segment probability dynamic range (kT): 55.2647
norm = 1, error in norm = -3.33067e-16 (-1.5*epsilon)
Iteration wallclock: 0:11:34.521462, cputime: 1:22:11.185473


Tue Feb 27 20:47:35 2024
Iteration 1249 (5000 requested)
Beginning iteration 1249
168 segments remain in iteration 1249 (168 total)
28 of 35 (80.000000%) active bins are populated
per-bin minimum non-zero probability:       6.3736e-24
per-bin maximum probability:                0.574095
per-bin probability dynamic range (kT):     52.8549
per-segment minimum non-zero probability:   1.06227e-24
per-segment maximum non-zero probability:   0.140687
per-segment probability dynamic range (kT): 53.2404
norm = 1, error in norm = -2.22045e-16 (-1*epsilon)
Iteration wallclock: 0:12:26.609315, cputime: 1:25:06.879187


Tue Feb 27 21:00:01 2024
Iteration 1250 (5000 requested)
Beginning iteration 1250
156 segments remain in iteration 1250 (156 total)
26 of 35 (74.285714%) active bins are populated
per-bin minimum non-zero probability:       2.12453e-24
per-bin maximum probability:                0.797901
per-bin probability dynamic range (kT):     54.2827
per-segment minimum non-zero probability:   3.54089e-25
per-segment maximum non-zero probability:   0.157125
per-segment probability dynamic range (kT): 54.4495
norm = 1, error in norm = -2.22045e-16 (-1*epsilon)
Iteration wallclock: 0:11:18.433792, cputime: 1:18:45.046361


Tue Feb 27 21:11:20 2024
Iteration 1251 (5000 requested)
Beginning iteration 1251
162 segments remain in iteration 1251 (162 total)
27 of 35 (77.142857%) active bins are populated
per-bin minimum non-zero probability:       3.54089e-25
per-bin maximum probability:                0.754451
per-bin probability dynamic range (kT):     56.0185
per-segment minimum non-zero probability:   5.90148e-26
per-segment maximum non-zero probability:   0.157125
per-segment probability dynamic range (kT): 56.2413
norm = 1, error in norm = -2.22045e-16 (-1*epsilon)
Iteration wallclock: 0:11:46.413386, cputime: 1:21:42.102991


Tue Feb 27 21:23:06 2024
Iteration 1252 (5000 requested)
Beginning iteration 1252
156 segments remain in iteration 1252 (156 total)
26 of 35 (74.285714%) active bins are populated
per-bin minimum non-zero probability:       1.61441e-23
per-bin maximum probability:                0.556194
per-bin probability dynamic range (kT):     51.8939
per-segment minimum non-zero probability:   2.69068e-24
per-segment maximum non-zero probability:   0.140687
per-segment probability dynamic range (kT): 52.311
norm = 1, error in norm = -3.33067e-16 (-1.5*epsilon)
Iteration wallclock: 0:11:26.837373, cputime: 1:18:57.544162


Tue Feb 27 21:34:33 2024
Iteration 1253 (5000 requested)
Beginning iteration 1253
168 segments remain in iteration 1253 (168 total)
28 of 35 (80.000000%) active bins are populated
per-bin minimum non-zero probability:       1.05683e-23
per-bin maximum probability:                0.764813
per-bin probability dynamic range (kT):     52.6361
per-segment minimum non-zero probability:   1.76138e-24
per-segment maximum non-zero probability:   0.171437
per-segment probability dynamic range (kT): 52.9324
norm = 1, error in norm = -2.22045e-16 (-1*epsilon)
Iteration wallclock: 0:12:16.602111, cputime: 1:25:05.216513


Tue Feb 27 21:46:50 2024
Iteration 1254 (5000 requested)
Beginning iteration 1254
174 segments remain in iteration 1254 (174 total)
29 of 35 (82.857143%) active bins are populated
per-bin minimum non-zero probability:       3.26143e-24
per-bin maximum probability:                0.665843
per-bin probability dynamic range (kT):     53.6732
per-segment minimum non-zero probability:   5.43571e-25
per-segment maximum non-zero probability:   0.140687
per-segment probability dynamic range (kT): 53.9104
norm = 1, error in norm = -2.22045e-16 (-1*epsilon)
Iteration wallclock: 0:12:28.682026, cputime: 1:27:49.152523


Tue Feb 27 21:59:19 2024
Iteration 1255 (5000 requested)
Beginning iteration 1255
174 segments remain in iteration 1255 (174 total)
29 of 35 (82.857143%) active bins are populated
per-bin minimum non-zero probability:       5.48182e-24
per-bin maximum probability:                0.691634
per-bin probability dynamic range (kT):     53.1919
per-segment minimum non-zero probability:   9.13636e-25
per-segment maximum non-zero probability:   0.140687
per-segment probability dynamic range (kT): 53.3911
norm = 1, error in norm = -2.22045e-16 (-1*epsilon)
Iteration wallclock: 0:12:41.199307, cputime: 1:27:50.834850


Tue Feb 27 22:12:00 2024
Iteration 1256 (5000 requested)
Beginning iteration 1256
174 segments remain in iteration 1256 (174 total)
29 of 35 (82.857143%) active bins are populated
per-bin minimum non-zero probability:       3.56656e-24
per-bin maximum probability:                0.830654
per-bin probability dynamic range (kT):     53.8049
per-segment minimum non-zero probability:   5.94426e-25
per-segment maximum non-zero probability:   0.195689
per-segment probability dynamic range (kT): 54.151
norm = 1, error in norm = -2.22045e-16 (-1*epsilon)
Iteration wallclock: 0:12:51.574358, cputime: 1:27:33.641147


Tue Feb 27 22:24:52 2024
Iteration 1257 (5000 requested)
Beginning iteration 1257
180 segments remain in iteration 1257 (180 total)
30 of 35 (85.714286%) active bins are populated
per-bin minimum non-zero probability:       3.26143e-24
per-bin maximum probability:                0.957838
per-bin probability dynamic range (kT):     54.0368
per-segment minimum non-zero probability:   5.43571e-25
per-segment maximum non-zero probability:   0.228938
per-segment probability dynamic range (kT): 54.3973
norm = 1, error in norm = -2.22045e-16 (-1*epsilon)
Iteration wallclock: 0:13:00.173518, cputime: 1:30:55.070566


Tue Feb 27 22:37:52 2024
Iteration 1258 (5000 requested)
Beginning iteration 1258
180 segments remain in iteration 1258 (180 total)
30 of 35 (85.714286%) active bins are populated
per-bin minimum non-zero probability:       1.63071e-24
per-bin maximum probability:                0.853193
per-bin probability dynamic range (kT):     54.6143
per-segment minimum non-zero probability:   2.71786e-25
per-segment maximum non-zero probability:   0.228938
per-segment probability dynamic range (kT): 55.0905
norm = 1, error in norm = -2.22045e-16 (-1*epsilon)
Iteration wallclock: 0:13:12.672575, cputime: 1:31:06.316072


Tue Feb 27 22:51:05 2024
Iteration 1259 (5000 requested)
Beginning iteration 1259
180 segments remain in iteration 1259 (180 total)
30 of 35 (85.714286%) active bins are populated
per-bin minimum non-zero probability:       2.71786e-25
per-bin maximum probability:                0.799816
per-bin probability dynamic range (kT):     56.3414
per-segment minimum non-zero probability:   4.52976e-26
per-segment maximum non-zero probability:   0.195689
per-segment probability dynamic range (kT): 56.7253
norm = 1, error in norm = -3.33067e-16 (-1.5*epsilon)
Iteration wallclock: 0:13:16.354936, cputime: 1:31:00.342403


Tue Feb 27 23:04:22 2024
Iteration 1260 (5000 requested)
Beginning iteration 1260
180 segments remain in iteration 1260 (180 total)
30 of 35 (85.714286%) active bins are populated
per-bin minimum non-zero probability:       3.31717e-25
per-bin maximum probability:                0.696982
per-bin probability dynamic range (kT):     56.0045
per-segment minimum non-zero probability:   5.52861e-26
per-segment maximum non-zero probability:   0.140687
per-segment probability dynamic range (kT): 56.1961
norm = 1, error in norm = -2.22045e-16 (-1*epsilon)
Iteration wallclock: 0:13:14.243397, cputime: 1:31:25.971317


Tue Feb 27 23:17:36 2024
Iteration 1261 (5000 requested)
Beginning iteration 1261
180 segments remain in iteration 1261 (180 total)
30 of 35 (85.714286%) active bins are populated
per-bin minimum non-zero probability:       5.52861e-26
per-bin maximum probability:                0.861427
per-bin probability dynamic range (kT):     58.0081
per-segment minimum non-zero probability:   9.21435e-27
per-segment maximum non-zero probability:   0.225002
per-segment probability dynamic range (kT): 58.4574
norm = 1, error in norm = -2.22045e-16 (-1*epsilon)
Iteration wallclock: 0:13:16.440046, cputime: 1:31:12.803072


Tue Feb 27 23:30:53 2024
Iteration 1262 (5000 requested)
Beginning iteration 1262
168 segments remain in iteration 1262 (168 total)
28 of 35 (80.000000%) active bins are populated
per-bin minimum non-zero probability:       9.21435e-27
per-bin maximum probability:                0.869224
per-bin probability dynamic range (kT):     59.8089
per-segment minimum non-zero probability:   1.53572e-27
per-segment maximum non-zero probability:   0.225002
per-segment probability dynamic range (kT): 60.2492
norm = 1, error in norm = -2.22045e-16 (-1*epsilon)
Iteration wallclock: 0:12:23.875198, cputime: 1:25:06.793712


Tue Feb 27 23:43:16 2024
Iteration 1263 (5000 requested)
Beginning iteration 1263
186 segments remain in iteration 1263 (186 total)
31 of 35 (88.571429%) active bins are populated
per-bin minimum non-zero probability:       1.53572e-27
per-bin maximum probability:                0.841865
per-bin probability dynamic range (kT):     61.5687
per-segment minimum non-zero probability:   2.55954e-28
per-segment maximum non-zero probability:   0.225002
per-segment probability dynamic range (kT): 62.0409
norm = 1, error in norm = -2.22045e-16 (-1*epsilon)
Iteration wallclock: 0:13:30.412136, cputime: 1:34:27.938625


Tue Feb 27 23:56:47 2024
Iteration 1264 (5000 requested)
Beginning iteration 1264
180 segments remain in iteration 1264 (180 total)
30 of 35 (85.714286%) active bins are populated
per-bin minimum non-zero probability:       2.55954e-28
per-bin maximum probability:                0.85322
per-bin probability dynamic range (kT):     63.3738
per-segment minimum non-zero probability:   4.2659e-29
per-segment maximum non-zero probability:   0.225002
per-segment probability dynamic range (kT): 63.8327
norm = 1, error in norm = -2.22045e-16 (-1*epsilon)
Iteration wallclock: 0:13:10.252340, cputime: 1:31:29.213019


Wed Feb 28 00:09:57 2024
Iteration 1265 (5000 requested)
Beginning iteration 1265
180 segments remain in iteration 1265 (180 total)
30 of 35 (85.714286%) active bins are populated
per-bin minimum non-zero probability:       8.5318e-29
per-bin maximum probability:                0.902187
per-bin probability dynamic range (kT):     64.5282
per-segment minimum non-zero probability:   1.42197e-29
per-segment maximum non-zero probability:   0.225002
per-segment probability dynamic range (kT): 64.9313
norm = 1, error in norm = -2.22045e-16 (-1*epsilon)
Iteration wallclock: 0:13:02.986657, cputime: 1:31:24.398313


Wed Feb 28 00:23:00 2024
Iteration 1266 (5000 requested)
Beginning iteration 1266
186 segments remain in iteration 1266 (186 total)
31 of 35 (88.571429%) active bins are populated
per-bin minimum non-zero probability:       4.2659e-29
per-bin maximum probability:                0.536498
per-bin probability dynamic range (kT):     64.7016
per-segment minimum non-zero probability:   7.10984e-30
per-segment maximum non-zero probability:   0.140687
per-segment probability dynamic range (kT): 65.1549
norm = 1, error in norm = -2.22045e-16 (-1*epsilon)
Iteration wallclock: 0:13:53.937565, cputime: 1:34:41.613942


Wed Feb 28 00:36:54 2024
Iteration 1267 (5000 requested)
Beginning iteration 1267
186 segments remain in iteration 1267 (186 total)
31 of 35 (88.571429%) active bins are populated
per-bin minimum non-zero probability:       4.58972e-25
per-bin maximum probability:                0.827186
per-bin probability dynamic range (kT):     55.8511
per-segment minimum non-zero probability:   7.64953e-26
per-segment maximum non-zero probability:   0.15523
per-segment probability dynamic range (kT): 55.9697
norm = 1, error in norm = -2.22045e-16 (-1*epsilon)
Iteration wallclock: 0:13:19.488691, cputime: 1:34:23.585726


Wed Feb 28 00:50:14 2024
Iteration 1268 (5000 requested)
Beginning iteration 1268
186 segments remain in iteration 1268 (186 total)
31 of 35 (88.571429%) active bins are populated
per-bin minimum non-zero probability:       7.64953e-26
per-bin maximum probability:                0.926093
per-bin probability dynamic range (kT):     57.7558
per-segment minimum non-zero probability:   1.27492e-26
per-segment maximum non-zero probability:   0.219382
per-segment probability dynamic range (kT): 58.1074
norm = 1, error in norm = -2.22045e-16 (-1*epsilon)
Iteration wallclock: 0:13:36.276714, cputime: 1:34:46.145111


Wed Feb 28 01:03:50 2024
Iteration 1269 (5000 requested)
Beginning iteration 1269
174 segments remain in iteration 1269 (174 total)
29 of 35 (82.857143%) active bins are populated
per-bin minimum non-zero probability:       1.27492e-26
per-bin maximum probability:                0.971107
per-bin probability dynamic range (kT):     59.595
per-segment minimum non-zero probability:   2.12487e-27
per-segment maximum non-zero probability:   0.219382
per-segment probability dynamic range (kT): 59.8991
norm = 1, error in norm = -2.22045e-16 (-1*epsilon)
Iteration wallclock: 0:13:05.089127, cputime: 1:28:37.832558


Wed Feb 28 01:16:56 2024
Iteration 1270 (5000 requested)
Beginning iteration 1270
180 segments remain in iteration 1270 (180 total)
30 of 35 (85.714286%) active bins are populated
per-bin minimum non-zero probability:       2.12487e-27
per-bin maximum probability:                0.991758
per-bin probability dynamic range (kT):     61.4078
per-segment minimum non-zero probability:   3.54145e-28
per-segment maximum non-zero probability:   0.219382
per-segment probability dynamic range (kT): 61.6909
norm = 1, error in norm = -2.22045e-16 (-1*epsilon)
Iteration wallclock: 0:13:07.109615, cputime: 1:31:27.124362


Wed Feb 28 01:30:03 2024
Iteration 1271 (5000 requested)
Beginning iteration 1271
180 segments remain in iteration 1271 (180 total)
30 of 35 (85.714286%) active bins are populated
per-bin minimum non-zero probability:       7.0829e-28
per-bin maximum probability:                0.824689
per-bin probability dynamic range (kT):     62.322
per-segment minimum non-zero probability:   1.18048e-28
per-segment maximum non-zero probability:   0.219382
per-segment probability dynamic range (kT): 62.7895
norm = 1, error in norm = -1.11022e-16 (-0.5*epsilon)
Iteration wallclock: 0:13:20.665123, cputime: 1:31:35.974810


Wed Feb 28 01:43:23 2024
Iteration 1272 (5000 requested)
Beginning iteration 1272
180 segments remain in iteration 1272 (180 total)
30 of 35 (85.714286%) active bins are populated
per-bin minimum non-zero probability:       2.36097e-28
per-bin maximum probability:                0.971302
per-bin probability dynamic range (kT):     63.5842
per-segment minimum non-zero probability:   3.93494e-29
per-segment maximum non-zero probability:   0.219382
per-segment probability dynamic range (kT): 63.8881
norm = 1, error in norm = -1.11022e-16 (-0.5*epsilon)
Iteration wallclock: 0:12:51.914726, cputime: 1:31:21.608830


Wed Feb 28 01:56:15 2024
Iteration 1273 (5000 requested)
Beginning iteration 1273
180 segments remain in iteration 1273 (180 total)
30 of 35 (85.714286%) active bins are populated
per-bin minimum non-zero probability:       1.33555e-23
per-bin maximum probability:                0.990434
per-bin probability dynamic range (kT):     52.6605
per-segment minimum non-zero probability:   2.17806e-24
per-segment maximum non-zero probability:   0.219382
per-segment probability dynamic range (kT): 52.9667
norm = 1, error in norm = -1.11022e-16 (-0.5*epsilon)
Iteration wallclock: 0:13:13.710166, cputime: 1:31:32.026635


Wed Feb 28 02:09:29 2024
Iteration 1274 (5000 requested)
Beginning iteration 1274
168 segments remain in iteration 1274 (168 total)
28 of 35 (80.000000%) active bins are populated
per-bin minimum non-zero probability:       8.26462e-24
per-bin maximum probability:                0.627294
per-bin probability dynamic range (kT):     52.6837
per-segment minimum non-zero probability:   1.37744e-24
per-segment maximum non-zero probability:   0.15523
per-segment probability dynamic range (kT): 53.079
norm = 1, error in norm = -2.22045e-16 (-1*epsilon)
Iteration wallclock: 0:12:35.206075, cputime: 1:25:23.811054


Wed Feb 28 02:22:05 2024
Iteration 1275 (5000 requested)
Beginning iteration 1275
180 segments remain in iteration 1275 (180 total)
30 of 35 (85.714286%) active bins are populated
per-bin minimum non-zero probability:       6.6725e-24
per-bin maximum probability:                1
per-bin probability dynamic range (kT):     53.364
per-segment minimum non-zero probability:   8.4673e-25
per-segment maximum non-zero probability:   0.216142
per-segment probability dynamic range (kT): 53.8966
norm = 1, error in norm = -1.11022e-16 (-0.5*epsilon)
Iteration wallclock: 0:12:59.789779, cputime: 1:31:32.800135


Wed Feb 28 02:35:04 2024
Iteration 1276 (5000 requested)
Beginning iteration 1276
174 segments remain in iteration 1276 (174 total)
29 of 35 (82.857143%) active bins are populated
per-bin minimum non-zero probability:       3.29515e-24
per-bin maximum probability:                1
per-bin probability dynamic range (kT):     54.0696
per-segment minimum non-zero probability:   5.49191e-25
per-segment maximum non-zero probability:   0.216142
per-segment probability dynamic range (kT): 54.3295
norm = 1, error in norm = 0 (0*epsilon)
Iteration wallclock: 0:13:12.893919, cputime: 1:28:39.280522


Wed Feb 28 02:48:17 2024
Iteration 1277 (5000 requested)
Beginning iteration 1277
180 segments remain in iteration 1277 (180 total)
30 of 35 (85.714286%) active bins are populated
per-bin minimum non-zero probability:       5.49191e-25
per-bin maximum probability:                1
per-bin probability dynamic range (kT):     55.8614
per-segment minimum non-zero probability:   9.15319e-26
per-segment maximum non-zero probability:   0.216142
per-segment probability dynamic range (kT): 56.1213
norm = 1, error in norm = -1.11022e-16 (-0.5*epsilon)
Iteration wallclock: 0:13:23.699229, cputime: 1:31:29.640092


Wed Feb 28 03:01:41 2024
Iteration 1278 (5000 requested)
Beginning iteration 1278
186 segments remain in iteration 1278 (186 total)
31 of 35 (88.571429%) active bins are populated
per-bin minimum non-zero probability:       1.83064e-25
per-bin maximum probability:                1
per-bin probability dynamic range (kT):     56.96
per-segment minimum non-zero probability:   3.05106e-26
per-segment maximum non-zero probability:   0.216142
per-segment probability dynamic range (kT): 57.2199
norm = 1, error in norm = -1.11022e-16 (-0.5*epsilon)
Iteration wallclock: 0:13:40.635022, cputime: 1:35:02.109818


Wed Feb 28 03:15:22 2024
Iteration 1279 (5000 requested)
Beginning iteration 1279
180 segments remain in iteration 1279 (180 total)
30 of 35 (85.714286%) active bins are populated
per-bin minimum non-zero probability:       3.05106e-26
per-bin maximum probability:                1
per-bin probability dynamic range (kT):     58.7517
per-segment minimum non-zero probability:   5.08511e-27
per-segment maximum non-zero probability:   0.216142
per-segment probability dynamic range (kT): 59.0117
norm = 1, error in norm = -2.22045e-16 (-1*epsilon)
Iteration wallclock: 0:13:04.011093, cputime: 1:31:53.703628


Wed Feb 28 03:28:26 2024
Iteration 1280 (5000 requested)
Beginning iteration 1280
186 segments remain in iteration 1280 (186 total)
31 of 35 (88.571429%) active bins are populated
per-bin minimum non-zero probability:       1.95227e-23
per-bin maximum probability:                1
per-bin probability dynamic range (kT):     52.2905
per-segment minimum non-zero probability:   1.11702e-24
per-segment maximum non-zero probability:   0.216142
per-segment probability dynamic range (kT): 53.6196
norm = 1, error in norm = -2.22045e-16 (-1*epsilon)
Iteration wallclock: 0:13:56.808438, cputime: 1:34:50.281649


Wed Feb 28 03:42:23 2024
Iteration 1281 (5000 requested)
Beginning iteration 1281
180 segments remain in iteration 1281 (180 total)
30 of 35 (85.714286%) active bins are populated
per-bin minimum non-zero probability:       3.25378e-24
per-bin maximum probability:                0.840181
per-bin probability dynamic range (kT):     53.9081
per-segment minimum non-zero probability:   5.42297e-25
per-segment maximum non-zero probability:   0.164536
per-segment probability dynamic range (kT): 54.0694
norm = 1, error in norm = 0 (0*epsilon)
Iteration wallclock: 0:12:58.629380, cputime: 1:31:58.296376


Wed Feb 28 03:55:22 2024
Iteration 1282 (5000 requested)
Beginning iteration 1282
180 segments remain in iteration 1282 (180 total)
30 of 35 (85.714286%) active bins are populated
per-bin minimum non-zero probability:       1.36233e-23
per-bin maximum probability:                0.946727
per-bin probability dynamic range (kT):     52.5955
per-segment minimum non-zero probability:   2.27055e-24
per-segment maximum non-zero probability:   0.214617
per-segment probability dynamic range (kT): 52.9031
norm = 1, error in norm = -1.11022e-16 (-0.5*epsilon)
Iteration wallclock: 0:12:46.485705, cputime: 1:32:00.424203


Wed Feb 28 04:08:08 2024
Iteration 1283 (5000 requested)
Beginning iteration 1283
180 segments remain in iteration 1283 (180 total)
30 of 35 (85.714286%) active bins are populated
per-bin minimum non-zero probability:       1.98981e-23
per-bin maximum probability:                0.826585
per-bin probability dynamic range (kT):     52.081
per-segment minimum non-zero probability:   2.27055e-24
per-segment maximum non-zero probability:   0.214617
per-segment probability dynamic range (kT): 52.9031
norm = 1, error in norm = -2.22045e-16 (-1*epsilon)
Iteration wallclock: 0:12:33.700181, cputime: 1:31:41.473593


Wed Feb 28 04:20:42 2024
Iteration 1284 (5000 requested)
Beginning iteration 1284
180 segments remain in iteration 1284 (180 total)
30 of 35 (85.714286%) active bins are populated
per-bin minimum non-zero probability:       4.6381e-23
per-bin maximum probability:                1
per-bin probability dynamic range (kT):     51.4252
per-segment minimum non-zero probability:   6.96333e-24
per-segment maximum non-zero probability:   0.214617
per-segment probability dynamic range (kT): 51.7825
norm = 1, error in norm = -2.22045e-16 (-1*epsilon)
Iteration wallclock: 0:12:32.768969, cputime: 1:31:36.371315


Wed Feb 28 04:33:15 2024
Iteration 1285 (5000 requested)
Beginning iteration 1285
180 segments remain in iteration 1285 (180 total)
30 of 35 (85.714286%) active bins are populated
per-bin minimum non-zero probability:       1.73231e-23
per-bin maximum probability:                1
per-bin probability dynamic range (kT):     52.41
per-segment minimum non-zero probability:   2.88718e-24
per-segment maximum non-zero probability:   0.214617
per-segment probability dynamic range (kT): 52.6629
norm = 1, error in norm = 0 (0*epsilon)
Iteration wallclock: 0:12:25.890576, cputime: 1:31:29.350705


Wed Feb 28 04:45:41 2024
Iteration 1286 (5000 requested)
Beginning iteration 1286
174 segments remain in iteration 1286 (174 total)
29 of 35 (82.857143%) active bins are populated
per-bin minimum non-zero probability:       8.97829e-23
per-bin maximum probability:                1
per-bin probability dynamic range (kT):     50.7646
per-segment minimum non-zero probability:   6.3069e-24
per-segment maximum non-zero probability:   0.214617
per-segment probability dynamic range (kT): 51.8815
norm = 1, error in norm = -1.11022e-16 (-0.5*epsilon)
Iteration wallclock: 0:12:04.564215, cputime: 1:28:30.504730


Wed Feb 28 04:57:46 2024
Iteration 1287 (5000 requested)
Beginning iteration 1287
174 segments remain in iteration 1287 (174 total)
29 of 35 (82.857143%) active bins are populated
per-bin minimum non-zero probability:       1.86128e-23
per-bin maximum probability:                1
per-bin probability dynamic range (kT):     52.3382
per-segment minimum non-zero probability:   3.10214e-24
per-segment maximum non-zero probability:   0.214617
per-segment probability dynamic range (kT): 52.591
norm = 1, error in norm = -2.22045e-16 (-1*epsilon)
Iteration wallclock: 0:12:13.838323, cputime: 1:28:07.405439


Wed Feb 28 05:09:59 2024
Iteration 1288 (5000 requested)
Beginning iteration 1288
174 segments remain in iteration 1288 (174 total)
29 of 35 (82.857143%) active bins are populated
per-bin minimum non-zero probability:       5.14074e-23
per-bin maximum probability:                0.64827
per-bin probability dynamic range (kT):     50.8888
per-segment minimum non-zero probability:   3.10214e-24
per-segment maximum non-zero probability:   0.154272
per-segment probability dynamic range (kT): 52.2609
norm = 1, error in norm = 0 (0*epsilon)
Iteration wallclock: 0:12:08.269926, cputime: 1:28:19.050071


Wed Feb 28 05:22:08 2024
Iteration 1289 (5000 requested)
Beginning iteration 1289
174 segments remain in iteration 1289 (174 total)
29 of 35 (82.857143%) active bins are populated
per-bin minimum non-zero probability:       3.99393e-23
per-bin maximum probability:                0.946346
per-bin probability dynamic range (kT):     51.5195
per-segment minimum non-zero probability:   6.65656e-24
per-segment maximum non-zero probability:   0.188766
per-segment probability dynamic range (kT): 51.6992
norm = 1, error in norm = -1.11022e-16 (-0.5*epsilon)
Iteration wallclock: 0:12:24.901847, cputime: 1:28:20.217145


Wed Feb 28 05:34:33 2024
Iteration 1290 (5000 requested)
Beginning iteration 1290
168 segments remain in iteration 1290 (168 total)
28 of 35 (80.000000%) active bins are populated
per-bin minimum non-zero probability:       2.07849e-23
per-bin maximum probability:                0.868731
per-bin probability dynamic range (kT):     52.0871
per-segment minimum non-zero probability:   3.46415e-24
per-segment maximum non-zero probability:   0.188766
per-segment probability dynamic range (kT): 52.3523
norm = 1, error in norm = 0 (0*epsilon)
Iteration wallclock: 0:11:45.493676, cputime: 1:25:27.883968


Wed Feb 28 05:46:18 2024
Iteration 1291 (5000 requested)
Beginning iteration 1291
168 segments remain in iteration 1291 (168 total)
28 of 35 (80.000000%) active bins are populated
per-bin minimum non-zero probability:       2.09531e-23
per-bin maximum probability:                1
per-bin probability dynamic range (kT):     52.2198
per-segment minimum non-zero probability:   3.49218e-24
per-segment maximum non-zero probability:   0.188766
per-segment probability dynamic range (kT): 52.3443
norm = 1, error in norm = -1.11022e-16 (-0.5*epsilon)
Iteration wallclock: 0:12:07.512762, cputime: 1:25:45.179339


Wed Feb 28 05:58:26 2024
Iteration 1292 (5000 requested)
Beginning iteration 1292
174 segments remain in iteration 1292 (174 total)
29 of 35 (82.857143%) active bins are populated
per-bin minimum non-zero probability:       1.05665e-23
per-bin maximum probability:                1
per-bin probability dynamic range (kT):     52.9044
per-segment minimum non-zero probability:   1.76108e-24
per-segment maximum non-zero probability:   0.188766
per-segment probability dynamic range (kT): 53.0289
norm = 1, error in norm = -2.22045e-16 (-1*epsilon)
Iteration wallclock: 0:12:49.382139, cputime: 1:28:22.279431


Wed Feb 28 06:11:15 2024
Iteration 1293 (5000 requested)
Beginning iteration 1293
174 segments remain in iteration 1293 (174 total)
29 of 35 (82.857143%) active bins are populated
per-bin minimum non-zero probability:       3.09034e-23
per-bin maximum probability:                0.811234
per-bin probability dynamic range (kT):     51.622
per-segment minimum non-zero probability:   4.56854e-24
per-segment maximum non-zero probability:   0.169024
per-segment probability dynamic range (kT): 51.9651
norm = 1, error in norm = -2.22045e-16 (-1*epsilon)
Iteration wallclock: 0:12:31.847278, cputime: 1:28:33.160298


Wed Feb 28 06:23:47 2024
Iteration 1294 (5000 requested)
Beginning iteration 1294
180 segments remain in iteration 1294 (180 total)
30 of 35 (85.714286%) active bins are populated
per-bin minimum non-zero probability:       5.61824e-23
per-bin maximum probability:                0.937078
per-bin probability dynamic range (kT):     51.1685
per-segment minimum non-zero probability:   7.36172e-24
per-segment maximum non-zero probability:   0.184923
per-segment probability dynamic range (kT): 51.5779
norm = 1, error in norm = -2.22045e-16 (-1*epsilon)
Iteration wallclock: 0:12:34.724724, cputime: 1:31:07.600905


Wed Feb 28 06:36:22 2024
Iteration 1295 (5000 requested)
Beginning iteration 1295
180 segments remain in iteration 1295 (180 total)
30 of 35 (85.714286%) active bins are populated
per-bin minimum non-zero probability:       9.8092e-24
per-bin maximum probability:                0.815077
per-bin probability dynamic range (kT):     52.7742
per-segment minimum non-zero probability:   1.63487e-24
per-segment maximum non-zero probability:   0.169024
per-segment probability dynamic range (kT): 52.9928
norm = 1, error in norm = -2.22045e-16 (-1*epsilon)
Iteration wallclock: 0:12:59.660539, cputime: 1:32:15.929622


Wed Feb 28 06:49:22 2024
Iteration 1296 (5000 requested)
Beginning iteration 1296
162 segments remain in iteration 1296 (162 total)
27 of 35 (77.142857%) active bins are populated
per-bin minimum non-zero probability:       2.40317e-23
per-bin maximum probability:                1
per-bin probability dynamic range (kT):     52.0827
per-segment minimum non-zero probability:   3.7377e-24
per-segment maximum non-zero probability:   0.219587
per-segment probability dynamic range (kT): 52.4276
norm = 1, error in norm = -1.11022e-16 (-0.5*epsilon)
Iteration wallclock: 0:11:25.937379, cputime: 1:22:31.682648


Wed Feb 28 07:00:48 2024
Iteration 1297 (5000 requested)
Beginning iteration 1297
156 segments remain in iteration 1297 (156 total)
26 of 35 (74.285714%) active bins are populated
per-bin minimum non-zero probability:       1.71415e-23
per-bin maximum probability:                1
per-bin probability dynamic range (kT):     52.4205
per-segment minimum non-zero probability:   2.43814e-24
per-segment maximum non-zero probability:   0.219587
per-segment probability dynamic range (kT): 52.8548
norm = 1, error in norm = -1.11022e-16 (-0.5*epsilon)
Iteration wallclock: 0:11:01.978403, cputime: 1:19:08.167544


Wed Feb 28 07:11:50 2024
Iteration 1298 (5000 requested)
Beginning iteration 1298
168 segments remain in iteration 1298 (168 total)
28 of 35 (80.000000%) active bins are populated
per-bin minimum non-zero probability:       2.43814e-24
per-bin maximum probability:                1
per-bin probability dynamic range (kT):     54.3708
per-segment minimum non-zero probability:   4.06357e-25
per-segment maximum non-zero probability:   0.219587
per-segment probability dynamic range (kT): 54.6466
norm = 1, error in norm = -2.22045e-16 (-1*epsilon)
Iteration wallclock: 0:12:00.335227, cputime: 1:25:15.562302


Wed Feb 28 07:23:51 2024
Iteration 1299 (5000 requested)
Beginning iteration 1299
162 segments remain in iteration 1299 (162 total)
27 of 35 (77.142857%) active bins are populated
per-bin minimum non-zero probability:       4.06357e-25
per-bin maximum probability:                0.611389
per-bin probability dynamic range (kT):     55.6705
per-segment minimum non-zero probability:   6.77262e-26
per-segment maximum non-zero probability:   0.153013
per-segment probability dynamic range (kT): 56.0771
norm = 1, error in norm = -3.33067e-16 (-1.5*epsilon)
Iteration wallclock: 0:11:13.443924, cputime: 1:22:13.183732


Wed Feb 28 07:35:04 2024
Iteration 1300 (5000 requested)
Beginning iteration 1300
150 segments remain in iteration 1300 (150 total)
25 of 35 (71.428571%) active bins are populated
per-bin minimum non-zero probability:       2.42122e-23
per-bin maximum probability:                0.922949
per-bin probability dynamic range (kT):     51.995
per-segment minimum non-zero probability:   4.03536e-24
per-segment maximum non-zero probability:   0.219587
per-segment probability dynamic range (kT): 52.3509
norm = 1, error in norm = -1.11022e-16 (-0.5*epsilon)
Iteration wallclock: 0:10:41.013693, cputime: 1:16:26.353662


Wed Feb 28 07:45:45 2024
Iteration 1301 (5000 requested)
Beginning iteration 1301
156 segments remain in iteration 1301 (156 total)
26 of 35 (74.285714%) active bins are populated
per-bin minimum non-zero probability:       7.08481e-24
per-bin maximum probability:                1
per-bin probability dynamic range (kT):     53.3041
per-segment minimum non-zero probability:   1.1808e-24
per-segment maximum non-zero probability:   0.219587
per-segment probability dynamic range (kT): 53.5798
norm = 1, error in norm = -2.22045e-16 (-1*epsilon)
Iteration wallclock: 0:10:52.306513, cputime: 1:19:27.681233


Wed Feb 28 07:56:37 2024
Iteration 1302 (5000 requested)
Beginning iteration 1302
156 segments remain in iteration 1302 (156 total)
26 of 35 (74.285714%) active bins are populated
per-bin minimum non-zero probability:       5.51942e-23
per-bin maximum probability:                1
per-bin probability dynamic range (kT):     51.2512
per-segment minimum non-zero probability:   8.52905e-24
per-segment maximum non-zero probability:   0.219587
per-segment probability dynamic range (kT): 51.6026
norm = 1, error in norm = -2.22045e-16 (-1*epsilon)
Iteration wallclock: 0:10:40.846132, cputime: 1:19:12.965738


Wed Feb 28 08:07:18 2024
Iteration 1303 (5000 requested)
Beginning iteration 1303
180 segments remain in iteration 1303 (180 total)
30 of 35 (85.714286%) active bins are populated
per-bin minimum non-zero probability:       8.80543e-24
per-bin maximum probability:                0.696986
per-bin probability dynamic range (kT):     52.7257
per-segment minimum non-zero probability:   1.46757e-24
per-segment maximum non-zero probability:   0.154272
per-segment probability dynamic range (kT): 53.0094
norm = 1, error in norm = -2.22045e-16 (-1*epsilon)
Iteration wallclock: 0:12:10.057557, cputime: 1:31:38.019244


Wed Feb 28 08:19:28 2024
Iteration 1304 (5000 requested)
Beginning iteration 1304
162 segments remain in iteration 1304 (162 total)
27 of 35 (77.142857%) active bins are populated
per-bin minimum non-zero probability:       3.65197e-23
per-bin maximum probability:                0.949999
per-bin probability dynamic range (kT):     51.6129
per-segment minimum non-zero probability:   6.08662e-24
per-segment maximum non-zero probability:   0.219587
per-segment probability dynamic range (kT): 51.9399
norm = 1, error in norm = 0 (0*epsilon)
Iteration wallclock: 0:10:59.497598, cputime: 1:22:25.949112


Wed Feb 28 08:30:28 2024
Iteration 1305 (5000 requested)
Beginning iteration 1305
174 segments remain in iteration 1305 (174 total)
29 of 35 (82.857143%) active bins are populated
per-bin minimum non-zero probability:       6.08662e-24
per-bin maximum probability:                0.848493
per-bin probability dynamic range (kT):     53.2917
per-segment minimum non-zero probability:   1.01444e-24
per-segment maximum non-zero probability:   0.219587
per-segment probability dynamic range (kT): 53.7317
norm = 1, error in norm = -2.22045e-16 (-1*epsilon)
Iteration wallclock: 0:12:09.588992, cputime: 1:28:48.266581


Wed Feb 28 08:42:38 2024
Iteration 1306 (5000 requested)
Beginning iteration 1306
156 segments remain in iteration 1306 (156 total)
26 of 35 (74.285714%) active bins are populated
per-bin minimum non-zero probability:       8.73577e-24
per-bin maximum probability:                0.848493
per-bin probability dynamic range (kT):     52.9303
per-segment minimum non-zero probability:   1.31037e-24
per-segment maximum non-zero probability:   0.219587
per-segment probability dynamic range (kT): 53.4757
norm = 1, error in norm = -1.11022e-16 (-0.5*epsilon)
Iteration wallclock: 0:10:56.409583, cputime: 1:19:36.882923


Wed Feb 28 08:53:34 2024
Iteration 1307 (5000 requested)
Beginning iteration 1307
168 segments remain in iteration 1307 (168 total)
28 of 35 (80.000000%) active bins are populated
per-bin minimum non-zero probability:       4.08901e-24
per-bin maximum probability:                0.953915
per-bin probability dynamic range (kT):     53.8066
per-segment minimum non-zero probability:   6.81501e-25
per-segment maximum non-zero probability:   0.219587
per-segment probability dynamic range (kT): 54.1295
norm = 1, error in norm = -2.22045e-16 (-1*epsilon)
Iteration wallclock: 0:11:13.907111, cputime: 1:25:34.561839


Wed Feb 28 09:04:48 2024
Iteration 1308 (5000 requested)
Beginning iteration 1308
174 segments remain in iteration 1308 (174 total)
29 of 35 (82.857143%) active bins are populated
per-bin minimum non-zero probability:       6.81501e-25
per-bin maximum probability:                0.974222
per-bin probability dynamic range (kT):     55.6194
per-segment minimum non-zero probability:   1.13584e-25
per-segment maximum non-zero probability:   0.219587
per-segment probability dynamic range (kT): 55.9213
norm = 1, error in norm = -3.33067e-16 (-1.5*epsilon)
Iteration wallclock: 0:11:54.073040, cputime: 1:28:11.293348


Wed Feb 28 09:16:42 2024
Iteration 1309 (5000 requested)
Beginning iteration 1309
180 segments remain in iteration 1309 (180 total)
30 of 35 (85.714286%) active bins are populated
per-bin minimum non-zero probability:       1.13584e-25
per-bin maximum probability:                0.845506
per-bin probability dynamic range (kT):     57.2694
per-segment minimum non-zero probability:   1.89306e-26
per-segment maximum non-zero probability:   0.219587
per-segment probability dynamic range (kT): 57.713
norm = 1, error in norm = -2.22045e-16 (-1*epsilon)
Iteration wallclock: 0:12:18.164213, cputime: 1:31:21.079854


Wed Feb 28 09:29:01 2024
Iteration 1310 (5000 requested)
Beginning iteration 1310
180 segments remain in iteration 1310 (180 total)
30 of 35 (85.714286%) active bins are populated
per-bin minimum non-zero probability:       1.32514e-25
per-bin maximum probability:                0.845108
per-bin probability dynamic range (kT):     57.1148
per-segment minimum non-zero probability:   1.89306e-26
per-segment maximum non-zero probability:   0.219587
per-segment probability dynamic range (kT): 57.713
norm = 1, error in norm = -2.22045e-16 (-1*epsilon)
Iteration wallclock: 0:12:25.514151, cputime: 1:30:55.635309


Wed Feb 28 09:41:26 2024
Iteration 1311 (5000 requested)
Beginning iteration 1311
180 segments remain in iteration 1311 (180 total)
30 of 35 (85.714286%) active bins are populated
per-bin minimum non-zero probability:       6.40418e-24
per-bin maximum probability:                0.978263
per-bin probability dynamic range (kT):     53.3831
per-segment minimum non-zero probability:   1.05474e-24
per-segment maximum non-zero probability:   0.219587
per-segment probability dynamic range (kT): 53.6927
norm = 1, error in norm = -2.22045e-16 (-1*epsilon)
Iteration wallclock: 0:12:17.387111, cputime: 1:31:14.212444


Wed Feb 28 09:53:44 2024
Iteration 1312 (5000 requested)
Beginning iteration 1312
180 segments remain in iteration 1312 (180 total)
30 of 35 (85.714286%) active bins are populated
per-bin minimum non-zero probability:       1.05474e-24
per-bin maximum probability:                0.840553
per-bin probability dynamic range (kT):     55.035
per-segment minimum non-zero probability:   1.75791e-25
per-segment maximum non-zero probability:   0.219587
per-segment probability dynamic range (kT): 55.4845
norm = 1, error in norm = -1.11022e-16 (-0.5*epsilon)
Iteration wallclock: 0:12:16.095627, cputime: 1:31:18.849246


Wed Feb 28 10:06:00 2024
Iteration 1313 (5000 requested)
Beginning iteration 1313
180 segments remain in iteration 1313 (180 total)
30 of 35 (85.714286%) active bins are populated
per-bin minimum non-zero probability:       3.51581e-25
per-bin maximum probability:                0.650299
per-bin probability dynamic range (kT):     55.877
per-segment minimum non-zero probability:   5.85968e-26
per-segment maximum non-zero probability:   0.154272
per-segment probability dynamic range (kT): 56.2301
norm = 1, error in norm = -2.22045e-16 (-1*epsilon)
Iteration wallclock: 0:12:14.918732, cputime: 1:31:17.296783


Wed Feb 28 10:18:15 2024
Iteration 1314 (5000 requested)
Beginning iteration 1314
168 segments remain in iteration 1314 (168 total)
28 of 35 (80.000000%) active bins are populated
per-bin minimum non-zero probability:       6.85905e-25
per-bin maximum probability:                0.905133
per-bin probability dynamic range (kT):     55.5394
per-segment minimum non-zero probability:   1.13742e-25
per-segment maximum non-zero probability:   0.196328
per-segment probability dynamic range (kT): 55.8079
norm = 1, error in norm = -2.22045e-16 (-1*epsilon)
Iteration wallclock: 0:11:24.723557, cputime: 1:24:43.488983


Wed Feb 28 10:29:40 2024
Iteration 1315 (5000 requested)
Beginning iteration 1315
180 segments remain in iteration 1315 (180 total)
30 of 35 (85.714286%) active bins are populated
per-bin minimum non-zero probability:       1.13742e-25
per-bin maximum probability:                1
per-bin probability dynamic range (kT):     57.4359
per-segment minimum non-zero probability:   1.8957e-26
per-segment maximum non-zero probability:   0.216697
per-segment probability dynamic range (kT): 57.6984
norm = 1, error in norm = -2.22045e-16 (-1*epsilon)
Iteration wallclock: 0:12:16.243694, cputime: 1:31:22.002172


Wed Feb 28 10:41:56 2024
Iteration 1316 (5000 requested)
Beginning iteration 1316
180 segments remain in iteration 1316 (180 total)
30 of 35 (85.714286%) active bins are populated
per-bin minimum non-zero probability:       1.8957e-26
per-bin maximum probability:                1
per-bin probability dynamic range (kT):     59.2276
per-segment minimum non-zero probability:   3.15951e-27
per-segment maximum non-zero probability:   0.216697
per-segment probability dynamic range (kT): 59.4901
norm = 1, error in norm = -3.33067e-16 (-1.5*epsilon)
Iteration wallclock: 0:12:08.552388, cputime: 1:31:13.947674


Wed Feb 28 10:54:04 2024
Iteration 1317 (5000 requested)
Beginning iteration 1317
180 segments remain in iteration 1317 (180 total)
30 of 35 (85.714286%) active bins are populated
per-bin minimum non-zero probability:       3.15951e-27
per-bin maximum probability:                0.855766
per-bin probability dynamic range (kT):     60.8636
per-segment minimum non-zero probability:   5.26585e-28
per-segment maximum non-zero probability:   0.196328
per-segment probability dynamic range (kT): 61.1832
norm = 1, error in norm = -2.22045e-16 (-1*epsilon)
Iteration wallclock: 0:12:14.919681, cputime: 1:31:37.909543


Wed Feb 28 11:06:19 2024
Iteration 1318 (5000 requested)
Beginning iteration 1318
168 segments remain in iteration 1318 (168 total)
28 of 35 (80.000000%) active bins are populated
per-bin minimum non-zero probability:       1.57211e-24
per-bin maximum probability:                1
per-bin probability dynamic range (kT):     54.8096
per-segment minimum non-zero probability:   2.1083e-25
per-segment maximum non-zero probability:   0.216697
per-segment probability dynamic range (kT): 55.2895
norm = 1, error in norm = -2.22045e-16 (-1*epsilon)
Iteration wallclock: 0:12:05.065695, cputime: 1:25:43.514079


Wed Feb 28 11:18:25 2024
Iteration 1319 (5000 requested)
Beginning iteration 1319
168 segments remain in iteration 1319 (168 total)
28 of 35 (80.000000%) active bins are populated
per-bin minimum non-zero probability:       5.24213e-25
per-bin maximum probability:                0.855766
per-bin probability dynamic range (kT):     55.7521
per-segment minimum non-zero probability:   6.55924e-26
per-segment maximum non-zero probability:   0.196328
per-segment probability dynamic range (kT): 56.3584
norm = 1, error in norm = -2.22045e-16 (-1*epsilon)
Iteration wallclock: 0:11:46.293369, cputime: 1:24:40.279819


Wed Feb 28 11:30:11 2024
Iteration 1320 (5000 requested)
Beginning iteration 1320
168 segments remain in iteration 1320 (168 total)
28 of 35 (80.000000%) active bins are populated
per-bin minimum non-zero probability:       6.03662e-24
per-bin maximum probability:                1
per-bin probability dynamic range (kT):     53.4642
per-segment minimum non-zero probability:   8.20544e-25
per-segment maximum non-zero probability:   0.216697
per-segment probability dynamic range (kT): 53.9306
norm = 1, error in norm = -2.22045e-16 (-1*epsilon)
Iteration wallclock: 0:11:49.658035, cputime: 1:25:02.191829


Wed Feb 28 11:42:01 2024
Iteration 1321 (5000 requested)
Beginning iteration 1321
174 segments remain in iteration 1321 (174 total)
29 of 35 (82.857143%) active bins are populated
per-bin minimum non-zero probability:       8.20544e-25
per-bin maximum probability:                0.803672
per-bin probability dynamic range (kT):     55.2413
per-segment minimum non-zero probability:   1.36757e-25
per-segment maximum non-zero probability:   0.162124
per-segment probability dynamic range (kT): 55.4322
norm = 1, error in norm = -2.22045e-16 (-1*epsilon)
Iteration wallclock: 0:12:01.193005, cputime: 1:28:21.256435


Wed Feb 28 11:54:02 2024
Iteration 1322 (5000 requested)
Beginning iteration 1322
150 segments remain in iteration 1322 (150 total)
25 of 35 (71.428571%) active bins are populated
per-bin minimum non-zero probability:       2.13546e-23
per-bin maximum probability:                0.967279
per-bin probability dynamic range (kT):     52.1675
per-segment minimum non-zero probability:   3.22316e-25
per-segment maximum non-zero probability:   0.234693
per-segment probability dynamic range (kT): 54.9448
norm = 1, error in norm = -2.22045e-16 (-1*epsilon)
Iteration wallclock: 0:10:34.661467, cputime: 1:16:03.867661


Wed Feb 28 12:04:37 2024
Iteration 1323 (5000 requested)
Beginning iteration 1323
156 segments remain in iteration 1323 (156 total)
26 of 35 (74.285714%) active bins are populated
per-bin minimum non-zero probability:       3.01735e-23
per-bin maximum probability:                0.994546
per-bin probability dynamic range (kT):     51.8496
per-segment minimum non-zero probability:   5.02892e-24
per-segment maximum non-zero probability:   0.234693
per-segment probability dynamic range (kT): 52.1974
norm = 1, error in norm = -1.11022e-16 (-0.5*epsilon)
Iteration wallclock: 0:10:52.086291, cputime: 1:19:05.247124


Wed Feb 28 12:15:29 2024
Iteration 1324 (5000 requested)
Beginning iteration 1324
168 segments remain in iteration 1324 (168 total)
28 of 35 (80.000000%) active bins are populated
per-bin minimum non-zero probability:       5.02892e-24
per-bin maximum probability:                0.840029
per-bin probability dynamic range (kT):     53.4725
per-segment minimum non-zero probability:   8.38154e-25
per-segment maximum non-zero probability:   0.234693
per-segment probability dynamic range (kT): 53.9891
norm = 1, error in norm = -2.22045e-16 (-1*epsilon)
Iteration wallclock: 0:11:47.700464, cputime: 1:25:42.207786


Wed Feb 28 12:27:17 2024
Iteration 1325 (5000 requested)
Beginning iteration 1325
156 segments remain in iteration 1325 (156 total)
26 of 35 (74.285714%) active bins are populated
per-bin minimum non-zero probability:       3.22788e-23
per-bin maximum probability:                1
per-bin probability dynamic range (kT):     51.7876
per-segment minimum non-zero probability:   5.30466e-24
per-segment maximum non-zero probability:   0.234693
per-segment probability dynamic range (kT): 52.144
norm = 1, error in norm = -2.22045e-16 (-1*epsilon)
Iteration wallclock: 0:10:35.724506, cputime: 1:19:13.662393


Wed Feb 28 12:37:52 2024
Iteration 1326 (5000 requested)
Beginning iteration 1326
168 segments remain in iteration 1326 (168 total)
28 of 35 (80.000000%) active bins are populated
per-bin minimum non-zero probability:       5.3798e-24
per-bin maximum probability:                1
per-bin probability dynamic range (kT):     53.5794
per-segment minimum non-zero probability:   8.96633e-25
per-segment maximum non-zero probability:   0.234693
per-segment probability dynamic range (kT): 53.9217
norm = 1, error in norm = -2.22045e-16 (-1*epsilon)
Iteration wallclock: 0:11:35.438016, cputime: 1:25:01.911926


Wed Feb 28 12:49:28 2024
Iteration 1327 (5000 requested)
Beginning iteration 1327
174 segments remain in iteration 1327 (174 total)
29 of 35 (82.857143%) active bins are populated
per-bin minimum non-zero probability:       8.96633e-25
per-bin maximum probability:                1
per-bin probability dynamic range (kT):     55.3712
per-segment minimum non-zero probability:   1.49439e-25
per-segment maximum non-zero probability:   0.234693
per-segment probability dynamic range (kT): 55.7134
norm = 1, error in norm = -1.11022e-16 (-0.5*epsilon)
Iteration wallclock: 0:12:18.851084, cputime: 1:28:19.182717


Wed Feb 28 13:01:47 2024
Iteration 1328 (5000 requested)
Beginning iteration 1328
162 segments remain in iteration 1328 (162 total)
27 of 35 (77.142857%) active bins are populated
per-bin minimum non-zero probability:       1.49439e-25
per-bin maximum probability:                1
per-bin probability dynamic range (kT):     57.1629
per-segment minimum non-zero probability:   2.49065e-26
per-segment maximum non-zero probability:   0.234693
per-segment probability dynamic range (kT): 57.5052
norm = 1, error in norm = -2.22045e-16 (-1*epsilon)
Iteration wallclock: 0:11:22.366499, cputime: 1:22:00.716067


Wed Feb 28 13:13:09 2024
Iteration 1329 (5000 requested)
Beginning iteration 1329
174 segments remain in iteration 1329 (174 total)
29 of 35 (82.857143%) active bins are populated
per-bin minimum non-zero probability:       2.49065e-26
per-bin maximum probability:                1
per-bin probability dynamic range (kT):     58.9547
per-segment minimum non-zero probability:   4.15108e-27
per-segment maximum non-zero probability:   0.234693
per-segment probability dynamic range (kT): 59.297
norm = 1, error in norm = -2.22045e-16 (-1*epsilon)
Iteration wallclock: 0:12:26.818372, cputime: 1:28:15.395238


Wed Feb 28 13:25:36 2024
Iteration 1330 (5000 requested)
Beginning iteration 1330
180 segments remain in iteration 1330 (180 total)
30 of 35 (85.714286%) active bins are populated
per-bin minimum non-zero probability:       9.7808e-25
per-bin maximum probability:                1
per-bin probability dynamic range (kT):     55.2842
per-segment minimum non-zero probability:   1.63013e-25
per-segment maximum non-zero probability:   0.234693
per-segment probability dynamic range (kT): 55.6265
norm = 1, error in norm = 0 (0*epsilon)
Iteration wallclock: 0:12:28.222970, cputime: 1:31:44.415892


Wed Feb 28 13:38:04 2024
Iteration 1331 (5000 requested)
Beginning iteration 1331
186 segments remain in iteration 1331 (186 total)
31 of 35 (88.571429%) active bins are populated
per-bin minimum non-zero probability:       2.50344e-24
per-bin maximum probability:                1
per-bin probability dynamic range (kT):     54.3444
per-segment minimum non-zero probability:   3.90071e-25
per-segment maximum non-zero probability:   0.234693
per-segment probability dynamic range (kT): 54.754
norm = 1, error in norm = -2.22045e-16 (-1*epsilon)
Iteration wallclock: 0:13:00.151729, cputime: 1:34:45.274913


Wed Feb 28 13:51:04 2024
Iteration 1332 (5000 requested)
Beginning iteration 1332
186 segments remain in iteration 1332 (186 total)
31 of 35 (88.571429%) active bins are populated
per-bin minimum non-zero probability:       1.50828e-24
per-bin maximum probability:                1
per-bin probability dynamic range (kT):     54.8511
per-segment minimum non-zero probability:   2.16706e-25
per-segment maximum non-zero probability:   0.234693
per-segment probability dynamic range (kT): 55.3418
norm = 1, error in norm = -2.22045e-16 (-1*epsilon)
Iteration wallclock: 0:12:53.493977, cputime: 1:34:40.697905


Wed Feb 28 14:03:58 2024
Iteration 1333 (5000 requested)
Beginning iteration 1333
180 segments remain in iteration 1333 (180 total)
30 of 35 (85.714286%) active bins are populated
per-bin minimum non-zero probability:       1.53069e-24
per-bin maximum probability:                0.836394
per-bin probability dynamic range (kT):     54.6577
per-segment minimum non-zero probability:   2.14539e-25
per-segment maximum non-zero probability:   0.162124
per-segment probability dynamic range (kT): 54.9819
norm = 1, error in norm = -1.11022e-16 (-0.5*epsilon)
Iteration wallclock: 0:12:39.029279, cputime: 1:31:18.826584


Wed Feb 28 14:16:37 2024
Iteration 1334 (5000 requested)
Beginning iteration 1334
180 segments remain in iteration 1334 (180 total)
30 of 35 (85.714286%) active bins are populated
per-bin minimum non-zero probability:       2.14539e-25
per-bin maximum probability:                1
per-bin probability dynamic range (kT):     56.8013
per-segment minimum non-zero probability:   3.57566e-26
per-segment maximum non-zero probability:   0.234693
per-segment probability dynamic range (kT): 57.1436
norm = 1, error in norm = -2.22045e-16 (-1*epsilon)
Iteration wallclock: 0:12:31.296667, cputime: 1:31:20.719481


Wed Feb 28 14:29:08 2024
Iteration 1335 (5000 requested)
Beginning iteration 1335
180 segments remain in iteration 1335 (180 total)
30 of 35 (85.714286%) active bins are populated
per-bin minimum non-zero probability:       3.57566e-26
per-bin maximum probability:                0.693641
per-bin probability dynamic range (kT):     58.2273
per-segment minimum non-zero probability:   5.95943e-27
per-segment maximum non-zero probability:   0.163606
per-segment probability dynamic range (kT): 58.5745
norm = 1, error in norm = -2.22045e-16 (-1*epsilon)
Iteration wallclock: 0:12:41.834913, cputime: 1:32:03.345489


Wed Feb 28 14:41:50 2024
Iteration 1336 (5000 requested)
Beginning iteration 1336
180 segments remain in iteration 1336 (180 total)
30 of 35 (85.714286%) active bins are populated
per-bin minimum non-zero probability:       1.27115e-25
per-bin maximum probability:                0.758162
per-bin probability dynamic range (kT):     57.0478
per-segment minimum non-zero probability:   1.94715e-26
per-segment maximum non-zero probability:   0.159293
per-segment probability dynamic range (kT): 57.3638
norm = 1, error in norm = -2.22045e-16 (-1*epsilon)
Iteration wallclock: 0:12:58.400275, cputime: 1:31:55.598114


Wed Feb 28 14:54:49 2024
Iteration 1337 (5000 requested)
Beginning iteration 1337
186 segments remain in iteration 1337 (186 total)
31 of 35 (88.571429%) active bins are populated
per-bin minimum non-zero probability:       3.24524e-26
per-bin maximum probability:                0.967279
per-bin probability dynamic range (kT):     58.6568
per-segment minimum non-zero probability:   5.40874e-27
per-segment maximum non-zero probability:   0.222466
per-segment probability dynamic range (kT): 58.9788
norm = 1, error in norm = -1.11022e-16 (-0.5*epsilon)
Iteration wallclock: 0:13:18.950180, cputime: 1:35:05.636791


Wed Feb 28 15:08:08 2024
Iteration 1338 (5000 requested)
Beginning iteration 1338
180 segments remain in iteration 1338 (180 total)
30 of 35 (85.714286%) active bins are populated
per-bin minimum non-zero probability:       5.40874e-27
per-bin maximum probability:                0.983639
per-bin probability dynamic range (kT):     60.4653
per-segment minimum non-zero probability:   9.01457e-28
per-segment maximum non-zero probability:   0.222466
per-segment probability dynamic range (kT): 60.7706
norm = 1, error in norm = 0 (0*epsilon)
Iteration wallclock: 0:12:38.637084, cputime: 1:31:29.483022


Wed Feb 28 15:20:47 2024
Iteration 1339 (5000 requested)
Beginning iteration 1339
174 segments remain in iteration 1339 (174 total)
29 of 35 (82.857143%) active bins are populated
per-bin minimum non-zero probability:       5.76932e-27
per-bin maximum probability:                0.997273
per-bin probability dynamic range (kT):     60.4145
per-segment minimum non-zero probability:   9.61554e-28
per-segment maximum non-zero probability:   0.222466
per-segment probability dynamic range (kT): 60.706
norm = 1, error in norm = -2.22045e-16 (-1*epsilon)
Iteration wallclock: 0:12:45.491181, cputime: 1:28:21.625996


Wed Feb 28 15:33:32 2024
Iteration 1340 (5000 requested)
Beginning iteration 1340
180 segments remain in iteration 1340 (180 total)
30 of 35 (85.714286%) active bins are populated
per-bin minimum non-zero probability:       9.61554e-28
per-bin maximum probability:                0.999546
per-bin probability dynamic range (kT):     62.2085
per-segment minimum non-zero probability:   1.60259e-28
per-segment maximum non-zero probability:   0.222466
per-segment probability dynamic range (kT): 62.4978
norm = 1, error in norm = -2.22045e-16 (-1*epsilon)
Iteration wallclock: 0:12:51.224982, cputime: 1:31:11.212065


Wed Feb 28 15:46:24 2024
Iteration 1341 (5000 requested)
Beginning iteration 1341
180 segments remain in iteration 1341 (180 total)
30 of 35 (85.714286%) active bins are populated
per-bin minimum non-zero probability:       1.60259e-28
per-bin maximum probability:                0.999773
per-bin probability dynamic range (kT):     64.0005
per-segment minimum non-zero probability:   2.67098e-29
per-segment maximum non-zero probability:   0.222466
per-segment probability dynamic range (kT): 64.2895
norm = 1, error in norm = -2.22045e-16 (-1*epsilon)
Iteration wallclock: 0:12:38.852687, cputime: 1:31:37.590652


Wed Feb 28 15:59:03 2024
Iteration 1342 (5000 requested)
Beginning iteration 1342
186 segments remain in iteration 1342 (186 total)
31 of 35 (88.571429%) active bins are populated
per-bin minimum non-zero probability:       2.67098e-29
per-bin maximum probability:                1
per-bin probability dynamic range (kT):     65.7925
per-segment minimum non-zero probability:   4.45164e-30
per-segment maximum non-zero probability:   0.222466
per-segment probability dynamic range (kT): 66.0813
norm = 1, error in norm = -2.22045e-16 (-1*epsilon)
Iteration wallclock: 0:13:36.213048, cputime: 1:34:36.848767


Wed Feb 28 16:12:39 2024
Iteration 1343 (5000 requested)
Beginning iteration 1343
168 segments remain in iteration 1343 (168 total)
28 of 35 (80.000000%) active bins are populated
per-bin minimum non-zero probability:       4.38439e-25
per-bin maximum probability:                1
per-bin probability dynamic range (kT):     56.0866
per-segment minimum non-zero probability:   7.30717e-26
per-segment maximum non-zero probability:   0.222466
per-segment probability dynamic range (kT): 56.3754
norm = 1, error in norm = -2.22045e-16 (-1*epsilon)
Iteration wallclock: 0:12:07.175475, cputime: 1:25:14.767442


Wed Feb 28 16:24:46 2024
Iteration 1344 (5000 requested)
Beginning iteration 1344
174 segments remain in iteration 1344 (174 total)
29 of 35 (82.857143%) active bins are populated
per-bin minimum non-zero probability:       8.67811e-24
per-bin maximum probability:                1
per-bin probability dynamic range (kT):     53.1012
per-segment minimum non-zero probability:   1.44635e-24
per-segment maximum non-zero probability:   0.222466
per-segment probability dynamic range (kT): 53.39
norm = 1, error in norm = -1.11022e-16 (-0.5*epsilon)
Iteration wallclock: 0:12:32.471663, cputime: 1:28:20.618499


Wed Feb 28 16:37:19 2024
Iteration 1345 (5000 requested)
Beginning iteration 1345
168 segments remain in iteration 1345 (168 total)
28 of 35 (80.000000%) active bins are populated
per-bin minimum non-zero probability:       7.12977e-24
per-bin maximum probability:                1
per-bin probability dynamic range (kT):     53.2978
per-segment minimum non-zero probability:   1.13668e-24
per-segment maximum non-zero probability:   0.222466
per-segment probability dynamic range (kT): 53.6309
norm = 1, error in norm = -2.22045e-16 (-1*epsilon)
Iteration wallclock: 0:11:58.975489, cputime: 1:25:49.519009


Wed Feb 28 16:49:18 2024
Iteration 1346 (5000 requested)
Beginning iteration 1346
180 segments remain in iteration 1346 (180 total)
30 of 35 (85.714286%) active bins are populated
per-bin minimum non-zero probability:       1.89447e-24
per-bin maximum probability:                1
per-bin probability dynamic range (kT):     54.6231
per-segment minimum non-zero probability:   3.15745e-25
per-segment maximum non-zero probability:   0.222466
per-segment probability dynamic range (kT): 54.9119
norm = 1, error in norm = -2.22045e-16 (-1*epsilon)
Iteration wallclock: 0:12:56.484744, cputime: 1:31:42.403995


Wed Feb 28 17:02:15 2024
Iteration 1347 (5000 requested)
Beginning iteration 1347
174 segments remain in iteration 1347 (174 total)
29 of 35 (82.857143%) active bins are populated
per-bin minimum non-zero probability:       3.15745e-25
per-bin maximum probability:                1
per-bin probability dynamic range (kT):     56.4149
per-segment minimum non-zero probability:   5.26242e-26
per-segment maximum non-zero probability:   0.222466
per-segment probability dynamic range (kT): 56.7036
norm = 1, error in norm = -2.22045e-16 (-1*epsilon)
Iteration wallclock: 0:12:43.617615, cputime: 1:28:36.458435


Wed Feb 28 17:14:58 2024
Iteration 1348 (5000 requested)
Beginning iteration 1348
174 segments remain in iteration 1348 (174 total)
29 of 35 (82.857143%) active bins are populated
per-bin minimum non-zero probability:       5.26242e-26
per-bin maximum probability:                0.850027
per-bin probability dynamic range (kT):     58.0441
per-segment minimum non-zero probability:   8.77071e-27
per-segment maximum non-zero probability:   0.159293
per-segment probability dynamic range (kT): 58.1614
norm = 1, error in norm = -2.22045e-16 (-1*epsilon)
Iteration wallclock: 0:13:03.562240, cputime: 1:28:20.462741


Wed Feb 28 17:28:02 2024
Iteration 1349 (5000 requested)
Beginning iteration 1349
162 segments remain in iteration 1349 (162 total)
27 of 35 (77.142857%) active bins are populated
per-bin minimum non-zero probability:       1.06066e-23
per-bin maximum probability:                0.975005
per-bin probability dynamic range (kT):     52.8753
per-segment minimum non-zero probability:   1.7663e-24
per-segment maximum non-zero probability:   0.222466
per-segment probability dynamic range (kT): 53.1902
norm = 1, error in norm = -3.33067e-16 (-1.5*epsilon)
Iteration wallclock: 0:11:33.207940, cputime: 1:22:16.181556


Wed Feb 28 17:39:35 2024
Iteration 1350 (5000 requested)
Beginning iteration 1350
174 segments remain in iteration 1350 (174 total)
29 of 35 (82.857143%) active bins are populated
per-bin minimum non-zero probability:       1.5012e-23
per-bin maximum probability:                1
per-bin probability dynamic range (kT):     52.5532
per-segment minimum non-zero probability:   2.502e-24
per-segment maximum non-zero probability:   0.222466
per-segment probability dynamic range (kT): 52.842
norm = 1, error in norm = -2.22045e-16 (-1*epsilon)
Iteration wallclock: 0:12:18.159217, cputime: 1:28:28.708983


Wed Feb 28 17:51:54 2024
Iteration 1351 (5000 requested)
Beginning iteration 1351
180 segments remain in iteration 1351 (180 total)
30 of 35 (85.714286%) active bins are populated
per-bin minimum non-zero probability:       5.85712e-24
per-bin maximum probability:                1
per-bin probability dynamic range (kT):     53.4944
per-segment minimum non-zero probability:   9.76187e-25
per-segment maximum non-zero probability:   0.222466
per-segment probability dynamic range (kT): 53.7832
norm = 1, error in norm = -2.22045e-16 (-1*epsilon)
Iteration wallclock: 0:12:58.282498, cputime: 1:31:54.312429


Wed Feb 28 18:04:52 2024
Iteration 1352 (5000 requested)
Beginning iteration 1352
180 segments remain in iteration 1352 (180 total)
30 of 35 (85.714286%) active bins are populated
per-bin minimum non-zero probability:       1.95237e-24
per-bin maximum probability:                1
per-bin probability dynamic range (kT):     54.593
per-segment minimum non-zero probability:   3.25396e-25
per-segment maximum non-zero probability:   0.222466
per-segment probability dynamic range (kT): 54.8818
norm = 1, error in norm = -1.11022e-16 (-0.5*epsilon)
Iteration wallclock: 0:12:41.244782, cputime: 1:31:50.059362


Wed Feb 28 18:17:33 2024
Iteration 1353 (5000 requested)
Beginning iteration 1353
180 segments remain in iteration 1353 (180 total)
30 of 35 (85.714286%) active bins are populated
per-bin minimum non-zero probability:       4.63469e-24
per-bin maximum probability:                0.845296
per-bin probability dynamic range (kT):     53.5604
per-segment minimum non-zero probability:   7.72448e-25
per-segment maximum non-zero probability:   0.159293
per-segment probability dynamic range (kT): 53.6832
norm = 1, error in norm = -2.22045e-16 (-1*epsilon)
Iteration wallclock: 0:12:30.332114, cputime: 1:31:37.750182


Wed Feb 28 18:30:04 2024
Iteration 1354 (5000 requested)
Beginning iteration 1354
168 segments remain in iteration 1354 (168 total)
28 of 35 (80.000000%) active bins are populated
per-bin minimum non-zero probability:       2.72408e-24
per-bin maximum probability:                1
per-bin probability dynamic range (kT):     54.2599
per-segment minimum non-zero probability:   4.54013e-25
per-segment maximum non-zero probability:   0.222466
per-segment probability dynamic range (kT): 54.5487
norm = 1, error in norm = -1.11022e-16 (-0.5*epsilon)
Iteration wallclock: 0:11:47.663726, cputime: 1:25:05.814132


Wed Feb 28 18:41:51 2024
Iteration 1355 (5000 requested)
Beginning iteration 1355
174 segments remain in iteration 1355 (174 total)
29 of 35 (82.857143%) active bins are populated
per-bin minimum non-zero probability:       1.22873e-23
per-bin maximum probability:                1
per-bin probability dynamic range (kT):     52.7535
per-segment minimum non-zero probability:   2.04788e-24
per-segment maximum non-zero probability:   0.222466
per-segment probability dynamic range (kT): 53.0423
norm = 1, error in norm = -2.22045e-16 (-1*epsilon)
Iteration wallclock: 0:12:21.326187, cputime: 1:28:48.382656


Wed Feb 28 18:54:13 2024
Iteration 1356 (5000 requested)
Beginning iteration 1356
174 segments remain in iteration 1356 (174 total)
29 of 35 (82.857143%) active bins are populated
per-bin minimum non-zero probability:       2.2478e-23
per-bin maximum probability:                0.850027
per-bin probability dynamic range (kT):     51.987
per-segment minimum non-zero probability:   3.40502e-24
per-segment maximum non-zero probability:   0.159293
per-segment probability dynamic range (kT): 52.1998
norm = 1, error in norm = -2.22045e-16 (-1*epsilon)
Iteration wallclock: 0:12:09.749731, cputime: 1:28:40.644886


Wed Feb 28 19:06:23 2024
Iteration 1357 (5000 requested)
Beginning iteration 1357
174 segments remain in iteration 1357 (174 total)
29 of 35 (82.857143%) active bins are populated
per-bin minimum non-zero probability:       1.49579e-23
per-bin maximum probability:                0.975005
per-bin probability dynamic range (kT):     52.5315
per-segment minimum non-zero probability:   2.49299e-24
per-segment maximum non-zero probability:   0.222466
per-segment probability dynamic range (kT): 52.8456
norm = 1, error in norm = -2.22045e-16 (-1*epsilon)
Iteration wallclock: 0:12:07.451452, cputime: 1:28:42.695390


Wed Feb 28 19:18:30 2024
Iteration 1358 (5000 requested)
Beginning iteration 1358
168 segments remain in iteration 1358 (168 total)
28 of 35 (80.000000%) active bins are populated
per-bin minimum non-zero probability:       2.04238e-23
per-bin maximum probability:                1
per-bin probability dynamic range (kT):     52.2453
per-segment minimum non-zero probability:   3.40397e-24
per-segment maximum non-zero probability:   0.222466
per-segment probability dynamic range (kT): 52.5341
norm = 1, error in norm = -2.22045e-16 (-1*epsilon)
Iteration wallclock: 0:11:42.773320, cputime: 1:25:13.681311


Wed Feb 28 19:30:13 2024
Iteration 1359 (5000 requested)
Beginning iteration 1359
162 segments remain in iteration 1359 (162 total)
27 of 35 (77.142857%) active bins are populated
per-bin minimum non-zero probability:       3.40397e-24
per-bin maximum probability:                1
per-bin probability dynamic range (kT):     54.0371
per-segment minimum non-zero probability:   5.67329e-25
per-segment maximum non-zero probability:   0.222466
per-segment probability dynamic range (kT): 54.3259
norm = 1, error in norm = -2.22045e-16 (-1*epsilon)
Iteration wallclock: 0:11:08.120113, cputime: 1:22:03.575533


Wed Feb 28 19:41:21 2024
Iteration 1360 (5000 requested)
Beginning iteration 1360
180 segments remain in iteration 1360 (180 total)
30 of 35 (85.714286%) active bins are populated
per-bin minimum non-zero probability:       5.67329e-25
per-bin maximum probability:                1
per-bin probability dynamic range (kT):     55.8289
per-segment minimum non-zero probability:   9.45548e-26
per-segment maximum non-zero probability:   0.222466
per-segment probability dynamic range (kT): 56.1176
norm = 1, error in norm = -2.22045e-16 (-1*epsilon)
Iteration wallclock: 0:12:33.790393, cputime: 1:31:42.189894


Wed Feb 28 19:53:55 2024
Iteration 1361 (5000 requested)
Beginning iteration 1361
174 segments remain in iteration 1361 (174 total)
29 of 35 (82.857143%) active bins are populated
per-bin minimum non-zero probability:       2.35773e-23
per-bin maximum probability:                1
per-bin probability dynamic range (kT):     52.1018
per-segment minimum non-zero probability:   3.07717e-24
per-segment maximum non-zero probability:   0.222466
per-segment probability dynamic range (kT): 52.635
norm = 1, error in norm = -1.11022e-16 (-0.5*epsilon)
Iteration wallclock: 0:12:17.660470, cputime: 1:28:39.076313

Iteration 1362 would require more than the allotted time. Ending run.
