Updating system with the options from the configuration file
Maximum wallclock time: 1 day, 0:00:00

Thu May  2 16:40:08 2024
Iteration 667 (750 requested)
Beginning iteration 667
128 segments remain in iteration 667 (128 total)
33 of 33 (100.000000%) active bins are populated
per-bin minimum non-zero probability:       7.49873e-20
per-bin maximum probability:                0.31535
per-bin probability dynamic range (kT):     42.8829
per-segment minimum non-zero probability:   1.87468e-20
per-segment maximum non-zero probability:   0.100618
per-segment probability dynamic range (kT): 43.1268
norm = 1, error in norm = -3.33067e-16 (-1.5*epsilon)
MAB binning in use
Bottleneck bin occupancy may not be accurately reported
Waiting for segments to complete...
################ MAB stats ################
minima in each dimension:      [12.6721]
maxima in each dimension:      [39.5093]
direction in each dimension:   [-1]
skip in each dimension:        [0]
###########################################
Iteration completed successfully
Iteration wallclock: 0:10:23.187080, cputime: 0:47:08.951376


Thu May  2 16:50:31 2024
Iteration 668 (750 requested)
Beginning iteration 668
124 segments remain in iteration 668 (124 total)
31 of 33 (93.939394%) active bins are populated
per-bin minimum non-zero probability:       1.73837e-19
per-bin maximum probability:                0.34547
per-bin probability dynamic range (kT):     42.1333
per-segment minimum non-zero probability:   1.87468e-20
per-segment maximum non-zero probability:   0.110106
per-segment probability dynamic range (kT): 43.217
norm = 1, error in norm = -1.11022e-16 (-0.5*epsilon)
MAB binning in use
Bottleneck bin occupancy may not be accurately reported
Waiting for segments to complete...
################ MAB stats ################
minima in each dimension:      [11.1488]
maxima in each dimension:      [39.9948]
direction in each dimension:   [-1]
skip in each dimension:        [0]
###########################################
Iteration completed successfully
Iteration wallclock: 0:08:38.594089, cputime: 0:46:00.366824


Thu May  2 16:59:10 2024
Iteration 669 (750 requested)
Beginning iteration 669
128 segments remain in iteration 669 (128 total)
32 of 33 (96.969697%) active bins are populated
per-bin minimum non-zero probability:       4.34594e-20
per-bin maximum probability:                0.343382
per-bin probability dynamic range (kT):     43.5136
per-segment minimum non-zero probability:   1.08648e-20
per-segment maximum non-zero probability:   0.111379
per-segment probability dynamic range (kT): 43.7739
norm = 1, error in norm = -2.22045e-16 (-1*epsilon)
MAB binning in use
Bottleneck bin occupancy may not be accurately reported
Waiting for segments to complete...
################ MAB stats ################
minima in each dimension:      [10.6311]
maxima in each dimension:      [39.9444]
direction in each dimension:   [-1]
skip in each dimension:        [0]
###########################################
Iteration completed successfully
Iteration wallclock: 0:08:40.049493, cputime: 0:47:13.579384


Thu May  2 17:07:50 2024
Iteration 670 (750 requested)
Beginning iteration 670
124 segments remain in iteration 670 (124 total)
31 of 33 (93.939394%) active bins are populated
per-bin minimum non-zero probability:       1.08648e-20
per-bin maximum probability:                0.368647
per-bin probability dynamic range (kT):     44.9708
per-segment minimum non-zero probability:   2.71621e-21
per-segment maximum non-zero probability:   0.132627
per-segment probability dynamic range (kT): 45.3348
norm = 1, error in norm = -3.33067e-16 (-1.5*epsilon)
MAB binning in use
Bottleneck bin occupancy may not be accurately reported
Waiting for segments to complete...
################ MAB stats ################
minima in each dimension:      [10.1881]
maxima in each dimension:      [39.7109]
direction in each dimension:   [-1]
skip in each dimension:        [0]
###########################################
Iteration completed successfully
Iteration wallclock: 0:08:37.906885, cputime: 0:45:46.064346


Thu May  2 17:16:28 2024
Iteration 671 (750 requested)
Beginning iteration 671
124 segments remain in iteration 671 (124 total)
31 of 33 (93.939394%) active bins are populated
per-bin minimum non-zero probability:       5.65147e-21
per-bin maximum probability:                0.375033
per-bin probability dynamic range (kT):     45.6416
per-segment minimum non-zero probability:   1.41287e-21
per-segment maximum non-zero probability:   0.132627
per-segment probability dynamic range (kT): 45.9885
norm = 1, error in norm = -1.11022e-16 (-0.5*epsilon)
MAB binning in use
Bottleneck bin occupancy may not be accurately reported
Waiting for segments to complete...
################ MAB stats ################
minima in each dimension:      [11.1149]
maxima in each dimension:      [39.7032]
direction in each dimension:   [-1]
skip in each dimension:        [0]
###########################################
Iteration completed successfully
Iteration wallclock: 0:08:37.125547, cputime: 0:46:08.914614


Thu May  2 17:25:05 2024
Iteration 672 (750 requested)
Beginning iteration 672
132 segments remain in iteration 672 (132 total)
31 of 33 (93.939394%) active bins are populated
per-bin minimum non-zero probability:       1.41287e-21
per-bin maximum probability:                0.295494
per-bin probability dynamic range (kT):     46.7896
per-segment minimum non-zero probability:   3.53217e-22
per-segment maximum non-zero probability:   0.0750144
per-segment probability dynamic range (kT): 46.8049
norm = 1, error in norm = -6.66134e-16 (-3*epsilon)
MAB binning in use
Bottleneck bin occupancy may not be accurately reported
Waiting for segments to complete...
################ MAB stats ################
minima in each dimension:      [11.0174]
maxima in each dimension:      [39.265]
direction in each dimension:   [-1]
skip in each dimension:        [0]
###########################################
Iteration completed successfully
Iteration wallclock: 0:09:10.782292, cputime: 0:48:33.097536


Thu May  2 17:34:16 2024
Iteration 673 (750 requested)
Beginning iteration 673
116 segments remain in iteration 673 (116 total)
29 of 33 (87.878788%) active bins are populated
per-bin minimum non-zero probability:       2.66239e-20
per-bin maximum probability:                0.309943
per-bin probability dynamic range (kT):     43.9011
per-segment minimum non-zero probability:   3.53217e-22
per-segment maximum non-zero probability:   0.111396
per-segment probability dynamic range (kT): 47.2003
norm = 1, error in norm = -2.22045e-16 (-1*epsilon)
MAB binning in use
Bottleneck bin occupancy may not be accurately reported
Waiting for segments to complete...
################ MAB stats ################
minima in each dimension:      [10.6896]
maxima in each dimension:      [39.5023]
direction in each dimension:   [-1]
skip in each dimension:        [0]
###########################################
Iteration completed successfully
Iteration wallclock: 0:08:05.829546, cputime: 0:43:09.480536


Thu May  2 17:42:22 2024
Iteration 674 (750 requested)
Beginning iteration 674
124 segments remain in iteration 674 (124 total)
29 of 33 (87.878788%) active bins are populated
per-bin minimum non-zero probability:       8.44636e-21
per-bin maximum probability:                0.332437
per-bin probability dynamic range (kT):     45.1192
per-segment minimum non-zero probability:   1.55768e-21
per-segment maximum non-zero probability:   0.0953065
per-segment probability dynamic range (kT): 45.5604
norm = 1, error in norm = -5.55112e-16 (-2.5*epsilon)
MAB binning in use
Bottleneck bin occupancy may not be accurately reported
Waiting for segments to complete...
################ MAB stats ################
minima in each dimension:      [10.7695]
maxima in each dimension:      [39.7932]
direction in each dimension:   [-1]
skip in each dimension:        [0]
###########################################
Iteration completed successfully
Iteration wallclock: 0:08:36.648253, cputime: 0:46:11.857456


Thu May  2 17:50:58 2024
Iteration 675 (750 requested)
Beginning iteration 675
124 segments remain in iteration 675 (124 total)
31 of 33 (93.939394%) active bins are populated
per-bin minimum non-zero probability:       2.11159e-21
per-bin maximum probability:                0.227714
per-bin probability dynamic range (kT):     46.1272
per-segment minimum non-zero probability:   5.27897e-22
per-segment maximum non-zero probability:   0.0727478
per-segment probability dynamic range (kT): 46.3724
norm = 1, error in norm = -4.44089e-16 (-2*epsilon)
MAB binning in use
Bottleneck bin occupancy may not be accurately reported
Waiting for segments to complete...
################ MAB stats ################
minima in each dimension:      [10.2946]
maxima in each dimension:      [39.8234]
direction in each dimension:   [-1]
skip in each dimension:        [0]
###########################################
Iteration completed successfully
Iteration wallclock: 0:08:38.047871, cputime: 0:45:51.259359


Thu May  2 17:59:36 2024
Iteration 676 (750 requested)
Beginning iteration 676
124 segments remain in iteration 676 (124 total)
31 of 33 (93.939394%) active bins are populated
per-bin minimum non-zero probability:       5.27897e-22
per-bin maximum probability:                0.308059
per-bin probability dynamic range (kT):     47.8157
per-segment minimum non-zero probability:   1.31974e-22
per-segment maximum non-zero probability:   0.0951717
per-segment probability dynamic range (kT): 48.0274
norm = 1, error in norm = -3.33067e-16 (-1.5*epsilon)
MAB binning in use
Bottleneck bin occupancy may not be accurately reported
Waiting for segments to complete...
################ MAB stats ################
minima in each dimension:      [9.2145]
maxima in each dimension:      [39.6622]
direction in each dimension:   [-1]
skip in each dimension:        [0]
###########################################
Iteration completed successfully
Iteration wallclock: 0:08:35.829504, cputime: 0:46:03.526307


Thu May  2 18:08:12 2024
Iteration 677 (750 requested)
Beginning iteration 677
112 segments remain in iteration 677 (112 total)
27 of 33 (81.818182%) active bins are populated
per-bin minimum non-zero probability:       2.63949e-22
per-bin maximum probability:                0.358446
per-bin probability dynamic range (kT):     48.6603
per-segment minimum non-zero probability:   6.59872e-23
per-segment maximum non-zero probability:   0.103378
per-segment probability dynamic range (kT): 48.8032
norm = 1, error in norm = -2.22045e-16 (-1*epsilon)
MAB binning in use
Bottleneck bin occupancy may not be accurately reported
Waiting for segments to complete...
################ MAB stats ################
minima in each dimension:      [11.4045]
maxima in each dimension:      [39.7685]
direction in each dimension:   [-1]
skip in each dimension:        [0]
###########################################
Iteration completed successfully
Iteration wallclock: 0:07:33.225980, cputime: 0:41:36.981018


Thu May  2 18:15:45 2024
Iteration 678 (750 requested)
Beginning iteration 678
116 segments remain in iteration 678 (116 total)
29 of 33 (87.878788%) active bins are populated
per-bin minimum non-zero probability:       1.31974e-22
per-bin maximum probability:                0.437301
per-bin probability dynamic range (kT):     49.5523
per-segment minimum non-zero probability:   3.29936e-23
per-segment maximum non-zero probability:   0.153578
per-segment probability dynamic range (kT): 49.8922
norm = 1, error in norm = -5.55112e-16 (-2.5*epsilon)
MAB binning in use
Bottleneck bin occupancy may not be accurately reported
Waiting for segments to complete...
################ MAB stats ################
minima in each dimension:      [8.7929]
maxima in each dimension:      [39.7587]
direction in each dimension:   [-1]
skip in each dimension:        [0]
###########################################
Iteration completed successfully
Iteration wallclock: 0:08:04.438762, cputime: 0:42:49.799054


Thu May  2 18:23:50 2024
Iteration 679 (750 requested)
Beginning iteration 679
120 segments remain in iteration 679 (120 total)
30 of 33 (90.909091%) active bins are populated
per-bin minimum non-zero probability:       3.29936e-23
per-bin maximum probability:                0.350575
per-bin probability dynamic range (kT):     50.7175
per-segment minimum non-zero probability:   8.24839e-24
per-segment maximum non-zero probability:   0.103378
per-segment probability dynamic range (kT): 50.8827
norm = 1, error in norm = -3.33067e-16 (-1.5*epsilon)
MAB binning in use
Bottleneck bin occupancy may not be accurately reported
Waiting for segments to complete...
################ MAB stats ################
minima in each dimension:      [9.6114]
maxima in each dimension:      [39.9957]
direction in each dimension:   [-1]
skip in each dimension:        [0]
###########################################
Iteration completed successfully
Iteration wallclock: 0:08:06.163010, cputime: 0:44:28.175456


Thu May  2 18:31:56 2024
Iteration 680 (750 requested)
Beginning iteration 680
120 segments remain in iteration 680 (120 total)
30 of 33 (90.909091%) active bins are populated
per-bin minimum non-zero probability:       1.09951e-19
per-bin maximum probability:                0.205275
per-bin probability dynamic range (kT):     42.0708
per-segment minimum non-zero probability:   2.74878e-20
per-segment maximum non-zero probability:   0.0689183
per-segment probability dynamic range (kT): 42.3657
norm = 1, error in norm = -4.44089e-16 (-2*epsilon)
MAB binning in use
Bottleneck bin occupancy may not be accurately reported
Waiting for segments to complete...
################ MAB stats ################
minima in each dimension:      [9.6401]
maxima in each dimension:      [39.9493]
direction in each dimension:   [-1]
skip in each dimension:        [0]
###########################################
Iteration completed successfully
Iteration wallclock: 0:08:05.110413, cputime: 0:44:28.331436


Thu May  2 18:40:01 2024
Iteration 681 (750 requested)
Beginning iteration 681
128 segments remain in iteration 681 (128 total)
32 of 33 (96.969697%) active bins are populated
per-bin minimum non-zero probability:       2.17959e-19
per-bin maximum probability:                0.238066
per-bin probability dynamic range (kT):     41.5348
per-segment minimum non-zero probability:   2.74878e-20
per-segment maximum non-zero probability:   0.0767888
per-segment probability dynamic range (kT): 42.4738
norm = 1, error in norm = -4.44089e-16 (-2*epsilon)
MAB binning in use
Bottleneck bin occupancy may not be accurately reported
Waiting for segments to complete...
################ MAB stats ################
minima in each dimension:      [10.2553]
maxima in each dimension:      [39.7885]
direction in each dimension:   [-1]
skip in each dimension:        [0]
###########################################
Iteration completed successfully
Iteration wallclock: 0:08:42.275691, cputime: 0:47:20.361796


Thu May  2 18:48:43 2024
Iteration 682 (750 requested)
Beginning iteration 682
132 segments remain in iteration 682 (132 total)
33 of 33 (100.000000%) active bins are populated
per-bin minimum non-zero probability:       9.22787e-20
per-bin maximum probability:                0.220882
per-bin probability dynamic range (kT):     42.3193
per-segment minimum non-zero probability:   2.30697e-20
per-segment maximum non-zero probability:   0.0767888
per-segment probability dynamic range (kT): 42.6491
norm = 1, error in norm = -2.22045e-16 (-1*epsilon)
MAB binning in use
Bottleneck bin occupancy may not be accurately reported
Waiting for segments to complete...
################ MAB stats ################
minima in each dimension:      [9.4413]
maxima in each dimension:      [39.9801]
direction in each dimension:   [-1]
skip in each dimension:        [0]
###########################################
Iteration completed successfully
Iteration wallclock: 0:09:05.164093, cputime: 0:49:04.546472


Thu May  2 18:57:48 2024
Iteration 683 (750 requested)
Beginning iteration 683
124 segments remain in iteration 683 (124 total)
31 of 33 (93.939394%) active bins are populated
per-bin minimum non-zero probability:       2.30697e-20
per-bin maximum probability:                0.238323
per-bin probability dynamic range (kT):     43.7816
per-segment minimum non-zero probability:   5.76742e-21
per-segment maximum non-zero probability:   0.0767888
per-segment probability dynamic range (kT): 44.0354
norm = 1, error in norm = -5.55112e-16 (-2.5*epsilon)
MAB binning in use
Bottleneck bin occupancy may not be accurately reported
Waiting for segments to complete...
################ MAB stats ################
minima in each dimension:      [10.2734]
maxima in each dimension:      [39.8432]
direction in each dimension:   [-1]
skip in each dimension:        [0]
###########################################
Iteration completed successfully
Iteration wallclock: 0:08:35.210949, cputime: 0:45:58.337278


Thu May  2 19:06:24 2024
Iteration 684 (750 requested)
Beginning iteration 684
128 segments remain in iteration 684 (128 total)
32 of 33 (96.969697%) active bins are populated
per-bin minimum non-zero probability:       5.76742e-21
per-bin maximum probability:                0.201008
per-bin probability dynamic range (kT):     44.9977
per-segment minimum non-zero probability:   1.44185e-21
per-segment maximum non-zero probability:   0.0689183
per-segment probability dynamic range (kT): 45.3135
norm = 1, error in norm = -3.33067e-16 (-1.5*epsilon)
MAB binning in use
Bottleneck bin occupancy may not be accurately reported
Waiting for segments to complete...
################ MAB stats ################
minima in each dimension:      [7.5758]
maxima in each dimension:      [39.923]
direction in each dimension:   [-1]
skip in each dimension:        [0]
###########################################
Iteration completed successfully
Iteration wallclock: 0:08:32.085580, cputime: 0:47:37.985716


Thu May  2 19:14:56 2024
Iteration 685 (750 requested)
Beginning iteration 685
116 segments remain in iteration 685 (116 total)
29 of 33 (87.878788%) active bins are populated
per-bin minimum non-zero probability:       1.44185e-21
per-bin maximum probability:                0.225167
per-bin probability dynamic range (kT):     46.4974
per-segment minimum non-zero probability:   3.60464e-22
per-segment maximum non-zero probability:   0.0697289
per-segment probability dynamic range (kT): 46.7115
norm = 1, error in norm = -3.33067e-16 (-1.5*epsilon)
MAB binning in use
Bottleneck bin occupancy may not be accurately reported
Waiting for segments to complete...
################ MAB stats ################
minima in each dimension:      [9.789]
maxima in each dimension:      [39.8991]
direction in each dimension:   [-1]
skip in each dimension:        [0]
###########################################
Iteration completed successfully
Iteration wallclock: 0:08:02.494357, cputime: 0:43:06.269350


Thu May  2 19:22:58 2024
Iteration 686 (750 requested)
Beginning iteration 686
116 segments remain in iteration 686 (116 total)
29 of 33 (87.878788%) active bins are populated
per-bin minimum non-zero probability:       3.60464e-22
per-bin maximum probability:                0.336927
per-bin probability dynamic range (kT):     48.2868
per-segment minimum non-zero probability:   9.01159e-23
per-segment maximum non-zero probability:   0.113814
per-segment probability dynamic range (kT): 48.5878
norm = 1, error in norm = -2.22045e-16 (-1*epsilon)
MAB binning in use
Bottleneck bin occupancy may not be accurately reported
Waiting for segments to complete...
################ MAB stats ################
minima in each dimension:      [10.9169]
maxima in each dimension:      [39.4621]
direction in each dimension:   [-1]
skip in each dimension:        [0]
###########################################
Iteration completed successfully
Iteration wallclock: 0:08:09.842171, cputime: 0:42:25.887630


Thu May  2 19:31:08 2024
Iteration 687 (750 requested)
Beginning iteration 687
120 segments remain in iteration 687 (120 total)
30 of 33 (90.909091%) active bins are populated
per-bin minimum non-zero probability:       3.93182e-21
per-bin maximum probability:                0.270076
per-bin probability dynamic range (kT):     45.6761
per-segment minimum non-zero probability:   9.82956e-22
per-segment maximum non-zero probability:   0.0877769
per-segment probability dynamic range (kT): 45.9385
norm = 1, error in norm = -4.44089e-16 (-2*epsilon)
MAB binning in use
Bottleneck bin occupancy may not be accurately reported
Waiting for segments to complete...
################ MAB stats ################
minima in each dimension:      [10.6948]
maxima in each dimension:      [39.2754]
direction in each dimension:   [-1]
skip in each dimension:        [0]
###########################################
Iteration completed successfully
Iteration wallclock: 0:08:01.257741, cputime: 0:44:33.563055


Thu May  2 19:39:09 2024
Iteration 688 (750 requested)
Beginning iteration 688
120 segments remain in iteration 688 (120 total)
28 of 33 (84.848485%) active bins are populated
per-bin minimum non-zero probability:       3.24029e-21
per-bin maximum probability:                0.392059
per-bin probability dynamic range (kT):     46.2423
per-segment minimum non-zero probability:   8.10072e-22
per-segment maximum non-zero probability:   0.0939166
per-segment probability dynamic range (kT): 46.1996
norm = 1, error in norm = -4.44089e-16 (-2*epsilon)
MAB binning in use
Bottleneck bin occupancy may not be accurately reported
Waiting for segments to complete...
################ MAB stats ################
minima in each dimension:      [9.1216]
maxima in each dimension:      [39.3257]
direction in each dimension:   [-1]
skip in each dimension:        [0]
###########################################
Iteration completed successfully
Iteration wallclock: 0:08:05.971183, cputime: 0:44:22.424200


Thu May  2 19:47:15 2024
Iteration 689 (750 requested)
Beginning iteration 689
132 segments remain in iteration 689 (132 total)
33 of 33 (100.000000%) active bins are populated
per-bin minimum non-zero probability:       8.10072e-22
per-bin maximum probability:                0.395088
per-bin probability dynamic range (kT):     47.6363
per-segment minimum non-zero probability:   2.02518e-22
per-segment maximum non-zero probability:   0.118321
per-segment probability dynamic range (kT): 47.8169
norm = 1, error in norm = -4.44089e-16 (-2*epsilon)
MAB binning in use
Bottleneck bin occupancy may not be accurately reported
Waiting for segments to complete...
################ MAB stats ################
minima in each dimension:      [9.7014]
maxima in each dimension:      [39.9718]
direction in each dimension:   [-1]
skip in each dimension:        [0]
###########################################
Iteration completed successfully
Iteration wallclock: 0:09:04.225164, cputime: 0:48:55.141855


Thu May  2 19:56:20 2024
Iteration 690 (750 requested)
Beginning iteration 690
128 segments remain in iteration 690 (128 total)
31 of 33 (93.939394%) active bins are populated
per-bin minimum non-zero probability:       2.02518e-22
per-bin maximum probability:                0.250219
per-bin probability dynamic range (kT):     48.5658
per-segment minimum non-zero probability:   5.06295e-23
per-segment maximum non-zero probability:   0.0939166
per-segment probability dynamic range (kT): 48.9722
norm = 1, error in norm = -2.22045e-16 (-1*epsilon)
MAB binning in use
Bottleneck bin occupancy may not be accurately reported
Waiting for segments to complete...
################ MAB stats ################
minima in each dimension:      [11.1585]
maxima in each dimension:      [39.6989]
direction in each dimension:   [-1]
skip in each dimension:        [0]
###########################################
Iteration completed successfully
Iteration wallclock: 0:08:40.219357, cputime: 0:47:28.041099


Thu May  2 20:05:00 2024
Iteration 691 (750 requested)
Beginning iteration 691
124 segments remain in iteration 691 (124 total)
31 of 33 (93.939394%) active bins are populated
per-bin minimum non-zero probability:       2.43528e-21
per-bin maximum probability:                0.205371
per-bin probability dynamic range (kT):     45.8813
per-segment minimum non-zero probability:   6.08819e-22
per-segment maximum non-zero probability:   0.0939166
per-segment probability dynamic range (kT): 46.4852
norm = 1, error in norm = -4.44089e-16 (-2*epsilon)
MAB binning in use
Bottleneck bin occupancy may not be accurately reported
Waiting for segments to complete...
################ MAB stats ################
minima in each dimension:      [11.8282]
maxima in each dimension:      [39.7072]
direction in each dimension:   [-1]
skip in each dimension:        [0]
###########################################
Iteration completed successfully
Iteration wallclock: 0:08:36.388715, cputime: 0:45:40.601055


Thu May  2 20:13:36 2024
Iteration 692 (750 requested)
Beginning iteration 692
124 segments remain in iteration 692 (124 total)
31 of 33 (93.939394%) active bins are populated
per-bin minimum non-zero probability:       6.08819e-22
per-bin maximum probability:                0.209053
per-bin probability dynamic range (kT):     47.2854
per-segment minimum non-zero probability:   1.52205e-22
per-segment maximum non-zero probability:   0.0939166
per-segment probability dynamic range (kT): 47.8715
norm = 1, error in norm = -6.66134e-16 (-3*epsilon)
MAB binning in use
Bottleneck bin occupancy may not be accurately reported
Waiting for segments to complete...
################ MAB stats ################
minima in each dimension:      [11.679]
maxima in each dimension:      [39.4907]
direction in each dimension:   [-1]
skip in each dimension:        [0]
###########################################
Iteration completed successfully
Iteration wallclock: 0:08:47.974750, cputime: 0:45:34.223060


Thu May  2 20:22:24 2024
Iteration 693 (750 requested)
Beginning iteration 693
116 segments remain in iteration 693 (116 total)
29 of 33 (87.878788%) active bins are populated
per-bin minimum non-zero probability:       2.48367e-21
per-bin maximum probability:                0.231262
per-bin probability dynamic range (kT):     45.9803
per-segment minimum non-zero probability:   5.82866e-22
per-segment maximum non-zero probability:   0.0939166
per-segment probability dynamic range (kT): 46.5287
norm = 1, error in norm = -2.22045e-16 (-1*epsilon)
MAB binning in use
Bottleneck bin occupancy may not be accurately reported
Waiting for segments to complete...
################ MAB stats ################
minima in each dimension:      [11.2721]
maxima in each dimension:      [39.7136]
direction in each dimension:   [-1]
skip in each dimension:        [0]
###########################################
Iteration completed successfully
Iteration wallclock: 0:08:04.468323, cputime: 0:43:00.688651


Thu May  2 20:30:29 2024
Iteration 694 (750 requested)
Beginning iteration 694
124 segments remain in iteration 694 (124 total)
31 of 33 (93.939394%) active bins are populated
per-bin minimum non-zero probability:       5.82866e-22
per-bin maximum probability:                0.475541
per-bin probability dynamic range (kT):     48.1508
per-segment minimum non-zero probability:   1.45716e-22
per-segment maximum non-zero probability:   0.136231
per-segment probability dynamic range (kT): 48.287
norm = 1, error in norm = -3.33067e-16 (-1.5*epsilon)
MAB binning in use
Bottleneck bin occupancy may not be accurately reported
Waiting for segments to complete...
################ MAB stats ################
minima in each dimension:      [10.4406]
maxima in each dimension:      [39.3462]
direction in each dimension:   [-1]
skip in each dimension:        [0]
###########################################
Iteration completed successfully
Iteration wallclock: 0:08:31.107733, cputime: 0:46:00.156574


Thu May  2 20:39:00 2024
Iteration 695 (750 requested)
Beginning iteration 695
120 segments remain in iteration 695 (120 total)
30 of 33 (90.909091%) active bins are populated
per-bin minimum non-zero probability:       1.45716e-22
per-bin maximum probability:                0.271067
per-bin probability dynamic range (kT):     48.975
per-segment minimum non-zero probability:   3.64291e-23
per-segment maximum non-zero probability:   0.111357
per-segment probability dynamic range (kT): 49.4717
norm = 1, error in norm = -4.44089e-16 (-2*epsilon)
MAB binning in use
Bottleneck bin occupancy may not be accurately reported
Waiting for segments to complete...
################ MAB stats ################
minima in each dimension:      [10.5702]
maxima in each dimension:      [39.9994]
direction in each dimension:   [-1]
skip in each dimension:        [0]
###########################################
Iteration completed successfully
Iteration wallclock: 0:08:01.300713, cputime: 0:44:39.818632


Thu May  2 20:47:01 2024
Iteration 696 (750 requested)
Beginning iteration 696
120 segments remain in iteration 696 (120 total)
30 of 33 (90.909091%) active bins are populated
per-bin minimum non-zero probability:       3.64291e-23
per-bin maximum probability:                0.24538
per-bin probability dynamic range (kT):     50.2617
per-segment minimum non-zero probability:   9.10728e-24
per-segment maximum non-zero probability:   0.0812292
per-segment probability dynamic range (kT): 50.5425
norm = 1, error in norm = -4.44089e-16 (-2*epsilon)
MAB binning in use
Bottleneck bin occupancy may not be accurately reported
Waiting for segments to complete...
################ MAB stats ################
minima in each dimension:      [9.2927]
maxima in each dimension:      [39.5581]
direction in each dimension:   [-1]
skip in each dimension:        [0]
###########################################
Iteration completed successfully
Iteration wallclock: 0:08:03.819015, cputime: 0:44:33.435329


Thu May  2 20:55:05 2024
Iteration 697 (750 requested)
Beginning iteration 697
128 segments remain in iteration 697 (128 total)
30 of 33 (90.909091%) active bins are populated
per-bin minimum non-zero probability:       9.10728e-24
per-bin maximum probability:                0.411114
per-bin probability dynamic range (kT):     52.1641
per-segment minimum non-zero probability:   2.27682e-24
per-segment maximum non-zero probability:   0.0952783
per-segment probability dynamic range (kT): 52.0883
norm = 1, error in norm = -4.44089e-16 (-2*epsilon)
MAB binning in use
Bottleneck bin occupancy may not be accurately reported
Waiting for segments to complete...
################ MAB stats ################
minima in each dimension:      [10.0398]
maxima in each dimension:      [39.942]
direction in each dimension:   [-1]
skip in each dimension:        [0]
###########################################
Iteration completed successfully
Iteration wallclock: 0:08:39.725788, cputime: 0:46:59.686340


Thu May  2 21:03:45 2024
Iteration 698 (750 requested)
Beginning iteration 698
124 segments remain in iteration 698 (124 total)
32 of 33 (96.969697%) active bins are populated
per-bin minimum non-zero probability:       1.36609e-23
per-bin maximum probability:                0.252961
per-bin probability dynamic range (kT):     51.273
per-segment minimum non-zero probability:   1.51788e-24
per-segment maximum non-zero probability:   0.113813
per-segment probability dynamic range (kT): 52.6715
norm = 1, error in norm = -5.55112e-16 (-2.5*epsilon)
MAB binning in use
Bottleneck bin occupancy may not be accurately reported
Waiting for segments to complete...
################ MAB stats ################
minima in each dimension:      [10.8065]
maxima in each dimension:      [39.0125]
direction in each dimension:   [-1]
skip in each dimension:        [0]
###########################################
Iteration completed successfully
Iteration wallclock: 0:08:36.037331, cputime: 0:45:45.673857


Thu May  2 21:12:21 2024
Iteration 699 (750 requested)
Beginning iteration 699
128 segments remain in iteration 699 (128 total)
32 of 33 (96.969697%) active bins are populated
per-bin minimum non-zero probability:       5.61016e-22
per-bin maximum probability:                0.292729
per-bin probability dynamic range (kT):     47.7038
per-segment minimum non-zero probability:   1.40254e-22
per-segment maximum non-zero probability:   0.0865756
per-segment probability dynamic range (kT): 47.8718
norm = 1, error in norm = -3.33067e-16 (-1.5*epsilon)
MAB binning in use
Bottleneck bin occupancy may not be accurately reported
Waiting for segments to complete...
################ MAB stats ################
minima in each dimension:      [9.9221]
maxima in each dimension:      [39.9689]
direction in each dimension:   [-1]
skip in each dimension:        [0]
###########################################
Iteration completed successfully
Iteration wallclock: 0:08:38.349980, cputime: 0:47:26.900767


Thu May  2 21:20:59 2024
Iteration 700 (750 requested)
Beginning iteration 700
116 segments remain in iteration 700 (116 total)
29 of 33 (87.878788%) active bins are populated
per-bin minimum non-zero probability:       1.40254e-22
per-bin maximum probability:                0.233517
per-bin probability dynamic range (kT):     48.8641
per-segment minimum non-zero probability:   3.50635e-23
per-segment maximum non-zero probability:   0.0758282
per-segment probability dynamic range (kT): 49.1256
norm = 1, error in norm = -2.22045e-16 (-1*epsilon)
MAB binning in use
Bottleneck bin occupancy may not be accurately reported
Waiting for segments to complete...
################ MAB stats ################
minima in each dimension:      [9.5493]
maxima in each dimension:      [39.6737]
direction in each dimension:   [-1]
skip in each dimension:        [0]
###########################################
Iteration completed successfully
Iteration wallclock: 0:07:59.681968, cputime: 0:43:11.116036


Thu May  2 21:28:59 2024
Iteration 701 (750 requested)
Beginning iteration 701
112 segments remain in iteration 701 (112 total)
28 of 33 (84.848485%) active bins are populated
per-bin minimum non-zero probability:       3.50635e-23
per-bin maximum probability:                0.328153
per-bin probability dynamic range (kT):     50.5906
per-segment minimum non-zero probability:   8.76588e-24
per-segment maximum non-zero probability:   0.109277
per-segment probability dynamic range (kT): 50.8773
norm = 1, error in norm = -4.44089e-16 (-2*epsilon)
MAB binning in use
Bottleneck bin occupancy may not be accurately reported
Waiting for segments to complete...
################ MAB stats ################
minima in each dimension:      [9.731]
maxima in each dimension:      [39.6769]
direction in each dimension:   [-1]
skip in each dimension:        [0]
###########################################
Iteration completed successfully
Iteration wallclock: 0:07:31.001323, cputime: 0:41:35.498745


Thu May  2 21:36:30 2024
Iteration 702 (750 requested)
Beginning iteration 702
120 segments remain in iteration 702 (120 total)
30 of 33 (90.909091%) active bins are populated
per-bin minimum non-zero probability:       8.76588e-24
per-bin maximum probability:                0.275882
per-bin probability dynamic range (kT):     51.8034
per-segment minimum non-zero probability:   2.19147e-24
per-segment maximum non-zero probability:   0.0879391
per-segment probability dynamic range (kT): 52.0464
norm = 1, error in norm = -4.44089e-16 (-2*epsilon)
MAB binning in use
Bottleneck bin occupancy may not be accurately reported
Waiting for segments to complete...
################ MAB stats ################
minima in each dimension:      [10.464]
maxima in each dimension:      [39.8201]
direction in each dimension:   [-1]
skip in each dimension:        [0]
###########################################
Iteration completed successfully
Iteration wallclock: 0:08:04.273771, cputime: 0:44:31.360979


Thu May  2 21:44:34 2024
Iteration 703 (750 requested)
Beginning iteration 703
124 segments remain in iteration 703 (124 total)
31 of 33 (93.939394%) active bins are populated
per-bin minimum non-zero probability:       4.38294e-24
per-bin maximum probability:                0.22399
per-bin probability dynamic range (kT):     52.2882
per-segment minimum non-zero probability:   1.09573e-24
per-segment maximum non-zero probability:   0.0758282
per-segment probability dynamic range (kT): 52.5913
norm = 1, error in norm = -3.33067e-16 (-1.5*epsilon)
MAB binning in use
Bottleneck bin occupancy may not be accurately reported
Waiting for segments to complete...
################ MAB stats ################
minima in each dimension:      [10.5732]
maxima in each dimension:      [39.818]
direction in each dimension:   [-1]
skip in each dimension:        [0]
###########################################
Iteration completed successfully
Iteration wallclock: 0:08:39.068514, cputime: 0:45:53.391579


Thu May  2 21:53:13 2024
Iteration 704 (750 requested)
Beginning iteration 704
128 segments remain in iteration 704 (128 total)
31 of 33 (93.939394%) active bins are populated
per-bin minimum non-zero probability:       1.09573e-24
per-bin maximum probability:                0.254183
per-bin probability dynamic range (kT):     53.8009
per-segment minimum non-zero probability:   2.73934e-25
per-segment maximum non-zero probability:   0.122327
per-segment probability dynamic range (kT): 54.4559
norm = 1, error in norm = -3.33067e-16 (-1.5*epsilon)
MAB binning in use
Bottleneck bin occupancy may not be accurately reported
Waiting for segments to complete...
################ MAB stats ################
minima in each dimension:      [9.6532]
maxima in each dimension:      [39.9585]
direction in each dimension:   [-1]
skip in each dimension:        [0]
###########################################
Iteration completed successfully
Iteration wallclock: 0:08:36.202560, cputime: 0:47:25.384752


Thu May  2 22:01:49 2024
Iteration 705 (750 requested)
Beginning iteration 705
124 segments remain in iteration 705 (124 total)
30 of 33 (90.909091%) active bins are populated
per-bin minimum non-zero probability:       1.16594e-21
per-bin maximum probability:                0.290198
per-bin probability dynamic range (kT):     46.9636
per-segment minimum non-zero probability:   2.91484e-22
per-segment maximum non-zero probability:   0.122327
per-segment probability dynamic range (kT): 47.486
norm = 1, error in norm = -4.44089e-16 (-2*epsilon)
MAB binning in use
Bottleneck bin occupancy may not be accurately reported
Waiting for segments to complete...
################ MAB stats ################
minima in each dimension:      [11.5804]
maxima in each dimension:      [39.8446]
direction in each dimension:   [-1]
skip in each dimension:        [0]
###########################################
Iteration completed successfully
Iteration wallclock: 0:08:34.401575, cputime: 0:45:59.529035


Thu May  2 22:10:24 2024
Iteration 706 (750 requested)
Beginning iteration 706
124 segments remain in iteration 706 (124 total)
30 of 33 (90.909091%) active bins are populated
per-bin minimum non-zero probability:       1.60781e-21
per-bin maximum probability:                0.307103
per-bin probability dynamic range (kT):     46.6988
per-segment minimum non-zero probability:   4.01953e-22
per-segment maximum non-zero probability:   0.122327
per-segment probability dynamic range (kT): 47.1646
norm = 1, error in norm = -4.44089e-16 (-2*epsilon)
MAB binning in use
Bottleneck bin occupancy may not be accurately reported
Waiting for segments to complete...
################ MAB stats ################
minima in each dimension:      [11.6732]
maxima in each dimension:      [39.7478]
direction in each dimension:   [-1]
skip in each dimension:        [0]
###########################################
Iteration completed successfully
Iteration wallclock: 0:08:35.039965, cputime: 0:45:54.142697


Thu May  2 22:18:59 2024
Iteration 707 (750 requested)
Beginning iteration 707
124 segments remain in iteration 707 (124 total)
31 of 33 (93.939394%) active bins are populated
per-bin minimum non-zero probability:       1.17924e-21
per-bin maximum probability:                0.307131
per-bin probability dynamic range (kT):     47.0089
per-segment minimum non-zero probability:   2.59097e-22
per-segment maximum non-zero probability:   0.122327
per-segment probability dynamic range (kT): 47.6038
norm = 1, error in norm = -2.22045e-16 (-1*epsilon)
MAB binning in use
Bottleneck bin occupancy may not be accurately reported
Waiting for segments to complete...
################ MAB stats ################
minima in each dimension:      [11.8417]
maxima in each dimension:      [39.9827]
direction in each dimension:   [-1]
skip in each dimension:        [0]
###########################################
Iteration completed successfully
Iteration wallclock: 0:08:32.328885, cputime: 0:46:02.191034


Thu May  2 22:27:31 2024
Iteration 708 (750 requested)
Beginning iteration 708
124 segments remain in iteration 708 (124 total)
31 of 33 (93.939394%) active bins are populated
per-bin minimum non-zero probability:       2.02131e-21
per-bin maximum probability:                0.286724
per-bin probability dynamic range (kT):     46.4013
per-segment minimum non-zero probability:   4.40553e-22
per-segment maximum non-zero probability:   0.122327
per-segment probability dynamic range (kT): 47.073
norm = 1, error in norm = -2.22045e-16 (-1*epsilon)
MAB binning in use
Bottleneck bin occupancy may not be accurately reported
Waiting for segments to complete...
################ MAB stats ################
minima in each dimension:      [11.7034]
maxima in each dimension:      [39.7981]
direction in each dimension:   [-1]
skip in each dimension:        [0]
###########################################
Iteration completed successfully
Iteration wallclock: 0:08:32.525617, cputime: 0:46:01.258181


Thu May  2 22:36:04 2024
Iteration 709 (750 requested)
Beginning iteration 709
132 segments remain in iteration 709 (132 total)
33 of 33 (100.000000%) active bins are populated
per-bin minimum non-zero probability:       8.81107e-22
per-bin maximum probability:                0.416438
per-bin probability dynamic range (kT):     47.6048
per-segment minimum non-zero probability:   2.20277e-22
per-segment maximum non-zero probability:   0.133279
per-segment probability dynamic range (kT): 47.8518
norm = 1, error in norm = -4.44089e-16 (-2*epsilon)
MAB binning in use
Bottleneck bin occupancy may not be accurately reported
Waiting for segments to complete...
################ MAB stats ################
minima in each dimension:      [12.5148]
maxima in each dimension:      [39.5691]
direction in each dimension:   [-1]
skip in each dimension:        [0]
###########################################
Iteration completed successfully
Iteration wallclock: 0:09:01.166847, cputime: 0:49:03.671610


Thu May  2 22:45:05 2024
Iteration 710 (750 requested)
Beginning iteration 710
120 segments remain in iteration 710 (120 total)
30 of 33 (90.909091%) active bins are populated
per-bin minimum non-zero probability:       1.17049e-21
per-bin maximum probability:                0.319882
per-bin probability dynamic range (kT):     47.0571
per-segment minimum non-zero probability:   2.92623e-22
per-segment maximum non-zero probability:   0.0949082
per-segment probability dynamic range (kT): 47.2283
norm = 1, error in norm = -4.44089e-16 (-2*epsilon)
MAB binning in use
Bottleneck bin occupancy may not be accurately reported
Waiting for segments to complete...
################ MAB stats ################
minima in each dimension:      [10.6125]
maxima in each dimension:      [39.9972]
direction in each dimension:   [-1]
skip in each dimension:        [0]
###########################################
Iteration completed successfully
Iteration wallclock: 0:08:03.382573, cputime: 0:44:25.200717


Thu May  2 22:53:08 2024
Iteration 711 (750 requested)
Beginning iteration 711
120 segments remain in iteration 711 (120 total)
30 of 33 (90.909091%) active bins are populated
per-bin minimum non-zero probability:       2.1567e-21
per-bin maximum probability:                0.288664
per-bin probability dynamic range (kT):     46.3432
per-segment minimum non-zero probability:   2.92623e-22
per-segment maximum non-zero probability:   0.0917014
per-segment probability dynamic range (kT): 47.1939
norm = 1, error in norm = -3.33067e-16 (-1.5*epsilon)
MAB binning in use
Bottleneck bin occupancy may not be accurately reported
Waiting for segments to complete...
################ MAB stats ################
minima in each dimension:      [9.4769]
maxima in each dimension:      [39.932]
direction in each dimension:   [-1]
skip in each dimension:        [0]
###########################################
Iteration completed successfully
Iteration wallclock: 0:08:01.171776, cputime: 0:44:34.519822


Thu May  2 23:01:09 2024
Iteration 712 (750 requested)
Beginning iteration 712
120 segments remain in iteration 712 (120 total)
30 of 33 (90.909091%) active bins are populated
per-bin minimum non-zero probability:       5.39175e-22
per-bin maximum probability:                0.219469
per-bin probability dynamic range (kT):     47.4555
per-segment minimum non-zero probability:   1.34794e-22
per-segment maximum non-zero probability:   0.0917014
per-segment probability dynamic range (kT): 47.9691
norm = 1, error in norm = -4.44089e-16 (-2*epsilon)
MAB binning in use
Bottleneck bin occupancy may not be accurately reported
Waiting for segments to complete...
################ MAB stats ################
minima in each dimension:      [9.8678]
maxima in each dimension:      [39.5728]
direction in each dimension:   [-1]
skip in each dimension:        [0]
###########################################
Iteration completed successfully
Iteration wallclock: 0:08:05.402649, cputime: 0:44:23.978986


Thu May  2 23:09:15 2024
Iteration 713 (750 requested)
Beginning iteration 713
120 segments remain in iteration 713 (120 total)
30 of 33 (90.909091%) active bins are populated
per-bin minimum non-zero probability:       4.04382e-22
per-bin maximum probability:                0.283117
per-bin probability dynamic range (kT):     47.9978
per-segment minimum non-zero probability:   8.98626e-23
per-segment maximum non-zero probability:   0.0869272
per-segment probability dynamic range (kT): 48.3211
norm = 1, error in norm = -4.44089e-16 (-2*epsilon)
MAB binning in use
Bottleneck bin occupancy may not be accurately reported
Waiting for segments to complete...
################ MAB stats ################
minima in each dimension:      [10.8066]
maxima in each dimension:      [39.4752]
direction in each dimension:   [-1]
skip in each dimension:        [0]
###########################################
Iteration completed successfully
Iteration wallclock: 0:08:03.097657, cputime: 0:44:31.687140


Thu May  2 23:17:18 2024
Iteration 714 (750 requested)
Beginning iteration 714
124 segments remain in iteration 714 (124 total)
30 of 33 (90.909091%) active bins are populated
per-bin minimum non-zero probability:       8.98626e-23
per-bin maximum probability:                0.218656
per-bin probability dynamic range (kT):     49.2435
per-segment minimum non-zero probability:   2.24656e-23
per-segment maximum non-zero probability:   0.0869272
per-segment probability dynamic range (kT): 49.7074
norm = 1, error in norm = -5.55112e-16 (-2.5*epsilon)
MAB binning in use
Bottleneck bin occupancy may not be accurately reported
Waiting for segments to complete...
################ MAB stats ################
minima in each dimension:      [10.9475]
maxima in each dimension:      [39.4326]
direction in each dimension:   [-1]
skip in each dimension:        [0]
###########################################
Iteration completed successfully
Iteration wallclock: 0:08:36.267912, cputime: 0:45:47.416896


Thu May  2 23:25:54 2024
Iteration 715 (750 requested)
Beginning iteration 715
132 segments remain in iteration 715 (132 total)
33 of 33 (100.000000%) active bins are populated
per-bin minimum non-zero probability:       1.46703e-20
per-bin maximum probability:                0.277235
per-bin probability dynamic range (kT):     44.3856
per-segment minimum non-zero probability:   3.60288e-21
per-segment maximum non-zero probability:   0.0938925
per-segment probability dynamic range (kT): 44.7069
norm = 1, error in norm = -4.44089e-16 (-2*epsilon)
MAB binning in use
Bottleneck bin occupancy may not be accurately reported
Waiting for segments to complete...
################ MAB stats ################
minima in each dimension:      [10.8958]
maxima in each dimension:      [39.815]
direction in each dimension:   [-1]
skip in each dimension:        [0]
###########################################
Iteration completed successfully
Iteration wallclock: 0:09:04.009753, cputime: 0:48:51.373316


Thu May  2 23:34:58 2024
Iteration 716 (750 requested)
Beginning iteration 716
132 segments remain in iteration 716 (132 total)
33 of 33 (100.000000%) active bins are populated
per-bin minimum non-zero probability:       7.46449e-21
per-bin maximum probability:                0.223723
per-bin probability dynamic range (kT):     44.8468
per-segment minimum non-zero probability:   1.2872e-21
per-segment maximum non-zero probability:   0.0869272
per-segment probability dynamic range (kT): 45.6591
norm = 1, error in norm = -4.44089e-16 (-2*epsilon)
MAB binning in use
Bottleneck bin occupancy may not be accurately reported
Waiting for segments to complete...
################ MAB stats ################
minima in each dimension:      [9.0654]
maxima in each dimension:      [39.3381]
direction in each dimension:   [-1]
skip in each dimension:        [0]
###########################################
Iteration completed successfully
Iteration wallclock: 0:09:05.294390, cputime: 0:48:53.951508


Thu May  2 23:44:03 2024
Iteration 717 (750 requested)
Beginning iteration 717
120 segments remain in iteration 717 (120 total)
30 of 33 (90.909091%) active bins are populated
per-bin minimum non-zero probability:       1.2872e-21
per-bin maximum probability:                0.269017
per-bin probability dynamic range (kT):     46.7888
per-segment minimum non-zero probability:   3.21801e-22
per-segment maximum non-zero probability:   0.0869272
per-segment probability dynamic range (kT): 47.0454
norm = 1, error in norm = -4.44089e-16 (-2*epsilon)
MAB binning in use
Bottleneck bin occupancy may not be accurately reported
Waiting for segments to complete...
################ MAB stats ################
minima in each dimension:      [10.8353]
maxima in each dimension:      [39.3639]
direction in each dimension:   [-1]
skip in each dimension:        [0]
###########################################
Iteration completed successfully
Iteration wallclock: 0:08:05.465775, cputime: 0:44:33.204530


Thu May  2 23:52:09 2024
Iteration 718 (750 requested)
Beginning iteration 718
128 segments remain in iteration 718 (128 total)
32 of 33 (96.969697%) active bins are populated
per-bin minimum non-zero probability:       3.90425e-21
per-bin maximum probability:                0.24779
per-bin probability dynamic range (kT):     45.597
per-segment minimum non-zero probability:   8.04501e-23
per-segment maximum non-zero probability:   0.0869272
per-segment probability dynamic range (kT): 48.4317
norm = 1, error in norm = -3.33067e-16 (-1.5*epsilon)
MAB binning in use
Bottleneck bin occupancy may not be accurately reported
Waiting for segments to complete...
################ MAB stats ################
minima in each dimension:      [10.4925]
maxima in each dimension:      [39.9515]
direction in each dimension:   [-1]
skip in each dimension:        [0]
###########################################
Iteration completed successfully
Iteration wallclock: 0:08:36.356478, cputime: 0:47:22.666653


Fri May  3 00:00:45 2024
Iteration 719 (750 requested)
Beginning iteration 719
124 segments remain in iteration 719 (124 total)
31 of 33 (93.939394%) active bins are populated
per-bin minimum non-zero probability:       9.76063e-22
per-bin maximum probability:                0.237887
per-bin probability dynamic range (kT):     46.9426
per-segment minimum non-zero probability:   2.44016e-22
per-segment maximum non-zero probability:   0.0869272
per-segment probability dynamic range (kT): 47.3221
norm = 1, error in norm = -2.22045e-16 (-1*epsilon)
MAB binning in use
Bottleneck bin occupancy may not be accurately reported
Waiting for segments to complete...
################ MAB stats ################
minima in each dimension:      [10.5119]
maxima in each dimension:      [39.9463]
direction in each dimension:   [-1]
skip in each dimension:        [0]
###########################################
Iteration completed successfully
Iteration wallclock: 0:08:34.560718, cputime: 0:45:50.142314


Fri May  3 00:09:20 2024
Iteration 720 (750 requested)
Beginning iteration 720
120 segments remain in iteration 720 (120 total)
30 of 33 (90.909091%) active bins are populated
per-bin minimum non-zero probability:       2.44016e-22
per-bin maximum probability:                0.285001
per-bin probability dynamic range (kT):     48.5095
per-segment minimum non-zero probability:   6.1004e-23
per-segment maximum non-zero probability:   0.0869272
per-segment probability dynamic range (kT): 48.7084
norm = 1, error in norm = -4.44089e-16 (-2*epsilon)
MAB binning in use
Bottleneck bin occupancy may not be accurately reported
Waiting for segments to complete...
################ MAB stats ################
minima in each dimension:      [10.4827]
maxima in each dimension:      [39.7186]
direction in each dimension:   [-1]
skip in each dimension:        [0]
###########################################
Iteration completed successfully
Iteration wallclock: 0:08:03.788418, cputime: 0:44:38.471807


Fri May  3 00:17:24 2024
Iteration 721 (750 requested)
Beginning iteration 721
124 segments remain in iteration 721 (124 total)
31 of 33 (93.939394%) active bins are populated
per-bin minimum non-zero probability:       3.52527e-21
per-bin maximum probability:                0.240115
per-bin probability dynamic range (kT):     45.6677
per-segment minimum non-zero probability:   8.81318e-22
per-segment maximum non-zero probability:   0.0869272
per-segment probability dynamic range (kT): 46.0379
norm = 1, error in norm = -2.22045e-16 (-1*epsilon)
MAB binning in use
Bottleneck bin occupancy may not be accurately reported
Waiting for segments to complete...
################ MAB stats ################
minima in each dimension:      [10.9243]
maxima in each dimension:      [39.3948]
direction in each dimension:   [-1]
skip in each dimension:        [0]
###########################################
Iteration completed successfully
Iteration wallclock: 0:08:34.012154, cputime: 0:46:06.737223


Fri May  3 00:25:58 2024
Iteration 722 (750 requested)
Beginning iteration 722
128 segments remain in iteration 722 (128 total)
32 of 33 (96.969697%) active bins are populated
per-bin minimum non-zero probability:       8.81318e-22
per-bin maximum probability:                0.282041
per-bin probability dynamic range (kT):     47.2149
per-segment minimum non-zero probability:   2.20329e-22
per-segment maximum non-zero probability:   0.0869272
per-segment probability dynamic range (kT): 47.4242
norm = 1, error in norm = -4.44089e-16 (-2*epsilon)
MAB binning in use
Bottleneck bin occupancy may not be accurately reported
Waiting for segments to complete...
################ MAB stats ################
minima in each dimension:      [10.9377]
maxima in each dimension:      [39.7146]
direction in each dimension:   [-1]
skip in each dimension:        [0]
###########################################
Iteration completed successfully
Iteration wallclock: 0:08:41.446253, cputime: 0:47:14.209851


Fri May  3 00:34:39 2024
Iteration 723 (750 requested)
Beginning iteration 723
128 segments remain in iteration 723 (128 total)
32 of 33 (96.969697%) active bins are populated
per-bin minimum non-zero probability:       8.81318e-22
per-bin maximum probability:                0.301884
per-bin probability dynamic range (kT):     47.2829
per-segment minimum non-zero probability:   2.20329e-22
per-segment maximum non-zero probability:   0.0970327
per-segment probability dynamic range (kT): 47.5342
norm = 1, error in norm = -4.44089e-16 (-2*epsilon)
MAB binning in use
Bottleneck bin occupancy may not be accurately reported
Waiting for segments to complete...
################ MAB stats ################
minima in each dimension:      [11.5029]
maxima in each dimension:      [39.8689]
direction in each dimension:   [-1]
skip in each dimension:        [0]
###########################################
Iteration completed successfully
Iteration wallclock: 0:08:34.493215, cputime: 0:47:36.290331


Fri May  3 00:43:14 2024
Iteration 724 (750 requested)
Beginning iteration 724
132 segments remain in iteration 724 (132 total)
33 of 33 (100.000000%) active bins are populated
per-bin minimum non-zero probability:       2.20329e-22
per-bin maximum probability:                0.264917
per-bin probability dynamic range (kT):     48.5386
per-segment minimum non-zero probability:   5.50824e-23
per-segment maximum non-zero probability:   0.0970327
per-segment probability dynamic range (kT): 48.9205
norm = 1, error in norm = -5.55112e-16 (-2.5*epsilon)
MAB binning in use
Bottleneck bin occupancy may not be accurately reported
Waiting for segments to complete...
################ MAB stats ################
minima in each dimension:      [11.3477]
maxima in each dimension:      [39.5468]
direction in each dimension:   [-1]
skip in each dimension:        [0]
###########################################
Iteration completed successfully
Iteration wallclock: 0:09:05.297144, cputime: 0:48:55.955622


Fri May  3 00:52:19 2024
Iteration 725 (750 requested)
Beginning iteration 725
124 segments remain in iteration 725 (124 total)
31 of 33 (93.939394%) active bins are populated
per-bin minimum non-zero probability:       2.75412e-22
per-bin maximum probability:                0.306227
per-bin probability dynamic range (kT):     48.4603
per-segment minimum non-zero probability:   5.50824e-23
per-segment maximum non-zero probability:   0.0970327
per-segment probability dynamic range (kT): 48.9205
norm = 1, error in norm = -3.33067e-16 (-1.5*epsilon)
MAB binning in use
Bottleneck bin occupancy may not be accurately reported
Waiting for segments to complete...
################ MAB stats ################
minima in each dimension:      [10.557]
maxima in each dimension:      [39.8137]
direction in each dimension:   [-1]
skip in each dimension:        [0]
###########################################
Iteration completed successfully
Iteration wallclock: 0:08:32.760325, cputime: 0:45:49.564990


Fri May  3 01:00:52 2024
Iteration 726 (750 requested)
Beginning iteration 726
132 segments remain in iteration 726 (132 total)
33 of 33 (100.000000%) active bins are populated
per-bin minimum non-zero probability:       1.65247e-22
per-bin maximum probability:                0.289104
per-bin probability dynamic range (kT):     48.9136
per-segment minimum non-zero probability:   3.67216e-23
per-segment maximum non-zero probability:   0.0970327
per-segment probability dynamic range (kT): 49.326
norm = 1, error in norm = -4.44089e-16 (-2*epsilon)
MAB binning in use
Bottleneck bin occupancy may not be accurately reported
Waiting for segments to complete...
################ MAB stats ################
minima in each dimension:      [11.9876]
maxima in each dimension:      [39.5996]
direction in each dimension:   [-1]
skip in each dimension:        [0]
###########################################
Iteration completed successfully
Iteration wallclock: 0:09:03.856540, cputime: 0:49:03.557785


Fri May  3 01:09:56 2024
Iteration 727 (750 requested)
Beginning iteration 727
124 segments remain in iteration 727 (124 total)
31 of 33 (93.939394%) active bins are populated
per-bin minimum non-zero probability:       3.67216e-23
per-bin maximum probability:                0.334648
per-bin probability dynamic range (kT):     50.564
per-segment minimum non-zero probability:   9.18039e-24
per-segment maximum non-zero probability:   0.105322
per-segment probability dynamic range (kT): 50.7942
norm = 1, error in norm = -4.44089e-16 (-2*epsilon)
MAB binning in use
Bottleneck bin occupancy may not be accurately reported
Waiting for segments to complete...
################ MAB stats ################
minima in each dimension:      [11.4191]
maxima in each dimension:      [39.9906]
direction in each dimension:   [-1]
skip in each dimension:        [0]
###########################################
Iteration completed successfully
Iteration wallclock: 0:08:34.314039, cputime: 0:45:54.968786


Fri May  3 01:18:30 2024
Iteration 728 (750 requested)
Beginning iteration 728
128 segments remain in iteration 728 (128 total)
31 of 33 (93.939394%) active bins are populated
per-bin minimum non-zero probability:       1.83608e-23
per-bin maximum probability:                0.191225
per-bin probability dynamic range (kT):     50.6975
per-segment minimum non-zero probability:   4.5902e-24
per-segment maximum non-zero probability:   0.0841106
per-segment probability dynamic range (kT): 51.2625
norm = 1, error in norm = -4.44089e-16 (-2*epsilon)
MAB binning in use
Bottleneck bin occupancy may not be accurately reported
Waiting for segments to complete...
################ MAB stats ################
minima in each dimension:      [12.5734]
maxima in each dimension:      [39.6184]
direction in each dimension:   [-1]
skip in each dimension:        [0]
###########################################
Iteration completed successfully
Iteration wallclock: 0:08:36.298543, cputime: 0:47:33.184912


Fri May  3 01:27:06 2024
Iteration 729 (750 requested)
Beginning iteration 729
132 segments remain in iteration 729 (132 total)
33 of 33 (100.000000%) active bins are populated
per-bin minimum non-zero probability:       4.5902e-24
per-bin maximum probability:                0.235623
per-bin probability dynamic range (kT):     52.2926
per-segment minimum non-zero probability:   1.14755e-24
per-segment maximum non-zero probability:   0.0841106
per-segment probability dynamic range (kT): 52.6488
norm = 1, error in norm = -1.11022e-16 (-0.5*epsilon)
MAB binning in use
Bottleneck bin occupancy may not be accurately reported
Waiting for segments to complete...
################ MAB stats ################
minima in each dimension:      [11.6188]
maxima in each dimension:      [39.7931]
direction in each dimension:   [-1]
skip in each dimension:        [0]
###########################################
Iteration completed successfully
Iteration wallclock: 0:09:06.920789, cputime: 0:49:03.691288


Fri May  3 01:36:13 2024
Iteration 730 (750 requested)
Beginning iteration 730
128 segments remain in iteration 730 (128 total)
32 of 33 (96.969697%) active bins are populated
per-bin minimum non-zero probability:       6.58192e-23
per-bin maximum probability:                0.216994
per-bin probability dynamic range (kT):     49.5472
per-segment minimum non-zero probability:   1.14755e-24
per-segment maximum non-zero probability:   0.0841106
per-segment probability dynamic range (kT): 52.6488
norm = 1, error in norm = -2.22045e-16 (-1*epsilon)
MAB binning in use
Bottleneck bin occupancy may not be accurately reported
Waiting for segments to complete...
################ MAB stats ################
minima in each dimension:      [11.9429]
maxima in each dimension:      [39.3501]
direction in each dimension:   [-1]
skip in each dimension:        [0]
###########################################
Iteration completed successfully
Iteration wallclock: 0:08:37.799363, cputime: 0:47:33.675517


Fri May  3 01:44:51 2024
Iteration 731 (750 requested)
Beginning iteration 731
128 segments remain in iteration 731 (128 total)
32 of 33 (96.969697%) active bins are populated
per-bin minimum non-zero probability:       3.1762e-23
per-bin maximum probability:                0.265695
per-bin probability dynamic range (kT):     50.4784
per-segment minimum non-zero probability:   7.94051e-24
per-segment maximum non-zero probability:   0.0841106
per-segment probability dynamic range (kT): 50.7144
norm = 1, error in norm = -4.44089e-16 (-2*epsilon)
MAB binning in use
Bottleneck bin occupancy may not be accurately reported
Waiting for segments to complete...
################ MAB stats ################
minima in each dimension:      [10.7229]
maxima in each dimension:      [39.9018]
direction in each dimension:   [-1]
skip in each dimension:        [0]
###########################################
Iteration completed successfully
Iteration wallclock: 0:08:33.481005, cputime: 0:47:38.953065


Fri May  3 01:53:24 2024
Iteration 732 (750 requested)
Beginning iteration 732
128 segments remain in iteration 732 (128 total)
32 of 33 (96.969697%) active bins are populated
per-bin minimum non-zero probability:       7.94051e-24
per-bin maximum probability:                0.302026
per-bin probability dynamic range (kT):     51.9928
per-segment minimum non-zero probability:   1.98513e-24
per-segment maximum non-zero probability:   0.0861591
per-segment probability dynamic range (kT): 52.1248
norm = 1, error in norm = -4.44089e-16 (-2*epsilon)
MAB binning in use
Bottleneck bin occupancy may not be accurately reported
Waiting for segments to complete...
################ MAB stats ################
minima in each dimension:      [11.1195]
maxima in each dimension:      [39.7348]
direction in each dimension:   [-1]
skip in each dimension:        [0]
###########################################
Iteration completed successfully
Iteration wallclock: 0:08:41.910707, cputime: 0:47:16.821383


Fri May  3 02:02:06 2024
Iteration 733 (750 requested)
Beginning iteration 733
132 segments remain in iteration 733 (132 total)
33 of 33 (100.000000%) active bins are populated
per-bin minimum non-zero probability:       3.06838e-22
per-bin maximum probability:                0.343703
per-bin probability dynamic range (kT):     48.4677
per-segment minimum non-zero probability:   7.67095e-23
per-segment maximum non-zero probability:   0.0984321
per-segment probability dynamic range (kT): 48.6036
norm = 1, error in norm = -6.66134e-16 (-3*epsilon)
MAB binning in use
Bottleneck bin occupancy may not be accurately reported
Waiting for segments to complete...
################ MAB stats ################
minima in each dimension:      [11.1729]
maxima in each dimension:      [39.4834]
direction in each dimension:   [-1]
skip in each dimension:        [0]
###########################################
Iteration completed successfully
Iteration wallclock: 0:09:07.062463, cputime: 0:48:58.809837


Fri May  3 02:11:13 2024
Iteration 734 (750 requested)
Beginning iteration 734
128 segments remain in iteration 734 (128 total)
32 of 33 (96.969697%) active bins are populated
per-bin minimum non-zero probability:       7.67095e-22
per-bin maximum probability:                0.197949
per-bin probability dynamic range (kT):     46.9997
per-segment minimum non-zero probability:   1.53419e-22
per-segment maximum non-zero probability:   0.0984321
per-segment probability dynamic range (kT): 47.9105
norm = 1, error in norm = -3.33067e-16 (-1.5*epsilon)
MAB binning in use
Bottleneck bin occupancy may not be accurately reported
Waiting for segments to complete...
################ MAB stats ################
minima in each dimension:      [10.9817]
maxima in each dimension:      [39.4682]
direction in each dimension:   [-1]
skip in each dimension:        [0]
###########################################
Iteration completed successfully
Iteration wallclock: 0:08:34.115273, cputime: 0:47:32.498827


Fri May  3 02:19:47 2024
Iteration 735 (750 requested)
Beginning iteration 735
132 segments remain in iteration 735 (132 total)
33 of 33 (100.000000%) active bins are populated
per-bin minimum non-zero probability:       5.43065e-22
per-bin maximum probability:                0.308722
per-bin probability dynamic range (kT):     47.7895
per-segment minimum non-zero probability:   1.35766e-22
per-segment maximum non-zero probability:   0.0917066
per-segment probability dynamic range (kT): 47.9619
norm = 1, error in norm = -4.44089e-16 (-2*epsilon)
MAB binning in use
Bottleneck bin occupancy may not be accurately reported
Waiting for segments to complete...
################ MAB stats ################
minima in each dimension:      [11.6579]
maxima in each dimension:      [39.7129]
direction in each dimension:   [-1]
skip in each dimension:        [0]
###########################################
Iteration completed successfully
Iteration wallclock: 0:09:06.108613, cputime: 0:48:58.148712


Fri May  3 02:28:54 2024
Iteration 736 (750 requested)
Beginning iteration 736
128 segments remain in iteration 736 (128 total)
32 of 33 (96.969697%) active bins are populated
per-bin minimum non-zero probability:       1.35766e-22
per-bin maximum probability:                0.278576
per-bin probability dynamic range (kT):     49.073
per-segment minimum non-zero probability:   3.39416e-23
per-segment maximum non-zero probability:   0.0917066
per-segment probability dynamic range (kT): 49.3482
norm = 1, error in norm = -3.33067e-16 (-1.5*epsilon)
MAB binning in use
Bottleneck bin occupancy may not be accurately reported
Waiting for segments to complete...
################ MAB stats ################
minima in each dimension:      [11.6923]
maxima in each dimension:      [39.3077]
direction in each dimension:   [-1]
skip in each dimension:        [0]
###########################################
Iteration completed successfully
Iteration wallclock: 0:08:34.249960, cputime: 0:47:37.965100


Fri May  3 02:37:28 2024
Iteration 737 (750 requested)
Beginning iteration 737
124 segments remain in iteration 737 (124 total)
31 of 33 (93.939394%) active bins are populated
per-bin minimum non-zero probability:       6.10789e-22
per-bin maximum probability:                0.275388
per-bin probability dynamic range (kT):     47.5577
per-segment minimum non-zero probability:   1.52697e-22
per-segment maximum non-zero probability:   0.0917066
per-segment probability dynamic range (kT): 47.8444
norm = 1, error in norm = -3.33067e-16 (-1.5*epsilon)
MAB binning in use
Bottleneck bin occupancy may not be accurately reported
Waiting for segments to complete...
################ MAB stats ################
minima in each dimension:      [11.411]
maxima in each dimension:      [39.643]
direction in each dimension:   [-1]
skip in each dimension:        [0]
###########################################
Iteration completed successfully
Iteration wallclock: 0:08:38.696918, cputime: 0:45:40.951638


Fri May  3 02:46:07 2024
Iteration 738 (750 requested)
Beginning iteration 738
124 segments remain in iteration 738 (124 total)
29 of 33 (87.878788%) active bins are populated
per-bin minimum non-zero probability:       3.15141e-21
per-bin maximum probability:                0.214936
per-bin probability dynamic range (kT):     45.669
per-segment minimum non-zero probability:   7.46582e-22
per-segment maximum non-zero probability:   0.0917066
per-segment probability dynamic range (kT): 46.2574
norm = 1, error in norm = -4.44089e-16 (-2*epsilon)
MAB binning in use
Bottleneck bin occupancy may not be accurately reported
Waiting for segments to complete...
################ MAB stats ################
minima in each dimension:      [11.4399]
maxima in each dimension:      [39.5409]
direction in each dimension:   [-1]
skip in each dimension:        [0]
###########################################
Iteration completed successfully
Iteration wallclock: 0:08:36.723698, cputime: 0:46:01.158605


Fri May  3 02:54:43 2024
Iteration 739 (750 requested)
Beginning iteration 739
124 segments remain in iteration 739 (124 total)
31 of 33 (93.939394%) active bins are populated
per-bin minimum non-zero probability:       1.05047e-21
per-bin maximum probability:                0.351173
per-bin probability dynamic range (kT):     47.2586
per-segment minimum non-zero probability:   2.62618e-22
per-segment maximum non-zero probability:   0.0940661
per-segment probability dynamic range (kT): 47.3276
norm = 1, error in norm = -2.22045e-16 (-1*epsilon)
MAB binning in use
Bottleneck bin occupancy may not be accurately reported
Waiting for segments to complete...
################ MAB stats ################
minima in each dimension:      [10.8395]
maxima in each dimension:      [39.228]
direction in each dimension:   [-1]
skip in each dimension:        [0]
###########################################
Iteration completed successfully
Iteration wallclock: 0:08:34.586656, cputime: 0:46:05.532618


Fri May  3 03:03:18 2024
Iteration 740 (750 requested)
Beginning iteration 740
128 segments remain in iteration 740 (128 total)
32 of 33 (96.969697%) active bins are populated
per-bin minimum non-zero probability:       5.25235e-22
per-bin maximum probability:                0.297423
per-bin probability dynamic range (kT):     47.7856
per-segment minimum non-zero probability:   1.31309e-22
per-segment maximum non-zero probability:   0.0957651
per-segment probability dynamic range (kT): 48.0386
norm = 1, error in norm = -3.33067e-16 (-1.5*epsilon)
MAB binning in use
Bottleneck bin occupancy may not be accurately reported
Waiting for segments to complete...
################ MAB stats ################
minima in each dimension:      [11.7363]
maxima in each dimension:      [39.603]
direction in each dimension:   [-1]
skip in each dimension:        [0]
###########################################
Iteration completed successfully
Iteration wallclock: 0:08:36.594404, cputime: 0:47:33.816889


Fri May  3 03:11:54 2024
Iteration 741 (750 requested)
Beginning iteration 741
132 segments remain in iteration 741 (132 total)
33 of 33 (100.000000%) active bins are populated
per-bin minimum non-zero probability:       5.61147e-22
per-bin maximum probability:                0.243109
per-bin probability dynamic range (kT):     47.5178
per-segment minimum non-zero probability:   9.95097e-23
per-segment maximum non-zero probability:   0.0957651
per-segment probability dynamic range (kT): 48.3159
norm = 1, error in norm = -4.44089e-16 (-2*epsilon)
MAB binning in use
Bottleneck bin occupancy may not be accurately reported
Waiting for segments to complete...
################ MAB stats ################
minima in each dimension:      [12.388]
maxima in each dimension:      [39.9246]
direction in each dimension:   [-1]
skip in each dimension:        [0]
###########################################
Iteration completed successfully
Iteration wallclock: 0:09:07.441476, cputime: 0:49:07.208576


Fri May  3 03:21:02 2024
Iteration 742 (750 requested)
Beginning iteration 742
124 segments remain in iteration 742 (124 total)
31 of 33 (93.939394%) active bins are populated
per-bin minimum non-zero probability:       2.48774e-22
per-bin maximum probability:                0.324682
per-bin probability dynamic range (kT):     48.6206
per-segment minimum non-zero probability:   4.97549e-23
per-segment maximum non-zero probability:   0.0957651
per-segment probability dynamic range (kT): 49.0091
norm = 1, error in norm = -2.22045e-16 (-1*epsilon)
MAB binning in use
Bottleneck bin occupancy may not be accurately reported
Waiting for segments to complete...
################ MAB stats ################
minima in each dimension:      [10.3942]
maxima in each dimension:      [38.7079]
direction in each dimension:   [-1]
skip in each dimension:        [0]
###########################################
Iteration completed successfully
Iteration wallclock: 0:08:35.383750, cputime: 0:46:12.853267


Fri May  3 03:29:37 2024
Iteration 743 (750 requested)
Beginning iteration 743
124 segments remain in iteration 743 (124 total)
31 of 33 (93.939394%) active bins are populated
per-bin minimum non-zero probability:       4.97549e-23
per-bin maximum probability:                0.294331
per-bin probability dynamic range (kT):     50.1319
per-segment minimum non-zero probability:   1.24387e-23
per-segment maximum non-zero probability:   0.0898608
per-segment probability dynamic range (kT): 50.3317
norm = 1, error in norm = -4.44089e-16 (-2*epsilon)
MAB binning in use
Bottleneck bin occupancy may not be accurately reported
Waiting for segments to complete...
################ MAB stats ################
minima in each dimension:      [11.3324]
maxima in each dimension:      [38.9072]
direction in each dimension:   [-1]
skip in each dimension:        [0]
###########################################
Iteration completed successfully
Iteration wallclock: 0:08:37.123420, cputime: 0:45:49.051676


Fri May  3 03:38:14 2024
Iteration 744 (750 requested)
Beginning iteration 744
120 segments remain in iteration 744 (120 total)
30 of 33 (90.909091%) active bins are populated
per-bin minimum non-zero probability:       2.48774e-23
per-bin maximum probability:                0.222509
per-bin probability dynamic range (kT):     50.5453
per-segment minimum non-zero probability:   6.21936e-24
per-segment maximum non-zero probability:   0.0865703
per-segment probability dynamic range (kT): 50.9876
norm = 1, error in norm = -3.33067e-16 (-1.5*epsilon)
MAB binning in use
Bottleneck bin occupancy may not be accurately reported
Waiting for segments to complete...
################ MAB stats ################
minima in each dimension:      [11.409]
maxima in each dimension:      [39.3256]
direction in each dimension:   [-1]
skip in each dimension:        [0]
###########################################
Iteration completed successfully
Iteration wallclock: 0:08:06.221020, cputime: 0:44:41.649764


Fri May  3 03:46:21 2024
Iteration 745 (750 requested)
Beginning iteration 745
132 segments remain in iteration 745 (132 total)
33 of 33 (100.000000%) active bins are populated
per-bin minimum non-zero probability:       1.24387e-23
per-bin maximum probability:                0.295487
per-bin probability dynamic range (kT):     51.5221
per-segment minimum non-zero probability:   3.10968e-24
per-segment maximum non-zero probability:   0.0984458
per-segment probability dynamic range (kT): 51.8093
norm = 1, error in norm = -4.44089e-16 (-2*epsilon)
MAB binning in use
Bottleneck bin occupancy may not be accurately reported
Waiting for segments to complete...
################ MAB stats ################
minima in each dimension:      [11.3258]
maxima in each dimension:      [39.2242]
direction in each dimension:   [-1]
skip in each dimension:        [0]
###########################################
Iteration completed successfully
Iteration wallclock: 0:09:05.852684, cputime: 0:49:05.882039


Fri May  3 03:55:26 2024
Iteration 746 (750 requested)
Beginning iteration 746
124 segments remain in iteration 746 (124 total)
30 of 33 (90.909091%) active bins are populated
per-bin minimum non-zero probability:       1.24387e-23
per-bin maximum probability:                0.316996
per-bin probability dynamic range (kT):     51.5924
per-segment minimum non-zero probability:   3.10968e-24
per-segment maximum non-zero probability:   0.0984458
per-segment probability dynamic range (kT): 51.8093
norm = 1, error in norm = -5.55112e-16 (-2.5*epsilon)
MAB binning in use
Bottleneck bin occupancy may not be accurately reported
Waiting for segments to complete...
################ MAB stats ################
minima in each dimension:      [11.9957]
maxima in each dimension:      [39.8855]
direction in each dimension:   [-1]
skip in each dimension:        [0]
###########################################
Iteration completed successfully
Iteration wallclock: 0:08:37.084774, cputime: 0:46:00.782258


Fri May  3 04:04:04 2024
Iteration 747 (750 requested)
Beginning iteration 747
132 segments remain in iteration 747 (132 total)
33 of 33 (100.000000%) active bins are populated
per-bin minimum non-zero probability:       1.49208e-21
per-bin maximum probability:                0.308657
per-bin probability dynamic range (kT):     46.7786
per-segment minimum non-zero probability:   1.24387e-23
per-segment maximum non-zero probability:   0.0955461
per-segment probability dynamic range (kT): 50.3931
norm = 1, error in norm = -2.22045e-16 (-1*epsilon)
MAB binning in use
Bottleneck bin occupancy may not be accurately reported
Waiting for segments to complete...
################ MAB stats ################
minima in each dimension:      [11.7286]
maxima in each dimension:      [39.9749]
direction in each dimension:   [-1]
skip in each dimension:        [0]
###########################################
Iteration completed successfully
Iteration wallclock: 0:09:06.472417, cputime: 0:49:00.238473


Fri May  3 04:13:10 2024
Iteration 748 (750 requested)
Beginning iteration 748
120 segments remain in iteration 748 (120 total)
30 of 33 (90.909091%) active bins are populated
per-bin minimum non-zero probability:       7.36713e-22
per-bin maximum probability:                0.247852
per-bin probability dynamic range (kT):     47.2649
per-segment minimum non-zero probability:   1.84178e-22
per-segment maximum non-zero probability:   0.0881249
per-segment probability dynamic range (kT): 47.6171
norm = 1, error in norm = -3.33067e-16 (-1.5*epsilon)
MAB binning in use
Bottleneck bin occupancy may not be accurately reported
Waiting for segments to complete...
################ MAB stats ################
minima in each dimension:      [11.0896]
maxima in each dimension:      [39.8298]
direction in each dimension:   [-1]
skip in each dimension:        [0]
###########################################
Iteration completed successfully
Iteration wallclock: 0:08:02.515701, cputime: 0:44:32.166887


Fri May  3 04:21:13 2024
Iteration 749 (750 requested)
Beginning iteration 749
124 segments remain in iteration 749 (124 total)
31 of 33 (93.939394%) active bins are populated
per-bin minimum non-zero probability:       3.68357e-22
per-bin maximum probability:                0.379741
per-bin probability dynamic range (kT):     48.3847
per-segment minimum non-zero probability:   9.20891e-23
per-segment maximum non-zero probability:   0.128117
per-segment probability dynamic range (kT): 48.6845
norm = 1, error in norm = -5.55112e-16 (-2.5*epsilon)
MAB binning in use
Bottleneck bin occupancy may not be accurately reported
Waiting for segments to complete...
################ MAB stats ################
minima in each dimension:      [9.4616]
maxima in each dimension:      [39.9228]
direction in each dimension:   [-1]
skip in each dimension:        [0]
###########################################
Iteration completed successfully
Iteration wallclock: 0:08:36.323526, cputime: 0:45:45.727791


Fri May  3 04:29:49 2024
Iteration 750 (750 requested)
Beginning iteration 750
124 segments remain in iteration 750 (124 total)
31 of 33 (93.939394%) active bins are populated
per-bin minimum non-zero probability:       9.20891e-23
per-bin maximum probability:                0.231117
per-bin probability dynamic range (kT):     49.2745
per-segment minimum non-zero probability:   2.30223e-23
per-segment maximum non-zero probability:   0.0881249
per-segment probability dynamic range (kT): 49.6966
norm = 1, error in norm = -3.33067e-16 (-1.5*epsilon)
MAB binning in use
Bottleneck bin occupancy may not be accurately reported
Waiting for segments to complete...
################ MAB stats ################
minima in each dimension:      [9.0758]
maxima in each dimension:      [39.8135]
direction in each dimension:   [-1]
skip in each dimension:        [0]
###########################################
Iteration completed successfully
Iteration wallclock: 0:08:37.361842, cputime: 0:45:32.555078


Fri May  3 04:38:26 2024
WEST run complete.
