Updating system with the options from the configuration file
Maximum wallclock time: 1 day, 0:00:00

Thu May  2 16:40:38 2024
Iteration 667 (750 requested)
Beginning iteration 667
120 segments remain in iteration 667 (120 total)
31 of 33 (93.939394%) active bins are populated
per-bin minimum non-zero probability:       2.25265e-31
per-bin maximum probability:                0.276115
per-bin probability dynamic range (kT):     69.2811
per-segment minimum non-zero probability:   5.63163e-32
per-segment maximum non-zero probability:   0.104936
per-segment probability dynamic range (kT): 69.6999
norm = 1, error in norm = 0 (0*epsilon)
MAB binning in use
Bottleneck bin occupancy may not be accurately reported
Waiting for segments to complete...
################ MAB stats ################
minima in each dimension:      [21.2472]
maxima in each dimension:      [39.3737]
direction in each dimension:   [-1]
skip in each dimension:        [0]
###########################################
Iteration completed successfully
Iteration wallclock: 0:10:02.501686, cputime: 0:43:59.602914


Thu May  2 16:50:41 2024
Iteration 668 (750 requested)
Beginning iteration 668
112 segments remain in iteration 668 (112 total)
28 of 33 (84.848485%) active bins are populated
per-bin minimum non-zero probability:       5.63163e-32
per-bin maximum probability:                0.266065
per-bin probability dynamic range (kT):     70.6303
per-segment minimum non-zero probability:   1.40791e-32
per-segment maximum non-zero probability:   0.104936
per-segment probability dynamic range (kT): 71.0862
norm = 1, error in norm = -2.22045e-16 (-1*epsilon)
MAB binning in use
Bottleneck bin occupancy may not be accurately reported
Waiting for segments to complete...
################ MAB stats ################
minima in each dimension:      [19.4398]
maxima in each dimension:      [39.2586]
direction in each dimension:   [-1]
skip in each dimension:        [0]
###########################################
Iteration completed successfully
Iteration wallclock: 0:07:36.679250, cputime: 0:41:43.617048


Thu May  2 16:58:18 2024
Iteration 669 (750 requested)
Beginning iteration 669
108 segments remain in iteration 669 (108 total)
27 of 33 (81.818182%) active bins are populated
per-bin minimum non-zero probability:       1.40791e-32
per-bin maximum probability:                0.268582
per-bin probability dynamic range (kT):     72.026
per-segment minimum non-zero probability:   3.51977e-33
per-segment maximum non-zero probability:   0.104936
per-segment probability dynamic range (kT): 72.4725
norm = 1, error in norm = -2.22045e-16 (-1*epsilon)
MAB binning in use
Bottleneck bin occupancy may not be accurately reported
Waiting for segments to complete...
################ MAB stats ################
minima in each dimension:      [23.2483]
maxima in each dimension:      [39.7839]
direction in each dimension:   [-1]
skip in each dimension:        [0]
###########################################
Iteration completed successfully
Iteration wallclock: 0:07:36.945385, cputime: 0:40:04.867968


Thu May  2 17:05:55 2024
Iteration 670 (750 requested)
Beginning iteration 670
128 segments remain in iteration 670 (128 total)
32 of 33 (96.969697%) active bins are populated
per-bin minimum non-zero probability:       3.51977e-33
per-bin maximum probability:                0.181172
per-bin probability dynamic range (kT):     73.0186
per-segment minimum non-zero probability:   8.79943e-34
per-segment maximum non-zero probability:   0.061434
per-segment probability dynamic range (kT): 73.3234
norm = 1, error in norm = -2.22045e-16 (-1*epsilon)
MAB binning in use
Bottleneck bin occupancy may not be accurately reported
Waiting for segments to complete...
################ MAB stats ################
minima in each dimension:      [22.181]
maxima in each dimension:      [39.6086]
direction in each dimension:   [-1]
skip in each dimension:        [0]
###########################################
Iteration completed successfully
Iteration wallclock: 0:08:38.568180, cputime: 0:47:27.271515


Thu May  2 17:14:33 2024
Iteration 671 (750 requested)
Beginning iteration 671
128 segments remain in iteration 671 (128 total)
32 of 33 (96.969697%) active bins are populated
per-bin minimum non-zero probability:       8.79943e-34
per-bin maximum probability:                0.253363
per-bin probability dynamic range (kT):     74.7403
per-segment minimum non-zero probability:   2.19986e-34
per-segment maximum non-zero probability:   0.0806314
per-segment probability dynamic range (kT): 74.9816
norm = 1, error in norm = -2.22045e-16 (-1*epsilon)
MAB binning in use
Bottleneck bin occupancy may not be accurately reported
Waiting for segments to complete...
################ MAB stats ################
minima in each dimension:      [22.9303]
maxima in each dimension:      [39.8453]
direction in each dimension:   [-1]
skip in each dimension:        [0]
###########################################
Iteration completed successfully
Iteration wallclock: 0:08:45.575421, cputime: 0:47:25.975465


Thu May  2 17:23:19 2024
Iteration 672 (750 requested)
Beginning iteration 672
132 segments remain in iteration 672 (132 total)
33 of 33 (100.000000%) active bins are populated
per-bin minimum non-zero probability:       2.19986e-34
per-bin maximum probability:                0.270451
per-bin probability dynamic range (kT):     76.1918
per-segment minimum non-zero probability:   5.49964e-35
per-segment maximum non-zero probability:   0.0806314
per-segment probability dynamic range (kT): 76.3679
norm = 1, error in norm = -4.44089e-16 (-2*epsilon)
MAB binning in use
Bottleneck bin occupancy may not be accurately reported
Waiting for segments to complete...
################ MAB stats ################
minima in each dimension:      [22.1074]
maxima in each dimension:      [39.884]
direction in each dimension:   [-1]
skip in each dimension:        [0]
###########################################
Iteration completed successfully
Iteration wallclock: 0:09:12.234011, cputime: 0:48:51.529072


Thu May  2 17:32:31 2024
Iteration 673 (750 requested)
Beginning iteration 673
128 segments remain in iteration 673 (128 total)
32 of 33 (96.969697%) active bins are populated
per-bin minimum non-zero probability:       2.04927e-32
per-bin maximum probability:                0.298507
per-bin probability dynamic range (kT):     71.7563
per-segment minimum non-zero probability:   5.10943e-33
per-segment maximum non-zero probability:   0.086484
per-segment probability dynamic range (kT): 71.9064
norm = 1, error in norm = -2.22045e-16 (-1*epsilon)
MAB binning in use
Bottleneck bin occupancy may not be accurately reported
Waiting for segments to complete...
################ MAB stats ################
minima in each dimension:      [21.5946]
maxima in each dimension:      [39.669]
direction in each dimension:   [-1]
skip in each dimension:        [0]
###########################################
Iteration completed successfully
Iteration wallclock: 0:08:41.945729, cputime: 0:47:25.229889


Thu May  2 17:41:13 2024
Iteration 674 (750 requested)
Beginning iteration 674
128 segments remain in iteration 674 (128 total)
32 of 33 (96.969697%) active bins are populated
per-bin minimum non-zero probability:       5.21942e-33
per-bin maximum probability:                0.237073
per-bin probability dynamic range (kT):     72.8935
per-segment minimum non-zero probability:   1.30485e-33
per-segment maximum non-zero probability:   0.0806314
per-segment probability dynamic range (kT): 73.2013
norm = 1, error in norm = -2.22045e-16 (-1*epsilon)
MAB binning in use
Bottleneck bin occupancy may not be accurately reported
Waiting for segments to complete...
################ MAB stats ################
minima in each dimension:      [21.936]
maxima in each dimension:      [39.9587]
direction in each dimension:   [-1]
skip in each dimension:        [0]
###########################################
Iteration completed successfully
Iteration wallclock: 0:08:36.220757, cputime: 0:47:35.510569


Thu May  2 17:49:49 2024
Iteration 675 (750 requested)
Beginning iteration 675
128 segments remain in iteration 675 (128 total)
32 of 33 (96.969697%) active bins are populated
per-bin minimum non-zero probability:       1.30485e-33
per-bin maximum probability:                0.309408
per-bin probability dynamic range (kT):     74.5461
per-segment minimum non-zero probability:   3.26214e-34
per-segment maximum non-zero probability:   0.086484
per-segment probability dynamic range (kT): 74.6577
norm = 1, error in norm = -1.11022e-16 (-0.5*epsilon)
MAB binning in use
Bottleneck bin occupancy may not be accurately reported
Waiting for segments to complete...
################ MAB stats ################
minima in each dimension:      [22.0748]
maxima in each dimension:      [39.8581]
direction in each dimension:   [-1]
skip in each dimension:        [0]
###########################################
Iteration completed successfully
Iteration wallclock: 0:08:40.372421, cputime: 0:47:30.840417


Thu May  2 17:58:30 2024
Iteration 676 (750 requested)
Beginning iteration 676
120 segments remain in iteration 676 (120 total)
30 of 33 (90.909091%) active bins are populated
per-bin minimum non-zero probability:       1.72176e-32
per-bin maximum probability:                0.31404
per-bin probability dynamic range (kT):     71.9811
per-segment minimum non-zero probability:   4.30441e-33
per-segment maximum non-zero probability:   0.086484
per-segment probability dynamic range (kT): 72.0779
norm = 1, error in norm = -1.11022e-16 (-0.5*epsilon)
MAB binning in use
Bottleneck bin occupancy may not be accurately reported
Waiting for segments to complete...
################ MAB stats ################
minima in each dimension:      [21.5738]
maxima in each dimension:      [39.5297]
direction in each dimension:   [-1]
skip in each dimension:        [0]
###########################################
Iteration completed successfully
Iteration wallclock: 0:08:06.620402, cputime: 0:44:31.126673


Thu May  2 18:06:36 2024
Iteration 677 (750 requested)
Beginning iteration 677
120 segments remain in iteration 677 (120 total)
30 of 33 (90.909091%) active bins are populated
per-bin minimum non-zero probability:       1.19339e-32
per-bin maximum probability:                0.233697
per-bin probability dynamic range (kT):     72.0522
per-segment minimum non-zero probability:   2.98348e-33
per-segment maximum non-zero probability:   0.086484
per-segment probability dynamic range (kT): 72.4444
norm = 1, error in norm = -1.11022e-16 (-0.5*epsilon)
MAB binning in use
Bottleneck bin occupancy may not be accurately reported
Waiting for segments to complete...
################ MAB stats ################
minima in each dimension:      [22.0289]
maxima in each dimension:      [39.8066]
direction in each dimension:   [-1]
skip in each dimension:        [0]
###########################################
Iteration completed successfully
Iteration wallclock: 0:08:05.226764, cputime: 0:44:44.129877


Thu May  2 18:14:41 2024
Iteration 678 (750 requested)
Beginning iteration 678
132 segments remain in iteration 678 (132 total)
33 of 33 (100.000000%) active bins are populated
per-bin minimum non-zero probability:       3.1527e-33
per-bin maximum probability:                0.306003
per-bin probability dynamic range (kT):     73.6529
per-segment minimum non-zero probability:   7.88175e-34
per-segment maximum non-zero probability:   0.086484
per-segment probability dynamic range (kT): 73.7755
norm = 1, error in norm = -2.22045e-16 (-1*epsilon)
MAB binning in use
Bottleneck bin occupancy may not be accurately reported
Waiting for segments to complete...
################ MAB stats ################
minima in each dimension:      [21.1413]
maxima in each dimension:      [39.985]
direction in each dimension:   [-1]
skip in each dimension:        [0]
###########################################
Iteration completed successfully
Iteration wallclock: 0:09:03.687805, cputime: 0:49:15.881631


Thu May  2 18:23:45 2024
Iteration 679 (750 requested)
Beginning iteration 679
128 segments remain in iteration 679 (128 total)
32 of 33 (96.969697%) active bins are populated
per-bin minimum non-zero probability:       1.67477e-33
per-bin maximum probability:                0.326161
per-bin probability dynamic range (kT):     74.3493
per-segment minimum non-zero probability:   4.18693e-34
per-segment maximum non-zero probability:   0.0886043
per-segment probability dynamic range (kT): 74.4324
norm = 1, error in norm = -2.22045e-16 (-1*epsilon)
MAB binning in use
Bottleneck bin occupancy may not be accurately reported
Waiting for segments to complete...
################ MAB stats ################
minima in each dimension:      [20.9847]
maxima in each dimension:      [39.5122]
direction in each dimension:   [-1]
skip in each dimension:        [0]
###########################################
Iteration completed successfully
Iteration wallclock: 0:08:40.065409, cputime: 0:47:39.871497


Thu May  2 18:32:25 2024
Iteration 680 (750 requested)
Beginning iteration 680
124 segments remain in iteration 680 (124 total)
31 of 33 (93.939394%) active bins are populated
per-bin minimum non-zero probability:       4.18693e-34
per-bin maximum probability:                0.326161
per-bin probability dynamic range (kT):     75.7356
per-segment minimum non-zero probability:   1.04673e-34
per-segment maximum non-zero probability:   0.0886043
per-segment probability dynamic range (kT): 75.8186
norm = 1, error in norm = 0 (0*epsilon)
MAB binning in use
Bottleneck bin occupancy may not be accurately reported
Waiting for segments to complete...
################ MAB stats ################
minima in each dimension:      [21.1202]
maxima in each dimension:      [39.8829]
direction in each dimension:   [-1]
skip in each dimension:        [0]
###########################################
Iteration completed successfully
Iteration wallclock: 0:08:36.690267, cputime: 0:46:07.604925


Thu May  2 18:41:02 2024
Iteration 681 (750 requested)
Beginning iteration 681
128 segments remain in iteration 681 (128 total)
32 of 33 (96.969697%) active bins are populated
per-bin minimum non-zero probability:       1.04673e-34
per-bin maximum probability:                0.27128
per-bin probability dynamic range (kT):     76.9376
per-segment minimum non-zero probability:   2.61683e-35
per-segment maximum non-zero probability:   0.0886043
per-segment probability dynamic range (kT): 77.2049
norm = 1, error in norm = -2.22045e-16 (-1*epsilon)
MAB binning in use
Bottleneck bin occupancy may not be accurately reported
Waiting for segments to complete...
################ MAB stats ################
minima in each dimension:      [21.3365]
maxima in each dimension:      [39.9498]
direction in each dimension:   [-1]
skip in each dimension:        [0]
###########################################
Iteration completed successfully
Iteration wallclock: 0:08:36.640831, cputime: 0:47:43.880528


Thu May  2 18:49:38 2024
Iteration 682 (750 requested)
Beginning iteration 682
132 segments remain in iteration 682 (132 total)
33 of 33 (100.000000%) active bins are populated
per-bin minimum non-zero probability:       2.61683e-35
per-bin maximum probability:                0.363625
per-bin probability dynamic range (kT):     78.6169
per-segment minimum non-zero probability:   6.54207e-36
per-segment maximum non-zero probability:   0.113948
per-segment probability dynamic range (kT): 78.8428
norm = 1, error in norm = -2.22045e-16 (-1*epsilon)
MAB binning in use
Bottleneck bin occupancy may not be accurately reported
Waiting for segments to complete...
################ MAB stats ################
minima in each dimension:      [21.4257]
maxima in each dimension:      [39.3248]
direction in each dimension:   [-1]
skip in each dimension:        [0]
###########################################
Iteration completed successfully
Iteration wallclock: 0:09:07.419757, cputime: 0:49:17.399905


Thu May  2 18:58:46 2024
Iteration 683 (750 requested)
Beginning iteration 683
120 segments remain in iteration 683 (120 total)
30 of 33 (90.909091%) active bins are populated
per-bin minimum non-zero probability:       4.07537e-34
per-bin maximum probability:                0.287054
per-bin probability dynamic range (kT):     75.6348
per-segment minimum non-zero probability:   1.01884e-34
per-segment maximum non-zero probability:   0.113948
per-segment probability dynamic range (kT): 76.0972
norm = 1, error in norm = -3.33067e-16 (-1.5*epsilon)
MAB binning in use
Bottleneck bin occupancy may not be accurately reported
Waiting for segments to complete...
################ MAB stats ################
minima in each dimension:      [21.6287]
maxima in each dimension:      [39.6073]
direction in each dimension:   [-1]
skip in each dimension:        [0]
###########################################
Iteration completed successfully
Iteration wallclock: 0:08:07.020844, cputime: 0:44:42.476233


Thu May  2 19:06:53 2024
Iteration 684 (750 requested)
Beginning iteration 684
128 segments remain in iteration 684 (128 total)
32 of 33 (96.969697%) active bins are populated
per-bin minimum non-zero probability:       3.31757e-34
per-bin maximum probability:                0.250696
per-bin probability dynamic range (kT):     75.7051
per-segment minimum non-zero probability:   7.66244e-35
per-segment maximum non-zero probability:   0.086484
per-segment probability dynamic range (kT): 76.1064
norm = 1, error in norm = -1.11022e-16 (-0.5*epsilon)
MAB binning in use
Bottleneck bin occupancy may not be accurately reported
Waiting for segments to complete...
################ MAB stats ################
minima in each dimension:      [21.6461]
maxima in each dimension:      [39.901]
direction in each dimension:   [-1]
skip in each dimension:        [0]
###########################################
Iteration completed successfully
Iteration wallclock: 0:08:37.240762, cputime: 0:47:50.727143


Thu May  2 19:15:30 2024
Iteration 685 (750 requested)
Beginning iteration 685
132 segments remain in iteration 685 (132 total)
33 of 33 (100.000000%) active bins are populated
per-bin minimum non-zero probability:       3.45508e-34
per-bin maximum probability:                0.288678
per-bin probability dynamic range (kT):     75.8056
per-segment minimum non-zero probability:   7.66244e-35
per-segment maximum non-zero probability:   0.086484
per-segment probability dynamic range (kT): 76.1064
norm = 1, error in norm = -2.22045e-16 (-1*epsilon)
MAB binning in use
Bottleneck bin occupancy may not be accurately reported
Waiting for segments to complete...
################ MAB stats ################
minima in each dimension:      [21.8406]
maxima in each dimension:      [39.7466]
direction in each dimension:   [-1]
skip in each dimension:        [0]
###########################################
Iteration completed successfully
Iteration wallclock: 0:09:07.751297, cputime: 0:49:13.766069


Thu May  2 19:24:38 2024
Iteration 686 (750 requested)
Beginning iteration 686
128 segments remain in iteration 686 (128 total)
32 of 33 (96.969697%) active bins are populated
per-bin minimum non-zero probability:       1.01884e-34
per-bin maximum probability:                0.244376
per-bin probability dynamic range (kT):     76.8602
per-segment minimum non-zero probability:   2.54711e-35
per-segment maximum non-zero probability:   0.086484
per-segment probability dynamic range (kT): 77.2077
norm = 1, error in norm = -2.22045e-16 (-1*epsilon)
MAB binning in use
Bottleneck bin occupancy may not be accurately reported
Waiting for segments to complete...
################ MAB stats ################
minima in each dimension:      [20.6447]
maxima in each dimension:      [39.7597]
direction in each dimension:   [-1]
skip in each dimension:        [0]
###########################################
Iteration completed successfully
Iteration wallclock: 0:08:37.019337, cputime: 0:47:47.988352


Thu May  2 19:33:15 2024
Iteration 687 (750 requested)
Beginning iteration 687
116 segments remain in iteration 687 (116 total)
29 of 33 (87.878788%) active bins are populated
per-bin minimum non-zero probability:       9.30428e-35
per-bin maximum probability:                0.31149
per-bin probability dynamic range (kT):     77.1936
per-segment minimum non-zero probability:   2.32607e-35
per-segment maximum non-zero probability:   0.086484
per-segment probability dynamic range (kT): 77.2985
norm = 1, error in norm = -2.22045e-16 (-1*epsilon)
MAB binning in use
Bottleneck bin occupancy may not be accurately reported
Waiting for segments to complete...
################ MAB stats ################
minima in each dimension:      [20.5188]
maxima in each dimension:      [39.8802]
direction in each dimension:   [-1]
skip in each dimension:        [0]
###########################################
Iteration completed successfully
Iteration wallclock: 0:08:05.448555, cputime: 0:43:01.581811


Thu May  2 19:41:20 2024
Iteration 688 (750 requested)
Beginning iteration 688
128 segments remain in iteration 688 (128 total)
32 of 33 (96.969697%) active bins are populated
per-bin minimum non-zero probability:       2.32607e-35
per-bin maximum probability:                0.226188
per-bin probability dynamic range (kT):     78.2599
per-segment minimum non-zero probability:   5.81518e-36
per-segment maximum non-zero probability:   0.086484
per-segment probability dynamic range (kT): 78.6848
norm = 1, error in norm = -1.11022e-16 (-0.5*epsilon)
MAB binning in use
Bottleneck bin occupancy may not be accurately reported
Waiting for segments to complete...
################ MAB stats ################
minima in each dimension:      [20.8257]
maxima in each dimension:      [38.9153]
direction in each dimension:   [-1]
skip in each dimension:        [0]
###########################################
Iteration completed successfully
Iteration wallclock: 0:08:40.494460, cputime: 0:47:31.690679


Thu May  2 19:50:01 2024
Iteration 689 (750 requested)
Beginning iteration 689
128 segments remain in iteration 689 (128 total)
32 of 33 (96.969697%) active bins are populated
per-bin minimum non-zero probability:       5.81518e-36
per-bin maximum probability:                0.375785
per-bin probability dynamic range (kT):     80.1539
per-segment minimum non-zero probability:   1.45379e-36
per-segment maximum non-zero probability:   0.128249
per-segment probability dynamic range (kT): 80.4651
norm = 1, error in norm = -1.11022e-16 (-0.5*epsilon)
MAB binning in use
Bottleneck bin occupancy may not be accurately reported
Waiting for segments to complete...
################ MAB stats ################
minima in each dimension:      [20.1066]
maxima in each dimension:      [39.6791]
direction in each dimension:   [-1]
skip in each dimension:        [0]
###########################################
Iteration completed successfully
Iteration wallclock: 0:08:38.922562, cputime: 0:47:37.819369


Thu May  2 19:58:40 2024
Iteration 690 (750 requested)
Beginning iteration 690
124 segments remain in iteration 690 (124 total)
31 of 33 (93.939394%) active bins are populated
per-bin minimum non-zero probability:       1.45379e-36
per-bin maximum probability:                0.38951
per-bin probability dynamic range (kT):     81.576
per-segment minimum non-zero probability:   3.63448e-37
per-segment maximum non-zero probability:   0.128249
per-segment probability dynamic range (kT): 81.8514
norm = 1, error in norm = -2.22045e-16 (-1*epsilon)
MAB binning in use
Bottleneck bin occupancy may not be accurately reported
Waiting for segments to complete...
################ MAB stats ################
minima in each dimension:      [21.2077]
maxima in each dimension:      [39.2931]
direction in each dimension:   [-1]
skip in each dimension:        [0]
###########################################
Iteration completed successfully
Iteration wallclock: 0:08:37.910954, cputime: 0:45:50.235409


Thu May  2 20:07:18 2024
Iteration 691 (750 requested)
Beginning iteration 691
124 segments remain in iteration 691 (124 total)
31 of 33 (93.939394%) active bins are populated
per-bin minimum non-zero probability:       3.63448e-37
per-bin maximum probability:                0.381433
per-bin probability dynamic range (kT):     82.9414
per-segment minimum non-zero probability:   9.08621e-38
per-segment maximum non-zero probability:   0.128249
per-segment probability dynamic range (kT): 83.2377
norm = 1, error in norm = -4.44089e-16 (-2*epsilon)
MAB binning in use
Bottleneck bin occupancy may not be accurately reported
Waiting for segments to complete...
################ MAB stats ################
minima in each dimension:      [20.8739]
maxima in each dimension:      [39.7892]
direction in each dimension:   [-1]
skip in each dimension:        [0]
###########################################
Iteration completed successfully
Iteration wallclock: 0:08:37.668547, cputime: 0:45:52.846963


Thu May  2 20:15:55 2024
Iteration 692 (750 requested)
Beginning iteration 692
132 segments remain in iteration 692 (132 total)
33 of 33 (100.000000%) active bins are populated
per-bin minimum non-zero probability:       9.08621e-38
per-bin maximum probability:                0.331868
per-bin probability dynamic range (kT):     84.1885
per-segment minimum non-zero probability:   2.27155e-38
per-segment maximum non-zero probability:   0.128249
per-segment probability dynamic range (kT): 84.624
norm = 1, error in norm = 0 (0*epsilon)
MAB binning in use
Bottleneck bin occupancy may not be accurately reported
Waiting for segments to complete...
################ MAB stats ################
minima in each dimension:      [20.539]
maxima in each dimension:      [39.0792]
direction in each dimension:   [-1]
skip in each dimension:        [0]
###########################################
Iteration completed successfully
Iteration wallclock: 0:09:19.591515, cputime: 0:48:04.001220


Thu May  2 20:25:15 2024
Iteration 693 (750 requested)
Beginning iteration 693
120 segments remain in iteration 693 (120 total)
30 of 33 (90.909091%) active bins are populated
per-bin minimum non-zero probability:       1.55174e-36
per-bin maximum probability:                0.392017
per-bin probability dynamic range (kT):     81.5172
per-segment minimum non-zero probability:   4.54311e-38
per-segment maximum non-zero probability:   0.128249
per-segment probability dynamic range (kT): 83.9308
norm = 1, error in norm = -2.22045e-16 (-1*epsilon)
MAB binning in use
Bottleneck bin occupancy may not be accurately reported
Waiting for segments to complete...
################ MAB stats ################
minima in each dimension:      [20.7437]
maxima in each dimension:      [39.641]
direction in each dimension:   [-1]
skip in each dimension:        [0]
###########################################
Iteration completed successfully
Iteration wallclock: 0:08:09.630413, cputime: 0:44:23.921413


Thu May  2 20:33:25 2024
Iteration 694 (750 requested)
Beginning iteration 694
124 segments remain in iteration 694 (124 total)
31 of 33 (93.939394%) active bins are populated
per-bin minimum non-zero probability:       4.54311e-38
per-bin maximum probability:                0.416234
per-bin probability dynamic range (kT):     85.1081
per-segment minimum non-zero probability:   1.13578e-38
per-segment maximum non-zero probability:   0.128249
per-segment probability dynamic range (kT): 85.3171
norm = 1, error in norm = -2.22045e-16 (-1*epsilon)
MAB binning in use
Bottleneck bin occupancy may not be accurately reported
Waiting for segments to complete...
################ MAB stats ################
minima in each dimension:      [20.724]
maxima in each dimension:      [39.8877]
direction in each dimension:   [-1]
skip in each dimension:        [0]
###########################################
Iteration completed successfully
Iteration wallclock: 0:08:35.636093, cputime: 0:45:52.684218


Thu May  2 20:42:00 2024
Iteration 695 (750 requested)
Beginning iteration 695
120 segments remain in iteration 695 (120 total)
30 of 33 (90.909091%) active bins are populated
per-bin minimum non-zero probability:       1.13578e-38
per-bin maximum probability:                0.416234
per-bin probability dynamic range (kT):     86.4944
per-segment minimum non-zero probability:   2.83944e-39
per-segment maximum non-zero probability:   0.128249
per-segment probability dynamic range (kT): 86.7034
norm = 1, error in norm = -2.22045e-16 (-1*epsilon)
MAB binning in use
Bottleneck bin occupancy may not be accurately reported
Waiting for segments to complete...
################ MAB stats ################
minima in each dimension:      [19.5277]
maxima in each dimension:      [39.7386]
direction in each dimension:   [-1]
skip in each dimension:        [0]
###########################################
Iteration completed successfully
Iteration wallclock: 0:08:05.944658, cputime: 0:44:29.458688


Thu May  2 20:50:06 2024
Iteration 696 (750 requested)
Beginning iteration 696
124 segments remain in iteration 696 (124 total)
31 of 33 (93.939394%) active bins are populated
per-bin minimum non-zero probability:       2.42459e-38
per-bin maximum probability:                0.382677
per-bin probability dynamic range (kT):     85.652
per-segment minimum non-zero probability:   5.67888e-39
per-segment maximum non-zero probability:   0.128249
per-segment probability dynamic range (kT): 86.0103
norm = 1, error in norm = -1.11022e-16 (-0.5*epsilon)
MAB binning in use
Bottleneck bin occupancy may not be accurately reported
Waiting for segments to complete...
################ MAB stats ################
minima in each dimension:      [19.2596]
maxima in each dimension:      [38.8514]
direction in each dimension:   [-1]
skip in each dimension:        [0]
###########################################
Iteration completed successfully
Iteration wallclock: 0:08:33.565140, cputime: 0:45:58.571810


Thu May  2 20:58:40 2024
Iteration 697 (750 requested)
Beginning iteration 697
124 segments remain in iteration 697 (124 total)
31 of 33 (93.939394%) active bins are populated
per-bin minimum non-zero probability:       6.06148e-39
per-bin maximum probability:                0.484495
per-bin probability dynamic range (kT):     87.2742
per-segment minimum non-zero probability:   1.51537e-39
per-segment maximum non-zero probability:   0.143727
per-segment probability dynamic range (kT): 87.4453
norm = 1, error in norm = -1.11022e-16 (-0.5*epsilon)
MAB binning in use
Bottleneck bin occupancy may not be accurately reported
Waiting for segments to complete...
################ MAB stats ################
minima in each dimension:      [17.2165]
maxima in each dimension:      [39.4011]
direction in each dimension:   [-1]
skip in each dimension:        [0]
###########################################
Iteration completed successfully
Iteration wallclock: 0:08:31.035165, cputime: 0:46:10.015491


Thu May  2 21:07:11 2024
Iteration 698 (750 requested)
Beginning iteration 698
120 segments remain in iteration 698 (120 total)
30 of 33 (90.909091%) active bins are populated
per-bin minimum non-zero probability:       1.51537e-39
per-bin maximum probability:                0.396037
per-bin probability dynamic range (kT):     88.4589
per-segment minimum non-zero probability:   3.78842e-40
per-segment maximum non-zero probability:   0.143727
per-segment probability dynamic range (kT): 88.8316
norm = 1, error in norm = -1.11022e-16 (-0.5*epsilon)
MAB binning in use
Bottleneck bin occupancy may not be accurately reported
Waiting for segments to complete...
################ MAB stats ################
minima in each dimension:      [19.813]
maxima in each dimension:      [39.4635]
direction in each dimension:   [-1]
skip in each dimension:        [0]
###########################################
Iteration completed successfully
Iteration wallclock: 0:08:09.056002, cputime: 0:44:27.827865


Thu May  2 21:15:20 2024
Iteration 699 (750 requested)
Beginning iteration 699
120 segments remain in iteration 699 (120 total)
30 of 33 (90.909091%) active bins are populated
per-bin minimum non-zero probability:       7.85819e-38
per-bin maximum probability:                0.492997
per-bin probability dynamic range (kT):     84.7294
per-segment minimum non-zero probability:   1.96455e-38
per-segment maximum non-zero probability:   0.143727
per-segment probability dynamic range (kT): 84.8831
norm = 1, error in norm = -2.22045e-16 (-1*epsilon)
MAB binning in use
Bottleneck bin occupancy may not be accurately reported
Waiting for segments to complete...
################ MAB stats ################
minima in each dimension:      [20.5078]
maxima in each dimension:      [39.867]
direction in each dimension:   [-1]
skip in each dimension:        [0]
###########################################
Iteration completed successfully
Iteration wallclock: 0:08:03.375925, cputime: 0:44:39.746238


Thu May  2 21:23:23 2024
Iteration 700 (750 requested)
Beginning iteration 700
128 segments remain in iteration 700 (128 total)
32 of 33 (96.969697%) active bins are populated
per-bin minimum non-zero probability:       3.29916e-37
per-bin maximum probability:                0.533608
per-bin probability dynamic range (kT):     83.3739
per-segment minimum non-zero probability:   8.24791e-38
per-segment maximum non-zero probability:   0.143727
per-segment probability dynamic range (kT): 83.4484
norm = 1, error in norm = -2.22045e-16 (-1*epsilon)
MAB binning in use
Bottleneck bin occupancy may not be accurately reported
Waiting for segments to complete...
################ MAB stats ################
minima in each dimension:      [20.019]
maxima in each dimension:      [39.601]
direction in each dimension:   [-1]
skip in each dimension:        [0]
###########################################
Iteration completed successfully
Iteration wallclock: 0:08:37.962482, cputime: 0:47:40.248855


Thu May  2 21:32:01 2024
Iteration 701 (750 requested)
Beginning iteration 701
124 segments remain in iteration 701 (124 total)
31 of 33 (93.939394%) active bins are populated
per-bin minimum non-zero probability:       8.24791e-38
per-bin maximum probability:                0.398593
per-bin probability dynamic range (kT):     84.4685
per-segment minimum non-zero probability:   2.06198e-38
per-segment maximum non-zero probability:   0.143727
per-segment probability dynamic range (kT): 84.8347
norm = 1, error in norm = 0 (0*epsilon)
MAB binning in use
Bottleneck bin occupancy may not be accurately reported
Waiting for segments to complete...
################ MAB stats ################
minima in each dimension:      [20.0782]
maxima in each dimension:      [38.6666]
direction in each dimension:   [-1]
skip in each dimension:        [0]
###########################################
Iteration completed successfully
Iteration wallclock: 0:08:35.428829, cputime: 0:46:06.489134


Thu May  2 21:40:37 2024
Iteration 702 (750 requested)
Beginning iteration 702
124 segments remain in iteration 702 (124 total)
31 of 33 (93.939394%) active bins are populated
per-bin minimum non-zero probability:       2.06198e-38
per-bin maximum probability:                0.406007
per-bin probability dynamic range (kT):     85.8732
per-segment minimum non-zero probability:   5.15495e-39
per-segment maximum non-zero probability:   0.143727
per-segment probability dynamic range (kT): 86.221
norm = 1, error in norm = -1.11022e-16 (-0.5*epsilon)
MAB binning in use
Bottleneck bin occupancy may not be accurately reported
Waiting for segments to complete...
################ MAB stats ################
minima in each dimension:      [20.0468]
maxima in each dimension:      [39.7904]
direction in each dimension:   [-1]
skip in each dimension:        [0]
###########################################
Iteration completed successfully
Iteration wallclock: 0:08:34.445967, cputime: 0:46:10.604248


Thu May  2 21:49:11 2024
Iteration 703 (750 requested)
Beginning iteration 703
132 segments remain in iteration 703 (132 total)
33 of 33 (100.000000%) active bins are populated
per-bin minimum non-zero probability:       1.03099e-38
per-bin maximum probability:                0.406007
per-bin probability dynamic range (kT):     86.5663
per-segment minimum non-zero probability:   2.57747e-39
per-segment maximum non-zero probability:   0.143727
per-segment probability dynamic range (kT): 86.9142
norm = 1, error in norm = -2.22045e-16 (-1*epsilon)
MAB binning in use
Bottleneck bin occupancy may not be accurately reported
Waiting for segments to complete...
################ MAB stats ################
minima in each dimension:      [19.8908]
maxima in each dimension:      [39.8263]
direction in each dimension:   [-1]
skip in each dimension:        [0]
###########################################
Iteration completed successfully
Iteration wallclock: 0:09:07.102861, cputime: 0:48:59.424104


Thu May  2 21:58:18 2024
Iteration 704 (750 requested)
Beginning iteration 704
124 segments remain in iteration 704 (124 total)
31 of 33 (93.939394%) active bins are populated
per-bin minimum non-zero probability:       2.57747e-39
per-bin maximum probability:                0.411228
per-bin probability dynamic range (kT):     87.9654
per-segment minimum non-zero probability:   6.44368e-40
per-segment maximum non-zero probability:   0.143727
per-segment probability dynamic range (kT): 88.3005
norm = 1, error in norm = 0 (0*epsilon)
MAB binning in use
Bottleneck bin occupancy may not be accurately reported
Waiting for segments to complete...
################ MAB stats ################
minima in each dimension:      [20.2758]
maxima in each dimension:      [39.8725]
direction in each dimension:   [-1]
skip in each dimension:        [0]
###########################################
Iteration completed successfully
Iteration wallclock: 0:08:30.505198, cputime: 0:46:14.122831


Thu May  2 22:06:49 2024
Iteration 705 (750 requested)
Beginning iteration 705
128 segments remain in iteration 705 (128 total)
32 of 33 (96.969697%) active bins are populated
per-bin minimum non-zero probability:       1.09972e-37
per-bin maximum probability:                0.306313
per-bin probability dynamic range (kT):     83.9174
per-segment minimum non-zero probability:   2.7493e-38
per-segment maximum non-zero probability:   0.119202
per-segment probability dynamic range (kT): 84.36
norm = 1, error in norm = -2.22045e-16 (-1*epsilon)
MAB binning in use
Bottleneck bin occupancy may not be accurately reported
Waiting for segments to complete...
################ MAB stats ################
minima in each dimension:      [19.4723]
maxima in each dimension:      [39.7699]
direction in each dimension:   [-1]
skip in each dimension:        [0]
###########################################
Iteration completed successfully
Iteration wallclock: 0:08:39.340863, cputime: 0:47:30.325533


Thu May  2 22:15:28 2024
Iteration 706 (750 requested)
Beginning iteration 706
120 segments remain in iteration 706 (120 total)
30 of 33 (90.909091%) active bins are populated
per-bin minimum non-zero probability:       2.7493e-38
per-bin maximum probability:                0.429893
per-bin probability dynamic range (kT):     85.6427
per-segment minimum non-zero probability:   6.87326e-39
per-segment maximum non-zero probability:   0.128249
per-segment probability dynamic range (kT): 85.8194
norm = 1, error in norm = -2.22045e-16 (-1*epsilon)
MAB binning in use
Bottleneck bin occupancy may not be accurately reported
Waiting for segments to complete...
################ MAB stats ################
minima in each dimension:      [19.9311]
maxima in each dimension:      [39.6792]
direction in each dimension:   [-1]
skip in each dimension:        [0]
###########################################
Iteration completed successfully
Iteration wallclock: 0:08:07.665231, cputime: 0:44:28.773089


Thu May  2 22:23:36 2024
Iteration 707 (750 requested)
Beginning iteration 707
124 segments remain in iteration 707 (124 total)
31 of 33 (93.939394%) active bins are populated
per-bin minimum non-zero probability:       3.66574e-38
per-bin maximum probability:                0.283383
per-bin probability dynamic range (kT):     84.9382
per-segment minimum non-zero probability:   9.16435e-39
per-segment maximum non-zero probability:   0.119202
per-segment probability dynamic range (kT): 85.4586
norm = 1, error in norm = -2.22045e-16 (-1*epsilon)
MAB binning in use
Bottleneck bin occupancy may not be accurately reported
Waiting for segments to complete...
################ MAB stats ################
minima in each dimension:      [21.2314]
maxima in each dimension:      [39.9561]
direction in each dimension:   [-1]
skip in each dimension:        [0]
###########################################
Iteration completed successfully
Iteration wallclock: 0:08:31.235399, cputime: 0:46:11.476061


Thu May  2 22:32:07 2024
Iteration 708 (750 requested)
Beginning iteration 708
128 segments remain in iteration 708 (128 total)
32 of 33 (96.969697%) active bins are populated
per-bin minimum non-zero probability:       1.10546e-38
per-bin maximum probability:                0.392106
per-bin probability dynamic range (kT):     86.4618
per-segment minimum non-zero probability:   2.76364e-39
per-segment maximum non-zero probability:   0.128249
per-segment probability dynamic range (kT): 86.7305
norm = 1, error in norm = -2.22045e-16 (-1*epsilon)
MAB binning in use
Bottleneck bin occupancy may not be accurately reported
Waiting for segments to complete...
################ MAB stats ################
minima in each dimension:      [20.6199]
maxima in each dimension:      [39.5522]
direction in each dimension:   [-1]
skip in each dimension:        [0]
###########################################
Iteration completed successfully
Iteration wallclock: 0:08:35.709808, cputime: 0:47:34.246940


Thu May  2 22:40:43 2024
Iteration 709 (750 requested)
Beginning iteration 709
132 segments remain in iteration 709 (132 total)
33 of 33 (100.000000%) active bins are populated
per-bin minimum non-zero probability:       2.7493e-38
per-bin maximum probability:                0.361849
per-bin probability dynamic range (kT):     85.4704
per-segment minimum non-zero probability:   6.87326e-39
per-segment maximum non-zero probability:   0.128249
per-segment probability dynamic range (kT): 85.8194
norm = 1, error in norm = 0 (0*epsilon)
MAB binning in use
Bottleneck bin occupancy may not be accurately reported
Waiting for segments to complete...
################ MAB stats ################
minima in each dimension:      [20.2847]
maxima in each dimension:      [39.6813]
direction in each dimension:   [-1]
skip in each dimension:        [0]
###########################################
Iteration completed successfully
Iteration wallclock: 0:09:04.415362, cputime: 0:48:57.544677


Thu May  2 22:49:47 2024
Iteration 710 (750 requested)
Beginning iteration 710
128 segments remain in iteration 710 (128 total)
32 of 33 (96.969697%) active bins are populated
per-bin minimum non-zero probability:       9.73423e-39
per-bin maximum probability:                0.411204
per-bin probability dynamic range (kT):     86.6365
per-segment minimum non-zero probability:   2.43356e-39
per-segment maximum non-zero probability:   0.128249
per-segment probability dynamic range (kT): 86.8577
norm = 1, error in norm = -2.22045e-16 (-1*epsilon)
MAB binning in use
Bottleneck bin occupancy may not be accurately reported
Waiting for segments to complete...
################ MAB stats ################
minima in each dimension:      [20.2171]
maxima in each dimension:      [39.8848]
direction in each dimension:   [-1]
skip in each dimension:        [0]
###########################################
Iteration completed successfully
Iteration wallclock: 0:08:36.158401, cputime: 0:47:39.658889


Thu May  2 22:58:23 2024
Iteration 711 (750 requested)
Beginning iteration 711
132 segments remain in iteration 711 (132 total)
33 of 33 (100.000000%) active bins are populated
per-bin minimum non-zero probability:       2.43356e-39
per-bin maximum probability:                0.486156
per-bin probability dynamic range (kT):     88.1902
per-segment minimum non-zero probability:   6.0839e-40
per-segment maximum non-zero probability:   0.147743
per-segment probability dynamic range (kT): 88.3855
norm = 1, error in norm = -2.22045e-16 (-1*epsilon)
MAB binning in use
Bottleneck bin occupancy may not be accurately reported
Waiting for segments to complete...
################ MAB stats ################
minima in each dimension:      [19.7383]
maxima in each dimension:      [39.8618]
direction in each dimension:   [-1]
skip in each dimension:        [0]
###########################################
Iteration completed successfully
Iteration wallclock: 0:09:04.196888, cputime: 0:49:04.560169


Thu May  2 23:07:28 2024
Iteration 712 (750 requested)
Beginning iteration 712
128 segments remain in iteration 712 (128 total)
32 of 33 (96.969697%) active bins are populated
per-bin minimum non-zero probability:       6.0839e-40
per-bin maximum probability:                0.435294
per-bin probability dynamic range (kT):     89.466
per-segment minimum non-zero probability:   1.52097e-40
per-segment maximum non-zero probability:   0.147743
per-segment probability dynamic range (kT): 89.7718
norm = 1, error in norm = -2.22045e-16 (-1*epsilon)
MAB binning in use
Bottleneck bin occupancy may not be accurately reported
Waiting for segments to complete...
################ MAB stats ################
minima in each dimension:      [17.8502]
maxima in each dimension:      [39.7147]
direction in each dimension:   [-1]
skip in each dimension:        [0]
###########################################
Iteration completed successfully
Iteration wallclock: 0:08:34.903721, cputime: 0:47:38.851110


Thu May  2 23:16:03 2024
Iteration 713 (750 requested)
Beginning iteration 713
116 segments remain in iteration 713 (116 total)
29 of 33 (87.878788%) active bins are populated
per-bin minimum non-zero probability:       1.53643e-39
per-bin maximum probability:                0.386029
per-bin probability dynamic range (kT):     88.4195
per-segment minimum non-zero probability:   3.84107e-40
per-segment maximum non-zero probability:   0.128249
per-segment probability dynamic range (kT): 88.7039
norm = 1, error in norm = -5.55112e-16 (-2.5*epsilon)
MAB binning in use
Bottleneck bin occupancy may not be accurately reported
Waiting for segments to complete...
################ MAB stats ################
minima in each dimension:      [18.0148]
maxima in each dimension:      [39.7354]
direction in each dimension:   [-1]
skip in each dimension:        [0]
###########################################
Iteration completed successfully
Iteration wallclock: 0:08:01.141693, cputime: 0:42:56.772910


Thu May  2 23:24:04 2024
Iteration 714 (750 requested)
Beginning iteration 714
116 segments remain in iteration 714 (116 total)
29 of 33 (87.878788%) active bins are populated
per-bin minimum non-zero probability:       1.19779e-39
per-bin maximum probability:                0.339099
per-bin probability dynamic range (kT):     88.5389
per-segment minimum non-zero probability:   2.99448e-40
per-segment maximum non-zero probability:   0.128249
per-segment probability dynamic range (kT): 88.9529
norm = 1, error in norm = -1.11022e-16 (-0.5*epsilon)
MAB binning in use
Bottleneck bin occupancy may not be accurately reported
Waiting for segments to complete...
################ MAB stats ################
minima in each dimension:      [19.8899]
maxima in each dimension:      [39.2062]
direction in each dimension:   [-1]
skip in each dimension:        [0]
###########################################
Iteration completed successfully
Iteration wallclock: 0:08:00.573867, cputime: 0:43:15.379860


Thu May  2 23:32:04 2024
Iteration 715 (750 requested)
Beginning iteration 715
128 segments remain in iteration 715 (128 total)
32 of 33 (96.969697%) active bins are populated
per-bin minimum non-zero probability:       1.53643e-39
per-bin maximum probability:                0.35333
per-bin probability dynamic range (kT):     88.331
per-segment minimum non-zero probability:   3.84107e-40
per-segment maximum non-zero probability:   0.128249
per-segment probability dynamic range (kT): 88.7039
norm = 1, error in norm = -2.22045e-16 (-1*epsilon)
MAB binning in use
Bottleneck bin occupancy may not be accurately reported
Waiting for segments to complete...
################ MAB stats ################
minima in each dimension:      [19.54]
maxima in each dimension:      [39.7057]
direction in each dimension:   [-1]
skip in each dimension:        [0]
###########################################
Iteration completed successfully
Iteration wallclock: 0:08:36.405303, cputime: 0:47:40.646661


Thu May  2 23:40:41 2024
Iteration 716 (750 requested)
Beginning iteration 716
128 segments remain in iteration 716 (128 total)
32 of 33 (96.969697%) active bins are populated
per-bin minimum non-zero probability:       4.22131e-40
per-bin maximum probability:                0.415306
per-bin probability dynamic range (kT):     89.7845
per-segment minimum non-zero probability:   1.05533e-40
per-segment maximum non-zero probability:   0.128249
per-segment probability dynamic range (kT): 89.9958
norm = 1, error in norm = -2.22045e-16 (-1*epsilon)
MAB binning in use
Bottleneck bin occupancy may not be accurately reported
Waiting for segments to complete...
################ MAB stats ################
minima in each dimension:      [19.8968]
maxima in each dimension:      [38.9805]
direction in each dimension:   [-1]
skip in each dimension:        [0]
###########################################
Iteration completed successfully
Iteration wallclock: 0:08:37.497616, cputime: 0:47:47.888577


Thu May  2 23:49:18 2024
Iteration 717 (750 requested)
Beginning iteration 717
128 segments remain in iteration 717 (128 total)
32 of 33 (96.969697%) active bins are populated
per-bin minimum non-zero probability:       1.05533e-40
per-bin maximum probability:                0.508917
per-bin probability dynamic range (kT):     91.3741
per-segment minimum non-zero probability:   2.63832e-41
per-segment maximum non-zero probability:   0.157274
per-segment probability dynamic range (kT): 91.5861
norm = 1, error in norm = -2.22045e-16 (-1*epsilon)
MAB binning in use
Bottleneck bin occupancy may not be accurately reported
Waiting for segments to complete...
################ MAB stats ################
minima in each dimension:      [19.6365]
maxima in each dimension:      [39.5177]
direction in each dimension:   [-1]
skip in each dimension:        [0]
###########################################
Iteration completed successfully
Iteration wallclock: 0:08:41.448966, cputime: 0:47:35.143161


Thu May  2 23:58:00 2024
Iteration 718 (750 requested)
Beginning iteration 718
124 segments remain in iteration 718 (124 total)
30 of 33 (90.909091%) active bins are populated
per-bin minimum non-zero probability:       2.63832e-41
per-bin maximum probability:                0.415306
per-bin probability dynamic range (kT):     92.5571
per-segment minimum non-zero probability:   6.5958e-42
per-segment maximum non-zero probability:   0.128249
per-segment probability dynamic range (kT): 92.7684
norm = 1, error in norm = -2.22045e-16 (-1*epsilon)
MAB binning in use
Bottleneck bin occupancy may not be accurately reported
Waiting for segments to complete...
################ MAB stats ################
minima in each dimension:      [20.3473]
maxima in each dimension:      [39.7062]
direction in each dimension:   [-1]
skip in each dimension:        [0]
###########################################
Iteration completed successfully
Iteration wallclock: 0:08:37.009822, cputime: 0:46:02.129023


Fri May  3 00:06:37 2024
Iteration 719 (750 requested)
Beginning iteration 719
128 segments remain in iteration 719 (128 total)
32 of 33 (96.969697%) active bins are populated
per-bin minimum non-zero probability:       5.66805e-41
per-bin maximum probability:                0.384362
per-bin probability dynamic range (kT):     91.715
per-segment minimum non-zero probability:   1.41701e-41
per-segment maximum non-zero probability:   0.128249
per-segment probability dynamic range (kT): 92.0037
norm = 1, error in norm = -2.22045e-16 (-1*epsilon)
MAB binning in use
Bottleneck bin occupancy may not be accurately reported
Waiting for segments to complete...
################ MAB stats ################
minima in each dimension:      [18.9186]
maxima in each dimension:      [39.4107]
direction in each dimension:   [-1]
skip in each dimension:        [0]
###########################################
Iteration completed successfully
Iteration wallclock: 0:08:38.490748, cputime: 0:47:37.689067


Fri May  3 00:15:15 2024
Iteration 720 (750 requested)
Beginning iteration 720
128 segments remain in iteration 720 (128 total)
30 of 33 (90.909091%) active bins are populated
per-bin minimum non-zero probability:       2.45503e-40
per-bin maximum probability:                0.367123
per-bin probability dynamic range (kT):     90.2032
per-segment minimum non-zero probability:   3.54253e-42
per-segment maximum non-zero probability:   0.128249
per-segment probability dynamic range (kT): 93.39
norm = 1, error in norm = -1.11022e-16 (-0.5*epsilon)
MAB binning in use
Bottleneck bin occupancy may not be accurately reported
Waiting for segments to complete...
################ MAB stats ################
minima in each dimension:      [19.8808]
maxima in each dimension:      [39.923]
direction in each dimension:   [-1]
skip in each dimension:        [0]
###########################################
Iteration completed successfully
Iteration wallclock: 0:08:37.910355, cputime: 0:47:43.968265


Fri May  3 00:23:53 2024
Iteration 721 (750 requested)
Beginning iteration 721
132 segments remain in iteration 721 (132 total)
33 of 33 (100.000000%) active bins are populated
per-bin minimum non-zero probability:       6.13757e-41
per-bin maximum probability:                0.390334
per-bin probability dynamic range (kT):     91.6508
per-segment minimum non-zero probability:   1.53439e-41
per-segment maximum non-zero probability:   0.128249
per-segment probability dynamic range (kT): 91.9241
norm = 1, error in norm = -4.44089e-16 (-2*epsilon)
MAB binning in use
Bottleneck bin occupancy may not be accurately reported
Waiting for segments to complete...
################ MAB stats ################
minima in each dimension:      [19.4825]
maxima in each dimension:      [38.8142]
direction in each dimension:   [-1]
skip in each dimension:        [0]
###########################################
Iteration completed successfully
Iteration wallclock: 0:09:08.004827, cputime: 0:49:12.996336


Fri May  3 00:33:01 2024
Iteration 722 (750 requested)
Beginning iteration 722
128 segments remain in iteration 722 (128 total)
32 of 33 (96.969697%) active bins are populated
per-bin minimum non-zero probability:       1.53439e-41
per-bin maximum probability:                0.404481
per-bin probability dynamic range (kT):     93.0727
per-segment minimum non-zero probability:   3.83598e-42
per-segment maximum non-zero probability:   0.128249
per-segment probability dynamic range (kT): 93.3104
norm = 1, error in norm = -2.22045e-16 (-1*epsilon)
MAB binning in use
Bottleneck bin occupancy may not be accurately reported
Waiting for segments to complete...
################ MAB stats ################
minima in each dimension:      [18.9776]
maxima in each dimension:      [39.4793]
direction in each dimension:   [-1]
skip in each dimension:        [0]
###########################################
Iteration completed successfully
Iteration wallclock: 0:08:39.625132, cputime: 0:47:29.205102


Fri May  3 00:41:41 2024
Iteration 723 (750 requested)
Beginning iteration 723
124 segments remain in iteration 723 (124 total)
31 of 33 (93.939394%) active bins are populated
per-bin minimum non-zero probability:       3.83598e-42
per-bin maximum probability:                0.354942
per-bin probability dynamic range (kT):     94.3283
per-segment minimum non-zero probability:   9.58995e-43
per-segment maximum non-zero probability:   0.128249
per-segment probability dynamic range (kT): 94.6967
norm = 1, error in norm = 0 (0*epsilon)
MAB binning in use
Bottleneck bin occupancy may not be accurately reported
Waiting for segments to complete...
################ MAB stats ################
minima in each dimension:      [19.3786]
maxima in each dimension:      [39.7647]
direction in each dimension:   [-1]
skip in each dimension:        [0]
###########################################
Iteration completed successfully
Iteration wallclock: 0:08:37.791058, cputime: 0:45:57.657191


Fri May  3 00:50:18 2024
Iteration 724 (750 requested)
Beginning iteration 724
124 segments remain in iteration 724 (124 total)
31 of 33 (93.939394%) active bins are populated
per-bin minimum non-zero probability:       4.92088e-41
per-bin maximum probability:                0.345392
per-bin probability dynamic range (kT):     91.7494
per-segment minimum non-zero probability:   1.23022e-41
per-segment maximum non-zero probability:   0.128249
per-segment probability dynamic range (kT): 92.145
norm = 1, error in norm = -2.22045e-16 (-1*epsilon)
MAB binning in use
Bottleneck bin occupancy may not be accurately reported
Waiting for segments to complete...
################ MAB stats ################
minima in each dimension:      [18.5038]
maxima in each dimension:      [39.6972]
direction in each dimension:   [-1]
skip in each dimension:        [0]
###########################################
Iteration completed successfully
Iteration wallclock: 0:08:33.058192, cputime: 0:46:03.062040


Fri May  3 00:58:52 2024
Iteration 725 (750 requested)
Beginning iteration 725
124 segments remain in iteration 725 (124 total)
31 of 33 (93.939394%) active bins are populated
per-bin minimum non-zero probability:       1.23022e-41
per-bin maximum probability:                0.383246
per-bin probability dynamic range (kT):     93.2397
per-segment minimum non-zero probability:   3.07555e-42
per-segment maximum non-zero probability:   0.128249
per-segment probability dynamic range (kT): 93.5313
norm = 1, error in norm = -2.22045e-16 (-1*epsilon)
MAB binning in use
Bottleneck bin occupancy may not be accurately reported
Waiting for segments to complete...
################ MAB stats ################
minima in each dimension:      [19.5353]
maxima in each dimension:      [39.0311]
direction in each dimension:   [-1]
skip in each dimension:        [0]
###########################################
Iteration completed successfully
Iteration wallclock: 0:08:35.305801, cputime: 0:45:58.151896


Fri May  3 01:07:27 2024
Iteration 726 (750 requested)
Beginning iteration 726
128 segments remain in iteration 726 (128 total)
32 of 33 (96.969697%) active bins are populated
per-bin minimum non-zero probability:       1.48712e-41
per-bin maximum probability:                0.432199
per-bin probability dynamic range (kT):     93.1703
per-segment minimum non-zero probability:   2.94892e-42
per-segment maximum non-zero probability:   0.128249
per-segment probability dynamic range (kT): 93.5734
norm = 1, error in norm = -2.22045e-16 (-1*epsilon)
MAB binning in use
Bottleneck bin occupancy may not be accurately reported
Waiting for segments to complete...
################ MAB stats ################
minima in each dimension:      [18.0742]
maxima in each dimension:      [39.0348]
direction in each dimension:   [-1]
skip in each dimension:        [0]
###########################################
Iteration completed successfully
Iteration wallclock: 0:08:37.915273, cputime: 0:47:27.334480


Fri May  3 01:16:05 2024
Iteration 727 (750 requested)
Beginning iteration 727
120 segments remain in iteration 727 (120 total)
30 of 33 (90.909091%) active bins are populated
per-bin minimum non-zero probability:       5.89784e-42
per-bin maximum probability:                0.319541
per-bin probability dynamic range (kT):     93.7931
per-segment minimum non-zero probability:   1.47446e-42
per-segment maximum non-zero probability:   0.119202
per-segment probability dynamic range (kT): 94.1933
norm = 1, error in norm = -2.22045e-16 (-1*epsilon)
MAB binning in use
Bottleneck bin occupancy may not be accurately reported
Waiting for segments to complete...
################ MAB stats ################
minima in each dimension:      [20.9827]
maxima in each dimension:      [39.4542]
direction in each dimension:   [-1]
skip in each dimension:        [0]
###########################################
Iteration completed successfully
Iteration wallclock: 0:08:01.774127, cputime: 0:44:49.801717


Fri May  3 01:24:07 2024
Iteration 728 (750 requested)
Beginning iteration 728
128 segments remain in iteration 728 (128 total)
32 of 33 (96.969697%) active bins are populated
per-bin minimum non-zero probability:       3.7396e-41
per-bin maximum probability:                0.39177
per-bin probability dynamic range (kT):     92.1499
per-segment minimum non-zero probability:   8.44324e-42
per-segment maximum non-zero probability:   0.128249
per-segment probability dynamic range (kT): 92.5214
norm = 1, error in norm = -1.11022e-16 (-0.5*epsilon)
MAB binning in use
Bottleneck bin occupancy may not be accurately reported
Waiting for segments to complete...
################ MAB stats ################
minima in each dimension:      [18.9448]
maxima in each dimension:      [39.8439]
direction in each dimension:   [-1]
skip in each dimension:        [0]
###########################################
Iteration completed successfully
Iteration wallclock: 0:08:38.372385, cputime: 0:47:36.283474


Fri May  3 01:32:45 2024
Iteration 729 (750 requested)
Beginning iteration 729
128 segments remain in iteration 729 (128 total)
32 of 33 (96.969697%) active bins are populated
per-bin minimum non-zero probability:       9.34899e-42
per-bin maximum probability:                0.37587
per-bin probability dynamic range (kT):     93.4948
per-segment minimum non-zero probability:   2.33725e-42
per-segment maximum non-zero probability:   0.128249
per-segment probability dynamic range (kT): 93.8058
norm = 1, error in norm = -1.11022e-16 (-0.5*epsilon)
MAB binning in use
Bottleneck bin occupancy may not be accurately reported
Waiting for segments to complete...
################ MAB stats ################
minima in each dimension:      [19.3118]
maxima in each dimension:      [39.6756]
direction in each dimension:   [-1]
skip in each dimension:        [0]
###########################################
Iteration completed successfully
Iteration wallclock: 0:08:33.983414, cputime: 0:47:46.757311


Fri May  3 01:41:19 2024
Iteration 730 (750 requested)
Beginning iteration 730
128 segments remain in iteration 730 (128 total)
32 of 33 (96.969697%) active bins are populated
per-bin minimum non-zero probability:       1.90206e-41
per-bin maximum probability:                0.359343
per-bin probability dynamic range (kT):     92.7396
per-segment minimum non-zero probability:   4.75514e-42
per-segment maximum non-zero probability:   0.128249
per-segment probability dynamic range (kT): 93.0956
norm = 1, error in norm = -1.11022e-16 (-0.5*epsilon)
MAB binning in use
Bottleneck bin occupancy may not be accurately reported
Waiting for segments to complete...
################ MAB stats ################
minima in each dimension:      [20.841]
maxima in each dimension:      [39.8278]
direction in each dimension:   [-1]
skip in each dimension:        [0]
###########################################
Iteration completed successfully
Iteration wallclock: 0:08:40.950899, cputime: 0:47:34.891229


Fri May  3 01:50:00 2024
Iteration 731 (750 requested)
Beginning iteration 731
120 segments remain in iteration 731 (120 total)
30 of 33 (90.909091%) active bins are populated
per-bin minimum non-zero probability:       2.47296e-41
per-bin maximum probability:                0.281915
per-bin probability dynamic range (kT):     92.2344
per-segment minimum non-zero probability:   4.75514e-42
per-segment maximum non-zero probability:   0.128249
per-segment probability dynamic range (kT): 93.0956
norm = 1, error in norm = -1.11022e-16 (-0.5*epsilon)
MAB binning in use
Bottleneck bin occupancy may not be accurately reported
Waiting for segments to complete...
################ MAB stats ################
minima in each dimension:      [19.591]
maxima in each dimension:      [39.1852]
direction in each dimension:   [-1]
skip in each dimension:        [0]
###########################################
Iteration completed successfully
Iteration wallclock: 0:08:07.116384, cputime: 0:44:37.552832


Fri May  3 01:58:07 2024
Iteration 732 (750 requested)
Beginning iteration 732
124 segments remain in iteration 732 (124 total)
31 of 33 (93.939394%) active bins are populated
per-bin minimum non-zero probability:       6.73011e-42
per-bin maximum probability:                0.400952
per-bin probability dynamic range (kT):     93.8881
per-segment minimum non-zero probability:   1.68253e-42
per-segment maximum non-zero probability:   0.128249
per-segment probability dynamic range (kT): 94.1345
norm = 1, error in norm = -4.44089e-16 (-2*epsilon)
MAB binning in use
Bottleneck bin occupancy may not be accurately reported
Waiting for segments to complete...
################ MAB stats ################
minima in each dimension:      [20.2787]
maxima in each dimension:      [39.9213]
direction in each dimension:   [-1]
skip in each dimension:        [0]
###########################################
Iteration completed successfully
Iteration wallclock: 0:08:34.033893, cputime: 0:46:10.179572


Fri May  3 02:06:41 2024
Iteration 733 (750 requested)
Beginning iteration 733
128 segments remain in iteration 733 (128 total)
32 of 33 (96.969697%) active bins are populated
per-bin minimum non-zero probability:       1.68253e-42
per-bin maximum probability:                0.363121
per-bin probability dynamic range (kT):     95.1753
per-segment minimum non-zero probability:   4.20632e-43
per-segment maximum non-zero probability:   0.128249
per-segment probability dynamic range (kT): 95.5208
norm = 1, error in norm = -2.22045e-16 (-1*epsilon)
MAB binning in use
Bottleneck bin occupancy may not be accurately reported
Waiting for segments to complete...
################ MAB stats ################
minima in each dimension:      [19.954]
maxima in each dimension:      [38.7749]
direction in each dimension:   [-1]
skip in each dimension:        [0]
###########################################
Iteration completed successfully
Iteration wallclock: 0:08:36.488368, cputime: 0:47:47.003296


Fri May  3 02:15:17 2024
Iteration 734 (750 requested)
Beginning iteration 734
128 segments remain in iteration 734 (128 total)
32 of 33 (96.969697%) active bins are populated
per-bin minimum non-zero probability:       2.80374e-42
per-bin maximum probability:                0.458885
per-bin probability dynamic range (kT):     94.8987
per-segment minimum non-zero probability:   7.00936e-43
per-segment maximum non-zero probability:   0.128249
per-segment probability dynamic range (kT): 95.0101
norm = 1, error in norm = -2.22045e-16 (-1*epsilon)
MAB binning in use
Bottleneck bin occupancy may not be accurately reported
Waiting for segments to complete...
################ MAB stats ################
minima in each dimension:      [19.5258]
maxima in each dimension:      [39.9603]
direction in each dimension:   [-1]
skip in each dimension:        [0]
###########################################
Iteration completed successfully
Iteration wallclock: 0:08:41.587870, cputime: 0:47:25.439885


Fri May  3 02:23:59 2024
Iteration 735 (750 requested)
Beginning iteration 735
124 segments remain in iteration 735 (124 total)
31 of 33 (93.939394%) active bins are populated
per-bin minimum non-zero probability:       6.73011e-42
per-bin maximum probability:                0.363976
per-bin probability dynamic range (kT):     93.7913
per-segment minimum non-zero probability:   1.68253e-42
per-segment maximum non-zero probability:   0.128249
per-segment probability dynamic range (kT): 94.1345
norm = 1, error in norm = -3.33067e-16 (-1.5*epsilon)
MAB binning in use
Bottleneck bin occupancy may not be accurately reported
Waiting for segments to complete...
################ MAB stats ################
minima in each dimension:      [20.0863]
maxima in each dimension:      [39.6768]
direction in each dimension:   [-1]
skip in each dimension:        [0]
###########################################
Iteration completed successfully
Iteration wallclock: 0:08:34.091637, cputime: 0:45:43.327566


Fri May  3 02:32:33 2024
Iteration 736 (750 requested)
Beginning iteration 736
128 segments remain in iteration 736 (128 total)
32 of 33 (96.969697%) active bins are populated
per-bin minimum non-zero probability:       1.68253e-42
per-bin maximum probability:                0.40371
per-bin probability dynamic range (kT):     95.2812
per-segment minimum non-zero probability:   4.20632e-43
per-segment maximum non-zero probability:   0.128249
per-segment probability dynamic range (kT): 95.5208
norm = 1, error in norm = -2.22045e-16 (-1*epsilon)
MAB binning in use
Bottleneck bin occupancy may not be accurately reported
Waiting for segments to complete...
################ MAB stats ################
minima in each dimension:      [19.9958]
maxima in each dimension:      [39.848]
direction in each dimension:   [-1]
skip in each dimension:        [0]
###########################################
Iteration completed successfully
Iteration wallclock: 0:08:38.386924, cputime: 0:47:36.097626


Fri May  3 02:41:12 2024
Iteration 737 (750 requested)
Beginning iteration 737
132 segments remain in iteration 737 (132 total)
33 of 33 (100.000000%) active bins are populated
per-bin minimum non-zero probability:       1.41827e-42
per-bin maximum probability:                0.387537
per-bin probability dynamic range (kT):     95.4112
per-segment minimum non-zero probability:   3.54567e-43
per-segment maximum non-zero probability:   0.128249
per-segment probability dynamic range (kT): 95.6917
norm = 1, error in norm = -2.22045e-16 (-1*epsilon)
MAB binning in use
Bottleneck bin occupancy may not be accurately reported
Waiting for segments to complete...
################ MAB stats ################
minima in each dimension:      [17.5364]
maxima in each dimension:      [39.0517]
direction in each dimension:   [-1]
skip in each dimension:        [0]
###########################################
Iteration completed successfully
Iteration wallclock: 0:09:11.342895, cputime: 0:49:01.587431


Fri May  3 02:50:23 2024
Iteration 738 (750 requested)
Beginning iteration 738
120 segments remain in iteration 738 (120 total)
30 of 33 (90.909091%) active bins are populated
per-bin minimum non-zero probability:       3.54567e-43
per-bin maximum probability:                0.416255
per-bin probability dynamic range (kT):     96.869
per-segment minimum non-zero probability:   8.86418e-44
per-segment maximum non-zero probability:   0.128249
per-segment probability dynamic range (kT): 97.0779
norm = 1, error in norm = -2.22045e-16 (-1*epsilon)
MAB binning in use
Bottleneck bin occupancy may not be accurately reported
Waiting for segments to complete...
################ MAB stats ################
minima in each dimension:      [17.543]
maxima in each dimension:      [39.9849]
direction in each dimension:   [-1]
skip in each dimension:        [0]
###########################################
Iteration completed successfully
Iteration wallclock: 0:08:11.699008, cputime: 0:44:36.048913


Fri May  3 02:58:35 2024
Iteration 739 (750 requested)
Beginning iteration 739
120 segments remain in iteration 739 (120 total)
30 of 33 (90.909091%) active bins are populated
per-bin minimum non-zero probability:       8.86418e-44
per-bin maximum probability:                0.31064
per-bin probability dynamic range (kT):     97.9626
per-segment minimum non-zero probability:   2.21604e-44
per-segment maximum non-zero probability:   0.115669
per-segment probability dynamic range (kT): 98.361
norm = 1, error in norm = -2.22045e-16 (-1*epsilon)
MAB binning in use
Bottleneck bin occupancy may not be accurately reported
Waiting for segments to complete...
################ MAB stats ################
minima in each dimension:      [17.842]
maxima in each dimension:      [38.7856]
direction in each dimension:   [-1]
skip in each dimension:        [0]
###########################################
Iteration completed successfully
Iteration wallclock: 0:08:05.280071, cputime: 0:44:49.934492


Fri May  3 03:06:40 2024
Iteration 740 (750 requested)
Beginning iteration 740
132 segments remain in iteration 740 (132 total)
33 of 33 (100.000000%) active bins are populated
per-bin minimum non-zero probability:       2.21604e-44
per-bin maximum probability:                0.388821
per-bin probability dynamic range (kT):     99.5734
per-segment minimum non-zero probability:   5.54011e-45
per-segment maximum non-zero probability:   0.128151
per-segment probability dynamic range (kT): 99.8498
norm = 1, error in norm = -2.22045e-16 (-1*epsilon)
MAB binning in use
Bottleneck bin occupancy may not be accurately reported
Waiting for segments to complete...
################ MAB stats ################
minima in each dimension:      [17.5402]
maxima in each dimension:      [39.9899]
direction in each dimension:   [-1]
skip in each dimension:        [0]
###########################################
Iteration completed successfully
Iteration wallclock: 0:09:05.916279, cputime: 0:49:18.294018


Fri May  3 03:15:46 2024
Iteration 741 (750 requested)
Beginning iteration 741
128 segments remain in iteration 741 (128 total)
32 of 33 (96.969697%) active bins are populated
per-bin minimum non-zero probability:       1.10802e-44
per-bin maximum probability:                0.411062
per-bin probability dynamic range (kT):     100.322
per-segment minimum non-zero probability:   2.77006e-45
per-segment maximum non-zero probability:   0.128151
per-segment probability dynamic range (kT): 100.543
norm = 1, error in norm = -2.22045e-16 (-1*epsilon)
MAB binning in use
Bottleneck bin occupancy may not be accurately reported
Waiting for segments to complete...
################ MAB stats ################
minima in each dimension:      [17.6138]
maxima in each dimension:      [39.1615]
direction in each dimension:   [-1]
skip in each dimension:        [0]
###########################################
Iteration completed successfully
Iteration wallclock: 0:08:40.135975, cputime: 0:47:29.491730


Fri May  3 03:24:26 2024
Iteration 742 (750 requested)
Beginning iteration 742
132 segments remain in iteration 742 (132 total)
33 of 33 (100.000000%) active bins are populated
per-bin minimum non-zero probability:       2.77006e-45
per-bin maximum probability:                0.388201
per-bin probability dynamic range (kT):     101.651
per-segment minimum non-zero probability:   6.92514e-46
per-segment maximum non-zero probability:   0.115669
per-segment probability dynamic range (kT): 101.827
norm = 1, error in norm = -3.33067e-16 (-1.5*epsilon)
MAB binning in use
Bottleneck bin occupancy may not be accurately reported
Waiting for segments to complete...
################ MAB stats ################
minima in each dimension:      [18.5861]
maxima in each dimension:      [39.5306]
direction in each dimension:   [-1]
skip in each dimension:        [0]
###########################################
Iteration completed successfully
Iteration wallclock: 0:09:09.762961, cputime: 0:49:04.009850


Fri May  3 03:33:36 2024
Iteration 743 (750 requested)
Beginning iteration 743
128 segments remain in iteration 743 (128 total)
31 of 33 (93.939394%) active bins are populated
per-bin minimum non-zero probability:       1.38503e-45
per-bin maximum probability:                0.366353
per-bin probability dynamic range (kT):     102.286
per-segment minimum non-zero probability:   3.46257e-46
per-segment maximum non-zero probability:   0.115669
per-segment probability dynamic range (kT): 102.52
norm = 1, error in norm = -2.22045e-16 (-1*epsilon)
MAB binning in use
Bottleneck bin occupancy may not be accurately reported
Waiting for segments to complete...
################ MAB stats ################
minima in each dimension:      [17.0101]
maxima in each dimension:      [39.9149]
direction in each dimension:   [-1]
skip in each dimension:        [0]
###########################################
Iteration completed successfully
Iteration wallclock: 0:08:38.444411, cputime: 0:47:40.370227


Fri May  3 03:42:14 2024
Iteration 744 (750 requested)
Beginning iteration 744
124 segments remain in iteration 744 (124 total)
31 of 33 (93.939394%) active bins are populated
per-bin minimum non-zero probability:       3.46257e-46
per-bin maximum probability:                0.546086
per-bin probability dynamic range (kT):     104.072
per-segment minimum non-zero probability:   8.65642e-47
per-segment maximum non-zero probability:   0.185222
per-segment probability dynamic range (kT): 104.377
norm = 1, error in norm = -3.33067e-16 (-1.5*epsilon)
MAB binning in use
Bottleneck bin occupancy may not be accurately reported
Waiting for segments to complete...
################ MAB stats ################
minima in each dimension:      [19.1074]
maxima in each dimension:      [39.6711]
direction in each dimension:   [-1]
skip in each dimension:        [0]
###########################################
Iteration completed successfully
Iteration wallclock: 0:08:36.337729, cputime: 0:46:02.024104


Fri May  3 03:50:51 2024
Iteration 745 (750 requested)
Beginning iteration 745
132 segments remain in iteration 745 (132 total)
33 of 33 (100.000000%) active bins are populated
per-bin minimum non-zero probability:       4.61167e-45
per-bin maximum probability:                0.42494
per-bin probability dynamic range (kT):     101.232
per-segment minimum non-zero probability:   1.15292e-45
per-segment maximum non-zero probability:   0.139904
per-segment probability dynamic range (kT): 101.507
norm = 1, error in norm = 0 (0*epsilon)
MAB binning in use
Bottleneck bin occupancy may not be accurately reported
Waiting for segments to complete...
################ MAB stats ################
minima in each dimension:      [18.4456]
maxima in each dimension:      [39.9117]
direction in each dimension:   [-1]
skip in each dimension:        [0]
###########################################
Iteration completed successfully
Iteration wallclock: 0:09:08.550364, cputime: 0:49:03.149048


Fri May  3 03:59:59 2024
Iteration 746 (750 requested)
Beginning iteration 746
132 segments remain in iteration 746 (132 total)
33 of 33 (100.000000%) active bins are populated
per-bin minimum non-zero probability:       2.30584e-45
per-bin maximum probability:                0.42494
per-bin probability dynamic range (kT):     101.925
per-segment minimum non-zero probability:   5.76459e-46
per-segment maximum non-zero probability:   0.139904
per-segment probability dynamic range (kT): 102.2
norm = 1, error in norm = -4.44089e-16 (-2*epsilon)
MAB binning in use
Bottleneck bin occupancy may not be accurately reported
Waiting for segments to complete...
################ MAB stats ################
minima in each dimension:      [18.714]
maxima in each dimension:      [39.5751]
direction in each dimension:   [-1]
skip in each dimension:        [0]
###########################################
Iteration completed successfully
Iteration wallclock: 0:09:02.191128, cputime: 0:49:12.357929


Fri May  3 04:09:01 2024
Iteration 747 (750 requested)
Beginning iteration 747
128 segments remain in iteration 747 (128 total)
32 of 33 (96.969697%) active bins are populated
per-bin minimum non-zero probability:       5.76459e-46
per-bin maximum probability:                0.414304
per-bin probability dynamic range (kT):     103.286
per-segment minimum non-zero probability:   1.44115e-46
per-segment maximum non-zero probability:   0.139904
per-segment probability dynamic range (kT): 103.587
norm = 1, error in norm = -2.22045e-16 (-1*epsilon)
MAB binning in use
Bottleneck bin occupancy may not be accurately reported
Waiting for segments to complete...
################ MAB stats ################
minima in each dimension:      [17.7605]
maxima in each dimension:      [39.924]
direction in each dimension:   [-1]
skip in each dimension:        [0]
###########################################
Iteration completed successfully
Iteration wallclock: 0:08:38.188945, cputime: 0:47:30.107919


Fri May  3 04:17:39 2024
Iteration 748 (750 requested)
Beginning iteration 748
124 segments remain in iteration 748 (124 total)
31 of 33 (93.939394%) active bins are populated
per-bin minimum non-zero probability:       1.74773e-43
per-bin maximum probability:                0.245195
per-bin probability dynamic range (kT):     97.0471
per-segment minimum non-zero probability:   4.36934e-44
per-segment maximum non-zero probability:   0.10529
per-segment probability dynamic range (kT): 97.5881
norm = 1, error in norm = -1.11022e-16 (-0.5*epsilon)
MAB binning in use
Bottleneck bin occupancy may not be accurately reported
Waiting for segments to complete...
################ MAB stats ################
minima in each dimension:      [18.2236]
maxima in each dimension:      [39.9317]
direction in each dimension:   [-1]
skip in each dimension:        [0]
###########################################
Iteration completed successfully
Iteration wallclock: 0:08:37.514650, cputime: 0:46:04.356651


Fri May  3 04:26:17 2024
Iteration 749 (750 requested)
Beginning iteration 749
132 segments remain in iteration 749 (132 total)
33 of 33 (100.000000%) active bins are populated
per-bin minimum non-zero probability:       4.36934e-44
per-bin maximum probability:                0.380335
per-bin probability dynamic range (kT):     98.8724
per-segment minimum non-zero probability:   1.09233e-44
per-segment maximum non-zero probability:   0.126107
per-segment probability dynamic range (kT): 99.1548
norm = 1, error in norm = 0 (0*epsilon)
MAB binning in use
Bottleneck bin occupancy may not be accurately reported
Waiting for segments to complete...
################ MAB stats ################
minima in each dimension:      [18.3558]
maxima in each dimension:      [39.929]
direction in each dimension:   [-1]
skip in each dimension:        [0]
###########################################
Iteration completed successfully
Iteration wallclock: 0:09:12.900850, cputime: 0:48:39.524241


Fri May  3 04:35:30 2024
Iteration 750 (750 requested)
Beginning iteration 750
132 segments remain in iteration 750 (132 total)
33 of 33 (100.000000%) active bins are populated
per-bin minimum non-zero probability:       1.09233e-44
per-bin maximum probability:                0.455186
per-bin probability dynamic range (kT):     100.438
per-segment minimum non-zero probability:   2.73083e-45
per-segment maximum non-zero probability:   0.130231
per-segment probability dynamic range (kT): 100.573
norm = 1, error in norm = -3.33067e-16 (-1.5*epsilon)
MAB binning in use
Bottleneck bin occupancy may not be accurately reported
Waiting for segments to complete...
################ MAB stats ################
minima in each dimension:      [17.623]
maxima in each dimension:      [39.3537]
direction in each dimension:   [-1]
skip in each dimension:        [0]
###########################################
Iteration completed successfully
Iteration wallclock: 0:09:06.463932, cputime: 0:49:11.573960


Fri May  3 04:44:36 2024
WEST run complete.
