
          -------------------------------------------------------
          Amber 22 PMEMD                              2022
          -------------------------------------------------------

| PMEMD implementation of SANDER, Release 22

|  Compiled date/time: Thu Apr 14 14:06:37 2022
| Run on 05/05/2023 at 11:08:57

|   Executable path: pmemd.MPI
| Working directory: /ix/lchong/dty7/d1d2/2kod/4F/stdMD/v01
|          Hostname: smp-n28

  [-O]verwriting output

File Assignments:
|   MDIN: 03_eq1.in                                                             
|  MDOUT: 03_eq1.out                                                            
| INPCRD: 02_min.rst                                                            
|   PARM: 2kod_4f_solv.prmtop                                                   
| RESTRT: 03_eq1.rst                                                            
|   REFC: 02_min.rst                                                            
|  MDVEL: mdvel                                                                 
|   MDEN: mden                                                                  
|  MDCRD: mdcrd                                                                 
| MDINFO: mdinfo                                                                
|LOGFILE: logfile                                                               
|  MDFRC: mdfrc                                                                 


 Here is the input file:

20 ps solute restrained NVT equilibration using Langevin thermostat            
&cntrl                                                                         
  irest     = 0,                                                               
  ntx       = 1,                                                               
  ig        = -1,                                                              
  dt        = 0.002,                                                           
  nstlim    = 10000,                                                           
  nscm      = 500,                                                             
  ntr       = 1,                                                               
  restraint_wt  = 1.0,                                                         
  restraintmask = '!:WAT & !@H',                                               
  ntb       = 1,                                                               
  ntp       = 0,                                                               
  ntt       = 3,                                                               
  tempi     = 298.0,                                                           
  temp0     = 298.0,                                                           
  gamma_ln  = 1.0,                                                             
  ntf       = 2,                                                               
  ntc       = 2,                                                               
  cut       = 10.0,                                                            
  ntpr      = 500,                                                             
  ntxo      = 2,                                                               
  ntwr      = 10000,                                                           
  ioutfm    = 1,                                                               
  ntwx      = 500,                                                             
  iwrap     = 1,                                                               
&end                                                                           


Note: ig = -1. Setting random seed to   853556 based on wallclock time in
      microseconds and disabling the synchronization of random numbers 
      between tasks to improve performance.
| irandom = 1, using AMBER's internal random number generator (default).
 
 
| Conditional Compilation Defines Used:
| MPI
| PUBFFT
| BINTRAJ
| EMIL

| Largest sphere to fit in unit cell has radius =    37.766

| New format PARM file being parsed.
| Version =    1.000 Date = 05/05/23 Time = 11:00:33

| Note: 1-4 EEL scale factors are being read from the topology file.

| Note: 1-4 VDW scale factors are being read from the topology file.
| Duplicated    0 dihedrals

| Duplicated    0 dihedrals

--------------------------------------------------------------------------------
   1.  RESOURCE   USE: 
--------------------------------------------------------------------------------

 getting box info from netcdf restart file
 NATOM  =   54644 NTYPES =      19 NBONH =   53266 MBONA  =    1402
 NTHETH =    3158 MTHETA =    1898 NPHIH =    6032 MPHIA  =    6482
 NHPARM =       0 NPARM  =       0 NNB   =   84430 NRES   =   17472
 NBONA  =    1402 NTHETA =    1898 NPHIA =    6482 NUMBND =      87
 NUMANG =     202 NPTRA  =     423 NATYP =      45 NPHB   =       0
 IFBOX  =       2 NMXRS  =      24 IFCAP =       0 NEXTRA =       0
 NCOPY  =       0

| Coordinate Index Table dimensions:    13   13   13
| Direct force subcell size =     7.1159    7.1159    7.1159

     BOX TYPE: TRUNCATED OCTAHEDRON

--------------------------------------------------------------------------------
   2.  CONTROL  DATA  FOR  THE  RUN
--------------------------------------------------------------------------------

default_name                                                                    

General flags:
     imin    =       0, nmropt  =       0

Nature and format of input:
     ntx     =       1, irest   =       0, ntrx    =       1

Nature and format of output:
     ntxo    =       2, ntpr    =     500, ntrx    =       1, ntwr    =   10000
     iwrap   =       1, ntwx    =     500, ntwv    =       0, ntwe    =       0
     ioutfm  =       1, ntwprt  =       0, idecomp =       0, rbornstat=      0

Potential function:
     ntf     =       2, ntb     =       1, igb     =       0, nsnb    =      25
     ipol    =       0, gbsa    =       0, iesp    =       0
     dielc   =   1.00000, cut     =  10.00000, intdiel =   1.00000

Frozen or restrained atoms:
     ibelly  =       0, ntr     =       1
     restraint_wt =   1.00000

Molecular dynamics:
     nstlim  =     10000, nscm    =         0, nrespa  =         1
     t       =   0.00000, dt      =   0.00200, vlimit  =  20.00000

Langevin dynamics temperature regulation:
     ig      =  853556
     temp0   = 298.00000, tempi   = 298.00000, gamma_ln=   1.00000

SHAKE:
     ntc     =       2, jfastw  =       0
     tol     =   0.00001

| Intermolecular bonds treatment:
|     no_intermolecular_bonds =       1

| Energy averages sample interval:
|     ene_avg_sampling =     500

Ewald parameters:
     verbose =       0, ew_type =       0, nbflag  =       1, use_pme =       1
     vdwmeth =       1, eedmeth =       1, netfrc  =       1
     Box X =   92.507   Box Y =   92.507   Box Z =   92.507
     Alpha =  109.471   Beta  =  109.471   Gamma =  109.471
     NFFT1 =   96       NFFT2 =   96       NFFT3 =   96
     Cutoff=   10.000   Tol   =0.100E-04
     Ewald Coefficient =  0.27511
     Interpolation order =    4

| PMEMD ewald parallel performance parameters:
|     block_fft =    0
|     fft_blk_y_divisor =    2
|     excl_recip =    0
|     excl_master =    0
|     atm_redist_freq =  320

    LOADING THE CONSTRAINED ATOMS AS GROUPS


   5.  REFERENCE ATOM COORDINATES

  default_name                                                                    
     Mask !:WAT & !@H; matches  2600 atoms

--------------------------------------------------------------------------------
   3.  ATOMIC COORDINATES AND VELOCITIES
--------------------------------------------------------------------------------

default_name                                                                    
 begin time read from input coords =     0.000 ps

 
 Number of triangulated 3-point waters found:    17294

     Sum of charges from parm topology file =  -0.00001890
     Forcing neutrality...

| Dynamic Memory, Types Used:
| Reals             2389447
| Integers          2371866

| Nonbonded Pairs Initial Allocation:     2676189

| Running AMBER/MPI version on    8 MPI task

 
--------------------------------------------------------------------------------
   4.  RESULTS
--------------------------------------------------------------------------------

 ---------------------------------------------------
 APPROXIMATING switch and d/dx switch using CUBIC SPLINE INTERPOLATION
 using   5000.0 points per unit in tabled values
 TESTING RELATIVE ERROR over r ranging from 0.0 to cutoff
| CHECK switch(x): max rel err =   0.2738E-14   at   2.422500
| CHECK d/dx switch(x): max rel err =   0.8314E-11   at   2.736960
 ---------------------------------------------------
|---------------------------------------------------
| APPROXIMATING direct energy using CUBIC SPLINE INTERPOLATION
|  with   50.0 points per unit in tabled values
| Relative Error Limit not exceeded for r .gt.   2.33
| APPROXIMATING direct force using CUBIC SPLINE INTERPOLATION
|  with   50.0 points per unit in tabled values
| Relative Error Limit not exceeded for r .gt.   2.80
|---------------------------------------------------

 NSTEP =        0   TIME(PS) =       0.000  TEMP(K) =   441.17  PRESS =     0.0
 Etot   =   -232638.5088  EKtot   =     48509.3637  EPtot      =   -281147.8724
 BOND   =       137.7657  ANGLE   =       544.7363  DIHED      =     -1590.5043
 1-4 NB =       572.6708  1-4 EEL =     10589.7838  VDWAALS    =     59173.9814
 EELEC  =   -350576.3060  EHBOND  =         0.0000  RESTRAINT  =         0.0000
 Ewald error estimate:   0.1148E-03
 ------------------------------------------------------------------------------


 NSTEP =      500   TIME(PS) =       1.000  TEMP(K) =   242.53  PRESS =     0.0
 Etot   =   -180433.2669  EKtot   =     26667.4676  EPtot      =   -207100.7345
 BOND   =       493.0292  ANGLE   =      1338.4130  DIHED      =     -1408.8220
 1-4 NB =       639.7991  1-4 EEL =     10630.1161  VDWAALS    =     37053.0461
 EELEC  =   -256029.0099  EHBOND  =         0.0000  RESTRAINT  =       182.6939
 EAMBER (non-restraint)  =   -207283.4284
 Ewald error estimate:   0.1183E-03
 ------------------------------------------------------------------------------


 NSTEP =     1000   TIME(PS) =       2.000  TEMP(K) =   274.07  PRESS =     0.0
 Etot   =   -172333.8938  EKtot   =     30135.6888  EPtot      =   -202469.5826
 BOND   =       527.3122  ANGLE   =      1540.0702  DIHED      =     -1375.6588
 1-4 NB =       639.7833  1-4 EEL =     10558.7246  VDWAALS    =     35380.1083
 EELEC  =   -249938.1961  EHBOND  =         0.0000  RESTRAINT  =       198.2737
 EAMBER (non-restraint)  =   -202667.8563
 Ewald error estimate:   0.7018E-04
 ------------------------------------------------------------------------------


 NSTEP =     1500   TIME(PS) =       3.000  TEMP(K) =   287.49  PRESS =     0.0
 Etot   =   -168551.3947  EKtot   =     31611.8611  EPtot      =   -200163.2558
 BOND   =       558.4921  ANGLE   =      1563.0631  DIHED      =     -1377.7621
 1-4 NB =       641.1908  1-4 EEL =     10503.6387  VDWAALS    =     34794.6103
 EELEC  =   -247064.0830  EHBOND  =         0.0000  RESTRAINT  =       217.5944
 EAMBER (non-restraint)  =   -200380.8502
 Ewald error estimate:   0.9421E-04
 ------------------------------------------------------------------------------


 NSTEP =     2000   TIME(PS) =       4.000  TEMP(K) =   295.54  PRESS =     0.0
 Etot   =   -166334.6329  EKtot   =     32496.4214  EPtot      =   -198831.0543
 BOND   =       537.4930  ANGLE   =      1588.7529  DIHED      =     -1389.0489
 1-4 NB =       637.1491  1-4 EEL =     10584.3606  VDWAALS    =     33830.2047
 EELEC  =   -244832.9069  EHBOND  =         0.0000  RESTRAINT  =       212.9411
 EAMBER (non-restraint)  =   -199043.9954
 Ewald error estimate:   0.5017E-04
 ------------------------------------------------------------------------------


 NSTEP =     2500   TIME(PS) =       5.000  TEMP(K) =   294.20  PRESS =     0.0
 Etot   =   -165573.5448  EKtot   =     32349.5427  EPtot      =   -197923.0875
 BOND   =       581.3300  ANGLE   =      1619.7162  DIHED      =     -1379.5718
 1-4 NB =       641.9880  1-4 EEL =     10493.6805  VDWAALS    =     33332.7373
 EELEC  =   -243427.5567  EHBOND  =         0.0000  RESTRAINT  =       214.5890
 EAMBER (non-restraint)  =   -198137.6765
 Ewald error estimate:   0.2414E-04
 ------------------------------------------------------------------------------


 NSTEP =     3000   TIME(PS) =       6.000  TEMP(K) =   296.80  PRESS =     0.0
 Etot   =   -165407.2107  EKtot   =     32635.1480  EPtot      =   -198042.3587
 BOND   =       547.0579  ANGLE   =      1589.4851  DIHED      =     -1358.5505
 1-4 NB =       642.6324  1-4 EEL =     10522.7234  VDWAALS    =     33251.4537
 EELEC  =   -243428.0562  EHBOND  =         0.0000  RESTRAINT  =       190.8954
 EAMBER (non-restraint)  =   -198233.2541
 Ewald error estimate:   0.3628E-04
 ------------------------------------------------------------------------------


 NSTEP =     3500   TIME(PS) =       7.000  TEMP(K) =   296.29  PRESS =     0.0
 Etot   =   -165332.9995  EKtot   =     32579.7193  EPtot      =   -197912.7188
 BOND   =       551.3048  ANGLE   =      1550.2981  DIHED      =     -1391.8578
 1-4 NB =       645.0488  1-4 EEL =     10564.7081  VDWAALS    =     32899.3101
 EELEC  =   -242946.0126  EHBOND  =         0.0000  RESTRAINT  =       214.4818
 EAMBER (non-restraint)  =   -198127.2006
 Ewald error estimate:   0.8430E-04
 ------------------------------------------------------------------------------


 NSTEP =     4000   TIME(PS) =       8.000  TEMP(K) =   292.68  PRESS =     0.0
 Etot   =   -165196.2717  EKtot   =     32182.2242  EPtot      =   -197378.4959
 BOND   =       563.7376  ANGLE   =      1589.9990  DIHED      =     -1396.4014
 1-4 NB =       643.6964  1-4 EEL =     10581.9164  VDWAALS    =     33115.2571
 EELEC  =   -242692.0333  EHBOND  =         0.0000  RESTRAINT  =       215.3322
 EAMBER (non-restraint)  =   -197593.8281
 Ewald error estimate:   0.1105E-03
 ------------------------------------------------------------------------------


 NSTEP =     4500   TIME(PS) =       9.000  TEMP(K) =   296.57  PRESS =     0.0
 Etot   =   -164859.3477  EKtot   =     32610.0449  EPtot      =   -197469.3926
 BOND   =       584.0862  ANGLE   =      1627.2879  DIHED      =     -1397.3340
 1-4 NB =       641.7159  1-4 EEL =     10565.6973  VDWAALS    =     33144.7380
 EELEC  =   -242863.4568  EHBOND  =         0.0000  RESTRAINT  =       227.8730
 EAMBER (non-restraint)  =   -197697.2656
 Ewald error estimate:   0.3181E-04
 ------------------------------------------------------------------------------


 NSTEP =     5000   TIME(PS) =      10.000  TEMP(K) =   298.65  PRESS =     0.0
 Etot   =   -164556.3034  EKtot   =     32838.2887  EPtot      =   -197394.5921
 BOND   =       555.5549  ANGLE   =      1609.2284  DIHED      =     -1404.0398
 1-4 NB =       650.7588  1-4 EEL =     10591.1164  VDWAALS    =     33254.1542
 EELEC  =   -242856.3780  EHBOND  =         0.0000  RESTRAINT  =       205.0131
 EAMBER (non-restraint)  =   -197599.6051
 Ewald error estimate:   0.1074E-03
 ------------------------------------------------------------------------------


 NSTEP =     5500   TIME(PS) =      11.000  TEMP(K) =   298.94  PRESS =     0.0
 Etot   =   -164394.1037  EKtot   =     32870.2646  EPtot      =   -197264.3683
 BOND   =       576.2362  ANGLE   =      1609.1906  DIHED      =     -1400.7335
 1-4 NB =       651.3633  1-4 EEL =     10506.0669  VDWAALS    =     32482.8925
 EELEC  =   -241925.4050  EHBOND  =         0.0000  RESTRAINT  =       236.0206
 EAMBER (non-restraint)  =   -197500.3890
 Ewald error estimate:   0.6373E-05
 ------------------------------------------------------------------------------


 NSTEP =     6000   TIME(PS) =      12.000  TEMP(K) =   297.25  PRESS =     0.0
 Etot   =   -164231.3716  EKtot   =     32685.1166  EPtot      =   -196916.4882
 BOND   =       555.8697  ANGLE   =      1589.6918  DIHED      =     -1379.4661
 1-4 NB =       631.2283  1-4 EEL =     10503.2641  VDWAALS    =     32326.0056
 EELEC  =   -241356.3830  EHBOND  =         0.0000  RESTRAINT  =       213.3014
 EAMBER (non-restraint)  =   -197129.7896
 Ewald error estimate:   0.1314E-03
 ------------------------------------------------------------------------------


 NSTEP =     6500   TIME(PS) =      13.000  TEMP(K) =   296.56  PRESS =     0.0
 Etot   =   -164594.2109  EKtot   =     32609.0606  EPtot      =   -197203.2715
 BOND   =       563.3775  ANGLE   =      1587.1767  DIHED      =     -1381.9484
 1-4 NB =       641.0133  1-4 EEL =     10528.4316  VDWAALS    =     32763.9470
 EELEC  =   -242134.6013  EHBOND  =         0.0000  RESTRAINT  =       229.3321
 EAMBER (non-restraint)  =   -197432.6036
 Ewald error estimate:   0.1057E-03
 ------------------------------------------------------------------------------


 NSTEP =     7000   TIME(PS) =      14.000  TEMP(K) =   296.21  PRESS =     0.0
 Etot   =   -164458.0252  EKtot   =     32570.7301  EPtot      =   -197028.7553
 BOND   =       568.2884  ANGLE   =      1529.2030  DIHED      =     -1410.2748
 1-4 NB =       671.5123  1-4 EEL =     10606.5748  VDWAALS    =     32790.5925
 EELEC  =   -241998.4921  EHBOND  =         0.0000  RESTRAINT  =       213.8407
 EAMBER (non-restraint)  =   -197242.5960
 Ewald error estimate:   0.8356E-05
 ------------------------------------------------------------------------------


 NSTEP =     7500   TIME(PS) =      15.000  TEMP(K) =   296.82  PRESS =     0.0
 Etot   =   -164169.6162  EKtot   =     32637.1993  EPtot      =   -196806.8155
 BOND   =       566.6802  ANGLE   =      1551.8628  DIHED      =     -1395.9144
 1-4 NB =       655.9099  1-4 EEL =     10584.0687  VDWAALS    =     32838.6836
 EELEC  =   -241825.3362  EHBOND  =         0.0000  RESTRAINT  =       217.2297
 EAMBER (non-restraint)  =   -197024.0452
 Ewald error estimate:   0.1784E-04
 ------------------------------------------------------------------------------


 NSTEP =     8000   TIME(PS) =      16.000  TEMP(K) =   296.35  PRESS =     0.0
 Etot   =   -164552.6333  EKtot   =     32586.2657  EPtot      =   -197138.8990
 BOND   =       543.6153  ANGLE   =      1591.4398  DIHED      =     -1382.7919
 1-4 NB =       647.6453  1-4 EEL =     10561.3045  VDWAALS    =     32405.3564
 EELEC  =   -241734.5483  EHBOND  =         0.0000  RESTRAINT  =       229.0800
 EAMBER (non-restraint)  =   -197367.9790
 Ewald error estimate:   0.1644E-04
 ------------------------------------------------------------------------------


 NSTEP =     8500   TIME(PS) =      17.000  TEMP(K) =   297.76  PRESS =     0.0
 Etot   =   -164704.5646  EKtot   =     32740.8502  EPtot      =   -197445.4148
 BOND   =       534.6651  ANGLE   =      1547.4300  DIHED      =     -1382.8133
 1-4 NB =       657.9778  1-4 EEL =     10575.9213  VDWAALS    =     32841.9671
 EELEC  =   -242425.2232  EHBOND  =         0.0000  RESTRAINT  =       204.6605
 EAMBER (non-restraint)  =   -197650.0753
 Ewald error estimate:   0.9987E-04
 ------------------------------------------------------------------------------


 NSTEP =     9000   TIME(PS) =      18.000  TEMP(K) =   300.16  PRESS =     0.0
 Etot   =   -164335.6985  EKtot   =     33005.1923  EPtot      =   -197340.8908
 BOND   =       556.4859  ANGLE   =      1542.2266  DIHED      =     -1379.2239
 1-4 NB =       641.1781  1-4 EEL =     10594.8999  VDWAALS    =     32897.9948
 EELEC  =   -242414.4923  EHBOND  =         0.0000  RESTRAINT  =       220.0402
 EAMBER (non-restraint)  =   -197560.9309
 Ewald error estimate:   0.4015E-04
 ------------------------------------------------------------------------------


 NSTEP =     9500   TIME(PS) =      19.000  TEMP(K) =   296.35  PRESS =     0.0
 Etot   =   -164653.1673  EKtot   =     32585.4882  EPtot      =   -197238.6555
 BOND   =       563.4346  ANGLE   =      1616.7827  DIHED      =     -1412.1127
 1-4 NB =       647.7584  1-4 EEL =     10624.7389  VDWAALS    =     32956.1762
 EELEC  =   -242448.8326  EHBOND  =         0.0000  RESTRAINT  =       213.3992
 EAMBER (non-restraint)  =   -197452.0547
 Ewald error estimate:   0.4370E-04
 ------------------------------------------------------------------------------


 NSTEP =    10000   TIME(PS) =      20.000  TEMP(K) =   297.49  PRESS =     0.0
 Etot   =   -164445.9734  EKtot   =     32710.7116  EPtot      =   -197156.6850
 BOND   =       562.9903  ANGLE   =      1559.3448  DIHED      =     -1384.4353
 1-4 NB =       646.9256  1-4 EEL =     10622.0326  VDWAALS    =     32559.1063
 EELEC  =   -241935.5235  EHBOND  =         0.0000  RESTRAINT  =       212.8743
 EAMBER (non-restraint)  =   -197369.5593
 Ewald error estimate:   0.1366E-04
 ------------------------------------------------------------------------------


      A V E R A G E S   O V E R      20 S T E P S


 NSTEP =    10000   TIME(PS) =      20.000  TEMP(K) =   292.44  PRESS =     0.0
 Etot   =   -166155.9115  EKtot   =     32155.3643  EPtot      =   -198311.2758
 BOND   =       554.5520  ANGLE   =      1567.0331  DIHED      =     -1389.4381
 1-4 NB =       645.8138  1-4 EEL =     10565.1993  VDWAALS    =     33345.9171
 EELEC  =   -243813.8264  EHBOND  =         0.0000  RESTRAINT  =       213.4733
 EAMBER (non-restraint)  =   -198524.7491
 Ewald error estimate:   0.6054E-04
 ------------------------------------------------------------------------------


      R M S  F L U C T U A T I O N S


 NSTEP =    10000   TIME(PS) =      20.000  TEMP(K) =    12.68  PRESS =     0.0
 Etot   =      3766.7318  EKtot   =      1394.2019  EPtot      =      2395.5575
 BOND   =        20.1613  ANGLE   =        59.7775  DIHED      =        13.3682
 1-4 NB =         8.5053  1-4 EEL =        41.7274  VDWAALS    =      1125.2612
 EELEC  =      3433.1198  EHBOND  =         0.0000  RESTRAINT  =        12.5079
 EAMBER (non-restraint)  =      2383.0496
 Ewald error estimate:   0.4098E-04
 ------------------------------------------------------------------------------

--------------------------------------------------------------------------------
   5.  TIMINGS
--------------------------------------------------------------------------------

|  NonSetup CPU Time in Major Routines, Average for All Tasks:
|
|     Routine           Sec        %
|     ------------------------------
|     DataDistrib       9.32    2.46
|     Nonbond         341.49   90.16
|     Bond              0.07    0.02
|     Angle             0.56    0.15
|     Dihedral          4.24    1.12
|     Shake             2.38    0.63
|     RunMD            20.58    5.43
|     Other             0.12    0.03
|     ------------------------------
|     Total           378.76

|  PME Nonbond Pairlist CPU Time, Average for All Tasks:
|
|     Routine              Sec        %
|     ---------------------------------
|     Set Up Cit           2.17    0.57
|     Build List          40.56   10.71
|     ---------------------------------
|     Total               42.72   11.28

|  PME Direct Force CPU Time, Average for All Tasks:
|
|     Routine              Sec        %
|     ---------------------------------
|     NonBonded Calc     217.92   57.54
|     Exclude Masked       3.22    0.85
|     Other                6.47    1.71
|     ---------------------------------
|     Total              227.62   60.10

|  PME Reciprocal Force CPU Time, Average for All Tasks:
|
|     Routine              Sec        %
|     ---------------------------------
|     1D bspline          10.06    2.65
|     Grid Charges         8.19    2.16
|     Scalar Sum           2.62    0.69
|     Gradient Sum         7.83    2.07
|     FFT                 42.41   11.20
|     ---------------------------------
|     Total               71.11   18.77

|  PME Load Balancing CPU Time, Average for All Tasks:
|
|     Routine                 Sec        %
|     ------------------------------------
|     Atom Reassign           0.01    0.00
|     Image Reassign          0.00    0.00
|     FFT Reassign            0.00    0.00
|     ------------------------------------
|     Total                   0.02    0.00

|  Final Performance Info:
|     -----------------------------------------------------
|     Average timings for last       1 steps:
|     Elapsed(s) =       0.00 Per Step(ms) =       3.15
|         ns/day =      54.94   seconds/ns =    1572.51
|
|     Average timings for all steps:
|     Elapsed(s) =     378.82 Per Step(ms) =      37.88
|         ns/day =       4.56   seconds/ns =   18940.95
|     -----------------------------------------------------

|  Master Setup CPU time:            0.28 seconds
|  Master NonSetup CPU time:       378.77 seconds
|  Master Total CPU time:          379.05 seconds     0.11 hours

|  Master Setup wall time:           1    seconds
|  Master NonSetup wall time:      379    seconds
|  Master Total wall time:         380    seconds     0.11 hours
