Updating system with the options from the configuration file
Maximum wallclock time: 3 days, 0:00:00

Tue Oct 17 14:19:44 2023
Iteration 836 (1200 requested)
Beginning iteration 836
132 segments remain in iteration 836 (132 total)
29 of 112 (25.892857%) active bins are populated
per-bin minimum non-zero probability:       4.24241e-102
per-bin maximum probability:                0.65385
per-bin probability dynamic range (kT):     232.994
per-segment minimum non-zero probability:   2.12121e-102
per-segment maximum non-zero probability:   0.256365
per-segment probability dynamic range (kT): 232.751
norm = 1, error in norm = -5.55112e-16 (-2.5*epsilon)
Iteration wallclock: 0:11:20.888406, cputime: 0:45:34.273674


Tue Oct 17 14:31:05 2023
Iteration 837 (1200 requested)
Beginning iteration 837
140 segments remain in iteration 837 (140 total)
28 of 112 (25.000000%) active bins are populated
per-bin minimum non-zero probability:       2.0505e-101
per-bin maximum probability:                0.570343
per-bin probability dynamic range (kT):     231.281
per-segment minimum non-zero probability:   5.30302e-103
per-segment maximum non-zero probability:   0.19135
per-segment probability dynamic range (kT): 233.844
norm = 1, error in norm = -5.55112e-16 (-2.5*epsilon)
Iteration wallclock: 0:10:08.957383, cputime: 0:48:18.311890


Tue Oct 17 14:41:14 2023
Iteration 838 (1200 requested)
Beginning iteration 838
140 segments remain in iteration 838 (140 total)
25 of 112 (22.321429%) active bins are populated
per-bin minimum non-zero probability:       9.89896e-102
per-bin maximum probability:                0.606579
per-bin probability dynamic range (kT):     232.071
per-segment minimum non-zero probability:   1.32575e-103
per-segment maximum non-zero probability:   0.19135
per-segment probability dynamic range (kT): 235.231
norm = 1, error in norm = -5.55112e-16 (-2.5*epsilon)
Iteration wallclock: 0:10:07.292521, cputime: 0:48:17.720621


Tue Oct 17 14:51:21 2023
Iteration 839 (1200 requested)
Beginning iteration 839
136 segments remain in iteration 839 (136 total)
29 of 112 (25.892857%) active bins are populated
per-bin minimum non-zero probability:       1.32575e-103
per-bin maximum probability:                0.46055
per-bin probability dynamic range (kT):     236.109
per-segment minimum non-zero probability:   3.31439e-104
per-segment maximum non-zero probability:   0.19135
per-segment probability dynamic range (kT): 236.617
norm = 1, error in norm = -6.66134e-16 (-3*epsilon)
Iteration wallclock: 0:09:48.481209, cputime: 0:47:00.946329


Tue Oct 17 15:01:10 2023
Iteration 840 (1200 requested)
Beginning iteration 840
136 segments remain in iteration 840 (136 total)
29 of 112 (25.892857%) active bins are populated
per-bin minimum non-zero probability:       4.64014e-103
per-bin maximum probability:                0.581622
per-bin probability dynamic range (kT):     235.09
per-segment minimum non-zero probability:   8.28596e-105
per-segment maximum non-zero probability:   0.19135
per-segment probability dynamic range (kT): 238.003
norm = 1, error in norm = -5.55112e-16 (-2.5*epsilon)
Iteration wallclock: 0:10:33.822336, cputime: 0:47:00.876804


Tue Oct 17 15:11:44 2023
Iteration 841 (1200 requested)
Beginning iteration 841
136 segments remain in iteration 841 (136 total)
30 of 112 (26.785714%) active bins are populated
per-bin minimum non-zero probability:       8.28596e-105
per-bin maximum probability:                0.464139
per-bin probability dynamic range (kT):     238.889
per-segment minimum non-zero probability:   2.07149e-105
per-segment maximum non-zero probability:   0.142243
per-segment probability dynamic range (kT): 239.093
norm = 1, error in norm = -5.55112e-16 (-2.5*epsilon)
Iteration wallclock: 0:11:25.938716, cputime: 0:46:59.422563


Tue Oct 17 15:23:10 2023
Iteration 842 (1200 requested)
Beginning iteration 842
136 segments remain in iteration 842 (136 total)
29 of 112 (25.892857%) active bins are populated
per-bin minimum non-zero probability:       8.52902e-102
per-bin maximum probability:                0.756679
per-bin probability dynamic range (kT):     232.441
per-segment minimum non-zero probability:   6.62877e-104
per-segment maximum non-zero probability:   0.221218
per-segment probability dynamic range (kT): 236.069
norm = 1, error in norm = -4.44089e-16 (-2*epsilon)
Iteration wallclock: 0:10:25.123398, cputime: 0:47:04.357697


Tue Oct 17 15:33:35 2023
Iteration 843 (1200 requested)
Beginning iteration 843
136 segments remain in iteration 843 (136 total)
30 of 112 (26.785714%) active bins are populated
per-bin minimum non-zero probability:       6.62877e-104
per-bin maximum probability:                0.504142
per-bin probability dynamic range (kT):     236.893
per-segment minimum non-zero probability:   1.65719e-104
per-segment maximum non-zero probability:   0.19135
per-segment probability dynamic range (kT): 237.31
norm = 1, error in norm = -4.44089e-16 (-2*epsilon)
Iteration wallclock: 0:09:46.511685, cputime: 0:46:58.219047


Tue Oct 17 15:43:21 2023
Iteration 844 (1200 requested)
Beginning iteration 844
136 segments remain in iteration 844 (136 total)
30 of 112 (26.785714%) active bins are populated
per-bin minimum non-zero probability:       2.12182e-102
per-bin maximum probability:                0.522602
per-bin probability dynamic range (kT):     233.462
per-segment minimum non-zero probability:   4.97158e-104
per-segment maximum non-zero probability:   0.19135
per-segment probability dynamic range (kT): 236.211
norm = 1, error in norm = -6.66134e-16 (-3*epsilon)
Iteration wallclock: 0:09:42.336375, cputime: 0:46:58.484667


Tue Oct 17 15:53:04 2023
Iteration 845 (1200 requested)
Beginning iteration 845
128 segments remain in iteration 845 (128 total)
28 of 112 (25.000000%) active bins are populated
per-bin minimum non-zero probability:       1.37792e-102
per-bin maximum probability:                0.664633
per-bin probability dynamic range (kT):     234.135
per-segment minimum non-zero probability:   7.30392e-104
per-segment maximum non-zero probability:   0.220539
per-segment probability dynamic range (kT): 235.969
norm = 1, error in norm = -6.66134e-16 (-3*epsilon)
Iteration wallclock: 0:09:07.351496, cputime: 0:44:15.190615


Tue Oct 17 16:02:11 2023
Iteration 846 (1200 requested)
Beginning iteration 846
132 segments remain in iteration 846 (132 total)
29 of 112 (25.892857%) active bins are populated
per-bin minimum non-zero probability:       2.59013e-103
per-bin maximum probability:                0.677638
per-bin probability dynamic range (kT):     235.825
per-segment minimum non-zero probability:   6.47533e-104
per-segment maximum non-zero probability:   0.220539
per-segment probability dynamic range (kT): 236.089
norm = 1, error in norm = -4.44089e-16 (-2*epsilon)
Iteration wallclock: 0:09:33.861324, cputime: 0:45:36.981640


Tue Oct 17 16:11:45 2023
Iteration 847 (1200 requested)
Beginning iteration 847
128 segments remain in iteration 847 (128 total)
28 of 112 (25.000000%) active bins are populated
per-bin minimum non-zero probability:       2.59013e-103
per-bin maximum probability:                0.637429
per-bin probability dynamic range (kT):     235.764
per-segment minimum non-zero probability:   1.82598e-104
per-segment maximum non-zero probability:   0.211649
per-segment probability dynamic range (kT): 237.314
norm = 1, error in norm = -5.55112e-16 (-2.5*epsilon)
Iteration wallclock: 0:09:11.638214, cputime: 0:44:15.043187


Tue Oct 17 16:20:56 2023
Iteration 848 (1200 requested)
Beginning iteration 848
136 segments remain in iteration 848 (136 total)
29 of 112 (25.892857%) active bins are populated
per-bin minimum non-zero probability:       2.59013e-103
per-bin maximum probability:                0.500706
per-bin probability dynamic range (kT):     235.523
per-segment minimum non-zero probability:   6.47533e-104
per-segment maximum non-zero probability:   0.211649
per-segment probability dynamic range (kT): 236.048
norm = 1, error in norm = -5.55112e-16 (-2.5*epsilon)
Iteration wallclock: 0:09:45.966394, cputime: 0:47:00.633472


Tue Oct 17 16:30:42 2023
Iteration 849 (1200 requested)
Beginning iteration 849
124 segments remain in iteration 849 (124 total)
28 of 112 (25.000000%) active bins are populated
per-bin minimum non-zero probability:       1.51909e-103
per-bin maximum probability:                0.509863
per-bin probability dynamic range (kT):     236.075
per-segment minimum non-zero probability:   2.9052e-104
per-segment maximum non-zero probability:   0.211649
per-segment probability dynamic range (kT): 236.85
norm = 1, error in norm = -6.66134e-16 (-3*epsilon)
Iteration wallclock: 0:08:58.089924, cputime: 0:42:51.377542


Tue Oct 17 16:39:41 2023
Iteration 850 (1200 requested)
Beginning iteration 850
136 segments remain in iteration 850 (136 total)
30 of 112 (26.785714%) active bins are populated
per-bin minimum non-zero probability:       3.5691e-103
per-bin maximum probability:                0.710369
per-bin probability dynamic range (kT):     235.552
per-segment minimum non-zero probability:   1.82598e-104
per-segment maximum non-zero probability:   0.211649
per-segment probability dynamic range (kT): 237.314
norm = 1, error in norm = -5.55112e-16 (-2.5*epsilon)
Iteration wallclock: 0:09:43.719124, cputime: 0:46:58.254135


Tue Oct 17 16:49:24 2023
Iteration 851 (1200 requested)
Beginning iteration 851
124 segments remain in iteration 851 (124 total)
27 of 112 (24.107143%) active bins are populated
per-bin minimum non-zero probability:       7.30392e-104
per-bin maximum probability:                0.514368
per-bin probability dynamic range (kT):     236.816
per-segment minimum non-zero probability:   1.82598e-104
per-segment maximum non-zero probability:   0.211649
per-segment probability dynamic range (kT): 237.314
norm = 1, error in norm = -5.55112e-16 (-2.5*epsilon)
Iteration wallclock: 0:08:56.957412, cputime: 0:42:49.921328


Tue Oct 17 16:58:21 2023
Iteration 852 (1200 requested)
Beginning iteration 852
120 segments remain in iteration 852 (120 total)
27 of 112 (24.107143%) active bins are populated
per-bin minimum non-zero probability:       1.82598e-104
per-bin maximum probability:                0.821064
per-bin probability dynamic range (kT):     238.67
per-segment minimum non-zero probability:   4.56495e-105
per-segment maximum non-zero probability:   0.251497
per-segment probability dynamic range (kT): 238.873
norm = 1, error in norm = -6.66134e-16 (-3*epsilon)
Iteration wallclock: 0:08:43.289204, cputime: 0:41:29.238813


Tue Oct 17 17:07:05 2023
Iteration 853 (1200 requested)
Beginning iteration 853
128 segments remain in iteration 853 (128 total)
27 of 112 (24.107143%) active bins are populated
per-bin minimum non-zero probability:       9.1299e-105
per-bin maximum probability:                0.928984
per-bin probability dynamic range (kT):     239.486
per-segment minimum non-zero probability:   2.28248e-105
per-segment maximum non-zero probability:   0.268607
per-segment probability dynamic range (kT): 239.632
norm = 1, error in norm = -4.44089e-16 (-2*epsilon)
Iteration wallclock: 0:09:07.042811, cputime: 0:44:15.844900


Tue Oct 17 17:16:12 2023
Iteration 854 (1200 requested)
Beginning iteration 854
132 segments remain in iteration 854 (132 total)
29 of 112 (25.892857%) active bins are populated
per-bin minimum non-zero probability:       8.97007e-105
per-bin maximum probability:                0.5191
per-bin probability dynamic range (kT):     238.922
per-segment minimum non-zero probability:   5.70619e-106
per-segment maximum non-zero probability:   0.211649
per-segment probability dynamic range (kT): 240.78
norm = 1, error in norm = -5.55112e-16 (-2.5*epsilon)
Iteration wallclock: 0:09:36.684082, cputime: 0:45:38.850298


Tue Oct 17 17:25:48 2023
Iteration 855 (1200 requested)
Beginning iteration 855
136 segments remain in iteration 855 (136 total)
30 of 112 (26.785714%) active bins are populated
per-bin minimum non-zero probability:       7.02591e-104
per-bin maximum probability:                0.808878
per-bin probability dynamic range (kT):     237.307
per-segment minimum non-zero probability:   1.42655e-106
per-segment maximum non-zero probability:   0.232334
per-segment probability dynamic range (kT): 242.259
norm = 1, error in norm = -5.55112e-16 (-2.5*epsilon)
Iteration wallclock: 0:09:47.988678, cputime: 0:47:06.101836


Tue Oct 17 17:35:36 2023
Iteration 856 (1200 requested)
Beginning iteration 856
136 segments remain in iteration 856 (136 total)
29 of 112 (25.892857%) active bins are populated
per-bin minimum non-zero probability:       6.50554e-104
per-bin maximum probability:                0.477887
per-bin probability dynamic range (kT):     236.858
per-segment minimum non-zero probability:   3.56637e-107
per-segment maximum non-zero probability:   0.167665
per-segment probability dynamic range (kT): 243.319
norm = 1, error in norm = -6.66134e-16 (-3*epsilon)
Iteration wallclock: 0:09:52.100736, cputime: 0:47:02.937156


Tue Oct 17 17:45:28 2023
Iteration 857 (1200 requested)
Beginning iteration 857
136 segments remain in iteration 857 (136 total)
30 of 112 (26.785714%) active bins are populated
per-bin minimum non-zero probability:       4.78404e-104
per-bin maximum probability:                0.653772
per-bin probability dynamic range (kT):     237.479
per-segment minimum non-zero probability:   1.19601e-104
per-segment maximum non-zero probability:   0.211649
per-segment probability dynamic range (kT): 237.737
norm = 1, error in norm = -5.55112e-16 (-2.5*epsilon)
Iteration wallclock: 0:09:51.848965, cputime: 0:47:00.160163


Tue Oct 17 17:55:20 2023
Iteration 858 (1200 requested)
Beginning iteration 858
132 segments remain in iteration 858 (132 total)
29 of 112 (25.892857%) active bins are populated
per-bin minimum non-zero probability:       9.1721e-104
per-bin maximum probability:                0.583608
per-bin probability dynamic range (kT):     236.714
per-segment minimum non-zero probability:   4.43985e-105
per-segment maximum non-zero probability:   0.211649
per-segment probability dynamic range (kT): 238.728
norm = 1, error in norm = -5.55112e-16 (-2.5*epsilon)
Iteration wallclock: 0:09:44.020485, cputime: 0:45:33.598459


Tue Oct 17 18:05:04 2023
Iteration 859 (1200 requested)
Beginning iteration 859
136 segments remain in iteration 859 (136 total)
30 of 112 (26.785714%) active bins are populated
per-bin minimum non-zero probability:       4.50997e-104
per-bin maximum probability:                0.529467
per-bin probability dynamic range (kT):     237.327
per-segment minimum non-zero probability:   6.01787e-105
per-segment maximum non-zero probability:   0.211649
per-segment probability dynamic range (kT): 238.424
norm = 1, error in norm = -6.66134e-16 (-3*epsilon)
Iteration wallclock: 0:09:56.974897, cputime: 0:46:58.886076


Tue Oct 17 18:15:01 2023
Iteration 860 (1200 requested)
Beginning iteration 860
136 segments remain in iteration 860 (136 total)
32 of 112 (28.571429%) active bins are populated
per-bin minimum non-zero probability:       1.12749e-104
per-bin maximum probability:                0.514517
per-bin probability dynamic range (kT):     238.684
per-segment minimum non-zero probability:   1.50447e-105
per-segment maximum non-zero probability:   0.211649
per-segment probability dynamic range (kT): 239.81
norm = 1, error in norm = -4.44089e-16 (-2*epsilon)
Iteration wallclock: 0:09:45.114522, cputime: 0:47:04.216359


Tue Oct 17 18:24:46 2023
Iteration 861 (1200 requested)
Beginning iteration 861
128 segments remain in iteration 861 (128 total)
28 of 112 (25.000000%) active bins are populated
per-bin minimum non-zero probability:       6.49373e-104
per-bin maximum probability:                0.868513
per-bin probability dynamic range (kT):     237.457
per-segment minimum non-zero probability:   3.76117e-106
per-segment maximum non-zero probability:   0.274459
per-segment probability dynamic range (kT): 241.456
norm = 1, error in norm = -6.66134e-16 (-3*epsilon)
Iteration wallclock: 0:09:07.353089, cputime: 0:44:12.832737


Tue Oct 17 18:33:54 2023
Iteration 862 (1200 requested)
Beginning iteration 862
136 segments remain in iteration 862 (136 total)
29 of 112 (25.892857%) active bins are populated
per-bin minimum non-zero probability:       3.76117e-106
per-bin maximum probability:                0.967128
per-bin probability dynamic range (kT):     242.716
per-segment minimum non-zero probability:   9.40293e-107
per-segment maximum non-zero probability:   0.274459
per-segment probability dynamic range (kT): 242.843
norm = 1, error in norm = -6.66134e-16 (-3*epsilon)
Iteration wallclock: 0:09:38.787841, cputime: 0:46:58.172478


Tue Oct 17 18:43:32 2023
Iteration 863 (1200 requested)
Beginning iteration 863
132 segments remain in iteration 863 (132 total)
29 of 112 (25.892857%) active bins are populated
per-bin minimum non-zero probability:       1.13011e-104
per-bin maximum probability:                0.548957
per-bin probability dynamic range (kT):     238.747
per-segment minimum non-zero probability:   2.35073e-107
per-segment maximum non-zero probability:   0.26628
per-segment probability dynamic range (kT): 244.199
norm = 1, error in norm = -5.55112e-16 (-2.5*epsilon)
Iteration wallclock: 0:09:35.092044, cputime: 0:45:36.592201


Tue Oct 17 18:53:08 2023
Iteration 864 (1200 requested)
Beginning iteration 864
140 segments remain in iteration 864 (140 total)
32 of 112 (28.571429%) active bins are populated
per-bin minimum non-zero probability:       5.60354e-105
per-bin maximum probability:                0.885185
per-bin probability dynamic range (kT):     239.926
per-segment minimum non-zero probability:   5.87683e-108
per-segment maximum non-zero probability:   0.268481
per-segment probability dynamic range (kT): 245.593
norm = 1, error in norm = -6.66134e-16 (-3*epsilon)
Iteration wallclock: 0:10:13.597197, cputime: 0:48:21.248312


Tue Oct 17 19:03:21 2023
Iteration 865 (1200 requested)
Beginning iteration 865
148 segments remain in iteration 865 (148 total)
32 of 112 (28.571429%) active bins are populated
per-bin minimum non-zero probability:       8.53195e-104
per-bin maximum probability:                0.329804
per-bin probability dynamic range (kT):     236.216
per-segment minimum non-zero probability:   1.46921e-108
per-segment maximum non-zero probability:   0.128443
per-segment probability dynamic range (kT): 246.242
norm = 1, error in norm = -6.66134e-16 (-3*epsilon)
Iteration wallclock: 0:10:44.114675, cputime: 0:51:10.965850


Tue Oct 17 19:14:05 2023
Iteration 866 (1200 requested)
Beginning iteration 866
148 segments remain in iteration 866 (148 total)
32 of 112 (28.571429%) active bins are populated
per-bin minimum non-zero probability:       2.93841e-108
per-bin maximum probability:                0.463888
per-bin probability dynamic range (kT):     246.833
per-segment minimum non-zero probability:   7.34604e-109
per-segment maximum non-zero probability:   0.13424
per-segment probability dynamic range (kT): 246.979
norm = 1, error in norm = -6.66134e-16 (-3*epsilon)
Iteration wallclock: 0:10:38.157049, cputime: 0:51:12.255460


Tue Oct 17 19:24:43 2023
Iteration 867 (1200 requested)
Beginning iteration 867
136 segments remain in iteration 867 (136 total)
29 of 112 (25.892857%) active bins are populated
per-bin minimum non-zero probability:       3.27467e-104
per-bin maximum probability:                0.451167
per-bin probability dynamic range (kT):     237.487
per-segment minimum non-zero probability:   1.83651e-109
per-segment maximum non-zero probability:   0.13424
per-segment probability dynamic range (kT): 248.366
norm = 1, error in norm = -6.66134e-16 (-3*epsilon)
Iteration wallclock: 0:09:41.643963, cputime: 0:47:05.312258


Tue Oct 17 19:34:25 2023
Iteration 868 (1200 requested)
Beginning iteration 868
132 segments remain in iteration 868 (132 total)
29 of 112 (25.892857%) active bins are populated
per-bin minimum non-zero probability:       2.10977e-104
per-bin maximum probability:                0.737866
per-bin probability dynamic range (kT):     238.418
per-segment minimum non-zero probability:   4.59127e-110
per-segment maximum non-zero probability:   0.253009
per-segment probability dynamic range (kT): 250.386
norm = 1, error in norm = -4.44089e-16 (-2*epsilon)
Iteration wallclock: 0:10:16.070719, cputime: 0:45:34.351811


Tue Oct 17 19:44:41 2023
Iteration 869 (1200 requested)
Beginning iteration 869
128 segments remain in iteration 869 (128 total)
25 of 112 (22.321429%) active bins are populated
per-bin minimum non-zero probability:       3.30802e-104
per-bin maximum probability:                0.910873
per-bin probability dynamic range (kT):     238.179
per-segment minimum non-zero probability:   1.14782e-110
per-segment maximum non-zero probability:   0.307247
per-segment probability dynamic range (kT): 251.966
norm = 1, error in norm = -5.55112e-16 (-2.5*epsilon)
Iteration wallclock: 0:09:08.932432, cputime: 0:44:13.439201


Tue Oct 17 19:53:50 2023
Iteration 870 (1200 requested)
Beginning iteration 870
132 segments remain in iteration 870 (132 total)
29 of 112 (25.892857%) active bins are populated
per-bin minimum non-zero probability:       1.14782e-110
per-bin maximum probability:                0.603626
per-bin probability dynamic range (kT):     252.642
per-segment minimum non-zero probability:   2.86955e-111
per-segment maximum non-zero probability:   0.253009
per-segment probability dynamic range (kT): 253.158
norm = 1, error in norm = -5.55112e-16 (-2.5*epsilon)
Iteration wallclock: 0:09:25.407647, cputime: 0:45:36.428150


Tue Oct 17 20:03:16 2023
Iteration 871 (1200 requested)
Beginning iteration 871
140 segments remain in iteration 871 (140 total)
30 of 112 (26.785714%) active bins are populated
per-bin minimum non-zero probability:       8.60864e-111
per-bin maximum probability:                0.520952
per-bin probability dynamic range (kT):     252.782
per-segment minimum non-zero probability:   7.17386e-112
per-segment maximum non-zero probability:   0.175405
per-segment probability dynamic range (kT): 254.178
norm = 1, error in norm = -6.66134e-16 (-3*epsilon)
Iteration wallclock: 0:09:55.723083, cputime: 0:48:21.983429


Tue Oct 17 20:13:11 2023
Iteration 872 (1200 requested)
Beginning iteration 872
132 segments remain in iteration 872 (132 total)
29 of 112 (25.892857%) active bins are populated
per-bin minimum non-zero probability:       3.51631e-105
per-bin maximum probability:                0.504241
per-bin probability dynamic range (kT):     239.829
per-segment minimum non-zero probability:   7.17386e-112
per-segment maximum non-zero probability:   0.175405
per-segment probability dynamic range (kT): 254.178
norm = 1, error in norm = -6.66134e-16 (-3*epsilon)
Iteration wallclock: 0:09:35.186001, cputime: 0:45:40.811513


Tue Oct 17 20:22:46 2023
Iteration 873 (1200 requested)
Beginning iteration 873
140 segments remain in iteration 873 (140 total)
29 of 112 (25.892857%) active bins are populated
per-bin minimum non-zero probability:       6.38352e-105
per-bin maximum probability:                0.465684
per-bin probability dynamic range (kT):     239.153
per-segment minimum non-zero probability:   1.79347e-112
per-segment maximum non-zero probability:   0.175212
per-segment probability dynamic range (kT): 255.564
norm = 1, error in norm = -5.55112e-16 (-2.5*epsilon)
Iteration wallclock: 0:09:55.854562, cputime: 0:48:21.616524


Tue Oct 17 20:32:42 2023
Iteration 874 (1200 requested)
Beginning iteration 874
136 segments remain in iteration 874 (136 total)
30 of 112 (26.785714%) active bins are populated
per-bin minimum non-zero probability:       1.99723e-104
per-bin maximum probability:                0.75281
per-bin probability dynamic range (kT):     238.493
per-segment minimum non-zero probability:   1.37611e-105
per-segment maximum non-zero probability:   0.253009
per-segment probability dynamic range (kT): 240.078
norm = 1, error in norm = -4.44089e-16 (-2*epsilon)
Iteration wallclock: 0:09:30.827868, cputime: 0:46:58.910211


Tue Oct 17 20:42:13 2023
Iteration 875 (1200 requested)
Beginning iteration 875
140 segments remain in iteration 875 (140 total)
31 of 112 (27.678571%) active bins are populated
per-bin minimum non-zero probability:       6.07726e-105
per-bin maximum probability:                0.50484
per-bin probability dynamic range (kT):     239.283
per-segment minimum non-zero probability:   7.76766e-106
per-segment maximum non-zero probability:   0.183474
per-segment probability dynamic range (kT): 240.328
norm = 1, error in norm = -5.55112e-16 (-2.5*epsilon)
Iteration wallclock: 0:09:54.839638, cputime: 0:48:25.074903


Tue Oct 17 20:52:08 2023
Iteration 876 (1200 requested)
Beginning iteration 876
144 segments remain in iteration 876 (144 total)
30 of 112 (26.785714%) active bins are populated
per-bin minimum non-zero probability:       9.92644e-105
per-bin maximum probability:                0.442604
per-bin probability dynamic range (kT):     238.661
per-segment minimum non-zero probability:   1.94192e-106
per-segment maximum non-zero probability:   0.183474
per-segment probability dynamic range (kT): 241.715
norm = 1, error in norm = -5.55112e-16 (-2.5*epsilon)
Iteration wallclock: 0:09:59.043031, cputime: 0:49:45.882609


Tue Oct 17 21:02:07 2023
Iteration 877 (1200 requested)
Beginning iteration 877
116 segments remain in iteration 877 (116 total)
25 of 112 (22.321429%) active bins are populated
per-bin minimum non-zero probability:       6.17908e-105
per-bin maximum probability:                0.689689
per-bin probability dynamic range (kT):     239.579
per-segment minimum non-zero probability:   5.99325e-106
per-segment maximum non-zero probability:   0.183474
per-segment probability dynamic range (kT): 240.588
norm = 1, error in norm = -5.55112e-16 (-2.5*epsilon)
Iteration wallclock: 0:08:48.133286, cputime: 0:40:09.010294


Tue Oct 17 21:10:55 2023
Iteration 878 (1200 requested)
Beginning iteration 878
136 segments remain in iteration 878 (136 total)
30 of 112 (26.785714%) active bins are populated
per-bin minimum non-zero probability:       1.95727e-104
per-bin maximum probability:                0.646219
per-bin probability dynamic range (kT):     238.361
per-segment minimum non-zero probability:   1.49831e-106
per-segment maximum non-zero probability:   0.183772
per-segment probability dynamic range (kT): 241.976
norm = 1, error in norm = -5.55112e-16 (-2.5*epsilon)
Iteration wallclock: 0:09:59.960964, cputime: 0:47:08.139043


Tue Oct 17 21:20:55 2023
Iteration 879 (1200 requested)
Beginning iteration 879
136 segments remain in iteration 879 (136 total)
29 of 112 (25.892857%) active bins are populated
per-bin minimum non-zero probability:       6.99436e-105
per-bin maximum probability:                0.512243
per-bin probability dynamic range (kT):     239.157
per-segment minimum non-zero probability:   3.74578e-107
per-segment maximum non-zero probability:   0.183772
per-segment probability dynamic range (kT): 243.362
norm = 1, error in norm = -5.55112e-16 (-2.5*epsilon)
Iteration wallclock: 0:09:35.253992, cputime: 0:47:02.325789


Tue Oct 17 21:30:30 2023
Iteration 880 (1200 requested)
Beginning iteration 880
132 segments remain in iteration 880 (132 total)
29 of 112 (25.892857%) active bins are populated
per-bin minimum non-zero probability:       2.06665e-105
per-bin maximum probability:                0.781724
per-bin probability dynamic range (kT):     240.799
per-segment minimum non-zero probability:   3.74578e-106
per-segment maximum non-zero probability:   0.249901
per-segment probability dynamic range (kT): 241.367
norm = 1, error in norm = -6.66134e-16 (-3*epsilon)
Iteration wallclock: 0:09:31.341554, cputime: 0:45:40.683253


Tue Oct 17 21:40:02 2023
Iteration 881 (1200 requested)
Beginning iteration 881
128 segments remain in iteration 881 (128 total)
27 of 112 (24.107143%) active bins are populated
per-bin minimum non-zero probability:       1.33193e-104
per-bin maximum probability:                0.638484
per-bin probability dynamic range (kT):     238.734
per-segment minimum non-zero probability:   3.94038e-106
per-segment maximum non-zero probability:   0.249901
per-segment probability dynamic range (kT): 241.316
norm = 1, error in norm = -5.55112e-16 (-2.5*epsilon)
Iteration wallclock: 0:09:06.281722, cputime: 0:44:14.839524


Tue Oct 17 21:49:08 2023
Iteration 882 (1200 requested)
Beginning iteration 882
140 segments remain in iteration 882 (140 total)
31 of 112 (27.678571%) active bins are populated
per-bin minimum non-zero probability:       1.13132e-104
per-bin maximum probability:                0.514203
per-bin probability dynamic range (kT):     238.68
per-segment minimum non-zero probability:   7.88076e-106
per-segment maximum non-zero probability:   0.170307
per-segment probability dynamic range (kT): 240.239
norm = 1, error in norm = -5.55112e-16 (-2.5*epsilon)
Iteration wallclock: 0:10:25.989116, cputime: 0:48:26.596557


Tue Oct 17 21:59:34 2023
Iteration 883 (1200 requested)
Beginning iteration 883
136 segments remain in iteration 883 (136 total)
29 of 112 (25.892857%) active bins are populated
per-bin minimum non-zero probability:       6.30554e-105
per-bin maximum probability:                0.482425
per-bin probability dynamic range (kT):     239.201
per-segment minimum non-zero probability:   8.83408e-106
per-segment maximum non-zero probability:   0.170307
per-segment probability dynamic range (kT): 240.125
norm = 1, error in norm = -5.55112e-16 (-2.5*epsilon)
Iteration wallclock: 0:09:32.062001, cputime: 0:46:58.711280


Tue Oct 17 22:09:06 2023
Iteration 884 (1200 requested)
Beginning iteration 884
128 segments remain in iteration 884 (128 total)
29 of 112 (25.892857%) active bins are populated
per-bin minimum non-zero probability:       2.28051e-104
per-bin maximum probability:                0.631595
per-bin probability dynamic range (kT):     238.185
per-segment minimum non-zero probability:   4.07736e-106
per-segment maximum non-zero probability:   0.180758
per-segment probability dynamic range (kT): 240.958
norm = 1, error in norm = -5.55112e-16 (-2.5*epsilon)
Iteration wallclock: 0:08:55.541966, cputime: 0:44:10.905450


Tue Oct 17 22:18:02 2023
Iteration 885 (1200 requested)
Beginning iteration 885
132 segments remain in iteration 885 (132 total)
29 of 112 (25.892857%) active bins are populated
per-bin minimum non-zero probability:       4.92384e-106
per-bin maximum probability:                0.748877
per-bin probability dynamic range (kT):     242.191
per-segment minimum non-zero probability:   1.01934e-106
per-segment maximum non-zero probability:   0.256001
per-segment probability dynamic range (kT): 242.692
norm = 1, error in norm = -4.44089e-16 (-2*epsilon)
Iteration wallclock: 0:09:25.621356, cputime: 0:45:33.751499


Tue Oct 17 22:27:27 2023
Iteration 886 (1200 requested)
Beginning iteration 886
128 segments remain in iteration 886 (128 total)
27 of 112 (24.107143%) active bins are populated
per-bin minimum non-zero probability:       3.37534e-105
per-bin maximum probability:                0.515497
per-bin probability dynamic range (kT):     239.892
per-segment minimum non-zero probability:   5.76484e-106
per-segment maximum non-zero probability:   0.180758
per-segment probability dynamic range (kT): 240.612
norm = 1, error in norm = -5.55112e-16 (-2.5*epsilon)
Iteration wallclock: 0:08:56.617757, cputime: 0:44:11.863797


Tue Oct 17 22:36:24 2023
Iteration 887 (1200 requested)
Beginning iteration 887
124 segments remain in iteration 887 (124 total)
26 of 112 (23.214286%) active bins are populated
per-bin minimum non-zero probability:       4.55216e-105
per-bin maximum probability:                0.513091
per-bin probability dynamic range (kT):     239.589
per-segment minimum non-zero probability:   4.83735e-106
per-segment maximum non-zero probability:   0.180758
per-segment probability dynamic range (kT): 240.787
norm = 1, error in norm = -4.44089e-16 (-2*epsilon)
Iteration wallclock: 0:08:48.382769, cputime: 0:42:51.013541


Tue Oct 17 22:45:12 2023
Iteration 888 (1200 requested)
Beginning iteration 888
140 segments remain in iteration 888 (140 total)
31 of 112 (27.678571%) active bins are populated
per-bin minimum non-zero probability:       3.97567e-105
per-bin maximum probability:                0.69897
per-bin probability dynamic range (kT):     240.033
per-segment minimum non-zero probability:   8.70579e-106
per-segment maximum non-zero probability:   0.231099
per-segment probability dynamic range (kT): 240.445
norm = 1, error in norm = -6.66134e-16 (-3*epsilon)
Iteration wallclock: 0:09:54.413078, cputime: 0:48:23.273492


Tue Oct 17 22:55:07 2023
Iteration 889 (1200 requested)
Beginning iteration 889
128 segments remain in iteration 889 (128 total)
28 of 112 (25.000000%) active bins are populated
per-bin minimum non-zero probability:       1.06881e-105
per-bin maximum probability:                0.521753
per-bin probability dynamic range (kT):     241.054
per-segment minimum non-zero probability:   2.67203e-106
per-segment maximum non-zero probability:   0.1666
per-segment probability dynamic range (kT): 241.299
norm = 1, error in norm = -5.55112e-16 (-2.5*epsilon)
Iteration wallclock: 0:09:00.337453, cputime: 0:44:18.613520


Tue Oct 17 23:04:07 2023
Iteration 890 (1200 requested)
Beginning iteration 890
144 segments remain in iteration 890 (144 total)
31 of 112 (27.678571%) active bins are populated
per-bin minimum non-zero probability:       1.98876e-105
per-bin maximum probability:                0.768901
per-bin probability dynamic range (kT):     240.821
per-segment minimum non-zero probability:   1.20934e-106
per-segment maximum non-zero probability:   0.269571
per-segment probability dynamic range (kT): 242.573
norm = 1, error in norm = -5.55112e-16 (-2.5*epsilon)
Iteration wallclock: 0:10:11.888783, cputime: 0:49:43.654940


Tue Oct 17 23:14:19 2023
Iteration 891 (1200 requested)
Beginning iteration 891
148 segments remain in iteration 891 (148 total)
32 of 112 (28.571429%) active bins are populated
per-bin minimum non-zero probability:       1.86818e-105
per-bin maximum probability:                0.613148
per-bin probability dynamic range (kT):     240.657
per-segment minimum non-zero probability:   2.63667e-106
per-segment maximum non-zero probability:   0.176977
per-segment probability dynamic range (kT): 241.373
norm = 1, error in norm = -6.66134e-16 (-3*epsilon)
Iteration wallclock: 0:10:23.313550, cputime: 0:51:09.025058


Tue Oct 17 23:24:42 2023
Iteration 892 (1200 requested)
Beginning iteration 892
136 segments remain in iteration 892 (136 total)
30 of 112 (26.785714%) active bins are populated
per-bin minimum non-zero probability:       4.32667e-105
per-bin maximum probability:                0.504322
per-bin probability dynamic range (kT):     239.622
per-segment minimum non-zero probability:   9.58033e-107
per-segment maximum non-zero probability:   0.176977
per-segment probability dynamic range (kT): 242.385
norm = 1, error in norm = -4.44089e-16 (-2*epsilon)
Iteration wallclock: 0:09:26.536124, cputime: 0:46:59.724085


Tue Oct 17 23:34:09 2023
Iteration 893 (1200 requested)
Beginning iteration 893
148 segments remain in iteration 893 (148 total)
32 of 112 (28.571429%) active bins are populated
per-bin minimum non-zero probability:       9.34088e-106
per-bin maximum probability:                0.622799
per-bin probability dynamic range (kT):     241.366
per-segment minimum non-zero probability:   1.91954e-106
per-segment maximum non-zero probability:   0.176977
per-segment probability dynamic range (kT): 241.69
norm = 1, error in norm = -4.44089e-16 (-2*epsilon)
Iteration wallclock: 0:10:32.484690, cputime: 0:51:01.001651


Tue Oct 17 23:44:41 2023
Iteration 894 (1200 requested)
Beginning iteration 894
132 segments remain in iteration 894 (132 total)
29 of 112 (25.892857%) active bins are populated
per-bin minimum non-zero probability:       1.91954e-106
per-bin maximum probability:                0.502448
per-bin probability dynamic range (kT):     242.734
per-segment minimum non-zero probability:   4.79884e-107
per-segment maximum non-zero probability:   0.176977
per-segment probability dynamic range (kT): 243.076
norm = 1, error in norm = -4.44089e-16 (-2*epsilon)
Iteration wallclock: 0:09:31.842411, cputime: 0:45:38.808242


Tue Oct 17 23:54:13 2023
Iteration 895 (1200 requested)
Beginning iteration 895
136 segments remain in iteration 895 (136 total)
30 of 112 (26.785714%) active bins are populated
per-bin minimum non-zero probability:       1.24116e-105
per-bin maximum probability:                0.45063
per-bin probability dynamic range (kT):     240.758
per-segment minimum non-zero probability:   1.19971e-107
per-segment maximum non-zero probability:   0.142196
per-segment probability dynamic range (kT): 244.244
norm = 1, error in norm = -4.44089e-16 (-2*epsilon)
Iteration wallclock: 0:09:25.442157, cputime: 0:47:02.865755


Wed Oct 18 00:03:39 2023
Iteration 896 (1200 requested)
Beginning iteration 896
136 segments remain in iteration 896 (136 total)
30 of 112 (26.785714%) active bins are populated
per-bin minimum non-zero probability:       2.8793e-106
per-bin maximum probability:                0.782086
per-bin probability dynamic range (kT):     242.771
per-segment minimum non-zero probability:   2.99927e-108
per-segment maximum non-zero probability:   0.267696
per-segment probability dynamic range (kT): 246.263
norm = 1, error in norm = -4.44089e-16 (-2*epsilon)
Iteration wallclock: 0:09:30.352923, cputime: 0:47:01.973270


Wed Oct 18 00:13:09 2023
Iteration 897 (1200 requested)
Beginning iteration 897
140 segments remain in iteration 897 (140 total)
31 of 112 (27.678571%) active bins are populated
per-bin minimum non-zero probability:       7.49819e-107
per-bin maximum probability:                0.516891
per-bin probability dynamic range (kT):     243.702
per-segment minimum non-zero probability:   1.79956e-107
per-segment maximum non-zero probability:   0.193957
per-segment probability dynamic range (kT): 244.149
norm = 1, error in norm = -6.66134e-16 (-3*epsilon)
Iteration wallclock: 0:09:54.530915, cputime: 0:48:23.919062


Wed Oct 18 00:23:03 2023
Iteration 898 (1200 requested)
Beginning iteration 898
140 segments remain in iteration 898 (140 total)
30 of 112 (26.785714%) active bins are populated
per-bin minimum non-zero probability:       3.59913e-107
per-bin maximum probability:                0.498602
per-bin probability dynamic range (kT):     244.4
per-segment minimum non-zero probability:   4.49891e-108
per-segment maximum non-zero probability:   0.193957
per-segment probability dynamic range (kT): 245.535
norm = 1, error in norm = -5.55112e-16 (-2.5*epsilon)
Iteration wallclock: 0:09:54.584879, cputime: 0:48:24.656117


Wed Oct 18 00:32:58 2023
Iteration 899 (1200 requested)
Beginning iteration 899
156 segments remain in iteration 899 (156 total)
31 of 112 (27.678571%) active bins are populated
per-bin minimum non-zero probability:       8.99782e-108
per-bin maximum probability:                0.347456
per-bin probability dynamic range (kT):     245.425
per-segment minimum non-zero probability:   2.24946e-108
per-segment maximum non-zero probability:   0.160195
per-segment probability dynamic range (kT): 246.037
norm = 1, error in norm = -6.66134e-16 (-3*epsilon)
Iteration wallclock: 0:11:01.486173, cputime: 0:53:50.101280


Wed Oct 18 00:44:00 2023
Iteration 900 (1200 requested)
Beginning iteration 900
140 segments remain in iteration 900 (140 total)
31 of 112 (27.678571%) active bins are populated
per-bin minimum non-zero probability:       4.49891e-108
per-bin maximum probability:                0.488542
per-bin probability dynamic range (kT):     246.459
per-segment minimum non-zero probability:   1.12473e-108
per-segment maximum non-zero probability:   0.161593
per-segment probability dynamic range (kT): 246.739
norm = 1, error in norm = -6.66134e-16 (-3*epsilon)
Iteration wallclock: 0:09:55.783935, cputime: 0:48:16.957854


Wed Oct 18 00:53:55 2023
Iteration 901 (1200 requested)
Beginning iteration 901
152 segments remain in iteration 901 (152 total)
33 of 112 (29.464286%) active bins are populated
per-bin minimum non-zero probability:       6.59311e-107
per-bin maximum probability:                0.52083
per-bin probability dynamic range (kT):     243.838
per-segment minimum non-zero probability:   2.81182e-109
per-segment maximum non-zero probability:   0.161593
per-segment probability dynamic range (kT): 248.125
norm = 1, error in norm = -4.44089e-16 (-2*epsilon)
Iteration wallclock: 0:10:40.430432, cputime: 0:52:30.066103


Wed Oct 18 01:04:36 2023
Iteration 902 (1200 requested)
Beginning iteration 902
156 segments remain in iteration 902 (156 total)
33 of 112 (29.464286%) active bins are populated
per-bin minimum non-zero probability:       5.11354e-107
per-bin maximum probability:                0.870605
per-bin probability dynamic range (kT):     244.606
per-segment minimum non-zero probability:   7.02955e-110
per-segment maximum non-zero probability:   0.2895
per-segment probability dynamic range (kT): 250.095
norm = 1, error in norm = -6.66134e-16 (-3*epsilon)
Iteration wallclock: 0:11:10.506783, cputime: 0:54:00.648032


Wed Oct 18 01:15:46 2023
Iteration 903 (1200 requested)
Beginning iteration 903
152 segments remain in iteration 903 (152 total)
32 of 112 (28.571429%) active bins are populated
per-bin minimum non-zero probability:       2.09817e-107
per-bin maximum probability:                0.539813
per-bin probability dynamic range (kT):     245.019
per-segment minimum non-zero probability:   1.75739e-110
per-segment maximum non-zero probability:   0.216836
per-segment probability dynamic range (kT): 251.192
norm = 1, error in norm = -6.66134e-16 (-3*epsilon)
Iteration wallclock: 0:10:46.383806, cputime: 0:52:38.216220


Wed Oct 18 01:26:33 2023
Iteration 904 (1200 requested)
Beginning iteration 904
160 segments remain in iteration 904 (160 total)
36 of 112 (32.142857%) active bins are populated
per-bin minimum non-zero probability:       5.17513e-108
per-bin maximum probability:                0.531915
per-bin probability dynamic range (kT):     246.404
per-segment minimum non-zero probability:   1.29378e-108
per-segment maximum non-zero probability:   0.193
per-segment probability dynamic range (kT): 246.777
norm = 1, error in norm = -5.55112e-16 (-2.5*epsilon)
Iteration wallclock: 0:11:03.418080, cputime: 0:55:23.404353


Wed Oct 18 01:37:36 2023
Iteration 905 (1200 requested)
Beginning iteration 905
164 segments remain in iteration 905 (164 total)
36 of 112 (32.142857%) active bins are populated
per-bin minimum non-zero probability:       2.03223e-107
per-bin maximum probability:                0.648267
per-bin probability dynamic range (kT):     245.234
per-segment minimum non-zero probability:   1.8934e-108
per-segment maximum non-zero probability:   0.212951
per-segment probability dynamic range (kT): 246.494
norm = 1, error in norm = -5.55112e-16 (-2.5*epsilon)
Iteration wallclock: 0:11:39.462016, cputime: 0:56:47.836989


Wed Oct 18 01:49:16 2023
Iteration 906 (1200 requested)
Beginning iteration 906
164 segments remain in iteration 906 (164 total)
35 of 112 (31.250000%) active bins are populated
per-bin minimum non-zero probability:       1.60727e-107
per-bin maximum probability:                0.63241
per-bin probability dynamic range (kT):     245.444
per-segment minimum non-zero probability:   4.73349e-109
per-segment maximum non-zero probability:   0.193
per-segment probability dynamic range (kT): 247.782
norm = 1, error in norm = -6.66134e-16 (-3*epsilon)
Iteration wallclock: 0:11:33.117097, cputime: 0:56:42.324997


Wed Oct 18 02:00:49 2023
Iteration 907 (1200 requested)
Beginning iteration 907
160 segments remain in iteration 907 (160 total)
33 of 112 (29.464286%) active bins are populated
per-bin minimum non-zero probability:       1.74928e-107
per-bin maximum probability:                0.462913
per-bin probability dynamic range (kT):     245.047
per-segment minimum non-zero probability:   3.78679e-108
per-segment maximum non-zero probability:   0.151859
per-segment probability dynamic range (kT): 245.463
norm = 1, error in norm = -6.66134e-16 (-3*epsilon)
Iteration wallclock: 0:11:07.407232, cputime: 0:55:17.333335


Wed Oct 18 02:11:56 2023
Iteration 908 (1200 requested)
Beginning iteration 908
156 segments remain in iteration 908 (156 total)
34 of 112 (30.357143%) active bins are populated
per-bin minimum non-zero probability:       1.18515e-107
per-bin maximum probability:                0.714893
per-bin probability dynamic range (kT):     245.871
per-segment minimum non-zero probability:   1.42226e-108
per-segment maximum non-zero probability:   0.238395
per-segment probability dynamic range (kT): 246.893
norm = 1, error in norm = -6.66134e-16 (-3*epsilon)
Iteration wallclock: 0:11:01.267854, cputime: 0:53:51.161315


Wed Oct 18 02:22:57 2023
Iteration 909 (1200 requested)
Beginning iteration 909
160 segments remain in iteration 909 (160 total)
33 of 112 (29.464286%) active bins are populated
per-bin minimum non-zero probability:       8.99363e-108
per-bin maximum probability:                0.729794
per-bin probability dynamic range (kT):     246.168
per-segment minimum non-zero probability:   1.73561e-108
per-segment maximum non-zero probability:   0.238395
per-segment probability dynamic range (kT): 246.694
norm = 1, error in norm = -5.55112e-16 (-2.5*epsilon)
Iteration wallclock: 0:11:03.340673, cputime: 0:55:12.233631


Wed Oct 18 02:34:01 2023
Iteration 910 (1200 requested)
Beginning iteration 910
144 segments remain in iteration 910 (144 total)
32 of 112 (28.571429%) active bins are populated
per-bin minimum non-zero probability:       3.78975e-108
per-bin maximum probability:                0.74477
per-bin probability dynamic range (kT):     247.052
per-segment minimum non-zero probability:   4.33903e-109
per-segment maximum non-zero probability:   0.238395
per-segment probability dynamic range (kT): 248.08
norm = 1, error in norm = -5.55112e-16 (-2.5*epsilon)
Iteration wallclock: 0:09:59.633228, cputime: 0:49:45.225322


Wed Oct 18 02:44:00 2023
Iteration 911 (1200 requested)
Beginning iteration 911
152 segments remain in iteration 911 (152 total)
34 of 112 (30.357143%) active bins are populated
per-bin minimum non-zero probability:       5.55128e-108
per-bin maximum probability:                0.638702
per-bin probability dynamic range (kT):     246.517
per-segment minimum non-zero probability:   1.06239e-108
per-segment maximum non-zero probability:   0.238395
per-segment probability dynamic range (kT): 247.185
norm = 1, error in norm = -6.66134e-16 (-3*epsilon)
Iteration wallclock: 0:10:35.080566, cputime: 0:52:26.436208


Wed Oct 18 02:54:35 2023
Iteration 912 (1200 requested)
Beginning iteration 912
148 segments remain in iteration 912 (148 total)
33 of 112 (29.464286%) active bins are populated
per-bin minimum non-zero probability:       2.12478e-108
per-bin maximum probability:                0.999974
per-bin probability dynamic range (kT):     247.925
per-segment minimum non-zero probability:   5.31196e-109
per-segment maximum non-zero probability:   0.323345
per-segment probability dynamic range (kT): 248.183
norm = 1, error in norm = -5.55112e-16 (-2.5*epsilon)
Iteration wallclock: 0:10:39.642303, cputime: 0:51:07.935250


Wed Oct 18 03:05:15 2023
Iteration 913 (1200 requested)
Beginning iteration 913
160 segments remain in iteration 913 (160 total)
34 of 112 (30.357143%) active bins are populated
per-bin minimum non-zero probability:       2.75066e-108
per-bin maximum probability:                0.56174
per-bin probability dynamic range (kT):     247.091
per-segment minimum non-zero probability:   2.65598e-109
per-segment maximum non-zero probability:   0.238395
per-segment probability dynamic range (kT): 248.571
norm = 1, error in norm = -5.55112e-16 (-2.5*epsilon)
Iteration wallclock: 0:11:04.342965, cputime: 0:55:13.454103


Wed Oct 18 03:16:19 2023
Iteration 914 (1200 requested)
Beginning iteration 914
176 segments remain in iteration 914 (176 total)
37 of 112 (33.035714%) active bins are populated
per-bin minimum non-zero probability:       7.96794e-109
per-bin maximum probability:                0.389987
per-bin probability dynamic range (kT):     247.965
per-segment minimum non-zero probability:   6.63995e-110
per-segment maximum non-zero probability:   0.136118
per-segment probability dynamic range (kT): 249.397
norm = 1, error in norm = -6.66134e-16 (-3*epsilon)
Iteration wallclock: 0:12:06.365392, cputime: 1:00:52.276255


Wed Oct 18 03:28:26 2023
Iteration 915 (1200 requested)
Beginning iteration 915
164 segments remain in iteration 915 (164 total)
33 of 112 (29.464286%) active bins are populated
per-bin minimum non-zero probability:       2.65598e-109
per-bin maximum probability:                0.605555
per-bin probability dynamic range (kT):     249.503
per-segment minimum non-zero probability:   1.65999e-110
per-segment maximum non-zero probability:   0.215563
per-segment probability dynamic range (kT): 251.243
norm = 1, error in norm = -6.66134e-16 (-3*epsilon)
Iteration wallclock: 0:11:40.967789, cputime: 0:56:41.915675


Wed Oct 18 03:40:07 2023
Iteration 916 (1200 requested)
Beginning iteration 916
156 segments remain in iteration 916 (156 total)
31 of 112 (27.678571%) active bins are populated
per-bin minimum non-zero probability:       3.20931e-109
per-bin maximum probability:                0.704971
per-bin probability dynamic range (kT):     249.466
per-segment minimum non-zero probability:   4.14997e-111
per-segment maximum non-zero probability:   0.2439
per-segment probability dynamic range (kT): 252.753
norm = 1, error in norm = -6.66134e-16 (-3*epsilon)
Iteration wallclock: 0:11:09.276458, cputime: 0:53:58.646366


Wed Oct 18 03:51:16 2023
Iteration 917 (1200 requested)
Beginning iteration 917
168 segments remain in iteration 917 (168 total)
35 of 112 (31.250000%) active bins are populated
per-bin minimum non-zero probability:       1.27266e-109
per-bin maximum probability:                0.551257
per-bin probability dynamic range (kT):     250.145
per-segment minimum non-zero probability:   1.03749e-111
per-segment maximum non-zero probability:   0.2439
per-segment probability dynamic range (kT): 254.139
norm = 1, error in norm = -6.66134e-16 (-3*epsilon)
Iteration wallclock: 0:11:38.160501, cputime: 0:58:08.185715


Wed Oct 18 04:02:54 2023
Iteration 918 (1200 requested)
Beginning iteration 918
168 segments remain in iteration 918 (168 total)
35 of 112 (31.250000%) active bins are populated
per-bin minimum non-zero probability:       1.0617e-109
per-bin maximum probability:                0.85629
per-bin probability dynamic range (kT):     250.767
per-segment minimum non-zero probability:   2.13262e-110
per-segment maximum non-zero probability:   0.297412
per-segment probability dynamic range (kT): 251.314
norm = 1, error in norm = -6.66134e-16 (-3*epsilon)
Iteration wallclock: 0:11:40.819230, cputime: 0:58:08.618564


Wed Oct 18 04:14:35 2023
Iteration 919 (1200 requested)
Beginning iteration 919
164 segments remain in iteration 919 (164 total)
35 of 112 (31.250000%) active bins are populated
per-bin minimum non-zero probability:       6.65148e-110
per-bin maximum probability:                0.594806
per-bin probability dynamic range (kT):     250.87
per-segment minimum non-zero probability:   5.76385e-111
per-segment maximum non-zero probability:   0.2439
per-segment probability dynamic range (kT): 252.424
norm = 1, error in norm = -6.66134e-16 (-3*epsilon)
Iteration wallclock: 0:11:26.965162, cputime: 0:56:43.181029


Wed Oct 18 04:26:02 2023
Iteration 920 (1200 requested)
Beginning iteration 920
156 segments remain in iteration 920 (156 total)
32 of 112 (28.571429%) active bins are populated
per-bin minimum non-zero probability:       2.30554e-110
per-bin maximum probability:                0.729154
per-bin probability dynamic range (kT):     252.133
per-segment minimum non-zero probability:   5.79267e-111
per-segment maximum non-zero probability:   0.26547
per-segment probability dynamic range (kT): 252.504
norm = 1, error in norm = -4.44089e-16 (-2*epsilon)
Iteration wallclock: 0:11:03.969877, cputime: 0:53:57.512802


Wed Oct 18 04:37:06 2023
Iteration 921 (1200 requested)
Beginning iteration 921
164 segments remain in iteration 921 (164 total)
33 of 112 (29.464286%) active bins are populated
per-bin minimum non-zero probability:       8.78218e-110
per-bin maximum probability:                0.510781
per-bin probability dynamic range (kT):     250.44
per-segment minimum non-zero probability:   5.76385e-111
per-segment maximum non-zero probability:   0.158941
per-segment probability dynamic range (kT): 251.996
norm = 1, error in norm = -6.66134e-16 (-3*epsilon)
Iteration wallclock: 0:11:35.672884, cputime: 0:56:39.466790


Wed Oct 18 04:48:42 2023
Iteration 922 (1200 requested)
Beginning iteration 922
152 segments remain in iteration 922 (152 total)
30 of 112 (26.785714%) active bins are populated
per-bin minimum non-zero probability:       5.99344e-110
per-bin maximum probability:                0.772446
per-bin probability dynamic range (kT):     251.236
per-segment minimum non-zero probability:   1.44096e-111
per-segment maximum non-zero probability:   0.264568
per-segment probability dynamic range (kT): 253.892
norm = 1, error in norm = -7.77156e-16 (-3.5*epsilon)
Iteration wallclock: 0:10:27.901417, cputime: 0:52:35.567105


Wed Oct 18 04:59:10 2023
Iteration 923 (1200 requested)
Beginning iteration 923
168 segments remain in iteration 923 (168 total)
35 of 112 (31.250000%) active bins are populated
per-bin minimum non-zero probability:       6.65148e-110
per-bin maximum probability:                0.828773
per-bin probability dynamic range (kT):     251.202
per-segment minimum non-zero probability:   5.76385e-111
per-segment maximum non-zero probability:   0.264568
per-segment probability dynamic range (kT): 252.506
norm = 1, error in norm = -6.66134e-16 (-3*epsilon)
Iteration wallclock: 0:12:17.449449, cputime: 0:58:01.313882


Wed Oct 18 05:11:27 2023
Iteration 924 (1200 requested)
Beginning iteration 924
164 segments remain in iteration 924 (164 total)
31 of 112 (27.678571%) active bins are populated
per-bin minimum non-zero probability:       3.83584e-110
per-bin maximum probability:                0.734566
per-bin probability dynamic range (kT):     251.631
per-segment minimum non-zero probability:   2.71621e-111
per-segment maximum non-zero probability:   0.264568
per-segment probability dynamic range (kT): 253.258
norm = 1, error in norm = -6.66134e-16 (-3*epsilon)
Iteration wallclock: 0:11:52.771633, cputime: 0:56:41.028574


Wed Oct 18 05:23:20 2023
Iteration 925 (1200 requested)
Beginning iteration 925
152 segments remain in iteration 925 (152 total)
30 of 112 (26.785714%) active bins are populated
per-bin minimum non-zero probability:       3.02098e-110
per-bin maximum probability:                0.573453
per-bin probability dynamic range (kT):     251.623
per-segment minimum non-zero probability:   6.79053e-112
per-segment maximum non-zero probability:   0.205033
per-segment probability dynamic range (kT): 254.389
norm = 1, error in norm = -7.77156e-16 (-3.5*epsilon)
Iteration wallclock: 0:10:33.281971, cputime: 0:52:33.126863


Wed Oct 18 05:33:53 2023
Iteration 926 (1200 requested)
Beginning iteration 926
164 segments remain in iteration 926 (164 total)
33 of 112 (29.464286%) active bins are populated
per-bin minimum non-zero probability:       1.18753e-110
per-bin maximum probability:                0.520535
per-bin probability dynamic range (kT):     252.46
per-segment minimum non-zero probability:   6.79053e-112
per-segment maximum non-zero probability:   0.205033
per-segment probability dynamic range (kT): 254.389
norm = 1, error in norm = -6.66134e-16 (-3*epsilon)
Iteration wallclock: 0:11:23.701193, cputime: 0:56:39.585594


Wed Oct 18 05:45:17 2023
Iteration 927 (1200 requested)
Beginning iteration 927
172 segments remain in iteration 927 (172 total)
35 of 112 (31.250000%) active bins are populated
per-bin minimum non-zero probability:       8.82769e-111
per-bin maximum probability:                0.762722
per-bin probability dynamic range (kT):     253.138
per-segment minimum non-zero probability:   6.79053e-112
per-segment maximum non-zero probability:   0.219813
per-segment probability dynamic range (kT): 254.459
norm = 1, error in norm = -6.66134e-16 (-3*epsilon)
Iteration wallclock: 0:12:22.228961, cputime: 0:59:29.319944


Wed Oct 18 05:57:39 2023
Iteration 928 (1200 requested)
Beginning iteration 928
164 segments remain in iteration 928 (164 total)
32 of 112 (28.571429%) active bins are populated
per-bin minimum non-zero probability:       2.03716e-111
per-bin maximum probability:                0.576746
per-bin probability dynamic range (kT):     254.325
per-segment minimum non-zero probability:   3.39527e-112
per-segment maximum non-zero probability:   0.219813
per-segment probability dynamic range (kT): 255.152
norm = 1, error in norm = -6.66134e-16 (-3*epsilon)
Iteration wallclock: 0:11:33.856834, cputime: 0:56:35.138399


Wed Oct 18 06:09:13 2023
Iteration 929 (1200 requested)
Beginning iteration 929
164 segments remain in iteration 929 (164 total)
33 of 112 (29.464286%) active bins are populated
per-bin minimum non-zero probability:       4.97972e-111
per-bin maximum probability:                0.606452
per-bin probability dynamic range (kT):     253.481
per-segment minimum non-zero probability:   1.69763e-112
per-segment maximum non-zero probability:   0.219813
per-segment probability dynamic range (kT): 255.845
norm = 1, error in norm = -6.66134e-16 (-3*epsilon)
Iteration wallclock: 0:11:32.850843, cputime: 0:56:41.454508


Wed Oct 18 06:20:46 2023
Iteration 930 (1200 requested)
Beginning iteration 930
160 segments remain in iteration 930 (160 total)
32 of 112 (28.571429%) active bins are populated
per-bin minimum non-zero probability:       1.64354e-110
per-bin maximum probability:                0.463275
per-bin probability dynamic range (kT):     252.018
per-segment minimum non-zero probability:   4.24408e-113
per-segment maximum non-zero probability:   0.154722
per-segment probability dynamic range (kT): 256.88
norm = 1, error in norm = -6.66134e-16 (-3*epsilon)
Iteration wallclock: 0:11:02.531343, cputime: 0:55:12.459118


Wed Oct 18 06:31:48 2023
Iteration 931 (1200 requested)
Beginning iteration 931
164 segments remain in iteration 931 (164 total)
37 of 112 (33.035714%) active bins are populated
per-bin minimum non-zero probability:       7.28399e-111
per-bin maximum probability:                0.453698
per-bin probability dynamic range (kT):     252.811
per-segment minimum non-zero probability:   2.12204e-113
per-segment maximum non-zero probability:   0.154722
per-segment probability dynamic range (kT): 257.574
norm = 1, error in norm = -6.66134e-16 (-3*epsilon)
Iteration wallclock: 0:11:29.200322, cputime: 0:56:35.942862


Wed Oct 18 06:43:17 2023
Iteration 932 (1200 requested)
Beginning iteration 932
156 segments remain in iteration 932 (156 total)
30 of 112 (26.785714%) active bins are populated
per-bin minimum non-zero probability:       1.99116e-110
per-bin maximum probability:                0.690034
per-bin probability dynamic range (kT):     252.225
per-segment minimum non-zero probability:   6.41328e-112
per-segment maximum non-zero probability:   0.231917
per-segment probability dynamic range (kT): 254.57
norm = 1, error in norm = -6.66134e-16 (-3*epsilon)
Iteration wallclock: 0:11:15.016072, cputime: 0:53:50.880662


Wed Oct 18 06:54:33 2023
Iteration 933 (1200 requested)
Beginning iteration 933
160 segments remain in iteration 933 (160 total)
34 of 112 (30.357143%) active bins are populated
per-bin minimum non-zero probability:       1.28266e-111
per-bin maximum probability:                0.562014
per-bin probability dynamic range (kT):     254.762
per-segment minimum non-zero probability:   3.20664e-112
per-segment maximum non-zero probability:   0.158414
per-segment probability dynamic range (kT): 254.882
norm = 1, error in norm = -5.55112e-16 (-2.5*epsilon)
Iteration wallclock: 0:11:17.060688, cputime: 0:55:12.376446


Wed Oct 18 07:05:50 2023
Iteration 934 (1200 requested)
Beginning iteration 934
156 segments remain in iteration 934 (156 total)
33 of 112 (29.464286%) active bins are populated
per-bin minimum non-zero probability:       9.61992e-112
per-bin maximum probability:                0.517386
per-bin probability dynamic range (kT):     254.967
per-segment minimum non-zero probability:   8.0166e-113
per-segment maximum non-zero probability:   0.154722
per-segment probability dynamic range (kT): 256.244
norm = 1, error in norm = -5.55112e-16 (-2.5*epsilon)
Iteration wallclock: 0:10:59.982772, cputime: 0:53:51.790486


Wed Oct 18 07:16:50 2023
Iteration 935 (1200 requested)
Beginning iteration 935
156 segments remain in iteration 935 (156 total)
31 of 112 (27.678571%) active bins are populated
per-bin minimum non-zero probability:       5.31605e-111
per-bin maximum probability:                0.616024
per-bin probability dynamic range (kT):     253.432
per-segment minimum non-zero probability:   9.69644e-112
per-segment maximum non-zero probability:   0.197221
per-segment probability dynamic range (kT): 253.994
norm = 1, error in norm = -5.55112e-16 (-2.5*epsilon)
Iteration wallclock: 0:11:01.631167, cputime: 0:53:52.596907


Wed Oct 18 07:27:51 2023
Iteration 936 (1200 requested)
Beginning iteration 936
160 segments remain in iteration 936 (160 total)
33 of 112 (29.464286%) active bins are populated
per-bin minimum non-zero probability:       4.14737e-111
per-bin maximum probability:                0.586498
per-bin probability dynamic range (kT):     253.631
per-segment minimum non-zero probability:   3.09854e-112
per-segment maximum non-zero probability:   0.197221
per-segment probability dynamic range (kT): 255.135
norm = 1, error in norm = -5.55112e-16 (-2.5*epsilon)
Iteration wallclock: 0:11:01.043697, cputime: 0:55:15.678084


Wed Oct 18 07:38:52 2023
Iteration 937 (1200 requested)
Beginning iteration 937
152 segments remain in iteration 937 (152 total)
30 of 112 (26.785714%) active bins are populated
per-bin minimum non-zero probability:       3.09854e-112
per-bin maximum probability:                0.718397
per-bin probability dynamic range (kT):     256.428
per-segment minimum non-zero probability:   3.09854e-112
per-segment maximum non-zero probability:   0.221473
per-segment probability dynamic range (kT): 255.251
norm = 1, error in norm = -5.55112e-16 (-2.5*epsilon)
Iteration wallclock: 0:10:37.862082, cputime: 0:52:28.324618


Wed Oct 18 07:49:30 2023
Iteration 938 (1200 requested)
Beginning iteration 938
156 segments remain in iteration 938 (156 total)
32 of 112 (28.571429%) active bins are populated
per-bin minimum non-zero probability:       2.31896e-111
per-bin maximum probability:                0.461176
per-bin probability dynamic range (kT):     253.972
per-segment minimum non-zero probability:   1.12486e-112
per-segment maximum non-zero probability:   0.14498
per-segment probability dynamic range (kT): 255.841
norm = 1, error in norm = -6.66134e-16 (-3*epsilon)
Iteration wallclock: 0:10:57.867598, cputime: 0:53:53.657860


Wed Oct 18 08:00:28 2023
Iteration 939 (1200 requested)
Beginning iteration 939
144 segments remain in iteration 939 (144 total)
29 of 112 (25.892857%) active bins are populated
per-bin minimum non-zero probability:       2.92624e-111
per-bin maximum probability:                0.803574
per-bin probability dynamic range (kT):     254.295
per-segment minimum non-zero probability:   2.9217e-112
per-segment maximum non-zero probability:   0.255717
per-segment probability dynamic range (kT): 255.454
norm = 1, error in norm = -6.66134e-16 (-3*epsilon)
Iteration wallclock: 0:09:54.315645, cputime: 0:49:41.072465


Wed Oct 18 08:10:22 2023
Iteration 940 (1200 requested)
Beginning iteration 940
160 segments remain in iteration 940 (160 total)
32 of 112 (28.571429%) active bins are populated
per-bin minimum non-zero probability:       1.51288e-111
per-bin maximum probability:                0.728482
per-bin probability dynamic range (kT):     254.856
per-segment minimum non-zero probability:   1.59091e-112
per-segment maximum non-zero probability:   0.255717
per-segment probability dynamic range (kT): 256.062
norm = 1, error in norm = -6.66134e-16 (-3*epsilon)
Iteration wallclock: 0:10:58.148244, cputime: 0:55:19.570861


Wed Oct 18 08:21:20 2023
Iteration 941 (1200 requested)
Beginning iteration 941
160 segments remain in iteration 941 (160 total)
32 of 112 (28.571429%) active bins are populated
per-bin minimum non-zero probability:       1.00057e-111
per-bin maximum probability:                0.472765
per-bin probability dynamic range (kT):     254.837
per-segment minimum non-zero probability:   3.97728e-113
per-segment maximum non-zero probability:   0.166426
per-segment probability dynamic range (kT): 257.018
norm = 1, error in norm = -5.55112e-16 (-2.5*epsilon)
Iteration wallclock: 0:11:08.636151, cputime: 0:55:16.775828


Wed Oct 18 08:32:29 2023
Iteration 942 (1200 requested)
Beginning iteration 942
156 segments remain in iteration 942 (156 total)
34 of 112 (30.357143%) active bins are populated
per-bin minimum non-zero probability:       1.4758e-111
per-bin maximum probability:                0.708059
per-bin probability dynamic range (kT):     254.853
per-segment minimum non-zero probability:   9.94321e-114
per-segment maximum non-zero probability:   0.205459
per-segment probability dynamic range (kT): 258.615
norm = 1, error in norm = -6.66134e-16 (-3*epsilon)
Iteration wallclock: 0:11:01.215375, cputime: 0:53:53.875848


Wed Oct 18 08:43:30 2023
Iteration 943 (1200 requested)
Beginning iteration 943
152 segments remain in iteration 943 (152 total)
31 of 112 (27.678571%) active bins are populated
per-bin minimum non-zero probability:       5.43203e-112
per-bin maximum probability:                0.854346
per-bin probability dynamic range (kT):     256.04
per-segment minimum non-zero probability:   1.27045e-113
per-segment maximum non-zero probability:   0.311096
per-segment probability dynamic range (kT): 258.785
norm = 1, error in norm = -6.66134e-16 (-3*epsilon)
Iteration wallclock: 0:10:33.351037, cputime: 0:52:30.716943


Wed Oct 18 08:54:04 2023
Iteration 944 (1200 requested)
Beginning iteration 944
152 segments remain in iteration 944 (152 total)
30 of 112 (26.785714%) active bins are populated
per-bin minimum non-zero probability:       2.5409e-113
per-bin maximum probability:                0.648041
per-bin probability dynamic range (kT):     258.826
per-segment minimum non-zero probability:   3.17613e-114
per-segment maximum non-zero probability:   0.205459
per-segment probability dynamic range (kT): 259.757
norm = 1, error in norm = -6.66134e-16 (-3*epsilon)
Iteration wallclock: 0:10:30.109976, cputime: 0:52:32.120995


Wed Oct 18 09:04:34 2023
Iteration 945 (1200 requested)
Beginning iteration 945
156 segments remain in iteration 945 (156 total)
32 of 112 (28.571429%) active bins are populated
per-bin minimum non-zero probability:       7.14771e-113
per-bin maximum probability:                0.725816
per-bin probability dynamic range (kT):     257.905
per-segment minimum non-zero probability:   1.62812e-113
per-segment maximum non-zero probability:   0.205459
per-segment probability dynamic range (kT): 258.122
norm = 1, error in norm = -5.55112e-16 (-2.5*epsilon)
Iteration wallclock: 0:11:01.966560, cputime: 0:53:58.821246


Wed Oct 18 09:15:36 2023
Iteration 946 (1200 requested)
Beginning iteration 946
156 segments remain in iteration 946 (156 total)
32 of 112 (28.571429%) active bins are populated
per-bin minimum non-zero probability:       5.20197e-113
per-bin maximum probability:                0.725816
per-bin probability dynamic range (kT):     258.223
per-segment minimum non-zero probability:   4.86433e-114
per-segment maximum non-zero probability:   0.205459
per-segment probability dynamic range (kT): 259.33
norm = 1, error in norm = -6.66134e-16 (-3*epsilon)
exception caught; shutting down
-- ERROR    [w_run] -- error message: coordinate value 180.0 is out of bin space in dimension 2
-- ERROR    [w_run] -- Traceback (most recent call last):
  File "/ihome/lchong/dty7/Apps/westpa/src/westpa/cli/core/w_run.py", line 61, in run_simulation
    sim_manager.run()
  File "/ix/lchong/dty7/d1d2/2kod/o_angle/4d_min_oa12w184chi1m1m2_ss_v00/manager.py", line 706, in run
    self.propagate()
  File "/ix/lchong/dty7/d1d2/2kod/o_angle/4d_min_oa12w184chi1m1m2_ss_v00/manager.py", line 576, in propagate
    self.we_driver.assign(self.segments.values(), endprop=True)
  File "/ix/lchong/dty7/d1d2/2kod/o_angle/4d_min_oa12w184chi1m1m2_ss_v00/driver.py", line 294, in assign
    final_assignments = self.bin_mapper.assign(all_pcoords[1,:,:])
  File "/ihome/lchong/dty7/Apps/westpa/src/westpa/core/binning/assign.py", line 427, in assign
    self.base_mapper.assign(coords, mask, output)
  File "/ihome/lchong/dty7/Apps/westpa/src/westpa/core/binning/assign.py", line 175, in assign
    rectilinear_assign(coords, mask, output, self.boundaries, self._boundlens)
  File "src/westpa/core/binning/_assign.pyx", line 28, in westpa.core.binning._assign.rectilinear_assign
  File "src/westpa/core/binning/_assign.pyx", line 81, in westpa.core.binning._assign.rectilinear_assign
ValueError: coordinate value 180.0 is out of bin space in dimension 2

