MPI startup(): PMI server not found. Please set I_MPI_PMI_LIBRARY variable if it is not a singleton case.
Updating system with the options from the configuration file
Maximum wallclock time: 2:00:00

Mon Apr  1 00:36:12 2024
Iteration 24 (1000 requested)
Beginning iteration 24
120 segments remain in iteration 24 (120 total)
21 of 38 (55.263158%) active bins are populated
per-bin minimum non-zero probability:       1.54174e-06
per-bin maximum probability:                0.405886
per-bin probability dynamic range (kT):     12.4809
per-segment minimum non-zero probability:   2.56957e-07
per-segment maximum non-zero probability:   0.103357
per-segment probability dynamic range (kT): 12.9048
norm = 1, error in norm = 0 (0*epsilon)
MAB binning in use
Bottleneck bin occupancy may not be accurately reported
Waiting for segments to complete...
Iteration completed successfully
Iteration wallclock: 0:12:03.032910, cputime: 1:00:51.411073


Mon Apr  1 00:48:16 2024
Iteration 25 (1000 requested)
Beginning iteration 25
132 segments remain in iteration 25 (132 total)
20 of 38 (52.631579%) active bins are populated
per-bin minimum non-zero probability:       2.88046e-06
per-bin maximum probability:                0.255248
per-bin probability dynamic range (kT):     11.392
per-segment minimum non-zero probability:   4.80077e-07
per-segment maximum non-zero probability:   0.069654
per-segment probability dynamic range (kT): 11.8851
norm = 1, error in norm = 0 (0*epsilon)
MAB binning in use
Bottleneck bin occupancy may not be accurately reported
Waiting for segments to complete...
Iteration completed successfully
Iteration wallclock: 0:12:41.758700, cputime: 1:06:48.302413


Mon Apr  1 01:00:57 2024
Iteration 26 (1000 requested)
Beginning iteration 26
120 segments remain in iteration 26 (120 total)
19 of 38 (50.000000%) active bins are populated
per-bin minimum non-zero probability:       1.61981e-05
per-bin maximum probability:                0.287818
per-bin probability dynamic range (kT):     9.78519
per-segment minimum non-zero probability:   2.69968e-06
per-segment maximum non-zero probability:   0.0599138
per-segment probability dynamic range (kT): 10.0075
norm = 1, error in norm = 0 (0*epsilon)
MAB binning in use
Bottleneck bin occupancy may not be accurately reported
Waiting for segments to complete...
Iteration completed successfully
Iteration wallclock: 0:11:20.640910, cputime: 1:00:31.716200


Mon Apr  1 01:12:18 2024
Iteration 27 (1000 requested)
Beginning iteration 27
132 segments remain in iteration 27 (132 total)
21 of 38 (55.263158%) active bins are populated
per-bin minimum non-zero probability:       2.69968e-06
per-bin maximum probability:                0.255242
per-bin probability dynamic range (kT):     11.4568
per-segment minimum non-zero probability:   4.49947e-07
per-segment maximum non-zero probability:   0.055212
per-segment probability dynamic range (kT): 11.7176
norm = 1, error in norm = 0 (0*epsilon)
MAB binning in use
Bottleneck bin occupancy may not be accurately reported
Waiting for segments to complete...
Iteration completed successfully
Iteration wallclock: 0:12:24.302519, cputime: 1:06:36.720921


Mon Apr  1 01:24:42 2024
Iteration 28 (1000 requested)
Beginning iteration 28
126 segments remain in iteration 28 (126 total)
21 of 38 (55.263158%) active bins are populated
per-bin minimum non-zero probability:       7.56699e-07
per-bin maximum probability:                0.272225
per-bin probability dynamic range (kT):     12.7932
per-segment minimum non-zero probability:   1.26117e-07
per-segment maximum non-zero probability:   0.0648234
per-segment probability dynamic range (kT): 13.15
norm = 1, error in norm = 2.22045e-16 (1*epsilon)
MAB binning in use
Bottleneck bin occupancy may not be accurately reported
Waiting for segments to complete...
Iteration completed successfully
Iteration wallclock: 0:11:57.896086, cputime: 1:03:25.752734


Mon Apr  1 01:36:40 2024
Iteration 29 (1000 requested)
Beginning iteration 29
126 segments remain in iteration 29 (126 total)
22 of 38 (57.894737%) active bins are populated
per-bin minimum non-zero probability:       1.74203e-06
per-bin maximum probability:                0.40948
per-bin probability dynamic range (kT):     12.3676
per-segment minimum non-zero probability:   2.90338e-07
per-segment maximum non-zero probability:   0.0917244
per-segment probability dynamic range (kT): 12.6633
norm = 1, error in norm = 0 (0*epsilon)
MAB binning in use
Bottleneck bin occupancy may not be accurately reported
Waiting for segments to complete...
Iteration completed successfully
Iteration wallclock: 0:11:53.453025, cputime: 1:03:35.475716


Mon Apr  1 01:48:34 2024
Iteration 30 (1000 requested)
Beginning iteration 30
132 segments remain in iteration 30 (132 total)
21 of 38 (55.263158%) active bins are populated
per-bin minimum non-zero probability:       2.90338e-07
per-bin maximum probability:                0.316591
per-bin probability dynamic range (kT):     13.9021
per-segment minimum non-zero probability:   4.83897e-08
per-segment maximum non-zero probability:   0.0917244
per-segment probability dynamic range (kT): 14.455
norm = 1, error in norm = 0 (0*epsilon)
MAB binning in use
Bottleneck bin occupancy may not be accurately reported
Waiting for segments to complete...
Iteration completed successfully
Iteration wallclock: 0:12:21.928686, cputime: 1:05:56.506956


Mon Apr  1 02:00:56 2024
Iteration 31 (1000 requested)
Beginning iteration 31
126 segments remain in iteration 31 (126 total)
20 of 38 (52.631579%) active bins are populated
per-bin minimum non-zero probability:       3.12693e-06
per-bin maximum probability:                0.431141
per-bin probability dynamic range (kT):     11.8341
per-segment minimum non-zero probability:   5.21155e-07
per-segment maximum non-zero probability:   0.0964218
per-segment probability dynamic range (kT): 12.1282
norm = 1, error in norm = -3.33067e-16 (-1.5*epsilon)
MAB binning in use
Bottleneck bin occupancy may not be accurately reported
Waiting for segments to complete...
Iteration completed successfully
Iteration wallclock: 0:11:49.395689, cputime: 1:02:40.147033


Mon Apr  1 02:12:45 2024
Iteration 32 (1000 requested)
Beginning iteration 32
120 segments remain in iteration 32 (120 total)
20 of 38 (52.631579%) active bins are populated
per-bin minimum non-zero probability:       6.65214e-06
per-bin maximum probability:                0.249978
per-bin probability dynamic range (kT):     10.5342
per-segment minimum non-zero probability:   1.10869e-06
per-segment maximum non-zero probability:   0.0611496
per-segment probability dynamic range (kT): 10.9179
norm = 1, error in norm = 0 (0*epsilon)
MAB binning in use
Bottleneck bin occupancy may not be accurately reported
Waiting for segments to complete...
Iteration completed successfully
Iteration wallclock: 0:11:14.194775, cputime: 1:00:01.144631

Iteration 33 would require more than the allotted time. Ending run.
