Updating system with the options from the configuration file
Maximum wallclock time: 1 day, 0:00:00

Wed Apr 17 17:37:19 2024
Iteration 201 (300 requested)
Beginning iteration 201
100 segments remain in iteration 201 (100 total)
25 of 29 (86.206897%) active bins are populated
per-bin minimum non-zero probability:       2.94356e-16
per-bin maximum probability:                0.180486
per-bin probability dynamic range (kT):     34.0496
per-segment minimum non-zero probability:   7.3589e-17
per-segment maximum non-zero probability:   0.0573621
per-segment probability dynamic range (kT): 34.2897
norm = 1, error in norm = 2.22045e-16 (1*epsilon)
MAB binning in use
Bottleneck bin occupancy may not be accurately reported
Waiting for segments to complete...
################ MAB stats ################
minima in each dimension:      [34.8765]
maxima in each dimension:      [54.0604]
direction in each dimension:   [1]
skip in each dimension:        [0]
###########################################
Iteration completed successfully
Iteration wallclock: 0:26:32.620545, cputime: 0:34:52.672811


Wed Apr 17 18:03:52 2024
Iteration 202 (300 requested)
Beginning iteration 202
104 segments remain in iteration 202 (104 total)
26 of 29 (89.655172%) active bins are populated
per-bin minimum non-zero probability:       2.07789e-15
per-bin maximum probability:                0.222687
per-bin probability dynamic range (kT):     32.3054
per-segment minimum non-zero probability:   5.19473e-16
per-segment maximum non-zero probability:   0.0668166
per-segment probability dynamic range (kT): 32.4879
norm = 1, error in norm = 0 (0*epsilon)
MAB binning in use
Bottleneck bin occupancy may not be accurately reported
Waiting for segments to complete...
################ MAB stats ################
minima in each dimension:      [34.0766]
maxima in each dimension:      [56.2028]
direction in each dimension:   [1]
skip in each dimension:        [0]
###########################################
Iteration completed successfully
Iteration wallclock: 0:21:22.001886, cputime: 0:36:13.516071


Wed Apr 17 18:25:14 2024
Iteration 203 (300 requested)
Beginning iteration 203
100 segments remain in iteration 203 (100 total)
25 of 29 (86.206897%) active bins are populated
per-bin minimum non-zero probability:       5.19473e-16
per-bin maximum probability:                0.132546
per-bin probability dynamic range (kT):     33.1729
per-segment minimum non-zero probability:   1.29868e-16
per-segment maximum non-zero probability:   0.0518117
per-segment probability dynamic range (kT): 33.6199
norm = 1, error in norm = 0 (0*epsilon)
MAB binning in use
Bottleneck bin occupancy may not be accurately reported
Waiting for segments to complete...
################ MAB stats ################
minima in each dimension:      [34.3784]
maxima in each dimension:      [56.2282]
direction in each dimension:   [1]
skip in each dimension:        [0]
###########################################
Iteration completed successfully
Iteration wallclock: 0:15:31.673956, cputime: 0:34:45.734969


Wed Apr 17 18:40:46 2024
Iteration 204 (300 requested)
Beginning iteration 204
92 segments remain in iteration 204 (92 total)
23 of 29 (79.310345%) active bins are populated
per-bin minimum non-zero probability:       4.47929e-16
per-bin maximum probability:                0.193143
per-bin probability dynamic range (kT):     33.6976
per-segment minimum non-zero probability:   1.11982e-16
per-segment maximum non-zero probability:   0.0621542
per-segment probability dynamic range (kT): 33.9501
norm = 1, error in norm = 0 (0*epsilon)
MAB binning in use
Bottleneck bin occupancy may not be accurately reported
Waiting for segments to complete...
################ MAB stats ################
minima in each dimension:      [34.6012]
maxima in each dimension:      [55.0451]
direction in each dimension:   [1]
skip in each dimension:        [0]
###########################################
Iteration completed successfully
Iteration wallclock: 0:10:35.322942, cputime: 0:31:54.388705


Wed Apr 17 18:51:21 2024
Iteration 205 (300 requested)
Beginning iteration 205
104 segments remain in iteration 205 (104 total)
25 of 29 (86.206897%) active bins are populated
per-bin minimum non-zero probability:       1.11982e-16
per-bin maximum probability:                0.151406
per-bin probability dynamic range (kT):     34.8404
per-segment minimum non-zero probability:   2.79955e-17
per-segment maximum non-zero probability:   0.0538477
per-segment probability dynamic range (kT): 35.1929
norm = 1, error in norm = 0 (0*epsilon)
MAB binning in use
Bottleneck bin occupancy may not be accurately reported
Waiting for segments to complete...
################ MAB stats ################
minima in each dimension:      [31.8308]
maxima in each dimension:      [54.2371]
direction in each dimension:   [1]
skip in each dimension:        [0]
###########################################
Iteration completed successfully
Iteration wallclock: 0:11:32.179626, cputime: 0:36:01.227050


Wed Apr 17 19:02:53 2024
Iteration 206 (300 requested)
Beginning iteration 206
96 segments remain in iteration 206 (96 total)
24 of 29 (82.758621%) active bins are populated
per-bin minimum non-zero probability:       7.68146e-16
per-bin maximum probability:                0.227069
per-bin probability dynamic range (kT):     33.3201
per-segment minimum non-zero probability:   1.11982e-16
per-segment maximum non-zero probability:   0.0771535
per-segment probability dynamic range (kT): 34.1662
norm = 1, error in norm = 0 (0*epsilon)
MAB binning in use
Bottleneck bin occupancy may not be accurately reported
Waiting for segments to complete...
################ MAB stats ################
minima in each dimension:      [33.6979]
maxima in each dimension:      [52.7495]
direction in each dimension:   [1]
skip in each dimension:        [0]
###########################################
Iteration completed successfully
Iteration wallclock: 0:09:53.603789, cputime: 0:33:17.623738


Wed Apr 17 19:12:47 2024
Iteration 207 (300 requested)
Beginning iteration 207
108 segments remain in iteration 207 (108 total)
27 of 29 (93.103448%) active bins are populated
per-bin minimum non-zero probability:       1.92037e-16
per-bin maximum probability:                0.200625
per-bin probability dynamic range (kT):     34.5825
per-segment minimum non-zero probability:   4.80091e-17
per-segment maximum non-zero probability:   0.0583535
per-segment probability dynamic range (kT): 34.7339
norm = 1, error in norm = 0 (0*epsilon)
MAB binning in use
Bottleneck bin occupancy may not be accurately reported
Waiting for segments to complete...
################ MAB stats ################
minima in each dimension:      [34.1681]
maxima in each dimension:      [54.745]
direction in each dimension:   [1]
skip in each dimension:        [0]
###########################################
Iteration completed successfully
Iteration wallclock: 0:11:24.445930, cputime: 0:37:31.107283


Wed Apr 17 19:24:11 2024
Iteration 208 (300 requested)
Beginning iteration 208
104 segments remain in iteration 208 (104 total)
26 of 29 (89.655172%) active bins are populated
per-bin minimum non-zero probability:       1.78833e-16
per-bin maximum probability:                0.141479
per-bin probability dynamic range (kT):     34.3045
per-segment minimum non-zero probability:   4.47083e-17
per-segment maximum non-zero probability:   0.056169
per-segment probability dynamic range (kT): 34.767
norm = 1, error in norm = 0 (0*epsilon)
MAB binning in use
Bottleneck bin occupancy may not be accurately reported
Waiting for segments to complete...
################ MAB stats ################
minima in each dimension:      [34.6699]
maxima in each dimension:      [55.8352]
direction in each dimension:   [1]
skip in each dimension:        [0]
###########################################
Iteration completed successfully
Iteration wallclock: 0:11:50.018046, cputime: 0:36:08.670408


Wed Apr 17 19:36:01 2024
Iteration 209 (300 requested)
Beginning iteration 209
96 segments remain in iteration 209 (96 total)
24 of 29 (82.758621%) active bins are populated
per-bin minimum non-zero probability:       2.6931e-16
per-bin maximum probability:                0.18621
per-bin probability dynamic range (kT):     34.1698
per-segment minimum non-zero probability:   4.47083e-17
per-segment maximum non-zero probability:   0.056169
per-segment probability dynamic range (kT): 34.767
norm = 1, error in norm = 0 (0*epsilon)
MAB binning in use
Bottleneck bin occupancy may not be accurately reported
Waiting for segments to complete...
################ MAB stats ################
minima in each dimension:      [33.1454]
maxima in each dimension:      [53.8944]
direction in each dimension:   [1]
skip in each dimension:        [0]
###########################################
Iteration completed successfully
Iteration wallclock: 0:08:25.490281, cputime: 0:33:20.730317


Wed Apr 17 19:44:27 2024
Iteration 210 (300 requested)
Beginning iteration 210
100 segments remain in iteration 210 (100 total)
25 of 29 (86.206897%) active bins are populated
per-bin minimum non-zero probability:       6.73274e-17
per-bin maximum probability:                0.135815
per-bin probability dynamic range (kT):     35.2405
per-segment minimum non-zero probability:   1.68318e-17
per-segment maximum non-zero probability:   0.056169
per-segment probability dynamic range (kT): 35.7439
norm = 1, error in norm = 2.22045e-16 (1*epsilon)
MAB binning in use
Bottleneck bin occupancy may not be accurately reported
Waiting for segments to complete...
################ MAB stats ################
minima in each dimension:      [33.9577]
maxima in each dimension:      [53.4131]
direction in each dimension:   [1]
skip in each dimension:        [0]
###########################################
Iteration completed successfully
Iteration wallclock: 0:08:01.675291, cputime: 0:34:48.761099


Wed Apr 17 19:52:28 2024
Iteration 211 (300 requested)
Beginning iteration 211
108 segments remain in iteration 211 (108 total)
26 of 29 (89.655172%) active bins are populated
per-bin minimum non-zero probability:       3.27486e-16
per-bin maximum probability:                0.137799
per-bin probability dynamic range (kT):     33.6731
per-segment minimum non-zero probability:   4.02404e-17
per-segment maximum non-zero probability:   0.056169
per-segment probability dynamic range (kT): 34.8723
norm = 1, error in norm = 0 (0*epsilon)
MAB binning in use
Bottleneck bin occupancy may not be accurately reported
Waiting for segments to complete...
################ MAB stats ################
minima in each dimension:      [34.0415]
maxima in each dimension:      [53.3332]
direction in each dimension:   [1]
skip in each dimension:        [0]
###########################################
Iteration completed successfully
Iteration wallclock: 0:08:24.279458, cputime: 0:37:31.602458


Wed Apr 17 20:00:53 2024
Iteration 212 (300 requested)
Beginning iteration 212
108 segments remain in iteration 212 (108 total)
27 of 29 (93.103448%) active bins are populated
per-bin minimum non-zero probability:       1.12036e-16
per-bin maximum probability:                0.163201
per-bin probability dynamic range (kT):     34.9149
per-segment minimum non-zero probability:   2.72905e-17
per-segment maximum non-zero probability:   0.056169
per-segment probability dynamic range (kT): 35.2606
norm = 1, error in norm = 2.22045e-16 (1*epsilon)
MAB binning in use
Bottleneck bin occupancy may not be accurately reported
Waiting for segments to complete...
################ MAB stats ################
minima in each dimension:      [31.369]
maxima in each dimension:      [53.992]
direction in each dimension:   [1]
skip in each dimension:        [0]
###########################################
Iteration completed successfully
Iteration wallclock: 0:07:54.325499, cputime: 0:37:31.114842


Wed Apr 17 20:08:47 2024
Iteration 213 (300 requested)
Beginning iteration 213
104 segments remain in iteration 213 (104 total)
26 of 29 (89.655172%) active bins are populated
per-bin minimum non-zero probability:       8.18715e-17
per-bin maximum probability:                0.262688
per-bin probability dynamic range (kT):     35.7046
per-segment minimum non-zero probability:   2.04679e-17
per-segment maximum non-zero probability:   0.0802206
per-segment probability dynamic range (kT): 35.9047
norm = 1, error in norm = 2.22045e-16 (1*epsilon)
MAB binning in use
Bottleneck bin occupancy may not be accurately reported
Waiting for segments to complete...
################ MAB stats ################
minima in each dimension:      [33.776]
maxima in each dimension:      [54.2162]
direction in each dimension:   [1]
skip in each dimension:        [0]
###########################################
Iteration completed successfully
Iteration wallclock: 0:07:33.343507, cputime: 0:36:08.048814


Wed Apr 17 20:16:20 2024
Iteration 214 (300 requested)
Beginning iteration 214
108 segments remain in iteration 214 (108 total)
27 of 29 (93.103448%) active bins are populated
per-bin minimum non-zero probability:       2.04679e-17
per-bin maximum probability:                0.207504
per-bin probability dynamic range (kT):     36.8551
per-segment minimum non-zero probability:   5.11697e-18
per-segment maximum non-zero probability:   0.0802206
per-segment probability dynamic range (kT): 37.291
norm = 1, error in norm = 0 (0*epsilon)
MAB binning in use
Bottleneck bin occupancy may not be accurately reported
Waiting for segments to complete...
################ MAB stats ################
minima in each dimension:      [34.1447]
maxima in each dimension:      [53.3772]
direction in each dimension:   [1]
skip in each dimension:        [0]
###########################################
Iteration completed successfully
Iteration wallclock: 0:07:47.203616, cputime: 0:37:30.842251


Wed Apr 17 20:24:08 2024
Iteration 215 (300 requested)
Beginning iteration 215
104 segments remain in iteration 215 (104 total)
26 of 29 (89.655172%) active bins are populated
per-bin minimum non-zero probability:       5.41174e-17
per-bin maximum probability:                0.193245
per-bin probability dynamic range (kT):     35.8116
per-segment minimum non-zero probability:   1.35294e-17
per-segment maximum non-zero probability:   0.0628602
per-segment probability dynamic range (kT): 36.0748
norm = 1, error in norm = 0 (0*epsilon)
MAB binning in use
Bottleneck bin occupancy may not be accurately reported
Waiting for segments to complete...
################ MAB stats ################
minima in each dimension:      [32.093]
maxima in each dimension:      [53.7193]
direction in each dimension:   [1]
skip in each dimension:        [0]
###########################################
Iteration completed successfully
Iteration wallclock: 0:07:19.144697, cputime: 0:36:11.461895


Wed Apr 17 20:31:27 2024
Iteration 216 (300 requested)
Beginning iteration 216
104 segments remain in iteration 216 (104 total)
26 of 29 (89.655172%) active bins are populated
per-bin minimum non-zero probability:       1.35294e-17
per-bin maximum probability:                0.174818
per-bin probability dynamic range (kT):     37.0977
per-segment minimum non-zero probability:   3.38234e-18
per-segment maximum non-zero probability:   0.0508961
per-segment probability dynamic range (kT): 37.25
norm = 1, error in norm = 0 (0*epsilon)
MAB binning in use
Bottleneck bin occupancy may not be accurately reported
Waiting for segments to complete...
################ MAB stats ################
minima in each dimension:      [33.5433]
maxima in each dimension:      [53.7312]
direction in each dimension:   [1]
skip in each dimension:        [0]
###########################################
Iteration completed successfully
Iteration wallclock: 0:07:18.301329, cputime: 0:36:08.823326


Wed Apr 17 20:38:45 2024
Iteration 217 (300 requested)
Beginning iteration 217
108 segments remain in iteration 217 (108 total)
27 of 29 (93.103448%) active bins are populated
per-bin minimum non-zero probability:       3.38234e-18
per-bin maximum probability:                0.214199
per-bin probability dynamic range (kT):     38.6871
per-segment minimum non-zero probability:   8.45585e-19
per-segment maximum non-zero probability:   0.0585666
per-segment probability dynamic range (kT): 38.7767
norm = 1, error in norm = 2.22045e-16 (1*epsilon)
MAB binning in use
Bottleneck bin occupancy may not be accurately reported
Waiting for segments to complete...
################ MAB stats ################
minima in each dimension:      [33.1401]
maxima in each dimension:      [54.4584]
direction in each dimension:   [1]
skip in each dimension:        [0]
###########################################
Iteration completed successfully
Iteration wallclock: 0:07:43.874821, cputime: 0:37:32.834273


Wed Apr 17 20:46:29 2024
Iteration 218 (300 requested)
Beginning iteration 218
108 segments remain in iteration 218 (108 total)
26 of 29 (89.655172%) active bins are populated
per-bin minimum non-zero probability:       8.45585e-19
per-bin maximum probability:                0.205317
per-bin probability dynamic range (kT):     40.0311
per-segment minimum non-zero probability:   2.11396e-19
per-segment maximum non-zero probability:   0.0677302
per-segment probability dynamic range (kT): 40.3083
norm = 1, error in norm = 2.22045e-16 (1*epsilon)
MAB binning in use
Bottleneck bin occupancy may not be accurately reported
Waiting for segments to complete...
################ MAB stats ################
minima in each dimension:      [33.4417]
maxima in each dimension:      [56.1673]
direction in each dimension:   [1]
skip in each dimension:        [0]
###########################################
Iteration completed successfully
Iteration wallclock: 0:07:45.994595, cputime: 0:37:31.308327


Wed Apr 17 20:54:15 2024
Iteration 219 (300 requested)
Beginning iteration 219
100 segments remain in iteration 219 (100 total)
25 of 29 (86.206897%) active bins are populated
per-bin minimum non-zero probability:       2.11396e-19
per-bin maximum probability:                0.154667
per-bin probability dynamic range (kT):     41.1341
per-segment minimum non-zero probability:   5.28491e-20
per-segment maximum non-zero probability:   0.0677302
per-segment probability dynamic range (kT): 41.6946
norm = 1, error in norm = 0 (0*epsilon)
MAB binning in use
Bottleneck bin occupancy may not be accurately reported
Waiting for segments to complete...
################ MAB stats ################
minima in each dimension:      [32.5503]
maxima in each dimension:      [55.6158]
direction in each dimension:   [1]
skip in each dimension:        [0]
###########################################
Iteration completed successfully
Iteration wallclock: 0:07:13.480882, cputime: 0:34:46.044734


Wed Apr 17 21:01:29 2024
Iteration 220 (300 requested)
Beginning iteration 220
100 segments remain in iteration 220 (100 total)
25 of 29 (86.206897%) active bins are populated
per-bin minimum non-zero probability:       5.28491e-20
per-bin maximum probability:                0.174469
per-bin probability dynamic range (kT):     42.6408
per-segment minimum non-zero probability:   1.32123e-20
per-segment maximum non-zero probability:   0.0539787
per-segment probability dynamic range (kT): 42.854
norm = 1, error in norm = 0 (0*epsilon)
MAB binning in use
Bottleneck bin occupancy may not be accurately reported
Waiting for segments to complete...
################ MAB stats ################
minima in each dimension:      [32.0578]
maxima in each dimension:      [55.6774]
direction in each dimension:   [1]
skip in each dimension:        [0]
###########################################
Iteration completed successfully
Iteration wallclock: 0:07:10.560602, cputime: 0:34:46.509883


Wed Apr 17 21:08:39 2024
Iteration 221 (300 requested)
Beginning iteration 221
104 segments remain in iteration 221 (104 total)
26 of 29 (89.655172%) active bins are populated
per-bin minimum non-zero probability:       3.57071e-19
per-bin maximum probability:                0.164838
per-bin probability dynamic range (kT):     40.6736
per-segment minimum non-zero probability:   2.64245e-20
per-segment maximum non-zero probability:   0.0539787
per-segment probability dynamic range (kT): 42.1608
norm = 1, error in norm = 0 (0*epsilon)
MAB binning in use
Bottleneck bin occupancy may not be accurately reported
Waiting for segments to complete...
################ MAB stats ################
minima in each dimension:      [33.7365]
maxima in each dimension:      [54.9946]
direction in each dimension:   [1]
skip in each dimension:        [0]
###########################################
Iteration completed successfully
Iteration wallclock: 0:07:16.043245, cputime: 0:36:11.038034


Wed Apr 17 21:15:55 2024
Iteration 222 (300 requested)
Beginning iteration 222
104 segments remain in iteration 222 (104 total)
26 of 29 (89.655172%) active bins are populated
per-bin minimum non-zero probability:       8.92677e-20
per-bin maximum probability:                0.157067
per-bin probability dynamic range (kT):     42.0116
per-segment minimum non-zero probability:   2.23169e-20
per-segment maximum non-zero probability:   0.0509879
per-segment probability dynamic range (kT): 42.2728
norm = 1, error in norm = 0 (0*epsilon)
MAB binning in use
Bottleneck bin occupancy may not be accurately reported
Waiting for segments to complete...
################ MAB stats ################
minima in each dimension:      [33.7542]
maxima in each dimension:      [54.794]
direction in each dimension:   [1]
skip in each dimension:        [0]
###########################################
Iteration completed successfully
Iteration wallclock: 0:07:17.249097, cputime: 0:36:13.165508


Wed Apr 17 21:23:12 2024
Iteration 223 (300 requested)
Beginning iteration 223
104 segments remain in iteration 223 (104 total)
26 of 29 (89.655172%) active bins are populated
per-bin minimum non-zero probability:       2.23169e-20
per-bin maximum probability:                0.18069
per-bin probability dynamic range (kT):     43.538
per-segment minimum non-zero probability:   5.57923e-21
per-segment maximum non-zero probability:   0.0624533
per-segment probability dynamic range (kT): 43.8619
norm = 1, error in norm = 0 (0*epsilon)
MAB binning in use
Bottleneck bin occupancy may not be accurately reported
Waiting for segments to complete...
################ MAB stats ################
minima in each dimension:      [32.987]
maxima in each dimension:      [55.1041]
direction in each dimension:   [1]
skip in each dimension:        [0]
###########################################
Iteration completed successfully
Iteration wallclock: 0:07:29.952760, cputime: 0:36:12.375249


Wed Apr 17 21:30:42 2024
Iteration 224 (300 requested)
Beginning iteration 224
100 segments remain in iteration 224 (100 total)
25 of 29 (86.206897%) active bins are populated
per-bin minimum non-zero probability:       5.57923e-21
per-bin maximum probability:                0.198834
per-bin probability dynamic range (kT):     45.02
per-segment minimum non-zero probability:   1.39481e-21
per-segment maximum non-zero probability:   0.0624533
per-segment probability dynamic range (kT): 45.2482
norm = 1, error in norm = 2.22045e-16 (1*epsilon)
MAB binning in use
Bottleneck bin occupancy may not be accurately reported
Waiting for segments to complete...
################ MAB stats ################
minima in each dimension:      [34.7576]
maxima in each dimension:      [53.3157]
direction in each dimension:   [1]
skip in each dimension:        [0]
###########################################
Iteration completed successfully
Iteration wallclock: 0:07:17.022542, cputime: 0:34:47.672946


Wed Apr 17 21:38:00 2024
Iteration 225 (300 requested)
Beginning iteration 225
104 segments remain in iteration 225 (104 total)
26 of 29 (89.655172%) active bins are populated
per-bin minimum non-zero probability:       1.39481e-21
per-bin maximum probability:                0.206915
per-bin probability dynamic range (kT):     46.4461
per-segment minimum non-zero probability:   3.48702e-22
per-segment maximum non-zero probability:   0.0737492
per-segment probability dynamic range (kT): 46.8007
norm = 1, error in norm = 0 (0*epsilon)
MAB binning in use
Bottleneck bin occupancy may not be accurately reported
Waiting for segments to complete...
################ MAB stats ################
minima in each dimension:      [33.2678]
maxima in each dimension:      [54.1222]
direction in each dimension:   [1]
skip in each dimension:        [0]
###########################################
Iteration completed successfully
Iteration wallclock: 0:07:14.707374, cputime: 0:36:11.064120


Wed Apr 17 21:45:14 2024
Iteration 226 (300 requested)
Beginning iteration 226
104 segments remain in iteration 226 (104 total)
26 of 29 (89.655172%) active bins are populated
per-bin minimum non-zero probability:       3.48702e-22
per-bin maximum probability:                0.1696
per-bin probability dynamic range (kT):     47.6335
per-segment minimum non-zero probability:   8.71755e-23
per-segment maximum non-zero probability:   0.0545848
per-segment probability dynamic range (kT): 47.8861
norm = 1, error in norm = 0 (0*epsilon)
MAB binning in use
Bottleneck bin occupancy may not be accurately reported
Waiting for segments to complete...
################ MAB stats ################
minima in each dimension:      [33.1746]
maxima in each dimension:      [53.9058]
direction in each dimension:   [1]
skip in each dimension:        [0]
###########################################
Iteration completed successfully
Iteration wallclock: 0:07:14.779755, cputime: 0:36:03.698161


Wed Apr 17 21:52:29 2024
Iteration 227 (300 requested)
Beginning iteration 227
104 segments remain in iteration 227 (104 total)
26 of 29 (89.655172%) active bins are populated
per-bin minimum non-zero probability:       8.71755e-23
per-bin maximum probability:                0.154581
per-bin probability dynamic range (kT):     48.9271
per-segment minimum non-zero probability:   2.17939e-23
per-segment maximum non-zero probability:   0.0545848
per-segment probability dynamic range (kT): 49.2724
norm = 1, error in norm = 0 (0*epsilon)
MAB binning in use
Bottleneck bin occupancy may not be accurately reported
Waiting for segments to complete...
################ MAB stats ################
minima in each dimension:      [33.28]
maxima in each dimension:      [55.546]
direction in each dimension:   [1]
skip in each dimension:        [0]
###########################################
Iteration completed successfully
Iteration wallclock: 0:07:16.258851, cputime: 0:36:02.878840


Wed Apr 17 21:59:45 2024
Iteration 228 (300 requested)
Beginning iteration 228
96 segments remain in iteration 228 (96 total)
24 of 29 (82.758621%) active bins are populated
per-bin minimum non-zero probability:       1.32821e-18
per-bin maximum probability:                0.202577
per-bin probability dynamic range (kT):     39.5661
per-segment minimum non-zero probability:   2.17939e-23
per-segment maximum non-zero probability:   0.0567233
per-segment probability dynamic range (kT): 49.3108
norm = 1, error in norm = 0 (0*epsilon)
MAB binning in use
Bottleneck bin occupancy may not be accurately reported
Waiting for segments to complete...
################ MAB stats ################
minima in each dimension:      [33.7849]
maxima in each dimension:      [53.3773]
direction in each dimension:   [1]
skip in each dimension:        [0]
###########################################
Iteration completed successfully
Iteration wallclock: 0:06:39.431694, cputime: 0:33:18.628803


Wed Apr 17 22:06:25 2024
Iteration 229 (300 requested)
Beginning iteration 229
108 segments remain in iteration 229 (108 total)
26 of 29 (89.655172%) active bins are populated
per-bin minimum non-zero probability:       2.17939e-23
per-bin maximum probability:                0.180946
per-bin probability dynamic range (kT):     50.4709
per-segment minimum non-zero probability:   5.44847e-24
per-segment maximum non-zero probability:   0.0567233
per-segment probability dynamic range (kT): 50.6971
norm = 1, error in norm = 2.22045e-16 (1*epsilon)
MAB binning in use
Bottleneck bin occupancy may not be accurately reported
Waiting for segments to complete...
################ MAB stats ################
minima in each dimension:      [33.5442]
maxima in each dimension:      [55.2482]
direction in each dimension:   [1]
skip in each dimension:        [0]
###########################################
Iteration completed successfully
Iteration wallclock: 0:07:44.406805, cputime: 0:37:30.650798


Wed Apr 17 22:14:09 2024
Iteration 230 (300 requested)
Beginning iteration 230
100 segments remain in iteration 230 (100 total)
25 of 29 (86.206897%) active bins are populated
per-bin minimum non-zero probability:       3.32052e-19
per-bin maximum probability:                0.213102
per-bin probability dynamic range (kT):     41.003
per-segment minimum non-zero probability:   8.3013e-20
per-segment maximum non-zero probability:   0.0724442
per-segment probability dynamic range (kT): 41.3104
norm = 1, error in norm = 2.22045e-16 (1*epsilon)
MAB binning in use
Bottleneck bin occupancy may not be accurately reported
Waiting for segments to complete...
################ MAB stats ################
minima in each dimension:      [33.6915]
maxima in each dimension:      [54.8269]
direction in each dimension:   [1]
skip in each dimension:        [0]
###########################################
Iteration completed successfully
Iteration wallclock: 0:07:14.948443, cputime: 0:34:43.908558


Wed Apr 17 22:21:24 2024
Iteration 231 (300 requested)
Beginning iteration 231
100 segments remain in iteration 231 (100 total)
25 of 29 (86.206897%) active bins are populated
per-bin minimum non-zero probability:       1.54757e-19
per-bin maximum probability:                0.190041
per-bin probability dynamic range (kT):     41.6519
per-segment minimum non-zero probability:   3.86892e-20
per-segment maximum non-zero probability:   0.0550564
per-segment probability dynamic range (kT): 41.7993
norm = 1, error in norm = 2.22045e-16 (1*epsilon)
MAB binning in use
Bottleneck bin occupancy may not be accurately reported
Waiting for segments to complete...
################ MAB stats ################
minima in each dimension:      [34.6972]
maxima in each dimension:      [54.5531]
direction in each dimension:   [1]
skip in each dimension:        [0]
###########################################
Iteration completed successfully
Iteration wallclock: 0:07:09.090015, cputime: 0:34:44.499468


Wed Apr 17 22:28:33 2024
Iteration 232 (300 requested)
Beginning iteration 232
100 segments remain in iteration 232 (100 total)
25 of 29 (86.206897%) active bins are populated
per-bin minimum non-zero probability:       7.80772e-19
per-bin maximum probability:                0.137082
per-bin probability dynamic range (kT):     39.7068
per-segment minimum non-zero probability:   3.86892e-20
per-segment maximum non-zero probability:   0.0517649
per-segment probability dynamic range (kT): 41.7377
norm = 1, error in norm = 2.22045e-16 (1*epsilon)
MAB binning in use
Bottleneck bin occupancy may not be accurately reported
Waiting for segments to complete...
################ MAB stats ################
minima in each dimension:      [33.0967]
maxima in each dimension:      [55.6825]
direction in each dimension:   [1]
skip in each dimension:        [0]
###########################################
Iteration completed successfully
Iteration wallclock: 0:07:07.842384, cputime: 0:34:47.155190


Wed Apr 17 22:35:41 2024
Iteration 233 (300 requested)
Beginning iteration 233
100 segments remain in iteration 233 (100 total)
25 of 29 (86.206897%) active bins are populated
per-bin minimum non-zero probability:       1.54757e-19
per-bin maximum probability:                0.182398
per-bin probability dynamic range (kT):     41.6109
per-segment minimum non-zero probability:   3.86892e-20
per-segment maximum non-zero probability:   0.0688738
per-segment probability dynamic range (kT): 42.0232
norm = 1, error in norm = 0 (0*epsilon)
MAB binning in use
Bottleneck bin occupancy may not be accurately reported
Waiting for segments to complete...
################ MAB stats ################
minima in each dimension:      [32.4052]
maxima in each dimension:      [54.7298]
direction in each dimension:   [1]
skip in each dimension:        [0]
###########################################
Iteration completed successfully
Iteration wallclock: 0:07:10.015379, cputime: 0:34:49.791765


Wed Apr 17 22:42:51 2024
Iteration 234 (300 requested)
Beginning iteration 234
104 segments remain in iteration 234 (104 total)
26 of 29 (89.655172%) active bins are populated
per-bin minimum non-zero probability:       8.36028e-20
per-bin maximum probability:                0.251764
per-bin probability dynamic range (kT):     42.5489
per-segment minimum non-zero probability:   2.09007e-20
per-segment maximum non-zero probability:   0.0814655
per-segment probability dynamic range (kT): 42.8069
norm = 1, error in norm = 0 (0*epsilon)
MAB binning in use
Bottleneck bin occupancy may not be accurately reported
Waiting for segments to complete...
################ MAB stats ################
minima in each dimension:      [33.4313]
maxima in each dimension:      [56.0434]
direction in each dimension:   [1]
skip in each dimension:        [0]
###########################################
Iteration completed successfully
Iteration wallclock: 0:07:32.126832, cputime: 0:36:12.222743


Wed Apr 17 22:50:23 2024
Iteration 235 (300 requested)
Beginning iteration 235
96 segments remain in iteration 235 (96 total)
24 of 29 (82.758621%) active bins are populated
per-bin minimum non-zero probability:       2.67328e-20
per-bin maximum probability:                0.159988
per-bin probability dynamic range (kT):     43.2357
per-segment minimum non-zero probability:   6.6832e-21
per-segment maximum non-zero probability:   0.0549648
per-segment probability dynamic range (kT): 43.5536
norm = 1, error in norm = 2.22045e-16 (1*epsilon)
MAB binning in use
Bottleneck bin occupancy may not be accurately reported
Waiting for segments to complete...
################ MAB stats ################
minima in each dimension:      [34.1567]
maxima in each dimension:      [57.2515]
direction in each dimension:   [1]
skip in each dimension:        [0]
###########################################
Iteration completed successfully
Iteration wallclock: 0:06:36.931418, cputime: 0:33:21.614483


Wed Apr 17 22:57:00 2024
Iteration 236 (300 requested)
Beginning iteration 236
100 segments remain in iteration 236 (100 total)
25 of 29 (86.206897%) active bins are populated
per-bin minimum non-zero probability:       2.09007e-20
per-bin maximum probability:                0.206714
per-bin probability dynamic range (kT):     43.7381
per-segment minimum non-zero probability:   5.22517e-21
per-segment maximum non-zero probability:   0.0668535
per-segment probability dynamic range (kT): 43.9955
norm = 1, error in norm = -1.11022e-16 (-0.5*epsilon)
MAB binning in use
Bottleneck bin occupancy may not be accurately reported
Waiting for segments to complete...
################ MAB stats ################
minima in each dimension:      [34.2315]
maxima in each dimension:      [54.5436]
direction in each dimension:   [1]
skip in each dimension:        [0]
###########################################
Iteration completed successfully
Iteration wallclock: 0:07:06.567439, cputime: 0:34:48.089168


Wed Apr 17 23:04:07 2024
Iteration 237 (300 requested)
Beginning iteration 237
108 segments remain in iteration 237 (108 total)
27 of 29 (93.103448%) active bins are populated
per-bin minimum non-zero probability:       3.25254e-20
per-bin maximum probability:                0.191653
per-bin probability dynamic range (kT):     43.2202
per-segment minimum non-zero probability:   6.82505e-21
per-segment maximum non-zero probability:   0.0549648
per-segment probability dynamic range (kT): 43.5326
norm = 1, error in norm = 0 (0*epsilon)
MAB binning in use
Bottleneck bin occupancy may not be accurately reported
Waiting for segments to complete...
################ MAB stats ################
minima in each dimension:      [34.6793]
maxima in each dimension:      [54.9392]
direction in each dimension:   [1]
skip in each dimension:        [0]
###########################################
Iteration completed successfully
Iteration wallclock: 0:07:44.459254, cputime: 0:37:31.543285


Wed Apr 17 23:11:51 2024
Iteration 238 (300 requested)
Beginning iteration 238
108 segments remain in iteration 238 (108 total)
25 of 29 (86.206897%) active bins are populated
per-bin minimum non-zero probability:       6.82505e-21
per-bin maximum probability:                0.171484
per-bin probability dynamic range (kT):     44.6704
per-segment minimum non-zero probability:   1.70626e-21
per-segment maximum non-zero probability:   0.0549648
per-segment probability dynamic range (kT): 44.9189
norm = 1, error in norm = -2.22045e-16 (-1*epsilon)
MAB binning in use
Bottleneck bin occupancy may not be accurately reported
Waiting for segments to complete...
################ MAB stats ################
minima in each dimension:      [35.3636]
maxima in each dimension:      [54.7505]
direction in each dimension:   [1]
skip in each dimension:        [0]
###########################################
Iteration completed successfully
Iteration wallclock: 0:07:39.112194, cputime: 0:37:32.637034


Wed Apr 17 23:19:30 2024
Iteration 239 (300 requested)
Beginning iteration 239
104 segments remain in iteration 239 (104 total)
26 of 29 (89.655172%) active bins are populated
per-bin minimum non-zero probability:       7.80843e-21
per-bin maximum probability:                0.190749
per-bin probability dynamic range (kT):     44.6423
per-segment minimum non-zero probability:   1.95211e-21
per-segment maximum non-zero probability:   0.0549648
per-segment probability dynamic range (kT): 44.7843
norm = 1, error in norm = 0 (0*epsilon)
MAB binning in use
Bottleneck bin occupancy may not be accurately reported
Waiting for segments to complete...
################ MAB stats ################
minima in each dimension:      [34.8509]
maxima in each dimension:      [55.2783]
direction in each dimension:   [1]
skip in each dimension:        [0]
###########################################
Iteration completed successfully
Iteration wallclock: 0:07:12.707857, cputime: 0:36:07.415103


Wed Apr 17 23:26:43 2024
Iteration 240 (300 requested)
Beginning iteration 240
100 segments remain in iteration 240 (100 total)
25 of 29 (86.206897%) active bins are populated
per-bin minimum non-zero probability:       1.62349e-18
per-bin maximum probability:                0.189418
per-bin probability dynamic range (kT):     39.2982
per-segment minimum non-zero probability:   3.20991e-19
per-segment maximum non-zero probability:   0.0546119
per-segment probability dynamic range (kT): 39.6754
norm = 1, error in norm = 0 (0*epsilon)
MAB binning in use
Bottleneck bin occupancy may not be accurately reported
Waiting for segments to complete...
################ MAB stats ################
minima in each dimension:      [33.9501]
maxima in each dimension:      [54.345]
direction in each dimension:   [1]
skip in each dimension:        [0]
###########################################
Iteration completed successfully
Iteration wallclock: 0:07:06.752874, cputime: 0:34:44.872715


Wed Apr 17 23:33:50 2024
Iteration 241 (300 requested)
Beginning iteration 241
100 segments remain in iteration 241 (100 total)
25 of 29 (86.206897%) active bins are populated
per-bin minimum non-zero probability:       4.14067e-19
per-bin maximum probability:                0.17358
per-bin probability dynamic range (kT):     40.5771
per-segment minimum non-zero probability:   1.03517e-19
per-segment maximum non-zero probability:   0.0617736
per-segment probability dynamic range (kT): 40.9303
norm = 1, error in norm = -2.22045e-16 (-1*epsilon)
MAB binning in use
Bottleneck bin occupancy may not be accurately reported
Waiting for segments to complete...
################ MAB stats ################
minima in each dimension:      [32.9928]
maxima in each dimension:      [53.6997]
direction in each dimension:   [1]
skip in each dimension:        [0]
###########################################
Iteration completed successfully
Iteration wallclock: 0:07:09.231637, cputime: 0:34:46.079926


Wed Apr 17 23:40:59 2024
Iteration 242 (300 requested)
Beginning iteration 242
104 segments remain in iteration 242 (104 total)
26 of 29 (89.655172%) active bins are populated
per-bin minimum non-zero probability:       4.32366e-19
per-bin maximum probability:                0.233643
per-bin probability dynamic range (kT):     40.8311
per-segment minimum non-zero probability:   8.22122e-20
per-segment maximum non-zero probability:   0.0703953
per-segment probability dynamic range (kT): 41.2914
norm = 1, error in norm = 0 (0*epsilon)
MAB binning in use
Bottleneck bin occupancy may not be accurately reported
Waiting for segments to complete...
################ MAB stats ################
minima in each dimension:      [33.0108]
maxima in each dimension:      [53.4133]
direction in each dimension:   [1]
skip in each dimension:        [0]
###########################################
Iteration completed successfully
Iteration wallclock: 0:07:08.676290, cputime: 0:36:07.539229


Wed Apr 17 23:48:08 2024
Iteration 243 (300 requested)
Beginning iteration 243
108 segments remain in iteration 243 (108 total)
27 of 29 (93.103448%) active bins are populated
per-bin minimum non-zero probability:       1.03517e-19
per-bin maximum probability:                0.225529
per-bin probability dynamic range (kT):     42.2252
per-segment minimum non-zero probability:   2.58792e-20
per-segment maximum non-zero probability:   0.0982777
per-segment probability dynamic range (kT): 42.7809
norm = 1, error in norm = 0 (0*epsilon)
MAB binning in use
Bottleneck bin occupancy may not be accurately reported
Waiting for segments to complete...
################ MAB stats ################
minima in each dimension:      [35.3373]
maxima in each dimension:      [55.9708]
direction in each dimension:   [1]
skip in each dimension:        [0]
###########################################
Iteration completed successfully
Iteration wallclock: 0:07:41.258592, cputime: 0:37:34.060457


Wed Apr 17 23:55:49 2024
Iteration 244 (300 requested)
Beginning iteration 244
104 segments remain in iteration 244 (104 total)
26 of 29 (89.655172%) active bins are populated
per-bin minimum non-zero probability:       7.54274e-20
per-bin maximum probability:                0.258666
per-bin probability dynamic range (kT):     42.6789
per-segment minimum non-zero probability:   1.88568e-20
per-segment maximum non-zero probability:   0.0982777
per-segment probability dynamic range (kT): 43.0975
norm = 1, error in norm = 2.22045e-16 (1*epsilon)
MAB binning in use
Bottleneck bin occupancy may not be accurately reported
Waiting for segments to complete...
################ MAB stats ################
minima in each dimension:      [35.9005]
maxima in each dimension:      [54.0196]
direction in each dimension:   [1]
skip in each dimension:        [0]
###########################################
Iteration completed successfully
Iteration wallclock: 0:07:10.438886, cputime: 0:36:07.167615


Thu Apr 18 00:02:59 2024
Iteration 245 (300 requested)
Beginning iteration 245
108 segments remain in iteration 245 (108 total)
27 of 29 (93.103448%) active bins are populated
per-bin minimum non-zero probability:       2.34572e-19
per-bin maximum probability:                0.160512
per-bin probability dynamic range (kT):     41.0671
per-segment minimum non-zero probability:   5.86429e-20
per-segment maximum non-zero probability:   0.0511275
per-segment probability dynamic range (kT): 41.3094
norm = 1, error in norm = 2.22045e-16 (1*epsilon)
MAB binning in use
Bottleneck bin occupancy may not be accurately reported
Waiting for segments to complete...
################ MAB stats ################
minima in each dimension:      [35.4469]
maxima in each dimension:      [54.1132]
direction in each dimension:   [1]
skip in each dimension:        [0]
###########################################
Iteration completed successfully
Iteration wallclock: 0:07:39.426312, cputime: 0:37:33.134190


Thu Apr 18 00:10:39 2024
Iteration 246 (300 requested)
Beginning iteration 246
108 segments remain in iteration 246 (108 total)
27 of 29 (93.103448%) active bins are populated
per-bin minimum non-zero probability:       1.27164e-19
per-bin maximum probability:                0.217727
per-bin probability dynamic range (kT):     41.9843
per-segment minimum non-zero probability:   3.17909e-20
per-segment maximum non-zero probability:   0.0756669
per-segment probability dynamic range (kT): 42.3137
norm = 1, error in norm = 2.22045e-16 (1*epsilon)
MAB binning in use
Bottleneck bin occupancy may not be accurately reported
Waiting for segments to complete...
################ MAB stats ################
minima in each dimension:      [33.8379]
maxima in each dimension:      [54.6685]
direction in each dimension:   [1]
skip in each dimension:        [0]
###########################################
Iteration completed successfully
Iteration wallclock: 0:07:36.318873, cputime: 0:37:30.494557


Thu Apr 18 00:18:15 2024
Iteration 247 (300 requested)
Beginning iteration 247
108 segments remain in iteration 247 (108 total)
27 of 29 (93.103448%) active bins are populated
per-bin minimum non-zero probability:       1.12789e-19
per-bin maximum probability:                0.144926
per-bin probability dynamic range (kT):     41.6972
per-segment minimum non-zero probability:   2.81973e-20
per-segment maximum non-zero probability:   0.0458632
per-segment probability dynamic range (kT): 41.933
norm = 1, error in norm = -1.11022e-16 (-0.5*epsilon)
MAB binning in use
Bottleneck bin occupancy may not be accurately reported
Waiting for segments to complete...
################ MAB stats ################
minima in each dimension:      [32.527]
maxima in each dimension:      [53.6974]
direction in each dimension:   [1]
skip in each dimension:        [0]
###########################################
Iteration completed successfully
Iteration wallclock: 0:07:40.211391, cputime: 0:37:33.219777


Thu Apr 18 00:25:55 2024
Iteration 248 (300 requested)
Beginning iteration 248
108 segments remain in iteration 248 (108 total)
27 of 29 (93.103448%) active bins are populated
per-bin minimum non-zero probability:       2.81973e-20
per-bin maximum probability:                0.250734
per-bin probability dynamic range (kT):     43.6317
per-segment minimum non-zero probability:   7.04932e-21
per-segment maximum non-zero probability:   0.0853349
per-segment probability dynamic range (kT): 43.9402
norm = 1, error in norm = 2.22045e-16 (1*epsilon)
MAB binning in use
Bottleneck bin occupancy may not be accurately reported
Waiting for segments to complete...
################ MAB stats ################
minima in each dimension:      [32.1241]
maxima in each dimension:      [53.0457]
direction in each dimension:   [1]
skip in each dimension:        [0]
###########################################
Iteration completed successfully
Iteration wallclock: 0:07:40.328269, cputime: 0:37:36.309698


Thu Apr 18 00:33:36 2024
Iteration 249 (300 requested)
Beginning iteration 249
104 segments remain in iteration 249 (104 total)
27 of 29 (93.103448%) active bins are populated
per-bin minimum non-zero probability:       7.04932e-21
per-bin maximum probability:                0.211971
per-bin probability dynamic range (kT):     44.85
per-segment minimum non-zero probability:   1.76233e-21
per-segment maximum non-zero probability:   0.0735931
per-segment probability dynamic range (kT): 45.1784
norm = 1, error in norm = 0 (0*epsilon)
MAB binning in use
Bottleneck bin occupancy may not be accurately reported
Waiting for segments to complete...
################ MAB stats ################
minima in each dimension:      [33.9512]
maxima in each dimension:      [54.3478]
direction in each dimension:   [1]
skip in each dimension:        [0]
###########################################
Iteration completed successfully
Iteration wallclock: 0:07:11.493996, cputime: 0:36:11.233397


Thu Apr 18 00:40:47 2024
Iteration 250 (300 requested)
Beginning iteration 250
104 segments remain in iteration 250 (104 total)
27 of 29 (93.103448%) active bins are populated
per-bin minimum non-zero probability:       4.62725e-19
per-bin maximum probability:                0.157255
per-bin probability dynamic range (kT):     40.3673
per-segment minimum non-zero probability:   1.08753e-19
per-segment maximum non-zero probability:   0.0459426
per-segment probability dynamic range (kT): 40.5848
norm = 1, error in norm = 0 (0*epsilon)
MAB binning in use
Bottleneck bin occupancy may not be accurately reported
Waiting for segments to complete...
################ MAB stats ################
minima in each dimension:      [33.9153]
maxima in each dimension:      [55.1876]
direction in each dimension:   [1]
skip in each dimension:        [0]
###########################################
Iteration completed successfully
Iteration wallclock: 0:07:10.666927, cputime: 0:36:12.422895


Thu Apr 18 00:47:58 2024
Iteration 251 (300 requested)
Beginning iteration 251
100 segments remain in iteration 251 (100 total)
25 of 29 (86.206897%) active bins are populated
per-bin minimum non-zero probability:       2.26694e-19
per-bin maximum probability:                0.197227
per-bin probability dynamic range (kT):     41.3073
per-segment minimum non-zero probability:   5.66736e-20
per-segment maximum non-zero probability:   0.0612042
per-segment probability dynamic range (kT): 41.5234
norm = 1, error in norm = 2.22045e-16 (1*epsilon)
MAB binning in use
Bottleneck bin occupancy may not be accurately reported
Waiting for segments to complete...
################ MAB stats ################
minima in each dimension:      [33.8917]
maxima in each dimension:      [54.8349]
direction in each dimension:   [1]
skip in each dimension:        [0]
###########################################
Iteration completed successfully
Iteration wallclock: 0:07:09.208894, cputime: 0:34:43.352372


Thu Apr 18 00:55:07 2024
Iteration 252 (300 requested)
Beginning iteration 252
108 segments remain in iteration 252 (108 total)
27 of 29 (93.103448%) active bins are populated
per-bin minimum non-zero probability:       1.91176e-19
per-bin maximum probability:                0.185265
per-bin probability dynamic range (kT):     41.4151
per-segment minimum non-zero probability:   4.77941e-20
per-segment maximum non-zero probability:   0.0574342
per-segment probability dynamic range (kT): 41.6303
norm = 1, error in norm = 2.22045e-16 (1*epsilon)
MAB binning in use
Bottleneck bin occupancy may not be accurately reported
Waiting for segments to complete...
################ MAB stats ################
minima in each dimension:      [31.5082]
maxima in each dimension:      [54.7006]
direction in each dimension:   [1]
skip in each dimension:        [0]
###########################################
Iteration completed successfully
Iteration wallclock: 0:07:41.996562, cputime: 0:37:34.683254


Thu Apr 18 01:02:49 2024
Iteration 253 (300 requested)
Beginning iteration 253
100 segments remain in iteration 253 (100 total)
25 of 29 (86.206897%) active bins are populated
per-bin minimum non-zero probability:       4.47033e-19
per-bin maximum probability:                0.206959
per-bin probability dynamic range (kT):     40.6764
per-segment minimum non-zero probability:   9.23373e-20
per-segment maximum non-zero probability:   0.0574342
per-segment probability dynamic range (kT): 40.9717
norm = 1, error in norm = 2.22045e-16 (1*epsilon)
MAB binning in use
Bottleneck bin occupancy may not be accurately reported
Waiting for segments to complete...
################ MAB stats ################
minima in each dimension:      [33.7611]
maxima in each dimension:      [55.2627]
direction in each dimension:   [1]
skip in each dimension:        [0]
###########################################
Iteration completed successfully
Iteration wallclock: 0:07:10.923353, cputime: 0:34:47.069140


Thu Apr 18 01:10:00 2024
Iteration 254 (300 requested)
Beginning iteration 254
108 segments remain in iteration 254 (108 total)
27 of 29 (93.103448%) active bins are populated
per-bin minimum non-zero probability:       1.38506e-19
per-bin maximum probability:                0.263264
per-bin probability dynamic range (kT):     42.0888
per-segment minimum non-zero probability:   3.46265e-20
per-segment maximum non-zero probability:   0.0804791
per-segment probability dynamic range (kT): 42.2899
norm = 1, error in norm = 2.22045e-16 (1*epsilon)
MAB binning in use
Bottleneck bin occupancy may not be accurately reported
Waiting for segments to complete...
################ MAB stats ################
minima in each dimension:      [34.8448]
maxima in each dimension:      [55.0971]
direction in each dimension:   [1]
skip in each dimension:        [0]
###########################################
Iteration completed successfully
Iteration wallclock: 0:07:41.751224, cputime: 0:37:27.109682


Thu Apr 18 01:17:42 2024
Iteration 255 (300 requested)
Beginning iteration 255
104 segments remain in iteration 255 (104 total)
25 of 29 (86.206897%) active bins are populated
per-bin minimum non-zero probability:       5.45205e-20
per-bin maximum probability:                0.164811
per-bin probability dynamic range (kT):     42.5528
per-segment minimum non-zero probability:   1.36301e-20
per-segment maximum non-zero probability:   0.061425
per-segment probability dynamic range (kT): 42.9521
norm = 1, error in norm = 2.22045e-16 (1*epsilon)
MAB binning in use
Bottleneck bin occupancy may not be accurately reported
Waiting for segments to complete...
################ MAB stats ################
minima in each dimension:      [35.4798]
maxima in each dimension:      [54.6786]
direction in each dimension:   [1]
skip in each dimension:        [0]
###########################################
Iteration completed successfully
Iteration wallclock: 0:07:13.275875, cputime: 0:36:07.162951


Thu Apr 18 01:24:55 2024
Iteration 256 (300 requested)
Beginning iteration 256
104 segments remain in iteration 256 (104 total)
26 of 29 (89.655172%) active bins are populated
per-bin minimum non-zero probability:       1.36301e-20
per-bin maximum probability:                0.223154
per-bin probability dynamic range (kT):     44.2421
per-segment minimum non-zero probability:   3.40753e-21
per-segment maximum non-zero probability:   0.0758267
per-segment probability dynamic range (kT): 44.549
norm = 1, error in norm = 2.22045e-16 (1*epsilon)
MAB binning in use
Bottleneck bin occupancy may not be accurately reported
Waiting for segments to complete...
################ MAB stats ################
minima in each dimension:      [34.4081]
maxima in each dimension:      [52.8623]
direction in each dimension:   [1]
skip in each dimension:        [0]
###########################################
Iteration completed successfully
Iteration wallclock: 0:07:12.178773, cputime: 0:36:05.523227


Thu Apr 18 01:32:07 2024
Iteration 257 (300 requested)
Beginning iteration 257
100 segments remain in iteration 257 (100 total)
25 of 29 (86.206897%) active bins are populated
per-bin minimum non-zero probability:       3.40753e-21
per-bin maximum probability:                0.181442
per-bin probability dynamic range (kT):     45.4215
per-segment minimum non-zero probability:   8.51883e-22
per-segment maximum non-zero probability:   0.0758267
per-segment probability dynamic range (kT): 45.9353
norm = 1, error in norm = 0 (0*epsilon)
MAB binning in use
Bottleneck bin occupancy may not be accurately reported
Waiting for segments to complete...
################ MAB stats ################
minima in each dimension:      [34.7441]
maxima in each dimension:      [55.3895]
direction in each dimension:   [1]
skip in each dimension:        [0]
###########################################
Iteration completed successfully
Iteration wallclock: 0:07:09.677789, cputime: 0:34:40.876788


Thu Apr 18 01:39:17 2024
Iteration 258 (300 requested)
Beginning iteration 258
100 segments remain in iteration 258 (100 total)
25 of 29 (86.206897%) active bins are populated
per-bin minimum non-zero probability:       7.08652e-21
per-bin maximum probability:                0.244066
per-bin probability dynamic range (kT):     44.9858
per-segment minimum non-zero probability:   1.70377e-21
per-segment maximum non-zero probability:   0.0801656
per-segment probability dynamic range (kT): 45.2978
norm = 1, error in norm = 0 (0*epsilon)
MAB binning in use
Bottleneck bin occupancy may not be accurately reported
Waiting for segments to complete...
################ MAB stats ################
minima in each dimension:      [32.8313]
maxima in each dimension:      [53.947]
direction in each dimension:   [1]
skip in each dimension:        [0]
###########################################
Iteration completed successfully
Iteration wallclock: 0:07:06.689739, cputime: 0:34:40.985312


Thu Apr 18 01:46:24 2024
Iteration 259 (300 requested)
Beginning iteration 259
100 segments remain in iteration 259 (100 total)
25 of 29 (86.206897%) active bins are populated
per-bin minimum non-zero probability:       1.77163e-21
per-bin maximum probability:                0.296958
per-bin probability dynamic range (kT):     46.5682
per-segment minimum non-zero probability:   4.42908e-22
per-segment maximum non-zero probability:   0.10256
per-segment probability dynamic range (kT): 46.8914
norm = 1, error in norm = 2.22045e-16 (1*epsilon)
MAB binning in use
Bottleneck bin occupancy may not be accurately reported
Waiting for segments to complete...
################ MAB stats ################
minima in each dimension:      [33.8657]
maxima in each dimension:      [54.7296]
direction in each dimension:   [1]
skip in each dimension:        [0]
###########################################
Iteration completed successfully
Iteration wallclock: 0:07:06.789493, cputime: 0:34:44.045805


Thu Apr 18 01:53:30 2024
Iteration 260 (300 requested)
Beginning iteration 260
96 segments remain in iteration 260 (96 total)
24 of 29 (82.758621%) active bins are populated
per-bin minimum non-zero probability:       4.42908e-22
per-bin maximum probability:                0.320016
per-bin probability dynamic range (kT):     48.0293
per-segment minimum non-zero probability:   1.10727e-22
per-segment maximum non-zero probability:   0.10256
per-segment probability dynamic range (kT): 48.2777
norm = 1, error in norm = 2.22045e-16 (1*epsilon)
MAB binning in use
Bottleneck bin occupancy may not be accurately reported
Waiting for segments to complete...
################ MAB stats ################
minima in each dimension:      [33.7908]
maxima in each dimension:      [55.227]
direction in each dimension:   [1]
skip in each dimension:        [0]
###########################################
Iteration completed successfully
Iteration wallclock: 0:06:38.547419, cputime: 0:33:22.303713


Thu Apr 18 02:00:09 2024
Iteration 261 (300 requested)
Beginning iteration 261
100 segments remain in iteration 261 (100 total)
23 of 29 (79.310345%) active bins are populated
per-bin minimum non-zero probability:       6.69125e-20
per-bin maximum probability:                0.168038
per-bin probability dynamic range (kT):     42.3673
per-segment minimum non-zero probability:   1.67281e-20
per-segment maximum non-zero probability:   0.0641167
per-segment probability dynamic range (kT): 42.7901
norm = 1, error in norm = 2.22045e-16 (1*epsilon)
MAB binning in use
Bottleneck bin occupancy may not be accurately reported
Waiting for segments to complete...
################ MAB stats ################
minima in each dimension:      [32.3002]
maxima in each dimension:      [55.5115]
direction in each dimension:   [1]
skip in each dimension:        [0]
###########################################
Iteration completed successfully
Iteration wallclock: 0:07:07.198679, cputime: 0:34:43.246542


Thu Apr 18 02:07:16 2024
Iteration 262 (300 requested)
Beginning iteration 262
96 segments remain in iteration 262 (96 total)
24 of 29 (82.758621%) active bins are populated
per-bin minimum non-zero probability:       3.90441e-20
per-bin maximum probability:                0.185185
per-bin probability dynamic range (kT):     43.0032
per-segment minimum non-zero probability:   9.76102e-21
per-segment maximum non-zero probability:   0.0641167
per-segment probability dynamic range (kT): 43.3288
norm = 1, error in norm = 2.22045e-16 (1*epsilon)
MAB binning in use
Bottleneck bin occupancy may not be accurately reported
Waiting for segments to complete...
################ MAB stats ################
minima in each dimension:      [33.2346]
maxima in each dimension:      [53.8333]
direction in each dimension:   [1]
skip in each dimension:        [0]
###########################################
Iteration completed successfully
Iteration wallclock: 0:06:35.958817, cputime: 0:33:17.969271


Thu Apr 18 02:13:52 2024
Iteration 263 (300 requested)
Beginning iteration 263
104 segments remain in iteration 263 (104 total)
26 of 29 (89.655172%) active bins are populated
per-bin minimum non-zero probability:       9.76102e-21
per-bin maximum probability:                0.262842
per-bin probability dynamic range (kT):     44.7397
per-segment minimum non-zero probability:   2.44026e-21
per-segment maximum non-zero probability:   0.0863167
per-segment probability dynamic range (kT): 45.0125
norm = 1, error in norm = 4.44089e-16 (2*epsilon)
MAB binning in use
Bottleneck bin occupancy may not be accurately reported
Waiting for segments to complete...
################ MAB stats ################
minima in each dimension:      [34.9289]
maxima in each dimension:      [54.7235]
direction in each dimension:   [1]
skip in each dimension:        [0]
###########################################
Iteration completed successfully
Iteration wallclock: 0:07:10.301120, cputime: 0:36:08.232276


Thu Apr 18 02:21:02 2024
Iteration 264 (300 requested)
Beginning iteration 264
104 segments remain in iteration 264 (104 total)
26 of 29 (89.655172%) active bins are populated
per-bin minimum non-zero probability:       4.58175e-20
per-bin maximum probability:                0.16941
per-bin probability dynamic range (kT):     42.7542
per-segment minimum non-zero probability:   1.14544e-20
per-segment maximum non-zero probability:   0.0641456
per-segment probability dynamic range (kT): 43.1693
norm = 1, error in norm = 0 (0*epsilon)
MAB binning in use
Bottleneck bin occupancy may not be accurately reported
Waiting for segments to complete...
################ MAB stats ################
minima in each dimension:      [33.3144]
maxima in each dimension:      [54.8654]
direction in each dimension:   [1]
skip in each dimension:        [0]
###########################################
Iteration completed successfully
Iteration wallclock: 0:07:12.521760, cputime: 0:36:08.562349


Thu Apr 18 02:28:15 2024
Iteration 265 (300 requested)
Beginning iteration 265
104 segments remain in iteration 265 (104 total)
26 of 29 (89.655172%) active bins are populated
per-bin minimum non-zero probability:       1.75073e-19
per-bin maximum probability:                0.281163
per-bin probability dynamic range (kT):     41.9203
per-segment minimum non-zero probability:   1.64136e-20
per-segment maximum non-zero probability:   0.0927799
per-segment probability dynamic range (kT): 43.1787
norm = 1, error in norm = 0 (0*epsilon)
MAB binning in use
Bottleneck bin occupancy may not be accurately reported
Waiting for segments to complete...
################ MAB stats ################
minima in each dimension:      [35.1427]
maxima in each dimension:      [53.6894]
direction in each dimension:   [1]
skip in each dimension:        [0]
###########################################
Iteration completed successfully
Iteration wallclock: 0:07:12.316656, cputime: 0:36:11.179733


Thu Apr 18 02:35:27 2024
Iteration 266 (300 requested)
Beginning iteration 266
108 segments remain in iteration 266 (108 total)
27 of 29 (93.103448%) active bins are populated
per-bin minimum non-zero probability:       4.92477e-20
per-bin maximum probability:                0.24384
per-bin probability dynamic range (kT):     43.0462
per-segment minimum non-zero probability:   1.23119e-20
per-segment maximum non-zero probability:   0.0675676
per-segment probability dynamic range (kT): 43.1491
norm = 1, error in norm = 4.44089e-16 (2*epsilon)
MAB binning in use
Bottleneck bin occupancy may not be accurately reported
Waiting for segments to complete...
################ MAB stats ################
minima in each dimension:      [34.4088]
maxima in each dimension:      [54.1929]
direction in each dimension:   [1]
skip in each dimension:        [0]
###########################################
Iteration completed successfully
Iteration wallclock: 0:07:42.288974, cputime: 0:37:32.210160


Thu Apr 18 02:43:09 2024
Iteration 267 (300 requested)
Beginning iteration 267
108 segments remain in iteration 267 (108 total)
27 of 29 (93.103448%) active bins are populated
per-bin minimum non-zero probability:       2.63389e-20
per-bin maximum probability:                0.229126
per-bin probability dynamic range (kT):     43.6098
per-segment minimum non-zero probability:   6.58473e-21
per-segment maximum non-zero probability:   0.0675676
per-segment probability dynamic range (kT): 43.7749
norm = 1, error in norm = 2.22045e-16 (1*epsilon)
MAB binning in use
Bottleneck bin occupancy may not be accurately reported
Waiting for segments to complete...
################ MAB stats ################
minima in each dimension:      [32.6744]
maxima in each dimension:      [54.0848]
direction in each dimension:   [1]
skip in each dimension:        [0]
###########################################
Iteration completed successfully
Iteration wallclock: 0:07:39.556724, cputime: 0:37:29.549907


Thu Apr 18 02:50:49 2024
Iteration 268 (300 requested)
Beginning iteration 268
100 segments remain in iteration 268 (100 total)
25 of 29 (86.206897%) active bins are populated
per-bin minimum non-zero probability:       1.3269e-20
per-bin maximum probability:                0.211329
per-bin probability dynamic range (kT):     44.2145
per-segment minimum non-zero probability:   3.31724e-21
per-segment maximum non-zero probability:   0.0675676
per-segment probability dynamic range (kT): 44.4605
norm = 1, error in norm = 4.44089e-16 (2*epsilon)
MAB binning in use
Bottleneck bin occupancy may not be accurately reported
Waiting for segments to complete...
################ MAB stats ################
minima in each dimension:      [33.5597]
maxima in each dimension:      [54.9154]
direction in each dimension:   [1]
skip in each dimension:        [0]
###########################################
Iteration completed successfully
Iteration wallclock: 0:07:04.202364, cputime: 0:34:39.550107


Thu Apr 18 02:57:53 2024
Iteration 269 (300 requested)
Beginning iteration 269
108 segments remain in iteration 269 (108 total)
27 of 29 (93.103448%) active bins are populated
per-bin minimum non-zero probability:       3.31724e-21
per-bin maximum probability:                0.231009
per-bin probability dynamic range (kT):     45.6899
per-segment minimum non-zero probability:   8.29311e-22
per-segment maximum non-zero probability:   0.0687742
per-segment probability dynamic range (kT): 45.8645
norm = 1, error in norm = 2.22045e-16 (1*epsilon)
MAB binning in use
Bottleneck bin occupancy may not be accurately reported
Waiting for segments to complete...
################ MAB stats ################
minima in each dimension:      [35.9573]
maxima in each dimension:      [54.6832]
direction in each dimension:   [1]
skip in each dimension:        [0]
###########################################
Iteration completed successfully
Iteration wallclock: 0:07:40.207335, cputime: 0:37:27.485542


Thu Apr 18 03:05:33 2024
Iteration 270 (300 requested)
Beginning iteration 270
108 segments remain in iteration 270 (108 total)
27 of 29 (93.103448%) active bins are populated
per-bin minimum non-zero probability:       1.58929e-20
per-bin maximum probability:                0.303518
per-bin probability dynamic range (kT):     44.3961
per-segment minimum non-zero probability:   3.17858e-21
per-segment maximum non-zero probability:   0.107222
per-segment probability dynamic range (kT): 44.965
norm = 1, error in norm = 4.44089e-16 (2*epsilon)
MAB binning in use
Bottleneck bin occupancy may not be accurately reported
Waiting for segments to complete...
################ MAB stats ################
minima in each dimension:      [34.9381]
maxima in each dimension:      [55.6006]
direction in each dimension:   [1]
skip in each dimension:        [0]
###########################################
Iteration completed successfully
Iteration wallclock: 0:07:40.137525, cputime: 0:37:31.515713


Thu Apr 18 03:13:14 2024
Iteration 271 (300 requested)
Beginning iteration 271
104 segments remain in iteration 271 (104 total)
26 of 29 (89.655172%) active bins are populated
per-bin minimum non-zero probability:       3.17858e-21
per-bin maximum probability:                0.254437
per-bin probability dynamic range (kT):     45.8291
per-segment minimum non-zero probability:   7.94646e-22
per-segment maximum non-zero probability:   0.107222
per-segment probability dynamic range (kT): 46.3513
norm = 1, error in norm = 0 (0*epsilon)
MAB binning in use
Bottleneck bin occupancy may not be accurately reported
Waiting for segments to complete...
################ MAB stats ################
minima in each dimension:      [34.5967]
maxima in each dimension:      [54.3616]
direction in each dimension:   [1]
skip in each dimension:        [0]
###########################################
Iteration completed successfully
Iteration wallclock: 0:07:07.066600, cputime: 0:36:10.528406


Thu Apr 18 03:20:21 2024
Iteration 272 (300 requested)
Beginning iteration 272
104 segments remain in iteration 272 (104 total)
26 of 29 (89.655172%) active bins are populated
per-bin minimum non-zero probability:       2.11906e-21
per-bin maximum probability:                0.224964
per-bin probability dynamic range (kT):     46.1115
per-segment minimum non-zero probability:   5.29764e-22
per-segment maximum non-zero probability:   0.0747995
per-segment probability dynamic range (kT): 46.3967
norm = 1, error in norm = 2.22045e-16 (1*epsilon)
MAB binning in use
Bottleneck bin occupancy may not be accurately reported
Waiting for segments to complete...
################ MAB stats ################
minima in each dimension:      [34.8849]
maxima in each dimension:      [54.6762]
direction in each dimension:   [1]
skip in each dimension:        [0]
###########################################
Iteration completed successfully
Iteration wallclock: 0:07:10.544909, cputime: 0:36:10.082411


Thu Apr 18 03:27:31 2024
Iteration 273 (300 requested)
Beginning iteration 273
104 segments remain in iteration 273 (104 total)
26 of 29 (89.655172%) active bins are populated
per-bin minimum non-zero probability:       3.03802e-20
per-bin maximum probability:                0.163691
per-bin probability dynamic range (kT):     43.1307
per-segment minimum non-zero probability:   7.59504e-21
per-segment maximum non-zero probability:   0.0604605
per-segment probability dynamic range (kT): 43.521
norm = 1, error in norm = 0 (0*epsilon)
MAB binning in use
Bottleneck bin occupancy may not be accurately reported
Waiting for segments to complete...
################ MAB stats ################
minima in each dimension:      [35.9706]
maxima in each dimension:      [55.0491]
direction in each dimension:   [1]
skip in each dimension:        [0]
###########################################
Iteration completed successfully
Iteration wallclock: 0:07:10.435312, cputime: 0:36:10.671868


Thu Apr 18 03:34:42 2024
Iteration 274 (300 requested)
Beginning iteration 274
96 segments remain in iteration 274 (96 total)
24 of 29 (82.758621%) active bins are populated
per-bin minimum non-zero probability:       2.14452e-20
per-bin maximum probability:                0.158781
per-bin probability dynamic range (kT):     43.4486
per-segment minimum non-zero probability:   5.36129e-21
per-segment maximum non-zero probability:   0.058763
per-segment probability dynamic range (kT): 43.8408
norm = 1, error in norm = 2.22045e-16 (1*epsilon)
MAB binning in use
Bottleneck bin occupancy may not be accurately reported
Waiting for segments to complete...
################ MAB stats ################
minima in each dimension:      [34.2392]
maxima in each dimension:      [55.7027]
direction in each dimension:   [1]
skip in each dimension:        [0]
###########################################
Iteration completed successfully
Iteration wallclock: 0:06:35.931785, cputime: 0:33:22.055569


Thu Apr 18 03:41:18 2024
Iteration 275 (300 requested)
Beginning iteration 275
104 segments remain in iteration 275 (104 total)
26 of 29 (89.655172%) active bins are populated
per-bin minimum non-zero probability:       5.36129e-21
per-bin maximum probability:                0.168573
per-bin probability dynamic range (kT):     44.8947
per-segment minimum non-zero probability:   1.34032e-21
per-segment maximum non-zero probability:   0.058763
per-segment probability dynamic range (kT): 45.2271
norm = 1, error in norm = 0 (0*epsilon)
MAB binning in use
Bottleneck bin occupancy may not be accurately reported
Waiting for segments to complete...
################ MAB stats ################
minima in each dimension:      [32.7432]
maxima in each dimension:      [57.1916]
direction in each dimension:   [1]
skip in each dimension:        [0]
###########################################
Iteration completed successfully
Iteration wallclock: 0:07:09.863537, cputime: 0:36:09.892633


Thu Apr 18 03:48:27 2024
Iteration 276 (300 requested)
Beginning iteration 276
100 segments remain in iteration 276 (100 total)
25 of 29 (86.206897%) active bins are populated
per-bin minimum non-zero probability:       1.00005e-20
per-bin maximum probability:                0.224087
per-bin probability dynamic range (kT):     44.5559
per-segment minimum non-zero probability:   2.50014e-21
per-segment maximum non-zero probability:   0.0817745
per-segment probability dynamic range (kT): 44.9342
norm = 1, error in norm = -1.11022e-16 (-0.5*epsilon)
MAB binning in use
Bottleneck bin occupancy may not be accurately reported
Waiting for segments to complete...
################ MAB stats ################
minima in each dimension:      [34.2079]
maxima in each dimension:      [54.6157]
direction in each dimension:   [1]
skip in each dimension:        [0]
###########################################
Iteration completed successfully
Iteration wallclock: 0:07:05.288062, cputime: 0:34:51.222642


Thu Apr 18 03:55:33 2024
Iteration 277 (300 requested)
Beginning iteration 277
104 segments remain in iteration 277 (104 total)
26 of 29 (89.655172%) active bins are populated
per-bin minimum non-zero probability:       2.03612e-20
per-bin maximum probability:                0.178289
per-bin probability dynamic range (kT):     43.6163
per-segment minimum non-zero probability:   5.09029e-21
per-segment maximum non-zero probability:   0.0545163
per-segment probability dynamic range (kT): 43.8177
norm = 1, error in norm = 0 (0*epsilon)
MAB binning in use
Bottleneck bin occupancy may not be accurately reported
Waiting for segments to complete...
################ MAB stats ################
minima in each dimension:      [34.2209]
maxima in each dimension:      [55.263]
direction in each dimension:   [1]
skip in each dimension:        [0]
###########################################
Iteration completed successfully
Iteration wallclock: 0:07:11.523455, cputime: 0:36:07.887440


Thu Apr 18 04:02:44 2024
Iteration 278 (300 requested)
Beginning iteration 278
104 segments remain in iteration 278 (104 total)
25 of 29 (86.206897%) active bins are populated
per-bin minimum non-zero probability:       2.93784e-20
per-bin maximum probability:                0.210536
per-bin probability dynamic range (kT):     43.4159
per-segment minimum non-zero probability:   5.09029e-21
per-segment maximum non-zero probability:   0.0639054
per-segment probability dynamic range (kT): 43.9766
norm = 1, error in norm = 0 (0*epsilon)
MAB binning in use
Bottleneck bin occupancy may not be accurately reported
Waiting for segments to complete...
################ MAB stats ################
minima in each dimension:      [35.8738]
maxima in each dimension:      [55.4069]
direction in each dimension:   [1]
skip in each dimension:        [0]
###########################################
Iteration completed successfully
Iteration wallclock: 0:07:10.969189, cputime: 0:36:09.091170


Thu Apr 18 04:09:55 2024
Iteration 279 (300 requested)
Beginning iteration 279
100 segments remain in iteration 279 (100 total)
25 of 29 (86.206897%) active bins are populated
per-bin minimum non-zero probability:       7.34461e-21
per-bin maximum probability:                0.180548
per-bin probability dynamic range (kT):     44.6486
per-segment minimum non-zero probability:   1.83615e-21
per-segment maximum non-zero probability:   0.0639054
per-segment probability dynamic range (kT): 44.9963
norm = 1, error in norm = 2.22045e-16 (1*epsilon)
MAB binning in use
Bottleneck bin occupancy may not be accurately reported
Waiting for segments to complete...
################ MAB stats ################
minima in each dimension:      [32.8007]
maxima in each dimension:      [55.268]
direction in each dimension:   [1]
skip in each dimension:        [0]
###########################################
Iteration completed successfully
Iteration wallclock: 0:07:05.315992, cputime: 0:34:42.239638


Thu Apr 18 04:17:01 2024
Iteration 280 (300 requested)
Beginning iteration 280
96 segments remain in iteration 280 (96 total)
24 of 29 (82.758621%) active bins are populated
per-bin minimum non-zero probability:       7.69841e-20
per-bin maximum probability:                0.174826
per-bin probability dynamic range (kT):     42.2667
per-segment minimum non-zero probability:   1.72343e-20
per-segment maximum non-zero probability:   0.0639054
per-segment probability dynamic range (kT): 42.757
norm = 1, error in norm = 2.22045e-16 (1*epsilon)
MAB binning in use
Bottleneck bin occupancy may not be accurately reported
Waiting for segments to complete...
################ MAB stats ################
minima in each dimension:      [32.2505]
maxima in each dimension:      [54.6345]
direction in each dimension:   [1]
skip in each dimension:        [0]
###########################################
Iteration completed successfully
Iteration wallclock: 0:06:35.998649, cputime: 0:33:23.005667


Thu Apr 18 04:23:37 2024
Iteration 281 (300 requested)
Beginning iteration 281
104 segments remain in iteration 281 (104 total)
26 of 29 (89.655172%) active bins are populated
per-bin minimum non-zero probability:       1.86418e-20
per-bin maximum probability:                0.174298
per-bin probability dynamic range (kT):     43.6819
per-segment minimum non-zero probability:   4.66044e-21
per-segment maximum non-zero probability:   0.0545163
per-segment probability dynamic range (kT): 43.9059
norm = 1, error in norm = 2.22045e-16 (1*epsilon)
MAB binning in use
Bottleneck bin occupancy may not be accurately reported
Waiting for segments to complete...
################ MAB stats ################
minima in each dimension:      [32.9161]
maxima in each dimension:      [54.395]
direction in each dimension:   [1]
skip in each dimension:        [0]
###########################################
Iteration completed successfully
Iteration wallclock: 0:07:13.567228, cputime: 0:36:14.841830


Thu Apr 18 04:30:50 2024
Iteration 282 (300 requested)
Beginning iteration 282
108 segments remain in iteration 282 (108 total)
27 of 29 (93.103448%) active bins are populated
per-bin minimum non-zero probability:       1.86418e-20
per-bin maximum probability:                0.196632
per-bin probability dynamic range (kT):     43.8025
per-segment minimum non-zero probability:   4.66044e-21
per-segment maximum non-zero probability:   0.0545163
per-segment probability dynamic range (kT): 43.9059
norm = 1, error in norm = 2.22045e-16 (1*epsilon)
MAB binning in use
Bottleneck bin occupancy may not be accurately reported
Waiting for segments to complete...
################ MAB stats ################
minima in each dimension:      [33.7751]
maxima in each dimension:      [53.9582]
direction in each dimension:   [1]
skip in each dimension:        [0]
###########################################
Iteration completed successfully
Iteration wallclock: 0:07:44.923851, cputime: 0:37:36.576686


Thu Apr 18 04:38:35 2024
Iteration 283 (300 requested)
Beginning iteration 283
108 segments remain in iteration 283 (108 total)
27 of 29 (93.103448%) active bins are populated
per-bin minimum non-zero probability:       4.66044e-21
per-bin maximum probability:                0.196855
per-bin probability dynamic range (kT):     45.1899
per-segment minimum non-zero probability:   1.16511e-21
per-segment maximum non-zero probability:   0.0930864
per-segment probability dynamic range (kT): 45.8272
norm = 1, error in norm = 0 (0*epsilon)
MAB binning in use
Bottleneck bin occupancy may not be accurately reported
Waiting for segments to complete...
################ MAB stats ################
minima in each dimension:      [33.7107]
maxima in each dimension:      [55.0019]
direction in each dimension:   [1]
skip in each dimension:        [0]
###########################################
Iteration completed successfully
Iteration wallclock: 0:07:39.985782, cputime: 0:37:37.777461


Thu Apr 18 04:46:15 2024
Iteration 284 (300 requested)
Beginning iteration 284
108 segments remain in iteration 284 (108 total)
27 of 29 (93.103448%) active bins are populated
per-bin minimum non-zero probability:       2.05434e-20
per-bin maximum probability:                0.255508
per-bin probability dynamic range (kT):     43.9672
per-segment minimum non-zero probability:   5.13585e-21
per-segment maximum non-zero probability:   0.0930864
per-segment probability dynamic range (kT): 44.3438
norm = 1, error in norm = 2.22045e-16 (1*epsilon)
MAB binning in use
Bottleneck bin occupancy may not be accurately reported
Waiting for segments to complete...
################ MAB stats ################
minima in each dimension:      [33.9576]
maxima in each dimension:      [54.7907]
direction in each dimension:   [1]
skip in each dimension:        [0]
###########################################
Iteration completed successfully
Iteration wallclock: 0:07:40.107267, cputime: 0:37:39.774834


Thu Apr 18 04:53:55 2024
Iteration 285 (300 requested)
Beginning iteration 285
108 segments remain in iteration 285 (108 total)
27 of 29 (93.103448%) active bins are populated
per-bin minimum non-zero probability:       2.28212e-20
per-bin maximum probability:                0.233026
per-bin probability dynamic range (kT):     43.77
per-segment minimum non-zero probability:   5.70529e-21
per-segment maximum non-zero probability:   0.0930864
per-segment probability dynamic range (kT): 44.2387
norm = 1, error in norm = 2.22045e-16 (1*epsilon)
MAB binning in use
Bottleneck bin occupancy may not be accurately reported
Waiting for segments to complete...
################ MAB stats ################
minima in each dimension:      [31.5472]
maxima in each dimension:      [55.1971]
direction in each dimension:   [1]
skip in each dimension:        [0]
###########################################
Iteration completed successfully
Iteration wallclock: 0:07:45.017316, cputime: 0:37:43.649829


Thu Apr 18 05:01:40 2024
Iteration 286 (300 requested)
Beginning iteration 286
96 segments remain in iteration 286 (96 total)
24 of 29 (82.758621%) active bins are populated
per-bin minimum non-zero probability:       7.98151e-20
per-bin maximum probability:                0.211475
per-bin probability dynamic range (kT):     42.4209
per-segment minimum non-zero probability:   1.99538e-20
per-segment maximum non-zero probability:   0.0705696
per-segment probability dynamic range (kT): 42.7097
norm = 1, error in norm = 2.22045e-16 (1*epsilon)
MAB binning in use
Bottleneck bin occupancy may not be accurately reported
Waiting for segments to complete...
################ MAB stats ################
minima in each dimension:      [33.5146]
maxima in each dimension:      [55.9496]
direction in each dimension:   [1]
skip in each dimension:        [0]
###########################################
Iteration completed successfully
Iteration wallclock: 0:06:38.737781, cputime: 0:33:27.195585


Thu Apr 18 05:08:19 2024
Iteration 287 (300 requested)
Beginning iteration 287
100 segments remain in iteration 287 (100 total)
25 of 29 (86.206897%) active bins are populated
per-bin minimum non-zero probability:       4.84802e-20
per-bin maximum probability:                0.191662
per-bin probability dynamic range (kT):     42.8211
per-segment minimum non-zero probability:   1.21201e-20
per-segment maximum non-zero probability:   0.0705696
per-segment probability dynamic range (kT): 43.2083
norm = 1, error in norm = 0 (0*epsilon)
MAB binning in use
Bottleneck bin occupancy may not be accurately reported
Waiting for segments to complete...
################ MAB stats ################
minima in each dimension:      [34.993]
maxima in each dimension:      [55.3558]
direction in each dimension:   [1]
skip in each dimension:        [0]
###########################################
Iteration completed successfully
Iteration wallclock: 0:07:16.561277, cputime: 0:34:51.749114


Thu Apr 18 05:15:35 2024
Iteration 288 (300 requested)
Beginning iteration 288
96 segments remain in iteration 288 (96 total)
26 of 29 (89.655172%) active bins are populated
per-bin minimum non-zero probability:       1.99538e-20
per-bin maximum probability:                0.175846
per-bin probability dynamic range (kT):     43.6227
per-segment minimum non-zero probability:   4.98844e-21
per-segment maximum non-zero probability:   0.083491
per-segment probability dynamic range (kT): 44.2641
norm = 1, error in norm = 0 (0*epsilon)
MAB binning in use
Bottleneck bin occupancy may not be accurately reported
Waiting for segments to complete...
################ MAB stats ################
minima in each dimension:      [35.3214]
maxima in each dimension:      [54.6723]
direction in each dimension:   [1]
skip in each dimension:        [0]
###########################################
Iteration completed successfully
Iteration wallclock: 0:06:38.529877, cputime: 0:33:29.229442


Thu Apr 18 05:22:14 2024
Iteration 289 (300 requested)
Beginning iteration 289
104 segments remain in iteration 289 (104 total)
26 of 29 (89.655172%) active bins are populated
per-bin minimum non-zero probability:       1.09143e-20
per-bin maximum probability:                0.232253
per-bin probability dynamic range (kT):     44.5043
per-segment minimum non-zero probability:   2.72857e-21
per-segment maximum non-zero probability:   0.083491
per-segment probability dynamic range (kT): 44.8675
norm = 1, error in norm = 4.44089e-16 (2*epsilon)
MAB binning in use
Bottleneck bin occupancy may not be accurately reported
Waiting for segments to complete...
################ MAB stats ################
minima in each dimension:      [35.7693]
maxima in each dimension:      [54.0092]
direction in each dimension:   [1]
skip in each dimension:        [0]
###########################################
Iteration completed successfully
Iteration wallclock: 0:07:13.229512, cputime: 0:36:14.249781


Thu Apr 18 05:29:27 2024
Iteration 290 (300 requested)
Beginning iteration 290
108 segments remain in iteration 290 (108 total)
27 of 29 (93.103448%) active bins are populated
per-bin minimum non-zero probability:       7.98413e-21
per-bin maximum probability:                0.16374
per-bin probability dynamic range (kT):     44.4674
per-segment minimum non-zero probability:   1.66281e-21
per-segment maximum non-zero probability:   0.061945
per-segment probability dynamic range (kT): 45.0643
norm = 1, error in norm = 4.44089e-16 (2*epsilon)
MAB binning in use
Bottleneck bin occupancy may not be accurately reported
Waiting for segments to complete...
################ MAB stats ################
minima in each dimension:      [34.5065]
maxima in each dimension:      [55.8004]
direction in each dimension:   [1]
skip in each dimension:        [0]
###########################################
Iteration completed successfully
Iteration wallclock: 0:07:37.870531, cputime: 0:37:36.218758


Thu Apr 18 05:37:05 2024
Iteration 291 (300 requested)
Beginning iteration 291
104 segments remain in iteration 291 (104 total)
26 of 29 (89.655172%) active bins are populated
per-bin minimum non-zero probability:       3.09379e-20
per-bin maximum probability:                0.209109
per-bin probability dynamic range (kT):     43.3574
per-segment minimum non-zero probability:   2.99568e-21
per-segment maximum non-zero probability:   0.0706255
per-segment probability dynamic range (kT): 44.6068
norm = 1, error in norm = 2.22045e-16 (1*epsilon)
MAB binning in use
Bottleneck bin occupancy may not be accurately reported
Waiting for segments to complete...
################ MAB stats ################
minima in each dimension:      [33.6849]
maxima in each dimension:      [54.584]
direction in each dimension:   [1]
skip in each dimension:        [0]
###########################################
Iteration completed successfully
Iteration wallclock: 0:07:13.030504, cputime: 0:36:08.907259


Thu Apr 18 05:44:18 2024
Iteration 292 (300 requested)
Beginning iteration 292
108 segments remain in iteration 292 (108 total)
25 of 29 (86.206897%) active bins are populated
per-bin minimum non-zero probability:       8.79555e-21
per-bin maximum probability:                0.30731
per-bin probability dynamic range (kT):     45.0001
per-segment minimum non-zero probability:   2.19889e-21
per-segment maximum non-zero probability:   0.0706255
per-segment probability dynamic range (kT): 44.916
norm = 1, error in norm = 2.22045e-16 (1*epsilon)
MAB binning in use
Bottleneck bin occupancy may not be accurately reported
Waiting for segments to complete...
################ MAB stats ################
minima in each dimension:      [33.2649]
maxima in each dimension:      [56.2586]
direction in each dimension:   [1]
skip in each dimension:        [0]
###########################################
Iteration completed successfully
Iteration wallclock: 0:07:39.188967, cputime: 0:37:28.082251


Thu Apr 18 05:51:57 2024
Iteration 293 (300 requested)
Beginning iteration 293
100 segments remain in iteration 293 (100 total)
25 of 29 (86.206897%) active bins are populated
per-bin minimum non-zero probability:       7.73931e-21
per-bin maximum probability:                0.198998
per-bin probability dynamic range (kT):     44.6935
per-segment minimum non-zero probability:   1.93483e-21
per-segment maximum non-zero probability:   0.0706255
per-segment probability dynamic range (kT): 45.0439
norm = 1, error in norm = 2.22045e-16 (1*epsilon)
MAB binning in use
Bottleneck bin occupancy may not be accurately reported
Waiting for segments to complete...
################ MAB stats ################
minima in each dimension:      [33.9952]
maxima in each dimension:      [54.3816]
direction in each dimension:   [1]
skip in each dimension:        [0]
###########################################
Iteration completed successfully
Iteration wallclock: 0:07:06.152552, cputime: 0:34:45.052454


Thu Apr 18 05:59:03 2024
Iteration 294 (300 requested)
Beginning iteration 294
104 segments remain in iteration 294 (104 total)
26 of 29 (89.655172%) active bins are populated
per-bin minimum non-zero probability:       3.7648e-21
per-bin maximum probability:                0.25502
per-bin probability dynamic range (kT):     45.6622
per-segment minimum non-zero probability:   9.41199e-22
per-segment maximum non-zero probability:   0.0833107
per-segment probability dynamic range (kT): 45.9297
norm = 1, error in norm = 0 (0*epsilon)
MAB binning in use
Bottleneck bin occupancy may not be accurately reported
Waiting for segments to complete...
################ MAB stats ################
minima in each dimension:      [33.1236]
maxima in each dimension:      [54.5028]
direction in each dimension:   [1]
skip in each dimension:        [0]
###########################################
Iteration completed successfully
Iteration wallclock: 0:07:06.218939, cputime: 0:36:09.517528


Thu Apr 18 06:06:10 2024
Iteration 295 (300 requested)
Beginning iteration 295
104 segments remain in iteration 295 (104 total)
26 of 29 (89.655172%) active bins are populated
per-bin minimum non-zero probability:       3.65994e-21
per-bin maximum probability:                0.283893
per-bin probability dynamic range (kT):     45.7977
per-segment minimum non-zero probability:   9.14984e-22
per-segment maximum non-zero probability:   0.0891801
per-segment probability dynamic range (kT): 46.026
norm = 1, error in norm = 0 (0*epsilon)
MAB binning in use
Bottleneck bin occupancy may not be accurately reported
Waiting for segments to complete...
################ MAB stats ################
minima in each dimension:      [32.2046]
maxima in each dimension:      [54.9584]
direction in each dimension:   [1]
skip in each dimension:        [0]
###########################################
Iteration completed successfully
Iteration wallclock: 0:07:09.767776, cputime: 0:36:08.332285


Thu Apr 18 06:13:19 2024
Iteration 296 (300 requested)
Beginning iteration 296
104 segments remain in iteration 296 (104 total)
26 of 29 (89.655172%) active bins are populated
per-bin minimum non-zero probability:       2.88748e-21
per-bin maximum probability:                0.323238
per-bin probability dynamic range (kT):     46.1645
per-segment minimum non-zero probability:   7.21871e-22
per-segment maximum non-zero probability:   0.10262
per-segment probability dynamic range (kT): 46.4035
norm = 1, error in norm = 2.22045e-16 (1*epsilon)
MAB binning in use
Bottleneck bin occupancy may not be accurately reported
Waiting for segments to complete...
################ MAB stats ################
minima in each dimension:      [32.8152]
maxima in each dimension:      [55.3318]
direction in each dimension:   [1]
skip in each dimension:        [0]
###########################################
Iteration completed successfully
Iteration wallclock: 0:07:09.477912, cputime: 0:36:09.786514


Thu Apr 18 06:20:29 2024
Iteration 297 (300 requested)
Beginning iteration 297
96 segments remain in iteration 297 (96 total)
24 of 29 (82.758621%) active bins are populated
per-bin minimum non-zero probability:       5.32648e-21
per-bin maximum probability:                0.182047
per-bin probability dynamic range (kT):     44.9781
per-segment minimum non-zero probability:   1.04928e-21
per-segment maximum non-zero probability:   0.0619044
per-segment probability dynamic range (kT): 45.524
norm = 1, error in norm = 2.22045e-16 (1*epsilon)
MAB binning in use
Bottleneck bin occupancy may not be accurately reported
Waiting for segments to complete...
################ MAB stats ################
minima in each dimension:      [33.7457]
maxima in each dimension:      [54.6298]
direction in each dimension:   [1]
skip in each dimension:        [0]
###########################################
Iteration completed successfully
Iteration wallclock: 0:06:37.633798, cputime: 0:33:29.103536


Thu Apr 18 06:27:07 2024
Iteration 298 (300 requested)
Beginning iteration 298
104 segments remain in iteration 298 (104 total)
25 of 29 (86.206897%) active bins are populated
per-bin minimum non-zero probability:       1.37284e-21
per-bin maximum probability:                0.197659
per-bin probability dynamic range (kT):     46.4162
per-segment minimum non-zero probability:   3.43209e-22
per-segment maximum non-zero probability:   0.0619044
per-segment probability dynamic range (kT): 46.6415
norm = 1, error in norm = 2.22045e-16 (1*epsilon)
MAB binning in use
Bottleneck bin occupancy may not be accurately reported
Waiting for segments to complete...
################ MAB stats ################
minima in each dimension:      [33.8981]
maxima in each dimension:      [54.917]
direction in each dimension:   [1]
skip in each dimension:        [0]
###########################################
Iteration completed successfully
Iteration wallclock: 0:07:12.112542, cputime: 0:36:11.891114


Thu Apr 18 06:34:19 2024
Iteration 299 (300 requested)
Beginning iteration 299
100 segments remain in iteration 299 (100 total)
24 of 29 (82.758621%) active bins are populated
per-bin minimum non-zero probability:       6.86419e-22
per-bin maximum probability:                0.211718
per-bin probability dynamic range (kT):     47.1781
per-segment minimum non-zero probability:   1.71605e-22
per-segment maximum non-zero probability:   0.0619044
per-segment probability dynamic range (kT): 47.3347
norm = 1, error in norm = 2.22045e-16 (1*epsilon)
MAB binning in use
Bottleneck bin occupancy may not be accurately reported
Waiting for segments to complete...
################ MAB stats ################
minima in each dimension:      [33.1813]
maxima in each dimension:      [55.7031]
direction in each dimension:   [1]
skip in each dimension:        [0]
###########################################
Iteration completed successfully
Iteration wallclock: 0:07:06.311160, cputime: 0:34:52.370579


Thu Apr 18 06:41:25 2024
Iteration 300 (300 requested)
Beginning iteration 300
104 segments remain in iteration 300 (104 total)
26 of 29 (89.655172%) active bins are populated
per-bin minimum non-zero probability:       3.49381e-21
per-bin maximum probability:                0.132497
per-bin probability dynamic range (kT):     45.0821
per-segment minimum non-zero probability:   8.30552e-22
per-segment maximum non-zero probability:   0.043397
per-segment probability dynamic range (kT): 45.4026
norm = 1, error in norm = 2.22045e-16 (1*epsilon)
MAB binning in use
Bottleneck bin occupancy may not be accurately reported
Waiting for segments to complete...
################ MAB stats ################
minima in each dimension:      [34.8639]
maxima in each dimension:      [55.1517]
direction in each dimension:   [1]
skip in each dimension:        [0]
###########################################
Iteration completed successfully
Iteration wallclock: 0:07:11.768545, cputime: 0:36:16.115755


Thu Apr 18 06:48:37 2024
WEST run complete.
