1
[35.47380066 35.82052273 36.16724481 36.51396688 36.86068895 37.20741102
 37.5541331  37.90085517 38.24757724 38.59429932]	[43.32360077 48.87223434 54.42086792 59.9695015 ]	
[35.4738, 43.3236] [38.5943, 59.9695]
[35.9901, None] [None, None]

2
[34.28969955 34.90437741 35.51905526 36.13373311 36.74841097 37.36308882
 37.97776667 38.59244453 39.20712238 39.82180023]	[41.95140076 47.90270106 53.85400136 59.80530167]	
[34.2897, 41.9514] [39.8218, 59.8053]
[35.1658, None] [39.5488, None]

3
[32.5807991  33.40459908 34.22839906 35.05219905 35.87599903 36.69979901
 37.52359899 38.34739897 39.17119895 39.99499893]	[42.89530182 48.52936808 54.16343435 59.79750061]	
[32.5808, 42.8953] [39.995, 59.7975]
[None, 43.5164] [None, 58.1774]

4
[33.83879852 34.51106517 35.18333181 35.85559845 36.52786509 37.20013173
 37.87239838 38.54466502 39.21693166 39.8891983 ]	[42.76190186 48.43346786 54.10503387 59.77659988]	
[33.8388, 42.7619] [39.8892, 59.7766]
[None, 46.3776] [39.6503, None]

5
[31.22509956 32.18886609 33.15263261 34.11639913 35.08016565 36.04393217
 37.00769869 37.97146522 38.93523174 39.89899826]	[41.95270157 47.90330124 53.85390091 59.80450058]	
[31.2251, 41.9527] [39.899, 59.8045]
[34.7931, 45.3862] [39.8428, 59.2799]

6
[32.28720093 33.13257853 33.97795614 34.82333374 35.66871134 36.51408895
 37.35946655 38.20484416 39.05022176 39.89559937]	[40.96210098 47.28313446 53.60416794 59.92520142]	
[32.2872, 40.9621] [39.8956, 59.9252]
[None, 44.7584] [39.6427, 58.2217]

7
[33.44449997 34.14153332 34.83856667 35.53560003 36.23263338 36.92966673
 37.62670008 38.32373344 39.02076679 39.71780014]	[41.56689835 47.70249939 53.83810043 59.97370148]	
[33.4445, 41.5669] [39.7178, 59.9737]
[34.0513, 43.4612] [39.4901, 59.1719]

8
[32.82030106 33.6117897  34.40327835 35.194767   35.98625565 36.77774429
 37.56923294 38.36072159 39.15221024 39.94369888]	[41.62350082 47.67943446 53.73536809 59.79130173]	
[32.8203, 41.6235] [39.9437, 59.7913]
[33.1983, 43.1486] [None, None]

9
[33.49219894 34.21196577 34.9317326  35.65149943 36.37126626 37.09103309
 37.81079992 38.53056675 39.25033357 39.9701004 ]	[42.07820129 47.87046814 53.66273499 59.45500183]	
[33.4922, 42.0782] [39.9701, 59.455]
[33.9322, 44.9248] [39.96, None]

10
[32.6792984  33.4890319  34.29876539 35.10849889 35.91823239 36.72796588
 37.53769938 38.34743288 39.15716638 39.96689987]	[40.13690186 46.74530156 53.35370127 59.96210098]	
[32.6793, 40.1369] [39.9669, 59.9621]
[33.5356, 43.5125] [39.2424, 59.7404]

11
[32.04560089 32.92315631 33.80071174 34.67826716 35.55582258 36.43337801
 37.31093343 38.18848885 39.06604428 39.9435997 ]	[43.26990128 48.73283386 54.19576645 59.65869904]	
[32.0456, 43.2699] [39.9436, 59.6587]
[32.654, 44.8233] [39.8682, 59.2236]

12
[29.87919998 30.96360016 32.04800034 33.13240051 34.21680069 35.30120087
 36.38560104 37.47000122 38.5544014  39.63880157]	[41.53329849 47.67316564 53.81303279 59.95289993]	
[29.8792, 41.5333] [39.6388, 59.9529]
[32.8882, 45.0542] [39.3567, 59.5177]

13
[31.62809944 32.55556615 33.48303286 34.41049957 35.33796628 36.26543299
 37.1928997  38.12036641 39.04783312 39.97529984]	[42.51399994 48.21956635 53.92513275 59.63069916]	
[31.6281, 42.514] [39.9753, 59.6307]
[32.7872, 46.2219] [39.9202, 59.1709]

14
[30.75760078 31.78310055 32.80860032 33.83410009 34.85959986 35.88509962
 36.91059939 37.93609916 38.96159893 39.98709869]	[45.00749969 49.95046616 54.89343262 59.83639908]	
[30.7576, 45.0075] [39.9871, 59.8364]
[31.1531, None] [39.4972, 59.7249]

15
[31.1310997  32.09341092 33.05572213 34.01803335 34.98034456 35.94265578
 36.90496699 37.86727821 38.82958942 39.79190063]	[43.67160034 48.99546687 54.31933339 59.64319992]	
[31.1311, 43.6716] [39.7919, 59.6432]
[31.8678, 47.0062] [39.5667, None]

16
[30.84070015 31.84841114 32.85612212 33.86383311 34.8715441  35.87925508
 36.88696607 37.89467706 38.90238804 39.91009903]	[43.57820129 48.9621671  54.34613291 59.73009872]	
[30.8407, 43.5782] [39.9101, 59.7301]
[32.1337, 47.7242] [39.8345, 59.1759]

17
[30.72019958 31.74898868 32.77777778 33.80656687 34.83535597 35.86414507
 36.89293416 37.92172326 38.95051236 39.97930145]	[44.83720016 49.73446655 54.63173294 59.52899933]	
[30.7202, 44.8372] [39.9793, 59.529]
[31.2668, 46.9484] [39.5913, 59.4156]

18
[28.94980049 30.15626695 31.36273342 32.56919988 33.77566634 34.98213281
 36.18859927 37.39506573 38.60153219 39.80799866]	[42.12990189 47.86276754 53.59563319 59.32849884]	
[28.9498, 42.1299] [39.808, 59.3285]
[29.0685, 43.0128] [39.6379, 58.9144]

19
[30.54179955 31.54418861 32.54657767 33.54896673 34.55135579 35.55374485
 36.55613391 37.55852297 38.56091203 39.56330109]	[41.75519943 47.67283249 53.59046555 59.5080986 ]	
[30.5418, 41.7552] [39.5633, 59.5081]
[32.0572, 48.9648] [None, None]

20
[28.21279907 29.52039931 30.82799954 32.13559977 33.44320001 34.75080024
 36.05840047 37.36600071 38.67360094 39.98120117]	[42.96500015 48.61726634 54.26953252 59.92179871]	
[28.2128, 42.965] [39.9812, 59.9218]
[30.2109, 47.1357] [None, 58.5934]

21
[29.93350029 31.04687797 32.16025564 33.27363332 34.387011   35.50038868
 36.61376635 37.72714403 38.84052171 39.95389938]	[45.91790009 50.53903325 55.16016642 59.78129959]	
[29.9335, 45.9179] [39.9539, 59.7813]
[30.1893, None] [39.8085, 59.4269]

22
[30.27499962 31.34908846 32.4231773  33.49726613 34.57135497 35.64544381
 36.71953265 37.79362149 38.86771033 39.94179916]	[40.68000031 47.08276749 53.48553467 59.88830185]	
[30.275, 40.68] [39.9418, 59.8883]
[30.8168, 44.183] [None, 59.4815]

23
[30.14439964 31.2297554  32.31511116 33.40046692 34.48582268 35.57117844
 36.65653419 37.74188995 38.82724571 39.91260147]	[40.45339966 46.74486669 53.03633372 59.32780075]	
[30.1444, 40.4534] [39.9126, 59.3278]
[30.4215, 42.3329] [39.8299, 59.0862]

24
[31.42830086 32.35865614 33.28901143 34.21936671 35.14972199 36.08007728
 37.01043256 37.94078785 38.87114313 39.80149841]	[40.91719818 47.22759883 53.53799947 59.84840012]	
[31.4283, 40.9172] [39.8015, 59.8484]
[32.768, 44.2457] [39.2422, 59.1731]

25
[31.06279945 32.05422168 33.04564391 34.03706614 35.02848837 36.0199106
 37.01133283 38.00275506 38.99417729 39.98559952]	[41.06840134 47.37036769 53.67233404 59.97430038]	
[31.0628, 41.0684] [39.9856, 59.9743]
[None, 43.2979] [39.7608, None]

26
[32.2981987  33.13751009 33.97682148 34.81613286 35.65544425 36.49475564
 37.33406703 38.17337841 39.0126898  39.85200119]	[40.11640167 46.71546809 53.31453451 59.91360092]	
[32.2982, 40.1164] [39.852, 59.9136]
[32.8795, 45.6883] [39.4676, 59.5549]

27
[30.76199913 31.77852164 32.79504416 33.81156667 34.82808918 35.8446117
 36.86113421 37.87765672 38.89417924 39.91070175]	[40.19269943 46.40089925 52.60909907 58.81729889]	
[30.762, 40.1927] [39.9107, 58.8173]
[None, 42.642] [None, 57.9427]

28
[30.46839905 31.52563265 32.58286624 33.64009984 34.69733344 35.75456704
 36.81180064 37.86903424 38.92626784 39.98350143]	[43.30730057 48.72826767 54.14923477 59.57020187]	
[30.4684, 43.3073] [39.9835, 59.5702]
[36.0772, 45.4798] [39.9476, None]

29
[30.80200005 31.81280009 32.82360013 33.83440018 34.84520022 35.85600026
 36.86680031 37.87760035 38.8884004  39.89920044]	[40.52310181 46.76240158 53.00170135 59.24100113]	
[30.802, 40.5231] [39.8992, 59.241]
[31.0287, 43.7899] [None, 58.6522]

30
[30.68260002 31.70746655 32.73233308 33.75719961 34.78206613 35.80693266
 36.83179919 37.85666572 38.88153225 39.90639877]	[44.14289856 49.32459895 54.50629934 59.68799973]	
[30.6826, 44.1429] [39.9064, 59.688]
[32.8763, 44.3551] [39.8373, None]

31
[29.7996006  30.91255612 32.02551164 33.13846715 34.25142267 35.36437819
 36.4773337  37.59028922 38.70324474 39.81620026]	[44.21039963 49.38416672 54.55793381 59.7317009 ]	
[29.7996, 44.2104] [39.8162, 59.7317]
[31.5814, None] [39.5081, None]

32
[30.26309967 31.33743286 32.41176605 33.48609924 34.56043243 35.63476562
 36.70909882 37.78343201 38.8577652  39.93209839]	[43.88240051 49.24336751 54.60433451 59.96530151]	
[30.2631, 43.8824] [39.9321, 59.9653]
[30.9907, 45.6287] [39.6702, 59.2407]

33
[30.73990059 31.7482338  32.756567   33.76490021 34.77323341 35.78156662
 36.78989983 37.79823303 38.80656624 39.81489944]	[43.13629913 48.74183273 54.34736633 59.95289993]	
[30.7399, 43.1363] [39.8149, 59.9529]
[31.2165, 46.5723] [39.6139, 59.3854]

34
[30.42259979 31.46875551 32.51491123 33.56106695 34.60722266 35.65337838
 36.6995341  37.74568982 38.79184553 39.83800125]	[44.44340134 49.60730108 54.77120082 59.93510056]	
[30.4226, 44.4434] [39.838, 59.9351]
[31.3832, None] [39.7748, 59.5584]

35
[30.43420029 31.47170046 32.50920063 33.5467008  34.58420097 35.62170113
 36.6592013  37.69670147 38.73420164 39.77170181]	[44.46300125 49.50796763 54.55293401 59.59790039]	
[30.4342, 44.463] [39.7717, 59.5979]
[36.1611, 45.7307] [None, 59.1857]

36
[31.1718998  32.12631098 33.08072217 34.03513336 34.98954455 35.94395574
 36.89836693 37.85277812 38.80718931 39.76160049]	[44.56489944 49.70333354 54.84176763 59.98020172]	
[31.1719, 44.5649] [39.7616, 59.9802]
[31.8992, 45.455] [39.7387, None]

37
[33.00469971 33.78121101 34.5577223  35.3342336  36.1107449  36.8872562
 37.6637675  38.4402788  39.21679009 39.99330139]	[44.55189896 49.69146601 54.83103307 59.97060013]	
[33.0047, 44.5519] [39.9933, 59.9706]
[33.2241, 47.1894] [None, 59.7265]

38
[31.07640076 32.06233385 33.04826694 34.03420003 35.02013312 36.00606622
 36.99199931 37.9779324  38.96386549 39.94979858]	[44.66690063 49.73216756 54.79743449 59.86270142]	
[31.0764, 44.6669] [39.9498, 59.8627]
[32.3749, 45.3687] [39.9235, 57.9497]

39
[30.39590073 31.44005627 32.48421182 33.52836736 34.57252291 35.61667845
 36.66083399 37.70498954 38.74914508 39.79330063]	[40.13010025 46.7348671  53.33963394 59.94440079]	
[30.3959, 40.1301] [39.7933, 59.9444]
[35.7903, 45.2605] [38.3282, 59.6159]

40
[31.43670082 32.3759452  33.31518957 34.25443395 35.19367833 36.1329227
 37.07216708 38.01141145 38.95065583 39.88990021]	[44.89379883 49.83636602 54.77893321 59.7215004 ]	
[31.4367, 44.8938] [39.8899, 59.7215]
[None, 46.593] [None, 59.7178]

41
[30.90810013 31.91251119 32.91692225 33.92133331 34.92574437 35.93015544
 36.9345665  37.93897756 38.94338862 39.94779968]	[43.62200165 49.04926809 54.47653453 59.90380096]	
[30.9081, 43.622] [39.9478, 59.9038]
[32.5833, 45.8598] [39.9472, 59.5827]

42
[30.13599968 31.20355521 32.27111075 33.33866628 34.40622181 35.47377735
 36.54133288 37.60888841 38.67644395 39.74399948]	[46.03300095 50.6630338  55.29306666 59.92309952]	
[30.136, 46.033] [39.744, 59.9231]
[32.0011, 46.2888] [39.6313, 59.4085]

43
[30.31629944 31.38413281 32.45196618 33.51979955 34.58763292 35.65546629
 36.72329966 37.79113303 38.8589664  39.92679977]	[45.25719833 50.01813253 54.77906672 59.54000092]	
[30.3163, 45.2572] [39.9268, 59.54]
[31.3752, 48.1425] [None, 59.1172]

44
[29.2541008  30.42375607 31.59341134 32.76306661 33.93272188 35.10237715
 36.27203242 37.44168769 38.61134296 39.78099823]	[46.65769958 50.81879934 54.97989909 59.14099884]	
[29.2541, 46.6577] [39.781, 59.141]
[32.0815, None] [39.6917, None]

45
[27.92670059 29.20227814 30.47785568 31.75343323 33.02901077 34.30458832
 35.58016586 36.85574341 38.13132095 39.4068985 ]	[44.6753006  49.77969996 54.88409932 59.98849869]	
[27.9267, 44.6753] [39.4069, 59.9885]
[31.3407, 45.6813] [None, 59.9624]

46
[29.21689987 30.39498859 31.57307731 32.75116603 33.92925474 35.10734346
 36.28543218 37.4635209  38.64160962 39.81969833]	[42.32649994 48.19356664 54.06063334 59.92770004]	
[29.2169, 42.3265] [39.8197, 59.9277]
[29.7057, 45.5458] [39.8116, 59.8186]

47
[28.98159981 30.20185555 31.4221113  32.64236705 33.86262279 35.08287854
 36.30313428 37.52339003 38.74364577 39.96390152]	[44.06570053 49.12026723 54.17483393 59.22940063]	
[28.9816, 44.0657] [39.9639, 59.2294]
[33.3917, 46.3856] [39.9123, None]

48
[28.8227005  30.06325616 31.30381182 32.54436747 33.78492313 35.02547879
 36.26603444 37.5065901  38.74714576 39.98770142]	[44.55379868 49.64569855 54.73759842 59.82949829]	
[28.8227, 44.5538] [39.9877, 59.8295]
[30.4433, None] [39.8679, 58.9119]

49
[29.5366993  30.67407735 31.81145541 32.94883347 34.08621152 35.22358958
 36.36096764 37.49834569 38.63572375 39.77310181]	[44.83359909 49.60493215 54.37626521 59.14759827]	
[29.5367, 44.8336] [39.7731, 59.1476]
[30.8934, 45.309] [39.492, 57.6467]

50
[29.54339981 30.68121084 31.81902186 32.95683289 34.09464391 35.23245494
 36.37026596 37.50807699 38.64588801 39.78369904]	[44.90530014 49.78166707 54.65803401 59.53440094]	
[29.5434, 44.9053] [39.7837, 59.5344]
[30.9934, 46.576] [None, 59.4548]

51
[28.7772007  30.01736747 31.25753424 32.49770101 33.73786778 34.97803455
 36.21820132 37.45836809 38.69853486 39.93870163]	[43.49499893 48.90136592 54.3077329  59.71409988]	
[28.7772, 43.495] [39.9387, 59.7141]
[31.2394, 46.3375] [39.1974, 58.4207]

52
[29.08270073 30.29001194 31.49732314 32.70463435 33.91194555 35.11925676
 36.32656797 37.53387917 38.74119038 39.94850159]	[44.77980042 49.83733368 54.89486694 59.95240021]	
[29.0827, 44.7798] [39.9485, 59.9524]
[31.269, 45.7664] [None, 58.4045]

53
[29.17040062 30.36290063 31.55540064 32.74790064 33.94040065 35.13290066
 36.32540067 37.51790068 38.71040069 39.9029007 ]	[43.69260025 49.11276627 54.53293228 59.9530983 ]	
[29.1704, 43.6926] [39.9029, 59.9531]
[29.8324, 46.4883] [39.5369, None]

54
[29.02540016 30.23801125 31.45062235 32.66323344 33.87584453 35.08845562
 36.30106672 37.51367781 38.7262889  39.93889999]	[41.60739899 47.51716614 53.42693329 59.33670044]	
[29.0254, 41.6074] [39.9389, 59.3367]
[29.1476, 46.6889] [39.8918, 59.2106]

55
[28.95289993 30.1663776  31.37985526 32.59333293 33.80681059 35.02028826
 36.23376592 37.44724358 38.66072125 39.87419891]	[40.4654007  46.97456741 53.48373413 59.99290085]	
[28.9529, 40.4654] [39.8742, 59.9929]
[30.9885, 44.5418] [39.6293, 59.5109]

56
[29.39999962 30.56671058 31.73342154 32.9001325  34.06684346 35.23355442
 36.40026538 37.56697634 38.73368729 39.90039825]	[44.15250015 49.4216334  54.69076665 59.9598999 ]	
[29.4, 44.1525] [39.9004, 59.9599]
[30.4386, 45.5589] [39.8088, 59.5104]

57
[28.81130028 30.01095581 31.21061134 32.41026688 33.60992241 34.80957794
 36.00923347 37.20888901 38.40854454 39.60820007]	[42.38190079 48.11966705 53.85743332 59.59519958]	
[28.8113, 42.3819] [39.6082, 59.5952]
[31.7709, 45.7379] [None, 59.1365]

58
[29.87940025 30.99323357 32.1070669  33.22090022 34.33473354 35.44856686
 36.56240018 37.6762335  38.79006683 39.90390015]	[44.32260132 49.32356771 54.3245341  59.32550049]	
[29.8794, 44.3226] [39.9039, 59.3255]
[31.7303, 44.9453] [39.5322, 58.239]

59
[26.14830017 27.65486696 29.16143375 30.66800054 32.17456733 33.68113412
 35.18770091 36.6942677  38.20083449 39.70740128]	[43.97639847 49.04783249 54.11926651 59.19070053]	
[26.1483, 43.9764] [39.7074, 59.1907]
[30.7186, None] [39.6028, 58.3175]

60
[28.16139984 29.47372225 30.78604465 32.09836706 33.41068946 34.72301186
 36.03533427 37.34765667 38.65997908 39.97230148]	[44.9715004  49.75746663 54.54343287 59.32939911]	
[28.1614, 44.9715] [39.9723, 59.3294]
[None, 45.1004] [None, 58.6855]

61
[27.50429916 28.85475498 30.20521079 31.55566661 32.90612242 34.25657823
 35.60703405 36.95748986 38.30794568 39.65840149]	[43.20220184 48.77193451 54.34166718 59.91139984]	
[27.5043, 43.2022] [39.6584, 59.9114]
[29.8886, 45.7607] [None, 59.5656]

62
[28.82460022 30.04894469 31.27328915 32.49763362 33.72197808 34.94632255
 36.17066701 37.39501148 38.61935594 39.84370041]	[41.91640091 47.84296672 53.76953252 59.69609833]	
[28.8246, 41.9164] [39.8437, 59.6961]
[30.8819, None] [39.4753, None]

63
[30.85160065 31.83830049 32.82500034 33.81170019 34.79840003 35.78509988
 36.77179972 37.75849957 38.74519942 39.73189926]	[41.40019989 47.07736715 52.7545344  58.43170166]	
[30.8516, 41.4002] [39.7319, 58.4317]
[31.943, 41.9332] [None, None]

64
[30.13199997 31.22556644 32.31913291 33.41269938 34.50626585 35.59983232
 36.69339879 37.78696526 38.88053173 39.97409821]	[42.84209824 48.47536596 54.10863368 59.7419014 ]	
[30.132, 42.8421] [39.9741, 59.7419]
[30.8818, 47.5507] [39.8239, None]

65
[29.08250046 30.27568944 31.46887843 32.66206741 33.8552564  35.04844538
 36.24163437 37.43482335 38.62801234 39.82120132]	[42.34629822 48.14413198 53.94196574 59.7397995 ]	
[29.0825, 42.3463] [39.8212, 59.7398]
[32.3437, 44.2493] [39.7755, 59.6058]

66
[28.92819977 30.13624403 31.3442883  32.55233256 33.76037682 34.96842109
 36.17646535 37.38450962 38.59255388 39.80059814]	[44.89419937 49.75526683 54.61633428 59.47740173]	
[28.9282, 44.8942] [39.8006, 59.4774]
[31.4863, 44.9861] [39.7423, None]

67
[28.40909958 29.69591056 30.98272154 32.26953252 33.5563435  34.84315448
 36.12996546 37.41677645 38.70358743 39.99039841]	[44.76250076 49.81653341 54.87056605 59.92459869]	
[28.4091, 44.7625] [39.9904, 59.9246]
[30.8722, 48.5606] [39.7761, 58.9503]

68
[29.54719925 30.70104387 31.85488849 33.00873311 34.16257774 35.31642236
 36.47026698 37.6241116  38.77795622 39.93180084]	[44.51290131 49.67250061 54.83209991 59.99169922]	
[29.5472, 44.5129] [39.9318, 59.9917]
[None, 44.7065] [39.7484, 59.3578]

69
[29.40839958 30.55901082 31.70962207 32.86023331 34.01084455 35.16145579
 36.31206703 37.46267827 38.61328952 39.76390076]	[41.06999969 47.34733327 53.62466685 59.90200043]	
[29.4084, 41.07] [39.7639, 59.902]
[30.4934, None] [39.2553, 59.1409]

70
[29.15679932 30.33538818 31.51397705 32.69256592 33.87115479 35.04974365
 36.22833252 37.40692139 38.58551025 39.76409912]	[41.11240005 47.35106659 53.58973312 59.82839966]	
[29.1568, 41.1124] [39.7641, 59.8284]
[29.4605, None] [None, 59.6383]

71
[27.92230034 29.25658925 30.59087817 31.92516708 33.259456   34.59374491
 35.92803383 37.26232274 38.59661166 39.93090057]	[41.26480103 47.32360077 53.38240051 59.44120026]	
[27.9223, 41.2648] [39.9309, 59.4412]
[None, 43.6046] [39.7878, None]

72
[29.61120033 30.7460005  31.88080067 33.01560084 34.15040101 35.28520118
 36.42000135 37.55480152 38.68960169 39.82440186]	[40.79880142 46.94250107 53.08620071 59.22990036]	
[29.6112, 40.7988] [39.8244, 59.2299]
[31.0563, 45.3119] [39.5267, None]

73
[27.9192009  29.23202303 30.54484516 31.85766729 33.17048942 34.48331155
 35.79613368 37.10895581 38.42177794 39.73460007]	[43.37009811 48.88483175 54.39956538 59.91429901]	
[27.9192, 43.3701] [39.7346, 59.9143]
[29.5938, None] [39.6944, None]

74
[28.74810028 29.99732251 31.24654473 32.49576696 33.74498918 34.99421141
 36.24343363 37.49265586 38.74187809 39.99110031]	[43.37099838 48.85849889 54.3459994  59.83349991]	
[28.7481, 43.371] [39.9911, 59.8335]
[None, 48.639] [39.6236, 59.1741]

75
[28.4477005  29.70732286 30.96694522 32.22656759 33.48618995 34.74581231
 36.00543467 37.26505703 38.5246794  39.78430176]	[43.76100159 49.03563436 54.31026713 59.5848999 ]	
[28.4477, 43.761] [39.7843, 59.5849]
[None, 44.1953] [39.7533, 59.3225]

76
[27.34180069 28.73792267 30.13404465 31.53016663 32.9262886  34.32241058
 35.71853256 37.11465454 38.51077652 39.9068985 ]	[41.63069916 47.59693273 53.5631663  59.52939987]	
[27.3418, 41.6307] [39.9069, 59.5294]
[30.2228, 43.2076] [39.7248, 59.3249]

77
[27.64229965 28.98815536 30.33401108 31.67986679 33.0257225  34.37157822
 35.71743393 37.06328964 38.40914536 39.75500107]	[42.51660156 48.06956736 53.62253316 59.17549896]	
[27.6423, 42.5166] [39.755, 59.1755]
[30.6347, 44.3086] [39.365, 58.8222]

78
[28.11149979 29.4274665  30.74343321 32.05939992 33.37536663 34.69133335
 36.00730006 37.32326677 38.63923348 39.9552002 ]	[43.35279846 48.85136541 54.34993235 59.8484993 ]	
[28.1115, 43.3528] [39.9552, 59.8485]
[30.1988, 43.6199] [39.1238, None]

79
[27.4871006  28.8632893  30.23947801 31.61566671 32.99185541 34.36804411
 35.74423281 37.12042152 38.49661022 39.87279892]	[43.2942009  48.75306702 54.21193314 59.67079926]	
[27.4871, 43.2942] [39.8728, 59.6708]
[30.8274, 44.9711] [39.7899, 57.7138]

80
[28.49379921 29.73315472 30.97251023 32.21186574 33.45122125 34.69057677
 35.92993228 37.16928779 38.4086433  39.64799881]	[43.72090149 48.9280014  54.13510132 59.34220123]	
[28.4938, 43.7209] [39.648, 59.3422]
[29.0437, 45.8574] [39.5614, 58.9915]

81
[28.88240051 30.10898929 31.33557807 32.56216685 33.78875563 35.01534441
 36.24193319 37.46852197 38.69511074 39.92169952]	[41.50490189 47.38950094 53.27409999 59.15869904]	
[28.8824, 41.5049] [39.9217, 59.1587]
[29.1179, 44.6936] [39.8055, None]

82
[29.10790062 30.31744512 31.52698962 32.73653412 33.94607862 35.15562312
 36.36516762 37.57471212 38.78425662 39.99380112]	[42.28030014 48.06943385 53.85856756 59.64770126]	
[29.1079, 42.2803] [39.9938, 59.6477]
[29.5649, 43.0037] [39.7038, 59.5609]

83
[27.55319977 28.92194409 30.29068841 31.65943273 33.02817705 34.39692137
 35.76566569 37.13441001 38.50315433 39.87189865]	[43.50109863 48.96033223 54.41956584 59.87879944]	
[27.5532, 43.5011] [39.8719, 59.8788]
[31.3184, None] [39.775, 59.1813]

84
[29.42160034 30.56273354 31.70386675 32.84499995 33.98613315 35.12726635
 36.26839956 37.40953276 38.55066596 39.69179916]	[44.3832016  49.43546804 54.48773448 59.54000092]	
[29.4216, 44.3832] [39.6918, 59.54]
[30.6039, 44.7214] [None, 59.4718]

85
[28.66360092 29.91262309 31.16164525 32.41066742 33.65968959 34.90871175
 36.15773392 37.40675608 38.65577825 39.90480042]	[43.43399811 48.89779917 54.36160024 59.82540131]	
[28.6636, 43.434] [39.9048, 59.8254]
[29.6301, 43.6303] [39.1727, 59.7273]

86
[29.51180077 30.66953405 31.82726733 32.98500061 34.14273389 35.30046717
 36.45820045 37.61593374 38.77366702 39.9314003 ]	[41.96749878 47.84196599 53.71643321 59.59090042]	
[29.5118, 41.9675] [39.9314, 59.5909]
[31.124, 44.9782] [39.2781, None]

87
[28.58979988 29.82410007 31.05840026 32.29270045 33.52700064 34.76130083
 35.99560102 37.22990121 38.4642014  39.69850159]	[40.37720108 46.90186691 53.42653275 59.95119858]	
[28.5898, 40.3772] [39.6985, 59.9512]
[32.4716, 43.5465] [39.6476, 59.6637]

88
[28.62549973 29.88683319 31.14816666 32.40950012 33.67083359 34.93216705
 36.19350052 37.45483398 38.71616745 39.97750092]	[41.38190079 47.45803324 53.5341657  59.61029816]	
[28.6255, 41.3819] [39.9775, 59.6103]
[30.7028, 42.3289] [39.8431, 58.2714]

89
[29.23649979 30.43156645 31.62663311 32.82169978 34.01676644 35.21183311
 36.40689977 37.60196643 38.7970331  39.99209976]	[40.39810181 46.80400085 53.2098999  59.61579895]	
[29.2365, 40.3981] [39.9921, 59.6158]
[29.8585, 42.3989] [39.7905, 59.5125]

90
[29.2548008  30.44800059 31.64120038 32.83440018 34.02759997 35.22079976
 36.41399956 37.60719935 38.80039914 39.99359894]	[41.03639984 47.12636693 53.21633403 59.30630112]	
[29.2548, 41.0364] [39.9936, 59.3063]
[29.2903, 42.1577] [None, 59.1661]

91
[29.11940002 30.28666687 31.45393372 32.62120056 33.78846741 34.95573425
 36.1230011  37.29026794 38.45753479 39.62480164]	[40.07559967 46.65420024 53.2328008  59.81140137]	
[29.1194, 40.0756] [39.6248, 59.8114]
[30.555, 42.7918] [39.4411, 59.5514]

92
[28.84280014 30.06388897 31.28497781 32.50606664 33.72715547 34.94824431
 36.16933314 37.39042197 38.61151081 39.83259964]	[40.14279938 46.71853256 53.29426575 59.86999893]	
[28.8428, 40.1428] [39.8326, 59.87]
[30.2711, 42.9318] [39.7419, 59.6852]

93
[27.83200073 29.17825614 30.52451155 31.87076696 33.21702237 34.56327777
 35.90953318 37.25578859 38.602044   39.94829941]	[41.96789932 47.69486618 53.42183304 59.1487999 ]	
[27.832, 41.9679] [39.9483, 59.1488]
[31.731, 42.4057] [39.8492, 58.066]

94
[27.17280006 28.59262212 30.01244418 31.43226624 32.85208829 34.27191035
 35.69173241 37.11155446 38.53137652 39.95119858]	[41.88769913 47.90103277 53.9143664  59.92770004]	
[27.1728, 41.8877] [39.9512, 59.9277]
[32.5029, 41.9779] [39.7627, 58.9415]

95
[26.37989998 27.86464437 29.34938876 30.83413315 32.31887754 33.80362193
 35.28836632 36.77311071 38.2578551  39.74259949]	[41.27389908 47.27779897 53.28169886 59.28559875]	
[26.3799, 41.2739] [39.7426, 59.2856]
[29.7934, 41.4408] [39.6904, 55.6334]

96
[27.52129936 28.8999549  30.27861044 31.65726598 33.03592152 34.41457706
 35.7932326  37.17188814 38.55054368 39.92919922]	[40.45320129 46.85980097 53.26640066 59.67300034]	
[27.5213, 40.4532] [39.9292, 59.673]
[30.4346, 45.6445] [39.7904, 59.1849]

97
[27.64430046 29.01473363 30.3851668  31.75559998 33.12603315 34.49646632
 35.86689949 37.23733266 38.60776583 39.97819901]	[41.38359833 47.55143229 53.71926626 59.88710022]	
[27.6443, 41.3836] [39.9782, 59.8871]
[29.9376, 41.5821] [39.9357, 58.2906]

98
[28.08989906 29.40879907 30.72769907 32.04659907 33.36549907 34.68439907
 36.00329908 37.32219908 38.64109908 39.95999908]	[40.03319931 46.31983312 52.60646693 58.89310074]	
[28.0899, 40.0332] [39.96, 58.8931]
[30.1541, 40.3763] [39.7113, 58.7827]

99
[26.91990089 28.33854506 29.75718922 31.17583338 32.59447755 34.01312171
 35.43176587 36.85041004 38.2690542  39.68769836]	[40.21300125 46.74200058 53.27099991 59.79999924]	
[26.9199, 40.213] [39.6877, 59.8]
[28.845, 42.3777] [39.6546, None]

100
[27.26659966 28.66216617 30.05773269 31.4532992  32.84886572 34.24443224
 35.63999875 37.03556527 38.43113179 39.8266983 ]	[40.48109818 46.96636581 53.45163345 59.93690109]	
[27.2666, 40.4811] [39.8267, 59.9369]
[29.5063, 40.5999] [None, 58.9891]

101
[27.70159912 29.05262163 30.40364414 31.75466665 33.10568915 34.45671166
 35.80773417 37.15875668 38.50977919 39.8608017 ]	[41.34749985 47.47716649 53.60683314 59.73649979]	
[27.7016, 41.3475] [39.8608, 59.7365]
[28.9047, 44.5072] [39.2906, 58.2152]

102
[28.51169968 29.78447766 31.05725564 32.33003362 33.6028116  34.87558958
 36.14836756 37.42114555 38.69392353 39.96670151]	[40.14979935 46.72713343 53.30446752 59.88180161]	
[28.5117, 40.1498] [39.9667, 59.8818]
[29.4755, 41.2313] [39.1388, None]

103
[27.57159996 28.88067754 30.18975512 31.4988327  32.80791028 34.11698786
 35.42606544 36.73514303 38.04422061 39.35329819]	[40.99679947 47.24179967 53.48679988 59.73180008]	
[27.5716, 40.9968] [39.3533, 59.7318]
[27.8639, 41.5925] [39.0861, None]

104
[28.64430046 29.8558002  31.06729995 32.27879969 33.49029944 34.70179918
 35.91329892 37.12479867 38.33629841 39.54779816]	[40.30110168 46.84353383 53.38596598 59.92839813]	
[28.6443, 40.3011] [39.5478, 59.9284]
[30.7842, 40.7909] [39.2756, 58.6812]

105
[28.6364994  29.87709936 31.11769931 32.35829926 33.59889921 34.83949916
 36.08009911 37.32069906 38.56129901 39.80189896]	[40.84289932 47.18343226 53.5239652  59.86449814]	
[28.6365, 40.8429] [39.8019, 59.8645]
[31.4202, 41.7775] [None, 59.7366]

106
[28.9904995  30.20926624 31.42803298 32.64679972 33.86556647 35.08433321
 36.30309995 37.52186669 38.74063343 39.95940018]	[40.90570068 47.23156738 53.55743408 59.88330078]	
[28.9905, 40.9057] [39.9594, 59.8833]
[29.6489, 42.4004] [39.8542, None]

107
[27.70789909 29.04931047 30.39072185 31.73213323 33.07354461 34.41495599
 35.75636737 37.09777874 38.43919012 39.7806015 ]	[40.08520126 46.47073364 52.85626602 59.2417984 ]	
[27.7079, 40.0852] [39.7806, 59.2418]
[31.656, 40.8963] [39.3718, 58.9098]

108
[25.66460037 27.24773365 28.83086692 30.41400019 31.99713347 33.58026674
 35.16340001 36.74653329 38.32966656 39.91279984]	[40.53590012 46.81200027 53.08810043 59.36420059]	
[25.6646, 40.5359] [39.9128, 59.3642]
[29.8521, 45.8174] [39.7171, None]

109
[26.61170006 28.0731447  29.53458934 30.99603399 32.45747863 33.91892327
 35.38036791 36.84181256 38.3032572  39.76470184]	[40.65790176 47.05110168 53.44430161 59.83750153]	
[26.6117, 40.6579] [39.7647, 59.8375]
[28.2327, 41.0148] [39.4415, None]

110
[25.89719963 27.46069972 29.0241998  30.58769989 32.15119998 33.71470006
 35.27820015 36.84170024 38.40520032 39.96870041]	[40.43190002 46.83386612 53.23583221 59.63779831]	
[25.8972, 40.4319] [39.9687, 59.6378]
[30.8429, 43.1699] [38.8888, 59.2677]

111
[29.26810074 30.4457673  31.62343385 32.80110041 33.97876697 35.15643353
 36.33410009 37.51176665 38.6894332  39.86709976]	[40.32920074 46.51730092 52.7054011  58.89350128]	
[29.2681, 40.3292] [39.8671, 58.8935]
[29.5287, 41.246] [39.7953, None]

112
[28.88059998 30.10488892 31.32917786 32.5534668  33.77775574 35.00204468
 36.22633362 37.45062256 38.6749115  39.89920044]	[40.51350021 46.87863286 53.24376551 59.60889816]	
[28.8806, 40.5135] [39.8992, 59.6089]
[30.0547, 41.4825] [39.7272, 59.2802]

113
[27.84499931 29.18855498 30.53211064 31.8756663  33.21922196 34.56277763
 35.90633329 37.24988895 38.59344461 39.93700027]	[40.02830124 46.58570099 53.14310074 59.70050049]	
[27.845, 40.0283] [39.937, 59.7005]
[29.391, 40.4239] [39.7261, 59.4075]

114
[28.06159973 29.37347751 30.68535529 31.99723307 33.30911085 34.62098863
 35.93286641 37.24474419 38.55662198 39.86849976]	[40.63589859 46.84616597 53.05643336 59.26670074]	
[28.0616, 40.6359] [39.8685, 59.2667]
[28.9722, 41.4032] [39.4282, 58.6284]

115
[27.85140038 29.19312244 30.5348445  31.87656657 33.21828863 34.5600107
 35.90173276 37.24345483 38.58517689 39.92689896]	[40.01279831 46.64166514 53.27053197 59.8993988 ]	
[27.8514, 40.0128] [39.9269, 59.8994]
[29.3621, 40.7689] [39.7336, 59.6527]

116
[27.67700005 29.02336672 30.36973339 31.71610006 33.06246673 34.4088334
 35.75520007 37.10156674 38.44793341 39.79430008]	[40.70289993 47.03853353 53.37416712 59.70980072]	
[27.677, 40.7029] [39.7943, 59.7098]
[28.9616, 40.8701] [39.6428, None]

117
[28.1739006  29.45478948 30.73567835 32.01656723 33.29745611 34.57834498
 35.85923386 37.14012273 38.42101161 39.70190048]	[40.49349976 46.82356644 53.15363312 59.4836998 ]	
[28.1739, 40.4935] [39.7019, 59.4837]
[31.485, 40.4965] [39.5113, 59.4248]

118
[26.65780067 28.11407852 29.57035637 31.02663422 32.48291206 33.93918991
 35.39546776 36.85174561 38.30802345 39.7643013 ]	[40.05479813 46.68946584 53.32413356 59.95880127]	
[26.6578, 40.0548] [39.7643, 59.9588]
[30.9383, 40.4311] [39.4678, 58.9308]

119
[25.86020088 27.42437871 28.98855654 30.55273438 32.11691221 33.68109004
 35.24526787 36.8094457  38.37362353 39.93780136]	[41.6996994  47.65169907 53.60369873 59.55569839]	
[25.8602, 41.6997] [39.9378, 59.5557]
[31.0431, 46.7624] [39.9107, 57.8303]

120
[26.86590004 28.32517793 29.78445583 31.24373372 32.70301162 34.16228951
 35.62156741 37.0808453  38.5401232  39.99940109]	[43.33169937 48.84853236 54.36536535 59.88219833]	
[26.8659, 43.3317] [39.9994, 59.8822]
[31.0374, 46.0493] [39.8673, None]

121
[27.27510071 28.67732281 30.07954492 31.48176702 32.88398912 34.28621123
 35.68843333 37.09065543 38.49287754 39.89509964]	[40.56840134 46.92060089 53.27280045 59.625     ]	
[27.2751, 40.5684] [39.8951, 59.625]
[31.1427, 44.8665] [39.8527, 58.8]

122
[26.08930016 27.62755585 29.16581154 30.70406723 32.24232292 33.78057861
 35.3188343  36.85709    38.39534569 39.93360138]	[42.13610077 47.80516688 53.47423299 59.1432991 ]	
[26.0893, 42.1361] [39.9336, 59.1433]
[30.2513, 44.2349] [None, None]

123
[26.85980034 28.27548938 29.69117843 31.10686747 32.52255652 33.93824556
 35.35393461 36.76962365 38.18531269 39.60100174]	[40.10369873 46.72543208 53.34716543 59.96889877]	
[26.8598, 40.1037] [39.601, 59.9689]
[29.7207, 47.0958] [39.4197, 58.9828]

124
[27.22310066 28.63000064 30.03690063 31.44380061 32.85070059 34.25760057
 35.66450055 37.07140054 38.47830052 39.8852005 ]	[42.33409882 47.78803253 53.24196625 58.69589996]	
[27.2231, 42.3341] [39.8852, 58.6959]
[29.1753, 46.8863] [39.74, 55.3311]

125
[26.78210068 28.24581189 29.7095231  31.1732343  32.63694551 34.10065672
 35.56436793 37.02807914 38.49179035 39.95550156]	[40.05770111 46.56140137 53.06510162 59.56880188]	
[26.7821, 40.0577] [39.9555, 59.5688]
[29.6321, 40.7953] [39.8741, None]

126
[26.62999916 28.08013238 29.5302656  30.98039881 32.43053203 33.88066525
 35.33079847 36.78093168 38.2310649  39.68119812]	[40.16289902 46.67923228 53.19556554 59.7118988 ]	
[26.63, 40.1629] [39.6812, 59.7119]
[30.6812, 46.6536] [39.0617, 55.8697]

127
[26.63750076 28.12202284 29.60654492 31.091067   32.57558907 34.06011115
 35.54463323 37.02915531 38.51367739 39.99819946]	[40.12979889 46.58649953 53.04320017 59.49990082]	
[26.6375, 40.1298] [39.9982, 59.4999]
[30.0692, 46.4371] [39.7248, 59.1089]

128
[25.73609924 27.30593279 28.87576633 30.44559987 32.01543342 33.58526696
 35.1551005  36.72493405 38.29476759 39.86460114]	[40.10620117 46.67373403 53.24126689 59.80879974]	
[25.7361, 40.1062] [39.8646, 59.8088]
[31.6263, 47.8848] [39.1946, None]

129
[26.13929939 27.67684386 29.21438832 30.75193278 32.28947724 33.8270217
 35.36456617 36.90211063 38.43965509 39.97719955]	[40.26689911 46.78823217 53.30956523 59.83089828]	
[26.1393, 40.2669] [39.9772, 59.8309]
[31.2458, 45.741] [39.8776, 57.7783]

130
[25.89800072 27.45364507 29.00928942 30.56493378 32.12057813 33.67622248
 35.23186684 36.78751119 38.34315554 39.8987999 ]	[42.27529907 48.05853271 53.84176636 59.625     ]	
[25.898, 42.2753] [39.8988, 59.625]
[30.061, 44.2057] [None, 57.7334]

131
[27.22789955 28.63963275 30.05136596 31.46309916 32.87483237 34.28656557
 35.69829877 37.11003198 38.52176518 39.93349838]	[41.88529968 47.72736613 53.56943258 59.41149902]	
[27.2279, 41.8853] [39.9335, 59.4115]
[30.4665, 44.7346] [39.3097, 58.4315]

132
[23.63199997 25.42744446 27.22288895 29.01833344 30.81377792 32.60922241
 34.4046669  36.20011139 37.99555588 39.79100037]	[43.50130081 48.96683375 54.43236669 59.89789963]	
[23.632, 43.5013] [39.791, 59.8979]
[28.8237, 44.807] [39.4627, 59.4756]

133
[25.5223999  27.10624441 28.69008891 30.27393341 31.85777791 33.44162242
 35.02546692 36.60931142 38.19315592 39.77700043]	[43.32939911 48.33436584 53.33933258 58.34429932]	
[25.5224, 43.3294] [39.777, 58.3443]
[30.4961, 45.2998] [None, 58.0294]

134
[22.9314003  24.79476674 26.65813319 28.52149963 30.38486608 32.24823252
 34.11159897 35.97496541 37.83833186 39.7016983 ]	[42.67290115 48.22220103 53.77150091 59.32080078]	
[22.9314, 42.6729] [39.7017, 59.3208]
[29.6, 44.9477] [39.253, 57.7851]

135
[25.03949928 26.69753265 28.35556602 30.0135994  31.67163277 33.32966614
 34.98769951 36.64573288 38.30376625 39.96179962]	[42.42259979 48.15403366 53.88546753 59.6169014 ]	
[25.0395, 42.4226] [39.9618, 59.6169]
[29.9992, 42.9465] [None, 59.0357]

136
[24.91760063 26.57793384 28.23826705 29.89860026 31.55893347 33.21926668
 34.87959989 36.5399331  38.20026631 39.86059952]	[40.9095993  47.25019964 53.59079997 59.9314003 ]	
[24.9176, 40.9096] [39.8606, 59.9314]
[30.1606, 44.0956] [None, 59.4931]

137
[25.94440079 27.48352305 29.02264531 30.56176758 32.10088984 33.64001211
 35.17913437 36.71825663 38.2573789  39.79650116]	[42.37400055 48.1206665  53.86733246 59.61399841]	
[25.9444, 42.374] [39.7965, 59.614]
[29.9189, 44.2389] [39.3722, 55.2048]

138
[26.41830063 27.90616735 29.39403407 30.88190079 32.36976751 33.85763423
 35.34550095 36.83336767 38.32123439 39.8091011 ]	[43.19860077 48.32560094 53.45260111 58.57960129]	
[26.4183, 43.1986] [39.8091, 58.5796]
[28.4316, 43.4738] [39.0067, 55.2299]

139
[22.74620056 24.62882275 26.51144494 28.39406713 30.27668932 32.15931151
 34.0419337  35.92455588 37.80717807 39.68980026]	[40.68569946 46.95156606 53.21743266 59.48329926]	
[22.7462, 40.6857] [39.6898, 59.4833]
[30.2111, 42.9183] [39.6026, 59.277]

140
[24.99250031 26.63650046 28.28050062 29.92450078 31.56850094 33.2125011
 34.85650126 36.50050142 38.14450158 39.78850174]	[41.6086998  47.70240021 53.79610062 59.88980103]	
[24.9925, 41.6087] [39.7885, 59.8898]
[29.9188, 43.7995] [None, 59.6429]

141
[22.45759964 24.40471098 26.35182232 28.29893366 30.24604501 32.19315635
 34.14026769 36.08737903 38.03449037 39.98160172]	[42.42689896 48.1407992  53.85469945 59.5685997 ]	
[22.4576, 42.4269] [39.9816, 59.5686]
[29.7127, 44.7546] [39.8903, 59.1657]

142
[23.54030037 25.36104457 27.18178876 29.00253296 30.82327716 32.64402135
 34.46476555 36.28550975 38.10625394 39.92699814]	[41.00749969 47.09859975 53.18969981 59.28079987]	
[23.5403, 41.0075] [39.927, 59.2808]
[29.3203, 44.2352] [39.8259, 59.2793]

143
[23.86330032 25.63354492 27.40378952 29.17403412 30.94427872 32.71452332
 34.48476791 36.25501251 38.02525711 39.79550171]	[41.79560089 47.79516729 53.79473368 59.79430008]	
[23.8633, 41.7956] [39.7955, 59.7943]
[30.0456, 44.0248] [None, None]

144
[22.11219978 24.07823308 26.04426638 28.01029968 29.97633298 31.94236628
 33.90839958 35.87443288 37.84046618 39.80649948]	[42.44490051 48.27726746 54.1096344  59.94200134]	
[22.1122, 42.4449] [39.8065, 59.942]
[30.74, 43.0495] [39.3655, None]

145
[21.69260025 23.66850026 25.64440028 27.62030029 29.59620031 31.57210032
 33.54800034 35.52390035 37.49980036 39.47570038]	[43.19779968 48.64416631 54.09053294 59.53689957]	
[21.6926, 43.1978] [39.4757, 59.5369]
[29.2241, 45.5325] [None, 58.0259]

146
[21.23620033 23.31827799 25.40035566 27.48243332 29.56451098 31.64658864
 33.72866631 35.81074397 37.89282163 39.97489929]	[43.04850006 48.50019964 53.95189921 59.40359879]	
[21.2362, 43.0485] [39.9749, 59.4036]
[29.695, 46.3764] [39.4071, 59.3779]

147
[20.4545002  22.60606681 24.75763342 26.90920003 29.06076664 31.21233326
 33.36389987 35.51546648 37.66703309 39.8185997 ]	[41.06729889 47.19909922 53.33089956 59.46269989]	
[20.4545, 41.0673] [39.8186, 59.4627]
[31.0815, 45.2905] [38.3662, 57.0462]

148
[20.95610046 23.02506722 25.09403398 27.16300074 29.2319675  31.30093426
 33.36990102 35.43886778 37.50783454 39.5768013 ]	[42.39220047 48.24463399 54.09706752 59.94950104]	
[20.9561, 42.3922] [39.5768, 59.9495]
[29.0481, 47.1747] [None, None]

149
[22.30780029 24.23088921 26.15397814 28.07706706 30.00015598 31.9232449
 33.84633382 35.76942274 37.69251166 39.61560059]	[40.81330109 46.99770101 53.18210093 59.36650085]	
[22.3078, 40.8133] [39.6156, 59.3665]
[29.9005, 43.6226] [None, 54.5686]

150
[20.02289963 22.24006653 24.45723343 26.67440033 28.89156723 31.10873413
 33.32590103 35.54306793 37.76023483 39.97740173]	[40.86130142 47.15613429 53.45096715 59.74580002]	
[20.0229, 40.8613] [39.9774, 59.7458]
[28.4261, 43.6074] [39.9755, 59.4018]

151
[22.64419937 24.54636595 26.44853253 28.35069911 30.25286569 32.15503226
 34.05719884 35.95936542 37.861532   39.76369858]	[42.44639969 47.81626638 53.18613307 58.55599976]	
[22.6442, 42.4464] [39.7637, 58.556]
[31.1015, 44.3952] [39.6559, 55.7024]

152
[22.66830063 24.56813388 26.46796714 28.36780039 30.26763365 32.16746691
 34.06730016 35.96713342 37.86696667 39.76679993]	[42.51039886 48.1910998  53.87180074 59.55250168]	
[22.6683, 42.5104] [39.7668, 59.5525]
[29.5725, 43.8922] [39.691, 58.6921]

153
[21.02190018 23.0491333  25.07636642 27.10359955 29.13083267 31.1580658
 33.18529892 35.21253204 37.23976517 39.26699829]	[41.52170181 47.65580114 53.78990046 59.92399979]	
[21.0219, 41.5217] [39.267, 59.924]
[28.5013, 42.7426] [39.1889, 59.3798]

154
[22.65570068 24.57413398 26.49256727 28.41100057 30.32943387 32.24786716
 34.16630046 36.08473375 38.00316705 39.92160034]	[40.74029922 46.6829656  52.62563197 58.56829834]	
[22.6557, 40.7403] [39.9216, 58.5683]
[29.9025, 48.4466] [None, 54.7052]

155
[22.68959999 24.59728877 26.50497754 28.41266632 30.3203551  32.22804387
 34.13573265 36.04342143 37.9511102  39.85879898]	[42.97180176 48.52376811 54.07573446 59.62770081]	
[22.6896, 42.9718] [39.8588, 59.6277]
[29.6182, 46.0191] [None, 59.3807]

156
[23.10549927 24.98262151 26.85974375 28.736866   30.61398824 32.49111048
 34.36823273 36.24535497 38.12247721 39.99959946]	[40.93529892 47.05489985 53.17450078 59.29410172]	
[23.1055, 40.9353] [39.9996, 59.2941]
[29.985, 48.5634] [39.8791, 58.1857]

157
[22.2064991  24.17765469 26.14881028 28.11996587 30.09112146 32.06227705
 34.03343264 36.00458823 37.97574382 39.94689941]	[40.87490082 46.964667   53.05443319 59.14419937]	
[22.2065, 40.8749] [39.9469, 59.1442]
[30.2222, 45.7709] [None, 55.8607]

158
[21.75469971 23.78049978 25.80629985 27.83209991 29.85789998 31.88370005
 33.90950012 35.93530019 37.96110026 39.98690033]	[40.2358017  46.18893433 52.14206696 58.09519958]	
[21.7547, 40.2358] [39.9869, 58.0952]
[29.9054, 42.5677] [39.7233, 53.9153]

159
[21.47540092 23.51921209 25.56302325 27.60683441 29.65064557 31.69445674
 33.7382679  35.78207906 37.82589022 39.86970139]	[42.95360184 48.10900116 53.26440048 58.4197998 ]	
[21.4754, 42.9536] [39.8697, 58.4198]
[29.9717, 43.1735] [39.2811, 57.4968]

160
[21.08440018 23.17852232 25.27264447 27.36676661 29.46088876 31.5550109
 33.64913305 35.74325519 37.83737734 39.93149948]	[40.42839813 46.42849859 52.42859904 58.42869949]	
[21.0844, 40.4284] [39.9315, 58.4287]
[29.1568, 43.7495] [39.3986, 58.0731]

161
[21.37409973 23.36853324 25.36296675 27.35740026 29.35183377 31.34626728
 33.34070079 35.33513429 37.3295678  39.32400131]	[42.82799911 48.14926656 53.47053401 58.79180145]	
[21.3741, 42.828] [39.324, 58.7918]
[29.2713, 43.9104] [39.0832, 58.2813]

162
[22.11899948 24.07344394 26.0278884  27.98233287 29.93677733 31.89122179
 33.84566625 35.80011071 37.75455517 39.70899963]	[42.17599869 47.8650322  53.5540657  59.24309921]	
[22.119, 42.176] [39.709, 59.2431]
[28.8888, 43.821] [39.5049, 59.2142]

163
[21.69330025 23.69117779 25.68905534 27.68693288 29.68481043 31.68268797
 33.68056552 35.67844306 37.67632061 39.67419815]	[41.14360046 47.18696721 53.23033396 59.27370071]	
[21.6933, 41.1436] [39.6742, 59.2737]
[29.2733, 42.7934] [None, 57.9348]

164
[21.8696003  23.87103356 25.87246683 27.8739001  29.87533336 31.87676663
 33.8781999  35.87963316 37.88106643 39.88249969]	[42.09809875 47.63896561 53.17983246 58.72069931]	
[21.8696, 42.0981] [39.8825, 58.7207]
[29.2841, 43.4391] [39.013, 57.8495]

165
[21.39920044 23.44094467 25.4826889  27.52443314 29.56617737 31.6079216
 33.64966583 35.69141006 37.7331543  39.77489853]	[40.46749878 46.7057991  52.94409943 59.18239975]	
[21.3992, 40.4675] [39.7749, 59.1824]
[28.8007, 44.5909] [39.7092, 58.7763]

166
[21.81139946 23.83073298 25.8500665  27.86940002 29.88873355 31.90806707
 33.92740059 35.94673411 37.96606763 39.98540115]	[41.05379868 47.14643224 53.23906581 59.33169937]	
[21.8114, 41.0538] [39.9854, 59.3317]
[29.0131, 45.8621] [39.9159, 58.3447]

167
[22.92889977 24.78802194 26.64714411 28.50626628 30.36538845 32.22451062
 34.08363279 35.94275496 37.80187713 39.6609993 ]	[41.22930145 46.65463384 52.07996623 57.50529861]	
[22.9289, 41.2293] [39.661, 57.5053]
[26.9087, 45.4637] [39.5249, 51.7664]

168
[23.5632     25.31322225 27.0632445  28.81326675 30.56328901 32.31331126
 34.06333351 35.81335576 37.56337802 39.31340027]	[41.56169891 47.27183278 52.98196665 58.69210052]	
[23.5632, 41.5617] [39.3134, 58.6921]
[29.5624, 45.6068] [38.7669, 57.0119]

169
[22.7010994  24.59075504 26.48041068 28.37006632 30.25972197 32.14937761
 34.03903325 35.9286889  37.81834454 39.70800018]	[41.03089905 46.84186554 52.65283203 58.46379852]	
[22.7011, 41.0309] [39.708, 58.4638]
[30.9765, 43.3224] [None, 56.2741]

170
[22.53210068 24.46854485 26.40498903 28.34143321 30.27787738 32.21432156
 34.15076574 36.08720991 38.02365409 39.96009827]	[42.75249863 48.49359894 54.23469925 59.97579956]	
[22.5321, 42.7525] [39.9601, 59.9758]
[30.3387, 45.1791] [None, None]

171
[21.85770035 23.86621136 25.87472237 27.88323339 29.8917444  31.90025542
 33.90876643 35.91727744 37.92578846 39.93429947]	[41.85020065 47.47253418 53.09486771 58.71720123]	
[21.8577, 41.8502] [39.9343, 58.7172]
[31.175, 44.9029] [37.1769, 55.8891]

172
[21.92130089 23.90641191 25.89152294 27.87663396 29.86174499 31.84685601
 33.83196704 35.81707806 37.80218909 39.78730011]	[41.65399933 47.68813324 53.72226715 59.75640106]	
[21.9213, 41.654] [39.7873, 59.7564]
[29.8739, 42.1078] [None, 58.9679]

173
[21.85510063 23.86020067 25.86530071 27.87040075 29.87550078 31.88060082
 33.88570086 35.8908009  37.89590094 39.90100098]	[40.74710083 47.04490026 53.34269969 59.64049911]	
[21.8551, 40.7471] [39.901, 59.6405]
[29.4234, 43.5996] [39.3544, 57.469]

174
[20.40589905 22.58149931 24.75709958 26.93269984 29.1083001  31.28390037
 33.45950063 35.63510089 37.81070116 39.98630142]	[40.87379837 47.0341657  53.19453303 59.35490036]	
[20.4059, 40.8738] [39.9863, 59.3549]
[30.2077, 42.5272] [39.9255, 53.5942]

175
[19.27280045 21.56320021 23.85359997 26.14399974 28.4343995  30.72479926
 33.01519903 35.30559879 37.59599855 39.88639832]	[40.60279846 46.46246592 52.32213338 58.18180084]	
[19.2728, 40.6028] [39.8864, 58.1818]
[28.1438, 42.6652] [39.2155, 56.9325]

176
[18.82029915 21.04991023 23.27952131 25.50913239 27.73874346 29.96835454
 32.19796562 34.4275767  36.65718778 38.88679886]	[40.51929855 46.96783193 53.41636531 59.86489868]	
[18.8203, 40.5193] [38.8868, 59.8649]
[28.9329, 43.9] [37.4104, 55.0032]

