System is being built only off of the system driver
Maximum wallclock time: 3 days, 0:00:00

Wed Aug 10 20:53:28 2022
Iteration 179 (300 requested)
0 segments remain in iteration 179 (115 total)
21 of 24 (87.500000%) active bins are populated
per-bin minimum non-zero probability:       4.9617e-45
per-bin maximum probability:                0.259882
per-bin probability dynamic range (kT):     100.667
per-segment minimum non-zero probability:   9.9234e-46
per-segment maximum non-zero probability:   0.0698999
per-segment probability dynamic range (kT): 100.963
norm = 1, error in norm = -1.11022e-16 (-0.5*epsilon)
Iteration wallclock: 0:32:44.380572, cputime: 3:13:18.649560


Wed Aug 10 20:55:08 2022
Iteration 180 (300 requested)
Beginning iteration 180
120 segments remain in iteration 180 (120 total)
22 of 24 (91.666667%) active bins are populated
per-bin minimum non-zero probability:       8.39584e-45
per-bin maximum probability:                0.26692
per-bin probability dynamic range (kT):     100.168
per-segment minimum non-zero probability:   9.9234e-46
per-segment maximum non-zero probability:   0.0780671
per-segment probability dynamic range (kT): 101.074
norm = 1, error in norm = 0 (0*epsilon)
Iteration wallclock: 0:33:03.225887, cputime: 3:14:41.925152


Wed Aug 10 21:28:11 2022
Iteration 181 (300 requested)
Beginning iteration 181
115 segments remain in iteration 181 (115 total)
21 of 24 (87.500000%) active bins are populated
per-bin minimum non-zero probability:       3.20562e-45
per-bin maximum probability:                0.27024
per-bin probability dynamic range (kT):     101.143
per-segment minimum non-zero probability:   6.41124e-46
per-segment maximum non-zero probability:   0.0698999
per-segment probability dynamic range (kT): 101.4
norm = 1, error in norm = 0 (0*epsilon)
Iteration wallclock: 0:31:41.050742, cputime: 3:06:36.881400


Wed Aug 10 21:59:52 2022
Iteration 182 (300 requested)
Beginning iteration 182
120 segments remain in iteration 182 (120 total)
22 of 24 (91.666667%) active bins are populated
per-bin minimum non-zero probability:       6.41124e-46
per-bin maximum probability:                0.390771
per-bin probability dynamic range (kT):     103.121
per-segment minimum non-zero probability:   1.28225e-46
per-segment maximum non-zero probability:   0.096969
per-segment probability dynamic range (kT): 103.337
norm = 1, error in norm = 2.22045e-16 (1*epsilon)
Iteration wallclock: 0:33:07.795099, cputime: 3:14:32.761651


Wed Aug 10 22:33:00 2022
Iteration 183 (300 requested)
Beginning iteration 183
115 segments remain in iteration 183 (115 total)
21 of 24 (87.500000%) active bins are populated
per-bin minimum non-zero probability:       1.28225e-46
per-bin maximum probability:                0.360333
per-bin probability dynamic range (kT):     104.65
per-segment minimum non-zero probability:   2.56449e-47
per-segment maximum non-zero probability:   0.0877282
per-segment probability dynamic range (kT): 104.846
norm = 1, error in norm = 0 (0*epsilon)
Iteration wallclock: 0:31:18.335478, cputime: 3:06:40.224296


Wed Aug 10 23:04:18 2022
Iteration 184 (300 requested)
Beginning iteration 184
115 segments remain in iteration 184 (115 total)
21 of 24 (87.500000%) active bins are populated
per-bin minimum non-zero probability:       3.73467e-45
per-bin maximum probability:                0.283846
per-bin probability dynamic range (kT):     101.039
per-segment minimum non-zero probability:   7.46933e-46
per-segment maximum non-zero probability:   0.083311
per-segment probability dynamic range (kT): 101.423
norm = 1, error in norm = 0 (0*epsilon)
Iteration wallclock: 0:31:21.112247, cputime: 3:06:21.011091


Wed Aug 10 23:35:40 2022
Iteration 185 (300 requested)
Beginning iteration 185
120 segments remain in iteration 185 (120 total)
22 of 24 (91.666667%) active bins are populated
per-bin minimum non-zero probability:       3.85634e-45
per-bin maximum probability:                0.294676
per-bin probability dynamic range (kT):     101.045
per-segment minimum non-zero probability:   7.46933e-46
per-segment maximum non-zero probability:   0.0698999
per-segment probability dynamic range (kT): 101.247
norm = 1, error in norm = 0 (0*epsilon)
Iteration wallclock: 0:32:57.061945, cputime: 3:14:36.245782


Thu Aug 11 00:08:37 2022
Iteration 186 (300 requested)
Beginning iteration 186
120 segments remain in iteration 186 (120 total)
22 of 24 (91.666667%) active bins are populated
per-bin minimum non-zero probability:       3.73467e-45
per-bin maximum probability:                0.25493
per-bin probability dynamic range (kT):     100.932
per-segment minimum non-zero probability:   7.46933e-46
per-segment maximum non-zero probability:   0.0698999
per-segment probability dynamic range (kT): 101.247
norm = 1, error in norm = 2.22045e-16 (1*epsilon)
Iteration wallclock: 0:33:07.823830, cputime: 3:14:31.691814


Thu Aug 11 00:41:44 2022
Iteration 187 (300 requested)
Beginning iteration 187
120 segments remain in iteration 187 (120 total)
22 of 24 (91.666667%) active bins are populated
per-bin minimum non-zero probability:       7.46933e-46
per-bin maximum probability:                0.177454
per-bin probability dynamic range (kT):     102.179
per-segment minimum non-zero probability:   1.49387e-46
per-segment maximum non-zero probability:   0.0553741
per-segment probability dynamic range (kT): 102.624
norm = 1, error in norm = 2.22045e-16 (1*epsilon)
Iteration wallclock: 0:32:54.598658, cputime: 3:14:46.062548


Thu Aug 11 01:14:39 2022
Iteration 188 (300 requested)
Beginning iteration 188
120 segments remain in iteration 188 (120 total)
22 of 24 (91.666667%) active bins are populated
per-bin minimum non-zero probability:       7.46933e-46
per-bin maximum probability:                0.233608
per-bin probability dynamic range (kT):     102.454
per-segment minimum non-zero probability:   1.49387e-46
per-segment maximum non-zero probability:   0.0608809
per-segment probability dynamic range (kT): 102.719
norm = 1, error in norm = 2.22045e-16 (1*epsilon)
Iteration wallclock: 0:33:04.992339, cputime: 3:14:33.301535


Thu Aug 11 01:47:44 2022
Iteration 189 (300 requested)
Beginning iteration 189
120 segments remain in iteration 189 (120 total)
22 of 24 (91.666667%) active bins are populated
per-bin minimum non-zero probability:       1.37763e-45
per-bin maximum probability:                0.293996
per-bin probability dynamic range (kT):     102.072
per-segment minimum non-zero probability:   2.75526e-46
per-segment maximum non-zero probability:   0.073146
per-segment probability dynamic range (kT): 102.29
norm = 1, error in norm = 0 (0*epsilon)
Iteration wallclock: 0:33:06.690617, cputime: 3:14:27.269138


Thu Aug 11 02:20:51 2022
Iteration 190 (300 requested)
Beginning iteration 190
115 segments remain in iteration 190 (115 total)
21 of 24 (87.500000%) active bins are populated
per-bin minimum non-zero probability:       5.61552e-46
per-bin maximum probability:                0.389937
per-bin probability dynamic range (kT):     103.252
per-segment minimum non-zero probability:   1.1231e-46
per-segment maximum non-zero probability:   0.109551
per-segment probability dynamic range (kT): 103.591
norm = 1, error in norm = 0 (0*epsilon)
Iteration wallclock: 0:31:29.479365, cputime: 3:06:40.707830


Thu Aug 11 02:52:20 2022
Iteration 191 (300 requested)
Beginning iteration 191
115 segments remain in iteration 191 (115 total)
21 of 24 (87.500000%) active bins are populated
per-bin minimum non-zero probability:       6.35751e-46
per-bin maximum probability:                0.325714
per-bin probability dynamic range (kT):     102.948
per-segment minimum non-zero probability:   1.2715e-46
per-segment maximum non-zero probability:   0.0878666
per-segment probability dynamic range (kT): 103.247
norm = 1, error in norm = -1.11022e-16 (-0.5*epsilon)
Iteration wallclock: 0:31:21.374958, cputime: 3:07:03.763524


Thu Aug 11 03:23:42 2022
Iteration 192 (300 requested)
Beginning iteration 192
120 segments remain in iteration 192 (120 total)
22 of 24 (91.666667%) active bins are populated
per-bin minimum non-zero probability:       1.2715e-46
per-bin maximum probability:                0.372768
per-bin probability dynamic range (kT):     104.692
per-segment minimum non-zero probability:   2.54301e-47
per-segment maximum non-zero probability:   0.0957456
per-segment probability dynamic range (kT): 104.942
norm = 1, error in norm = 0 (0*epsilon)
Iteration wallclock: 0:32:58.024400, cputime: 3:14:49.463006


Thu Aug 11 03:56:40 2022
Iteration 193 (300 requested)
Beginning iteration 193
120 segments remain in iteration 193 (120 total)
22 of 24 (91.666667%) active bins are populated
per-bin minimum non-zero probability:       2.54301e-47
per-bin maximum probability:                0.307531
per-bin probability dynamic range (kT):     106.109
per-segment minimum non-zero probability:   5.08601e-48
per-segment maximum non-zero probability:   0.0878666
per-segment probability dynamic range (kT): 106.466
norm = 1, error in norm = 0 (0*epsilon)
Iteration wallclock: 0:33:06.958729, cputime: 3:14:48.860287


Thu Aug 11 04:29:47 2022
Iteration 194 (300 requested)
Beginning iteration 194
110 segments remain in iteration 194 (110 total)
20 of 24 (83.333333%) active bins are populated
per-bin minimum non-zero probability:       8.47668e-48
per-bin maximum probability:                0.29833
per-bin probability dynamic range (kT):     107.177
per-segment minimum non-zero probability:   1.69534e-48
per-segment maximum non-zero probability:   0.0878666
per-segment probability dynamic range (kT): 107.564
norm = 1, error in norm = -1.11022e-16 (-0.5*epsilon)
Iteration wallclock: 0:29:45.854606, cputime: 2:58:38.978504


Thu Aug 11 04:59:32 2022
Iteration 195 (300 requested)
Beginning iteration 195
120 segments remain in iteration 195 (120 total)
22 of 24 (91.666667%) active bins are populated
per-bin minimum non-zero probability:       1.69534e-48
per-bin maximum probability:                0.373102
per-bin probability dynamic range (kT):     109.01
per-segment minimum non-zero probability:   3.39067e-49
per-segment maximum non-zero probability:   0.0910112
per-segment probability dynamic range (kT): 109.209
norm = 1, error in norm = 0 (0*epsilon)
Iteration wallclock: 0:33:12.094002, cputime: 3:14:42.870292


Thu Aug 11 05:32:45 2022
Iteration 196 (300 requested)
Beginning iteration 196
120 segments remain in iteration 196 (120 total)
22 of 24 (91.666667%) active bins are populated
per-bin minimum non-zero probability:       3.39067e-49
per-bin maximum probability:                0.32477
per-bin probability dynamic range (kT):     110.481
per-segment minimum non-zero probability:   6.78135e-50
per-segment maximum non-zero probability:   0.0878666
per-segment probability dynamic range (kT): 110.783
norm = 1, error in norm = 0 (0*epsilon)
Iteration wallclock: 0:32:55.203889, cputime: 3:14:37.875260


Thu Aug 11 06:05:40 2022
Iteration 197 (300 requested)
Beginning iteration 197
120 segments remain in iteration 197 (120 total)
22 of 24 (91.666667%) active bins are populated
per-bin minimum non-zero probability:       2.11917e-47
per-bin maximum probability:                0.349339
per-bin probability dynamic range (kT):     106.419
per-segment minimum non-zero probability:   4.23834e-48
per-segment maximum non-zero probability:   0.0888603
per-segment probability dynamic range (kT): 106.659
norm = 1, error in norm = 0 (0*epsilon)
Iteration wallclock: 0:33:00.256739, cputime: 3:14:41.764419


Thu Aug 11 06:38:40 2022
Iteration 198 (300 requested)
Beginning iteration 198
120 segments remain in iteration 198 (120 total)
22 of 24 (91.666667%) active bins are populated
per-bin minimum non-zero probability:       5.71128e-47
per-bin maximum probability:                0.320096
per-bin probability dynamic range (kT):     105.34
per-segment minimum non-zero probability:   1.05749e-47
per-segment maximum non-zero probability:   0.0888603
per-segment probability dynamic range (kT): 105.745
norm = 1, error in norm = 0 (0*epsilon)
Iteration wallclock: 0:32:57.477289, cputime: 3:14:32.064256


Thu Aug 11 07:11:38 2022
Iteration 199 (300 requested)
Beginning iteration 199
120 segments remain in iteration 199 (120 total)
22 of 24 (91.666667%) active bins are populated
per-bin minimum non-zero probability:       7.47935e-47
per-bin maximum probability:                0.392392
per-bin probability dynamic range (kT):     105.274
per-segment minimum non-zero probability:   1.05749e-47
per-segment maximum non-zero probability:   0.0993796
per-segment probability dynamic range (kT): 105.857
norm = 1, error in norm = 0 (0*epsilon)
Iteration wallclock: 0:32:59.321891, cputime: 3:14:28.059957


Thu Aug 11 07:44:37 2022
Iteration 200 (300 requested)
Beginning iteration 200
120 segments remain in iteration 200 (120 total)
22 of 24 (91.666667%) active bins are populated
per-bin minimum non-zero probability:       1.82131e-47
per-bin maximum probability:                0.353081
per-bin probability dynamic range (kT):     106.581
per-segment minimum non-zero probability:   3.64262e-48
per-segment maximum non-zero probability:   0.0888603
per-segment probability dynamic range (kT): 106.811
norm = 1, error in norm = 0 (0*epsilon)
Iteration wallclock: 0:33:04.331210, cputime: 3:14:33.086594


Thu Aug 11 08:17:41 2022
Iteration 201 (300 requested)
Beginning iteration 201
120 segments remain in iteration 201 (120 total)
22 of 24 (91.666667%) active bins are populated
per-bin minimum non-zero probability:       1.21421e-47
per-bin maximum probability:                0.324177
per-bin probability dynamic range (kT):     106.901
per-segment minimum non-zero probability:   2.42841e-48
per-segment maximum non-zero probability:   0.0888603
per-segment probability dynamic range (kT): 107.216
norm = 1, error in norm = 0 (0*epsilon)
Iteration wallclock: 0:33:00.384791, cputime: 3:14:34.453876


Thu Aug 11 08:50:42 2022
Iteration 202 (300 requested)
Beginning iteration 202
120 segments remain in iteration 202 (120 total)
22 of 24 (91.666667%) active bins are populated
per-bin minimum non-zero probability:       2.42841e-48
per-bin maximum probability:                0.270377
per-bin probability dynamic range (kT):     108.329
per-segment minimum non-zero probability:   4.85682e-49
per-segment maximum non-zero probability:   0.0888603
per-segment probability dynamic range (kT): 108.826
norm = 1, error in norm = 0 (0*epsilon)
Iteration wallclock: 0:33:06.519728, cputime: 3:14:26.184686


Thu Aug 11 09:23:48 2022
Iteration 203 (300 requested)
Beginning iteration 203
120 segments remain in iteration 203 (120 total)
22 of 24 (91.666667%) active bins are populated
per-bin minimum non-zero probability:       4.85682e-49
per-bin maximum probability:                0.321045
per-bin probability dynamic range (kT):     110.11
per-segment minimum non-zero probability:   9.71364e-50
per-segment maximum non-zero probability:   0.0888603
per-segment probability dynamic range (kT): 110.435
norm = 1, error in norm = 2.22045e-16 (1*epsilon)
Iteration wallclock: 0:33:13.978556, cputime: 3:14:26.250154


Thu Aug 11 09:57:02 2022
Iteration 204 (300 requested)
Beginning iteration 204
115 segments remain in iteration 204 (115 total)
21 of 24 (87.500000%) active bins are populated
per-bin minimum non-zero probability:       1.7759e-49
per-bin maximum probability:                0.325443
per-bin probability dynamic range (kT):     111.13
per-segment minimum non-zero probability:   3.55179e-50
per-segment maximum non-zero probability:   0.0888603
per-segment probability dynamic range (kT): 111.441
norm = 1, error in norm = 0 (0*epsilon)
Iteration wallclock: 0:31:23.585345, cputime: 3:06:27.684415


Thu Aug 11 10:28:26 2022
Iteration 205 (300 requested)
Beginning iteration 205
115 segments remain in iteration 205 (115 total)
21 of 24 (87.500000%) active bins are populated
per-bin minimum non-zero probability:       8.87948e-50
per-bin maximum probability:                0.29586
per-bin probability dynamic range (kT):     111.728
per-segment minimum non-zero probability:   1.7759e-50
per-segment maximum non-zero probability:   0.0888603
per-segment probability dynamic range (kT): 112.134
norm = 1, error in norm = 2.22045e-16 (1*epsilon)
Iteration wallclock: 0:31:53.974728, cputime: 3:06:31.237439


Thu Aug 11 11:00:20 2022
Iteration 206 (300 requested)
Beginning iteration 206
120 segments remain in iteration 206 (120 total)
22 of 24 (91.666667%) active bins are populated
per-bin minimum non-zero probability:       1.7759e-50
per-bin maximum probability:                0.290794
per-bin probability dynamic range (kT):     113.32
per-segment minimum non-zero probability:   3.55179e-51
per-segment maximum non-zero probability:   0.077789
per-segment probability dynamic range (kT): 113.611
norm = 1, error in norm = 0 (0*epsilon)
Iteration wallclock: 0:32:53.060898, cputime: 3:14:18.212637


Thu Aug 11 11:33:13 2022
Iteration 207 (300 requested)
Beginning iteration 207
120 segments remain in iteration 207 (120 total)
22 of 24 (91.666667%) active bins are populated
per-bin minimum non-zero probability:       3.55179e-51
per-bin maximum probability:                0.258326
per-bin probability dynamic range (kT):     114.811
per-segment minimum non-zero probability:   7.10358e-52
per-segment maximum non-zero probability:   0.0625498
per-segment probability dynamic range (kT): 115.002
norm = 1, error in norm = 0 (0*epsilon)
Iteration wallclock: 0:32:56.054297, cputime: 3:14:27.219871


Thu Aug 11 12:06:09 2022
Iteration 208 (300 requested)
Beginning iteration 208
115 segments remain in iteration 208 (115 total)
21 of 24 (87.500000%) active bins are populated
per-bin minimum non-zero probability:       3.55179e-51
per-bin maximum probability:                0.413509
per-bin probability dynamic range (kT):     115.281
per-segment minimum non-zero probability:   7.10358e-52
per-segment maximum non-zero probability:   0.112694
per-segment probability dynamic range (kT): 115.591
norm = 1, error in norm = 2.22045e-16 (1*epsilon)
Iteration wallclock: 0:31:30.139998, cputime: 3:06:16.912020


Thu Aug 11 12:37:39 2022
Iteration 209 (300 requested)
Beginning iteration 209
120 segments remain in iteration 209 (120 total)
22 of 24 (91.666667%) active bins are populated
per-bin minimum non-zero probability:       7.10358e-52
per-bin maximum probability:                0.374939
per-bin probability dynamic range (kT):     116.793
per-segment minimum non-zero probability:   1.42072e-52
per-segment maximum non-zero probability:   0.112694
per-segment probability dynamic range (kT): 117.2
norm = 1, error in norm = 0 (0*epsilon)
Iteration wallclock: 0:33:23.011959, cputime: 3:14:15.968163


Thu Aug 11 13:11:02 2022
Iteration 210 (300 requested)
Beginning iteration 210
120 segments remain in iteration 210 (120 total)
22 of 24 (91.666667%) active bins are populated
per-bin minimum non-zero probability:       2.84143e-52
per-bin maximum probability:                0.319085
per-bin probability dynamic range (kT):     117.548
per-segment minimum non-zero probability:   4.73572e-53
per-segment maximum non-zero probability:   0.0945512
per-segment probability dynamic range (kT): 118.123
norm = 1, error in norm = 0 (0*epsilon)
Iteration wallclock: 0:33:01.128546, cputime: 3:14:07.544749


Thu Aug 11 13:44:03 2022
Iteration 211 (300 requested)
Beginning iteration 211
115 segments remain in iteration 211 (115 total)
21 of 24 (87.500000%) active bins are populated
per-bin minimum non-zero probability:       4.73572e-53
per-bin maximum probability:                0.284293
per-bin probability dynamic range (kT):     119.224
per-segment minimum non-zero probability:   9.47144e-54
per-segment maximum non-zero probability:   0.0759357
per-segment probability dynamic range (kT): 119.513
norm = 1, error in norm = 0 (0*epsilon)
Iteration wallclock: 0:31:16.118853, cputime: 3:06:09.592198


Thu Aug 11 14:15:19 2022
Iteration 212 (300 requested)
Beginning iteration 212
115 segments remain in iteration 212 (115 total)
21 of 24 (87.500000%) active bins are populated
per-bin minimum non-zero probability:       9.47144e-54
per-bin maximum probability:                0.336358
per-bin probability dynamic range (kT):     121.002
per-segment minimum non-zero probability:   1.89429e-54
per-segment maximum non-zero probability:   0.0977032
per-segment probability dynamic range (kT): 121.375
norm = 1, error in norm = 0 (0*epsilon)
Iteration wallclock: 0:31:25.383200, cputime: 3:06:16.766067


Thu Aug 11 14:46:45 2022
Iteration 213 (300 requested)
Beginning iteration 213
115 segments remain in iteration 213 (115 total)
21 of 24 (87.500000%) active bins are populated
per-bin minimum non-zero probability:       1.89429e-54
per-bin maximum probability:                0.349084
per-bin probability dynamic range (kT):     122.648
per-segment minimum non-zero probability:   3.78858e-55
per-segment maximum non-zero probability:   0.0977032
per-segment probability dynamic range (kT): 122.984
norm = 1, error in norm = 0 (0*epsilon)
Iteration wallclock: 0:31:17.703733, cputime: 3:06:09.143580


Thu Aug 11 15:18:02 2022
Iteration 214 (300 requested)
Beginning iteration 214
120 segments remain in iteration 214 (120 total)
22 of 24 (91.666667%) active bins are populated
per-bin minimum non-zero probability:       1.89429e-54
per-bin maximum probability:                0.325778
per-bin probability dynamic range (kT):     122.579
per-segment minimum non-zero probability:   3.78858e-55
per-segment maximum non-zero probability:   0.0759357
per-segment probability dynamic range (kT): 122.732
norm = 1, error in norm = 0 (0*epsilon)
Iteration wallclock: 0:32:56.150347, cputime: 3:14:14.375631


Thu Aug 11 15:50:58 2022
Iteration 215 (300 requested)
Beginning iteration 215
120 segments remain in iteration 215 (120 total)
22 of 24 (91.666667%) active bins are populated
per-bin minimum non-zero probability:       3.78858e-55
per-bin maximum probability:                0.241684
per-bin probability dynamic range (kT):     123.89
per-segment minimum non-zero probability:   7.57716e-56
per-segment maximum non-zero probability:   0.0651355
per-segment probability dynamic range (kT): 124.188
norm = 1, error in norm = 0 (0*epsilon)
Iteration wallclock: 0:32:57.933557, cputime: 3:14:16.670739


Thu Aug 11 16:23:56 2022
Iteration 216 (300 requested)
Beginning iteration 216
110 segments remain in iteration 216 (110 total)
21 of 24 (87.500000%) active bins are populated
per-bin minimum non-zero probability:       1.51543e-55
per-bin maximum probability:                0.28094
per-bin probability dynamic range (kT):     124.957
per-segment minimum non-zero probability:   2.52572e-56
per-segment maximum non-zero probability:   0.072309
per-segment probability dynamic range (kT): 125.391
norm = 1, error in norm = 0 (0*epsilon)
Iteration wallclock: 0:29:45.113281, cputime: 2:58:10.446785


Thu Aug 11 16:53:42 2022
Iteration 217 (300 requested)
Beginning iteration 217
120 segments remain in iteration 217 (120 total)
22 of 24 (91.666667%) active bins are populated
per-bin minimum non-zero probability:       2.38799e-50
per-bin maximum probability:                0.266466
per-bin probability dynamic range (kT):     112.936
per-segment minimum non-zero probability:   4.77598e-51
per-segment maximum non-zero probability:   0.072309
per-segment probability dynamic range (kT): 113.241
norm = 1, error in norm = 0 (0*epsilon)
Iteration wallclock: 0:33:14.266276, cputime: 3:14:14.071900


Thu Aug 11 17:26:56 2022
Iteration 218 (300 requested)
Beginning iteration 218
120 segments remain in iteration 218 (120 total)
22 of 24 (91.666667%) active bins are populated
per-bin minimum non-zero probability:       4.77598e-51
per-bin maximum probability:                0.193403
per-bin probability dynamic range (kT):     114.225
per-segment minimum non-zero probability:   9.55196e-52
per-segment maximum non-zero probability:   0.0563471
per-segment probability dynamic range (kT): 114.601
norm = 1, error in norm = 0 (0*epsilon)
Iteration wallclock: 0:33:26.123324, cputime: 3:14:19.359322


Thu Aug 11 18:00:22 2022
Iteration 219 (300 requested)
Beginning iteration 219
120 segments remain in iteration 219 (120 total)
22 of 24 (91.666667%) active bins are populated
per-bin minimum non-zero probability:       9.55196e-52
per-bin maximum probability:                0.210825
per-bin probability dynamic range (kT):     115.921
per-segment minimum non-zero probability:   1.91039e-52
per-segment maximum non-zero probability:   0.0550701
per-segment probability dynamic range (kT): 116.188
norm = 1, error in norm = 2.22045e-16 (1*epsilon)
Iteration wallclock: 0:33:14.270417, cputime: 3:14:22.871659


Thu Aug 11 18:33:36 2022
Iteration 220 (300 requested)
Beginning iteration 220
115 segments remain in iteration 220 (115 total)
21 of 24 (87.500000%) active bins are populated
per-bin minimum non-zero probability:       1.91039e-52
per-bin maximum probability:                0.261146
per-bin probability dynamic range (kT):     117.744
per-segment minimum non-zero probability:   3.82078e-53
per-segment maximum non-zero probability:   0.0654228
per-segment probability dynamic range (kT): 117.97
norm = 1, error in norm = 0 (0*epsilon)
Iteration wallclock: 0:31:47.237546, cputime: 3:06:18.861680


Thu Aug 11 19:05:23 2022
Iteration 221 (300 requested)
Beginning iteration 221
115 segments remain in iteration 221 (115 total)
21 of 24 (87.500000%) active bins are populated
per-bin minimum non-zero probability:       5.10756e-51
per-bin maximum probability:                0.305297
per-bin probability dynamic range (kT):     114.615
per-segment minimum non-zero probability:   1.02151e-51
per-segment maximum non-zero probability:   0.0809156
per-segment probability dynamic range (kT): 114.896
norm = 1, error in norm = 0 (0*epsilon)
Iteration wallclock: 0:31:46.137821, cputime: 3:06:23.554010


Thu Aug 11 19:37:10 2022
Iteration 222 (300 requested)
Beginning iteration 222
120 segments remain in iteration 222 (120 total)
22 of 24 (91.666667%) active bins are populated
per-bin minimum non-zero probability:       1.02151e-51
per-bin maximum probability:                0.275284
per-bin probability dynamic range (kT):     116.121
per-segment minimum non-zero probability:   2.04302e-52
per-segment maximum non-zero probability:   0.0809156
per-segment probability dynamic range (kT): 116.506
norm = 1, error in norm = 0 (0*epsilon)
Iteration wallclock: 0:33:23.222709, cputime: 3:14:22.732782


Thu Aug 11 20:10:33 2022
Iteration 223 (300 requested)
Beginning iteration 223
115 segments remain in iteration 223 (115 total)
21 of 24 (87.500000%) active bins are populated
per-bin minimum non-zero probability:       2.04302e-52
per-bin maximum probability:                0.330829
per-bin probability dynamic range (kT):     117.914
per-segment minimum non-zero probability:   4.08604e-53
per-segment maximum non-zero probability:   0.0931266
per-segment probability dynamic range (kT): 118.256
norm = 1, error in norm = 2.22045e-16 (1*epsilon)
Iteration wallclock: 0:31:35.703441, cputime: 3:06:17.086106


Thu Aug 11 20:42:09 2022
Iteration 224 (300 requested)
Beginning iteration 224
120 segments remain in iteration 224 (120 total)
22 of 24 (91.666667%) active bins are populated
per-bin minimum non-zero probability:       7.90683e-52
per-bin maximum probability:                0.229957
per-bin probability dynamic range (kT):     116.197
per-segment minimum non-zero probability:   1.58137e-52
per-segment maximum non-zero probability:   0.0665853
per-segment probability dynamic range (kT): 116.567
norm = 1, error in norm = 2.22045e-16 (1*epsilon)
Iteration wallclock: 0:33:15.723647, cputime: 3:14:23.957942


Thu Aug 11 21:15:24 2022
Iteration 225 (300 requested)
Beginning iteration 225
115 segments remain in iteration 225 (115 total)
21 of 24 (87.500000%) active bins are populated
per-bin minimum non-zero probability:       6.97752e-52
per-bin maximum probability:                0.282521
per-bin probability dynamic range (kT):     116.528
per-segment minimum non-zero probability:   1.3955e-52
per-segment maximum non-zero probability:   0.0654228
per-segment probability dynamic range (kT): 116.674
norm = 1, error in norm = 2.22045e-16 (1*epsilon)
Iteration wallclock: 0:31:26.959998, cputime: 3:06:20.846178


Thu Aug 11 21:46:51 2022
Iteration 226 (300 requested)
Beginning iteration 226
120 segments remain in iteration 226 (120 total)
22 of 24 (91.666667%) active bins are populated
per-bin minimum non-zero probability:       1.47374e-51
per-bin maximum probability:                0.217631
per-bin probability dynamic range (kT):     115.519
per-segment minimum non-zero probability:   2.94747e-52
per-segment maximum non-zero probability:   0.060839
per-segment probability dynamic range (kT): 115.854
norm = 1, error in norm = 0 (0*epsilon)
Iteration wallclock: 0:33:04.748324, cputime: 3:14:21.175221


Thu Aug 11 22:19:56 2022
Iteration 227 (300 requested)
Beginning iteration 227
115 segments remain in iteration 227 (115 total)
22 of 24 (91.666667%) active bins are populated
per-bin minimum non-zero probability:       2.94747e-52
per-bin maximum probability:                0.227314
per-bin probability dynamic range (kT):     117.172
per-segment minimum non-zero probability:   5.89495e-53
per-segment maximum non-zero probability:   0.060839
per-segment probability dynamic range (kT): 117.463
norm = 1, error in norm = -1.11022e-16 (-0.5*epsilon)
Iteration wallclock: 0:31:22.233125, cputime: 3:06:21.834994


Thu Aug 11 22:51:18 2022
Iteration 228 (300 requested)
Beginning iteration 228
120 segments remain in iteration 228 (120 total)
22 of 24 (91.666667%) active bins are populated
per-bin minimum non-zero probability:       7.90683e-52
per-bin maximum probability:                0.323149
per-bin probability dynamic range (kT):     116.537
per-segment minimum non-zero probability:   1.58137e-52
per-segment maximum non-zero probability:   0.0908414
per-segment probability dynamic range (kT): 116.877
norm = 1, error in norm = 0 (0*epsilon)
Iteration wallclock: 0:33:08.943827, cputime: 3:14:21.596638


Thu Aug 11 23:24:27 2022
Iteration 229 (300 requested)
Beginning iteration 229
120 segments remain in iteration 229 (120 total)
22 of 24 (91.666667%) active bins are populated
per-bin minimum non-zero probability:       1.58137e-52
per-bin maximum probability:                0.297622
per-bin probability dynamic range (kT):     118.064
per-segment minimum non-zero probability:   3.16273e-53
per-segment maximum non-zero probability:   0.0908414
per-segment probability dynamic range (kT): 118.487
norm = 1, error in norm = 0 (0*epsilon)
Iteration wallclock: 0:32:59.047737, cputime: 3:14:26.707744


Thu Aug 11 23:57:27 2022
Iteration 230 (300 requested)
Beginning iteration 230
120 segments remain in iteration 230 (120 total)
22 of 24 (91.666667%) active bins are populated
per-bin minimum non-zero probability:       3.16273e-53
per-bin maximum probability:                0.173219
per-bin probability dynamic range (kT):     119.132
per-segment minimum non-zero probability:   6.32546e-54
per-segment maximum non-zero probability:   0.060839
per-segment probability dynamic range (kT): 119.695
norm = 1, error in norm = 2.22045e-16 (1*epsilon)
Iteration wallclock: 0:33:00.099717, cputime: 3:14:27.411224


Fri Aug 12 00:30:27 2022
Iteration 231 (300 requested)
Beginning iteration 231
115 segments remain in iteration 231 (115 total)
21 of 24 (87.500000%) active bins are populated
per-bin minimum non-zero probability:       6.32546e-54
per-bin maximum probability:                0.206169
per-bin probability dynamic range (kT):     120.916
per-segment minimum non-zero probability:   1.26509e-54
per-segment maximum non-zero probability:   0.060839
per-segment probability dynamic range (kT): 121.305
norm = 1, error in norm = -1.11022e-16 (-0.5*epsilon)
Iteration wallclock: 0:31:21.810233, cputime: 3:06:14.962431


Fri Aug 12 01:01:48 2022
Iteration 232 (300 requested)
Beginning iteration 232
110 segments remain in iteration 232 (110 total)
20 of 24 (83.333333%) active bins are populated
per-bin minimum non-zero probability:       1.26509e-54
per-bin maximum probability:                0.22586
per-bin probability dynamic range (kT):     122.617
per-segment minimum non-zero probability:   2.53018e-55
per-segment maximum non-zero probability:   0.060839
per-segment probability dynamic range (kT): 122.914
norm = 1, error in norm = 0 (0*epsilon)
Iteration wallclock: 0:29:42.251408, cputime: 2:58:18.702466


Fri Aug 12 01:31:31 2022
Iteration 233 (300 requested)
Beginning iteration 233
120 segments remain in iteration 233 (120 total)
22 of 24 (91.666667%) active bins are populated
per-bin minimum non-zero probability:       2.53018e-55
per-bin maximum probability:                0.183452
per-bin probability dynamic range (kT):     124.018
per-segment minimum non-zero probability:   5.06037e-56
per-segment maximum non-zero probability:   0.0577677
per-segment probability dynamic range (kT): 124.472
norm = 1, error in norm = 0 (0*epsilon)
Iteration wallclock: 0:33:15.279849, cputime: 3:14:24.956682


Fri Aug 12 02:04:46 2022
Iteration 234 (300 requested)
Beginning iteration 234
110 segments remain in iteration 234 (110 total)
21 of 24 (87.500000%) active bins are populated
per-bin minimum non-zero probability:       5.06037e-56
per-bin maximum probability:                0.202591
per-bin probability dynamic range (kT):     125.727
per-segment minimum non-zero probability:   1.01207e-56
per-segment maximum non-zero probability:   0.0577677
per-segment probability dynamic range (kT): 126.081
norm = 1, error in norm = 0 (0*epsilon)
Iteration wallclock: 0:29:57.998494, cputime: 2:58:16.332142


Fri Aug 12 02:34:44 2022
Iteration 235 (300 requested)
Beginning iteration 235
120 segments remain in iteration 235 (120 total)
22 of 24 (91.666667%) active bins are populated
per-bin minimum non-zero probability:       1.68679e-56
per-bin maximum probability:                0.204207
per-bin probability dynamic range (kT):     126.833
per-segment minimum non-zero probability:   3.37358e-57
per-segment maximum non-zero probability:   0.0577677
per-segment probability dynamic range (kT): 127.18
norm = 1, error in norm = 0 (0*epsilon)
Iteration wallclock: 0:33:18.346681, cputime: 3:14:31.118339


Fri Aug 12 03:08:02 2022
Iteration 236 (300 requested)
Beginning iteration 236
110 segments remain in iteration 236 (110 total)
21 of 24 (87.500000%) active bins are populated
per-bin minimum non-zero probability:       3.37358e-57
per-bin maximum probability:                0.220297
per-bin probability dynamic range (kT):     128.519
per-segment minimum non-zero probability:   6.74716e-58
per-segment maximum non-zero probability:   0.0614925
per-segment probability dynamic range (kT): 128.852
norm = 1, error in norm = 0 (0*epsilon)
Iteration wallclock: 0:30:00.129907, cputime: 2:58:19.785275


Fri Aug 12 03:38:03 2022
Iteration 237 (300 requested)
Beginning iteration 237
115 segments remain in iteration 237 (115 total)
21 of 24 (87.500000%) active bins are populated
per-bin minimum non-zero probability:       6.74716e-58
per-bin maximum probability:                0.276826
per-bin probability dynamic range (kT):     130.356
per-segment minimum non-zero probability:   1.34943e-58
per-segment maximum non-zero probability:   0.0664099
per-segment probability dynamic range (kT): 130.538
norm = 1, error in norm = 0 (0*epsilon)
Iteration wallclock: 0:31:25.256238, cputime: 3:06:21.212613


Fri Aug 12 04:09:28 2022
Iteration 238 (300 requested)
Beginning iteration 238
105 segments remain in iteration 238 (105 total)
19 of 24 (79.166667%) active bins are populated
per-bin minimum non-zero probability:       2.69886e-58
per-bin maximum probability:                0.214865
per-bin probability dynamic range (kT):     131.019
per-segment minimum non-zero probability:   4.49811e-59
per-segment maximum non-zero probability:   0.0614925
per-segment probability dynamic range (kT): 131.56
norm = 1, error in norm = 2.22045e-16 (1*epsilon)
Iteration wallclock: 0:29:01.990488, cputime: 2:50:16.709060


Fri Aug 12 04:38:30 2022
Iteration 239 (300 requested)
Beginning iteration 239
115 segments remain in iteration 239 (115 total)
21 of 24 (87.500000%) active bins are populated
per-bin minimum non-zero probability:       8.99621e-59
per-bin maximum probability:                0.182589
per-bin probability dynamic range (kT):     131.955
per-segment minimum non-zero probability:   1.79924e-59
per-segment maximum non-zero probability:   0.0505456
per-segment probability dynamic range (kT): 132.28
norm = 1, error in norm = 0 (0*epsilon)
Iteration wallclock: 0:31:28.562497, cputime: 3:06:37.733750


Fri Aug 12 05:09:58 2022
Iteration 240 (300 requested)
Beginning iteration 240
115 segments remain in iteration 240 (115 total)
21 of 24 (87.500000%) active bins are populated
per-bin minimum non-zero probability:       9.66963e-53
per-bin maximum probability:                0.22181
per-bin probability dynamic range (kT):     118.262
per-segment minimum non-zero probability:   1.93393e-53
per-segment maximum non-zero probability:   0.059028
per-segment probability dynamic range (kT): 118.548
norm = 1, error in norm = 0 (0*epsilon)
Iteration wallclock: 0:31:18.529231, cputime: 3:06:39.711015


Fri Aug 12 05:41:17 2022
Iteration 241 (300 requested)
Beginning iteration 241
120 segments remain in iteration 241 (120 total)
22 of 24 (91.666667%) active bins are populated
per-bin minimum non-zero probability:       2.41741e-53
per-bin maximum probability:                0.199266
per-bin probability dynamic range (kT):     119.541
per-segment minimum non-zero probability:   4.83482e-54
per-segment maximum non-zero probability:   0.0526791
per-segment probability dynamic range (kT): 119.82
norm = 1, error in norm = 0 (0*epsilon)
Iteration wallclock: 0:32:57.206245, cputime: 3:14:25.417856


Fri Aug 12 06:14:14 2022
Iteration 242 (300 requested)
Beginning iteration 242
120 segments remain in iteration 242 (120 total)
22 of 24 (91.666667%) active bins are populated
per-bin minimum non-zero probability:       9.66963e-54
per-bin maximum probability:                0.22668
per-bin probability dynamic range (kT):     120.586
per-segment minimum non-zero probability:   1.61161e-54
per-segment maximum non-zero probability:   0.0590178
per-segment probability dynamic range (kT): 121.032
norm = 1, error in norm = 0 (0*epsilon)
Iteration wallclock: 0:32:59.083642, cputime: 3:14:34.422341


Fri Aug 12 06:47:13 2022
Iteration 243 (300 requested)
Beginning iteration 243
105 segments remain in iteration 243 (105 total)
20 of 24 (83.333333%) active bins are populated
per-bin minimum non-zero probability:       3.22321e-54
per-bin maximum probability:                0.282413
per-bin probability dynamic range (kT):     121.905
per-segment minimum non-zero probability:   6.44642e-55
per-segment maximum non-zero probability:   0.0783127
per-segment probability dynamic range (kT): 122.232
norm = 1, error in norm = 2.22045e-16 (1*epsilon)
Iteration wallclock: 0:28:51.935866, cputime: 2:50:10.446863


Fri Aug 12 07:16:05 2022
Iteration 244 (300 requested)
Beginning iteration 244
115 segments remain in iteration 244 (115 total)
21 of 24 (87.500000%) active bins are populated
per-bin minimum non-zero probability:       6.44642e-55
per-bin maximum probability:                0.338591
per-bin probability dynamic range (kT):     123.696
per-segment minimum non-zero probability:   1.28928e-55
per-segment maximum non-zero probability:   0.0907508
per-segment probability dynamic range (kT): 123.988
norm = 1, error in norm = 0 (0*epsilon)
Iteration wallclock: 0:31:16.925229, cputime: 3:06:31.506778


Fri Aug 12 07:47:22 2022
Iteration 245 (300 requested)
Beginning iteration 245
115 segments remain in iteration 245 (115 total)
22 of 24 (91.666667%) active bins are populated
per-bin minimum non-zero probability:       1.28928e-55
per-bin maximum probability:                0.290011
per-bin probability dynamic range (kT):     125.15
per-segment minimum non-zero probability:   2.57857e-56
per-segment maximum non-zero probability:   0.0786871
per-segment probability dynamic range (kT): 125.455
norm = 1, error in norm = 2.22045e-16 (1*epsilon)
Iteration wallclock: 0:31:19.581469, cputime: 3:06:25.710773


Fri Aug 12 08:18:42 2022
Iteration 246 (300 requested)
Beginning iteration 246
120 segments remain in iteration 246 (120 total)
22 of 24 (91.666667%) active bins are populated
per-bin minimum non-zero probability:       8.05803e-54
per-bin maximum probability:                0.188744
per-bin probability dynamic range (kT):     120.586
per-segment minimum non-zero probability:   2.57857e-56
per-segment maximum non-zero probability:   0.0557533
per-segment probability dynamic range (kT): 125.111
norm = 1, error in norm = 0 (0*epsilon)
Iteration wallclock: 0:33:03.783364, cputime: 3:14:18.073937


Fri Aug 12 08:51:46 2022
Iteration 247 (300 requested)
Beginning iteration 247
110 segments remain in iteration 247 (110 total)
21 of 24 (87.500000%) active bins are populated
per-bin minimum non-zero probability:       1.61161e-54
per-bin maximum probability:                0.247502
per-bin probability dynamic range (kT):     122.466
per-segment minimum non-zero probability:   3.22321e-55
per-segment maximum non-zero probability:   0.0613415
per-segment probability dynamic range (kT): 122.681
norm = 1, error in norm = 0 (0*epsilon)
Iteration wallclock: 0:29:43.938701, cputime: 2:58:11.799168


Fri Aug 12 09:21:30 2022
Iteration 248 (300 requested)
Beginning iteration 248
115 segments remain in iteration 248 (115 total)
21 of 24 (87.500000%) active bins are populated
per-bin minimum non-zero probability:       5.45797e-54
per-bin maximum probability:                0.258126
per-bin probability dynamic range (kT):     121.288
per-segment minimum non-zero probability:   1.09159e-54
per-segment maximum non-zero probability:   0.0663764
per-segment probability dynamic range (kT): 121.54
norm = 1, error in norm = 0 (0*epsilon)
Iteration wallclock: 0:31:19.174109, cputime: 3:06:31.421837


Fri Aug 12 09:52:49 2022
Iteration 249 (300 requested)
Beginning iteration 249
110 segments remain in iteration 249 (110 total)
21 of 24 (87.500000%) active bins are populated
per-bin minimum non-zero probability:       1.09159e-54
per-bin maximum probability:                0.284811
per-bin probability dynamic range (kT):     122.996
per-segment minimum non-zero probability:   2.18319e-55
per-segment maximum non-zero probability:   0.068425
per-segment probability dynamic range (kT): 123.179
norm = 1, error in norm = -2.22045e-16 (-1*epsilon)
Iteration wallclock: 0:29:42.075853, cputime: 2:58:22.224055


Fri Aug 12 10:22:31 2022
Iteration 250 (300 requested)
Beginning iteration 250
120 segments remain in iteration 250 (120 total)
22 of 24 (91.666667%) active bins are populated
per-bin minimum non-zero probability:       2.18319e-55
per-bin maximum probability:                0.318554
per-bin probability dynamic range (kT):     124.717
per-segment minimum non-zero probability:   4.36638e-56
per-segment maximum non-zero probability:   0.0941969
per-segment probability dynamic range (kT): 125.108
norm = 1, error in norm = 0 (0*epsilon)
Iteration wallclock: 0:33:06.544200, cputime: 3:14:36.406680


Fri Aug 12 10:55:37 2022
Iteration 251 (300 requested)
Beginning iteration 251
120 segments remain in iteration 251 (120 total)
22 of 24 (91.666667%) active bins are populated
per-bin minimum non-zero probability:       6.87661e-54
per-bin maximum probability:                0.424467
per-bin probability dynamic range (kT):     121.555
per-segment minimum non-zero probability:   1.37532e-54
per-segment maximum non-zero probability:   0.102228
per-segment probability dynamic range (kT): 121.74
norm = 1, error in norm = 0 (0*epsilon)
Iteration wallclock: 0:32:59.887200, cputime: 3:14:29.828052


Fri Aug 12 11:28:37 2022
Iteration 252 (300 requested)
Beginning iteration 252
120 segments remain in iteration 252 (120 total)
22 of 24 (91.666667%) active bins are populated
per-bin minimum non-zero probability:       1.37532e-54
per-bin maximum probability:                0.228298
per-bin probability dynamic range (kT):     122.544
per-segment minimum non-zero probability:   2.75064e-55
per-segment maximum non-zero probability:   0.083342
per-segment probability dynamic range (kT): 123.146
norm = 1, error in norm = -1.11022e-16 (-0.5*epsilon)
Iteration wallclock: 0:33:11.067046, cputime: 3:14:33.561522


Fri Aug 12 12:01:48 2022
Iteration 253 (300 requested)
Beginning iteration 253
120 segments remain in iteration 253 (120 total)
22 of 24 (91.666667%) active bins are populated
per-bin minimum non-zero probability:       8.16024e-54
per-bin maximum probability:                0.247199
per-bin probability dynamic range (kT):     120.843
per-segment minimum non-zero probability:   1.46701e-54
per-segment maximum non-zero probability:   0.083342
per-segment probability dynamic range (kT): 121.472
norm = 1, error in norm = 0 (0*epsilon)
Iteration wallclock: 0:33:05.949561, cputime: 3:14:23.770936


Fri Aug 12 12:34:54 2022
Iteration 254 (300 requested)
Beginning iteration 254
115 segments remain in iteration 254 (115 total)
21 of 24 (87.500000%) active bins are populated
per-bin minimum non-zero probability:       2.62323e-54
per-bin maximum probability:                0.273791
per-bin probability dynamic range (kT):     122.08
per-segment minimum non-zero probability:   5.24647e-55
per-segment maximum non-zero probability:   0.083342
per-segment probability dynamic range (kT): 122.5
norm = 1, error in norm = 0 (0*epsilon)
Iteration wallclock: 0:31:17.914489, cputime: 3:06:45.179123


Fri Aug 12 13:06:12 2022
Iteration 255 (300 requested)
Beginning iteration 255
110 segments remain in iteration 255 (110 total)
20 of 24 (83.333333%) active bins are populated
per-bin minimum non-zero probability:       7.03714e-54
per-bin maximum probability:                0.424156
per-bin probability dynamic range (kT):     121.531
per-segment minimum non-zero probability:   8.7044e-55
per-segment maximum non-zero probability:   0.109567
per-segment probability dynamic range (kT): 122.267
norm = 1, error in norm = -2.22045e-16 (-1*epsilon)
Iteration wallclock: 0:29:43.797759, cputime: 2:58:25.918459


Fri Aug 12 13:35:56 2022
Iteration 256 (300 requested)
Beginning iteration 256
110 segments remain in iteration 256 (110 total)
21 of 24 (87.500000%) active bins are populated
per-bin minimum non-zero probability:       1.52613e-54
per-bin maximum probability:                0.354671
per-bin probability dynamic range (kT):     122.88
per-segment minimum non-zero probability:   3.05225e-55
per-segment maximum non-zero probability:   0.109567
per-segment probability dynamic range (kT): 123.315
norm = 1, error in norm = 2.22045e-16 (1*epsilon)
Iteration wallclock: 0:29:50.959078, cputime: 2:58:26.765228


Fri Aug 12 14:05:47 2022
Iteration 257 (300 requested)
Beginning iteration 257
110 segments remain in iteration 257 (110 total)
21 of 24 (87.500000%) active bins are populated
per-bin minimum non-zero probability:       3.48176e-55
per-bin maximum probability:                0.277638
per-bin probability dynamic range (kT):     124.113
per-segment minimum non-zero probability:   6.96352e-56
per-segment maximum non-zero probability:   0.109567
per-segment probability dynamic range (kT): 124.793
norm = 1, error in norm = -1.11022e-16 (-0.5*epsilon)
Iteration wallclock: 0:29:48.442580, cputime: 2:58:23.456334


Fri Aug 12 14:35:35 2022
Iteration 258 (300 requested)
Beginning iteration 258
115 segments remain in iteration 258 (115 total)
21 of 24 (87.500000%) active bins are populated
per-bin minimum non-zero probability:       1.52613e-55
per-bin maximum probability:                0.315837
per-bin probability dynamic range (kT):     125.067
per-segment minimum non-zero probability:   3.05225e-56
per-segment maximum non-zero probability:   0.109567
per-segment probability dynamic range (kT): 125.618
norm = 1, error in norm = 0 (0*epsilon)
Iteration wallclock: 0:31:21.926657, cputime: 3:06:33.098521


Fri Aug 12 15:06:57 2022
Iteration 259 (300 requested)
Beginning iteration 259
120 segments remain in iteration 259 (120 total)
22 of 24 (91.666667%) active bins are populated
per-bin minimum non-zero probability:       3.05225e-56
per-bin maximum probability:                0.331334
per-bin probability dynamic range (kT):     126.724
per-segment minimum non-zero probability:   6.10451e-57
per-segment maximum non-zero probability:   0.109567
per-segment probability dynamic range (kT): 127.227
norm = 1, error in norm = 0 (0*epsilon)
Iteration wallclock: 0:33:02.650681, cputime: 3:14:30.893345


Fri Aug 12 15:40:00 2022
Iteration 260 (300 requested)
Beginning iteration 260
115 segments remain in iteration 260 (115 total)
21 of 24 (87.500000%) active bins are populated
per-bin minimum non-zero probability:       6.10451e-57
per-bin maximum probability:                0.472564
per-bin probability dynamic range (kT):     128.689
per-segment minimum non-zero probability:   1.2209e-57
per-segment maximum non-zero probability:   0.122455
per-segment probability dynamic range (kT): 128.948
norm = 1, error in norm = 0 (0*epsilon)
Iteration wallclock: 0:31:17.805259, cputime: 3:06:33.803651


Fri Aug 12 16:11:18 2022
Iteration 261 (300 requested)
Beginning iteration 261
120 segments remain in iteration 261 (120 total)
22 of 24 (91.666667%) active bins are populated
per-bin minimum non-zero probability:       1.2209e-57
per-bin maximum probability:                0.279024
per-bin probability dynamic range (kT):     129.771
per-segment minimum non-zero probability:   2.4418e-58
per-segment maximum non-zero probability:   0.0972619
per-segment probability dynamic range (kT): 130.327
norm = 1, error in norm = 0 (0*epsilon)
Iteration wallclock: 0:32:56.805425, cputime: 3:14:48.174710


Fri Aug 12 16:44:15 2022
Iteration 262 (300 requested)
Beginning iteration 262
115 segments remain in iteration 262 (115 total)
21 of 24 (87.500000%) active bins are populated
per-bin minimum non-zero probability:       1.34973e-54
per-bin maximum probability:                0.30247
per-bin probability dynamic range (kT):     122.844
per-segment minimum non-zero probability:   1.70926e-57
per-segment maximum non-zero probability:   0.0972619
per-segment probability dynamic range (kT): 128.381
norm = 1, error in norm = 2.22045e-16 (1*epsilon)
Iteration wallclock: 0:31:22.465569, cputime: 3:06:27.823363


Fri Aug 12 17:15:37 2022
Iteration 263 (300 requested)
Beginning iteration 263
120 segments remain in iteration 263 (120 total)
22 of 24 (91.666667%) active bins are populated
per-bin minimum non-zero probability:       1.7512e-54
per-bin maximum probability:                0.314685
per-bin probability dynamic range (kT):     122.623
per-segment minimum non-zero probability:   3.5024e-55
per-segment maximum non-zero probability:   0.0781207
per-segment probability dynamic range (kT): 122.839
norm = 1, error in norm = 0 (0*epsilon)
Iteration wallclock: 0:33:00.797227, cputime: 3:14:25.997116


Fri Aug 12 17:48:38 2022
Iteration 264 (300 requested)
Beginning iteration 264
120 segments remain in iteration 264 (120 total)
22 of 24 (91.666667%) active bins are populated
per-bin minimum non-zero probability:       8.75826e-55
per-bin maximum probability:                0.379042
per-bin probability dynamic range (kT):     123.502
per-segment minimum non-zero probability:   1.75165e-55
per-segment maximum non-zero probability:   0.0994304
per-segment probability dynamic range (kT): 123.773
norm = 1, error in norm = -1.11022e-16 (-0.5*epsilon)
Iteration wallclock: 0:32:59.644531, cputime: 3:14:19.020882


Fri Aug 12 18:21:38 2022
Iteration 265 (300 requested)
Beginning iteration 265
120 segments remain in iteration 265 (120 total)
22 of 24 (91.666667%) active bins are populated
per-bin minimum non-zero probability:       3.98985e-55
per-bin maximum probability:                0.357231
per-bin probability dynamic range (kT):     124.229
per-segment minimum non-zero probability:   7.9797e-56
per-segment maximum non-zero probability:   0.0994304
per-segment probability dynamic range (kT): 124.56
norm = 1, error in norm = 0 (0*epsilon)
Iteration wallclock: 0:33:01.097122, cputime: 3:14:26.882289


Fri Aug 12 18:54:39 2022
Iteration 266 (300 requested)
Beginning iteration 266
120 segments remain in iteration 266 (120 total)
22 of 24 (91.666667%) active bins are populated
per-bin minimum non-zero probability:       2.50595e-55
per-bin maximum probability:                0.408761
per-bin probability dynamic range (kT):     124.829
per-segment minimum non-zero probability:   5.0119e-56
per-segment maximum non-zero probability:   0.115583
per-segment probability dynamic range (kT): 125.175
norm = 1, error in norm = 0 (0*epsilon)
Iteration wallclock: 0:33:03.734141, cputime: 3:14:17.187440


Fri Aug 12 19:27:42 2022
Iteration 267 (300 requested)
Beginning iteration 267
120 segments remain in iteration 267 (120 total)
22 of 24 (91.666667%) active bins are populated
per-bin minimum non-zero probability:       2.49307e-55
per-bin maximum probability:                0.401881
per-bin probability dynamic range (kT):     124.817
per-segment minimum non-zero probability:   4.98614e-56
per-segment maximum non-zero probability:   0.115583
per-segment probability dynamic range (kT): 125.18
norm = 1, error in norm = 0 (0*epsilon)
Iteration wallclock: 0:32:55.435548, cputime: 3:14:16.983555


Fri Aug 12 20:00:38 2022
Iteration 268 (300 requested)
Beginning iteration 268
115 segments remain in iteration 268 (115 total)
21 of 24 (87.500000%) active bins are populated
per-bin minimum non-zero probability:       6.81225e-55
per-bin maximum probability:                0.308841
per-bin probability dynamic range (kT):     123.549
per-segment minimum non-zero probability:   1.36245e-55
per-segment maximum non-zero probability:   0.110842
per-segment probability dynamic range (kT): 124.133
norm = 1, error in norm = 0 (0*epsilon)
Iteration wallclock: 0:31:15.326756, cputime: 3:06:19.731286


Fri Aug 12 20:31:53 2022
Iteration 269 (300 requested)
Beginning iteration 269
120 segments remain in iteration 269 (120 total)
22 of 24 (91.666667%) active bins are populated
per-bin minimum non-zero probability:       2.87075e-55
per-bin maximum probability:                0.325789
per-bin probability dynamic range (kT):     124.466
per-segment minimum non-zero probability:   5.7415e-56
per-segment maximum non-zero probability:   0.0782348
per-segment probability dynamic range (kT): 124.649
norm = 1, error in norm = 0 (0*epsilon)
Iteration wallclock: 0:32:53.885240, cputime: 3:14:23.755264


Fri Aug 12 21:04:47 2022
Iteration 270 (300 requested)
Beginning iteration 270
120 segments remain in iteration 270 (120 total)
22 of 24 (91.666667%) active bins are populated
per-bin minimum non-zero probability:       5.7415e-56
per-bin maximum probability:                0.331049
per-bin probability dynamic range (kT):     126.092
per-segment minimum non-zero probability:   1.1483e-56
per-segment maximum non-zero probability:   0.0835022
per-segment probability dynamic range (kT): 126.324
norm = 1, error in norm = 0 (0*epsilon)
Iteration wallclock: 0:33:00.889261, cputime: 3:14:26.903647


Fri Aug 12 21:37:48 2022
Iteration 271 (300 requested)
Beginning iteration 271
120 segments remain in iteration 271 (120 total)
22 of 24 (91.666667%) active bins are populated
per-bin minimum non-zero probability:       3.78151e-55
per-bin maximum probability:                0.399331
per-bin probability dynamic range (kT):     124.394
per-segment minimum non-zero probability:   7.56303e-56
per-segment maximum non-zero probability:   0.102111
per-segment probability dynamic range (kT): 124.64
norm = 1, error in norm = 0 (0*epsilon)
Iteration wallclock: 0:32:55.630031, cputime: 3:14:29.480025


Fri Aug 12 22:10:44 2022
Iteration 272 (300 requested)
Beginning iteration 272
120 segments remain in iteration 272 (120 total)
22 of 24 (91.666667%) active bins are populated
per-bin minimum non-zero probability:       1.62842e-55
per-bin maximum probability:                0.413715
per-bin probability dynamic range (kT):     125.272
per-segment minimum non-zero probability:   3.25684e-56
per-segment maximum non-zero probability:   0.102111
per-segment probability dynamic range (kT): 125.482
norm = 1, error in norm = 0 (0*epsilon)
Iteration wallclock: 0:33:03.496014, cputime: 3:14:31.907240


Fri Aug 12 22:43:47 2022
Iteration 273 (300 requested)
Beginning iteration 273
120 segments remain in iteration 273 (120 total)
22 of 24 (91.666667%) active bins are populated
per-bin minimum non-zero probability:       6.51368e-56
per-bin maximum probability:                0.340352
per-bin probability dynamic range (kT):     125.993
per-segment minimum non-zero probability:   1.08561e-56
per-segment maximum non-zero probability:   0.0962496
per-segment probability dynamic range (kT): 126.522
norm = 1, error in norm = 0 (0*epsilon)
Iteration wallclock: 0:33:04.690503, cputime: 3:14:28.210165


Fri Aug 12 23:16:52 2022
Iteration 274 (300 requested)
Beginning iteration 274
110 segments remain in iteration 274 (110 total)
21 of 24 (87.500000%) active bins are populated
per-bin minimum non-zero probability:       3.25684e-56
per-bin maximum probability:                0.353447
per-bin probability dynamic range (kT):     126.724
per-segment minimum non-zero probability:   6.51368e-57
per-segment maximum non-zero probability:   0.0879493
per-segment probability dynamic range (kT): 126.942
norm = 1, error in norm = 0 (0*epsilon)
Iteration wallclock: 0:29:43.772885, cputime: 2:58:30.576318


Fri Aug 12 23:46:36 2022
Iteration 275 (300 requested)
Beginning iteration 275
120 segments remain in iteration 275 (120 total)
22 of 24 (91.666667%) active bins are populated
per-bin minimum non-zero probability:       1.23373e-55
per-bin maximum probability:                0.391379
per-bin probability dynamic range (kT):     125.494
per-segment minimum non-zero probability:   2.46746e-56
per-segment maximum non-zero probability:   0.107076
per-segment probability dynamic range (kT): 125.807
norm = 1, error in norm = 0 (0*epsilon)
Iteration wallclock: 0:32:52.906327, cputime: 3:14:30.710372


Sat Aug 13 00:19:29 2022
Iteration 276 (300 requested)
Beginning iteration 276
120 segments remain in iteration 276 (120 total)
22 of 24 (91.666667%) active bins are populated
per-bin minimum non-zero probability:       5.71842e-56
per-bin maximum probability:                0.224358
per-bin probability dynamic range (kT):     125.707
per-segment minimum non-zero probability:   1.14368e-56
per-segment maximum non-zero probability:   0.0713425
per-segment probability dynamic range (kT): 126.17
norm = 1, error in norm = 0 (0*epsilon)
Iteration wallclock: 0:32:57.836492, cputime: 3:14:35.779514


Sat Aug 13 00:52:26 2022
Iteration 277 (300 requested)
Beginning iteration 277
105 segments remain in iteration 277 (105 total)
20 of 24 (83.333333%) active bins are populated
per-bin minimum non-zero probability:       7.26438e-56
per-bin maximum probability:                0.238935
per-bin probability dynamic range (kT):     125.53
per-segment minimum non-zero probability:   1.45288e-56
per-segment maximum non-zero probability:   0.0713425
per-segment probability dynamic range (kT): 125.931
norm = 1, error in norm = 0 (0*epsilon)
Iteration wallclock: 0:28:47.482355, cputime: 2:50:14.881272


Sat Aug 13 01:21:14 2022
Iteration 278 (300 requested)
Beginning iteration 278
120 segments remain in iteration 278 (120 total)
22 of 24 (91.666667%) active bins are populated
per-bin minimum non-zero probability:       5.8115e-56
per-bin maximum probability:                0.360369
per-bin probability dynamic range (kT):     126.164
per-segment minimum non-zero probability:   7.26438e-57
per-segment maximum non-zero probability:   0.0897117
per-segment probability dynamic range (kT): 126.853
norm = 1, error in norm = -1.11022e-16 (-0.5*epsilon)
Iteration wallclock: 0:32:58.825095, cputime: 3:14:18.422654


Sat Aug 13 01:54:13 2022
Iteration 279 (300 requested)
Beginning iteration 279
110 segments remain in iteration 279 (110 total)
21 of 24 (87.500000%) active bins are populated
per-bin minimum non-zero probability:       4.31208e-56
per-bin maximum probability:                0.339358
per-bin probability dynamic range (kT):     126.403
per-segment minimum non-zero probability:   8.62417e-57
per-segment maximum non-zero probability:   0.0897117
per-segment probability dynamic range (kT): 126.682
norm = 1, error in norm = 0 (0*epsilon)
Iteration wallclock: 0:29:41.164546, cputime: 2:58:13.288118


Sat Aug 13 02:23:54 2022
Iteration 280 (300 requested)
Beginning iteration 280
115 segments remain in iteration 280 (115 total)
22 of 24 (91.666667%) active bins are populated
per-bin minimum non-zero probability:       8.62417e-57
per-bin maximum probability:                0.376192
per-bin probability dynamic range (kT):     128.115
per-segment minimum non-zero probability:   1.72483e-57
per-segment maximum non-zero probability:   0.0897117
per-segment probability dynamic range (kT): 128.291
norm = 1, error in norm = -1.11022e-16 (-0.5*epsilon)
Iteration wallclock: 0:31:17.864020, cputime: 3:06:21.947649


Sat Aug 13 02:55:12 2022
Iteration 281 (300 requested)
Beginning iteration 281
120 segments remain in iteration 281 (120 total)
22 of 24 (91.666667%) active bins are populated
per-bin minimum non-zero probability:       1.72483e-57
per-bin maximum probability:                0.345863
per-bin probability dynamic range (kT):     129.641
per-segment minimum non-zero probability:   3.44967e-58
per-segment maximum non-zero probability:   0.0832258
per-segment probability dynamic range (kT): 129.825
norm = 1, error in norm = -1.11022e-16 (-0.5*epsilon)
Iteration wallclock: 0:32:57.307935, cputime: 3:14:05.584315


Sat Aug 13 03:28:09 2022
Iteration 282 (300 requested)
Beginning iteration 282
120 segments remain in iteration 282 (120 total)
22 of 24 (91.666667%) active bins are populated
per-bin minimum non-zero probability:       3.44967e-58
per-bin maximum probability:                0.270305
per-bin probability dynamic range (kT):     131.003
per-segment minimum non-zero probability:   6.89933e-59
per-segment maximum non-zero probability:   0.0832258
per-segment probability dynamic range (kT): 131.435
norm = 1, error in norm = 0 (0*epsilon)
Iteration wallclock: 0:32:59.732297, cputime: 3:14:17.649638


Sat Aug 13 04:01:09 2022
Iteration 283 (300 requested)
Beginning iteration 283
115 segments remain in iteration 283 (115 total)
21 of 24 (87.500000%) active bins are populated
per-bin minimum non-zero probability:       1.34427e-56
per-bin maximum probability:                0.268421
per-bin probability dynamic range (kT):     127.334
per-segment minimum non-zero probability:   2.68853e-57
per-segment maximum non-zero probability:   0.0832258
per-segment probability dynamic range (kT): 127.772
norm = 1, error in norm = 0 (0*epsilon)
Iteration wallclock: 0:31:15.050989, cputime: 3:06:21.498731


Sat Aug 13 04:32:24 2022
Iteration 284 (300 requested)
Beginning iteration 284
120 segments remain in iteration 284 (120 total)
22 of 24 (91.666667%) active bins are populated
per-bin minimum non-zero probability:       2.20549e-55
per-bin maximum probability:                0.25956
per-bin probability dynamic range (kT):     124.502
per-segment minimum non-zero probability:   4.41098e-56
per-segment maximum non-zero probability:   0.0832258
per-segment probability dynamic range (kT): 124.974
norm = 1, error in norm = -1.11022e-16 (-0.5*epsilon)
Iteration wallclock: 0:32:58.446857, cputime: 3:14:12.372728


Sat Aug 13 05:05:22 2022
Iteration 285 (300 requested)
Beginning iteration 285
120 segments remain in iteration 285 (120 total)
22 of 24 (91.666667%) active bins are populated
per-bin minimum non-zero probability:       5.39962e-56
per-bin maximum probability:                0.362381
per-bin probability dynamic range (kT):     126.243
per-segment minimum non-zero probability:   1.07992e-56
per-segment maximum non-zero probability:   0.0918973
per-segment probability dynamic range (kT): 126.481
norm = 1, error in norm = 0 (0*epsilon)
Iteration wallclock: 0:32:59.368503, cputime: 3:14:22.738765


Sat Aug 13 05:38:22 2022
Iteration 286 (300 requested)
Beginning iteration 286
120 segments remain in iteration 286 (120 total)
22 of 24 (91.666667%) active bins are populated
per-bin minimum non-zero probability:       1.41462e-55
per-bin maximum probability:                0.29918
per-bin probability dynamic range (kT):     125.089
per-segment minimum non-zero probability:   1.99772e-56
per-segment maximum non-zero probability:   0.0918973
per-segment probability dynamic range (kT): 125.866
norm = 1, error in norm = 0 (0*epsilon)
Iteration wallclock: 0:32:58.047791, cputime: 3:14:18.042882


Sat Aug 13 06:11:20 2022
Iteration 287 (300 requested)
Beginning iteration 287
115 segments remain in iteration 287 (115 total)
22 of 24 (91.666667%) active bins are populated
per-bin minimum non-zero probability:       1.9061e-55
per-bin maximum probability:                0.293782
per-bin probability dynamic range (kT):     124.772
per-segment minimum non-zero probability:   3.81221e-56
per-segment maximum non-zero probability:   0.0832258
per-segment probability dynamic range (kT): 125.12
norm = 1, error in norm = -1.11022e-16 (-0.5*epsilon)
Iteration wallclock: 0:31:14.686991, cputime: 3:06:24.951424


Sat Aug 13 06:42:34 2022
Iteration 288 (300 requested)
Beginning iteration 288
120 segments remain in iteration 288 (120 total)
22 of 24 (91.666667%) active bins are populated
per-bin minimum non-zero probability:       3.81221e-56
per-bin maximum probability:                0.333909
per-bin probability dynamic range (kT):     126.51
per-segment minimum non-zero probability:   7.62441e-57
per-segment maximum non-zero probability:   0.093706
per-segment probability dynamic range (kT): 126.848
norm = 1, error in norm = 0 (0*epsilon)
Iteration wallclock: 0:32:57.339897, cputime: 3:13:58.691817


Sat Aug 13 07:15:32 2022
Iteration 289 (300 requested)
Beginning iteration 289
120 segments remain in iteration 289 (120 total)
22 of 24 (91.666667%) active bins are populated
per-bin minimum non-zero probability:       7.62441e-57
per-bin maximum probability:                0.411399
per-bin probability dynamic range (kT):     128.328
per-segment minimum non-zero probability:   1.52488e-57
per-segment maximum non-zero probability:   0.112285
per-segment probability dynamic range (kT): 128.639
norm = 1, error in norm = 0 (0*epsilon)
Iteration wallclock: 0:32:55.053936, cputime: 3:14:08.133246


Sat Aug 13 07:48:27 2022
Iteration 290 (300 requested)
Beginning iteration 290
120 segments remain in iteration 290 (120 total)
22 of 24 (91.666667%) active bins are populated
per-bin minimum non-zero probability:       1.06826e-56
per-bin maximum probability:                0.338948
per-bin probability dynamic range (kT):     127.797
per-segment minimum non-zero probability:   2.13651e-57
per-segment maximum non-zero probability:   0.112285
per-segment probability dynamic range (kT): 128.301
norm = 1, error in norm = 0 (0*epsilon)
Iteration wallclock: 0:32:59.460085, cputime: 3:14:14.285925


Sat Aug 13 08:21:26 2022
Iteration 291 (300 requested)
Beginning iteration 291
100 segments remain in iteration 291 (100 total)
18 of 24 (75.000000%) active bins are populated
per-bin minimum non-zero probability:       1.488e-55
per-bin maximum probability:                0.507185
per-bin probability dynamic range (kT):     125.566
per-segment minimum non-zero probability:   2.97599e-56
per-segment maximum non-zero probability:   0.128521
per-segment probability dynamic range (kT): 125.803
norm = 1, error in norm = 2.22045e-16 (1*epsilon)
Iteration wallclock: 0:27:23.305609, cputime: 2:41:55.564144


Sat Aug 13 08:48:50 2022
Iteration 292 (300 requested)
Beginning iteration 292
115 segments remain in iteration 292 (115 total)
21 of 24 (87.500000%) active bins are populated
per-bin minimum non-zero probability:       2.97599e-56
per-bin maximum probability:                0.330401
per-bin probability dynamic range (kT):     126.747
per-segment minimum non-zero probability:   5.95198e-57
per-segment maximum non-zero probability:   0.112285
per-segment probability dynamic range (kT): 127.277
norm = 1, error in norm = 0 (0*epsilon)
Iteration wallclock: 0:31:16.147112, cputime: 3:06:20.450311


Sat Aug 13 09:20:06 2022
Iteration 293 (300 requested)
Beginning iteration 293
115 segments remain in iteration 293 (115 total)
21 of 24 (87.500000%) active bins are populated
per-bin minimum non-zero probability:       5.95198e-57
per-bin maximum probability:                0.369943
per-bin probability dynamic range (kT):     128.469
per-segment minimum non-zero probability:   1.1904e-57
per-segment maximum non-zero probability:   0.112285
per-segment probability dynamic range (kT): 128.886
norm = 1, error in norm = -2.22045e-16 (-1*epsilon)
Iteration wallclock: 0:31:18.894512, cputime: 3:06:20.962611


Sat Aug 13 09:51:25 2022
Iteration 294 (300 requested)
Beginning iteration 294
115 segments remain in iteration 294 (115 total)
21 of 24 (87.500000%) active bins are populated
per-bin minimum non-zero probability:       3.10309e-55
per-bin maximum probability:                0.300801
per-bin probability dynamic range (kT):     124.308
per-segment minimum non-zero probability:   5.87712e-56
per-segment maximum non-zero probability:   0.0902435
per-segment probability dynamic range (kT): 124.768
norm = 1, error in norm = -2.22045e-16 (-1*epsilon)
Iteration wallclock: 0:31:14.659262, cputime: 3:06:35.402064


Sat Aug 13 10:22:39 2022
Iteration 295 (300 requested)
Beginning iteration 295
110 segments remain in iteration 295 (110 total)
20 of 24 (83.333333%) active bins are populated
per-bin minimum non-zero probability:       7.12636e-56
per-bin maximum probability:                0.306016
per-bin probability dynamic range (kT):     125.797
per-segment minimum non-zero probability:   1.42527e-56
per-segment maximum non-zero probability:   0.072075
per-segment probability dynamic range (kT): 125.96
norm = 1, error in norm = -3.33067e-16 (-1.5*epsilon)
Iteration wallclock: 0:29:42.556044, cputime: 2:58:22.064312


Sat Aug 13 10:52:22 2022
Iteration 296 (300 requested)
Beginning iteration 296
110 segments remain in iteration 296 (110 total)
21 of 24 (87.500000%) active bins are populated
per-bin minimum non-zero probability:       2.5138e-56
per-bin maximum probability:                0.267095
per-bin probability dynamic range (kT):     126.703
per-segment minimum non-zero probability:   5.0276e-57
per-segment maximum non-zero probability:   0.079456
per-segment probability dynamic range (kT): 127.1
norm = 1, error in norm = 0 (0*epsilon)
Iteration wallclock: 0:29:41.809072, cputime: 2:58:19.466879


Sat Aug 13 11:22:04 2022
Iteration 297 (300 requested)
Beginning iteration 297
120 segments remain in iteration 297 (120 total)
22 of 24 (91.666667%) active bins are populated
per-bin minimum non-zero probability:       1.82572e-55
per-bin maximum probability:                0.498438
per-bin probability dynamic range (kT):     125.344
per-segment minimum non-zero probability:   3.55088e-56
per-segment maximum non-zero probability:   0.13377
per-segment probability dynamic range (kT): 125.666
norm = 1, error in norm = 0 (0*epsilon)
Iteration wallclock: 0:32:57.469456, cputime: 3:14:21.157685


Sat Aug 13 11:55:01 2022
Iteration 298 (300 requested)
Beginning iteration 298
120 segments remain in iteration 298 (120 total)
22 of 24 (91.666667%) active bins are populated
per-bin minimum non-zero probability:       3.55088e-56
per-bin maximum probability:                0.335169
per-bin probability dynamic range (kT):     126.584
per-segment minimum non-zero probability:   7.10176e-57
per-segment maximum non-zero probability:   0.113196
per-segment probability dynamic range (kT): 127.108
norm = 1, error in norm = 0 (0*epsilon)
Iteration wallclock: 0:33:00.456669, cputime: 3:14:16.946667


Sat Aug 13 12:28:02 2022
Iteration 299 (300 requested)
Beginning iteration 299
120 segments remain in iteration 299 (120 total)
22 of 24 (91.666667%) active bins are populated
per-bin minimum non-zero probability:       3.10114e-56
per-bin maximum probability:                0.420443
per-bin probability dynamic range (kT):     126.947
per-segment minimum non-zero probability:   6.20228e-57
per-segment maximum non-zero probability:   0.113196
per-segment probability dynamic range (kT): 127.244
norm = 1, error in norm = -2.22045e-16 (-1*epsilon)
Iteration wallclock: 0:33:00.325975, cputime: 3:14:11.014418


Sat Aug 13 13:01:02 2022
Iteration 300 (300 requested)
Beginning iteration 300
105 segments remain in iteration 300 (105 total)
19 of 24 (79.166667%) active bins are populated
per-bin minimum non-zero probability:       5.2531e-56
per-bin maximum probability:                0.369155
per-bin probability dynamic range (kT):     126.289
per-segment minimum non-zero probability:   1.05062e-56
per-segment maximum non-zero probability:   0.0914429
per-segment probability dynamic range (kT): 126.503
norm = 1, error in norm = -1.11022e-16 (-0.5*epsilon)
Iteration wallclock: 0:28:56.157398, cputime: 2:50:06.738767


Sat Aug 13 13:29:58 2022
WEST run complete.
