Updating system with the options from the configuration file
Maximum wallclock time: 1 day, 0:00:00

Tue Jan 24 16:31:43 2023
Iteration 495 (500 requested)
Beginning iteration 495
116 segments remain in iteration 495 (116 total)
29 of 29 (100.000000%) active bins are populated
per-bin minimum non-zero probability:       3.95414e-14
per-bin maximum probability:                0.305821
per-bin probability dynamic range (kT):     29.6767
per-segment minimum non-zero probability:   9.88536e-15
per-segment maximum non-zero probability:   0.120425
per-segment probability dynamic range (kT): 30.131
norm = 1, error in norm = -8.88178e-16 (-4*epsilon)
MAB binning in use
Bottleneck bin occupancy may not be accurately reported
Waiting for segments to complete...
Iteration completed successfully
Iteration wallclock: 0:26:56.245776, cputime: 1:03:39.347516


Tue Jan 24 16:58:39 2023
Iteration 496 (500 requested)
Beginning iteration 496
108 segments remain in iteration 496 (108 total)
27 of 29 (93.103448%) active bins are populated
per-bin minimum non-zero probability:       9.88536e-15
per-bin maximum probability:                0.272722
per-bin probability dynamic range (kT):     30.9484
per-segment minimum non-zero probability:   2.47134e-15
per-segment maximum non-zero probability:   0.0822021
per-segment probability dynamic range (kT): 31.1354
norm = 1, error in norm = -7.77156e-16 (-3.5*epsilon)
MAB binning in use
Bottleneck bin occupancy may not be accurately reported
Waiting for segments to complete...
Iteration completed successfully
Iteration wallclock: 0:25:30.500194, cputime: 0:59:02.268871


Tue Jan 24 17:24:10 2023
Iteration 497 (500 requested)
Beginning iteration 497
116 segments remain in iteration 497 (116 total)
29 of 29 (100.000000%) active bins are populated
per-bin minimum non-zero probability:       2.47134e-15
per-bin maximum probability:                0.382447
per-bin probability dynamic range (kT):     32.6729
per-segment minimum non-zero probability:   6.17835e-16
per-segment maximum non-zero probability:   0.125922
per-segment probability dynamic range (kT): 32.9482
norm = 1, error in norm = -3.33067e-16 (-1.5*epsilon)
MAB binning in use
Bottleneck bin occupancy may not be accurately reported
Waiting for segments to complete...
Iteration completed successfully
Iteration wallclock: 0:27:36.937080, cputime: 1:03:30.755522


Tue Jan 24 17:51:46 2023
Iteration 498 (500 requested)
Beginning iteration 498
112 segments remain in iteration 498 (112 total)
28 of 29 (96.551724%) active bins are populated
per-bin minimum non-zero probability:       1.23567e-15
per-bin maximum probability:                0.426849
per-bin probability dynamic range (kT):     33.4758
per-segment minimum non-zero probability:   3.08917e-16
per-segment maximum non-zero probability:   0.126605
per-segment probability dynamic range (kT): 33.6468
norm = 1, error in norm = -6.66134e-16 (-3*epsilon)
MAB binning in use
Bottleneck bin occupancy may not be accurately reported
Waiting for segments to complete...
Iteration completed successfully
Iteration wallclock: 0:23:56.532279, cputime: 1:01:17.079035


Tue Jan 24 18:15:43 2023
Iteration 499 (500 requested)
Beginning iteration 499
112 segments remain in iteration 499 (112 total)
28 of 29 (96.551724%) active bins are populated
per-bin minimum non-zero probability:       3.08917e-16
per-bin maximum probability:                0.233589
per-bin probability dynamic range (kT):     34.2593
per-segment minimum non-zero probability:   7.72294e-17
per-segment maximum non-zero probability:   0.0839479
per-segment probability dynamic range (kT): 34.6222
norm = 1, error in norm = -4.44089e-16 (-2*epsilon)
MAB binning in use
Bottleneck bin occupancy may not be accurately reported
Waiting for segments to complete...
Iteration completed successfully
Iteration wallclock: 0:24:19.021111, cputime: 1:01:19.149183


Tue Jan 24 18:40:02 2023
Iteration 500 (500 requested)
Beginning iteration 500
112 segments remain in iteration 500 (112 total)
28 of 29 (96.551724%) active bins are populated
per-bin minimum non-zero probability:       7.72294e-17
per-bin maximum probability:                0.411726
per-bin probability dynamic range (kT):     36.2124
per-segment minimum non-zero probability:   1.93073e-17
per-segment maximum non-zero probability:   0.150056
per-segment probability dynamic range (kT): 36.5893
norm = 1, error in norm = -5.55112e-16 (-2.5*epsilon)
MAB binning in use
Bottleneck bin occupancy may not be accurately reported
Waiting for segments to complete...
Iteration completed successfully
Iteration wallclock: 0:24:14.873582, cputime: 1:01:15.968188


Tue Jan 24 19:04:17 2023
WEST run complete.
