
CPPTRAJ: Trajectory Analysis. V6.4.4 (AmberTools)
    ___  ___  ___  ___
     | \/ | \/ | \/ | 
    _|_/\_|_/\_|_/\_|_

| Date/time: 04/12/24 21:18:10
| Available memory: 35.182 GB

INPUT: Reading input from 'cpptraj.in'
  [parm /ihome/lchong/dty7/ix/d1d2/2kod/post-ls6-h2p/wt_oamax_1d_ss_v00/common_files/m01_2kod_12A.prmtop]
	Reading '/ihome/lchong/dty7/ix/d1d2/2kod/post-ls6-h2p/wt_oamax_1d_ss_v00/common_files/m01_2kod_12A.prmtop' as Amber Topology
	Radius Set: modified Bondi radii (mbondi)
  [trajin /ihome/lchong/dty7/ix/d1d2/2kod/post-ls6-h2p/wt_oamax_1d_ss_v00/bstates/10_prod.rst]
	Reading '/ihome/lchong/dty7/ix/d1d2/2kod/post-ls6-h2p/wt_oamax_1d_ss_v00/bstates/10_prod.rst' as Amber NC Restart
  [autoimage]
    AUTOIMAGE: To box center based on center of mass, anchor is first molecule.
  [vector O1 :18-22@CA,C,O,N :46-49@CA,C,O,N]
    VECTOR: Type Mask, mask [:18-22@CA,C,O,N], second mask [:46-49@CA,C,O,N]
  [vector O2 :18-22@CA,C,O,N :134-137@CA,C,O,N]
    VECTOR: Type Mask, mask [:18-22@CA,C,O,N], second mask [:134-137@CA,C,O,N]
  [vector O3 :106-110@CA,C,O,N :46-49@CA,C,O,N]
    VECTOR: Type Mask, mask [:106-110@CA,C,O,N], second mask [:46-49@CA,C,O,N]
  [vector O4 :106-110@CA,C,O,N :134-137@CA,C,O,N]
    VECTOR: Type Mask, mask [:106-110@CA,C,O,N], second mask [:134-137@CA,C,O,N]
  [vectormath vec1 O1 vec2 O2 out /tmp/tmp.Oo9NKmDQtS name o_angle_m1 dotangle]
    VECTORMATH: Calculating Angle from dot product of vectors O1 and O2
	Vectors will be normalized.
	Results are written to /tmp/tmp.Oo9NKmDQtS
  [vectormath vec1 O3 vec2 O4 out /tmp/tmp.Oo9NKmDQtS name o_angle_m2 dotangle]
    VECTORMATH: Calculating Angle from dot product of vectors O3 and O4
	Vectors will be normalized.
	Results are written to /tmp/tmp.Oo9NKmDQtS
  [go]
---------- RUN BEGIN -------------------------------------------------

PARAMETER FILES (1 total):
 0: m01_2kod_12A.prmtop, 54644 atoms, 17472 res, box: Truncated octahedron, 17298 mol, 17294 solvent

INPUT TRAJECTORIES (1 total):
 0: '10_prod.rst' is a NetCDF AMBER restart file with coordinates, velocities, time, box, Parm m01_2kod_12A.prmtop (Truncated octahedron box) (reading 1 of 1)
  Coordinate processing will occur on 1 frames.

BEGIN TRAJECTORY PROCESSING:
.....................................................
ACTION SETUP FOR PARM 'm01_2kod_12A.prmtop' (5 actions):
  0: [autoimage]
	Original box is truncated octahedron, turning on 'familiar'.
	Using first molecule as anchor.
	1 molecules are fixed to anchor: 2
	17296 molecules are mobile.
  1: [vector O1 :18-22@CA,C,O,N :46-49@CA,C,O,N]
	Mask [:18-22@CA,C,O,N] corresponds to 20 atoms.
	Mask [:46-49@CA,C,O,N] corresponds to 16 atoms.
  2: [vector O2 :18-22@CA,C,O,N :134-137@CA,C,O,N]
	Mask [:18-22@CA,C,O,N] corresponds to 20 atoms.
	Mask [:134-137@CA,C,O,N] corresponds to 16 atoms.
  3: [vector O3 :106-110@CA,C,O,N :46-49@CA,C,O,N]
	Mask [:106-110@CA,C,O,N] corresponds to 20 atoms.
	Mask [:46-49@CA,C,O,N] corresponds to 16 atoms.
  4: [vector O4 :106-110@CA,C,O,N :134-137@CA,C,O,N]
	Mask [:106-110@CA,C,O,N] corresponds to 20 atoms.
	Mask [:134-137@CA,C,O,N] corresponds to 16 atoms.
----- 10_prod.rst (1-1, 1) -----
100% Complete.

Read 1 frames and processed 1 frames.
TIME: Avg. throughput= 56.0475 frames / second.

ACTION OUTPUT:

ANALYSIS: Performing 2 analyses:
  0: [vectormath vec1 O1 vec2 O2 out /tmp/tmp.Oo9NKmDQtS name o_angle_m1 dotangle]
	'O1' size 1, 'O2' size 1, output size 1
  1: [vectormath vec1 O3 vec2 O4 out /tmp/tmp.Oo9NKmDQtS name o_angle_m2 dotangle]
	'O3' size 1, 'O4' size 1, output size 1

TIME: Analyses took 0.0000 seconds.

DATASETS (6 total):
	O1 "O1" (vector, vector), size is 1 (0.052 kB)
	O2 "O2" (vector, vector), size is 1 (0.052 kB)
	O3 "O3" (vector, vector), size is 1 (0.052 kB)
	O4 "O4" (vector, vector), size is 1 (0.052 kB)
	o_angle_m1 "o_angle_m1" (double), size is 1 (0.008 kB)
	o_angle_m2 "o_angle_m2" (double), size is 1 (0.008 kB)
    Total data set memory usage is at least 0.224 kB

DATAFILES (1 total):
  tmp.Oo9NKmDQtS (Standard Data File):  o_angle_m1 o_angle_m2

RUN TIMING:
TIME:		Init               : 0.0000 s (  0.07%)
TIME:		Trajectory Process : 0.0178 s ( 53.62%)
TIME:		Action Post        : 0.0000 s (  0.00%)
TIME:		Analysis           : 0.0000 s (  0.07%)
TIME:		Data File Write    : 0.0147 s ( 44.15%)
TIME:		Other              : 0.0007 s (  0.02%)
TIME:	Run Total 0.0333 s
---------- RUN END ---------------------------------------------------
TIME: Total execution time: 0.0992 seconds.
--------------------------------------------------------------------------------
To cite CPPTRAJ use:
Daniel R. Roe and Thomas E. Cheatham, III, "PTRAJ and CPPTRAJ: Software for
  Processing and Analysis of Molecular Dynamics Trajectory Data". J. Chem.
  Theory Comput., 2013, 9 (7), pp 3084-3095.

