Warning: When compiling code please add the following flags to nvcc:
         -gencode arch=compute_35,code=[compute_35,sm_35] \
         -gencode arch=compute_61,code=[compute_61,sm_61] 
         -gencode arch=compute_70,code=[compute_70,sm_70] 
Warning: When compiling code please add the following flags to nvcc:
         -gencode arch=compute_35,code=[compute_35,sm_35] \
         -gencode arch=compute_61,code=[compute_61,sm_61] 
         -gencode arch=compute_70,code=[compute_70,sm_70] 
+ SANDER=pmemd.cuda
+ pmemd.cuda -O -i 06_prod.in -o 06_prod.out -x 06_prod.nc -p 150end_solv.prmtop -c 05_eq3.rst -r 06_prod.rst -inf 06_prod.nfo
Note: The following floating-point exceptions are signalling: IEEE_INVALID_FLAG IEEE_OVERFLOW_FLAG IEEE_UNDERFLOW_FLAG IEEE_DENORMAL
+ echo 'parm 150end_solv.prmtop'
+ echo 'trajin 06_prod.nc'
+ echo autoimage
+ echo 'strip :WAT,Cl-,Na+ parmout 150end_dry.prmtop'
+ echo 'trajout 06_prod_dry.nc'
+ echo go
+ echo quit
+ cpptraj -i strip/strip_06.in
+ sbatch h2p_gpu_prod_07.slurm
