
          -------------------------------------------------------
          Amber 18 PMEMD                              2018
          -------------------------------------------------------

| PMEMD implementation of SANDER, Release 18

| Run on 01/30/2023 at 17:13:58

|   Executable path: pmemd.MPI
| Working directory: /ix/lchong/dty7/d1d2/2kod/150-end/stdMD/v04
|          Hostname: smp-n85

  [-O]verwriting output

File Assignments:
|   MDIN: 03_eq1.in                                                             
|  MDOUT: 03_eq1.out                                                            
| INPCRD: 02_min.rst                                                            
|   PARM: 150end_solv.prmtop                                                    
| RESTRT: 03_eq1.rst                                                            
|   REFC: 02_min.rst                                                            
|  MDVEL: mdvel                                                                 
|   MDEN: mden                                                                  
|  MDCRD: mdcrd                                                                 
| MDINFO: mdinfo                                                                
|LOGFILE: logfile                                                               
|  MDFRC: mdfrc                                                                 

 
 Here is the input file:
 
20 ps solute restrained NVT equilibration using Langevin thermostat            
&cntrl                                                                         
  irest     = 0,                                                               
  ntx       = 1,                                                               
  ig        = -1,                                                              
  dt        = 0.002,                                                           
  nstlim    = 10000,                                                           
  nscm      = 500,                                                             
  ntr       = 1,                                                               
  restraint_wt  = 1.0,                                                         
  restraintmask = '!:WAT & !@H',                                               
  ntb       = 1,                                                               
  ntp       = 0,                                                               
  ntt       = 3,                                                               
  tempi     = 298.0,                                                           
  temp0     = 298.0,                                                           
  gamma_ln  = 1.0,                                                             
  ntf       = 2,                                                               
  ntc       = 2,                                                               
  cut       = 10.0,                                                            
  ntpr      = 500,                                                             
  ntxo      = 2,                                                               
  ntwr      = 10000,                                                           
  ioutfm    = 1,                                                               
  ntwx      = 500,                                                             
  iwrap     = 1,                                                               
&end                                                                           


Note: ig = -1. Setting random seed to   883650 based on wallclock time in
      microseconds and disabling the synchronization of random numbers 
      between tasks to improve performance.
| irandom = 1, using AMBER's internal random number generator (default).
 
 
| Conditional Compilation Defines Used:
| MPI
| FFTW_FFT
| BINTRAJ
| MKL
| EMIL
 
| Largest sphere to fit in unit cell has radius =    37.882

| New format PARM file being parsed.
| Version =    1.000 Date = 01/30/23 Time = 17:02:21

| Note: 1-4 EEL scale factors are being read from the topology file.

| Note: 1-4 VDW scale factors are being read from the topology file.
| Duplicated    0 dihedrals

| Duplicated    0 dihedrals

--------------------------------------------------------------------------------
   1.  RESOURCE   USE: 
--------------------------------------------------------------------------------

 getting box info from netcdf restart file
 NATOM  =   55269 NTYPES =      18 NBONH =   53985 MBONA  =    1304
 NTHETH =    2972 MTHETA =    1762 NPHIH =    5674 MPHIA  =    6014
 NHPARM =       0 NPARM  =       0 NNB   =   84524 NRES   =   17727
 NBONA  =    1304 NTHETA =    1762 NPHIA =    6014 NUMBND =      86
 NUMANG =     201 NPTRA  =     426 NATYP =      44 NPHB   =       0
 IFBOX  =       2 NMXRS  =      24 IFCAP =       0 NEXTRA =       0
 NCOPY  =       0

| Coordinate Index Table dimensions:    13   13   13
| Direct force subcell size =     7.1378    7.1378    7.1378

     BOX TYPE: TRUNCATED OCTAHEDRON

--------------------------------------------------------------------------------
   2.  CONTROL  DATA  FOR  THE  RUN
--------------------------------------------------------------------------------

default_name                                                                    

General flags:
     imin    =       0, nmropt  =       0

Nature and format of input:
     ntx     =       1, irest   =       0, ntrx    =       1

Nature and format of output:
     ntxo    =       2, ntpr    =     500, ntrx    =       1, ntwr    =   10000
     iwrap   =       1, ntwx    =     500, ntwv    =       0, ntwe    =       0
     ioutfm  =       1, ntwprt  =       0, idecomp =       0, rbornstat=      0

Potential function:
     ntf     =       2, ntb     =       1, igb     =       0, nsnb    =      25
     ipol    =       0, gbsa    =       0, iesp    =       0
     dielc   =   1.00000, cut     =  10.00000, intdiel =   1.00000

Frozen or restrained atoms:
     ibelly  =       0, ntr     =       1
     restraint_wt =   1.00000

Molecular dynamics:
     nstlim  =     10000, nscm    =         0, nrespa  =         1
     t       =   0.00000, dt      =   0.00200, vlimit  =  20.00000

Langevin dynamics temperature regulation:
     ig      =  883650
     temp0   = 298.00000, tempi   = 298.00000, gamma_ln=   1.00000

SHAKE:
     ntc     =       2, jfastw  =       0
     tol     =   0.00001

| Intermolecular bonds treatment:
|     no_intermolecular_bonds =       1

| Energy averages sample interval:
|     ene_avg_sampling =     500

Ewald parameters:
     verbose =       0, ew_type =       0, nbflag  =       1, use_pme =       1
     vdwmeth =       1, eedmeth =       1, netfrc  =       1
     Box X =   92.791   Box Y =   92.791   Box Z =   92.791
     Alpha =  109.471   Beta  =  109.471   Gamma =  109.471
     NFFT1 =   96       NFFT2 =   96       NFFT3 =   96
     Cutoff=   10.000   Tol   =0.100E-04
     Ewald Coefficient =  0.27511
     Interpolation order =    4

| PMEMD ewald parallel performance parameters:
|     block_fft =    0
|     fft_blk_y_divisor =    2
|     excl_recip =    0
|     excl_master =    0
|     atm_redist_freq =  320

    LOADING THE CONSTRAINED ATOMS AS GROUPS


   5.  REFERENCE ATOM COORDINATES

  default_name                                                                    
     Mask !:WAT & !@H; matches  2434 atoms

--------------------------------------------------------------------------------
   3.  ATOMIC COORDINATES AND VELOCITIES
--------------------------------------------------------------------------------

default_name                                                                    
 begin time read from input coords =     0.000 ps

 
 Number of triangulated 3-point waters found:    17561

     Sum of charges from parm topology file =  -0.00001920
     Forcing neutrality...

| Dynamic Memory, Types Used:
| Reals             2414668
| Integers          2210622

| Nonbonded Pairs Initial Allocation:     2706799

| Running AMBER/MPI version on    8 MPI task

 
--------------------------------------------------------------------------------
   4.  RESULTS
--------------------------------------------------------------------------------

 ---------------------------------------------------
 APPROXIMATING switch and d/dx switch using CUBIC SPLINE INTERPOLATION
 using   5000.0 points per unit in tabled values
 TESTING RELATIVE ERROR over r ranging from 0.0 to cutoff
| CHECK switch(x): max rel err =   0.3316E-14   at   2.351880
| CHECK d/dx switch(x): max rel err =   0.8066E-11   at   2.747240
 ---------------------------------------------------
|---------------------------------------------------
| APPROXIMATING direct energy using CUBIC SPLINE INTERPOLATION
|  with   50.0 points per unit in tabled values
| Relative Error Limit not exceeded for r .gt.   2.34
| APPROXIMATING direct force using CUBIC SPLINE INTERPOLATION
|  with   50.0 points per unit in tabled values
| Relative Error Limit not exceeded for r .gt.   2.81
|---------------------------------------------------

 NSTEP =        0   TIME(PS) =       0.000  TEMP(K) =   442.18  PRESS =     0.0
 Etot   =   -236381.3630  EKtot   =     49129.0173  EPtot      =   -285510.3803
 BOND   =       131.1100  ANGLE   =       512.5179  DIHED      =     -1556.9584
 1-4 NB =       531.9967  1-4 EEL =      9760.0542  VDWAALS    =     60173.5539
 EELEC  =   -355062.6544  EHBOND  =         0.0000  RESTRAINT  =         0.0000
 Ewald error estimate:   0.6456E-04
 ------------------------------------------------------------------------------


 NSTEP =      500   TIME(PS) =       1.000  TEMP(K) =   243.51  PRESS =     0.0
 Etot   =   -183377.5943  EKtot   =     27055.8035  EPtot      =   -210433.3978
 BOND   =       470.9237  ANGLE   =      1273.2129  DIHED      =     -1401.5615
 1-4 NB =       573.5265  1-4 EEL =      9735.1129  VDWAALS    =     37646.2291
 EELEC  =   -258885.4062  EHBOND  =         0.0000  RESTRAINT  =       154.5646
 EAMBER (non-restraint)  =   -210587.9625
 Ewald error estimate:   0.5477E-04
 ------------------------------------------------------------------------------


 NSTEP =     1000   TIME(PS) =       2.000  TEMP(K) =   273.15  PRESS =     0.0
 Etot   =   -175079.1667  EKtot   =     30348.9483  EPtot      =   -205428.1150
 BOND   =       479.7063  ANGLE   =      1362.6736  DIHED      =     -1373.0719
 1-4 NB =       595.3871  1-4 EEL =      9823.3844  VDWAALS    =     36253.6452
 EELEC  =   -252753.7004  EHBOND  =         0.0000  RESTRAINT  =       183.8606
 EAMBER (non-restraint)  =   -205611.9756
 Ewald error estimate:   0.1958E-03
 ------------------------------------------------------------------------------


 NSTEP =     1500   TIME(PS) =       3.000  TEMP(K) =   285.33  PRESS =     0.0
 Etot   =   -171460.0361  EKtot   =     31702.0094  EPtot      =   -203162.0455
 BOND   =       516.1834  ANGLE   =      1421.1250  DIHED      =     -1361.2601
 1-4 NB =       596.5542  1-4 EEL =      9764.6880  VDWAALS    =     35267.2028
 EELEC  =   -249550.4129  EHBOND  =         0.0000  RESTRAINT  =       183.8740
 EAMBER (non-restraint)  =   -203345.9195
 Ewald error estimate:   0.7063E-04
 ------------------------------------------------------------------------------


 NSTEP =     2000   TIME(PS) =       4.000  TEMP(K) =   292.00  PRESS =     0.0
 Etot   =   -169638.6385  EKtot   =     32442.5209  EPtot      =   -202081.1594
 BOND   =       514.5168  ANGLE   =      1495.5467  DIHED      =     -1362.8910
 1-4 NB =       612.3827  1-4 EEL =      9767.3401  VDWAALS    =     34309.1853
 EELEC  =   -247606.5900  EHBOND  =         0.0000  RESTRAINT  =       189.3500
 EAMBER (non-restraint)  =   -202270.5094
 Ewald error estimate:   0.6078E-04
 ------------------------------------------------------------------------------


 NSTEP =     2500   TIME(PS) =       5.000  TEMP(K) =   294.51  PRESS =     0.0
 Etot   =   -168297.1124  EKtot   =     32721.7791  EPtot      =   -201018.8915
 BOND   =       547.4052  ANGLE   =      1468.1178  DIHED      =     -1392.4213
 1-4 NB =       602.7887  1-4 EEL =      9754.8999  VDWAALS    =     34382.7429
 EELEC  =   -246581.2286  EHBOND  =         0.0000  RESTRAINT  =       198.8038
 EAMBER (non-restraint)  =   -201217.6953
 Ewald error estimate:   0.6924E-04
 ------------------------------------------------------------------------------


 NSTEP =     3000   TIME(PS) =       6.000  TEMP(K) =   296.86  PRESS =     0.0
 Etot   =   -167720.0340  EKtot   =     32983.3210  EPtot      =   -200703.3550
 BOND   =       545.6429  ANGLE   =      1461.9208  DIHED      =     -1361.3992
 1-4 NB =       593.1407  1-4 EEL =      9763.5700  VDWAALS    =     33319.9522
 EELEC  =   -245225.2816  EHBOND  =         0.0000  RESTRAINT  =       199.0992
 EAMBER (non-restraint)  =   -200902.4541
 Ewald error estimate:   0.6606E-04
 ------------------------------------------------------------------------------


 NSTEP =     3500   TIME(PS) =       7.000  TEMP(K) =   296.39  PRESS =     0.0
 Etot   =   -167628.1232  EKtot   =     32930.4632  EPtot      =   -200558.5864
 BOND   =       495.5959  ANGLE   =      1456.4385  DIHED      =     -1349.4744
 1-4 NB =       606.6368  1-4 EEL =      9843.3557  VDWAALS    =     33776.4248
 EELEC  =   -245578.1887  EHBOND  =         0.0000  RESTRAINT  =       190.6250
 EAMBER (non-restraint)  =   -200749.2114
 Ewald error estimate:   0.9663E-05
 ------------------------------------------------------------------------------


 NSTEP =     4000   TIME(PS) =       8.000  TEMP(K) =   296.84  PRESS =     0.0
 Etot   =   -167450.6131  EKtot   =     32981.0428  EPtot      =   -200431.6559
 BOND   =       519.8449  ANGLE   =      1398.8674  DIHED      =     -1380.2749
 1-4 NB =       594.1003  1-4 EEL =      9765.4947  VDWAALS    =     33799.8935
 EELEC  =   -245329.6874  EHBOND  =         0.0000  RESTRAINT  =       200.1056
 EAMBER (non-restraint)  =   -200631.7615
 Ewald error estimate:   0.9579E-04
 ------------------------------------------------------------------------------


 NSTEP =     4500   TIME(PS) =       9.000  TEMP(K) =   296.84  PRESS =     0.0
 Etot   =   -167270.3020  EKtot   =     32981.2201  EPtot      =   -200251.5220
 BOND   =       515.1392  ANGLE   =      1477.6141  DIHED      =     -1350.0102
 1-4 NB =       602.2029  1-4 EEL =      9779.0573  VDWAALS    =     33872.2343
 EELEC  =   -245342.6361  EHBOND  =         0.0000  RESTRAINT  =       194.8765
 EAMBER (non-restraint)  =   -200446.3985
 Ewald error estimate:   0.5120E-04
 ------------------------------------------------------------------------------


 NSTEP =     5000   TIME(PS) =      10.000  TEMP(K) =   297.41  PRESS =     0.0
 Etot   =   -167164.6945  EKtot   =     33043.4507  EPtot      =   -200208.1452
 BOND   =       513.9357  ANGLE   =      1384.0556  DIHED      =     -1358.1119
 1-4 NB =       603.3891  1-4 EEL =      9764.0334  VDWAALS    =     33349.9391
 EELEC  =   -244673.6742  EHBOND  =         0.0000  RESTRAINT  =       208.2881
 EAMBER (non-restraint)  =   -200416.4333
 Ewald error estimate:   0.2607E-04
 ------------------------------------------------------------------------------


 NSTEP =     5500   TIME(PS) =      11.000  TEMP(K) =   297.12  PRESS =     0.0
 Etot   =   -167081.8113  EKtot   =     33011.8488  EPtot      =   -200093.6601
 BOND   =       519.9014  ANGLE   =      1446.9968  DIHED      =     -1353.1765
 1-4 NB =       611.9177  1-4 EEL =      9761.4401  VDWAALS    =     33283.4299
 EELEC  =   -244573.3400  EHBOND  =         0.0000  RESTRAINT  =       209.1705
 EAMBER (non-restraint)  =   -200302.8306
 Ewald error estimate:   0.6460E-04
 ------------------------------------------------------------------------------


 NSTEP =     6000   TIME(PS) =      12.000  TEMP(K) =   297.79  PRESS =     0.0
 Etot   =   -167247.0430  EKtot   =     33086.6055  EPtot      =   -200333.6485
 BOND   =       534.6543  ANGLE   =      1456.1189  DIHED      =     -1379.1670
 1-4 NB =       602.7192  1-4 EEL =      9758.2269  VDWAALS    =     33353.7569
 EELEC  =   -244857.3137  EHBOND  =         0.0000  RESTRAINT  =       197.3560
 EAMBER (non-restraint)  =   -200531.0045
 Ewald error estimate:   0.5319E-04
 ------------------------------------------------------------------------------


 NSTEP =     6500   TIME(PS) =      13.000  TEMP(K) =   297.06  PRESS =     0.0
 Etot   =   -167113.3621  EKtot   =     33005.2611  EPtot      =   -200118.6233
 BOND   =       538.8192  ANGLE   =      1442.3323  DIHED      =     -1360.4545
 1-4 NB =       608.8599  1-4 EEL =      9757.5249  VDWAALS    =     33440.7702
 EELEC  =   -244743.3738  EHBOND  =         0.0000  RESTRAINT  =       196.8985
 EAMBER (non-restraint)  =   -200315.5218
 Ewald error estimate:   0.4348E-04
 ------------------------------------------------------------------------------


 NSTEP =     7000   TIME(PS) =      14.000  TEMP(K) =   300.19  PRESS =     0.0
 Etot   =   -166769.4204  EKtot   =     33353.4128  EPtot      =   -200122.8332
 BOND   =       533.1162  ANGLE   =      1456.8164  DIHED      =     -1365.9135
 1-4 NB =       599.9935  1-4 EEL =      9742.4140  VDWAALS    =     33035.9298
 EELEC  =   -244324.3385  EHBOND  =         0.0000  RESTRAINT  =       199.1488
 EAMBER (non-restraint)  =   -200321.9820
 Ewald error estimate:   0.6025E-04
 ------------------------------------------------------------------------------


 NSTEP =     7500   TIME(PS) =      15.000  TEMP(K) =   299.05  PRESS =     0.0
 Etot   =   -166906.8378  EKtot   =     33226.5233  EPtot      =   -200133.3611
 BOND   =       534.0892  ANGLE   =      1462.2143  DIHED      =     -1338.9917
 1-4 NB =       606.2967  1-4 EEL =      9671.7136  VDWAALS    =     33221.6437
 EELEC  =   -244485.2928  EHBOND  =         0.0000  RESTRAINT  =       194.9660
 EAMBER (non-restraint)  =   -200328.3271
 Ewald error estimate:   0.1418E-04
 ------------------------------------------------------------------------------


 NSTEP =     8000   TIME(PS) =      16.000  TEMP(K) =   295.77  PRESS =     0.0
 Etot   =   -166883.6359  EKtot   =     32862.0324  EPtot      =   -199745.6684
 BOND   =       535.0953  ANGLE   =      1507.7453  DIHED      =     -1313.3408
 1-4 NB =       596.1337  1-4 EEL =      9734.7494  VDWAALS    =     33427.4244
 EELEC  =   -244437.8494  EHBOND  =         0.0000  RESTRAINT  =       204.3736
 EAMBER (non-restraint)  =   -199950.0420
 Ewald error estimate:   0.1594E-04
 ------------------------------------------------------------------------------


 NSTEP =     8500   TIME(PS) =      17.000  TEMP(K) =   297.40  PRESS =     0.0
 Etot   =   -167212.7470  EKtot   =     33042.7112  EPtot      =   -200255.4582
 BOND   =       496.7600  ANGLE   =      1525.5238  DIHED      =     -1382.2283
 1-4 NB =       592.7549  1-4 EEL =      9748.8031  VDWAALS    =     33415.5608
 EELEC  =   -244859.9354  EHBOND  =         0.0000  RESTRAINT  =       207.3029
 EAMBER (non-restraint)  =   -200462.7611
 Ewald error estimate:   0.1137E-03
 ------------------------------------------------------------------------------


 NSTEP =     9000   TIME(PS) =      18.000  TEMP(K) =   296.30  PRESS =     0.0
 Etot   =   -167372.8880  EKtot   =     32920.5171  EPtot      =   -200293.4050
 BOND   =       542.5193  ANGLE   =      1487.9763  DIHED      =     -1349.3827
 1-4 NB =       611.3315  1-4 EEL =      9764.8242  VDWAALS    =     33530.3608
 EELEC  =   -245090.9031  EHBOND  =         0.0000  RESTRAINT  =       209.8687
 EAMBER (non-restraint)  =   -200503.2737
 Ewald error estimate:   0.4415E-04
 ------------------------------------------------------------------------------


 NSTEP =     9500   TIME(PS) =      19.000  TEMP(K) =   295.94  PRESS =     0.0
 Etot   =   -167322.9160  EKtot   =     32880.6567  EPtot      =   -200203.5727
 BOND   =       545.4701  ANGLE   =      1514.9325  DIHED      =     -1359.9786
 1-4 NB =       595.5700  1-4 EEL =      9748.9115  VDWAALS    =     33141.4239
 EELEC  =   -244601.6841  EHBOND  =         0.0000  RESTRAINT  =       211.7820
 EAMBER (non-restraint)  =   -200415.3547
 Ewald error estimate:   0.9087E-04
 ------------------------------------------------------------------------------


 NSTEP =    10000   TIME(PS) =      20.000  TEMP(K) =   298.43  PRESS =     0.0
 Etot   =   -166836.7855  EKtot   =     33157.4565  EPtot      =   -199994.2420
 BOND   =       515.0451  ANGLE   =      1509.3282  DIHED      =     -1361.6652
 1-4 NB =       620.9666  1-4 EEL =      9786.9429  VDWAALS    =     33445.8019
 EELEC  =   -244702.1380  EHBOND  =         0.0000  RESTRAINT  =       191.4766
 EAMBER (non-restraint)  =   -200185.7186
 Ewald error estimate:   0.6204E-04
 ------------------------------------------------------------------------------


      A V E R A G E S   O V E R      20 S T E P S


 NSTEP =    10000   TIME(PS) =      20.000  TEMP(K) =   292.40  PRESS =     0.0
 Etot   =   -168791.6881  EKtot   =     32486.8792  EPtot      =   -201278.5673
 BOND   =       520.7182  ANGLE   =      1450.4779  DIHED      =     -1362.7388
 1-4 NB =       601.3326  1-4 EEL =      9761.8243  VDWAALS    =     33963.6776
 EELEC  =   -246410.1487  EHBOND  =         0.0000  RESTRAINT  =       196.2896
 EAMBER (non-restraint)  =   -201474.8569
 Ewald error estimate:   0.6312E-04
 ------------------------------------------------------------------------------


      R M S  F L U C T U A T I O N S


 NSTEP =    10000   TIME(PS) =      20.000  TEMP(K) =    12.64  PRESS =     0.0
 Etot   =      3869.8828  EKtot   =      1404.0382  EPtot      =      2475.0517
 BOND   =        21.2353  ANGLE   =        58.5399  DIHED      =        18.8595
 1-4 NB =         9.8094  1-4 EEL =        33.0099  VDWAALS    =      1137.9845
 EELEC  =      3503.2374  EHBOND  =         0.0000  RESTRAINT  =        12.4823
 EAMBER (non-restraint)  =      2462.5694
 Ewald error estimate:   0.4002E-04
 ------------------------------------------------------------------------------

--------------------------------------------------------------------------------
   5.  TIMINGS
--------------------------------------------------------------------------------

|  NonSetup CPU Time in Major Routines, Average for All Tasks:
|
|     Routine           Sec        %
|     ------------------------------
|     DataDistrib       9.95    3.07
|     Nonbond         296.13   91.40
|     Bond              0.08    0.02
|     Angle             0.45    0.14
|     Dihedral          1.98    0.61
|     Shake             1.97    0.61
|     RunMD            13.38    4.13
|     Other             0.04    0.01
|     ------------------------------
|     Total           323.97

|  PME Nonbond Pairlist CPU Time, Average for All Tasks:
|
|     Routine              Sec        %
|     ---------------------------------
|     Set Up Cit           1.20    0.37
|     Build List          44.38   13.70
|     ---------------------------------
|     Total               45.58   14.07

|  PME Direct Force CPU Time, Average for All Tasks:
|
|     Routine              Sec        %
|     ---------------------------------
|     NonBonded Calc     189.83   58.60
|     Exclude Masked       2.61    0.81
|     Other                6.66    2.06
|     ---------------------------------
|     Total              199.11   61.46

|  PME Reciprocal Force CPU Time, Average for All Tasks:
|
|     Routine              Sec        %
|     ---------------------------------
|     1D bspline           5.62    1.74
|     Grid Charges         6.02    1.86
|     Scalar Sum           2.59    0.80
|     Gradient Sum         8.37    2.58
|     FFT                 28.75    8.87
|     ---------------------------------
|     Total               51.36   15.85

|  PME Load Balancing CPU Time, Average for All Tasks:
|
|     Routine                 Sec        %
|     ------------------------------------
|     Atom Reassign           0.01    0.00
|     Image Reassign          0.01    0.00
|     FFT Reassign            0.00    0.00
|     ------------------------------------
|     Total                   0.01    0.00

|  Final Performance Info:
|     -----------------------------------------------------
|     Average timings for last       1 steps:
|     Elapsed(s) =       0.00 Per Step(ms) =       2.74
|         ns/day =      62.97   seconds/ns =    1372.07
|
|     Average timings for all steps:
|     Elapsed(s) =     324.06 Per Step(ms) =      32.41
|         ns/day =       5.33   seconds/ns =   16202.92
|     -----------------------------------------------------

|  Master Setup CPU time:            0.20 seconds
|  Master NonSetup CPU time:       323.96 seconds
|  Master Total CPU time:          324.16 seconds     0.09 hours

|  Master Setup wall time:           0    seconds
|  Master NonSetup wall time:      324    seconds
|  Master Total wall time:         324    seconds     0.09 hours
