MPI startup(): PMI server not found. Please set I_MPI_PMI_LIBRARY variable if it is not a singleton case.
Updating system with the options from the configuration file
Maximum wallclock time: 2:00:00

Thu Mar 28 06:55:03 2024
Iteration 1 (1000 requested)
Beginning iteration 1
6 segments remain in iteration 1 (6 total)
1 of 34 (2.941176%) active bins are populated
per-bin minimum non-zero probability:       1
per-bin maximum probability:                1
per-bin probability dynamic range (kT):     0
per-segment minimum non-zero probability:   0.166667
per-segment maximum non-zero probability:   0.166667
per-segment probability dynamic range (kT): 0
norm = 1, error in norm = -1.11022e-16 (-0.5*epsilon)
Iteration wallclock: 0:00:46.288337, cputime: 0:03:02.083830


Thu Mar 28 06:55:50 2024
Iteration 2 (1000 requested)
Beginning iteration 2
12 segments remain in iteration 2 (12 total)
2 of 34 (5.882353%) active bins are populated
per-bin minimum non-zero probability:       0.333333
per-bin maximum probability:                0.666667
per-bin probability dynamic range (kT):     0.693147
per-segment minimum non-zero probability:   0.0555556
per-segment maximum non-zero probability:   0.166667
per-segment probability dynamic range (kT): 1.09861
norm = 1, error in norm = 0 (0*epsilon)
Iteration wallclock: 0:01:16.453057, cputime: 0:06:03.951357


Thu Mar 28 06:57:06 2024
Iteration 3 (1000 requested)
Beginning iteration 3
12 segments remain in iteration 3 (12 total)
2 of 34 (5.882353%) active bins are populated
per-bin minimum non-zero probability:       0.277778
per-bin maximum probability:                0.722222
per-bin probability dynamic range (kT):     0.955511
per-segment minimum non-zero probability:   0.0277778
per-segment maximum non-zero probability:   0.166667
per-segment probability dynamic range (kT): 1.79176
norm = 1, error in norm = 0 (0*epsilon)
Iteration wallclock: 0:01:13.295828, cputime: 0:06:03.924420


Thu Mar 28 06:58:19 2024
Iteration 4 (1000 requested)
Beginning iteration 4
18 segments remain in iteration 4 (18 total)
3 of 34 (8.823529%) active bins are populated
per-bin minimum non-zero probability:       0.166667
per-bin maximum probability:                0.666667
per-bin probability dynamic range (kT):     1.38629
per-segment minimum non-zero probability:   0.0277778
per-segment maximum non-zero probability:   0.166667
per-segment probability dynamic range (kT): 1.79176
norm = 1, error in norm = 0 (0*epsilon)
Iteration wallclock: 0:01:51.094039, cputime: 0:09:06.016339


Thu Mar 28 07:00:10 2024
Iteration 5 (1000 requested)
Beginning iteration 5
18 segments remain in iteration 5 (18 total)
3 of 34 (8.823529%) active bins are populated
per-bin minimum non-zero probability:       0.111111
per-bin maximum probability:                0.472222
per-bin probability dynamic range (kT):     1.44692
per-segment minimum non-zero probability:   0.0185185
per-segment maximum non-zero probability:   0.111111
per-segment probability dynamic range (kT): 1.79176
norm = 1, error in norm = 0 (0*epsilon)
Iteration wallclock: 0:01:52.839580, cputime: 0:09:05.850555


Thu Mar 28 07:02:03 2024
Iteration 6 (1000 requested)
Beginning iteration 6
12 segments remain in iteration 6 (12 total)
2 of 34 (5.882353%) active bins are populated
per-bin minimum non-zero probability:       0.259259
per-bin maximum probability:                0.740741
per-bin probability dynamic range (kT):     1.04982
per-segment minimum non-zero probability:   0.037037
per-segment maximum non-zero probability:   0.157407
per-segment probability dynamic range (kT): 1.44692
norm = 1, error in norm = -2.22045e-16 (-1*epsilon)
Iteration wallclock: 0:01:13.540059, cputime: 0:06:02.831815


Thu Mar 28 07:03:17 2024
Iteration 7 (1000 requested)
Beginning iteration 7
18 segments remain in iteration 7 (18 total)
3 of 34 (8.823529%) active bins are populated
per-bin minimum non-zero probability:       0.111111
per-bin maximum probability:                0.527778
per-bin probability dynamic range (kT):     1.55814
per-segment minimum non-zero probability:   0.0185185
per-segment maximum non-zero probability:   0.111111
per-segment probability dynamic range (kT): 1.79176
norm = 1, error in norm = 0 (0*epsilon)
Iteration wallclock: 0:01:53.008416, cputime: 0:09:07.072917


Thu Mar 28 07:05:10 2024
Iteration 8 (1000 requested)
Beginning iteration 8
12 segments remain in iteration 8 (12 total)
2 of 34 (5.882353%) active bins are populated
per-bin minimum non-zero probability:       0.421296
per-bin maximum probability:                0.578704
per-bin probability dynamic range (kT):     0.317454
per-segment minimum non-zero probability:   0.037037
per-segment maximum non-zero probability:   0.111111
per-segment probability dynamic range (kT): 1.09861
norm = 1, error in norm = 0 (0*epsilon)
Iteration wallclock: 0:01:13.858381, cputime: 0:06:04.567697


Thu Mar 28 07:06:24 2024
Iteration 9 (1000 requested)
Beginning iteration 9
12 segments remain in iteration 9 (12 total)
2 of 34 (5.882353%) active bins are populated
per-bin minimum non-zero probability:       0.412037
per-bin maximum probability:                0.587963
per-bin probability dynamic range (kT):     0.355551
per-segment minimum non-zero probability:   0.037037
per-segment maximum non-zero probability:   0.111111
per-segment probability dynamic range (kT): 1.09861
norm = 1, error in norm = -1.11022e-16 (-0.5*epsilon)
Iteration wallclock: 0:01:13.478744, cputime: 0:06:04.028422


Thu Mar 28 07:07:37 2024
Iteration 10 (1000 requested)
Beginning iteration 10
12 segments remain in iteration 10 (12 total)
2 of 34 (5.882353%) active bins are populated
per-bin minimum non-zero probability:       0.305556
per-bin maximum probability:                0.694444
per-bin probability dynamic range (kT):     0.820981
per-segment minimum non-zero probability:   0.0416667
per-segment maximum non-zero probability:   0.157407
per-segment probability dynamic range (kT): 1.32914
norm = 1, error in norm = -1.11022e-16 (-0.5*epsilon)
Iteration wallclock: 0:01:13.592454, cputime: 0:06:05.596779


Thu Mar 28 07:08:51 2024
Iteration 11 (1000 requested)
Beginning iteration 11
12 segments remain in iteration 11 (12 total)
2 of 34 (5.882353%) active bins are populated
per-bin minimum non-zero probability:       0.365741
per-bin maximum probability:                0.634259
per-bin probability dynamic range (kT):     0.550533
per-segment minimum non-zero probability:   0.0462963
per-segment maximum non-zero probability:   0.111111
per-segment probability dynamic range (kT): 0.875469
norm = 1, error in norm = 0 (0*epsilon)
Iteration wallclock: 0:01:13.555348, cputime: 0:06:06.674748


Thu Mar 28 07:10:04 2024
Iteration 12 (1000 requested)
Beginning iteration 12
12 segments remain in iteration 12 (12 total)
2 of 34 (5.882353%) active bins are populated
per-bin minimum non-zero probability:       0.489198
per-bin maximum probability:                0.510802
per-bin probability dynamic range (kT):     0.0432166
per-segment minimum non-zero probability:   0.0462963
per-segment maximum non-zero probability:   0.111111
per-segment probability dynamic range (kT): 0.875469
norm = 1, error in norm = 0 (0*epsilon)
Iteration wallclock: 0:01:13.147516, cputime: 0:06:05.935221


Thu Mar 28 07:11:17 2024
Iteration 13 (1000 requested)
Beginning iteration 13
18 segments remain in iteration 13 (18 total)
3 of 34 (8.823529%) active bins are populated
per-bin minimum non-zero probability:       0.0524691
per-bin maximum probability:                0.575617
per-bin probability dynamic range (kT):     2.39522
per-segment minimum non-zero probability:   0.00874486
per-segment maximum non-zero probability:   0.111111
per-segment probability dynamic range (kT): 2.54207
norm = 1, error in norm = 0 (0*epsilon)
Iteration wallclock: 0:01:48.582085, cputime: 0:09:11.064249


Thu Mar 28 07:13:06 2024
Iteration 14 (1000 requested)
Beginning iteration 14
12 segments remain in iteration 14 (12 total)
2 of 34 (5.882353%) active bins are populated
per-bin minimum non-zero probability:       0.453704
per-bin maximum probability:                0.546296
per-bin probability dynamic range (kT):     0.185717
per-segment minimum non-zero probability:   0.0555556
per-segment maximum non-zero probability:   0.111111
per-segment probability dynamic range (kT): 0.693147
norm = 1, error in norm = -1.11022e-16 (-0.5*epsilon)
Iteration wallclock: 0:01:14.349759, cputime: 0:06:07.289767


Thu Mar 28 07:14:20 2024
Iteration 15 (1000 requested)
Beginning iteration 15
12 segments remain in iteration 15 (12 total)
2 of 34 (5.882353%) active bins are populated
per-bin minimum non-zero probability:       0.277778
per-bin maximum probability:                0.722222
per-bin probability dynamic range (kT):     0.955511
per-segment minimum non-zero probability:   0.037037
per-segment maximum non-zero probability:   0.169753
per-segment probability dynamic range (kT): 1.52243
norm = 1, error in norm = -1.11022e-16 (-0.5*epsilon)
Iteration wallclock: 0:01:13.752565, cputime: 0:06:07.454241


Thu Mar 28 07:15:34 2024
Iteration 16 (1000 requested)
Beginning iteration 16
12 segments remain in iteration 16 (12 total)
2 of 34 (5.882353%) active bins are populated
per-bin minimum non-zero probability:       0.439815
per-bin maximum probability:                0.560185
per-bin probability dynamic range (kT):     0.241914
per-segment minimum non-zero probability:   0.037037
per-segment maximum non-zero probability:   0.134259
per-segment probability dynamic range (kT): 1.28785
norm = 1, error in norm = -2.22045e-16 (-1*epsilon)
Iteration wallclock: 0:01:12.329489, cputime: 0:06:05.398718


Thu Mar 28 07:16:47 2024
Iteration 17 (1000 requested)
Beginning iteration 17
12 segments remain in iteration 17 (12 total)
2 of 34 (5.882353%) active bins are populated
per-bin minimum non-zero probability:       0.317901
per-bin maximum probability:                0.682099
per-bin probability dynamic range (kT):     0.763434
per-segment minimum non-zero probability:   0.0424383
per-segment maximum non-zero probability:   0.134259
per-segment probability dynamic range (kT): 1.15172
norm = 1, error in norm = 0 (0*epsilon)
Iteration wallclock: 0:01:11.943745, cputime: 0:06:04.132600


Thu Mar 28 07:17:58 2024
Iteration 18 (1000 requested)
Beginning iteration 18
12 segments remain in iteration 18 (12 total)
2 of 34 (5.882353%) active bins are populated
per-bin minimum non-zero probability:       0.46142
per-bin maximum probability:                0.53858
per-bin probability dynamic range (kT):     0.154628
per-segment minimum non-zero probability:   0.0424383
per-segment maximum non-zero probability:   0.12963
per-segment probability dynamic range (kT): 1.11663
norm = 1, error in norm = -1.11022e-16 (-0.5*epsilon)
Iteration wallclock: 0:01:14.483364, cputime: 0:06:04.520431


Thu Mar 28 07:19:13 2024
Iteration 19 (1000 requested)
Beginning iteration 19
12 segments remain in iteration 19 (12 total)
2 of 34 (5.882353%) active bins are populated
per-bin minimum non-zero probability:       0.250772
per-bin maximum probability:                0.749228
per-bin probability dynamic range (kT):     1.0945
per-segment minimum non-zero probability:   0.0324074
per-segment maximum non-zero probability:   0.158951
per-segment probability dynamic range (kT): 1.59021
norm = 1, error in norm = 0 (0*epsilon)
Iteration wallclock: 0:01:14.853825, cputime: 0:06:04.833418


Thu Mar 28 07:20:28 2024
Iteration 20 (1000 requested)
Beginning iteration 20
12 segments remain in iteration 20 (12 total)
2 of 34 (5.882353%) active bins are populated
per-bin minimum non-zero probability:       0.273148
per-bin maximum probability:                0.726852
per-bin probability dynamic range (kT):     0.978708
per-segment minimum non-zero probability:   0.037037
per-segment maximum non-zero probability:   0.158951
per-segment probability dynamic range (kT): 1.45668
norm = 1, error in norm = 0 (0*epsilon)
Iteration wallclock: 0:01:14.803433, cputime: 0:06:04.849093


Thu Mar 28 07:21:43 2024
Iteration 21 (1000 requested)
Beginning iteration 21
12 segments remain in iteration 21 (12 total)
2 of 34 (5.882353%) active bins are populated
per-bin minimum non-zero probability:       0.246914
per-bin maximum probability:                0.753086
per-bin probability dynamic range (kT):     1.11514
per-segment minimum non-zero probability:   0.0329218
per-segment maximum non-zero probability:   0.158951
per-segment probability dynamic range (kT): 1.57446
norm = 1, error in norm = 0 (0*epsilon)
Iteration wallclock: 0:01:12.687814, cputime: 0:06:05.844898


Thu Mar 28 07:22:55 2024
Iteration 22 (1000 requested)
Beginning iteration 22
12 segments remain in iteration 22 (12 total)
2 of 34 (5.882353%) active bins are populated
per-bin minimum non-zero probability:       0.477623
per-bin maximum probability:                0.522377
per-bin probability dynamic range (kT):     0.089566
per-segment minimum non-zero probability:   0.0329218
per-segment maximum non-zero probability:   0.141204
per-segment probability dynamic range (kT): 1.45607
norm = 1, error in norm = 0 (0*epsilon)
Iteration wallclock: 0:01:12.626397, cputime: 0:06:04.261569


Thu Mar 28 07:24:08 2024
Iteration 23 (1000 requested)
Beginning iteration 23
18 segments remain in iteration 23 (18 total)
3 of 34 (8.823529%) active bins are populated
per-bin minimum non-zero probability:       0.0740741
per-bin maximum probability:                0.524177
per-bin probability dynamic range (kT):     1.95676
per-segment minimum non-zero probability:   0.0123457
per-segment maximum non-zero probability:   0.141204
per-segment probability dynamic range (kT): 2.4369
norm = 1, error in norm = -1.11022e-16 (-0.5*epsilon)
Iteration wallclock: 0:01:50.703163, cputime: 0:09:06.783381


Thu Mar 28 07:25:59 2024
Iteration 24 (1000 requested)
Beginning iteration 24
18 segments remain in iteration 24 (18 total)
3 of 34 (8.823529%) active bins are populated
per-bin minimum non-zero probability:       0.0246914
per-bin maximum probability:                0.579218
per-bin probability dynamic range (kT):     3.15523
per-segment minimum non-zero probability:   0.00411523
per-segment maximum non-zero probability:   0.141204
per-segment probability dynamic range (kT): 3.53551
norm = 1, error in norm = -1.11022e-16 (-0.5*epsilon)
Iteration wallclock: 0:01:46.513156, cputime: 0:09:09.550871


Thu Mar 28 07:27:45 2024
Iteration 25 (1000 requested)
Beginning iteration 25
18 segments remain in iteration 25 (18 total)
3 of 34 (8.823529%) active bins are populated
per-bin minimum non-zero probability:       0.120885
per-bin maximum probability:                0.5607
per-bin probability dynamic range (kT):     1.53435
per-segment minimum non-zero probability:   0.0187757
per-segment maximum non-zero probability:   0.128858
per-segment probability dynamic range (kT): 1.92615
norm = 1, error in norm = -1.11022e-16 (-0.5*epsilon)
Iteration wallclock: 0:01:48.697417, cputime: 0:09:08.906046


Thu Mar 28 07:29:34 2024
Iteration 26 (1000 requested)
Beginning iteration 26
12 segments remain in iteration 26 (12 total)
2 of 34 (5.882353%) active bins are populated
per-bin minimum non-zero probability:       0.449846
per-bin maximum probability:                0.550154
per-bin probability dynamic range (kT):     0.201294
per-segment minimum non-zero probability:   0.0470679
per-segment maximum non-zero probability:   0.128858
per-segment probability dynamic range (kT): 1.00712
norm = 1, error in norm = 0 (0*epsilon)
Iteration wallclock: 0:01:12.475374, cputime: 0:06:03.407243


Thu Mar 28 07:30:46 2024
Iteration 27 (1000 requested)
Beginning iteration 27
18 segments remain in iteration 27 (18 total)
3 of 34 (8.823529%) active bins are populated
per-bin minimum non-zero probability:       0.112912
per-bin maximum probability:                0.732253
per-bin probability dynamic range (kT):     1.86952
per-segment minimum non-zero probability:   0.0188186
per-segment maximum non-zero probability:   0.158951
per-segment probability dynamic range (kT): 2.13375
norm = 1, error in norm = 0 (0*epsilon)
Iteration wallclock: 0:02:18.242144, cputime: 0:09:10.700954


Thu Mar 28 07:33:05 2024
Iteration 28 (1000 requested)
Beginning iteration 28
12 segments remain in iteration 28 (12 total)
2 of 34 (5.882353%) active bins are populated
per-bin minimum non-zero probability:       0.367112
per-bin maximum probability:                0.632888
per-bin probability dynamic range (kT):     0.544624
per-segment minimum non-zero probability:   0.0429527
per-segment maximum non-zero probability:   0.151492
per-segment probability dynamic range (kT): 1.26043
norm = 1, error in norm = -1.11022e-16 (-0.5*epsilon)
Iteration wallclock: 0:01:13.013205, cputime: 0:06:03.668888


Thu Mar 28 07:34:18 2024
Iteration 29 (1000 requested)
Beginning iteration 29
18 segments remain in iteration 29 (18 total)
3 of 34 (8.823529%) active bins are populated
per-bin minimum non-zero probability:       0.0941358
per-bin maximum probability:                0.644033
per-bin probability dynamic range (kT):     1.92301
per-segment minimum non-zero probability:   0.0156893
per-segment maximum non-zero probability:   0.151492
per-segment probability dynamic range (kT): 2.26755
norm = 1, error in norm = 0 (0*epsilon)
Iteration wallclock: 0:01:49.094360, cputime: 0:09:09.449350


Thu Mar 28 07:36:07 2024
Iteration 30 (1000 requested)
Beginning iteration 30
18 segments remain in iteration 30 (18 total)
3 of 34 (8.823529%) active bins are populated
per-bin minimum non-zero probability:       0.0156893
per-bin maximum probability:                0.581962
per-bin probability dynamic range (kT):     3.61343
per-segment minimum non-zero probability:   0.00261488
per-segment maximum non-zero probability:   0.132287
per-segment probability dynamic range (kT): 3.92376
norm = 1, error in norm = 0 (0*epsilon)
Iteration wallclock: 0:01:49.175714, cputime: 0:09:10.261267


Thu Mar 28 07:37:56 2024
Iteration 31 (1000 requested)
Beginning iteration 31
18 segments remain in iteration 31 (18 total)
3 of 34 (8.823529%) active bins are populated
per-bin minimum non-zero probability:       0.00261488
per-bin maximum probability:                0.844307
per-bin probability dynamic range (kT):     5.7773
per-segment minimum non-zero probability:   0.000435814
per-segment maximum non-zero probability:   0.185357
per-segment probability dynamic range (kT): 6.05282
norm = 1, error in norm = 0 (0*epsilon)
Iteration wallclock: 0:01:49.304318, cputime: 0:09:08.184716


Thu Mar 28 07:39:45 2024
Iteration 32 (1000 requested)
Beginning iteration 32
12 segments remain in iteration 32 (12 total)
2 of 34 (5.882353%) active bins are populated
per-bin minimum non-zero probability:       0.358646
per-bin maximum probability:                0.641354
per-bin probability dynamic range (kT):     0.581245
per-segment minimum non-zero probability:   0.0239841
per-segment maximum non-zero probability:   0.143861
per-segment probability dynamic range (kT): 1.79146
norm = 1, error in norm = -1.11022e-16 (-0.5*epsilon)
Iteration wallclock: 0:01:12.418731, cputime: 0:06:04.973480


Thu Mar 28 07:40:58 2024
Iteration 33 (1000 requested)
Beginning iteration 33
12 segments remain in iteration 33 (12 total)
2 of 34 (5.882353%) active bins are populated
per-bin minimum non-zero probability:       0.43252
per-bin maximum probability:                0.56748
per-bin probability dynamic range (kT):     0.271576
per-segment minimum non-zero probability:   0.0584134
per-segment maximum non-zero probability:   0.143861
per-segment probability dynamic range (kT): 0.901306
norm = 1, error in norm = 0 (0*epsilon)
Iteration wallclock: 0:01:13.260730, cputime: 0:06:06.108291


Thu Mar 28 07:42:11 2024
Iteration 34 (1000 requested)
Beginning iteration 34
12 segments remain in iteration 34 (12 total)
2 of 34 (5.882353%) active bins are populated
per-bin minimum non-zero probability:       0.499193
per-bin maximum probability:                0.500807
per-bin probability dynamic range (kT):     0.00322931
per-segment minimum non-zero probability:   0.0584134
per-segment maximum non-zero probability:   0.143861
per-segment probability dynamic range (kT): 0.901306
norm = 1, error in norm = 0 (0*epsilon)
Iteration wallclock: 0:01:14.022662, cputime: 0:06:07.733556


Thu Mar 28 07:43:25 2024
Iteration 35 (1000 requested)
Beginning iteration 35
18 segments remain in iteration 35 (18 total)
3 of 34 (8.823529%) active bins are populated
per-bin minimum non-zero probability:       0.143861
per-bin maximum probability:                0.456676
per-bin probability dynamic range (kT):     1.15512
per-segment minimum non-zero probability:   0.0239769
per-segment maximum non-zero probability:   0.111454
per-segment probability dynamic range (kT): 1.53652
norm = 1, error in norm = 0 (0*epsilon)
Iteration wallclock: 0:01:50.575705, cputime: 0:09:08.389778


Thu Mar 28 07:45:16 2024
Iteration 36 (1000 requested)
Beginning iteration 36
24 segments remain in iteration 36 (24 total)
4 of 34 (11.764706%) active bins are populated
per-bin minimum non-zero probability:       0.0239769
per-bin maximum probability:                0.505394
per-bin probability dynamic range (kT):     3.04825
per-segment minimum non-zero probability:   0.00399615
per-segment maximum non-zero probability:   0.111454
per-segment probability dynamic range (kT): 3.32828
norm = 1, error in norm = -1.11022e-16 (-0.5*epsilon)
Iteration wallclock: 0:02:22.714625, cputime: 0:12:08.013550


Thu Mar 28 07:47:38 2024
Iteration 37 (1000 requested)
Beginning iteration 37
18 segments remain in iteration 37 (18 total)
3 of 34 (8.823529%) active bins are populated
per-bin minimum non-zero probability:       0.0359654
per-bin maximum probability:                0.492891
per-bin probability dynamic range (kT):     2.61773
per-segment minimum non-zero probability:   0.00399615
per-segment maximum non-zero probability:   0.111454
per-segment probability dynamic range (kT): 3.32828
norm = 1, error in norm = 0 (0*epsilon)
Iteration wallclock: 0:01:54.447236, cputime: 0:09:08.692294


Thu Mar 28 07:49:33 2024
Iteration 38 (1000 requested)
Beginning iteration 38
18 segments remain in iteration 38 (18 total)
3 of 34 (8.823529%) active bins are populated
per-bin minimum non-zero probability:       0.105998
per-bin maximum probability:                0.456726
per-bin probability dynamic range (kT):     1.46066
per-segment minimum non-zero probability:   0.0160013
per-segment maximum non-zero probability:   0.111454
per-segment probability dynamic range (kT): 1.94094
norm = 1, error in norm = 0 (0*epsilon)
Iteration wallclock: 0:01:48.252214, cputime: 0:09:05.829921


Thu Mar 28 07:51:21 2024
Iteration 39 (1000 requested)
Beginning iteration 39
18 segments remain in iteration 39 (18 total)
3 of 34 (8.823529%) active bins are populated
per-bin minimum non-zero probability:       0.0419763
per-bin maximum probability:                0.534244
per-bin probability dynamic range (kT):     2.54375
per-segment minimum non-zero probability:   0.00533376
per-segment maximum non-zero probability:   0.111454
per-segment probability dynamic range (kT): 3.03956
norm = 1, error in norm = -1.11022e-16 (-0.5*epsilon)
Iteration wallclock: 0:01:51.201949, cputime: 0:09:04.510942


Thu Mar 28 07:53:12 2024
Iteration 40 (1000 requested)
Beginning iteration 40
24 segments remain in iteration 40 (24 total)
4 of 34 (11.764706%) active bins are populated
per-bin minimum non-zero probability:       0.00533376
per-bin maximum probability:                0.837934
per-bin probability dynamic range (kT):     5.05688
per-segment minimum non-zero probability:   0.00088896
per-segment maximum non-zero probability:   0.186971
per-segment probability dynamic range (kT): 5.34866
norm = 1, error in norm = -1.11022e-16 (-0.5*epsilon)
Iteration wallclock: 0:02:24.276679, cputime: 0:12:05.319982


Thu Mar 28 07:55:36 2024
Iteration 41 (1000 requested)
Beginning iteration 41
24 segments remain in iteration 41 (24 total)
4 of 34 (11.764706%) active bins are populated
per-bin minimum non-zero probability:       0.00088896
per-bin maximum probability:                0.578641
per-bin probability dynamic range (kT):     6.47839
per-segment minimum non-zero probability:   0.00014816
per-segment maximum non-zero probability:   0.152413
per-segment probability dynamic range (kT): 6.93606
norm = 1, error in norm = 0 (0*epsilon)
Iteration wallclock: 0:02:25.087905, cputime: 0:12:09.884425


Thu Mar 28 07:58:02 2024
Iteration 42 (1000 requested)
Beginning iteration 42
24 segments remain in iteration 42 (24 total)
4 of 34 (11.764706%) active bins are populated
per-bin minimum non-zero probability:       0.000541146
per-bin maximum probability:                0.550404
per-bin probability dynamic range (kT):     6.92472
per-segment minimum non-zero probability:   9.01909e-05
per-segment maximum non-zero probability:   0.111454
per-segment probability dynamic range (kT): 7.11944
norm = 1, error in norm = 0 (0*epsilon)
Iteration wallclock: 0:02:21.988368, cputime: 0:12:04.671510


Thu Mar 28 08:00:24 2024
Iteration 43 (1000 requested)
Beginning iteration 43
24 segments remain in iteration 43 (24 total)
4 of 34 (11.764706%) active bins are populated
per-bin minimum non-zero probability:       9.01909e-05
per-bin maximum probability:                0.586714
per-bin probability dynamic range (kT):     8.78036
per-segment minimum non-zero probability:   1.50318e-05
per-segment maximum non-zero probability:   0.126833
per-segment probability dynamic range (kT): 9.04046
norm = 1, error in norm = -1.11022e-16 (-0.5*epsilon)
Iteration wallclock: 0:02:26.451278, cputime: 0:12:06.623576


Thu Mar 28 08:02:50 2024
Iteration 44 (1000 requested)
Beginning iteration 44
18 segments remain in iteration 44 (18 total)
3 of 34 (8.823529%) active bins are populated
per-bin minimum non-zero probability:       0.0185757
per-bin maximum probability:                0.656726
per-bin probability dynamic range (kT):     3.56541
per-segment minimum non-zero probability:   0.00309595
per-segment maximum non-zero probability:   0.152213
per-segment probability dynamic range (kT): 3.89519
norm = 1, error in norm = -1.11022e-16 (-0.5*epsilon)
Iteration wallclock: 0:01:48.170398, cputime: 0:09:05.817016


Thu Mar 28 08:04:38 2024
Iteration 45 (1000 requested)
Beginning iteration 45
18 segments remain in iteration 45 (18 total)
3 of 34 (8.823529%) active bins are populated
per-bin minimum non-zero probability:       0.0364766
per-bin maximum probability:                0.855675
per-bin probability dynamic range (kT):     3.15522
per-segment minimum non-zero probability:   0.00607943
per-segment maximum non-zero probability:   0.186635
per-segment probability dynamic range (kT): 3.42424
norm = 1, error in norm = -1.11022e-16 (-0.5*epsilon)
Iteration wallclock: 0:01:52.129432, cputime: 0:09:05.225625


Thu Mar 28 08:06:30 2024
Iteration 46 (1000 requested)
Beginning iteration 46
12 segments remain in iteration 46 (12 total)
2 of 34 (5.882353%) active bins are populated
per-bin minimum non-zero probability:       0.417821
per-bin maximum probability:                0.582179
per-bin probability dynamic range (kT):     0.331726
per-segment minimum non-zero probability:   0.0380135
per-segment maximum non-zero probability:   0.152213
per-segment probability dynamic range (kT): 1.38734
norm = 1, error in norm = -1.11022e-16 (-0.5*epsilon)
Iteration wallclock: 0:01:12.362418, cputime: 0:06:03.417061


Thu Mar 28 08:07:43 2024
Iteration 47 (1000 requested)
Beginning iteration 47
12 segments remain in iteration 47 (12 total)
2 of 34 (5.882353%) active bins are populated
per-bin minimum non-zero probability:       0.40297
per-bin maximum probability:                0.59703
per-bin probability dynamic range (kT):     0.393105
per-segment minimum non-zero probability:   0.0507376
per-segment maximum non-zero probability:   0.139237
per-segment probability dynamic range (kT): 1.00951
norm = 1, error in norm = 0 (0*epsilon)
Iteration wallclock: 0:01:13.224556, cputime: 0:06:06.589246


Thu Mar 28 08:08:56 2024
Iteration 48 (1000 requested)
Beginning iteration 48
12 segments remain in iteration 48 (12 total)
2 of 34 (5.882353%) active bins are populated
per-bin minimum non-zero probability:       0.460333
per-bin maximum probability:                0.539667
per-bin probability dynamic range (kT):     0.159002
per-segment minimum non-zero probability:   0.0507376
per-segment maximum non-zero probability:   0.139237
per-segment probability dynamic range (kT): 1.00951
norm = 1, error in norm = 0 (0*epsilon)
Iteration wallclock: 0:01:15.196923, cputime: 0:06:07.881453


Thu Mar 28 08:10:11 2024
Iteration 49 (1000 requested)
Beginning iteration 49
12 segments remain in iteration 49 (12 total)
2 of 34 (5.882353%) active bins are populated
per-bin minimum non-zero probability:       0.411904
per-bin maximum probability:                0.588096
per-bin probability dynamic range (kT):     0.356102
per-segment minimum non-zero probability:   0.0507376
per-segment maximum non-zero probability:   0.139237
per-segment probability dynamic range (kT): 1.00951
norm = 1, error in norm = 0 (0*epsilon)
Iteration wallclock: 0:01:13.155260, cputime: 0:06:03.075206


Thu Mar 28 08:11:24 2024
Iteration 50 (1000 requested)
Beginning iteration 50
18 segments remain in iteration 50 (18 total)
3 of 34 (8.823529%) active bins are populated
per-bin minimum non-zero probability:       0.116147
per-bin maximum probability:                0.557925
per-bin probability dynamic range (kT):     1.56937
per-segment minimum non-zero probability:   0.0193578
per-segment maximum non-zero probability:   0.139237
per-segment probability dynamic range (kT): 1.97308
norm = 1, error in norm = -1.11022e-16 (-0.5*epsilon)
Iteration wallclock: 0:01:50.268489, cputime: 0:09:05.687370


Thu Mar 28 08:13:15 2024
Iteration 51 (1000 requested)
Beginning iteration 51
12 segments remain in iteration 51 (12 total)
2 of 34 (5.882353%) active bins are populated
per-bin minimum non-zero probability:       0.328033
per-bin maximum probability:                0.671967
per-bin probability dynamic range (kT):     0.717097
per-segment minimum non-zero probability:   0.0464125
per-segment maximum non-zero probability:   0.142052
per-segment probability dynamic range (kT): 1.11863
norm = 1, error in norm = -2.22045e-16 (-1*epsilon)
Iteration wallclock: 0:01:11.204310, cputime: 0:06:00.695973


Thu Mar 28 08:14:26 2024
Iteration 52 (1000 requested)
Beginning iteration 52
12 segments remain in iteration 52 (12 total)
2 of 34 (5.882353%) active bins are populated
per-bin minimum non-zero probability:       0.0464125
per-bin maximum probability:                0.953588
per-bin probability dynamic range (kT):     3.02266
per-segment minimum non-zero probability:   0.00773541
per-segment maximum non-zero probability:   0.218702
per-segment probability dynamic range (kT): 3.3419
norm = 1, error in norm = 0 (0*epsilon)
Iteration wallclock: 0:01:12.190886, cputime: 0:06:03.257997


Thu Mar 28 08:15:38 2024
Iteration 53 (1000 requested)
Beginning iteration 53
12 segments remain in iteration 53 (12 total)
2 of 34 (5.882353%) active bins are populated
per-bin minimum non-zero probability:       0.0154708
per-bin maximum probability:                0.984529
per-bin probability dynamic range (kT):     4.15321
per-segment minimum non-zero probability:   0.00257847
per-segment maximum non-zero probability:   0.218702
per-segment probability dynamic range (kT): 4.44051
norm = 1, error in norm = 0 (0*epsilon)
Iteration wallclock: 0:01:11.750204, cputime: 0:06:03.061832


Thu Mar 28 08:16:50 2024
Iteration 54 (1000 requested)
Beginning iteration 54
18 segments remain in iteration 54 (18 total)
3 of 34 (8.823529%) active bins are populated
per-bin minimum non-zero probability:       0.144631
per-bin maximum probability:                0.508057
per-bin probability dynamic range (kT):     1.25641
per-segment minimum non-zero probability:   0.0236754
per-segment maximum non-zero probability:   0.139568
per-segment probability dynamic range (kT): 1.77411
norm = 1, error in norm = 0 (0*epsilon)
Iteration wallclock: 0:01:48.256334, cputime: 0:09:01.474363


Thu Mar 28 08:18:38 2024
Iteration 55 (1000 requested)
Beginning iteration 55
18 segments remain in iteration 55 (18 total)
3 of 34 (8.823529%) active bins are populated
per-bin minimum non-zero probability:       0.0732414
per-bin maximum probability:                0.710239
per-bin probability dynamic range (kT):     2.27184
per-segment minimum non-zero probability:   0.00991321
per-segment maximum non-zero probability:   0.148721
per-segment probability dynamic range (kT): 2.7082
norm = 1, error in norm = -1.11022e-16 (-0.5*epsilon)
Iteration wallclock: 0:01:51.626012, cputime: 0:09:03.915973


Thu Mar 28 08:20:30 2024
Iteration 56 (1000 requested)
Beginning iteration 56
18 segments remain in iteration 56 (18 total)
3 of 34 (8.823529%) active bins are populated
per-bin minimum non-zero probability:       0.0236754
per-bin maximum probability:                0.88487
per-bin probability dynamic range (kT):     3.621
per-segment minimum non-zero probability:   0.0039459
per-segment maximum non-zero probability:   0.197388
per-segment probability dynamic range (kT): 3.9125
norm = 1, error in norm = 0 (0*epsilon)
Iteration wallclock: 0:01:54.658973, cputime: 0:09:05.236589


Thu Mar 28 08:22:24 2024
Iteration 57 (1000 requested)
Beginning iteration 57
18 segments remain in iteration 57 (18 total)
3 of 34 (8.823529%) active bins are populated
per-bin minimum non-zero probability:       0.0039459
per-bin maximum probability:                0.975771
per-bin probability dynamic range (kT):     5.51055
per-segment minimum non-zero probability:   0.00065765
per-segment maximum non-zero probability:   0.20705
per-segment probability dynamic range (kT): 5.75204
norm = 1, error in norm = 0 (0*epsilon)
Iteration wallclock: 0:01:48.314805, cputime: 0:09:06.580320


Thu Mar 28 08:24:13 2024
Iteration 58 (1000 requested)
Beginning iteration 58
18 segments remain in iteration 58 (18 total)
3 of 34 (8.823529%) active bins are populated
per-bin minimum non-zero probability:       0.0105224
per-bin maximum probability:                0.776232
per-bin probability dynamic range (kT):     4.30095
per-segment minimum non-zero probability:   0.0013153
per-segment maximum non-zero probability:   0.197388
per-segment probability dynamic range (kT): 5.01111
norm = 1, error in norm = 0 (0*epsilon)
Iteration wallclock: 0:01:47.950397, cputime: 0:09:05.322715


Thu Mar 28 08:26:01 2024
Iteration 59 (1000 requested)
Beginning iteration 59
18 segments remain in iteration 59 (18 total)
3 of 34 (8.823529%) active bins are populated
per-bin minimum non-zero probability:       0.147873
per-bin maximum probability:                0.678502
per-bin probability dynamic range (kT):     1.52354
per-segment minimum non-zero probability:   0.0239878
per-segment maximum non-zero probability:   0.148721
per-segment probability dynamic range (kT): 1.82452
norm = 1, error in norm = 0 (0*epsilon)
Iteration wallclock: 0:01:47.523704, cputime: 0:09:03.866830


Thu Mar 28 08:27:48 2024
Iteration 60 (1000 requested)
Beginning iteration 60
18 segments remain in iteration 60 (18 total)
3 of 34 (8.823529%) active bins are populated
per-bin minimum non-zero probability:       0.0986941
per-bin maximum probability:                0.733089
per-bin probability dynamic range (kT):     2.00524
per-segment minimum non-zero probability:   0.016449
per-segment maximum non-zero probability:   0.148721
per-segment probability dynamic range (kT): 2.2018
norm = 1, error in norm = -2.22045e-16 (-1*epsilon)
Iteration wallclock: 0:01:48.866019, cputime: 0:09:08.770311


Thu Mar 28 08:29:37 2024
Iteration 61 (1000 requested)
Beginning iteration 61
18 segments remain in iteration 61 (18 total)
3 of 34 (8.823529%) active bins are populated
per-bin minimum non-zero probability:       0.049347
per-bin maximum probability:                0.816944
per-bin probability dynamic range (kT):     2.80669
per-segment minimum non-zero probability:   0.0082245
per-segment maximum non-zero probability:   0.179807
per-segment probability dynamic range (kT): 3.08476
norm = 1, error in norm = -1.11022e-16 (-0.5*epsilon)
Iteration wallclock: 0:01:48.680154, cputime: 0:09:04.256770


Thu Mar 28 08:31:26 2024
Iteration 62 (1000 requested)
Beginning iteration 62
18 segments remain in iteration 62 (18 total)
3 of 34 (8.823529%) active bins are populated
per-bin minimum non-zero probability:       0.115143
per-bin maximum probability:                0.607019
per-bin probability dynamic range (kT):     1.66239
per-segment minimum non-zero probability:   0.016449
per-segment maximum non-zero probability:   0.139568
per-segment probability dynamic range (kT): 2.13828
norm = 1, error in norm = 0 (0*epsilon)
Iteration wallclock: 0:01:50.204363, cputime: 0:09:03.436895


Thu Mar 28 08:33:16 2024
Iteration 63 (1000 requested)
Beginning iteration 63
18 segments remain in iteration 63 (18 total)
3 of 34 (8.823529%) active bins are populated
per-bin minimum non-zero probability:       0.0932263
per-bin maximum probability:                0.533817
per-bin probability dynamic range (kT):     1.74502
per-segment minimum non-zero probability:   0.0150821
per-segment maximum non-zero probability:   0.139568
per-segment probability dynamic range (kT): 2.22504
norm = 1, error in norm = 0 (0*epsilon)
Iteration wallclock: 0:01:50.664156, cputime: 0:09:05.020688


Thu Mar 28 08:35:06 2024
Iteration 64 (1000 requested)
Beginning iteration 64
18 segments remain in iteration 64 (18 total)
3 of 34 (8.823529%) active bins are populated
per-bin minimum non-zero probability:       0.0150821
per-bin maximum probability:                0.826439
per-bin probability dynamic range (kT):     4.00362
per-segment minimum non-zero probability:   0.00251368
per-segment maximum non-zero probability:   0.179624
per-segment probability dynamic range (kT): 4.26912
norm = 1, error in norm = 0 (0*epsilon)
Iteration wallclock: 0:01:48.990547, cputime: 0:09:00.749705


Thu Mar 28 08:36:55 2024
Iteration 65 (1000 requested)
Beginning iteration 65
18 segments remain in iteration 65 (18 total)
3 of 34 (8.823529%) active bins are populated
per-bin minimum non-zero probability:       0.113145
per-bin maximum probability:                0.763694
per-bin probability dynamic range (kT):     1.9095
per-segment minimum non-zero probability:   0.0149839
per-segment maximum non-zero probability:   0.179624
per-segment probability dynamic range (kT): 2.48389
norm = 1, error in norm = 0 (0*epsilon)
Iteration wallclock: 0:01:48.569031, cputime: 0:09:07.651481


Thu Mar 28 08:38:44 2024
Iteration 66 (1000 requested)
Beginning iteration 66
18 segments remain in iteration 66 (18 total)
3 of 34 (8.823529%) active bins are populated
per-bin minimum non-zero probability:       0.157011
per-bin maximum probability:                0.661991
per-bin probability dynamic range (kT):     1.43894
per-segment minimum non-zero probability:   0.0222588
per-segment maximum non-zero probability:   0.15221
per-segment probability dynamic range (kT): 1.92252
norm = 1, error in norm = 0 (0*epsilon)
Iteration wallclock: 0:01:48.523639, cputime: 0:09:02.556963


Thu Mar 28 08:40:33 2024
Iteration 67 (1000 requested)
Beginning iteration 67
12 segments remain in iteration 67 (12 total)
2 of 34 (5.882353%) active bins are populated
per-bin minimum non-zero probability:       0.493931
per-bin maximum probability:                0.506069
per-bin probability dynamic range (kT):     0.0242772
per-segment minimum non-zero probability:   0.0445176
per-segment maximum non-zero probability:   0.15221
per-segment probability dynamic range (kT): 1.22938
norm = 1, error in norm = -1.11022e-16 (-0.5*epsilon)
Iteration wallclock: 0:01:12.841017, cputime: 0:05:59.455196


Thu Mar 28 08:41:45 2024
Iteration 68 (1000 requested)
Beginning iteration 68
12 segments remain in iteration 68 (12 total)
2 of 34 (5.882353%) active bins are populated
per-bin minimum non-zero probability:       0.186528
per-bin maximum probability:                0.813472
per-bin probability dynamic range (kT):     1.47273
per-segment minimum non-zero probability:   0.0246192
per-segment maximum non-zero probability:   0.175125
per-segment probability dynamic range (kT): 1.96198
norm = 1, error in norm = -2.22045e-16 (-1*epsilon)
Iteration wallclock: 0:01:36.848310, cputime: 0:06:02.930086


Thu Mar 28 08:43:22 2024
Iteration 69 (1000 requested)
Beginning iteration 69
18 segments remain in iteration 69 (18 total)
3 of 34 (8.823529%) active bins are populated
per-bin minimum non-zero probability:       0.107352
per-bin maximum probability:                0.723837
per-bin probability dynamic range (kT):     1.90845
per-segment minimum non-zero probability:   0.0149687
per-segment maximum non-zero probability:   0.175125
per-segment probability dynamic range (kT): 2.45954
norm = 1, error in norm = 0 (0*epsilon)
Iteration wallclock: 0:01:45.610898, cputime: 0:08:56.276651


Thu Mar 28 08:45:08 2024
Iteration 70 (1000 requested)
Beginning iteration 70
24 segments remain in iteration 70 (24 total)
4 of 34 (11.764706%) active bins are populated
per-bin minimum non-zero probability:       0.0277746
per-bin maximum probability:                0.79541
per-bin probability dynamic range (kT):     3.35473
per-segment minimum non-zero probability:   0.00462911
per-segment maximum non-zero probability:   0.175125
per-segment probability dynamic range (kT): 3.63314
norm = 1, error in norm = 0 (0*epsilon)
Iteration wallclock: 0:02:24.335039, cputime: 0:12:04.113004


Thu Mar 28 08:47:32 2024
Iteration 71 (1000 requested)
Beginning iteration 71
24 segments remain in iteration 71 (24 total)
4 of 34 (11.764706%) active bins are populated
per-bin minimum non-zero probability:       0.0204841
per-bin maximum probability:                0.887944
per-bin probability dynamic range (kT):     3.76926
per-segment minimum non-zero probability:   0.00341401
per-segment maximum non-zero probability:   0.19781
per-segment probability dynamic range (kT): 4.05942
norm = 1, error in norm = 0 (0*epsilon)
Iteration wallclock: 0:02:21.836203, cputime: 0:12:00.774365


Thu Mar 28 08:49:54 2024
Iteration 72 (1000 requested)
Beginning iteration 72
18 segments remain in iteration 72 (18 total)
3 of 34 (8.823529%) active bins are populated
per-bin minimum non-zero probability:       0.0204841
per-bin maximum probability:                0.812595
per-bin probability dynamic range (kT):     3.68059
per-segment minimum non-zero probability:   0.00341401
per-segment maximum non-zero probability:   0.19781
per-segment probability dynamic range (kT): 4.05942
norm = 1, error in norm = 0 (0*epsilon)
Iteration wallclock: 0:01:47.047669, cputime: 0:09:01.726227


Thu Mar 28 08:51:41 2024
Iteration 73 (1000 requested)
Beginning iteration 73
18 segments remain in iteration 73 (18 total)
3 of 34 (8.823529%) active bins are populated
per-bin minimum non-zero probability:       0.0492002
per-bin maximum probability:                0.596352
per-bin probability dynamic range (kT):     2.49493
per-segment minimum non-zero probability:   0.00659412
per-segment maximum non-zero probability:   0.15221
per-segment probability dynamic range (kT): 3.13908
norm = 1, error in norm = 0 (0*epsilon)
Iteration wallclock: 0:01:45.283805, cputime: 0:08:59.391354

Iteration 74 would require more than the allotted time. Ending run.
