MPI startup(): PMI server not found. Please set I_MPI_PMI_LIBRARY variable if it is not a singleton case.
Updating system with the options from the configuration file
Maximum wallclock time: 2:00:00

Thu Mar 28 20:52:57 2024
Iteration 136 (1000 requested)
Beginning iteration 136
18 segments remain in iteration 136 (18 total)
3 of 34 (8.823529%) active bins are populated
per-bin minimum non-zero probability:       0.000664977
per-bin maximum probability:                0.569108
per-bin probability dynamic range (kT):     6.75207
per-segment minimum non-zero probability:   0.000110829
per-segment maximum non-zero probability:   0.143065
per-segment probability dynamic range (kT): 7.16306
norm = 1, error in norm = 0 (0*epsilon)
Iteration wallclock: 0:01:57.473373, cputime: 0:09:02.693857


Thu Mar 28 20:54:54 2024
Iteration 137 (1000 requested)
Beginning iteration 137
18 segments remain in iteration 137 (18 total)
3 of 34 (8.823529%) active bins are populated
per-bin minimum non-zero probability:       0.135681
per-bin maximum probability:                0.609705
per-bin probability dynamic range (kT):     1.50267
per-segment minimum non-zero probability:   0.0200218
per-segment maximum non-zero probability:   0.143065
per-segment probability dynamic range (kT): 1.96647
norm = 1, error in norm = 0 (0*epsilon)
Iteration wallclock: 0:01:44.140454, cputime: 0:08:58.153134


Thu Mar 28 20:56:39 2024
Iteration 138 (1000 requested)
Beginning iteration 138
18 segments remain in iteration 138 (18 total)
3 of 34 (8.823529%) active bins are populated
per-bin minimum non-zero probability:       0.0353656
per-bin maximum probability:                0.565629
per-bin probability dynamic range (kT):     2.7722
per-segment minimum non-zero probability:   0.00589427
per-segment maximum non-zero probability:   0.128939
per-segment probability dynamic range (kT): 3.08536
norm = 1, error in norm = 0 (0*epsilon)
Iteration wallclock: 0:01:42.746824, cputime: 0:09:01.692622


Thu Mar 28 20:58:21 2024
Iteration 139 (1000 requested)
Beginning iteration 139
18 segments remain in iteration 139 (18 total)
3 of 34 (8.823529%) active bins are populated
per-bin minimum non-zero probability:       0.0733688
per-bin maximum probability:                0.480766
per-bin probability dynamic range (kT):     1.87988
per-segment minimum non-zero probability:   0.0111372
per-segment maximum non-zero probability:   0.128939
per-segment probability dynamic range (kT): 2.44905
norm = 1, error in norm = 2.22045e-16 (1*epsilon)
Iteration wallclock: 0:01:46.622753, cputime: 0:09:01.646300


Thu Mar 28 21:00:08 2024
Iteration 140 (1000 requested)
Beginning iteration 140
18 segments remain in iteration 140 (18 total)
3 of 34 (8.823529%) active bins are populated
per-bin minimum non-zero probability:       0.140076
per-bin maximum probability:                0.528204
per-bin probability dynamic range (kT):     1.3273
per-segment minimum non-zero probability:   0.0214898
per-segment maximum non-zero probability:   0.111922
per-segment probability dynamic range (kT): 1.65022
norm = 1, error in norm = 0 (0*epsilon)
Iteration wallclock: 0:01:45.345273, cputime: 0:09:00.084175


Thu Mar 28 21:01:53 2024
Iteration 141 (1000 requested)
Beginning iteration 141
18 segments remain in iteration 141 (18 total)
3 of 34 (8.823529%) active bins are populated
per-bin minimum non-zero probability:       0.0347143
per-bin maximum probability:                0.571866
per-bin probability dynamic range (kT):     2.80175
per-segment minimum non-zero probability:   0.00578571
per-segment maximum non-zero probability:   0.118512
per-segment probability dynamic range (kT): 3.01963
norm = 1, error in norm = 2.22045e-16 (1*epsilon)
Iteration wallclock: 0:01:42.869857, cputime: 0:08:55.944284


Thu Mar 28 21:03:36 2024
Iteration 142 (1000 requested)
Beginning iteration 142
18 segments remain in iteration 142 (18 total)
3 of 34 (8.823529%) active bins are populated
per-bin minimum non-zero probability:       0.23511
per-bin maximum probability:                0.459945
per-bin probability dynamic range (kT):     0.671054
per-segment minimum non-zero probability:   0.00578571
per-segment maximum non-zero probability:   0.100033
per-segment probability dynamic range (kT): 2.85011
norm = 1, error in norm = 0 (0*epsilon)
Iteration wallclock: 0:01:42.846076, cputime: 0:09:00.875183


Thu Mar 28 21:05:19 2024
Iteration 143 (1000 requested)
Beginning iteration 143
24 segments remain in iteration 143 (24 total)
4 of 34 (11.764706%) active bins are populated
per-bin minimum non-zero probability:       0.0746144
per-bin maximum probability:                0.502737
per-bin probability dynamic range (kT):     1.90773
per-segment minimum non-zero probability:   0.0124357
per-segment maximum non-zero probability:   0.107996
per-segment probability dynamic range (kT): 2.16152
norm = 1, error in norm = 0 (0*epsilon)
Iteration wallclock: 0:02:36.080152, cputime: 0:11:58.650005


Thu Mar 28 21:07:55 2024
Iteration 144 (1000 requested)
Beginning iteration 144
24 segments remain in iteration 144 (24 total)
4 of 34 (11.764706%) active bins are populated
per-bin minimum non-zero probability:       0.0124357
per-bin maximum probability:                0.533187
per-bin probability dynamic range (kT):     3.7583
per-segment minimum non-zero probability:   0.00207262
per-segment maximum non-zero probability:   0.119322
per-segment probability dynamic range (kT): 4.05301
norm = 1, error in norm = 0 (0*epsilon)
Iteration wallclock: 0:02:19.681786, cputime: 0:12:05.866574


Thu Mar 28 21:10:15 2024
Iteration 145 (1000 requested)
Beginning iteration 145
18 segments remain in iteration 145 (18 total)
3 of 34 (8.823529%) active bins are populated
per-bin minimum non-zero probability:       0.13812
per-bin maximum probability:                0.498843
per-bin probability dynamic range (kT):     1.28417
per-segment minimum non-zero probability:   0.00621787
per-segment maximum non-zero probability:   0.129177
per-segment probability dynamic range (kT): 3.03376
norm = 1, error in norm = 0 (0*epsilon)
Iteration wallclock: 0:01:43.491397, cputime: 0:09:04.722252


Thu Mar 28 21:11:58 2024
Iteration 146 (1000 requested)
Beginning iteration 146
18 segments remain in iteration 146 (18 total)
3 of 34 (8.823529%) active bins are populated
per-bin minimum non-zero probability:       0.0687896
per-bin maximum probability:                0.5959
per-bin probability dynamic range (kT):     2.15902
per-segment minimum non-zero probability:   0.00621787
per-segment maximum non-zero probability:   0.130078
per-segment probability dynamic range (kT): 3.0407
norm = 1, error in norm = 2.22045e-16 (1*epsilon)
Iteration wallclock: 0:01:44.193344, cputime: 0:09:07.372292


Thu Mar 28 21:13:42 2024
Iteration 147 (1000 requested)
Beginning iteration 147
24 segments remain in iteration 147 (24 total)
4 of 34 (11.764706%) active bins are populated
per-bin minimum non-zero probability:       0.0222295
per-bin maximum probability:                0.582573
per-bin probability dynamic range (kT):     3.26603
per-segment minimum non-zero probability:   0.00370491
per-segment maximum non-zero probability:   0.129177
per-segment probability dynamic range (kT): 3.55153
norm = 1, error in norm = 0 (0*epsilon)
Iteration wallclock: 0:02:23.111691, cputime: 0:12:08.366530


Thu Mar 28 21:16:06 2024
Iteration 148 (1000 requested)
Beginning iteration 148
24 segments remain in iteration 148 (24 total)
4 of 34 (11.764706%) active bins are populated
per-bin minimum non-zero probability:       0.00994859
per-bin maximum probability:                0.695466
per-bin probability dynamic range (kT):     4.24715
per-segment minimum non-zero probability:   0.0016581
per-segment maximum non-zero probability:   0.146037
per-segment probability dynamic range (kT): 4.47819
norm = 1, error in norm = 0 (0*epsilon)
Iteration wallclock: 0:02:22.014155, cputime: 0:12:07.322333


Thu Mar 28 21:18:28 2024
Iteration 149 (1000 requested)
Beginning iteration 149
24 segments remain in iteration 149 (24 total)
4 of 34 (11.764706%) active bins are populated
per-bin minimum non-zero probability:       0.0016581
per-bin maximum probability:                0.541154
per-bin probability dynamic range (kT):     5.78803
per-segment minimum non-zero probability:   0.00027635
per-segment maximum non-zero probability:   0.129177
per-segment probability dynamic range (kT): 6.14727
norm = 1, error in norm = 2.22045e-16 (1*epsilon)
Iteration wallclock: 0:02:22.938056, cputime: 0:12:09.285557


Thu Mar 28 21:20:51 2024
Iteration 150 (1000 requested)
Beginning iteration 150
24 segments remain in iteration 150 (24 total)
4 of 34 (11.764706%) active bins are populated
per-bin minimum non-zero probability:       0.041475
per-bin maximum probability:                0.457158
per-bin probability dynamic range (kT):     2.39994
per-segment minimum non-zero probability:   0.0069125
per-segment maximum non-zero probability:   0.129177
per-segment probability dynamic range (kT): 2.92786
norm = 1, error in norm = 0 (0*epsilon)
Iteration wallclock: 0:02:25.872471, cputime: 0:12:04.670746


Thu Mar 28 21:23:16 2024
Iteration 151 (1000 requested)
Beginning iteration 151
18 segments remain in iteration 151 (18 total)
3 of 34 (8.823529%) active bins are populated
per-bin minimum non-zero probability:       0.0868436
per-bin maximum probability:                0.677616
per-bin probability dynamic range (kT):     2.05447
per-segment minimum non-zero probability:   0.0121698
per-segment maximum non-zero probability:   0.155197
per-segment probability dynamic range (kT): 2.54574
norm = 1, error in norm = 0 (0*epsilon)
Iteration wallclock: 0:01:46.350586, cputime: 0:09:05.483429


Thu Mar 28 21:25:03 2024
Iteration 152 (1000 requested)
Beginning iteration 152
24 segments remain in iteration 152 (24 total)
4 of 34 (11.764706%) active bins are populated
per-bin minimum non-zero probability:       0.0121698
per-bin maximum probability:                0.624583
per-bin probability dynamic range (kT):     3.93813
per-segment minimum non-zero probability:   0.0020283
per-segment maximum non-zero probability:   0.155197
per-segment probability dynamic range (kT): 4.3375
norm = 1, error in norm = 2.22045e-16 (1*epsilon)
Iteration wallclock: 0:02:24.745462, cputime: 0:12:08.274623


Thu Mar 28 21:27:28 2024
Iteration 153 (1000 requested)
Beginning iteration 153
18 segments remain in iteration 153 (18 total)
3 of 34 (8.823529%) active bins are populated
per-bin minimum non-zero probability:       0.0233126
per-bin maximum probability:                0.510667
per-bin probability dynamic range (kT):     3.08672
per-segment minimum non-zero probability:   0.00354739
per-segment maximum non-zero probability:   0.155197
per-segment probability dynamic range (kT): 3.77848
norm = 1, error in norm = 0 (0*epsilon)
Iteration wallclock: 0:01:45.332615, cputime: 0:09:03.558371


Thu Mar 28 21:29:13 2024
Iteration 154 (1000 requested)
Beginning iteration 154
18 segments remain in iteration 154 (18 total)
3 of 34 (8.823529%) active bins are populated
per-bin minimum non-zero probability:       0.178604
per-bin maximum probability:                0.459217
per-bin probability dynamic range (kT):     0.944352
per-segment minimum non-zero probability:   0.0238441
per-segment maximum non-zero probability:   0.103465
per-segment probability dynamic range (kT): 1.46769
norm = 1, error in norm = 0 (0*epsilon)
Iteration wallclock: 0:01:51.896495, cputime: 0:08:58.989044


Thu Mar 28 21:31:05 2024
Iteration 155 (1000 requested)
Beginning iteration 155
18 segments remain in iteration 155 (18 total)
3 of 34 (8.823529%) active bins are populated
per-bin minimum non-zero probability:       0.168264
per-bin maximum probability:                0.578458
per-bin probability dynamic range (kT):     1.23483
per-segment minimum non-zero probability:   0.0239329
per-segment maximum non-zero probability:   0.134294
per-segment probability dynamic range (kT): 1.72478
norm = 1, error in norm = 2.22045e-16 (1*epsilon)
Iteration wallclock: 0:01:44.625144, cputime: 0:09:00.822016


Thu Mar 28 21:32:49 2024
Iteration 156 (1000 requested)
Beginning iteration 156
18 segments remain in iteration 156 (18 total)
3 of 34 (8.823529%) active bins are populated
per-bin minimum non-zero probability:       0.12186
per-bin maximum probability:                0.600986
per-bin probability dynamic range (kT):     1.5957
per-segment minimum non-zero probability:   0.0159552
per-segment maximum non-zero probability:   0.134294
per-segment probability dynamic range (kT): 2.13025
norm = 1, error in norm = 2.22045e-16 (1*epsilon)
Iteration wallclock: 0:01:44.788200, cputime: 0:09:02.120786


Thu Mar 28 21:34:34 2024
Iteration 157 (1000 requested)
Beginning iteration 157
18 segments remain in iteration 157 (18 total)
3 of 34 (8.823529%) active bins are populated
per-bin minimum non-zero probability:       0.165721
per-bin maximum probability:                0.62122
per-bin probability dynamic range (kT):     1.32138
per-segment minimum non-zero probability:   0.0238441
per-segment maximum non-zero probability:   0.134294
per-segment probability dynamic range (kT): 1.7285
norm = 1, error in norm = 2.22045e-16 (1*epsilon)
Iteration wallclock: 0:01:44.119327, cputime: 0:09:04.488026


Thu Mar 28 21:36:18 2024
Iteration 158 (1000 requested)
Beginning iteration 158
12 segments remain in iteration 158 (12 total)
2 of 34 (5.882353%) active bins are populated
per-bin minimum non-zero probability:       0.0910474
per-bin maximum probability:                0.908953
per-bin probability dynamic range (kT):     2.30091
per-segment minimum non-zero probability:   0.011922
per-segment maximum non-zero probability:   0.204101
per-segment probability dynamic range (kT): 2.84023
norm = 1, error in norm = 2.22045e-16 (1*epsilon)
Iteration wallclock: 0:01:13.932742, cputime: 0:06:03.528770


Thu Mar 28 21:37:32 2024
Iteration 159 (1000 requested)
Beginning iteration 159
18 segments remain in iteration 159 (18 total)
3 of 34 (8.823529%) active bins are populated
per-bin minimum non-zero probability:       0.263068
per-bin maximum probability:                0.449363
per-bin probability dynamic range (kT):     0.535416
per-segment minimum non-zero probability:   0.0372278
per-segment maximum non-zero probability:   0.112445
per-segment probability dynamic range (kT): 1.10541
norm = 1, error in norm = 0 (0*epsilon)
Iteration wallclock: 0:01:44.213964, cputime: 0:09:02.609002


Thu Mar 28 21:39:16 2024
Iteration 160 (1000 requested)
Beginning iteration 160
18 segments remain in iteration 160 (18 total)
3 of 34 (8.823529%) active bins are populated
per-bin minimum non-zero probability:       0.0462737
per-bin maximum probability:                0.848465
per-bin probability dynamic range (kT):     2.90885
per-segment minimum non-zero probability:   0.00771229
per-segment maximum non-zero probability:   0.204992
per-segment probability dynamic range (kT): 3.28016
norm = 1, error in norm = 0 (0*epsilon)
Iteration wallclock: 0:01:45.023293, cputime: 0:09:02.001287


Thu Mar 28 21:41:01 2024
Iteration 161 (1000 requested)
Beginning iteration 161
18 segments remain in iteration 161 (18 total)
3 of 34 (8.823529%) active bins are populated
per-bin minimum non-zero probability:       0.00771229
per-bin maximum probability:                0.866546
per-bin probability dynamic range (kT):     4.7217
per-segment minimum non-zero probability:   0.00128538
per-segment maximum non-zero probability:   0.204992
per-segment probability dynamic range (kT): 5.07192
norm = 1, error in norm = 0 (0*epsilon)
Iteration wallclock: 0:01:44.020386, cputime: 0:09:01.861737


Thu Mar 28 21:42:45 2024
Iteration 162 (1000 requested)
Beginning iteration 162
18 segments remain in iteration 162 (18 total)
3 of 34 (8.823529%) active bins are populated
per-bin minimum non-zero probability:       0.00128538
per-bin maximum probability:                0.513805
per-bin probability dynamic range (kT):     5.99079
per-segment minimum non-zero probability:   0.00021423
per-segment maximum non-zero probability:   0.131414
per-segment probability dynamic range (kT): 6.41905
norm = 1, error in norm = 2.22045e-16 (1*epsilon)
Iteration wallclock: 0:01:42.859849, cputime: 0:09:01.504304


Thu Mar 28 21:44:28 2024
Iteration 163 (1000 requested)
Beginning iteration 163
18 segments remain in iteration 163 (18 total)
3 of 34 (8.823529%) active bins are populated
per-bin minimum non-zero probability:       0.131414
per-bin maximum probability:                0.456708
per-bin probability dynamic range (kT):     1.24569
per-segment minimum non-zero probability:   0.0219023
per-segment maximum non-zero probability:   0.11544
per-segment probability dynamic range (kT): 1.66216
norm = 1, error in norm = 0 (0*epsilon)
Iteration wallclock: 0:02:10.787115, cputime: 0:09:02.095983


Thu Mar 28 21:46:39 2024
Iteration 164 (1000 requested)
Beginning iteration 164
18 segments remain in iteration 164 (18 total)
3 of 34 (8.823529%) active bins are populated
per-bin minimum non-zero probability:       0.124501
per-bin maximum probability:                0.731429
per-bin probability dynamic range (kT):     1.77068
per-segment minimum non-zero probability:   0.0188812
per-segment maximum non-zero probability:   0.145141
per-segment probability dynamic range (kT): 2.03954
norm = 1, error in norm = 2.22045e-16 (1*epsilon)
Iteration wallclock: 0:01:45.336943, cputime: 0:09:04.288476


Thu Mar 28 21:48:24 2024
Iteration 165 (1000 requested)
Beginning iteration 165
18 segments remain in iteration 165 (18 total)
3 of 34 (8.823529%) active bins are populated
per-bin minimum non-zero probability:       0.0876092
per-bin maximum probability:                0.814018
per-bin probability dynamic range (kT):     2.2291
per-segment minimum non-zero probability:   0.0125875
per-segment maximum non-zero probability:   0.160746
per-segment probability dynamic range (kT): 2.54712
norm = 1, error in norm = -1.11022e-16 (-0.5*epsilon)
Iteration wallclock: 0:01:46.130702, cputime: 0:09:06.794194


Thu Mar 28 21:50:11 2024
Iteration 166 (1000 requested)
Beginning iteration 166
24 segments remain in iteration 166 (24 total)
4 of 34 (11.764706%) active bins are populated
per-bin minimum non-zero probability:       0.0146015
per-bin maximum probability:                0.498809
per-bin probability dynamic range (kT):     3.5311
per-segment minimum non-zero probability:   0.00243359
per-segment maximum non-zero probability:   0.124501
per-segment probability dynamic range (kT): 3.93495
norm = 1, error in norm = 0 (0*epsilon)
Iteration wallclock: 0:02:18.980347, cputime: 0:12:07.502230


Thu Mar 28 21:52:30 2024
Iteration 167 (1000 requested)
Beginning iteration 167
18 segments remain in iteration 167 (18 total)
3 of 34 (8.823529%) active bins are populated
per-bin minimum non-zero probability:       0.242707
per-bin maximum probability:                0.445367
per-bin probability dynamic range (kT):     0.607042
per-segment minimum non-zero probability:   0.0325827
per-segment maximum non-zero probability:   0.124501
per-segment probability dynamic range (kT): 1.34053
norm = 1, error in norm = 0 (0*epsilon)
Iteration wallclock: 0:01:43.155400, cputime: 0:09:04.356430


Thu Mar 28 21:54:13 2024
Iteration 168 (1000 requested)
Beginning iteration 168
24 segments remain in iteration 168 (24 total)
4 of 34 (11.764706%) active bins are populated
per-bin minimum non-zero probability:       0.077837
per-bin maximum probability:                0.589506
per-bin probability dynamic range (kT):     2.02467
per-segment minimum non-zero probability:   0.0129728
per-segment maximum non-zero probability:   0.143364
per-segment probability dynamic range (kT): 2.40253
norm = 1, error in norm = 0 (0*epsilon)
Iteration wallclock: 0:02:15.532530, cputime: 0:11:59.248763


Thu Mar 28 21:56:28 2024
Iteration 169 (1000 requested)
Beginning iteration 169
18 segments remain in iteration 169 (18 total)
3 of 34 (8.823529%) active bins are populated
per-bin minimum non-zero probability:       0.171488
per-bin maximum probability:                0.649173
per-bin probability dynamic range (kT):     1.33118
per-segment minimum non-zero probability:   0.023894
per-segment maximum non-zero probability:   0.160746
per-segment probability dynamic range (kT): 1.9062
norm = 1, error in norm = 2.22045e-16 (1*epsilon)
Iteration wallclock: 0:01:44.639867, cputime: 0:08:59.883743


Thu Mar 28 21:58:13 2024
Iteration 170 (1000 requested)
Beginning iteration 170
24 segments remain in iteration 170 (24 total)
4 of 34 (11.764706%) active bins are populated
per-bin minimum non-zero probability:       0.023894
per-bin maximum probability:                0.68383
per-bin probability dynamic range (kT):     3.35408
per-segment minimum non-zero probability:   0.00398233
per-segment maximum non-zero probability:   0.167026
per-segment probability dynamic range (kT): 3.73628
norm = 1, error in norm = 0 (0*epsilon)
Iteration wallclock: 0:02:18.118232, cputime: 0:11:59.728430


Thu Mar 28 22:00:31 2024
Iteration 171 (1000 requested)
Beginning iteration 171
18 segments remain in iteration 171 (18 total)
3 of 34 (8.823529%) active bins are populated
per-bin minimum non-zero probability:       0.132724
per-bin maximum probability:                0.726835
per-bin probability dynamic range (kT):     1.70043
per-segment minimum non-zero probability:   0.0178606
per-segment maximum non-zero probability:   0.167026
per-segment probability dynamic range (kT): 2.23555
norm = 1, error in norm = 0 (0*epsilon)
Iteration wallclock: 0:01:43.414746, cputime: 0:09:04.608163


Thu Mar 28 22:02:14 2024
Iteration 172 (1000 requested)
Beginning iteration 172
24 segments remain in iteration 172 (24 total)
4 of 34 (11.764706%) active bins are populated
per-bin minimum non-zero probability:       0.0664945
per-bin maximum probability:                0.68506
per-bin probability dynamic range (kT):     2.33239
per-segment minimum non-zero probability:   0.00893031
per-segment maximum non-zero probability:   0.167026
per-segment probability dynamic range (kT): 2.9287
norm = 1, error in norm = 0 (0*epsilon)
Iteration wallclock: 0:02:16.936217, cputime: 0:12:08.680018


Thu Mar 28 22:04:31 2024
Iteration 173 (1000 requested)
Beginning iteration 173
18 segments remain in iteration 173 (18 total)
3 of 34 (8.823529%) active bins are populated
per-bin minimum non-zero probability:       0.148789
per-bin maximum probability:                0.681478
per-bin probability dynamic range (kT):     1.52173
per-segment minimum non-zero probability:   0.0197725
per-segment maximum non-zero probability:   0.167026
per-segment probability dynamic range (kT): 2.13386
norm = 1, error in norm = 2.22045e-16 (1*epsilon)
Iteration wallclock: 0:01:42.608939, cputime: 0:09:04.704075


Thu Mar 28 22:06:14 2024
Iteration 174 (1000 requested)
Beginning iteration 174
18 segments remain in iteration 174 (18 total)
3 of 34 (8.823529%) active bins are populated
per-bin minimum non-zero probability:       0.098551
per-bin maximum probability:                0.661834
per-bin probability dynamic range (kT):     1.90444
per-segment minimum non-zero probability:   0.01196
per-segment maximum non-zero probability:   0.167026
per-segment probability dynamic range (kT): 2.63658
norm = 1, error in norm = 0 (0*epsilon)
Iteration wallclock: 0:01:43.135458, cputime: 0:09:04.429849


Thu Mar 28 22:07:57 2024
Iteration 175 (1000 requested)
Beginning iteration 175
24 segments remain in iteration 175 (24 total)
4 of 34 (11.764706%) active bins are populated
per-bin minimum non-zero probability:       0.0361531
per-bin maximum probability:                0.674202
per-bin probability dynamic range (kT):     2.92577
per-segment minimum non-zero probability:   0.00602552
per-segment maximum non-zero probability:   0.167026
per-segment probability dynamic range (kT): 3.32215
norm = 1, error in norm = 0 (0*epsilon)
Iteration wallclock: 0:02:16.325539, cputime: 0:12:05.220614


Thu Mar 28 22:10:14 2024
Iteration 176 (1000 requested)
Beginning iteration 176
18 segments remain in iteration 176 (18 total)
3 of 34 (8.823529%) active bins are populated
per-bin minimum non-zero probability:       0.140607
per-bin maximum probability:                0.60719
per-bin probability dynamic range (kT):     1.46287
per-segment minimum non-zero probability:   0.0211811
per-segment maximum non-zero probability:   0.167026
per-segment probability dynamic range (kT): 2.06504
norm = 1, error in norm = 0 (0*epsilon)
Iteration wallclock: 0:01:44.437613, cputime: 0:09:08.556503


Thu Mar 28 22:11:58 2024
Iteration 177 (1000 requested)
Beginning iteration 177
18 segments remain in iteration 177 (18 total)
3 of 34 (8.823529%) active bins are populated
per-bin minimum non-zero probability:       0.0423622
per-bin maximum probability:                0.748994
per-bin probability dynamic range (kT):     2.87248
per-segment minimum non-zero probability:   0.00706036
per-segment maximum non-zero probability:   0.167026
per-segment probability dynamic range (kT): 3.16366
norm = 1, error in norm = 0 (0*epsilon)
Iteration wallclock: 0:01:45.133625, cputime: 0:09:06.235437


Thu Mar 28 22:13:43 2024
Iteration 178 (1000 requested)
Beginning iteration 178
18 segments remain in iteration 178 (18 total)
3 of 34 (8.823529%) active bins are populated
per-bin minimum non-zero probability:       0.0888155
per-bin maximum probability:                0.632439
per-bin probability dynamic range (kT):     1.96302
per-segment minimum non-zero probability:   0.0148026
per-segment maximum non-zero probability:   0.159051
per-segment probability dynamic range (kT): 2.37442
norm = 1, error in norm = 0 (0*epsilon)
Iteration wallclock: 0:01:42.807147, cputime: 0:09:09.572108


Thu Mar 28 22:15:26 2024
Iteration 179 (1000 requested)
Beginning iteration 179
12 segments remain in iteration 179 (12 total)
2 of 34 (5.882353%) active bins are populated
per-bin minimum non-zero probability:       0.34887
per-bin maximum probability:                0.65113
per-bin probability dynamic range (kT):     0.624011
per-segment minimum non-zero probability:   0.0433489
per-segment maximum non-zero probability:   0.159051
per-segment probability dynamic range (kT): 1.29994
norm = 1, error in norm = 2.22045e-16 (1*epsilon)
Iteration wallclock: 0:01:11.480635, cputime: 0:06:04.808585


Thu Mar 28 22:16:37 2024
Iteration 180 (1000 requested)
Beginning iteration 180
18 segments remain in iteration 180 (18 total)
3 of 34 (8.823529%) active bins are populated
per-bin minimum non-zero probability:       0.242564
per-bin maximum probability:                0.413618
per-bin probability dynamic range (kT):     0.533678
per-segment minimum non-zero probability:   0.0278377
per-segment maximum non-zero probability:   0.0949612
per-segment probability dynamic range (kT): 1.22708
norm = 1, error in norm = 2.22045e-16 (1*epsilon)
Iteration wallclock: 0:01:44.657068, cputime: 0:09:08.013196


Thu Mar 28 22:18:22 2024
Iteration 181 (1000 requested)
Beginning iteration 181
18 segments remain in iteration 181 (18 total)
3 of 34 (8.823529%) active bins are populated
per-bin minimum non-zero probability:       0.136565
per-bin maximum probability:                0.510427
per-bin probability dynamic range (kT):     1.31845
per-segment minimum non-zero probability:   0.0161338
per-segment maximum non-zero probability:   0.121031
per-segment probability dynamic range (kT): 2.01514
norm = 1, error in norm = 0 (0*epsilon)
Iteration wallclock: 0:01:44.150261, cputime: 0:09:08.302061


Thu Mar 28 22:20:06 2024
Iteration 182 (1000 requested)
Beginning iteration 182
24 segments remain in iteration 182 (24 total)
4 of 34 (11.764706%) active bins are populated
per-bin minimum non-zero probability:       0.0558965
per-bin maximum probability:                0.492296
per-bin probability dynamic range (kT):     2.17558
per-segment minimum non-zero probability:   0.00795254
per-segment maximum non-zero probability:   0.0989122
per-segment probability dynamic range (kT): 2.52074
norm = 1, error in norm = 0 (0*epsilon)
Iteration wallclock: 0:02:19.988574, cputime: 0:12:05.701768


Thu Mar 28 22:22:26 2024
Iteration 183 (1000 requested)
Beginning iteration 183
18 segments remain in iteration 183 (18 total)
3 of 34 (8.823529%) active bins are populated
per-bin minimum non-zero probability:       0.0968139
per-bin maximum probability:                0.607458
per-bin probability dynamic range (kT):     1.83649
per-segment minimum non-zero probability:   0.0134467
per-segment maximum non-zero probability:   0.147703
per-segment probability dynamic range (kT): 2.39647
norm = 1, error in norm = 0 (0*epsilon)
Iteration wallclock: 0:01:43.007805, cputime: 0:09:05.858297


Thu Mar 28 22:24:09 2024
Iteration 184 (1000 requested)
Beginning iteration 184
18 segments remain in iteration 184 (18 total)
3 of 34 (8.823529%) active bins are populated
per-bin minimum non-zero probability:       0.0134467
per-bin maximum probability:                0.549178
per-bin probability dynamic range (kT):     3.70969
per-segment minimum non-zero probability:   0.00224111
per-segment maximum non-zero probability:   0.147703
per-segment probability dynamic range (kT): 4.18823
norm = 1, error in norm = 0 (0*epsilon)
Iteration wallclock: 0:01:43.708787, cputime: 0:09:08.045658


Thu Mar 28 22:25:53 2024
Iteration 185 (1000 requested)
Beginning iteration 185
18 segments remain in iteration 185 (18 total)
3 of 34 (8.823529%) active bins are populated
per-bin minimum non-zero probability:       0.061402
per-bin maximum probability:                0.493974
per-bin probability dynamic range (kT):     2.08504
per-segment minimum non-zero probability:   0.00986015
per-segment maximum non-zero probability:   0.147703
per-segment probability dynamic range (kT): 2.7067
norm = 1, error in norm = 0 (0*epsilon)
Iteration wallclock: 0:01:44.702427, cputime: 0:09:03.302728


Thu Mar 28 22:27:38 2024
Iteration 186 (1000 requested)
Beginning iteration 186
18 segments remain in iteration 186 (18 total)
3 of 34 (8.823529%) active bins are populated
per-bin minimum non-zero probability:       0.114933
per-bin maximum probability:                0.548971
per-bin probability dynamic range (kT):     1.56369
per-segment minimum non-zero probability:   0.0166223
per-segment maximum non-zero probability:   0.147703
per-segment probability dynamic range (kT): 2.18446
norm = 1, error in norm = 0 (0*epsilon)
Iteration wallclock: 0:01:43.381685, cputime: 0:09:01.798705


Thu Mar 28 22:29:21 2024
Iteration 187 (1000 requested)
Beginning iteration 187
24 segments remain in iteration 187 (24 total)
4 of 34 (11.764706%) active bins are populated
per-bin minimum non-zero probability:       0.077061
per-bin maximum probability:                0.521235
per-bin probability dynamic range (kT):     1.9116
per-segment minimum non-zero probability:   0.00986015
per-segment maximum non-zero probability:   0.114357
per-segment probability dynamic range (kT): 2.45082
norm = 1, error in norm = 2.22045e-16 (1*epsilon)
Iteration wallclock: 0:02:17.210251, cputime: 0:12:02.298526


Thu Mar 28 22:31:38 2024
Iteration 188 (1000 requested)
Beginning iteration 188
24 segments remain in iteration 188 (24 total)
4 of 34 (11.764706%) active bins are populated
per-bin minimum non-zero probability:       0.0118701
per-bin maximum probability:                0.532072
per-bin probability dynamic range (kT):     3.80275
per-segment minimum non-zero probability:   0.00197836
per-segment maximum non-zero probability:   0.114357
per-segment probability dynamic range (kT): 4.05706
norm = 1, error in norm = 2.22045e-16 (1*epsilon)
Iteration wallclock: 0:02:16.878793, cputime: 0:12:00.908047


Thu Mar 28 22:33:55 2024
Iteration 189 (1000 requested)
Beginning iteration 189
30 segments remain in iteration 189 (30 total)
5 of 34 (14.705882%) active bins are populated
per-bin minimum non-zero probability:       0.0170956
per-bin maximum probability:                0.643468
per-bin probability dynamic range (kT):     3.62805
per-segment minimum non-zero probability:   0.00284927
per-segment maximum non-zero probability:   0.163856
per-segment probability dynamic range (kT): 4.05193
norm = 1, error in norm = 0 (0*epsilon)
Iteration wallclock: 0:02:53.582370, cputime: 0:15:09.362981


Thu Mar 28 22:36:49 2024
Iteration 190 (1000 requested)
Beginning iteration 190
18 segments remain in iteration 190 (18 total)
3 of 34 (8.823529%) active bins are populated
per-bin minimum non-zero probability:       0.161721
per-bin maximum probability:                0.673134
per-bin probability dynamic range (kT):     1.42607
per-segment minimum non-zero probability:   0.0213943
per-segment maximum non-zero probability:   0.163856
per-segment probability dynamic range (kT): 2.03587
norm = 1, error in norm = 2.22045e-16 (1*epsilon)
Iteration wallclock: 0:01:42.982499, cputime: 0:09:02.613414


Thu Mar 28 22:38:32 2024
Iteration 191 (1000 requested)
Beginning iteration 191
18 segments remain in iteration 191 (18 total)
3 of 34 (8.823529%) active bins are populated
per-bin minimum non-zero probability:       0.149441
per-bin maximum probability:                0.645685
per-bin probability dynamic range (kT):     1.46341
per-segment minimum non-zero probability:   0.0208968
per-segment maximum non-zero probability:   0.163856
per-segment probability dynamic range (kT): 2.0594
norm = 1, error in norm = 0 (0*epsilon)
Iteration wallclock: 0:01:42.942506, cputime: 0:09:06.126232


Thu Mar 28 22:40:15 2024
Iteration 192 (1000 requested)
Beginning iteration 192
18 segments remain in iteration 192 (18 total)
3 of 34 (8.823529%) active bins are populated
per-bin minimum non-zero probability:       0.0208968
per-bin maximum probability:                0.677489
per-bin probability dynamic range (kT):     3.4788
per-segment minimum non-zero probability:   0.0034828
per-segment maximum non-zero probability:   0.163856
per-segment probability dynamic range (kT): 3.85115
norm = 1, error in norm = 2.22045e-16 (1*epsilon)
Iteration wallclock: 0:01:44.200665, cputime: 0:09:07.702942


Thu Mar 28 22:41:59 2024
Iteration 193 (1000 requested)
Beginning iteration 193
18 segments remain in iteration 193 (18 total)
3 of 34 (8.823529%) active bins are populated
per-bin minimum non-zero probability:       0.0971987
per-bin maximum probability:                0.46547
per-bin probability dynamic range (kT):     1.56629
per-segment minimum non-zero probability:   0.0104484
per-segment maximum non-zero probability:   0.108991
per-segment probability dynamic range (kT): 2.34482
norm = 1, error in norm = 0 (0*epsilon)
Iteration wallclock: 0:01:42.814731, cputime: 0:09:06.736999


Thu Mar 28 22:43:42 2024
Iteration 194 (1000 requested)
Beginning iteration 194
18 segments remain in iteration 194 (18 total)
3 of 34 (8.823529%) active bins are populated
per-bin minimum non-zero probability:       0.130183
per-bin maximum probability:                0.518602
per-bin probability dynamic range (kT):     1.3822
per-segment minimum non-zero probability:   0.0202532
per-segment maximum non-zero probability:   0.108991
per-segment probability dynamic range (kT): 1.68296
norm = 1, error in norm = 2.22045e-16 (1*epsilon)
Iteration wallclock: 0:01:46.257211, cputime: 0:09:07.819699


Thu Mar 28 22:45:28 2024
Iteration 195 (1000 requested)
Beginning iteration 195
18 segments remain in iteration 195 (18 total)
3 of 34 (8.823529%) active bins are populated
per-bin minimum non-zero probability:       0.132657
per-bin maximum probability:                0.500533
per-bin probability dynamic range (kT):     1.32791
per-segment minimum non-zero probability:   0.02155
per-segment maximum non-zero probability:   0.108991
per-segment probability dynamic range (kT): 1.62089
norm = 1, error in norm = 0 (0*epsilon)
Iteration wallclock: 0:01:43.873877, cputime: 0:09:03.380600


Thu Mar 28 22:47:12 2024
Iteration 196 (1000 requested)
Beginning iteration 196
18 segments remain in iteration 196 (18 total)
3 of 34 (8.823529%) active bins are populated
per-bin minimum non-zero probability:       0.112874
per-bin maximum probability:                0.463932
per-bin probability dynamic range (kT):     1.41346
per-segment minimum non-zero probability:   0.0175935
per-segment maximum non-zero probability:   0.109238
per-segment probability dynamic range (kT): 1.826
norm = 1, error in norm = 0 (0*epsilon)
Iteration wallclock: 0:01:44.696681, cputime: 0:09:06.430085


Thu Mar 28 22:48:56 2024
Iteration 197 (1000 requested)
Beginning iteration 197
18 segments remain in iteration 197 (18 total)
3 of 34 (8.823529%) active bins are populated
per-bin minimum non-zero probability:       0.0845451
per-bin maximum probability:                0.481872
per-bin probability dynamic range (kT):     1.74039
per-segment minimum non-zero probability:   0.0140909
per-segment maximum non-zero probability:   0.109238
per-segment probability dynamic range (kT): 2.048
norm = 1, error in norm = 2.22045e-16 (1*epsilon)
Iteration wallclock: 0:01:42.127949, cputime: 0:09:02.486455


Thu Mar 28 22:50:39 2024
Iteration 198 (1000 requested)
Beginning iteration 198
18 segments remain in iteration 198 (18 total)
3 of 34 (8.823529%) active bins are populated
per-bin minimum non-zero probability:       0.173368
per-bin maximum probability:                0.477231
per-bin probability dynamic range (kT):     1.01259
per-segment minimum non-zero probability:   0.023458
per-segment maximum non-zero probability:   0.109238
per-segment probability dynamic range (kT): 1.53831
norm = 1, error in norm = 0 (0*epsilon)
Iteration wallclock: 0:01:43.453555, cputime: 0:09:04.030804

Iteration 199 would require more than the allotted time. Ending run.
