MPI startup(): PMI server not found. Please set I_MPI_PMI_LIBRARY variable if it is not a singleton case.
Updating system with the options from the configuration file
Maximum wallclock time: 2:00:00

Thu Mar 28 08:56:31 2024
Iteration 74 (1000 requested)
Beginning iteration 74
18 segments remain in iteration 74 (18 total)
3 of 34 (8.823529%) active bins are populated
per-bin minimum non-zero probability:       0.169826
per-bin maximum probability:                0.62589
per-bin probability dynamic range (kT):     1.3044
per-segment minimum non-zero probability:   0.0232613
per-segment maximum non-zero probability:   0.15221
per-segment probability dynamic range (kT): 1.87847
norm = 1, error in norm = -1.11022e-16 (-0.5*epsilon)
Iteration wallclock: 0:01:53.431987, cputime: 0:09:00.649337


Thu Mar 28 08:58:25 2024
Iteration 75 (1000 requested)
Beginning iteration 75
18 segments remain in iteration 75 (18 total)
3 of 34 (8.823529%) active bins are populated
per-bin minimum non-zero probability:       0.0837441
per-bin maximum probability:                0.616846
per-bin probability dynamic range (kT):     1.99685
per-segment minimum non-zero probability:   0.00972919
per-segment maximum non-zero probability:   0.15221
per-segment probability dynamic range (kT): 2.75013
norm = 1, error in norm = 0 (0*epsilon)
Iteration wallclock: 0:01:46.127693, cputime: 0:09:01.250979


Thu Mar 28 09:00:11 2024
Iteration 76 (1000 requested)
Beginning iteration 76
18 segments remain in iteration 76 (18 total)
3 of 34 (8.823529%) active bins are populated
per-bin minimum non-zero probability:       0.144398
per-bin maximum probability:                0.547368
per-bin probability dynamic range (kT):     1.33255
per-segment minimum non-zero probability:   0.0208233
per-segment maximum non-zero probability:   0.110808
per-segment probability dynamic range (kT): 1.67173
norm = 1, error in norm = 0 (0*epsilon)
Iteration wallclock: 0:01:44.928254, cputime: 0:09:00.835535


Thu Mar 28 09:01:56 2024
Iteration 77 (1000 requested)
Beginning iteration 77
18 segments remain in iteration 77 (18 total)
3 of 34 (8.823529%) active bins are populated
per-bin minimum non-zero probability:       0.119728
per-bin maximum probability:                0.661375
per-bin probability dynamic range (kT):     1.7091
per-segment minimum non-zero probability:   0.019781
per-segment maximum non-zero probability:   0.160574
per-segment probability dynamic range (kT): 2.09404
norm = 1, error in norm = 0 (0*epsilon)
Iteration wallclock: 0:01:45.956743, cputime: 0:09:07.500990


Thu Mar 28 09:03:42 2024
Iteration 78 (1000 requested)
Beginning iteration 78
18 segments remain in iteration 78 (18 total)
3 of 34 (8.823529%) active bins are populated
per-bin minimum non-zero probability:       0.164966
per-bin maximum probability:                0.654361
per-bin probability dynamic range (kT):     1.37792
per-segment minimum non-zero probability:   0.0236295
per-segment maximum non-zero probability:   0.160574
per-segment probability dynamic range (kT): 1.91626
norm = 1, error in norm = 0 (0*epsilon)
Iteration wallclock: 0:01:45.538716, cputime: 0:09:02.453023


Thu Mar 28 09:05:27 2024
Iteration 79 (1000 requested)
Beginning iteration 79
18 segments remain in iteration 79 (18 total)
3 of 34 (8.823529%) active bins are populated
per-bin minimum non-zero probability:       0.125215
per-bin maximum probability:                0.659082
per-bin probability dynamic range (kT):     1.66081
per-segment minimum non-zero probability:   0.0171307
per-segment maximum non-zero probability:   0.160574
per-segment probability dynamic range (kT): 2.23789
norm = 1, error in norm = 0 (0*epsilon)
Iteration wallclock: 0:01:46.814765, cputime: 0:09:00.801279


Thu Mar 28 09:07:14 2024
Iteration 80 (1000 requested)
Beginning iteration 80
12 segments remain in iteration 80 (12 total)
2 of 34 (5.882353%) active bins are populated
per-bin minimum non-zero probability:       0.0871486
per-bin maximum probability:                0.912851
per-bin probability dynamic range (kT):     2.34896
per-segment minimum non-zero probability:   0.0100338
per-segment maximum non-zero probability:   0.20968
per-segment probability dynamic range (kT): 3.03963
norm = 1, error in norm = 0 (0*epsilon)
Iteration wallclock: 0:01:10.822747, cputime: 0:06:04.535338


Thu Mar 28 09:08:25 2024
Iteration 81 (1000 requested)
Beginning iteration 81
18 segments remain in iteration 81 (18 total)
3 of 34 (8.823529%) active bins are populated
per-bin minimum non-zero probability:       0.0771148
per-bin maximum probability:                0.790815
per-bin probability dynamic range (kT):     2.32777
per-segment minimum non-zero probability:   0.00898199
per-segment maximum non-zero probability:   0.160574
per-segment probability dynamic range (kT): 2.88354
norm = 1, error in norm = 0 (0*epsilon)
Iteration wallclock: 0:01:45.309331, cputime: 0:09:00.469325


Thu Mar 28 09:10:10 2024
Iteration 82 (1000 requested)
Beginning iteration 82
18 segments remain in iteration 82 (18 total)
3 of 34 (8.823529%) active bins are populated
per-bin minimum non-zero probability:       0.0440235
per-bin maximum probability:                0.878862
per-bin probability dynamic range (kT):     2.9939
per-segment minimum non-zero probability:   0.00733725
per-segment maximum non-zero probability:   0.192887
per-segment probability dynamic range (kT): 3.26914
norm = 1, error in norm = 0 (0*epsilon)
Iteration wallclock: 0:01:44.699605, cputime: 0:09:03.093656


Thu Mar 28 09:11:55 2024
Iteration 83 (1000 requested)
Beginning iteration 83
18 segments remain in iteration 83 (18 total)
3 of 34 (8.823529%) active bins are populated
per-bin minimum non-zero probability:       0.029349
per-bin maximum probability:                0.808935
per-bin probability dynamic range (kT):     3.31646
per-segment minimum non-zero probability:   0.00366863
per-segment maximum non-zero probability:   0.192887
per-segment probability dynamic range (kT): 3.96229
norm = 1, error in norm = 0 (0*epsilon)
Iteration wallclock: 0:01:50.289068, cputime: 0:09:03.897479


Thu Mar 28 09:13:45 2024
Iteration 84 (1000 requested)
Beginning iteration 84
18 segments remain in iteration 84 (18 total)
3 of 34 (8.823529%) active bins are populated
per-bin minimum non-zero probability:       0.00733725
per-bin maximum probability:                0.953579
per-bin probability dynamic range (kT):     4.86726
per-segment minimum non-zero probability:   0.00122288
per-segment maximum non-zero probability:   0.192887
per-segment probability dynamic range (kT): 5.0609
norm = 1, error in norm = 0 (0*epsilon)
Iteration wallclock: 0:01:44.941694, cputime: 0:08:57.856476


Thu Mar 28 09:15:30 2024
Iteration 85 (1000 requested)
Beginning iteration 85
18 segments remain in iteration 85 (18 total)
3 of 34 (8.823529%) active bins are populated
per-bin minimum non-zero probability:       0.00244575
per-bin maximum probability:                0.813953
per-bin probability dynamic range (kT):     5.80755
per-segment minimum non-zero probability:   0.000407625
per-segment maximum non-zero probability:   0.192887
per-segment probability dynamic range (kT): 6.15951
norm = 1, error in norm = 0 (0*epsilon)
Iteration wallclock: 0:01:53.068057, cputime: 0:09:01.703690


Thu Mar 28 09:17:23 2024
Iteration 86 (1000 requested)
Beginning iteration 86
18 segments remain in iteration 86 (18 total)
3 of 34 (8.823529%) active bins are populated
per-bin minimum non-zero probability:       0.0262577
per-bin maximum probability:                0.635395
per-bin probability dynamic range (kT):     3.18629
per-segment minimum non-zero probability:   0.00437628
per-segment maximum non-zero probability:   0.156756
per-segment probability dynamic range (kT): 3.57849
norm = 1, error in norm = 0 (0*epsilon)
Iteration wallclock: 0:01:46.279018, cputime: 0:09:01.374556


Thu Mar 28 09:19:09 2024
Iteration 87 (1000 requested)
Beginning iteration 87
18 segments remain in iteration 87 (18 total)
3 of 34 (8.823529%) active bins are populated
per-bin minimum non-zero probability:       0.246353
per-bin maximum probability:                0.399627
per-bin probability dynamic range (kT):     0.483767
per-segment minimum non-zero probability:   0.0352926
per-segment maximum non-zero probability:   0.0964436
per-segment probability dynamic range (kT): 1.00528
norm = 1, error in norm = 0 (0*epsilon)
Iteration wallclock: 0:01:47.408703, cputime: 0:09:00.693495


Thu Mar 28 09:20:57 2024
Iteration 88 (1000 requested)
Beginning iteration 88
18 segments remain in iteration 88 (18 total)
3 of 34 (8.823529%) active bins are populated
per-bin minimum non-zero probability:       0.0482218
per-bin maximum probability:                0.771912
per-bin probability dynamic range (kT):     2.77306
per-segment minimum non-zero probability:   0.00803697
per-segment maximum non-zero probability:   0.186501
per-segment probability dynamic range (kT): 3.14438
norm = 1, error in norm = -1.11022e-16 (-0.5*epsilon)
Iteration wallclock: 0:01:52.658500, cputime: 0:09:03.530084


Thu Mar 28 09:22:49 2024
Iteration 89 (1000 requested)
Beginning iteration 89
18 segments remain in iteration 89 (18 total)
3 of 34 (8.823529%) active bins are populated
per-bin minimum non-zero probability:       0.00803697
per-bin maximum probability:                0.786157
per-bin probability dynamic range (kT):     4.5831
per-segment minimum non-zero probability:   0.00133949
per-segment maximum non-zero probability:   0.186501
per-segment probability dynamic range (kT): 4.93614
norm = 1, error in norm = 0 (0*epsilon)
Iteration wallclock: 0:01:44.432780, cputime: 0:09:03.120654


Thu Mar 28 09:24:34 2024
Iteration 90 (1000 requested)
Beginning iteration 90
18 segments remain in iteration 90 (18 total)
3 of 34 (8.823529%) active bins are populated
per-bin minimum non-zero probability:       0.0860679
per-bin maximum probability:                0.70355
per-bin probability dynamic range (kT):     2.101
per-segment minimum non-zero probability:   0.00956309
per-segment maximum non-zero probability:   0.186501
per-segment probability dynamic range (kT): 2.97052
norm = 1, error in norm = 0 (0*epsilon)
Iteration wallclock: 0:01:46.518831, cputime: 0:08:58.007746


Thu Mar 28 09:26:20 2024
Iteration 91 (1000 requested)
Beginning iteration 91
18 segments remain in iteration 91 (18 total)
3 of 34 (8.823529%) active bins are populated
per-bin minimum non-zero probability:       0.0348348
per-bin maximum probability:                0.763105
per-bin probability dynamic range (kT):     3.08678
per-segment minimum non-zero probability:   0.00580579
per-segment maximum non-zero probability:   0.186501
per-segment probability dynamic range (kT): 3.46958
norm = 1, error in norm = 0 (0*epsilon)
Iteration wallclock: 0:01:45.594098, cputime: 0:09:00.135226


Thu Mar 28 09:28:06 2024
Iteration 92 (1000 requested)
Beginning iteration 92
18 segments remain in iteration 92 (18 total)
3 of 34 (8.823529%) active bins are populated
per-bin minimum non-zero probability:       0.118831
per-bin maximum probability:                0.54894
per-bin probability dynamic range (kT):     1.53029
per-segment minimum non-zero probability:   0.0169023
per-segment maximum non-zero probability:   0.129002
per-segment probability dynamic range (kT): 2.03238
norm = 1, error in norm = 0 (0*epsilon)
Iteration wallclock: 0:01:49.510298, cputime: 0:08:59.209469


Thu Mar 28 09:29:56 2024
Iteration 93 (1000 requested)
Beginning iteration 93
24 segments remain in iteration 93 (24 total)
4 of 34 (11.764706%) active bins are populated
per-bin minimum non-zero probability:       0.0338045
per-bin maximum probability:                0.619984
per-bin probability dynamic range (kT):     2.9091
per-segment minimum non-zero probability:   0.00563409
per-segment maximum non-zero probability:   0.129002
per-segment probability dynamic range (kT): 3.13099
norm = 1, error in norm = 0 (0*epsilon)
Iteration wallclock: 0:02:20.892326, cputime: 0:11:59.476611


Thu Mar 28 09:32:16 2024
Iteration 94 (1000 requested)
Beginning iteration 94
24 segments remain in iteration 94 (24 total)
4 of 34 (11.764706%) active bins are populated
per-bin minimum non-zero probability:       0.00563409
per-bin maximum probability:                0.787672
per-bin probability dynamic range (kT):     4.94025
per-segment minimum non-zero probability:   0.000939014
per-segment maximum non-zero probability:   0.202144
per-segment probability dynamic range (kT): 5.37191
norm = 1, error in norm = 0 (0*epsilon)
Iteration wallclock: 0:02:21.012362, cputime: 0:12:03.771399


Thu Mar 28 09:34:37 2024
Iteration 95 (1000 requested)
Beginning iteration 95
24 segments remain in iteration 95 (24 total)
4 of 34 (11.764706%) active bins are populated
per-bin minimum non-zero probability:       0.000939014
per-bin maximum probability:                0.728365
per-bin probability dynamic range (kT):     6.65373
per-segment minimum non-zero probability:   0.000156502
per-segment maximum non-zero probability:   0.202144
per-segment probability dynamic range (kT): 7.16367
norm = 1, error in norm = 0 (0*epsilon)
Iteration wallclock: 0:02:23.263935, cputime: 0:12:04.317007


Thu Mar 28 09:37:01 2024
Iteration 96 (1000 requested)
Beginning iteration 96
30 segments remain in iteration 96 (30 total)
5 of 34 (14.705882%) active bins are populated
per-bin minimum non-zero probability:       0.0218112
per-bin maximum probability:                0.709919
per-bin probability dynamic range (kT):     3.48273
per-segment minimum non-zero probability:   0.00360912
per-segment maximum non-zero probability:   0.202144
per-segment probability dynamic range (kT): 4.02552
norm = 1, error in norm = 0 (0*epsilon)
Iteration wallclock: 0:02:57.475106, cputime: 0:15:05.828321


Thu Mar 28 09:39:58 2024
Iteration 97 (1000 requested)
Beginning iteration 97
24 segments remain in iteration 97 (24 total)
4 of 34 (11.764706%) active bins are populated
per-bin minimum non-zero probability:       0.00423513
per-bin maximum probability:                0.489227
per-bin probability dynamic range (kT):     4.74941
per-segment minimum non-zero probability:   0.000705855
per-segment maximum non-zero probability:   0.121836
per-segment probability dynamic range (kT): 5.15102
norm = 1, error in norm = 0 (0*epsilon)
Iteration wallclock: 0:02:22.496332, cputime: 0:12:04.275296


Thu Mar 28 09:42:21 2024
Iteration 98 (1000 requested)
Beginning iteration 98
18 segments remain in iteration 98 (18 total)
3 of 34 (8.823529%) active bins are populated
per-bin minimum non-zero probability:       0.149952
per-bin maximum probability:                0.63996
per-bin probability dynamic range (kT):     1.45109
per-segment minimum non-zero probability:   0.00211757
per-segment maximum non-zero probability:   0.13111
per-segment probability dynamic range (kT): 4.12577
norm = 1, error in norm = 0 (0*epsilon)
Iteration wallclock: 0:01:48.889608, cputime: 0:09:07.428723


Thu Mar 28 09:44:10 2024
Iteration 99 (1000 requested)
Beginning iteration 99
18 segments remain in iteration 99 (18 total)
3 of 34 (8.823529%) active bins are populated
per-bin minimum non-zero probability:       0.11786
per-bin maximum probability:                0.748913
per-bin probability dynamic range (kT):     1.84913
per-segment minimum non-zero probability:   0.0150156
per-segment maximum non-zero probability:   0.180037
per-segment probability dynamic range (kT): 2.48407
norm = 1, error in norm = 2.22045e-16 (1*epsilon)
Iteration wallclock: 0:01:48.404775, cputime: 0:09:02.861822


Thu Mar 28 09:45:58 2024
Iteration 100 (1000 requested)
Beginning iteration 100
18 segments remain in iteration 100 (18 total)
3 of 34 (8.823529%) active bins are populated
per-bin minimum non-zero probability:       0.0996994
per-bin maximum probability:                0.79206
per-bin probability dynamic range (kT):     2.07248
per-segment minimum non-zero probability:   0.0120818
per-segment maximum non-zero probability:   0.180037
per-segment probability dynamic range (kT): 2.70146
norm = 1, error in norm = 0 (0*epsilon)
Iteration wallclock: 0:01:46.779587, cputime: 0:09:09.415443


Thu Mar 28 09:47:45 2024
Iteration 101 (1000 requested)
Beginning iteration 101
18 segments remain in iteration 101 (18 total)
3 of 34 (8.823529%) active bins are populated
per-bin minimum non-zero probability:       0.01804
per-bin maximum probability:                0.668484
per-bin probability dynamic range (kT):     3.61242
per-segment minimum non-zero probability:   0.00300667
per-segment maximum non-zero probability:   0.131822
per-segment probability dynamic range (kT): 3.78062
norm = 1, error in norm = 0 (0*epsilon)
Iteration wallclock: 0:01:45.190242, cputime: 0:09:06.801009


Thu Mar 28 09:49:30 2024
Iteration 102 (1000 requested)
Beginning iteration 102
18 segments remain in iteration 102 (18 total)
3 of 34 (8.823529%) active bins are populated
per-bin minimum non-zero probability:       0.127799
per-bin maximum probability:                0.589464
per-bin probability dynamic range (kT):     1.52875
per-segment minimum non-zero probability:   0.0180098
per-segment maximum non-zero probability:   0.131103
per-segment probability dynamic range (kT): 1.98507
norm = 1, error in norm = 2.22045e-16 (1*epsilon)
Iteration wallclock: 0:01:49.403381, cputime: 0:09:04.955826


Thu Mar 28 09:51:19 2024
Iteration 103 (1000 requested)
Beginning iteration 103
18 segments remain in iteration 103 (18 total)
3 of 34 (8.823529%) active bins are populated
per-bin minimum non-zero probability:       0.0199459
per-bin maximum probability:                0.541473
per-bin probability dynamic range (kT):     3.30127
per-segment minimum non-zero probability:   0.00332431
per-segment maximum non-zero probability:   0.131103
per-segment probability dynamic range (kT): 3.67472
norm = 1, error in norm = 0 (0*epsilon)
Iteration wallclock: 0:02:07.857409, cputime: 0:09:08.759862


Thu Mar 28 09:53:27 2024
Iteration 104 (1000 requested)
Beginning iteration 104
18 segments remain in iteration 104 (18 total)
3 of 34 (8.823529%) active bins are populated
per-bin minimum non-zero probability:       0.0811717
per-bin maximum probability:                0.620161
per-bin probability dynamic range (kT):     2.03341
per-segment minimum non-zero probability:   0.0129746
per-segment maximum non-zero probability:   0.135912
per-segment probability dynamic range (kT): 2.34901
norm = 1, error in norm = 0 (0*epsilon)
Iteration wallclock: 0:01:52.326941, cputime: 0:09:11.800448


Thu Mar 28 09:55:20 2024
Iteration 105 (1000 requested)
Beginning iteration 105
24 segments remain in iteration 105 (24 total)
4 of 34 (11.764706%) active bins are populated
per-bin minimum non-zero probability:       0.0259491
per-bin maximum probability:                0.486766
per-bin probability dynamic range (kT):     2.93165
per-segment minimum non-zero probability:   0.00432486
per-segment maximum non-zero probability:   0.131103
per-segment probability dynamic range (kT): 3.41161
norm = 1, error in norm = 0 (0*epsilon)
Iteration wallclock: 0:02:23.773180, cputime: 0:12:04.690323


Thu Mar 28 09:57:43 2024
Iteration 106 (1000 requested)
Beginning iteration 106
18 segments remain in iteration 106 (18 total)
3 of 34 (8.823529%) active bins are populated
per-bin minimum non-zero probability:       0.0413278
per-bin maximum probability:                0.650327
per-bin probability dynamic range (kT):     2.75594
per-segment minimum non-zero probability:   0.00544635
per-segment maximum non-zero probability:   0.157569
per-segment probability dynamic range (kT): 3.36492
norm = 1, error in norm = 0 (0*epsilon)
Iteration wallclock: 0:01:48.950094, cputime: 0:09:07.071395


Thu Mar 28 09:59:32 2024
Iteration 107 (1000 requested)
Beginning iteration 107
18 segments remain in iteration 107 (18 total)
3 of 34 (8.823529%) active bins are populated
per-bin minimum non-zero probability:       0.0249888
per-bin maximum probability:                0.62617
per-bin probability dynamic range (kT):     3.2212
per-segment minimum non-zero probability:   0.00288324
per-segment maximum non-zero probability:   0.157569
per-segment probability dynamic range (kT): 4.00095
norm = 1, error in norm = 0 (0*epsilon)
Iteration wallclock: 0:01:47.826336, cputime: 0:09:02.297389


Thu Mar 28 10:01:20 2024
Iteration 108 (1000 requested)
Beginning iteration 108
18 segments remain in iteration 108 (18 total)
3 of 34 (8.823529%) active bins are populated
per-bin minimum non-zero probability:       0.00288324
per-bin maximum probability:                0.558804
per-bin probability dynamic range (kT):     5.26688
per-segment minimum non-zero probability:   0.00048054
per-segment maximum non-zero probability:   0.109747
per-segment probability dynamic range (kT): 5.43103
norm = 1, error in norm = 2.22045e-16 (1*epsilon)
Iteration wallclock: 0:01:47.397591, cputime: 0:09:03.944282


Thu Mar 28 10:03:08 2024
Iteration 109 (1000 requested)
Beginning iteration 109
24 segments remain in iteration 109 (24 total)
4 of 34 (11.764706%) active bins are populated
per-bin minimum non-zero probability:       0.0549256
per-bin maximum probability:                0.563073
per-bin probability dynamic range (kT):     2.32743
per-segment minimum non-zero probability:   0.00875382
per-segment maximum non-zero probability:   0.106947
per-segment probability dynamic range (kT): 2.50284
norm = 1, error in norm = 0 (0*epsilon)
Iteration wallclock: 0:02:24.911602, cputime: 0:12:07.318063


Thu Mar 28 10:05:33 2024
Iteration 110 (1000 requested)
Beginning iteration 110
24 segments remain in iteration 110 (24 total)
4 of 34 (11.764706%) active bins are populated
per-bin minimum non-zero probability:       0.0137759
per-bin maximum probability:                0.638635
per-bin probability dynamic range (kT):     3.83641
per-segment minimum non-zero probability:   0.00229599
per-segment maximum non-zero probability:   0.166257
per-segment probability dynamic range (kT): 4.28237
norm = 1, error in norm = 0 (0*epsilon)
Iteration wallclock: 0:02:27.418554, cputime: 0:12:10.713472


Thu Mar 28 10:08:00 2024
Iteration 111 (1000 requested)
Beginning iteration 111
30 segments remain in iteration 111 (30 total)
5 of 34 (14.705882%) active bins are populated
per-bin minimum non-zero probability:       0.00229599
per-bin maximum probability:                0.803816
per-bin probability dynamic range (kT):     5.85821
per-segment minimum non-zero probability:   0.000382665
per-segment maximum non-zero probability:   0.17835
per-segment probability dynamic range (kT): 6.14434
norm = 1, error in norm = 2.22045e-16 (1*epsilon)
Iteration wallclock: 0:03:02.013198, cputime: 0:15:12.325063


Thu Mar 28 10:11:02 2024
Iteration 112 (1000 requested)
Beginning iteration 112
24 segments remain in iteration 112 (24 total)
4 of 34 (11.764706%) active bins are populated
per-bin minimum non-zero probability:       0.00153066
per-bin maximum probability:                0.611222
per-bin probability dynamic range (kT):     5.98976
per-segment minimum non-zero probability:   0.00025511
per-segment maximum non-zero probability:   0.166257
per-segment probability dynamic range (kT): 6.47959
norm = 1, error in norm = 2.22045e-16 (1*epsilon)
Iteration wallclock: 0:02:23.567383, cputime: 0:12:10.395073


Thu Mar 28 10:13:26 2024
Iteration 113 (1000 requested)
Beginning iteration 113
18 segments remain in iteration 113 (18 total)
3 of 34 (8.823529%) active bins are populated
per-bin minimum non-zero probability:       0.00229599
per-bin maximum probability:                0.654274
per-bin probability dynamic range (kT):     5.65236
per-segment minimum non-zero probability:   0.00025511
per-segment maximum non-zero probability:   0.166257
per-segment probability dynamic range (kT): 6.47959
norm = 1, error in norm = 2.22045e-16 (1*epsilon)
Iteration wallclock: 0:01:48.232418, cputime: 0:09:07.579977


Thu Mar 28 10:15:14 2024
Iteration 114 (1000 requested)
Beginning iteration 114
18 segments remain in iteration 114 (18 total)
3 of 34 (8.823529%) active bins are populated
per-bin minimum non-zero probability:       0.0710224
per-bin maximum probability:                0.476871
per-bin probability dynamic range (kT):     1.90425
per-segment minimum non-zero probability:   0.0116882
per-segment maximum non-zero probability:   0.113182
per-segment probability dynamic range (kT): 2.27041
norm = 1, error in norm = 2.22045e-16 (1*epsilon)
Iteration wallclock: 0:01:48.268340, cputime: 0:09:05.040370


Thu Mar 28 10:17:02 2024
Iteration 115 (1000 requested)
Beginning iteration 115
18 segments remain in iteration 115 (18 total)
3 of 34 (8.823529%) active bins are populated
per-bin minimum non-zero probability:       0.0116882
per-bin maximum probability:                0.801965
per-bin probability dynamic range (kT):     4.22848
per-segment minimum non-zero probability:   0.00194804
per-segment maximum non-zero probability:   0.196485
per-segment probability dynamic range (kT): 4.61376
norm = 1, error in norm = 2.22045e-16 (1*epsilon)
Iteration wallclock: 0:01:49.200083, cputime: 0:09:03.070673


Thu Mar 28 10:18:51 2024
Iteration 116 (1000 requested)
Beginning iteration 116
12 segments remain in iteration 116 (12 total)
2 of 34 (5.882353%) active bins are populated
per-bin minimum non-zero probability:       0.437277
per-bin maximum probability:                0.562723
per-bin probability dynamic range (kT):     0.252219
per-segment minimum non-zero probability:   0.0399837
per-segment maximum non-zero probability:   0.13099
per-segment probability dynamic range (kT): 1.18665
norm = 1, error in norm = 2.22045e-16 (1*epsilon)
Iteration wallclock: 0:01:14.075925, cputime: 0:06:05.312290


Thu Mar 28 10:20:05 2024
Iteration 117 (1000 requested)
Beginning iteration 117
12 segments remain in iteration 117 (12 total)
2 of 34 (5.882353%) active bins are populated
per-bin minimum non-zero probability:       0.339417
per-bin maximum probability:                0.660583
per-bin probability dynamic range (kT):     0.665894
per-segment minimum non-zero probability:   0.0399837
per-segment maximum non-zero probability:   0.13099
per-segment probability dynamic range (kT): 1.18665
norm = 1, error in norm = 2.22045e-16 (1*epsilon)
Iteration wallclock: 0:01:12.197550, cputime: 0:06:04.583029


Thu Mar 28 10:21:18 2024
Iteration 118 (1000 requested)
Beginning iteration 118
12 segments remain in iteration 118 (12 total)
2 of 34 (5.882353%) active bins are populated
per-bin minimum non-zero probability:       0.475175
per-bin maximum probability:                0.524825
per-bin probability dynamic range (kT):     0.0993799
per-segment minimum non-zero probability:   0.0517305
per-segment maximum non-zero probability:   0.124945
per-segment probability dynamic range (kT): 0.881826
norm = 1, error in norm = 0 (0*epsilon)
Iteration wallclock: 0:01:12.421954, cputime: 0:06:07.912821


Thu Mar 28 10:22:30 2024
Iteration 119 (1000 requested)
Beginning iteration 119
12 segments remain in iteration 119 (12 total)
2 of 34 (5.882353%) active bins are populated
per-bin minimum non-zero probability:       0.376212
per-bin maximum probability:                0.623788
per-bin probability dynamic range (kT):     0.505657
per-segment minimum non-zero probability:   0.0554189
per-segment maximum non-zero probability:   0.124945
per-segment probability dynamic range (kT): 0.812953
norm = 1, error in norm = 0 (0*epsilon)
Iteration wallclock: 0:01:13.909924, cputime: 0:06:09.444654


Thu Mar 28 10:23:44 2024
Iteration 120 (1000 requested)
Beginning iteration 120
18 segments remain in iteration 120 (18 total)
3 of 34 (8.823529%) active bins are populated
per-bin minimum non-zero probability:       0.0654951
per-bin maximum probability:                0.509513
per-bin probability dynamic range (kT):     2.05148
per-segment minimum non-zero probability:   0.0109158
per-segment maximum non-zero probability:   0.117226
per-segment probability dynamic range (kT): 2.37388
norm = 1, error in norm = 0 (0*epsilon)
Iteration wallclock: 0:01:51.516889, cputime: 0:09:11.955804


Thu Mar 28 10:25:35 2024
Iteration 121 (1000 requested)
Beginning iteration 121
24 segments remain in iteration 121 (24 total)
4 of 34 (11.764706%) active bins are populated
per-bin minimum non-zero probability:       0.0109158
per-bin maximum probability:                0.487458
per-bin probability dynamic range (kT):     3.79899
per-segment minimum non-zero probability:   0.00181931
per-segment maximum non-zero probability:   0.117226
per-segment probability dynamic range (kT): 4.16564
norm = 1, error in norm = 0 (0*epsilon)
Iteration wallclock: 0:02:27.591280, cputime: 0:12:12.856800


Thu Mar 28 10:28:03 2024
Iteration 122 (1000 requested)
Beginning iteration 122
18 segments remain in iteration 122 (18 total)
3 of 34 (8.823529%) active bins are populated
per-bin minimum non-zero probability:       0.0109158
per-bin maximum probability:                0.681984
per-bin probability dynamic range (kT):     4.13479
per-segment minimum non-zero probability:   0.00181931
per-segment maximum non-zero probability:   0.15823
per-segment probability dynamic range (kT): 4.46559
norm = 1, error in norm = 2.22045e-16 (1*epsilon)
Iteration wallclock: 0:01:52.244714, cputime: 0:09:04.811873


Thu Mar 28 10:29:55 2024
Iteration 123 (1000 requested)
Beginning iteration 123
18 segments remain in iteration 123 (18 total)
3 of 34 (8.823529%) active bins are populated
per-bin minimum non-zero probability:       0.00727723
per-bin maximum probability:                0.737133
per-bin probability dynamic range (kT):     4.61802
per-segment minimum non-zero probability:   0.000909654
per-segment maximum non-zero probability:   0.15823
per-segment probability dynamic range (kT): 5.15874
norm = 1, error in norm = 2.22045e-16 (1*epsilon)
Iteration wallclock: 0:01:54.375437, cputime: 0:09:07.551015


Thu Mar 28 10:31:50 2024
Iteration 124 (1000 requested)
Beginning iteration 124
18 segments remain in iteration 124 (18 total)
3 of 34 (8.823529%) active bins are populated
per-bin minimum non-zero probability:       0.000909654
per-bin maximum probability:                0.77623
per-bin probability dynamic range (kT):     6.74914
per-segment minimum non-zero probability:   0.000151609
per-segment maximum non-zero probability:   0.15823
per-segment probability dynamic range (kT): 6.9505
norm = 1, error in norm = 0 (0*epsilon)
Iteration wallclock: 0:01:47.862428, cputime: 0:09:00.815413


Thu Mar 28 10:33:38 2024
Iteration 125 (1000 requested)
Beginning iteration 125
18 segments remain in iteration 125 (18 total)
3 of 34 (8.823529%) active bins are populated
per-bin minimum non-zero probability:       0.158685
per-bin maximum probability:                0.62069
per-bin probability dynamic range (kT):     1.36391
per-segment minimum non-zero probability:   0.0263717
per-segment maximum non-zero probability:   0.139545
per-segment probability dynamic range (kT): 1.66609
norm = 1, error in norm = 2.22045e-16 (1*epsilon)
Iteration wallclock: 0:01:49.619014, cputime: 0:09:01.479042


Thu Mar 28 10:35:27 2024
Iteration 126 (1000 requested)
Beginning iteration 126
18 segments remain in iteration 126 (18 total)
3 of 34 (8.823529%) active bins are populated
per-bin minimum non-zero probability:       0.0263717
per-bin maximum probability:                0.498365
per-bin probability dynamic range (kT):     2.93904
per-segment minimum non-zero probability:   0.00439528
per-segment maximum non-zero probability:   0.139545
per-segment probability dynamic range (kT): 3.45785
norm = 1, error in norm = 2.22045e-16 (1*epsilon)
Iteration wallclock: 0:01:47.117887, cputime: 0:08:59.099204


Thu Mar 28 10:37:14 2024
Iteration 127 (1000 requested)
Beginning iteration 127
18 segments remain in iteration 127 (18 total)
3 of 34 (8.823529%) active bins are populated
per-bin minimum non-zero probability:       0.0531981
per-bin maximum probability:                0.484009
per-bin probability dynamic range (kT):     2.20808
per-segment minimum non-zero probability:   0.00886636
per-segment maximum non-zero probability:   0.121923
per-segment probability dynamic range (kT): 2.62112
norm = 1, error in norm = 0 (0*epsilon)
Iteration wallclock: 0:01:46.148681, cputime: 0:09:00.533139


Thu Mar 28 10:39:00 2024
Iteration 128 (1000 requested)
Beginning iteration 128
18 segments remain in iteration 128 (18 total)
3 of 34 (8.823529%) active bins are populated
per-bin minimum non-zero probability:       0.0265991
per-bin maximum probability:                0.515908
per-bin probability dynamic range (kT):     2.96505
per-segment minimum non-zero probability:   0.00443318
per-segment maximum non-zero probability:   0.121923
per-segment probability dynamic range (kT): 3.31427
norm = 1, error in norm = 0 (0*epsilon)
Iteration wallclock: 0:01:56.217551, cputime: 0:09:04.183065


Thu Mar 28 10:40:57 2024
Iteration 129 (1000 requested)
Beginning iteration 129
18 segments remain in iteration 129 (18 total)
3 of 34 (8.823529%) active bins are populated
per-bin minimum non-zero probability:       0.0924145
per-bin maximum probability:                0.524427
per-bin probability dynamic range (kT):     1.73602
per-segment minimum non-zero probability:   0.0131858
per-segment maximum non-zero probability:   0.121923
per-segment probability dynamic range (kT): 2.22424
norm = 1, error in norm = 2.22045e-16 (1*epsilon)
Iteration wallclock: 0:01:47.334426, cputime: 0:09:02.489559


Thu Mar 28 10:42:44 2024
Iteration 130 (1000 requested)
Beginning iteration 130
18 segments remain in iteration 130 (18 total)
3 of 34 (8.823529%) active bins are populated
per-bin minimum non-zero probability:       0.0660428
per-bin maximum probability:                0.542431
per-bin probability dynamic range (kT):     2.10576
per-segment minimum non-zero probability:   0.00879055
per-segment maximum non-zero probability:   0.121923
per-segment probability dynamic range (kT): 2.62971
norm = 1, error in norm = 2.22045e-16 (1*epsilon)
Iteration wallclock: 0:01:48.199147, cputime: 0:09:06.305315


Thu Mar 28 10:44:32 2024
Iteration 131 (1000 requested)
Beginning iteration 131
24 segments remain in iteration 131 (24 total)
4 of 34 (11.764706%) active bins are populated
per-bin minimum non-zero probability:       0.0264854
per-bin maximum probability:                0.549476
per-bin probability dynamic range (kT):     3.03237
per-segment minimum non-zero probability:   0.00332488
per-segment maximum non-zero probability:   0.120131
per-segment probability dynamic range (kT): 3.58715
norm = 1, error in norm = 0 (0*epsilon)
Iteration wallclock: 0:02:29.308168, cputime: 0:12:04.579065


Thu Mar 28 10:47:01 2024
Iteration 132 (1000 requested)
Beginning iteration 132
18 segments remain in iteration 132 (18 total)
3 of 34 (8.823529%) active bins are populated
per-bin minimum non-zero probability:       0.04817
per-bin maximum probability:                0.52953
per-bin probability dynamic range (kT):     2.39725
per-segment minimum non-zero probability:   0.00439528
per-segment maximum non-zero probability:   0.120131
per-segment probability dynamic range (kT): 3.30805
norm = 1, error in norm = 0 (0*epsilon)
Iteration wallclock: 0:01:48.868357, cputime: 0:09:03.314803


Thu Mar 28 10:48:50 2024
Iteration 133 (1000 requested)
Beginning iteration 133
24 segments remain in iteration 133 (24 total)
4 of 34 (11.764706%) active bins are populated
per-bin minimum non-zero probability:       0.00439528
per-bin maximum probability:                0.510315
per-bin probability dynamic range (kT):     4.7545
per-segment minimum non-zero probability:   0.000732546
per-segment maximum non-zero probability:   0.120131
per-segment probability dynamic range (kT): 5.09981
norm = 1, error in norm = 0 (0*epsilon)
Iteration wallclock: 0:02:31.972156, cputime: 0:12:05.988076


Thu Mar 28 10:51:22 2024
Iteration 134 (1000 requested)
Beginning iteration 134
18 segments remain in iteration 134 (18 total)
3 of 34 (8.823529%) active bins are populated
per-bin minimum non-zero probability:       0.0127021
per-bin maximum probability:                0.686605
per-bin probability dynamic range (kT):     3.98999
per-segment minimum non-zero probability:   0.000732546
per-segment maximum non-zero probability:   0.143065
per-segment probability dynamic range (kT): 5.27452
norm = 1, error in norm = 0 (0*epsilon)
Iteration wallclock: 0:01:47.546290, cputime: 0:09:03.093216


Thu Mar 28 10:53:10 2024
Iteration 135 (1000 requested)
Beginning iteration 135
18 segments remain in iteration 135 (18 total)
3 of 34 (8.823529%) active bins are populated
per-bin minimum non-zero probability:       0.00199493
per-bin maximum probability:                0.569969
per-bin probability dynamic range (kT):     5.65497
per-segment minimum non-zero probability:   0.000332488
per-segment maximum non-zero probability:   0.143065
per-segment probability dynamic range (kT): 6.06445
norm = 1, error in norm = 2.22045e-16 (1*epsilon)
Iteration wallclock: 0:01:48.266531, cputime: 0:09:06.619014

Iteration 136 would require more than the allotted time. Ending run.
