[I 13:22:43.162 NotebookApp] Serving notebooks from local directory: /ix/lchong/dty7/d1d2/2kod/msm
[I 13:22:43.162 NotebookApp] Jupyter Notebook 6.5.4 is running at:
[I 13:22:43.162 NotebookApp] http://smp-1024-n3.crc.pitt.edu:8888/
[I 13:22:43.162 NotebookApp] Use Control-C to stop this server and shut down all kernels (twice to skip confirmation).
[I 13:23:03.756 NotebookApp] 302 GET / (10.201.0.82) 0.340000ms
[I 13:23:04.271 NotebookApp] 302 GET /tree? (10.201.0.82) 0.370000ms
[W 13:23:12.667 NotebookApp] Not allowing login redirect to '/tree?'
[I 13:23:12.667 NotebookApp] 302 POST /login?next=%2Ftree%3F (10.201.0.82) 320.490000ms
[I 13:23:12.680 NotebookApp] 302 GET / (10.201.0.82) 0.330000ms
[W 13:24:03.354 NotebookApp] Notebook deeptime-cfeat-final.ipynb is not trusted
[I 13:24:22.801 NotebookApp] Kernel started: 7454aa0f-11c6-4e06-9000-98f90f6cc776, name: hamsm
[I 13:26:22.949 NotebookApp] Saving file at /deeptime-cfeat-final.ipynb
[W 13:26:22.953 NotebookApp] Notebook deeptime-cfeat-final.ipynb is not trusted
[I 13:28:22.923 NotebookApp] Saving file at /deeptime-cfeat-final.ipynb
[W 13:28:22.926 NotebookApp] Notebook deeptime-cfeat-final.ipynb is not trusted
/ihome/lchong/dty7/Apps/anaconda3/envs/hamsm/lib/python3.10/site-packages/nbformat/__init__.py:129: MissingIDFieldWarning: Code cell is missing an id field, this will become a hard error in future nbformat versions. You may want to use `normalize()` on your notebooks before validations (available since nbformat 5.1.4). Previous versions of nbformat are fixing this issue transparently, and will stop doing so in the future.
  validate(nb)
/ihome/lchong/dty7/Apps/anaconda3/envs/hamsm/lib/python3.10/site-packages/notebook/services/contents/manager.py:353: MissingIDFieldWarning: Code cell is missing an id field, this will become a hard error in future nbformat versions. You may want to use `normalize()` on your notebooks before validations (available since nbformat 5.1.4). Previous versions of nbformat are fixing this issue transparently, and will stop doing so in the future.
  validate_nb(model['content'])
[I 13:30:22.983 NotebookApp] Saving file at /deeptime-cfeat-final.ipynb
[W 13:30:22.987 NotebookApp] Notebook deeptime-cfeat-final.ipynb is not trusted
[I 13:32:22.893 NotebookApp] Saving file at /deeptime-cfeat-final.ipynb
[W 13:32:22.896 NotebookApp] Notebook deeptime-cfeat-final.ipynb is not trusted
[I 13:33:03.274 NotebookApp] Starting buffering for 7454aa0f-11c6-4e06-9000-98f90f6cc776:109931c01c524fabb3ed3c059ae3552b
[I 13:33:05.969 NotebookApp] Kernel shutdown: 7454aa0f-11c6-4e06-9000-98f90f6cc776
slurmstepd: error: *** JOB 16419498 ON smp-1024-n3 CANCELLED AT 2024-08-05T13:33:35 ***
