
CPPTRAJ: Trajectory Analysis. V4.14.0 (AmberTools V19.11) MPI
    ___  ___  ___  ___
     | \/ | \/ | \/ | 
    _|_/\_|_/\_|_/\_|_

| Running on 8 processes.
| Date/time: 10/11/22 16:54:49
| Available memory: 123.786 GB

INPUT: Reading input from '600i/CMD.cpp'
  [parm common_files/m01_2kod_dry.prmtop]
	Reading 'common_files/m01_2kod_dry.prmtop' as Amber Topology
	Radius Set: modified Bondi radii (mbondi)
  [trajin 600i/norst_agg_sim_10i.nc 1 last 1]
	Reading '600i/norst_agg_sim_10i.nc' as Amber NetCDF
  [autoimage]
    AUTOIMAGE: To box center based on center of mass, anchor is first molecule.
  [vector M1 :1-75@CA,C,O,N :39@CA,C,O,N]
    VECTOR: Type Mask, mask [:1-75@CA,C,O,N], second mask [:39@CA,C,O,N]
  [vector M2 :89-163@CA,C,O,N :127@CA,C,O,N]
    VECTOR: Type Mask, mask [:89-163@CA,C,O,N], second mask [:127@CA,C,O,N]
  [vectormath vec1 M1 vec2 M2 out 600i/c2_angle.dat name C2_Angle dotangle]
    VECTORMATH: Calculating Angle from dot product of vectors M1 and M2
	Vectors will be normalized.
	Results are written to 600i/c2_angle.dat
  [vector O1 :18-22@CA,C,O,N :46-49@CA,C,O,N]
    VECTOR: Type Mask, mask [:18-22@CA,C,O,N], second mask [:46-49@CA,C,O,N]
  [vector O2 :18-22@CA,C,O,N :134-137@CA,C,O,N]
    VECTOR: Type Mask, mask [:18-22@CA,C,O,N], second mask [:134-137@CA,C,O,N]
  [vectormath vec1 O1 vec2 O2 out 600i/o_angle.dat name o_Angle dotangle]
    VECTORMATH: Calculating Angle from dot product of vectors O1 and O2
	Vectors will be normalized.
	Results are written to 600i/o_angle.dat
  [run]
---------- RUN BEGIN -------------------------------------------------

PARAMETER FILES (1 total):
 0: m01_2kod_dry.prmtop, 2760 atoms, 176 res, box: Trunc. Oct., 2 mol

INPUT TRAJECTORIES (1 total):
 0: 'norst_agg_sim_10i.nc' is a NetCDF AMBER trajectory with coordinates, time, box, Parm m01_2kod_dry.prmtop (Trunc. Oct. box) (reading 700750 of 700750)
  Coordinate processing will occur on 700750 frames.

PARALLEL INFO:
  Process 0 will handle 87594 frames.
  Process 1 will handle 87594 frames.
  Process 2 will handle 87594 frames.
  Process 3 will handle 87594 frames.
  Process 4 will handle 87594 frames.
  Process 5 will handle 87594 frames.
  Process 6 will handle 87593 frames.
  Process 7 will handle 87593 frames.
.....................................................
ACTION SETUP FOR PARM 'm01_2kod_dry.prmtop' (5 actions):
  0: [autoimage]
	Original box is truncated octahedron, turning on 'familiar'.
	Using first molecule as anchor.
	1 molecules are fixed to anchor: 2
	0 molecules are mobile.
  1: [vector M1 :1-75@CA,C,O,N :39@CA,C,O,N]
	Mask [:1-75@CA,C,O,N] corresponds to 300 atoms.
	Mask [:39@CA,C,O,N] corresponds to 4 atoms.
  2: [vector M2 :89-163@CA,C,O,N :127@CA,C,O,N]
	Mask [:89-163@CA,C,O,N] corresponds to 300 atoms.
	Mask [:127@CA,C,O,N] corresponds to 4 atoms.
  3: [vector O1 :18-22@CA,C,O,N :46-49@CA,C,O,N]
	Mask [:18-22@CA,C,O,N] corresponds to 20 atoms.
	Mask [:46-49@CA,C,O,N] corresponds to 16 atoms.
  4: [vector O2 :18-22@CA,C,O,N :134-137@CA,C,O,N]
	Mask [:18-22@CA,C,O,N] corresponds to 20 atoms.
	Mask [:134-137@CA,C,O,N] corresponds to 16 atoms.

BEGIN PARALLEL TRAJECTORY PROCESSING:
 0% 10% 20% 30% 40% 50% 60% 70% 80% 90% 100% Complete.
TIME: Rank 0 throughput= 3630.0204 frames / second.
TIME: Rank 1 throughput= 3631.0928 frames / second.
TIME: Rank 2 throughput= 3645.8301 frames / second.
TIME: Rank 3 throughput= 3659.8533 frames / second.
TIME: Rank 4 throughput= 3662.7860 frames / second.
TIME: Rank 5 throughput= 3655.0384 frames / second.
TIME: Rank 6 throughput= 3641.6860 frames / second.
TIME: Rank 7 throughput= 3636.1307 frames / second.
TIME: Avg. throughput= 29040.0248 frames / second.

ACTION OUTPUT:
Warning: Analysis does not currently use multiple MPI processes.

ANALYSIS: Performing 2 analyses:
  0: [vectormath vec1 M1 vec2 M2 out 600i/c2_angle.dat name C2_Angle dotangle]
	'M1' size 700750, 'M2' size 700750, output size 700750
  1: [vectormath vec1 O1 vec2 O2 out 600i/o_angle.dat name o_Angle dotangle]
	'O1' size 700750, 'O2' size 700750, output size 700750

TIME: Analyses took 0.0459 seconds.

DATASETS (6 total):
	M1 "M1" (vector, vector), size is 700750 (33.636 MB)
	M2 "M2" (vector, vector), size is 700750 (33.636 MB)
	C2_Angle "C2_Angle" (double), size is 700750 (5.606 MB)
	O1 "O1" (vector, vector), size is 700750 (33.636 MB)
	O2 "O2" (vector, vector), size is 700750 (33.636 MB)
	o_Angle "o_Angle" (double), size is 700750 (5.606 MB)
    Total data set memory usage is at least 145.756 MB

DATAFILES (2 total):
  c2_angle.dat (Standard Data File):  C2_Angle
  o_angle.dat (Standard Data File):  o_Angle

RUN TIMING:
TIME:		Init               : 0.0012 s (  0.00%)
TIME:		Trajectory Process : 24.1305 s ( 84.18%)
TIME:		Data Set Sync      : 2.9617 s ( 10.33%)
TIME:		Action Post        : 0.0000 s (  0.00%)
TIME:		Analysis           : 0.0459 s (  0.16%)
TIME:		Data File Write    : 1.5018 s (  5.24%)
TIME:		Other              : 0.0250 s (  0.00%)
TIME:	Run Total 28.6663 s
---------- RUN END ---------------------------------------------------
  [quit]
TIME: Total execution time: 28.8241 seconds.
--------------------------------------------------------------------------------
To cite CPPTRAJ use:
Daniel R. Roe and Thomas E. Cheatham, III, "PTRAJ and CPPTRAJ: Software for
  Processing and Analysis of Molecular Dynamics Trajectory Data". J. Chem.
  Theory Comput., 2013, 9 (7), pp 3084-3095.
Daniel R. Roe and Thomas E. Cheatham, III, "Parallelization of CPPTRAJ enables
  large scale analysis of molecular dynamics trajectory data". J. Comp.
  Chem., 2018, DOI: 10.1002/jcc25382.

