-I: Adding /ihome/crc/build/amber/amber22/amber22/dat/leap/prep to search path.
-I: Adding /ihome/crc/build/amber/amber22/amber22/dat/leap/lib to search path.
-I: Adding /ihome/crc/build/amber/amber22/amber22/dat/leap/parm to search path.
-I: Adding /ihome/crc/build/amber/amber22/amber22/dat/leap/cmd to search path.
-f: Source tleap.in.

Welcome to LEaP!
(no leaprc in search path)
Sourcing: ./tleap.in
----- Source: /ihome/crc/build/amber/amber22/amber22/dat/leap/cmd/leaprc.protein.ff15ipq
----- Source of /ihome/crc/build/amber/amber22/amber22/dat/leap/cmd/leaprc.protein.ff15ipq done
Log file: ./leap.log
Loading parameters: /ihome/crc/build/amber/amber22/amber22/dat/leap/parm/parm15ipq_10.3.dat
Reading title:
Parm15 developmental parameter set
Loading library: /ihome/crc/build/amber/amber22/amber22/dat/leap/lib/amino15ipq_10.0.lib
Loading library: /ihome/crc/build/amber/amber22/amber22/dat/leap/lib/aminoct15ipq_10.0.lib
Loading library: /ihome/crc/build/amber/amber22/amber22/dat/leap/lib/aminont15ipq_10.0.lib
----- Source: /ihome/crc/build/amber/amber22/amber22/dat/leap/cmd/leaprc.fluorine.ff15ipq
----- Source of /ihome/crc/build/amber/amber22/amber22/dat/leap/cmd/leaprc.fluorine.ff15ipq done
Log file: ./leap.log
Loading parameters: /ihome/crc/build/amber/amber22/amber22/dat/leap/parm/frcmod.ff15ipq-19F
Reading force field modification type file (frcmod)
Reading title:
Set of parameters for fluorinated, aromatic amino acids for use with the ff15ipq force field
Loading library: /ihome/crc/build/amber/amber22/amber22/dat/leap/lib/ff15ipq-19F.lib
----- Source: /ihome/crc/build/amber/amber22/amber22/dat/leap/cmd/leaprc.water.spce
----- Source of /ihome/crc/build/amber/amber22/amber22/dat/leap/cmd/leaprc.water.spce done
Loading library: /ihome/crc/build/amber/amber22/amber22/dat/leap/lib/atomic_ions.lib
Loading library: /ihome/crc/build/amber/amber22/amber22/dat/leap/lib/solvents.lib
Loading parameters: /ihome/crc/build/amber/amber22/amber22/dat/leap/parm/frcmod.spce
Reading force field modification type file (frcmod)
Reading title:
This is the additional/replacement parameter set for SPC/E water
Loading parameters: /ihome/crc/build/amber/amber22/amber22/dat/leap/parm/frcmod.ionsjc_spce
Reading force field modification type file (frcmod)
Reading title:
Monovalent ion parameters for Ewald and SPC/E water from Joung & Cheatham JPCB (2008)
Loading parameters: /ihome/crc/build/amber/amber22/amber22/dat/leap/parm/frcmod.ions234lm_126_spce
Reading force field modification type file (frcmod)
Reading title:
Li/Merz ion parameters of divalent to tetravalent ions for SPC/E water model (12-6 normal usage set)
Loading PDB file: ./2kod_7f_leap.pdb
  total atoms in file: 2760
Total unperturbed charge:   2.000000
Total perturbed charge:     2.000000

/ihome/crc/build/amber/amber22/amber22/bin/teLeap: Warning!
addIons: 1st Ion & target unit have charges of the same sign:
     unit charge = 2; ion1 charge = 1;
     can't neutralize.
2 Cl- ions required to neutralize.
Adding 2 counter ions to "mol" using 1A grid
Grid extends from solute vdw + 2.71  to  8.71
Resolution:      1.00 Angstrom.
 (no solvent present)
Calculating grid charges
Placed Cl- in mol at (-8.89, -9.27, -4.04).
Placed Cl- in mol at (15.11, -6.27, 2.96).

Done adding ions.
Scaling up box by a factor of 1.436187 to meet diagonal cut criterion
  Solute vdw bounding box:              46.115 37.737 71.349
  Total bounding box for atom centers:  105.818 105.818 105.818
      (box expansion for 'iso' is  92.4%)
  Solvent unit box:                     18.774 18.774 18.774
  Volume: 609393.227 A^3 (oct)
  Total mass 331332.416 amu,  Density 0.903 g/cc
  Added 17294 residues.
Checking Unit.
Building topology.
Building atom parameters.
Building bond parameters.
Building angle parameters.
Building proper torsion parameters.
Building improper torsion parameters.
 total 522 improper torsions applied
Building H-Bond parameters.
Incorporating Non-Bonded adjustments.
Not Marking per-residue atom chain types.
Marking per-residue atom chain types.
  (Residues lacking connect0/connect1 - 
   these don't have chain types marked:

	res	total affected

	CLEU	2
	NMET	2
	WAT	17294
  )
 (no restraints)
Writing pdb file: 2kod_7f_solv.pdb
   printing CRYST1 record to PDB file with box info

/ihome/crc/build/amber/amber22/amber22/bin/teLeap: Warning!
 Converting N-terminal residue name to PDB format: NMET -> MET

/ihome/crc/build/amber/amber22/amber22/bin/teLeap: Warning!
 Converting C-terminal residue name to PDB format: CLEU -> LEU

/ihome/crc/build/amber/amber22/amber22/bin/teLeap: Warning!
 Converting N-terminal residue name to PDB format: NMET -> MET

/ihome/crc/build/amber/amber22/amber22/bin/teLeap: Warning!
 Converting C-terminal residue name to PDB format: CLEU -> LEU
	Quit

Exiting LEaP: Errors = 0; Warnings = 5; Notes = 0.
