Updating system with the options from the configuration file
Maximum wallclock time: 1 day, 0:00:00

Fri Jul 19 18:52:55 2024
Iteration 579 (600 requested)
Continuing iteration 579
84 segments remain in iteration 579 (128 total)
29 of 33 (87.878788%) active bins are populated
per-bin minimum non-zero probability:       6.82479e-18
per-bin maximum probability:                0.438573
per-bin probability dynamic range (kT):     38.7017
per-segment minimum non-zero probability:   1.7062e-18
per-segment maximum non-zero probability:   0.143096
per-segment probability dynamic range (kT): 38.968
norm = 1, error in norm = -1.11022e-16 (-0.5*epsilon)
MAB binning in use
Bottleneck bin occupancy may not be accurately reported
Waiting for segments to complete...
################ MAB stats ################
minima in each dimension:      [7.0596]
maxima in each dimension:      [38.8981]
direction in each dimension:   [86]
skip in each dimension:        [0]
###########################################
Iteration completed successfully
Iteration wallclock: 0:07:46.282200, cputime: 0:43:08.323344


Fri Jul 19 19:00:41 2024
Iteration 580 (600 requested)
Beginning iteration 580
128 segments remain in iteration 580 (128 total)
32 of 33 (96.969697%) active bins are populated
per-bin minimum non-zero probability:       3.4124e-18
per-bin maximum probability:                0.355538
per-bin probability dynamic range (kT):     39.185
per-segment minimum non-zero probability:   8.53099e-19
per-segment maximum non-zero probability:   0.104194
per-segment probability dynamic range (kT): 39.3439
norm = 1, error in norm = -1.11022e-16 (-0.5*epsilon)
MAB binning in use
Bottleneck bin occupancy may not be accurately reported
Waiting for segments to complete...
################ MAB stats ################
minima in each dimension:      [7.9197]
maxima in each dimension:      [39.5439]
direction in each dimension:   [86]
skip in each dimension:        [0]
###########################################
Iteration completed successfully
Iteration wallclock: 0:08:42.921602, cputime: 0:47:31.948814


Fri Jul 19 19:09:24 2024
Iteration 581 (600 requested)
Beginning iteration 581
132 segments remain in iteration 581 (132 total)
32 of 33 (96.969697%) active bins are populated
per-bin minimum non-zero probability:       2.5593e-18
per-bin maximum probability:                0.296496
per-bin probability dynamic range (kT):     39.2911
per-segment minimum non-zero probability:   4.2655e-19
per-segment maximum non-zero probability:   0.0998756
per-segment probability dynamic range (kT): 39.9947
norm = 1, error in norm = 2.22045e-16 (1*epsilon)
MAB binning in use
Bottleneck bin occupancy may not be accurately reported
Waiting for segments to complete...
################ MAB stats ################
minima in each dimension:      [7.0256]
maxima in each dimension:      [38.4519]
direction in each dimension:   [86]
skip in each dimension:        [0]
###########################################
Iteration completed successfully
Iteration wallclock: 0:09:16.023587, cputime: 0:48:45.002989


Fri Jul 19 19:18:40 2024
Iteration 582 (600 requested)
Beginning iteration 582
124 segments remain in iteration 582 (124 total)
32 of 33 (96.969697%) active bins are populated
per-bin minimum non-zero probability:       6.83924e-15
per-bin maximum probability:                0.337883
per-bin probability dynamic range (kT):     31.531
per-segment minimum non-zero probability:   8.53099e-19
per-segment maximum non-zero probability:   0.110578
per-segment probability dynamic range (kT): 39.4034
norm = 1, error in norm = 0 (0*epsilon)
MAB binning in use
Bottleneck bin occupancy may not be accurately reported
Waiting for segments to complete...
################ MAB stats ################
minima in each dimension:      [9.6309]
maxima in each dimension:      [39.0146]
direction in each dimension:   [86]
skip in each dimension:        [0]
###########################################
Iteration completed successfully
Iteration wallclock: 0:08:40.209385, cputime: 0:45:49.180008


Fri Jul 19 19:27:20 2024
Iteration 583 (600 requested)
Beginning iteration 583
124 segments remain in iteration 583 (124 total)
32 of 33 (96.969697%) active bins are populated
per-bin minimum non-zero probability:       1.13987e-14
per-bin maximum probability:                0.271283
per-bin probability dynamic range (kT):     30.8007
per-segment minimum non-zero probability:   2.15309e-15
per-segment maximum non-zero probability:   0.066492
per-segment probability dynamic range (kT): 31.0612
norm = 1, error in norm = 0 (0*epsilon)
MAB binning in use
Bottleneck bin occupancy may not be accurately reported
Waiting for segments to complete...
################ MAB stats ################
minima in each dimension:      [7.8139]
maxima in each dimension:      [39.8143]
direction in each dimension:   [86]
skip in each dimension:        [0]
###########################################
Iteration completed successfully
Iteration wallclock: 0:08:43.317735, cputime: 0:45:44.199671


Fri Jul 19 19:36:03 2024
Iteration 584 (600 requested)
Beginning iteration 584
120 segments remain in iteration 584 (120 total)
30 of 33 (90.909091%) active bins are populated
per-bin minimum non-zero probability:       1.51154e-14
per-bin maximum probability:                0.271939
per-bin probability dynamic range (kT):     30.5209
per-segment minimum non-zero probability:   3.77885e-15
per-segment maximum non-zero probability:   0.0976363
per-segment probability dynamic range (kT): 30.8829
norm = 1, error in norm = 0 (0*epsilon)
MAB binning in use
Bottleneck bin occupancy may not be accurately reported
Waiting for segments to complete...
################ MAB stats ################
minima in each dimension:      [7.4862]
maxima in each dimension:      [39.2563]
direction in each dimension:   [86]
skip in each dimension:        [0]
###########################################
Iteration completed successfully
Iteration wallclock: 0:08:09.758399, cputime: 0:44:30.572189


Fri Jul 19 19:44:13 2024
Iteration 585 (600 requested)
Beginning iteration 585
128 segments remain in iteration 585 (128 total)
32 of 33 (96.969697%) active bins are populated
per-bin minimum non-zero probability:       6.79144e-15
per-bin maximum probability:                0.329219
per-bin probability dynamic range (kT):     31.5121
per-segment minimum non-zero probability:   1.69786e-15
per-segment maximum non-zero probability:   0.1087
per-segment probability dynamic range (kT): 31.7902
norm = 1, error in norm = 0 (0*epsilon)
MAB binning in use
Bottleneck bin occupancy may not be accurately reported
Waiting for segments to complete...
################ MAB stats ################
minima in each dimension:      [6.8346]
maxima in each dimension:      [38.8664]
direction in each dimension:   [86]
skip in each dimension:        [0]
###########################################
Iteration completed successfully
Iteration wallclock: 0:08:44.227773, cputime: 0:47:37.823181


Fri Jul 19 19:52:57 2024
Iteration 586 (600 requested)
Beginning iteration 586
116 segments remain in iteration 586 (116 total)
30 of 33 (90.909091%) active bins are populated
per-bin minimum non-zero probability:       5.03846e-15
per-bin maximum probability:                0.346233
per-bin probability dynamic range (kT):     31.861
per-segment minimum non-zero probability:   1.25962e-15
per-segment maximum non-zero probability:   0.109742
per-segment probability dynamic range (kT): 32.0983
norm = 1, error in norm = -2.22045e-16 (-1*epsilon)
MAB binning in use
Bottleneck bin occupancy may not be accurately reported
Waiting for segments to complete...
################ MAB stats ################
minima in each dimension:      [8.2289]
maxima in each dimension:      [38.6186]
direction in each dimension:   [86]
skip in each dimension:        [0]
###########################################
Iteration completed successfully
Iteration wallclock: 0:08:10.996497, cputime: 0:42:58.724030


Fri Jul 19 20:01:08 2024
Iteration 587 (600 requested)
Beginning iteration 587
128 segments remain in iteration 587 (128 total)
31 of 33 (93.939394%) active bins are populated
per-bin minimum non-zero probability:       1.25962e-15
per-bin maximum probability:                0.45728
per-bin probability dynamic range (kT):     33.5255
per-segment minimum non-zero probability:   3.14904e-16
per-segment maximum non-zero probability:   0.141201
per-segment probability dynamic range (kT): 33.7367
norm = 1, error in norm = 0 (0*epsilon)
MAB binning in use
Bottleneck bin occupancy may not be accurately reported
Waiting for segments to complete...
################ MAB stats ################
minima in each dimension:      [9.1262]
maxima in each dimension:      [39.6427]
direction in each dimension:   [86]
skip in each dimension:        [0]
###########################################
Iteration completed successfully
Iteration wallclock: 0:08:44.599245, cputime: 0:47:18.845133


Fri Jul 19 20:09:53 2024
Iteration 588 (600 requested)
Beginning iteration 588
132 segments remain in iteration 588 (132 total)
33 of 33 (100.000000%) active bins are populated
per-bin minimum non-zero probability:       3.14904e-16
per-bin maximum probability:                0.366689
per-bin probability dynamic range (kT):     34.691
per-segment minimum non-zero probability:   7.8726e-17
per-segment maximum non-zero probability:   0.109742
per-segment probability dynamic range (kT): 34.8709
norm = 1, error in norm = 0 (0*epsilon)
MAB binning in use
Bottleneck bin occupancy may not be accurately reported
Waiting for segments to complete...
################ MAB stats ################
minima in each dimension:      [7.6628]
maxima in each dimension:      [38.4898]
direction in each dimension:   [86]
skip in each dimension:        [0]
###########################################
Iteration completed successfully
Iteration wallclock: 0:09:12.974619, cputime: 0:48:56.588929


Fri Jul 19 20:19:06 2024
Iteration 589 (600 requested)
Beginning iteration 589
128 segments remain in iteration 589 (128 total)
32 of 33 (96.969697%) active bins are populated
per-bin minimum non-zero probability:       6.95692e-15
per-bin maximum probability:                0.451638
per-bin probability dynamic range (kT):     31.8042
per-segment minimum non-zero probability:   1.73923e-15
per-segment maximum non-zero probability:   0.141957
per-segment probability dynamic range (kT): 32.0331
norm = 1, error in norm = 0 (0*epsilon)
MAB binning in use
Bottleneck bin occupancy may not be accurately reported
Waiting for segments to complete...
################ MAB stats ################
minima in each dimension:      [8.2392]
maxima in each dimension:      [39.6448]
direction in each dimension:   [86]
skip in each dimension:        [0]
###########################################
Iteration completed successfully
Iteration wallclock: 0:08:40.374728, cputime: 0:47:36.673596


Fri Jul 19 20:27:46 2024
Iteration 590 (600 requested)
Beginning iteration 590
124 segments remain in iteration 590 (124 total)
30 of 33 (90.909091%) active bins are populated
per-bin minimum non-zero probability:       1.7171e-14
per-bin maximum probability:                0.324392
per-bin probability dynamic range (kT):     30.5698
per-segment minimum non-zero probability:   3.47846e-15
per-segment maximum non-zero probability:   0.141957
per-segment probability dynamic range (kT): 31.34
norm = 1, error in norm = -1.11022e-16 (-0.5*epsilon)
MAB binning in use
Bottleneck bin occupancy may not be accurately reported
Waiting for segments to complete...
################ MAB stats ################
minima in each dimension:      [8.7221]
maxima in each dimension:      [39.1439]
direction in each dimension:   [86]
skip in each dimension:        [0]
###########################################
Iteration completed successfully
Iteration wallclock: 0:08:39.656515, cputime: 0:46:07.830125


Fri Jul 19 20:36:26 2024
Iteration 591 (600 requested)
Beginning iteration 591
124 segments remain in iteration 591 (124 total)
30 of 33 (90.909091%) active bins are populated
per-bin minimum non-zero probability:       1.69535e-14
per-bin maximum probability:                0.353805
per-bin probability dynamic range (kT):     30.6693
per-segment minimum non-zero probability:   4.23838e-15
per-segment maximum non-zero probability:   0.0937996
per-segment probability dynamic range (kT): 30.728
norm = 1, error in norm = 0 (0*epsilon)
MAB binning in use
Bottleneck bin occupancy may not be accurately reported
Waiting for segments to complete...
################ MAB stats ################
minima in each dimension:      [8.7338]
maxima in each dimension:      [39.47]
direction in each dimension:   [86]
skip in each dimension:        [0]
###########################################
Iteration completed successfully
Iteration wallclock: 0:08:33.914756, cputime: 0:46:21.562628


Fri Jul 19 20:45:00 2024
Iteration 592 (600 requested)
Beginning iteration 592
128 segments remain in iteration 592 (128 total)
32 of 33 (96.969697%) active bins are populated
per-bin minimum non-zero probability:       4.23838e-15
per-bin maximum probability:                0.301057
per-bin probability dynamic range (kT):     31.8941
per-segment minimum non-zero probability:   1.05959e-15
per-segment maximum non-zero probability:   0.094378
per-segment probability dynamic range (kT): 32.1204
norm = 1, error in norm = 0 (0*epsilon)
MAB binning in use
Bottleneck bin occupancy may not be accurately reported
Waiting for segments to complete...
################ MAB stats ################
minima in each dimension:      [7.969]
maxima in each dimension:      [39.1477]
direction in each dimension:   [86]
skip in each dimension:        [0]
###########################################
Iteration completed successfully
Iteration wallclock: 0:08:39.370543, cputime: 0:47:32.541855


Fri Jul 19 20:53:39 2024
Iteration 593 (600 requested)
Beginning iteration 593
120 segments remain in iteration 593 (120 total)
29 of 33 (87.878788%) active bins are populated
per-bin minimum non-zero probability:       1.05959e-15
per-bin maximum probability:                0.231144
per-bin probability dynamic range (kT):     33.0162
per-segment minimum non-zero probability:   2.64899e-16
per-segment maximum non-zero probability:   0.076094
per-segment probability dynamic range (kT): 33.2914
norm = 1, error in norm = 0 (0*epsilon)
MAB binning in use
Bottleneck bin occupancy may not be accurately reported
Waiting for segments to complete...
################ MAB stats ################
minima in each dimension:      [7.9314]
maxima in each dimension:      [39.3198]
direction in each dimension:   [86]
skip in each dimension:        [0]
###########################################
Iteration completed successfully
Iteration wallclock: 0:08:06.050209, cputime: 0:44:47.986763


Fri Jul 19 21:01:45 2024
Iteration 594 (600 requested)
Beginning iteration 594
108 segments remain in iteration 594 (108 total)
26 of 33 (78.787879%) active bins are populated
per-bin minimum non-zero probability:       1.06485e-14
per-bin maximum probability:                0.306772
per-bin probability dynamic range (kT):     30.9917
per-segment minimum non-zero probability:   6.62246e-17
per-segment maximum non-zero probability:   0.119223
per-segment probability dynamic range (kT): 35.1267
norm = 1, error in norm = -1.11022e-16 (-0.5*epsilon)
MAB binning in use
Bottleneck bin occupancy may not be accurately reported
Waiting for segments to complete...
################ MAB stats ################
minima in each dimension:      [7.3685]
maxima in each dimension:      [38.4976]
direction in each dimension:   [86]
skip in each dimension:        [0]
###########################################
Iteration completed successfully
Iteration wallclock: 0:07:31.636817, cputime: 0:40:12.991355


Fri Jul 19 21:09:17 2024
Iteration 595 (600 requested)
Beginning iteration 595
112 segments remain in iteration 595 (112 total)
27 of 33 (81.818182%) active bins are populated
per-bin minimum non-zero probability:       6.62246e-17
per-bin maximum probability:                0.305785
per-bin probability dynamic range (kT):     36.0686
per-segment minimum non-zero probability:   1.65562e-17
per-segment maximum non-zero probability:   0.076094
per-segment probability dynamic range (kT): 36.064
norm = 1, error in norm = 0 (0*epsilon)
MAB binning in use
Bottleneck bin occupancy may not be accurately reported
Waiting for segments to complete...
################ MAB stats ################
minima in each dimension:      [7.5605]
maxima in each dimension:      [39.6353]
direction in each dimension:   [86]
skip in each dimension:        [0]
###########################################
Iteration completed successfully
Iteration wallclock: 0:07:35.923647, cputime: 0:41:41.243771


Fri Jul 19 21:16:53 2024
Iteration 596 (600 requested)
Beginning iteration 596
116 segments remain in iteration 596 (116 total)
29 of 33 (87.878788%) active bins are populated
per-bin minimum non-zero probability:       4.96685e-17
per-bin maximum probability:                0.278676
per-bin probability dynamic range (kT):     36.2635
per-segment minimum non-zero probability:   8.27808e-18
per-segment maximum non-zero probability:   0.0866409
per-segment probability dynamic range (kT): 36.8869
norm = 1, error in norm = 0 (0*epsilon)
MAB binning in use
Bottleneck bin occupancy may not be accurately reported
Waiting for segments to complete...
################ MAB stats ################
minima in each dimension:      [6.3431]
maxima in each dimension:      [39.6968]
direction in each dimension:   [86]
skip in each dimension:        [0]
###########################################
Iteration completed successfully
Iteration wallclock: 0:08:08.639886, cputime: 0:42:55.001794


Fri Jul 19 21:25:02 2024
Iteration 597 (600 requested)
Beginning iteration 597
116 segments remain in iteration 597 (116 total)
29 of 33 (87.878788%) active bins are populated
per-bin minimum non-zero probability:       3.31123e-17
per-bin maximum probability:                0.300014
per-bin probability dynamic range (kT):     36.7427
per-segment minimum non-zero probability:   8.27808e-18
per-segment maximum non-zero probability:   0.0952373
per-segment probability dynamic range (kT): 36.9815
norm = 1, error in norm = 0 (0*epsilon)
MAB binning in use
Bottleneck bin occupancy may not be accurately reported
Waiting for segments to complete...
################ MAB stats ################
minima in each dimension:      [4.9666]
maxima in each dimension:      [39.9559]
direction in each dimension:   [86]
skip in each dimension:        [0]
###########################################
Iteration completed successfully
Iteration wallclock: 0:08:06.296709, cputime: 0:43:09.568446


Fri Jul 19 21:33:08 2024
Iteration 598 (600 requested)
Beginning iteration 598
112 segments remain in iteration 598 (112 total)
27 of 33 (81.818182%) active bins are populated
per-bin minimum non-zero probability:       8.27808e-18
per-bin maximum probability:                0.379814
per-bin probability dynamic range (kT):     38.3648
per-segment minimum non-zero probability:   2.06952e-18
per-segment maximum non-zero probability:   0.132383
per-segment probability dynamic range (kT): 38.6972
norm = 1, error in norm = 0 (0*epsilon)
MAB binning in use
Bottleneck bin occupancy may not be accurately reported
Waiting for segments to complete...
################ MAB stats ################
minima in each dimension:      [5.604]
maxima in each dimension:      [39.5499]
direction in each dimension:   [86]
skip in each dimension:        [0]
###########################################
Iteration completed successfully
Iteration wallclock: 0:08:07.692353, cputime: 0:41:22.609783


Fri Jul 19 21:41:16 2024
Iteration 599 (600 requested)
Beginning iteration 599
124 segments remain in iteration 599 (124 total)
29 of 33 (87.878788%) active bins are populated
per-bin minimum non-zero probability:       2.06952e-18
per-bin maximum probability:                0.416762
per-bin probability dynamic range (kT):     39.844
per-segment minimum non-zero probability:   5.1738e-19
per-segment maximum non-zero probability:   0.120149
per-segment probability dynamic range (kT): 39.9865
norm = 1, error in norm = 0 (0*epsilon)
MAB binning in use
Bottleneck bin occupancy may not be accurately reported
Waiting for segments to complete...
################ MAB stats ################
minima in each dimension:      [7.8209]
maxima in each dimension:      [39.6585]
direction in each dimension:   [86]
skip in each dimension:        [0]
###########################################
Iteration completed successfully
Iteration wallclock: 0:10:01.031057, cputime: 0:45:59.324424


Fri Jul 19 21:51:17 2024
Iteration 600 (600 requested)
Beginning iteration 600
120 segments remain in iteration 600 (120 total)
30 of 33 (90.909091%) active bins are populated
per-bin minimum non-zero probability:       3.33078e-16
per-bin maximum probability:                0.246638
per-bin probability dynamic range (kT):     34.2383
per-segment minimum non-zero probability:   5.88663e-17
per-segment maximum non-zero probability:   0.0866409
per-segment probability dynamic range (kT): 34.9253
norm = 1, error in norm = 0 (0*epsilon)
MAB binning in use
Bottleneck bin occupancy may not be accurately reported
Waiting for segments to complete...
################ MAB stats ################
minima in each dimension:      [8.1508]
maxima in each dimension:      [39.7251]
direction in each dimension:   [86]
skip in each dimension:        [0]
###########################################
Iteration completed successfully
Iteration wallclock: 0:09:23.166270, cputime: 0:44:38.185770


Fri Jul 19 22:00:40 2024
WEST run complete.
