Updating system with the options from the configuration file
Maximum wallclock time: 1 day, 0:00:00

Mon Jul 15 20:00:56 2024
Iteration 530 (600 requested)
Continuing iteration 530
24 segments remain in iteration 530 (128 total)
31 of 33 (93.939394%) active bins are populated
per-bin minimum non-zero probability:       2.06622e-45
per-bin maximum probability:                0.701106
per-bin probability dynamic range (kT):     102.536
per-segment minimum non-zero probability:   1.03311e-45
per-segment maximum non-zero probability:   0.225497
per-segment probability dynamic range (kT): 102.094
norm = 1, error in norm = -2.22045e-16 (-1*epsilon)
MAB binning in use
Bottleneck bin occupancy may not be accurately reported
Waiting for segments to complete...
################ MAB stats ################
minima in each dimension:      [0.6685]
maxima in each dimension:      [39.6422]
direction in each dimension:   [86]
skip in each dimension:        [0]
###########################################
Iteration completed successfully
Iteration wallclock: 0:03:01.460958, cputime: 0:35:17.434102


Mon Jul 15 20:03:57 2024
Iteration 531 (600 requested)
Beginning iteration 531
124 segments remain in iteration 531 (124 total)
31 of 33 (93.939394%) active bins are populated
per-bin minimum non-zero probability:       3.23707e-45
per-bin maximum probability:                0.560953
per-bin probability dynamic range (kT):     101.864
per-segment minimum non-zero probability:   7.34655e-46
per-segment maximum non-zero probability:   0.173969
per-segment probability dynamic range (kT): 102.176
norm = 1, error in norm = -2.22045e-16 (-1*epsilon)
MAB binning in use
Bottleneck bin occupancy may not be accurately reported
Waiting for segments to complete...
################ MAB stats ################
minima in each dimension:      [1.7404]
maxima in each dimension:      [39.8606]
direction in each dimension:   [86]
skip in each dimension:        [0]
###########################################
Iteration completed successfully
Iteration wallclock: 0:06:25.872994, cputime: 0:34:08.070508


Mon Jul 15 20:10:23 2024
Iteration 532 (600 requested)
Beginning iteration 532
120 segments remain in iteration 532 (120 total)
30 of 33 (90.909091%) active bins are populated
per-bin minimum non-zero probability:       2.50242e-45
per-bin maximum probability:                0.284769
per-bin probability dynamic range (kT):     101.443
per-segment minimum non-zero probability:   5.16554e-46
per-segment maximum non-zero probability:   0.0939398
per-segment probability dynamic range (kT): 101.912
norm = 1, error in norm = -2.22045e-16 (-1*epsilon)
MAB binning in use
Bottleneck bin occupancy may not be accurately reported
Waiting for segments to complete...
################ MAB stats ################
minima in each dimension:      [2.2702]
maxima in each dimension:      [39.7933]
direction in each dimension:   [86]
skip in each dimension:        [0]
###########################################
Iteration completed successfully
Iteration wallclock: 0:06:14.492835, cputime: 0:32:56.573498


Mon Jul 15 20:16:38 2024
Iteration 533 (600 requested)
Beginning iteration 533
124 segments remain in iteration 533 (124 total)
31 of 33 (93.939394%) active bins are populated
per-bin minimum non-zero probability:       2.50242e-45
per-bin maximum probability:                0.319925
per-bin probability dynamic range (kT):     101.559
per-segment minimum non-zero probability:   5.16554e-46
per-segment maximum non-zero probability:   0.0939398
per-segment probability dynamic range (kT): 101.912
norm = 1, error in norm = 0 (0*epsilon)
MAB binning in use
Bottleneck bin occupancy may not be accurately reported
Waiting for segments to complete...
################ MAB stats ################
minima in each dimension:      [0.9235]
maxima in each dimension:      [39.6064]
direction in each dimension:   [86]
skip in each dimension:        [0]
###########################################
Iteration completed successfully
Iteration wallclock: 0:06:26.137212, cputime: 0:34:19.902708


Mon Jul 15 20:23:04 2024
Iteration 534 (600 requested)
Beginning iteration 534
120 segments remain in iteration 534 (120 total)
30 of 33 (90.909091%) active bins are populated
per-bin minimum non-zero probability:       7.34655e-46
per-bin maximum probability:                0.225636
per-bin probability dynamic range (kT):     102.436
per-segment minimum non-zero probability:   1.83664e-46
per-segment maximum non-zero probability:   0.0939398
per-segment probability dynamic range (kT): 102.946
norm = 1, error in norm = 0 (0*epsilon)
MAB binning in use
Bottleneck bin occupancy may not be accurately reported
Waiting for segments to complete...
################ MAB stats ################
minima in each dimension:      [2.0001]
maxima in each dimension:      [39.6203]
direction in each dimension:   [86]
skip in each dimension:        [0]
###########################################
Iteration completed successfully
Iteration wallclock: 0:06:14.518833, cputime: 0:33:21.778436


Mon Jul 15 20:29:18 2024
Iteration 535 (600 requested)
Beginning iteration 535
124 segments remain in iteration 535 (124 total)
32 of 33 (96.969697%) active bins are populated
per-bin minimum non-zero probability:       9.92932e-46
per-bin maximum probability:                0.342839
per-bin probability dynamic range (kT):     102.553
per-segment minimum non-zero probability:   1.83664e-46
per-segment maximum non-zero probability:   0.107889
per-segment probability dynamic range (kT): 103.084
norm = 1, error in norm = -1.11022e-16 (-0.5*epsilon)
MAB binning in use
Bottleneck bin occupancy may not be accurately reported
Waiting for segments to complete...
################ MAB stats ################
minima in each dimension:      [1.8041]
maxima in each dimension:      [39.7317]
direction in each dimension:   [86]
skip in each dimension:        [0]
###########################################
Iteration completed successfully
Iteration wallclock: 0:06:50.529210, cputime: 0:34:03.133316


Mon Jul 15 20:36:09 2024
Iteration 536 (600 requested)
Beginning iteration 536
132 segments remain in iteration 536 (132 total)
32 of 33 (96.969697%) active bins are populated
per-bin minimum non-zero probability:       3.67327e-46
per-bin maximum probability:                0.265923
per-bin probability dynamic range (kT):     103.293
per-segment minimum non-zero probability:   9.18319e-47
per-segment maximum non-zero probability:   0.0939398
per-segment probability dynamic range (kT): 103.639
norm = 1, error in norm = -1.11022e-16 (-0.5*epsilon)
MAB binning in use
Bottleneck bin occupancy may not be accurately reported
Waiting for segments to complete...
################ MAB stats ################
minima in each dimension:      [1.2477]
maxima in each dimension:      [39.9861]
direction in each dimension:   [86]
skip in each dimension:        [0]
###########################################
Iteration completed successfully
Iteration wallclock: 0:06:49.284534, cputime: 0:36:39.514596


Mon Jul 15 20:42:58 2024
Iteration 537 (600 requested)
Beginning iteration 537
124 segments remain in iteration 537 (124 total)
30 of 33 (90.909091%) active bins are populated
per-bin minimum non-zero probability:       4.59159e-46
per-bin maximum probability:                0.268297
per-bin probability dynamic range (kT):     103.079
per-segment minimum non-zero probability:   9.18319e-47
per-segment maximum non-zero probability:   0.0939398
per-segment probability dynamic range (kT): 103.639
norm = 1, error in norm = 0 (0*epsilon)
MAB binning in use
Bottleneck bin occupancy may not be accurately reported
Waiting for segments to complete...
################ MAB stats ################
minima in each dimension:      [2.3462]
maxima in each dimension:      [39.4592]
direction in each dimension:   [86]
skip in each dimension:        [0]
###########################################
Iteration completed successfully
Iteration wallclock: 0:06:24.447464, cputime: 0:34:24.156260


Mon Jul 15 20:49:23 2024
Iteration 538 (600 requested)
Beginning iteration 538
132 segments remain in iteration 538 (132 total)
33 of 33 (100.000000%) active bins are populated
per-bin minimum non-zero probability:       2.75496e-46
per-bin maximum probability:                0.304172
per-bin probability dynamic range (kT):     103.715
per-segment minimum non-zero probability:   6.12212e-47
per-segment maximum non-zero probability:   0.103483
per-segment probability dynamic range (kT): 104.141
norm = 1, error in norm = 0 (0*epsilon)
MAB binning in use
Bottleneck bin occupancy may not be accurately reported
Waiting for segments to complete...
################ MAB stats ################
minima in each dimension:      [2.2413]
maxima in each dimension:      [39.7788]
direction in each dimension:   [86]
skip in each dimension:        [0]
###########################################
Iteration completed successfully
Iteration wallclock: 0:06:46.681200, cputime: 0:36:36.441956


Mon Jul 15 20:56:09 2024
Iteration 539 (600 requested)
Beginning iteration 539
128 segments remain in iteration 539 (128 total)
30 of 33 (90.909091%) active bins are populated
per-bin minimum non-zero probability:       4.1133e-46
per-bin maximum probability:                0.285879
per-bin probability dynamic range (kT):     103.253
per-segment minimum non-zero probability:   6.12212e-47
per-segment maximum non-zero probability:   0.0705825
per-segment probability dynamic range (kT): 103.759
norm = 1, error in norm = 0 (0*epsilon)
MAB binning in use
Bottleneck bin occupancy may not be accurately reported
Waiting for segments to complete...
################ MAB stats ################
minima in each dimension:      [1.7286]
maxima in each dimension:      [39.8632]
direction in each dimension:   [86]
skip in each dimension:        [0]
###########################################
Iteration completed successfully
Iteration wallclock: 0:06:29.172431, cputime: 0:35:37.830605


Mon Jul 15 21:02:39 2024
Iteration 540 (600 requested)
Beginning iteration 540
116 segments remain in iteration 540 (116 total)
31 of 33 (93.939394%) active bins are populated
per-bin minimum non-zero probability:       3.19498e-46
per-bin maximum probability:                0.320338
per-bin probability dynamic range (kT):     103.619
per-segment minimum non-zero probability:   6.45693e-47
per-segment maximum non-zero probability:   0.0801226
per-segment probability dynamic range (kT): 103.832
norm = 1, error in norm = -1.11022e-16 (-0.5*epsilon)
MAB binning in use
Bottleneck bin occupancy may not be accurately reported
Waiting for segments to complete...
################ MAB stats ################
minima in each dimension:      [1.6589]
maxima in each dimension:      [39.9781]
direction in each dimension:   [86]
skip in each dimension:        [0]
###########################################
Iteration completed successfully
Iteration wallclock: 0:05:59.157735, cputime: 0:32:22.489334


Mon Jul 15 21:08:38 2024
Iteration 541 (600 requested)
Beginning iteration 541
128 segments remain in iteration 541 (128 total)
32 of 33 (96.969697%) active bins are populated
per-bin minimum non-zero probability:       6.45693e-47
per-bin maximum probability:                0.335415
per-bin probability dynamic range (kT):     105.264
per-segment minimum non-zero probability:   1.61423e-47
per-segment maximum non-zero probability:   0.115745
per-segment probability dynamic range (kT): 105.586
norm = 1, error in norm = -2.22045e-16 (-1*epsilon)
MAB binning in use
Bottleneck bin occupancy may not be accurately reported
Waiting for segments to complete...
################ MAB stats ################
minima in each dimension:      [1.7236]
maxima in each dimension:      [39.9696]
direction in each dimension:   [86]
skip in each dimension:        [0]
###########################################
Iteration completed successfully
Iteration wallclock: 0:06:27.641192, cputime: 0:35:38.828563


Mon Jul 15 21:15:05 2024
Iteration 542 (600 requested)
Beginning iteration 542
128 segments remain in iteration 542 (128 total)
32 of 33 (96.969697%) active bins are populated
per-bin minimum non-zero probability:       1.61423e-47
per-bin maximum probability:                0.256991
per-bin probability dynamic range (kT):     106.384
per-segment minimum non-zero probability:   4.03558e-48
per-segment maximum non-zero probability:   0.0801226
per-segment probability dynamic range (kT): 106.605
norm = 1, error in norm = -1.11022e-16 (-0.5*epsilon)
MAB binning in use
Bottleneck bin occupancy may not be accurately reported
Waiting for segments to complete...
################ MAB stats ################
minima in each dimension:      [1.8733]
maxima in each dimension:      [39.2791]
direction in each dimension:   [86]
skip in each dimension:        [0]
###########################################
Iteration completed successfully
Iteration wallclock: 0:06:27.188483, cputime: 0:35:30.821877


Mon Jul 15 21:21:33 2024
Iteration 543 (600 requested)
Beginning iteration 543
124 segments remain in iteration 543 (124 total)
32 of 33 (96.969697%) active bins are populated
per-bin minimum non-zero probability:       4.59657e-47
per-bin maximum probability:                0.234182
per-bin probability dynamic range (kT):     105.245
per-segment minimum non-zero probability:   4.03558e-48
per-segment maximum non-zero probability:   0.0801226
per-segment probability dynamic range (kT): 106.605
norm = 1, error in norm = 0 (0*epsilon)
MAB binning in use
Bottleneck bin occupancy may not be accurately reported
Waiting for segments to complete...
################ MAB stats ################
minima in each dimension:      [2.4675]
maxima in each dimension:      [39.0696]
direction in each dimension:   [86]
skip in each dimension:        [0]
###########################################
Iteration completed successfully
Iteration wallclock: 0:06:24.140038, cputime: 0:34:14.830952


Mon Jul 15 21:27:57 2024
Iteration 544 (600 requested)
Beginning iteration 544
124 segments remain in iteration 544 (124 total)
31 of 33 (93.939394%) active bins are populated
per-bin minimum non-zero probability:       4.27672e-47
per-bin maximum probability:                0.230065
per-bin probability dynamic range (kT):     105.299
per-segment minimum non-zero probability:   8.07116e-48
per-segment maximum non-zero probability:   0.0726967
per-segment probability dynamic range (kT): 105.814
norm = 1, error in norm = 0 (0*epsilon)
MAB binning in use
Bottleneck bin occupancy may not be accurately reported
Waiting for segments to complete...
################ MAB stats ################
minima in each dimension:      [2.8961]
maxima in each dimension:      [39.02]
direction in each dimension:   [86]
skip in each dimension:        [0]
###########################################
Iteration completed successfully
Iteration wallclock: 0:06:24.548548, cputime: 0:34:15.289254


Mon Jul 15 21:34:21 2024
Iteration 545 (600 requested)
Beginning iteration 545
124 segments remain in iteration 545 (124 total)
32 of 33 (96.969697%) active bins are populated
per-bin minimum non-zero probability:       6.78226e-47
per-bin maximum probability:                0.286751
per-bin probability dynamic range (kT):     105.058
per-segment minimum non-zero probability:   1.04825e-47
per-segment maximum non-zero probability:   0.103405
per-segment probability dynamic range (kT): 105.905
norm = 1, error in norm = -1.11022e-16 (-0.5*epsilon)
MAB binning in use
Bottleneck bin occupancy may not be accurately reported
Waiting for segments to complete...
################ MAB stats ################
minima in each dimension:      [1.4631]
maxima in each dimension:      [39.9993]
direction in each dimension:   [86]
skip in each dimension:        [0]
###########################################
Iteration completed successfully
Iteration wallclock: 0:06:20.424418, cputime: 0:34:25.232457


Mon Jul 15 21:40:42 2024
Iteration 546 (600 requested)
Beginning iteration 546
124 segments remain in iteration 546 (124 total)
32 of 33 (96.969697%) active bins are populated
per-bin minimum non-zero probability:       3.81836e-47
per-bin maximum probability:                0.208331
per-bin probability dynamic range (kT):     105.313
per-segment minimum non-zero probability:   6.98836e-48
per-segment maximum non-zero probability:   0.103405
per-segment probability dynamic range (kT): 106.311
norm = 1, error in norm = -1.11022e-16 (-0.5*epsilon)
MAB binning in use
Bottleneck bin occupancy may not be accurately reported
Waiting for segments to complete...
################ MAB stats ################
minima in each dimension:      [2.1002]
maxima in each dimension:      [39.1566]
direction in each dimension:   [86]
skip in each dimension:        [0]
###########################################
Iteration completed successfully
Iteration wallclock: 0:06:24.422005, cputime: 0:34:24.271608


Mon Jul 15 21:47:06 2024
Iteration 547 (600 requested)
Beginning iteration 547
120 segments remain in iteration 547 (120 total)
30 of 33 (90.909091%) active bins are populated
per-bin minimum non-zero probability:       2.42068e-47
per-bin maximum probability:                0.369438
per-bin probability dynamic range (kT):     106.342
per-segment minimum non-zero probability:   5.73949e-48
per-segment maximum non-zero probability:   0.117643
per-segment probability dynamic range (kT): 106.637
norm = 1, error in norm = 0 (0*epsilon)
MAB binning in use
Bottleneck bin occupancy may not be accurately reported
Waiting for segments to complete...
################ MAB stats ################
minima in each dimension:      [2.8062]
maxima in each dimension:      [39.467]
direction in each dimension:   [86]
skip in each dimension:        [0]
###########################################
Iteration completed successfully
Iteration wallclock: 0:06:03.525334, cputime: 0:33:07.616431


Mon Jul 15 21:53:10 2024
Iteration 548 (600 requested)
Beginning iteration 548
124 segments remain in iteration 548 (124 total)
30 of 33 (90.909091%) active bins are populated
per-bin minimum non-zero probability:       2.7006e-47
per-bin maximum probability:                0.307481
per-bin probability dynamic range (kT):     106.049
per-segment minimum non-zero probability:   5.31663e-48
per-segment maximum non-zero probability:   0.103837
per-segment probability dynamic range (kT): 106.588
norm = 1, error in norm = -2.22045e-16 (-1*epsilon)
MAB binning in use
Bottleneck bin occupancy may not be accurately reported
Waiting for segments to complete...
################ MAB stats ################
minima in each dimension:      [1.8083]
maxima in each dimension:      [39.3582]
direction in each dimension:   [86]
skip in each dimension:        [0]
###########################################
Iteration completed successfully
Iteration wallclock: 0:06:21.958210, cputime: 0:34:18.694683


Mon Jul 15 21:59:32 2024
Iteration 549 (600 requested)
Beginning iteration 549
128 segments remain in iteration 549 (128 total)
29 of 33 (87.878788%) active bins are populated
per-bin minimum non-zero probability:       1.2305e-47
per-bin maximum probability:                0.321263
per-bin probability dynamic range (kT):     106.879
per-segment minimum non-zero probability:   2.32945e-48
per-segment maximum non-zero probability:   0.103405
per-segment probability dynamic range (kT): 107.409
norm = 1, error in norm = -1.11022e-16 (-0.5*epsilon)
MAB binning in use
Bottleneck bin occupancy may not be accurately reported
Waiting for segments to complete...
################ MAB stats ################
minima in each dimension:      [1.8]
maxima in each dimension:      [39.0328]
direction in each dimension:   [86]
skip in each dimension:        [0]
###########################################
Iteration completed successfully
Iteration wallclock: 0:06:28.452991, cputime: 0:35:22.969039


Mon Jul 15 22:06:00 2024
Iteration 550 (600 requested)
Beginning iteration 550
124 segments remain in iteration 550 (124 total)
31 of 33 (93.939394%) active bins are populated
per-bin minimum non-zero probability:       9.31782e-48
per-bin maximum probability:                0.353467
per-bin probability dynamic range (kT):     107.252
per-segment minimum non-zero probability:   2.32945e-48
per-segment maximum non-zero probability:   0.0798628
per-segment probability dynamic range (kT): 107.151
norm = 1, error in norm = -1.11022e-16 (-0.5*epsilon)
MAB binning in use
Bottleneck bin occupancy may not be accurately reported
Waiting for segments to complete...
################ MAB stats ################
minima in each dimension:      [2.2966]
maxima in each dimension:      [38.0548]
direction in each dimension:   [86]
skip in each dimension:        [0]
###########################################
Iteration completed successfully
Iteration wallclock: 0:06:25.861299, cputime: 0:34:16.330124


Mon Jul 15 22:12:26 2024
Iteration 551 (600 requested)
Beginning iteration 551
132 segments remain in iteration 551 (132 total)
32 of 33 (96.969697%) active bins are populated
per-bin minimum non-zero probability:       1.04174e-47
per-bin maximum probability:                0.337053
per-bin probability dynamic range (kT):     107.093
per-segment minimum non-zero probability:   2.32945e-48
per-segment maximum non-zero probability:   0.122685
per-segment probability dynamic range (kT): 107.58
norm = 1, error in norm = -1.11022e-16 (-0.5*epsilon)
MAB binning in use
Bottleneck bin occupancy may not be accurately reported
Waiting for segments to complete...
################ MAB stats ################
minima in each dimension:      [1.3413]
maxima in each dimension:      [39.6949]
direction in each dimension:   [86]
skip in each dimension:        [0]
###########################################
Iteration completed successfully
Iteration wallclock: 0:06:48.988813, cputime: 0:36:31.818828


Mon Jul 15 22:19:15 2024
Iteration 552 (600 requested)
Beginning iteration 552
124 segments remain in iteration 552 (124 total)
31 of 33 (93.939394%) active bins are populated
per-bin minimum non-zero probability:       5.39198e-48
per-bin maximum probability:                0.20548
per-bin probability dynamic range (kT):     107.257
per-segment minimum non-zero probability:   1.348e-48
per-segment maximum non-zero probability:   0.0791855
per-segment probability dynamic range (kT): 107.69
norm = 1, error in norm = 0 (0*epsilon)
MAB binning in use
Bottleneck bin occupancy may not be accurately reported
Waiting for segments to complete...
################ MAB stats ################
minima in each dimension:      [2.8244]
maxima in each dimension:      [39.2144]
direction in each dimension:   [86]
skip in each dimension:        [0]
###########################################
Iteration completed successfully
Iteration wallclock: 0:06:25.432668, cputime: 0:34:23.622723


Mon Jul 15 22:25:40 2024
Iteration 553 (600 requested)
Beginning iteration 553
120 segments remain in iteration 553 (120 total)
31 of 33 (93.939394%) active bins are populated
per-bin minimum non-zero probability:       5.39198e-48
per-bin maximum probability:                0.256446
per-bin probability dynamic range (kT):     107.478
per-segment minimum non-zero probability:   1.348e-48
per-segment maximum non-zero probability:   0.0791855
per-segment probability dynamic range (kT): 107.69
norm = 1, error in norm = -1.11022e-16 (-0.5*epsilon)
MAB binning in use
Bottleneck bin occupancy may not be accurately reported
Waiting for segments to complete...
################ MAB stats ################
minima in each dimension:      [2.1023]
maxima in each dimension:      [38.3566]
direction in each dimension:   [86]
skip in each dimension:        [0]
###########################################
Iteration completed successfully
Iteration wallclock: 0:06:03.641124, cputime: 0:33:11.258041


Mon Jul 15 22:31:44 2024
Iteration 554 (600 requested)
Beginning iteration 554
124 segments remain in iteration 554 (124 total)
30 of 33 (90.909091%) active bins are populated
per-bin minimum non-zero probability:       2.69599e-48
per-bin maximum probability:                0.316397
per-bin probability dynamic range (kT):     108.382
per-segment minimum non-zero probability:   6.73998e-49
per-segment maximum non-zero probability:   0.11138
per-segment probability dynamic range (kT): 108.724
norm = 1, error in norm = 0 (0*epsilon)
MAB binning in use
Bottleneck bin occupancy may not be accurately reported
Waiting for segments to complete...
################ MAB stats ################
minima in each dimension:      [1.3235]
maxima in each dimension:      [39.6376]
direction in each dimension:   [86]
skip in each dimension:        [0]
###########################################
Iteration completed successfully
Iteration wallclock: 0:06:23.330476, cputime: 0:34:18.300630


Mon Jul 15 22:38:07 2024
Iteration 555 (600 requested)
Beginning iteration 555
112 segments remain in iteration 555 (112 total)
28 of 33 (84.848485%) active bins are populated
per-bin minimum non-zero probability:       1.55297e-48
per-bin maximum probability:                0.485449
per-bin probability dynamic range (kT):     109.361
per-segment minimum non-zero probability:   3.88242e-49
per-segment maximum non-zero probability:   0.155611
per-segment probability dynamic range (kT): 109.61
norm = 1, error in norm = 0 (0*epsilon)
MAB binning in use
Bottleneck bin occupancy may not be accurately reported
Waiting for segments to complete...
################ MAB stats ################
minima in each dimension:      [3.18]
maxima in each dimension:      [39.2569]
direction in each dimension:   [86]
skip in each dimension:        [0]
###########################################
Iteration completed successfully
Iteration wallclock: 0:05:41.207536, cputime: 0:31:06.490859


Mon Jul 15 22:43:49 2024
Iteration 556 (600 requested)
Beginning iteration 556
124 segments remain in iteration 556 (124 total)
31 of 33 (93.939394%) active bins are populated
per-bin minimum non-zero probability:       1.67515e-48
per-bin maximum probability:                0.47284
per-bin probability dynamic range (kT):     109.259
per-segment minimum non-zero probability:   3.88242e-49
per-segment maximum non-zero probability:   0.143003
per-segment probability dynamic range (kT): 109.525
norm = 1, error in norm = 0 (0*epsilon)
MAB binning in use
Bottleneck bin occupancy may not be accurately reported
Waiting for segments to complete...
################ MAB stats ################
minima in each dimension:      [2.5534]
maxima in each dimension:      [39.9416]
direction in each dimension:   [86]
skip in each dimension:        [0]
###########################################
Iteration completed successfully
Iteration wallclock: 0:06:23.996883, cputime: 0:34:25.105642


Mon Jul 15 22:50:13 2024
Iteration 557 (600 requested)
Beginning iteration 557
124 segments remain in iteration 557 (124 total)
31 of 33 (93.939394%) active bins are populated
per-bin minimum non-zero probability:       8.37574e-49
per-bin maximum probability:                0.361955
per-bin probability dynamic range (kT):     109.685
per-segment minimum non-zero probability:   1.49777e-49
per-segment maximum non-zero probability:   0.128398
per-segment probability dynamic range (kT): 110.37
norm = 1, error in norm = 0 (0*epsilon)
MAB binning in use
Bottleneck bin occupancy may not be accurately reported
Waiting for segments to complete...
################ MAB stats ################
minima in each dimension:      [2.2063]
maxima in each dimension:      [39.8827]
direction in each dimension:   [86]
skip in each dimension:        [0]
###########################################
Iteration completed successfully
Iteration wallclock: 0:06:24.454880, cputime: 0:34:28.262770


Mon Jul 15 22:56:37 2024
Iteration 558 (600 requested)
Beginning iteration 558
120 segments remain in iteration 558 (120 total)
30 of 33 (90.909091%) active bins are populated
per-bin minimum non-zero probability:       4.01414e-22
per-bin maximum probability:                0.426999
per-bin probability dynamic range (kT):     48.4161
per-segment minimum non-zero probability:   1.00354e-22
per-segment maximum non-zero probability:   0.128398
per-segment probability dynamic range (kT): 48.6007
norm = 1, error in norm = 0 (0*epsilon)
MAB binning in use
Bottleneck bin occupancy may not be accurately reported
Waiting for segments to complete...
################ MAB stats ################
minima in each dimension:      [3.3807]
maxima in each dimension:      [39.7498]
direction in each dimension:   [86]
skip in each dimension:        [0]
###########################################
Iteration completed successfully
Iteration wallclock: 0:06:04.763919, cputime: 0:33:23.181653


Mon Jul 15 23:02:42 2024
Iteration 559 (600 requested)
Beginning iteration 559
120 segments remain in iteration 559 (120 total)
30 of 33 (90.909091%) active bins are populated
per-bin minimum non-zero probability:       1.00354e-22
per-bin maximum probability:                0.459105
per-bin probability dynamic range (kT):     49.8749
per-segment minimum non-zero probability:   2.50884e-23
per-segment maximum non-zero probability:   0.143485
per-segment probability dynamic range (kT): 50.0981
norm = 1, error in norm = 0 (0*epsilon)
MAB binning in use
Bottleneck bin occupancy may not be accurately reported
Waiting for segments to complete...
################ MAB stats ################
minima in each dimension:      [3.1991]
maxima in each dimension:      [39.7972]
direction in each dimension:   [86]
skip in each dimension:        [0]
###########################################
Iteration completed successfully
Iteration wallclock: 0:06:05.150717, cputime: 0:33:09.807551


Mon Jul 15 23:08:47 2024
Iteration 560 (600 requested)
Beginning iteration 560
120 segments remain in iteration 560 (120 total)
30 of 33 (90.909091%) active bins are populated
per-bin minimum non-zero probability:       1.00354e-22
per-bin maximum probability:                0.406589
per-bin probability dynamic range (kT):     49.7534
per-segment minimum non-zero probability:   2.50884e-23
per-segment maximum non-zero probability:   0.128398
per-segment probability dynamic range (kT): 49.987
norm = 1, error in norm = -1.11022e-16 (-0.5*epsilon)
MAB binning in use
Bottleneck bin occupancy may not be accurately reported
Waiting for segments to complete...
################ MAB stats ################
minima in each dimension:      [4.4692]
maxima in each dimension:      [38.7459]
direction in each dimension:   [86]
skip in each dimension:        [0]
###########################################
Iteration completed successfully
Iteration wallclock: 0:06:06.095461, cputime: 0:33:16.450104


Mon Jul 15 23:14:53 2024
Iteration 561 (600 requested)
Beginning iteration 561
120 segments remain in iteration 561 (120 total)
32 of 33 (96.969697%) active bins are populated
per-bin minimum non-zero probability:       2.84335e-22
per-bin maximum probability:                0.368485
per-bin probability dynamic range (kT):     48.6135
per-segment minimum non-zero probability:   3.34512e-23
per-segment maximum non-zero probability:   0.11138
per-segment probability dynamic range (kT): 49.5571
norm = 1, error in norm = 0 (0*epsilon)
MAB binning in use
Bottleneck bin occupancy may not be accurately reported
Waiting for segments to complete...
################ MAB stats ################
minima in each dimension:      [2.6267]
maxima in each dimension:      [38.5605]
direction in each dimension:   [86]
skip in each dimension:        [0]
###########################################
Iteration completed successfully
Iteration wallclock: 0:06:07.604972, cputime: 0:33:22.280629


Mon Jul 15 23:21:01 2024
Iteration 562 (600 requested)
Beginning iteration 562
120 segments remain in iteration 562 (120 total)
30 of 33 (90.909091%) active bins are populated
per-bin minimum non-zero probability:       3.34512e-23
per-bin maximum probability:                0.295238
per-bin probability dynamic range (kT):     50.532
per-segment minimum non-zero probability:   8.36279e-24
per-segment maximum non-zero probability:   0.0918867
per-segment probability dynamic range (kT): 50.7511
norm = 1, error in norm = 0 (0*epsilon)
MAB binning in use
Bottleneck bin occupancy may not be accurately reported
Waiting for segments to complete...
################ MAB stats ################
minima in each dimension:      [2.4492]
maxima in each dimension:      [39.4396]
direction in each dimension:   [86]
skip in each dimension:        [0]
###########################################
Iteration completed successfully
Iteration wallclock: 0:06:07.130229, cputime: 0:33:04.294160


Mon Jul 15 23:27:08 2024
Iteration 563 (600 requested)
Beginning iteration 563
120 segments remain in iteration 563 (120 total)
31 of 33 (93.939394%) active bins are populated
per-bin minimum non-zero probability:       8.36279e-24
per-bin maximum probability:                0.294389
per-bin probability dynamic range (kT):     51.9154
per-segment minimum non-zero probability:   2.0907e-24
per-segment maximum non-zero probability:   0.0918867
per-segment probability dynamic range (kT): 52.1373
norm = 1, error in norm = 0 (0*epsilon)
MAB binning in use
Bottleneck bin occupancy may not be accurately reported
Waiting for segments to complete...
################ MAB stats ################
minima in each dimension:      [4.7742]
maxima in each dimension:      [39.1824]
direction in each dimension:   [86]
skip in each dimension:        [0]
###########################################
Iteration completed successfully
Iteration wallclock: 0:06:06.389110, cputime: 0:33:15.223526


Mon Jul 15 23:33:14 2024
Iteration 564 (600 requested)
Beginning iteration 564
120 segments remain in iteration 564 (120 total)
26 of 33 (78.787879%) active bins are populated
per-bin minimum non-zero probability:       1.43787e-22
per-bin maximum probability:                0.31715
per-bin probability dynamic range (kT):     49.1453
per-segment minimum non-zero probability:   1.49833e-23
per-segment maximum non-zero probability:   0.131899
per-segment probability dynamic range (kT): 50.5294
norm = 1, error in norm = -1.11022e-16 (-0.5*epsilon)
MAB binning in use
Bottleneck bin occupancy may not be accurately reported
Waiting for segments to complete...
################ MAB stats ################
minima in each dimension:      [5.5834]
maxima in each dimension:      [39.2118]
direction in each dimension:   [86]
skip in each dimension:        [0]
###########################################
Iteration completed successfully
Iteration wallclock: 0:06:10.124115, cputime: 0:33:01.414094


Mon Jul 15 23:39:24 2024
Iteration 565 (600 requested)
Beginning iteration 565
120 segments remain in iteration 565 (120 total)
28 of 33 (84.848485%) active bins are populated
per-bin minimum non-zero probability:       1.40169e-18
per-bin maximum probability:                0.397968
per-bin probability dynamic range (kT):     40.1875
per-segment minimum non-zero probability:   3.53847e-23
per-segment maximum non-zero probability:   0.109354
per-segment probability dynamic range (kT): 49.4826
norm = 1, error in norm = 0 (0*epsilon)
MAB binning in use
Bottleneck bin occupancy may not be accurately reported
Waiting for segments to complete...
################ MAB stats ################
minima in each dimension:      [4.5629]
maxima in each dimension:      [38.9948]
direction in each dimension:   [86]
skip in each dimension:        [0]
###########################################
Iteration completed successfully
Iteration wallclock: 0:06:10.366095, cputime: 0:32:48.619966


Mon Jul 15 23:45:35 2024
Iteration 566 (600 requested)
Beginning iteration 566
116 segments remain in iteration 566 (116 total)
29 of 33 (87.878788%) active bins are populated
per-bin minimum non-zero probability:       7.07694e-23
per-bin maximum probability:                0.326332
per-bin probability dynamic range (kT):     49.8828
per-segment minimum non-zero probability:   1.76923e-23
per-segment maximum non-zero probability:   0.109354
per-segment probability dynamic range (kT): 50.1757
norm = 1, error in norm = 0 (0*epsilon)
MAB binning in use
Bottleneck bin occupancy may not be accurately reported
Waiting for segments to complete...
################ MAB stats ################
minima in each dimension:      [5.1553]
maxima in each dimension:      [39.4055]
direction in each dimension:   [86]
skip in each dimension:        [0]
###########################################
Iteration completed successfully
Iteration wallclock: 0:06:06.929434, cputime: 0:32:10.295531


Mon Jul 15 23:51:42 2024
Iteration 567 (600 requested)
Beginning iteration 567
116 segments remain in iteration 567 (116 total)
28 of 33 (84.848485%) active bins are populated
per-bin minimum non-zero probability:       3.53847e-23
per-bin maximum probability:                0.41093
per-bin probability dynamic range (kT):     50.8064
per-segment minimum non-zero probability:   8.84617e-24
per-segment maximum non-zero probability:   0.120108
per-segment probability dynamic range (kT): 50.9627
norm = 1, error in norm = -2.22045e-16 (-1*epsilon)
MAB binning in use
Bottleneck bin occupancy may not be accurately reported
Waiting for segments to complete...
