Updating system with the options from the configuration file
Maximum wallclock time: 1 day, 0:00:00

Tue Jul 16 14:03:46 2024
Iteration 567 (600 requested)
Continuing iteration 567
36 segments remain in iteration 567 (116 total)
26 of 33 (78.787879%) active bins are populated
per-bin minimum non-zero probability:       2.65385e-23
per-bin maximum probability:                0.41093
per-bin probability dynamic range (kT):     51.0941
per-segment minimum non-zero probability:   8.84617e-24
per-segment maximum non-zero probability:   0.120108
per-segment probability dynamic range (kT): 50.9627
norm = 1, error in norm = -2.22045e-16 (-1*epsilon)
MAB binning in use
Bottleneck bin occupancy may not be accurately reported
Waiting for segments to complete...
################ MAB stats ################
minima in each dimension:      [6.0620003]
maxima in each dimension:      [38.6493]
direction in each dimension:   [86]
skip in each dimension:        [0]
###########################################
Iteration completed successfully
Iteration wallclock: 0:03:45.552387, cputime: 0:32:02.258046


Tue Jul 16 14:07:31 2024
Iteration 568 (600 requested)
Beginning iteration 568
116 segments remain in iteration 568 (116 total)
27 of 33 (81.818182%) active bins are populated
per-bin minimum non-zero probability:       6.85257e-20
per-bin maximum probability:                0.356971
per-bin probability dynamic range (kT):     43.097
per-segment minimum non-zero probability:   4.42309e-24
per-segment maximum non-zero probability:   0.120108
per-segment probability dynamic range (kT): 51.6558
norm = 1, error in norm = -3.33067e-16 (-1.5*epsilon)
MAB binning in use
Bottleneck bin occupancy may not be accurately reported
Waiting for segments to complete...
################ MAB stats ################
minima in each dimension:      [6.4126]
maxima in each dimension:      [39.6151]
direction in each dimension:   [86]
skip in each dimension:        [0]
###########################################
Iteration completed successfully
Iteration wallclock: 0:06:16.272819, cputime: 0:32:27.164203


Tue Jul 16 14:13:47 2024
Iteration 569 (600 requested)
Beginning iteration 569
116 segments remain in iteration 569 (116 total)
29 of 33 (87.878788%) active bins are populated
per-bin minimum non-zero probability:       8.84617e-24
per-bin maximum probability:                0.414772
per-bin probability dynamic range (kT):     52.202
per-segment minimum non-zero probability:   2.21154e-24
per-segment maximum non-zero probability:   0.129911
per-segment probability dynamic range (kT): 52.4274
norm = 1, error in norm = 0 (0*epsilon)
MAB binning in use
Bottleneck bin occupancy may not be accurately reported
Waiting for segments to complete...
################ MAB stats ################
minima in each dimension:      [5.4329]
maxima in each dimension:      [38.3861]
direction in each dimension:   [86]
skip in each dimension:        [0]
###########################################
Iteration completed successfully
Iteration wallclock: 0:06:16.210127, cputime: 0:32:16.049765


Tue Jul 16 14:20:04 2024
Iteration 570 (600 requested)
Beginning iteration 570
116 segments remain in iteration 570 (116 total)
29 of 33 (87.878788%) active bins are populated
per-bin minimum non-zero probability:       4.42309e-24
per-bin maximum probability:                0.244563
per-bin probability dynamic range (kT):     52.3669
per-segment minimum non-zero probability:   1.10577e-24
per-segment maximum non-zero probability:   0.0866075
per-segment probability dynamic range (kT): 52.7151
norm = 1, error in norm = -2.22045e-16 (-1*epsilon)
MAB binning in use
Bottleneck bin occupancy may not be accurately reported
Waiting for segments to complete...
################ MAB stats ################
minima in each dimension:      [6.3251]
maxima in each dimension:      [39.8134]
direction in each dimension:   [86]
skip in each dimension:        [0]
###########################################
Iteration completed successfully
Iteration wallclock: 0:06:13.088017, cputime: 0:32:35.933070


Tue Jul 16 14:26:17 2024
Iteration 571 (600 requested)
Beginning iteration 571
120 segments remain in iteration 571 (120 total)
30 of 33 (90.909091%) active bins are populated
per-bin minimum non-zero probability:       2.36877e-20
per-bin maximum probability:                0.27732
per-bin probability dynamic range (kT):     43.9067
per-segment minimum non-zero probability:   5.92165e-21
per-segment maximum non-zero probability:   0.0931289
per-segment probability dynamic range (kT): 44.2019
norm = 1, error in norm = -1.11022e-16 (-0.5*epsilon)
MAB binning in use
Bottleneck bin occupancy may not be accurately reported
Waiting for segments to complete...
################ MAB stats ################
minima in each dimension:      [8.0789]
maxima in each dimension:      [39.3946]
direction in each dimension:   [86]
skip in each dimension:        [0]
###########################################
Iteration completed successfully
Iteration wallclock: 0:06:25.469404, cputime: 0:33:36.385461


Tue Jul 16 14:32:42 2024
Iteration 572 (600 requested)
Beginning iteration 572
128 segments remain in iteration 572 (128 total)
32 of 33 (96.969697%) active bins are populated
per-bin minimum non-zero probability:       1.38179e-20
per-bin maximum probability:                0.293282
per-bin probability dynamic range (kT):     44.5017
per-segment minimum non-zero probability:   2.63209e-21
per-segment maximum non-zero probability:   0.0936047
per-segment probability dynamic range (kT): 45.0178
norm = 1, error in norm = -1.11022e-16 (-0.5*epsilon)
MAB binning in use
Bottleneck bin occupancy may not be accurately reported
Waiting for segments to complete...
################ MAB stats ################
minima in each dimension:      [7.7737]
maxima in each dimension:      [39.8688]
direction in each dimension:   [86]
skip in each dimension:        [0]
###########################################
Iteration completed successfully
Iteration wallclock: 0:06:47.535125, cputime: 0:36:00.555138


Tue Jul 16 14:39:30 2024
Iteration 573 (600 requested)
Beginning iteration 573
120 segments remain in iteration 573 (120 total)
30 of 33 (90.909091%) active bins are populated
per-bin minimum non-zero probability:       1.74715e-15
per-bin maximum probability:                0.48422
per-bin probability dynamic range (kT):     33.2556
per-segment minimum non-zero probability:   4.36787e-16
per-segment maximum non-zero probability:   0.153122
per-segment probability dynamic range (kT): 33.4906
norm = 1, error in norm = 0 (0*epsilon)
MAB binning in use
Bottleneck bin occupancy may not be accurately reported
Waiting for segments to complete...
################ MAB stats ################
minima in each dimension:      [8.6876]
maxima in each dimension:      [38.823]
direction in each dimension:   [86]
skip in each dimension:        [0]
###########################################
Iteration completed successfully
Iteration wallclock: 0:06:25.816700, cputime: 0:33:27.793988


Tue Jul 16 14:45:56 2024
Iteration 574 (600 requested)
Beginning iteration 574
128 segments remain in iteration 574 (128 total)
32 of 33 (96.969697%) active bins are populated
per-bin minimum non-zero probability:       4.36787e-16
per-bin maximum probability:                0.473778
per-bin probability dynamic range (kT):     34.6201
per-segment minimum non-zero probability:   1.09197e-16
per-segment maximum non-zero probability:   0.153122
per-segment probability dynamic range (kT): 34.8769
norm = 1, error in norm = 0 (0*epsilon)
MAB binning in use
Bottleneck bin occupancy may not be accurately reported
Waiting for segments to complete...
################ MAB stats ################
minima in each dimension:      [7.8318]
maxima in each dimension:      [39.8789]
direction in each dimension:   [86]
skip in each dimension:        [0]
###########################################
Iteration completed successfully
Iteration wallclock: 0:06:52.599336, cputime: 0:36:00.186563


Tue Jul 16 14:52:48 2024
Iteration 575 (600 requested)
Beginning iteration 575
116 segments remain in iteration 575 (116 total)
29 of 33 (87.878788%) active bins are populated
per-bin minimum non-zero probability:       4.36787e-16
per-bin maximum probability:                0.271968
per-bin probability dynamic range (kT):     34.065
per-segment minimum non-zero probability:   1.09197e-16
per-segment maximum non-zero probability:   0.119967
per-segment probability dynamic range (kT): 34.6328
norm = 1, error in norm = -2.22045e-16 (-1*epsilon)
MAB binning in use
Bottleneck bin occupancy may not be accurately reported
Waiting for segments to complete...
################ MAB stats ################
minima in each dimension:      [6.6265]
maxima in each dimension:      [38.3962]
direction in each dimension:   [86]
skip in each dimension:        [0]
###########################################
Iteration completed successfully
Iteration wallclock: 0:06:23.406528, cputime: 0:32:23.665418


Tue Jul 16 14:59:12 2024
Iteration 576 (600 requested)
Beginning iteration 576
124 segments remain in iteration 576 (124 total)
30 of 33 (90.909091%) active bins are populated
per-bin minimum non-zero probability:       2.18393e-16
per-bin maximum probability:                0.300108
per-bin probability dynamic range (kT):     34.8566
per-segment minimum non-zero probability:   5.45983e-17
per-segment maximum non-zero probability:   0.109237
per-segment probability dynamic range (kT): 35.2323
norm = 1, error in norm = -2.22045e-16 (-1*epsilon)
MAB binning in use
Bottleneck bin occupancy may not be accurately reported
Waiting for segments to complete...
################ MAB stats ################
minima in each dimension:      [7.7219]
maxima in each dimension:      [39.9253]
direction in each dimension:   [86]
skip in each dimension:        [0]
###########################################
Iteration completed successfully
Iteration wallclock: 0:06:51.070280, cputime: 0:34:53.852215


Tue Jul 16 15:06:03 2024
Iteration 577 (600 requested)
Beginning iteration 577
124 segments remain in iteration 577 (124 total)
31 of 33 (93.939394%) active bins are populated
per-bin minimum non-zero probability:       1.09197e-16
per-bin maximum probability:                0.328882
per-bin probability dynamic range (kT):     35.6413
per-segment minimum non-zero probability:   2.72992e-17
per-segment maximum non-zero probability:   0.0978431
per-segment probability dynamic range (kT): 35.8153
norm = 1, error in norm = 0 (0*epsilon)
MAB binning in use
Bottleneck bin occupancy may not be accurately reported
Waiting for segments to complete...
################ MAB stats ################
minima in each dimension:      [7.1237]
maxima in each dimension:      [39.6436]
direction in each dimension:   [86]
skip in each dimension:        [0]
###########################################
Iteration completed successfully
Iteration wallclock: 0:06:49.922499, cputime: 0:34:42.814365


Tue Jul 16 15:12:53 2024
Iteration 578 (600 requested)
Beginning iteration 578
124 segments remain in iteration 578 (124 total)
30 of 33 (90.909091%) active bins are populated
per-bin minimum non-zero probability:       2.72992e-17
per-bin maximum probability:                0.295557
per-bin probability dynamic range (kT):     36.9208
per-segment minimum non-zero probability:   6.82479e-18
per-segment maximum non-zero probability:   0.0978431
per-segment probability dynamic range (kT): 37.2016
norm = 1, error in norm = 0 (0*epsilon)
MAB binning in use
Bottleneck bin occupancy may not be accurately reported
Waiting for segments to complete...
################ MAB stats ################
minima in each dimension:      [7.9141]
maxima in each dimension:      [39.8003]
direction in each dimension:   [86]
skip in each dimension:        [0]
###########################################
Iteration completed successfully
Iteration wallclock: 0:06:50.577120, cputime: 0:34:39.421484


Tue Jul 16 15:19:43 2024
Iteration 579 (600 requested)
Beginning iteration 579
128 segments remain in iteration 579 (128 total)
31 of 33 (93.939394%) active bins are populated
per-bin minimum non-zero probability:       6.82479e-18
per-bin maximum probability:                0.438573
per-bin probability dynamic range (kT):     38.7017
per-segment minimum non-zero probability:   1.7062e-18
per-segment maximum non-zero probability:   0.143096
per-segment probability dynamic range (kT): 38.968
norm = 1, error in norm = -1.11022e-16 (-0.5*epsilon)
MAB binning in use
Bottleneck bin occupancy may not be accurately reported
Waiting for segments to complete...
