Updating system with the options from the configuration file
Maximum wallclock time: 1 day, 0:00:00

Thu May 30 17:55:02 2024
Iteration 341 (500 requested)
Continuing iteration 341
48 segments remain in iteration 341 (128 total)
31 of 33 (93.939394%) active bins are populated
per-bin minimum non-zero probability:       1.35821e-19
per-bin maximum probability:                0.232593
per-bin probability dynamic range (kT):     41.9845
per-segment minimum non-zero probability:   3.39553e-20
per-segment maximum non-zero probability:   0.0908485
per-segment probability dynamic range (kT): 42.4307
norm = 1, error in norm = -2.22045e-16 (-1*epsilon)
MAB binning in use
Bottleneck bin occupancy may not be accurately reported
Waiting for segments to complete...
################ MAB stats ################
minima in each dimension:      [2.0843]
maxima in each dimension:      [38.6001]
direction in each dimension:   [86]
skip in each dimension:        [0]
###########################################
Iteration completed successfully
Iteration wallclock: 0:04:11.865057, cputime: 0:35:21.736732


Thu May 30 17:59:14 2024
Iteration 342 (500 requested)
Beginning iteration 342
124 segments remain in iteration 342 (124 total)
31 of 33 (93.939394%) active bins are populated
per-bin minimum non-zero probability:       3.39553e-20
per-bin maximum probability:                0.353882
per-bin probability dynamic range (kT):     43.7904
per-segment minimum non-zero probability:   8.48883e-21
per-segment maximum non-zero probability:   0.118752
per-segment probability dynamic range (kT): 44.0848
norm = 1, error in norm = 0 (0*epsilon)
MAB binning in use
Bottleneck bin occupancy may not be accurately reported
Waiting for segments to complete...
################ MAB stats ################
minima in each dimension:      [2.7434]
maxima in each dimension:      [39.7055]
direction in each dimension:   [86]
skip in each dimension:        [0]
###########################################
Iteration completed successfully
Iteration wallclock: 0:06:15.668263, cputime: 0:34:05.946143


Thu May 30 18:05:30 2024
Iteration 343 (500 requested)
Beginning iteration 343
124 segments remain in iteration 343 (124 total)
32 of 33 (96.969697%) active bins are populated
per-bin minimum non-zero probability:       2.54665e-20
per-bin maximum probability:                0.22035
per-bin probability dynamic range (kT):     43.6044
per-segment minimum non-zero probability:   4.24442e-21
per-segment maximum non-zero probability:   0.0879599
per-segment probability dynamic range (kT): 44.4778
norm = 1, error in norm = -3.33067e-16 (-1.5*epsilon)
MAB binning in use
Bottleneck bin occupancy may not be accurately reported
Waiting for segments to complete...
################ MAB stats ################
minima in each dimension:      [1.9852]
maxima in each dimension:      [38.8069]
direction in each dimension:   [86]
skip in each dimension:        [0]
###########################################
Iteration completed successfully
Iteration wallclock: 0:06:17.609715, cputime: 0:33:58.090335


Thu May 30 18:11:48 2024
Iteration 344 (500 requested)
Beginning iteration 344
116 segments remain in iteration 344 (116 total)
29 of 33 (87.878788%) active bins are populated
per-bin minimum non-zero probability:       8.48883e-21
per-bin maximum probability:                0.32586
per-bin probability dynamic range (kT):     45.0942
per-segment minimum non-zero probability:   2.12221e-21
per-segment maximum non-zero probability:   0.100847
per-segment probability dynamic range (kT): 45.3077
norm = 1, error in norm = 0 (0*epsilon)
MAB binning in use
Bottleneck bin occupancy may not be accurately reported
Waiting for segments to complete...
################ MAB stats ################
minima in each dimension:      [3.4102]
maxima in each dimension:      [39.3893]
direction in each dimension:   [86]
skip in each dimension:        [0]
###########################################
Iteration completed successfully
Iteration wallclock: 0:05:52.562183, cputime: 0:31:54.281466


Thu May 30 18:17:40 2024
Iteration 345 (500 requested)
Beginning iteration 345
124 segments remain in iteration 345 (124 total)
31 of 33 (93.939394%) active bins are populated
per-bin minimum non-zero probability:       7.07403e-21
per-bin maximum probability:                0.260093
per-bin probability dynamic range (kT):     45.0511
per-segment minimum non-zero probability:   1.41481e-21
per-segment maximum non-zero probability:   0.114977
per-segment probability dynamic range (kT): 45.8443
norm = 1, error in norm = 0 (0*epsilon)
MAB binning in use
Bottleneck bin occupancy may not be accurately reported
Waiting for segments to complete...
################ MAB stats ################
minima in each dimension:      [2.5152]
maxima in each dimension:      [39.3604]
direction in each dimension:   [86]
skip in each dimension:        [0]
###########################################
Iteration completed successfully
Iteration wallclock: 0:06:16.001297, cputime: 0:34:11.641918


Thu May 30 18:23:56 2024
Iteration 346 (500 requested)
Beginning iteration 346
120 segments remain in iteration 346 (120 total)
30 of 33 (90.909091%) active bins are populated
per-bin minimum non-zero probability:       3.53701e-21
per-bin maximum probability:                0.298755
per-bin probability dynamic range (kT):     45.8829
per-segment minimum non-zero probability:   7.07403e-22
per-segment maximum non-zero probability:   0.114977
per-segment probability dynamic range (kT): 46.5374
norm = 1, error in norm = -2.22045e-16 (-1*epsilon)
MAB binning in use
Bottleneck bin occupancy may not be accurately reported
Waiting for segments to complete...
################ MAB stats ################
minima in each dimension:      [3.2139]
maxima in each dimension:      [39.4237]
direction in each dimension:   [86]
skip in each dimension:        [0]
###########################################
Iteration completed successfully
Iteration wallclock: 0:06:00.902120, cputime: 0:32:51.160308


Thu May 30 18:29:57 2024
Iteration 347 (500 requested)
Beginning iteration 347
124 segments remain in iteration 347 (124 total)
31 of 33 (93.939394%) active bins are populated
per-bin minimum non-zero probability:       1.41481e-21
per-bin maximum probability:                0.214941
per-bin probability dynamic range (kT):     46.4699
per-segment minimum non-zero probability:   3.53701e-22
per-segment maximum non-zero probability:   0.0908485
per-segment probability dynamic range (kT): 46.995
norm = 1, error in norm = -2.22045e-16 (-1*epsilon)
MAB binning in use
Bottleneck bin occupancy may not be accurately reported
Waiting for segments to complete...
################ MAB stats ################
minima in each dimension:      [1.5798]
maxima in each dimension:      [39.9989]
direction in each dimension:   [86]
skip in each dimension:        [0]
###########################################
Iteration completed successfully
Iteration wallclock: 0:06:17.278089, cputime: 0:34:02.464446


Thu May 30 18:36:14 2024
Iteration 348 (500 requested)
Beginning iteration 348
116 segments remain in iteration 348 (116 total)
27 of 33 (81.818182%) active bins are populated
per-bin minimum non-zero probability:       1.88641e-21
per-bin maximum probability:                0.318799
per-bin probability dynamic range (kT):     46.5764
per-segment minimum non-zero probability:   2.35801e-22
per-segment maximum non-zero probability:   0.118385
per-segment probability dynamic range (kT): 47.6652
norm = 1, error in norm = -2.22045e-16 (-1*epsilon)
MAB binning in use
Bottleneck bin occupancy may not be accurately reported
Waiting for segments to complete...
################ MAB stats ################
minima in each dimension:      [0.7918]
maxima in each dimension:      [39.968]
direction in each dimension:   [86]
skip in each dimension:        [0]
###########################################
Iteration completed successfully
Iteration wallclock: 0:05:52.361130, cputime: 0:31:52.499447


Thu May 30 18:42:07 2024
Iteration 349 (500 requested)
Beginning iteration 349
124 segments remain in iteration 349 (124 total)
30 of 33 (90.909091%) active bins are populated
per-bin minimum non-zero probability:       4.71602e-22
per-bin maximum probability:                0.375409
per-bin probability dynamic range (kT):     48.1262
per-segment minimum non-zero probability:   1.179e-22
per-segment maximum non-zero probability:   0.123678
per-segment probability dynamic range (kT): 48.4021
norm = 1, error in norm = -1.11022e-16 (-0.5*epsilon)
MAB binning in use
Bottleneck bin occupancy may not be accurately reported
Waiting for segments to complete...
################ MAB stats ################
minima in each dimension:      [3.0991]
maxima in each dimension:      [39.8829]
direction in each dimension:   [86]
skip in each dimension:        [0]
###########################################
Iteration completed successfully
Iteration wallclock: 0:06:18.036898, cputime: 0:34:08.677946


Thu May 30 18:48:25 2024
Iteration 350 (500 requested)
Beginning iteration 350
128 segments remain in iteration 350 (128 total)
33 of 33 (100.000000%) active bins are populated
per-bin minimum non-zero probability:       4.71602e-22
per-bin maximum probability:                0.258596
per-bin probability dynamic range (kT):     47.7534
per-segment minimum non-zero probability:   1.179e-22
per-segment maximum non-zero probability:   0.0932961
per-segment probability dynamic range (kT): 48.1202
norm = 1, error in norm = -2.22045e-16 (-1*epsilon)
MAB binning in use
Bottleneck bin occupancy may not be accurately reported
Waiting for segments to complete...
################ MAB stats ################
minima in each dimension:      [1.3185]
maxima in each dimension:      [39.3098]
direction in each dimension:   [86]
skip in each dimension:        [0]
###########################################
Iteration completed successfully
Iteration wallclock: 0:06:25.562365, cputime: 0:35:11.579100


Thu May 30 18:54:50 2024
Iteration 351 (500 requested)
Beginning iteration 351
128 segments remain in iteration 351 (128 total)
31 of 33 (93.939394%) active bins are populated
per-bin minimum non-zero probability:       5.10902e-22
per-bin maximum probability:                0.500315
per-bin probability dynamic range (kT):     48.3333
per-segment minimum non-zero probability:   9.17004e-23
per-segment maximum non-zero probability:   0.169
per-segment probability dynamic range (kT): 48.9657
norm = 1, error in norm = -1.11022e-16 (-0.5*epsilon)
MAB binning in use
Bottleneck bin occupancy may not be accurately reported
Waiting for segments to complete...
################ MAB stats ################
minima in each dimension:      [2.7996]
maxima in each dimension:      [39.6299]
direction in each dimension:   [86]
skip in each dimension:        [0]
###########################################
Iteration completed successfully
Iteration wallclock: 0:06:25.736027, cputime: 0:35:07.160417


Thu May 30 19:01:16 2024
Iteration 352 (500 requested)
Beginning iteration 352
132 segments remain in iteration 352 (132 total)
33 of 33 (100.000000%) active bins are populated
per-bin minimum non-zero probability:       2.48901e-22
per-bin maximum probability:                0.336328
per-bin probability dynamic range (kT):     48.6553
per-segment minimum non-zero probability:   9.17004e-23
per-segment maximum non-zero probability:   0.112667
per-segment probability dynamic range (kT): 48.5602
norm = 1, error in norm = -2.22045e-16 (-1*epsilon)
MAB binning in use
Bottleneck bin occupancy may not be accurately reported
Waiting for segments to complete...
################ MAB stats ################
minima in each dimension:      [1.9362]
maxima in each dimension:      [39.4341]
direction in each dimension:   [86]
skip in each dimension:        [0]
###########################################
Iteration completed successfully
Iteration wallclock: 0:06:39.566750, cputime: 0:36:20.026723


Thu May 30 19:07:56 2024
Iteration 353 (500 requested)
Beginning iteration 353
132 segments remain in iteration 353 (132 total)
32 of 33 (96.969697%) active bins are populated
per-bin minimum non-zero probability:       1.179e-22
per-bin maximum probability:                0.235465
per-bin probability dynamic range (kT):     49.046
per-segment minimum non-zero probability:   2.94751e-23
per-segment maximum non-zero probability:   0.112667
per-segment probability dynamic range (kT): 49.6952
norm = 1, error in norm = 0 (0*epsilon)
MAB binning in use
Bottleneck bin occupancy may not be accurately reported
Waiting for segments to complete...
################ MAB stats ################
minima in each dimension:      [1.3585]
maxima in each dimension:      [39.4345]
direction in each dimension:   [86]
skip in each dimension:        [0]
###########################################
Iteration completed successfully
Iteration wallclock: 0:06:38.677103, cputime: 0:36:06.901546


Thu May 30 19:14:34 2024
Iteration 354 (500 requested)
Beginning iteration 354
128 segments remain in iteration 354 (128 total)
30 of 33 (90.909091%) active bins are populated
per-bin minimum non-zero probability:       6.87753e-23
per-bin maximum probability:                0.193413
per-bin probability dynamic range (kT):     49.3883
per-segment minimum non-zero probability:   1.31001e-23
per-segment maximum non-zero probability:   0.0932961
per-segment probability dynamic range (kT): 50.3174
norm = 1, error in norm = -1.11022e-16 (-0.5*epsilon)
MAB binning in use
Bottleneck bin occupancy may not be accurately reported
Waiting for segments to complete...
################ MAB stats ################
minima in each dimension:      [1.7557]
maxima in each dimension:      [39.8663]
direction in each dimension:   [86]
skip in each dimension:        [0]
###########################################
Iteration completed successfully
Iteration wallclock: 0:06:23.750363, cputime: 0:35:09.630643


Thu May 30 19:20:58 2024
Iteration 355 (500 requested)
Beginning iteration 355
132 segments remain in iteration 355 (132 total)
33 of 33 (100.000000%) active bins are populated
per-bin minimum non-zero probability:       4.91252e-23
per-bin maximum probability:                0.320895
per-bin probability dynamic range (kT):     50.231
per-segment minimum non-zero probability:   9.82504e-24
per-segment maximum non-zero probability:   0.0932961
per-segment probability dynamic range (kT): 50.6051
norm = 1, error in norm = -1.11022e-16 (-0.5*epsilon)
MAB binning in use
Bottleneck bin occupancy may not be accurately reported
Waiting for segments to complete...
################ MAB stats ################
minima in each dimension:      [3.4619]
maxima in each dimension:      [39.0881]
direction in each dimension:   [86]
skip in each dimension:        [0]
###########################################
Iteration completed successfully
Iteration wallclock: 0:06:41.196359, cputime: 0:36:02.914405


Thu May 30 19:27:39 2024
Iteration 356 (500 requested)
Beginning iteration 356
128 segments remain in iteration 356 (128 total)
30 of 33 (90.909091%) active bins are populated
per-bin minimum non-zero probability:       5.24002e-23
per-bin maximum probability:                0.235166
per-bin probability dynamic range (kT):     49.8557
per-segment minimum non-zero probability:   9.82504e-24
per-segment maximum non-zero probability:   0.0897755
per-segment probability dynamic range (kT): 50.5667
norm = 1, error in norm = -2.22045e-16 (-1*epsilon)
MAB binning in use
Bottleneck bin occupancy may not be accurately reported
Waiting for segments to complete...
################ MAB stats ################
minima in each dimension:      [2.9509]
maxima in each dimension:      [39.8701]
direction in each dimension:   [86]
skip in each dimension:        [0]
###########################################
Iteration completed successfully
Iteration wallclock: 0:06:23.970604, cputime: 0:35:12.269431


Thu May 30 19:34:03 2024
Iteration 357 (500 requested)
Beginning iteration 357
120 segments remain in iteration 357 (120 total)
30 of 33 (90.909091%) active bins are populated
per-bin minimum non-zero probability:       9.82504e-24
per-bin maximum probability:                0.250004
per-bin probability dynamic range (kT):     51.5908
per-segment minimum non-zero probability:   2.45626e-24
per-segment maximum non-zero probability:   0.102664
per-segment probability dynamic range (kT): 52.0871
norm = 1, error in norm = -2.22045e-16 (-1*epsilon)
MAB binning in use
Bottleneck bin occupancy may not be accurately reported
Waiting for segments to complete...
################ MAB stats ################
minima in each dimension:      [3.6843]
maxima in each dimension:      [39.6558]
direction in each dimension:   [86]
skip in each dimension:        [0]
###########################################
Iteration completed successfully
Iteration wallclock: 0:05:59.639003, cputime: 0:32:56.901189


Thu May 30 19:40:03 2024
Iteration 358 (500 requested)
Beginning iteration 358
124 segments remain in iteration 358 (124 total)
31 of 33 (93.939394%) active bins are populated
per-bin minimum non-zero probability:       2.21063e-23
per-bin maximum probability:                0.278793
per-bin probability dynamic range (kT):     50.8889
per-segment minimum non-zero probability:   4.91252e-24
per-segment maximum non-zero probability:   0.102664
per-segment probability dynamic range (kT): 51.394
norm = 1, error in norm = -1.11022e-16 (-0.5*epsilon)
MAB binning in use
Bottleneck bin occupancy may not be accurately reported
Waiting for segments to complete...
################ MAB stats ################
minima in each dimension:      [2.4853]
maxima in each dimension:      [39.9056]
direction in each dimension:   [86]
skip in each dimension:        [0]
###########################################
Iteration completed successfully
Iteration wallclock: 0:06:14.830879, cputime: 0:33:48.511807


Thu May 30 19:46:18 2024
Iteration 359 (500 requested)
Beginning iteration 359
124 segments remain in iteration 359 (124 total)
32 of 33 (96.969697%) active bins are populated
per-bin minimum non-zero probability:       9.82504e-24
per-bin maximum probability:                0.17232
per-bin probability dynamic range (kT):     51.2187
per-segment minimum non-zero probability:   2.45626e-24
per-segment maximum non-zero probability:   0.0691404
per-segment probability dynamic range (kT): 51.6918
norm = 1, error in norm = -2.22045e-16 (-1*epsilon)
MAB binning in use
Bottleneck bin occupancy may not be accurately reported
Waiting for segments to complete...
################ MAB stats ################
minima in each dimension:      [2.3531]
maxima in each dimension:      [38.2405]
direction in each dimension:   [86]
skip in each dimension:        [0]
###########################################
Iteration completed successfully
Iteration wallclock: 0:06:15.795395, cputime: 0:33:56.960620


Thu May 30 19:52:33 2024
Iteration 360 (500 requested)
Beginning iteration 360
120 segments remain in iteration 360 (120 total)
30 of 33 (90.909091%) active bins are populated
per-bin minimum non-zero probability:       9.41566e-24
per-bin maximum probability:                0.154812
per-bin probability dynamic range (kT):     51.1541
per-segment minimum non-zero probability:   1.91042e-24
per-segment maximum non-zero probability:   0.0623883
per-segment probability dynamic range (kT): 51.8403
norm = 1, error in norm = -2.22045e-16 (-1*epsilon)
MAB binning in use
Bottleneck bin occupancy may not be accurately reported
Waiting for segments to complete...
################ MAB stats ################
minima in each dimension:      [1.7916]
maxima in each dimension:      [39.8653]
direction in each dimension:   [86]
skip in each dimension:        [0]
###########################################
Iteration completed successfully
Iteration wallclock: 0:06:01.100991, cputime: 0:32:56.631553


Thu May 30 19:58:35 2024
Iteration 361 (500 requested)
Beginning iteration 361
120 segments remain in iteration 361 (120 total)
30 of 33 (90.909091%) active bins are populated
per-bin minimum non-zero probability:       4.36668e-24
per-bin maximum probability:                0.185156
per-bin probability dynamic range (kT):     52.1015
per-segment minimum non-zero probability:   8.18753e-25
per-segment maximum non-zero probability:   0.0623883
per-segment probability dynamic range (kT): 52.6876
norm = 1, error in norm = -1.11022e-16 (-0.5*epsilon)
MAB binning in use
Bottleneck bin occupancy may not be accurately reported
Waiting for segments to complete...
################ MAB stats ################
minima in each dimension:      [2.5276]
maxima in each dimension:      [38.5007]
direction in each dimension:   [86]
skip in each dimension:        [0]
###########################################
Iteration completed successfully
Iteration wallclock: 0:05:58.830765, cputime: 0:32:47.053796


Thu May 30 20:04:33 2024
Iteration 362 (500 requested)
Beginning iteration 362
124 segments remain in iteration 362 (124 total)
32 of 33 (96.969697%) active bins are populated
per-bin minimum non-zero probability:       9.41566e-24
per-bin maximum probability:                0.215023
per-bin probability dynamic range (kT):     51.4827
per-segment minimum non-zero probability:   8.18753e-25
per-segment maximum non-zero probability:   0.0691404
per-segment probability dynamic range (kT): 52.7904
norm = 1, error in norm = -4.44089e-16 (-2*epsilon)
MAB binning in use
Bottleneck bin occupancy may not be accurately reported
Waiting for segments to complete...
################ MAB stats ################
minima in each dimension:      [2.3337]
maxima in each dimension:      [39.8267]
direction in each dimension:   [86]
skip in each dimension:        [0]
###########################################
Iteration completed successfully
Iteration wallclock: 0:06:15.764424, cputime: 0:34:04.500201


Thu May 30 20:10:49 2024
Iteration 363 (500 requested)
Beginning iteration 363
132 segments remain in iteration 363 (132 total)
32 of 33 (96.969697%) active bins are populated
per-bin minimum non-zero probability:       8.73337e-24
per-bin maximum probability:                0.341393
per-bin probability dynamic range (kT):     52.0202
per-segment minimum non-zero probability:   1.91042e-24
per-segment maximum non-zero probability:   0.117004
per-segment probability dynamic range (kT): 52.4692
norm = 1, error in norm = -2.22045e-16 (-1*epsilon)
MAB binning in use
Bottleneck bin occupancy may not be accurately reported
Waiting for segments to complete...
################ MAB stats ################
minima in each dimension:      [2.2989]
maxima in each dimension:      [39.0761]
direction in each dimension:   [86]
skip in each dimension:        [0]
###########################################
Iteration completed successfully
Iteration wallclock: 0:06:43.950863, cputime: 0:36:16.431071


Thu May 30 20:17:33 2024
Iteration 364 (500 requested)
Beginning iteration 364
116 segments remain in iteration 364 (116 total)
29 of 33 (87.878788%) active bins are populated
per-bin minimum non-zero probability:       1.65115e-23
per-bin maximum probability:                0.225329
per-bin probability dynamic range (kT):     50.9678
per-segment minimum non-zero probability:   3.50244e-24
per-segment maximum non-zero probability:   0.0780025
per-segment probability dynamic range (kT): 51.4576
norm = 1, error in norm = 0 (0*epsilon)
MAB binning in use
Bottleneck bin occupancy may not be accurately reported
Waiting for segments to complete...
################ MAB stats ################
minima in each dimension:      [2.4525]
maxima in each dimension:      [38.8526]
direction in each dimension:   [86]
skip in each dimension:        [0]
###########################################
Iteration completed successfully
Iteration wallclock: 0:05:52.477027, cputime: 0:31:51.379299


Thu May 30 20:23:26 2024
Iteration 365 (500 requested)
Beginning iteration 365
128 segments remain in iteration 365 (128 total)
32 of 33 (96.969697%) active bins are populated
per-bin minimum non-zero probability:       5.18544e-24
per-bin maximum probability:                0.31826
per-bin probability dynamic range (kT):     52.4713
per-segment minimum non-zero probability:   1.27362e-24
per-segment maximum non-zero probability:   0.0956841
per-segment probability dynamic range (kT): 52.6735
norm = 1, error in norm = -1.11022e-16 (-0.5*epsilon)
MAB binning in use
Bottleneck bin occupancy may not be accurately reported
Waiting for segments to complete...
################ MAB stats ################
minima in each dimension:      [0.8862]
maxima in each dimension:      [39.1375]
direction in each dimension:   [86]
skip in each dimension:        [0]
###########################################
Iteration completed successfully
Iteration wallclock: 0:06:24.308486, cputime: 0:35:01.737589


Thu May 30 20:29:50 2024
Iteration 366 (500 requested)
Beginning iteration 366
128 segments remain in iteration 366 (128 total)
32 of 33 (96.969697%) active bins are populated
per-bin minimum non-zero probability:       1.27362e-24
per-bin maximum probability:                0.300469
per-bin probability dynamic range (kT):     53.8178
per-segment minimum non-zero probability:   3.18404e-25
per-segment maximum non-zero probability:   0.0956841
per-segment probability dynamic range (kT): 54.0598
norm = 1, error in norm = -2.22045e-16 (-1*epsilon)
MAB binning in use
Bottleneck bin occupancy may not be accurately reported
Waiting for segments to complete...
################ MAB stats ################
minima in each dimension:      [2.0595]
maxima in each dimension:      [39.9811]
direction in each dimension:   [86]
skip in each dimension:        [0]
###########################################
Iteration completed successfully
Iteration wallclock: 0:06:26.900964, cputime: 0:34:59.806615


Thu May 30 20:36:17 2024
Iteration 367 (500 requested)
Beginning iteration 367
128 segments remain in iteration 367 (128 total)
31 of 33 (93.939394%) active bins are populated
per-bin minimum non-zero probability:       2.5586e-24
per-bin maximum probability:                0.3452
per-bin probability dynamic range (kT):     53.2589
per-segment minimum non-zero probability:   6.36808e-25
per-segment maximum non-zero probability:   0.0956841
per-segment probability dynamic range (kT): 53.3666
norm = 1, error in norm = 0 (0*epsilon)
MAB binning in use
Bottleneck bin occupancy may not be accurately reported
Waiting for segments to complete...
################ MAB stats ################
minima in each dimension:      [2.9223]
maxima in each dimension:      [39.9296]
direction in each dimension:   [86]
skip in each dimension:        [0]
###########################################
Iteration completed successfully
Iteration wallclock: 0:06:23.815911, cputime: 0:35:04.922927


Thu May 30 20:42:41 2024
Iteration 368 (500 requested)
Beginning iteration 368
132 segments remain in iteration 368 (132 total)
33 of 33 (100.000000%) active bins are populated
per-bin minimum non-zero probability:       6.36808e-25
per-bin maximum probability:                0.34442
per-bin probability dynamic range (kT):     54.6474
per-segment minimum non-zero probability:   1.59202e-25
per-segment maximum non-zero probability:   0.100603
per-segment probability dynamic range (kT): 54.803
norm = 1, error in norm = -3.33067e-16 (-1.5*epsilon)
MAB binning in use
Bottleneck bin occupancy may not be accurately reported
Waiting for segments to complete...
################ MAB stats ################
minima in each dimension:      [1.8092]
maxima in each dimension:      [39.8482]
direction in each dimension:   [86]
skip in each dimension:        [0]
###########################################
Iteration completed successfully
Iteration wallclock: 0:06:38.879904, cputime: 0:36:30.510548


Thu May 30 20:49:19 2024
Iteration 369 (500 requested)
Beginning iteration 369
128 segments remain in iteration 369 (128 total)
31 of 33 (93.939394%) active bins are populated
per-bin minimum non-zero probability:       3.18404e-25
per-bin maximum probability:                0.283377
per-bin probability dynamic range (kT):     55.1455
per-segment minimum non-zero probability:   7.9601e-26
per-segment maximum non-zero probability:   0.100603
per-segment probability dynamic range (kT): 55.4962
norm = 1, error in norm = 0 (0*epsilon)
MAB binning in use
Bottleneck bin occupancy may not be accurately reported
Waiting for segments to complete...
################ MAB stats ################
minima in each dimension:      [3.273]
maxima in each dimension:      [39.2579]
direction in each dimension:   [86]
skip in each dimension:        [0]
###########################################
Iteration completed successfully
Iteration wallclock: 0:06:27.127217, cputime: 0:35:14.416791


Thu May 30 20:55:47 2024
Iteration 370 (500 requested)
Beginning iteration 370
128 segments remain in iteration 370 (128 total)
32 of 33 (96.969697%) active bins are populated
per-bin minimum non-zero probability:       2.1587e-24
per-bin maximum probability:                0.44584
per-bin probability dynamic range (kT):     53.6847
per-segment minimum non-zero probability:   1.59202e-25
per-segment maximum non-zero probability:   0.150502
per-segment probability dynamic range (kT): 55.2058
norm = 1, error in norm = -1.11022e-16 (-0.5*epsilon)
MAB binning in use
Bottleneck bin occupancy may not be accurately reported
Waiting for segments to complete...
################ MAB stats ################
minima in each dimension:      [2.648]
maxima in each dimension:      [39.8468]
direction in each dimension:   [86]
skip in each dimension:        [0]
###########################################
Iteration completed successfully
Iteration wallclock: 0:06:24.638661, cputime: 0:35:06.765449


Thu May 30 21:02:11 2024
Iteration 371 (500 requested)
Beginning iteration 371
124 segments remain in iteration 371 (124 total)
31 of 33 (93.939394%) active bins are populated
per-bin minimum non-zero probability:       1.70258e-24
per-bin maximum probability:                0.33711
per-bin probability dynamic range (kT):     53.6426
per-segment minimum non-zero probability:   1.59202e-25
per-segment maximum non-zero probability:   0.100603
per-segment probability dynamic range (kT): 54.803
norm = 1, error in norm = 0 (0*epsilon)
MAB binning in use
Bottleneck bin occupancy may not be accurately reported
Waiting for segments to complete...
################ MAB stats ################
minima in each dimension:      [2.2305]
maxima in each dimension:      [39.904]
direction in each dimension:   [86]
skip in each dimension:        [0]
###########################################
Iteration completed successfully
Iteration wallclock: 0:06:15.596860, cputime: 0:34:15.865414


Thu May 30 21:08:27 2024
Iteration 372 (500 requested)
Beginning iteration 372
124 segments remain in iteration 372 (124 total)
31 of 33 (93.939394%) active bins are populated
per-bin minimum non-zero probability:       1.59202e-25
per-bin maximum probability:                0.358878
per-bin probability dynamic range (kT):     56.0749
per-segment minimum non-zero probability:   3.98005e-26
per-segment maximum non-zero probability:   0.112532
per-segment probability dynamic range (kT): 56.3014
norm = 1, error in norm = -1.11022e-16 (-0.5*epsilon)
MAB binning in use
Bottleneck bin occupancy may not be accurately reported
Waiting for segments to complete...
################ MAB stats ################
minima in each dimension:      [0.866]
maxima in each dimension:      [39.5139]
direction in each dimension:   [86]
skip in each dimension:        [0]
###########################################
Iteration completed successfully
Iteration wallclock: 0:06:15.502281, cputime: 0:34:10.724548


Thu May 30 21:14:42 2024
Iteration 373 (500 requested)
Beginning iteration 373
124 segments remain in iteration 373 (124 total)
31 of 33 (93.939394%) active bins are populated
per-bin minimum non-zero probability:       2.89975e-25
per-bin maximum probability:                0.391951
per-bin probability dynamic range (kT):     55.5634
per-segment minimum non-zero probability:   5.25935e-26
per-segment maximum non-zero probability:   0.113636
per-segment probability dynamic range (kT): 56.0324
norm = 1, error in norm = -2.22045e-16 (-1*epsilon)
MAB binning in use
Bottleneck bin occupancy may not be accurately reported
Waiting for segments to complete...
