Updating system with the options from the configuration file
Maximum wallclock time: 1 day, 0:00:00

Wed May 29 13:34:45 2024
Iteration 147 (500 requested)
Continuing iteration 147
21 segments remain in iteration 147 (132 total)
32 of 33 (96.969697%) active bins are populated
per-bin minimum non-zero probability:       2.02687e-14
per-bin maximum probability:                0.206168
per-bin probability dynamic range (kT):     29.9506
per-segment minimum non-zero probability:   1.35125e-14
per-segment maximum non-zero probability:   0.0837116
per-segment probability dynamic range (kT): 29.4548
norm = 1, error in norm = -3.33067e-16 (-1.5*epsilon)
MAB binning in use
Bottleneck bin occupancy may not be accurately reported
Waiting for segments to complete...
################ MAB stats ################
minima in each dimension:      [3.7557998]
maxima in each dimension:      [39.4746]
direction in each dimension:   [86]
skip in each dimension:        [0]
###########################################
Iteration completed successfully
Iteration wallclock: 0:02:55.643693, cputime: 0:35:55.368557


Wed May 29 13:37:41 2024
Iteration 148 (500 requested)
Beginning iteration 148
120 segments remain in iteration 148 (120 total)
30 of 33 (90.909091%) active bins are populated
per-bin minimum non-zero probability:       5.405e-14
per-bin maximum probability:                0.267204
per-bin probability dynamic range (kT):     29.2291
per-segment minimum non-zero probability:   1.35125e-14
per-segment maximum non-zero probability:   0.0837116
per-segment probability dynamic range (kT): 29.4548
norm = 1, error in norm = -2.22045e-16 (-1*epsilon)
MAB binning in use
Bottleneck bin occupancy may not be accurately reported
Waiting for segments to complete...
################ MAB stats ################
minima in each dimension:      [4.5441]
maxima in each dimension:      [39.8243]
direction in each dimension:   [86]
skip in each dimension:        [0]
###########################################
Iteration completed successfully
Iteration wallclock: 0:06:01.469207, cputime: 0:32:52.089812


Wed May 29 13:43:42 2024
Iteration 149 (500 requested)
Beginning iteration 149
116 segments remain in iteration 149 (116 total)
30 of 33 (90.909091%) active bins are populated
per-bin minimum non-zero probability:       2.21412e-13
per-bin maximum probability:                0.296615
per-bin probability dynamic range (kT):     27.9234
per-segment minimum non-zero probability:   4.85969e-14
per-segment maximum non-zero probability:   0.0995263
per-segment probability dynamic range (kT): 28.3479
norm = 1, error in norm = 0 (0*epsilon)
MAB binning in use
Bottleneck bin occupancy may not be accurately reported
Waiting for segments to complete...
################ MAB stats ################
minima in each dimension:      [4.6194]
maxima in each dimension:      [39.672]
direction in each dimension:   [86]
skip in each dimension:        [0]
###########################################
Iteration completed successfully
Iteration wallclock: 0:05:54.630205, cputime: 0:31:55.244070


Wed May 29 13:49:37 2024
Iteration 150 (500 requested)
Beginning iteration 150
124 segments remain in iteration 150 (124 total)
31 of 33 (93.939394%) active bins are populated
per-bin minimum non-zero probability:       4.85969e-14
per-bin maximum probability:                0.245707
per-bin probability dynamic range (kT):     29.2516
per-segment minimum non-zero probability:   1.21492e-14
per-segment maximum non-zero probability:   0.0786137
per-segment probability dynamic range (kT): 29.4983
norm = 1, error in norm = -4.44089e-16 (-2*epsilon)
MAB binning in use
Bottleneck bin occupancy may not be accurately reported
Waiting for segments to complete...
################ MAB stats ################
minima in each dimension:      [3.1544]
maxima in each dimension:      [38.8995]
direction in each dimension:   [86]
skip in each dimension:        [0]
###########################################
Iteration completed successfully
Iteration wallclock: 0:06:17.163839, cputime: 0:34:09.763038


Wed May 29 13:55:54 2024
Iteration 151 (500 requested)
Beginning iteration 151
128 segments remain in iteration 151 (128 total)
32 of 33 (96.969697%) active bins are populated
per-bin minimum non-zero probability:       4.67096e-14
per-bin maximum probability:                0.253598
per-bin probability dynamic range (kT):     29.3228
per-segment minimum non-zero probability:   1.16774e-14
per-segment maximum non-zero probability:   0.0786137
per-segment probability dynamic range (kT): 29.5379
norm = 1, error in norm = -1.11022e-16 (-0.5*epsilon)
MAB binning in use
Bottleneck bin occupancy may not be accurately reported
Waiting for segments to complete...
################ MAB stats ################
minima in each dimension:      [2.2337]
maxima in each dimension:      [39.9167]
direction in each dimension:   [86]
skip in each dimension:        [0]
###########################################
Iteration completed successfully
Iteration wallclock: 0:06:25.542953, cputime: 0:35:09.537557


Wed May 29 14:02:19 2024
Iteration 152 (500 requested)
Beginning iteration 152
128 segments remain in iteration 152 (128 total)
31 of 33 (93.939394%) active bins are populated
per-bin minimum non-zero probability:       1.16774e-14
per-bin maximum probability:                0.205747
per-bin probability dynamic range (kT):     30.5
per-segment minimum non-zero probability:   2.91935e-15
per-segment maximum non-zero probability:   0.0786137
per-segment probability dynamic range (kT): 30.9242
norm = 1, error in norm = -1.11022e-16 (-0.5*epsilon)
MAB binning in use
Bottleneck bin occupancy may not be accurately reported
Waiting for segments to complete...
################ MAB stats ################
minima in each dimension:      [2.6498]
maxima in each dimension:      [39.7536]
direction in each dimension:   [86]
skip in each dimension:        [0]
###########################################
Iteration completed successfully
Iteration wallclock: 0:06:29.424991, cputime: 0:35:14.909411


Wed May 29 14:08:49 2024
Iteration 153 (500 requested)
Beginning iteration 153
132 segments remain in iteration 153 (132 total)
32 of 33 (96.969697%) active bins are populated
per-bin minimum non-zero probability:       2.33548e-14
per-bin maximum probability:                0.305882
per-bin probability dynamic range (kT):     30.2034
per-segment minimum non-zero probability:   5.8387e-15
per-segment maximum non-zero probability:   0.104954
per-segment probability dynamic range (kT): 30.52
norm = 1, error in norm = -2.22045e-16 (-1*epsilon)
MAB binning in use
Bottleneck bin occupancy may not be accurately reported
Waiting for segments to complete...
################ MAB stats ################
minima in each dimension:      [4.0081]
maxima in each dimension:      [39.7776]
direction in each dimension:   [86]
skip in each dimension:        [0]
###########################################
Iteration completed successfully
Iteration wallclock: 0:06:41.585991, cputime: 0:36:16.968576


Wed May 29 14:15:30 2024
Iteration 154 (500 requested)
Beginning iteration 154
124 segments remain in iteration 154 (124 total)
30 of 33 (90.909091%) active bins are populated
per-bin minimum non-zero probability:       2.89493e-13
per-bin maximum probability:                0.295863
per-bin probability dynamic range (kT):     27.6528
per-segment minimum non-zero probability:   2.91935e-15
per-segment maximum non-zero probability:   0.0927229
per-segment probability dynamic range (kT): 31.0893
norm = 1, error in norm = -3.33067e-16 (-1.5*epsilon)
MAB binning in use
Bottleneck bin occupancy may not be accurately reported
Waiting for segments to complete...
################ MAB stats ################
minima in each dimension:      [3.9329]
maxima in each dimension:      [39.7944]
direction in each dimension:   [86]
skip in each dimension:        [0]
###########################################
Iteration completed successfully
Iteration wallclock: 0:06:17.063802, cputime: 0:34:07.657289


Wed May 29 14:21:47 2024
Iteration 155 (500 requested)
Beginning iteration 155
128 segments remain in iteration 155 (128 total)
32 of 33 (96.969697%) active bins are populated
per-bin minimum non-zero probability:       2.91935e-15
per-bin maximum probability:                0.251545
per-bin probability dynamic range (kT):     32.0873
per-segment minimum non-zero probability:   7.29838e-16
per-segment maximum non-zero probability:   0.0801255
per-segment probability dynamic range (kT): 32.3295
norm = 1, error in norm = -2.22045e-16 (-1*epsilon)
MAB binning in use
Bottleneck bin occupancy may not be accurately reported
Waiting for segments to complete...
################ MAB stats ################
minima in each dimension:      [3.6821]
maxima in each dimension:      [39.8009]
direction in each dimension:   [86]
skip in each dimension:        [0]
###########################################
Iteration completed successfully
Iteration wallclock: 0:06:24.765990, cputime: 0:35:09.800868


Wed May 29 14:28:12 2024
Iteration 156 (500 requested)
Beginning iteration 156
132 segments remain in iteration 156 (132 total)
32 of 33 (96.969697%) active bins are populated
per-bin minimum non-zero probability:       2.18951e-15
per-bin maximum probability:                0.332252
per-bin probability dynamic range (kT):     32.6532
per-segment minimum non-zero probability:   3.64919e-16
per-segment maximum non-zero probability:   0.101335
per-segment probability dynamic range (kT): 33.2575
norm = 1, error in norm = 0 (0*epsilon)
MAB binning in use
Bottleneck bin occupancy may not be accurately reported
Waiting for segments to complete...
################ MAB stats ################
minima in each dimension:      [2.6157]
maxima in each dimension:      [39.6672]
direction in each dimension:   [86]
skip in each dimension:        [0]
###########################################
Iteration completed successfully
Iteration wallclock: 0:06:40.786306, cputime: 0:36:35.048796


Wed May 29 14:34:53 2024
Iteration 157 (500 requested)
Beginning iteration 157
132 segments remain in iteration 157 (132 total)
33 of 33 (100.000000%) active bins are populated
per-bin minimum non-zero probability:       1.09476e-15
per-bin maximum probability:                0.390115
per-bin probability dynamic range (kT):     33.5069
per-segment minimum non-zero probability:   2.43279e-16
per-segment maximum non-zero probability:   0.115019
per-segment probability dynamic range (kT): 33.7897
norm = 1, error in norm = -2.22045e-16 (-1*epsilon)
MAB binning in use
Bottleneck bin occupancy may not be accurately reported
Waiting for segments to complete...
################ MAB stats ################
minima in each dimension:      [5.0]
maxima in each dimension:      [39.6653]
direction in each dimension:   [86]
skip in each dimension:        [0]
###########################################
Iteration completed successfully
Iteration wallclock: 0:06:42.354125, cputime: 0:36:31.619128


Wed May 29 14:41:35 2024
Iteration 158 (500 requested)
Beginning iteration 158
132 segments remain in iteration 158 (132 total)
32 of 33 (96.969697%) active bins are populated
per-bin minimum non-zero probability:       1.45851e-12
per-bin maximum probability:                0.315693
per-bin probability dynamic range (kT):     26.1006
per-segment minimum non-zero probability:   2.49563e-13
per-segment maximum non-zero probability:   0.115019
per-segment probability dynamic range (kT): 26.8564
norm = 1, error in norm = 0 (0*epsilon)
MAB binning in use
Bottleneck bin occupancy may not be accurately reported
Waiting for segments to complete...
################ MAB stats ################
minima in each dimension:      [3.1885]
maxima in each dimension:      [39.6804]
direction in each dimension:   [86]
skip in each dimension:        [0]
###########################################
Iteration completed successfully
Iteration wallclock: 0:06:39.656318, cputime: 0:36:21.900412


Wed May 29 14:48:15 2024
Iteration 159 (500 requested)
Beginning iteration 159
112 segments remain in iteration 159 (112 total)
28 of 33 (84.848485%) active bins are populated
per-bin minimum non-zero probability:       9.43551e-13
per-bin maximum probability:                0.267209
per-bin probability dynamic range (kT):     26.3694
per-segment minimum non-zero probability:   1.80996e-13
per-segment maximum non-zero probability:   0.115019
per-segment probability dynamic range (kT): 27.1776
norm = 1, error in norm = -1.11022e-16 (-0.5*epsilon)
MAB binning in use
Bottleneck bin occupancy may not be accurately reported
Waiting for segments to complete...
################ MAB stats ################
minima in each dimension:      [4.5794]
maxima in each dimension:      [39.6101]
direction in each dimension:   [86]
skip in each dimension:        [0]
###########################################
Iteration completed successfully
Iteration wallclock: 0:05:36.442699, cputime: 0:30:44.072880


Wed May 29 14:53:51 2024
Iteration 160 (500 requested)
Beginning iteration 160
124 segments remain in iteration 160 (124 total)
31 of 33 (93.939394%) active bins are populated
per-bin minimum non-zero probability:       5.95225e-13
per-bin maximum probability:                0.210938
per-bin probability dynamic range (kT):     26.5936
per-segment minimum non-zero probability:   1.24501e-13
per-segment maximum non-zero probability:   0.067557
per-segment probability dynamic range (kT): 27.0197
norm = 1, error in norm = 0 (0*epsilon)
MAB binning in use
Bottleneck bin occupancy may not be accurately reported
Waiting for segments to complete...
################ MAB stats ################
minima in each dimension:      [4.0152]
maxima in each dimension:      [39.7412]
direction in each dimension:   [86]
skip in each dimension:        [0]
###########################################
Iteration completed successfully
Iteration wallclock: 0:06:17.100500, cputime: 0:34:00.387676


Wed May 29 15:00:09 2024
Iteration 161 (500 requested)
Beginning iteration 161
124 segments remain in iteration 161 (124 total)
31 of 33 (93.939394%) active bins are populated
per-bin minimum non-zero probability:       1.48806e-13
per-bin maximum probability:                0.458548
per-bin probability dynamic range (kT):     28.7564
per-segment minimum non-zero probability:   3.72016e-14
per-segment maximum non-zero probability:   0.157774
per-segment probability dynamic range (kT): 29.0758
norm = 1, error in norm = -4.44089e-16 (-2*epsilon)
MAB binning in use
Bottleneck bin occupancy may not be accurately reported
Waiting for segments to complete...
################ MAB stats ################
minima in each dimension:      [5.6582]
maxima in each dimension:      [39.6571]
direction in each dimension:   [86]
skip in each dimension:        [0]
###########################################
Iteration completed successfully
Iteration wallclock: 0:06:20.642082, cputime: 0:34:03.002757


Wed May 29 15:06:29 2024
Iteration 162 (500 requested)
Beginning iteration 162
128 segments remain in iteration 162 (128 total)
32 of 33 (96.969697%) active bins are populated
per-bin minimum non-zero probability:       3.97808e-13
per-bin maximum probability:                0.291897
per-bin probability dynamic range (kT):     27.3215
per-segment minimum non-zero probability:   9.11023e-14
per-segment maximum non-zero probability:   0.0958163
per-segment probability dynamic range (kT): 27.6815
norm = 1, error in norm = -1.11022e-16 (-0.5*epsilon)
MAB binning in use
Bottleneck bin occupancy may not be accurately reported
Waiting for segments to complete...
################ MAB stats ################
minima in each dimension:      [5.6388]
maxima in each dimension:      [39.1762]
direction in each dimension:   [86]
skip in each dimension:        [0]
###########################################
Iteration completed successfully
Iteration wallclock: 0:06:26.392295, cputime: 0:34:46.407956


Wed May 29 15:12:56 2024
Iteration 163 (500 requested)
Beginning iteration 163
132 segments remain in iteration 163 (132 total)
33 of 33 (100.000000%) active bins are populated
per-bin minimum non-zero probability:       3.06705e-13
per-bin maximum probability:                0.263606
per-bin probability dynamic range (kT):     27.4796
per-segment minimum non-zero probability:   6.22503e-14
per-segment maximum non-zero probability:   0.0958163
per-segment probability dynamic range (kT): 28.0623
norm = 1, error in norm = -2.22045e-16 (-1*epsilon)
MAB binning in use
Bottleneck bin occupancy may not be accurately reported
Waiting for segments to complete...
################ MAB stats ################
minima in each dimension:      [4.9564]
maxima in each dimension:      [39.497]
direction in each dimension:   [86]
skip in each dimension:        [0]
###########################################
Iteration completed successfully
Iteration wallclock: 0:06:42.260087, cputime: 0:36:21.927060


Wed May 29 15:19:38 2024
Iteration 164 (500 requested)
Beginning iteration 164
132 segments remain in iteration 164 (132 total)
33 of 33 (100.000000%) active bins are populated
per-bin minimum non-zero probability:       5.14257e-13
per-bin maximum probability:                0.227967
per-bin probability dynamic range (kT):     26.8175
per-segment minimum non-zero probability:   1.05789e-13
per-segment maximum non-zero probability:   0.0888929
per-segment probability dynamic range (kT): 27.457
norm = 1, error in norm = 0 (0*epsilon)
MAB binning in use
Bottleneck bin occupancy may not be accurately reported
Waiting for segments to complete...
################ MAB stats ################
minima in each dimension:      [4.7502]
maxima in each dimension:      [39.8904]
direction in each dimension:   [86]
skip in each dimension:        [0]
###########################################
Iteration completed successfully
Iteration wallclock: 0:06:44.814841, cputime: 0:36:30.377356


Wed May 29 15:26:23 2024
Iteration 165 (500 requested)
Beginning iteration 165
132 segments remain in iteration 165 (132 total)
31 of 33 (93.939394%) active bins are populated
per-bin minimum non-zero probability:       2.21474e-13
per-bin maximum probability:                0.263301
per-bin probability dynamic range (kT):     27.804
per-segment minimum non-zero probability:   5.53685e-14
per-segment maximum non-zero probability:   0.0697017
per-segment probability dynamic range (kT): 27.8612
norm = 1, error in norm = -2.22045e-16 (-1*epsilon)
MAB binning in use
Bottleneck bin occupancy may not be accurately reported
Waiting for segments to complete...
################ MAB stats ################
minima in each dimension:      [3.9522]
maxima in each dimension:      [39.5444]
direction in each dimension:   [86]
skip in each dimension:        [0]
###########################################
Iteration completed successfully
Iteration wallclock: 0:06:43.317077, cputime: 0:36:20.765779


Wed May 29 15:33:06 2024
Iteration 166 (500 requested)
Beginning iteration 166
128 segments remain in iteration 166 (128 total)
33 of 33 (100.000000%) active bins are populated
per-bin minimum non-zero probability:       5.53685e-14
per-bin maximum probability:                0.236906
per-bin probability dynamic range (kT):     29.0847
per-segment minimum non-zero probability:   1.38421e-14
per-segment maximum non-zero probability:   0.0697017
per-segment probability dynamic range (kT): 29.2475
norm = 1, error in norm = -1.11022e-16 (-0.5*epsilon)
MAB binning in use
Bottleneck bin occupancy may not be accurately reported
Waiting for segments to complete...
################ MAB stats ################
minima in each dimension:      [1.6219]
maxima in each dimension:      [39.8629]
direction in each dimension:   [86]
skip in each dimension:        [0]
###########################################
Iteration completed successfully
Iteration wallclock: 0:06:25.470708, cputime: 0:35:04.426003


Wed May 29 15:39:31 2024
Iteration 167 (500 requested)
Beginning iteration 167
124 segments remain in iteration 167 (124 total)
30 of 33 (90.909091%) active bins are populated
per-bin minimum non-zero probability:       1.38421e-14
per-bin maximum probability:                0.586005
per-bin probability dynamic range (kT):     31.3766
per-segment minimum non-zero probability:   3.46053e-15
per-segment maximum non-zero probability:   0.139587
per-segment probability dynamic range (kT): 31.3283
norm = 1, error in norm = 0 (0*epsilon)
MAB binning in use
Bottleneck bin occupancy may not be accurately reported
Waiting for segments to complete...
################ MAB stats ################
minima in each dimension:      [1.8811]
maxima in each dimension:      [39.8233]
direction in each dimension:   [86]
skip in each dimension:        [0]
###########################################
Iteration completed successfully
Iteration wallclock: 0:06:18.342649, cputime: 0:33:56.274683


Wed May 29 15:45:50 2024
Iteration 168 (500 requested)
Beginning iteration 168
120 segments remain in iteration 168 (120 total)
31 of 33 (93.939394%) active bins are populated
per-bin minimum non-zero probability:       3.46053e-15
per-bin maximum probability:                0.264275
per-bin probability dynamic range (kT):     31.9666
per-segment minimum non-zero probability:   8.65133e-16
per-segment maximum non-zero probability:   0.0950572
per-segment probability dynamic range (kT): 32.3304
norm = 1, error in norm = -1.11022e-16 (-0.5*epsilon)
MAB binning in use
Bottleneck bin occupancy may not be accurately reported
Waiting for segments to complete...
################ MAB stats ################
minima in each dimension:      [2.8276]
maxima in each dimension:      [39.6847]
direction in each dimension:   [86]
skip in each dimension:        [0]
###########################################
Iteration completed successfully
Iteration wallclock: 0:06:01.053240, cputime: 0:32:57.011188


Wed May 29 15:51:51 2024
Iteration 169 (500 requested)
Beginning iteration 169
128 segments remain in iteration 169 (128 total)
31 of 33 (93.939394%) active bins are populated
per-bin minimum non-zero probability:       1.73027e-15
per-bin maximum probability:                0.251422
per-bin probability dynamic range (kT):     32.6099
per-segment minimum non-zero probability:   4.32566e-16
per-segment maximum non-zero probability:   0.0651789
per-segment probability dynamic range (kT): 32.6462
norm = 1, error in norm = -1.11022e-16 (-0.5*epsilon)
MAB binning in use
Bottleneck bin occupancy may not be accurately reported
Waiting for segments to complete...
################ MAB stats ################
minima in each dimension:      [3.5032]
maxima in each dimension:      [39.7003]
direction in each dimension:   [86]
skip in each dimension:        [0]
###########################################
Iteration completed successfully
Iteration wallclock: 0:06:24.954223, cputime: 0:35:03.143005


Wed May 29 15:58:16 2024
Iteration 170 (500 requested)
Beginning iteration 170
124 segments remain in iteration 170 (124 total)
31 of 33 (93.939394%) active bins are populated
per-bin minimum non-zero probability:       4.32566e-16
per-bin maximum probability:                0.288731
per-bin probability dynamic range (kT):     34.1345
per-segment minimum non-zero probability:   1.08142e-16
per-segment maximum non-zero probability:   0.0991201
per-segment probability dynamic range (kT): 34.4517
norm = 1, error in norm = 0 (0*epsilon)
MAB binning in use
Bottleneck bin occupancy may not be accurately reported
Waiting for segments to complete...
################ MAB stats ################
minima in each dimension:      [3.7343]
maxima in each dimension:      [39.8835]
direction in each dimension:   [86]
skip in each dimension:        [0]
###########################################
Iteration completed successfully
Iteration wallclock: 0:06:18.341535, cputime: 0:33:54.439460


Wed May 29 16:04:34 2024
Iteration 171 (500 requested)
Beginning iteration 171
132 segments remain in iteration 171 (132 total)
32 of 33 (96.969697%) active bins are populated
per-bin minimum non-zero probability:       4.32566e-16
per-bin maximum probability:                0.253125
per-bin probability dynamic range (kT):     34.0029
per-segment minimum non-zero probability:   1.08142e-16
per-segment maximum non-zero probability:   0.0991201
per-segment probability dynamic range (kT): 34.4517
norm = 1, error in norm = 0 (0*epsilon)
MAB binning in use
Bottleneck bin occupancy may not be accurately reported
Waiting for segments to complete...
################ MAB stats ################
minima in each dimension:      [1.941]
maxima in each dimension:      [39.6574]
direction in each dimension:   [86]
skip in each dimension:        [0]
###########################################
Iteration completed successfully
Iteration wallclock: 0:06:44.806193, cputime: 0:36:02.246353


Wed May 29 16:11:19 2024
Iteration 172 (500 requested)
Beginning iteration 172
132 segments remain in iteration 172 (132 total)
32 of 33 (96.969697%) active bins are populated
per-bin minimum non-zero probability:       1.08142e-16
per-bin maximum probability:                0.273461
per-bin probability dynamic range (kT):     35.4665
per-segment minimum non-zero probability:   2.70354e-17
per-segment maximum non-zero probability:   0.0673687
per-segment probability dynamic range (kT): 35.4518
norm = 1, error in norm = -1.11022e-16 (-0.5*epsilon)
MAB binning in use
Bottleneck bin occupancy may not be accurately reported
Waiting for segments to complete...
################ MAB stats ################
minima in each dimension:      [3.2264]
maxima in each dimension:      [39.726]
direction in each dimension:   [86]
skip in each dimension:        [0]
###########################################
Iteration completed successfully
Iteration wallclock: 0:06:43.474327, cputime: 0:36:07.746550


Wed May 29 16:18:02 2024
Iteration 173 (500 requested)
Beginning iteration 173
124 segments remain in iteration 173 (124 total)
30 of 33 (90.909091%) active bins are populated
per-bin minimum non-zero probability:       1.08142e-16
per-bin maximum probability:                0.309777
per-bin probability dynamic range (kT):     35.5912
per-segment minimum non-zero probability:   2.70354e-17
per-segment maximum non-zero probability:   0.101713
per-segment probability dynamic range (kT): 35.8638
norm = 1, error in norm = -1.11022e-16 (-0.5*epsilon)
MAB binning in use
Bottleneck bin occupancy may not be accurately reported
Waiting for segments to complete...
################ MAB stats ################
minima in each dimension:      [5.5398]
maxima in each dimension:      [39.776]
direction in each dimension:   [86]
skip in each dimension:        [0]
###########################################
Iteration completed successfully
Iteration wallclock: 0:06:20.242682, cputime: 0:33:53.132408


Wed May 29 16:24:23 2024
Iteration 174 (500 requested)
Beginning iteration 174
128 segments remain in iteration 174 (128 total)
31 of 33 (93.939394%) active bins are populated
per-bin minimum non-zero probability:       6.323e-13
per-bin maximum probability:                0.233267
per-bin probability dynamic range (kT):     26.6338
per-segment minimum non-zero probability:   2.65485e-14
per-segment maximum non-zero probability:   0.0768328
per-segment probability dynamic range (kT): 28.6937
norm = 1, error in norm = 0 (0*epsilon)
MAB binning in use
Bottleneck bin occupancy may not be accurately reported
Waiting for segments to complete...
################ MAB stats ################
minima in each dimension:      [4.8134]
maxima in each dimension:      [39.6008]
direction in each dimension:   [86]
skip in each dimension:        [0]
###########################################
Iteration completed successfully
Iteration wallclock: 0:06:29.044520, cputime: 0:35:15.735735


Wed May 29 16:30:52 2024
Iteration 175 (500 requested)
Beginning iteration 175
128 segments remain in iteration 175 (128 total)
33 of 33 (100.000000%) active bins are populated
per-bin minimum non-zero probability:       5.89609e-13
per-bin maximum probability:                0.241361
per-bin probability dynamic range (kT):     26.7379
per-segment minimum non-zero probability:   1.47402e-13
per-segment maximum non-zero probability:   0.108402
per-segment probability dynamic range (kT): 27.3237
norm = 1, error in norm = -1.11022e-16 (-0.5*epsilon)
MAB binning in use
Bottleneck bin occupancy may not be accurately reported
Waiting for segments to complete...
################ MAB stats ################
minima in each dimension:      [4.5886]
maxima in each dimension:      [39.6464]
direction in each dimension:   [86]
skip in each dimension:        [0]
###########################################
Iteration completed successfully
Iteration wallclock: 0:06:26.412530, cputime: 0:35:10.634439


Wed May 29 16:37:18 2024
Iteration 176 (500 requested)
Beginning iteration 176
120 segments remain in iteration 176 (120 total)
31 of 33 (93.939394%) active bins are populated
per-bin minimum non-zero probability:       4.89518e-13
per-bin maximum probability:                0.373103
per-bin probability dynamic range (kT):     27.3595
per-segment minimum non-zero probability:   8.54037e-14
per-segment maximum non-zero probability:   0.113669
per-segment probability dynamic range (kT): 27.9169
norm = 1, error in norm = -1.11022e-16 (-0.5*epsilon)
MAB binning in use
Bottleneck bin occupancy may not be accurately reported
Waiting for segments to complete...
################ MAB stats ################
minima in each dimension:      [6.0054]
maxima in each dimension:      [39.4593]
direction in each dimension:   [86]
skip in each dimension:        [0]
###########################################
Iteration completed successfully
Iteration wallclock: 0:06:00.659462, cputime: 0:33:05.705549


Wed May 29 16:43:19 2024
Iteration 177 (500 requested)
Beginning iteration 177
128 segments remain in iteration 177 (128 total)
32 of 33 (96.969697%) active bins are populated
per-bin minimum non-zero probability:       3.67858e-13
per-bin maximum probability:                0.326369
per-bin probability dynamic range (kT):     27.5114
per-segment minimum non-zero probability:   8.54037e-14
per-segment maximum non-zero probability:   0.113669
per-segment probability dynamic range (kT): 27.9169
norm = 1, error in norm = 0 (0*epsilon)
MAB binning in use
Bottleneck bin occupancy may not be accurately reported
Waiting for segments to complete...
################ MAB stats ################
minima in each dimension:      [5.971]
maxima in each dimension:      [39.7327]
direction in each dimension:   [86]
skip in each dimension:        [0]
###########################################
Iteration completed successfully
Iteration wallclock: 0:06:25.149211, cputime: 0:35:11.318985


Wed May 29 16:49:44 2024
Iteration 178 (500 requested)
Beginning iteration 178
128 segments remain in iteration 178 (128 total)
31 of 33 (93.939394%) active bins are populated
per-bin minimum non-zero probability:       4.95142e-13
per-bin maximum probability:                0.380069
per-bin probability dynamic range (kT):     27.3665
per-segment minimum non-zero probability:   1.0517e-13
per-segment maximum non-zero probability:   0.113669
per-segment probability dynamic range (kT): 27.7087
norm = 1, error in norm = -1.11022e-16 (-0.5*epsilon)
MAB binning in use
Bottleneck bin occupancy may not be accurately reported
Waiting for segments to complete...
################ MAB stats ################
minima in each dimension:      [7.5607]
maxima in each dimension:      [39.9491]
direction in each dimension:   [86]
skip in each dimension:        [0]
###########################################
Iteration completed successfully
Iteration wallclock: 0:06:23.402710, cputime: 0:35:00.619500


Wed May 29 16:56:07 2024
Iteration 179 (500 requested)
Beginning iteration 179
128 segments remain in iteration 179 (128 total)
31 of 33 (93.939394%) active bins are populated
per-bin minimum non-zero probability:       2.73845e-13
per-bin maximum probability:                0.263995
per-bin probability dynamic range (kT):     27.5944
per-segment minimum non-zero probability:   6.84612e-14
per-segment maximum non-zero probability:   0.092603
per-segment probability dynamic range (kT): 27.9331
norm = 1, error in norm = 0 (0*epsilon)
MAB binning in use
Bottleneck bin occupancy may not be accurately reported
Waiting for segments to complete...
################ MAB stats ################
minima in each dimension:      [7.3303]
maxima in each dimension:      [39.9605]
direction in each dimension:   [86]
skip in each dimension:        [0]
###########################################
Iteration completed successfully
Iteration wallclock: 0:06:28.324092, cputime: 0:35:03.993309


Wed May 29 17:02:36 2024
Iteration 180 (500 requested)
Beginning iteration 180
124 segments remain in iteration 180 (124 total)
31 of 33 (93.939394%) active bins are populated
per-bin minimum non-zero probability:       3.42306e-13
per-bin maximum probability:                0.260394
per-bin probability dynamic range (kT):     27.3575
per-segment minimum non-zero probability:   6.84612e-14
per-segment maximum non-zero probability:   0.076306
per-segment probability dynamic range (kT): 27.7395
norm = 1, error in norm = 0 (0*epsilon)
MAB binning in use
Bottleneck bin occupancy may not be accurately reported
Waiting for segments to complete...
################ MAB stats ################
minima in each dimension:      [6.7477]
maxima in each dimension:      [39.6565]
direction in each dimension:   [86]
skip in each dimension:        [0]
###########################################
Iteration completed successfully
Iteration wallclock: 0:06:16.516274, cputime: 0:34:09.214582


Wed May 29 17:08:52 2024
Iteration 181 (500 requested)
Beginning iteration 181
116 segments remain in iteration 181 (116 total)
28 of 33 (84.848485%) active bins are populated
per-bin minimum non-zero probability:       4.5435e-13
per-bin maximum probability:                0.380524
per-bin probability dynamic range (kT):     27.4537
per-segment minimum non-zero probability:   9.03639e-14
per-segment maximum non-zero probability:   0.0878582
per-segment probability dynamic range (kT): 27.6029
norm = 1, error in norm = -2.22045e-16 (-1*epsilon)
MAB binning in use
Bottleneck bin occupancy may not be accurately reported
Waiting for segments to complete...
################ MAB stats ################
minima in each dimension:      [8.0931]
maxima in each dimension:      [39.8978]
direction in each dimension:   [86]
skip in each dimension:        [0]
###########################################
Iteration completed successfully
Iteration wallclock: 0:05:53.742605, cputime: 0:31:47.124520


Wed May 29 17:14:46 2024
Iteration 182 (500 requested)
Beginning iteration 182
124 segments remain in iteration 182 (124 total)
30 of 33 (90.909091%) active bins are populated
per-bin minimum non-zero probability:       1.83259e-13
per-bin maximum probability:                0.253915
per-bin probability dynamic range (kT):     27.9571
per-segment minimum non-zero probability:   4.58146e-14
per-segment maximum non-zero probability:   0.0705264
per-segment probability dynamic range (kT): 28.0624
norm = 1, error in norm = -3.33067e-16 (-1.5*epsilon)
MAB binning in use
Bottleneck bin occupancy may not be accurately reported
Waiting for segments to complete...
################ MAB stats ################
minima in each dimension:      [6.6017]
maxima in each dimension:      [39.7963]
direction in each dimension:   [86]
skip in each dimension:        [0]
###########################################
Iteration completed successfully
Iteration wallclock: 0:06:17.557051, cputime: 0:34:18.088382


Wed May 29 17:21:04 2024
Iteration 183 (500 requested)
Beginning iteration 183
124 segments remain in iteration 183 (124 total)
31 of 33 (93.939394%) active bins are populated
per-bin minimum non-zero probability:       4.08249e-13
per-bin maximum probability:                0.35746
per-bin probability dynamic range (kT):     27.4982
per-segment minimum non-zero probability:   7.91548e-14
per-segment maximum non-zero probability:   0.114949
per-segment probability dynamic range (kT): 28.0041
norm = 1, error in norm = 0 (0*epsilon)
MAB binning in use
Bottleneck bin occupancy may not be accurately reported
Waiting for segments to complete...
