Updating system with the options from the configuration file
Maximum wallclock time: 1 day, 0:00:00

Tue May 28 16:55:09 2024
Iteration 1 (500 requested)
Beginning iteration 1
104 segments remain in iteration 1 (104 total)
25 of 33 (75.757576%) active bins are populated
per-bin minimum non-zero probability:       6.65766e-12
per-bin maximum probability:                0.401558
per-bin probability dynamic range (kT):     24.8228
per-segment minimum non-zero probability:   1.66441e-12
per-segment maximum non-zero probability:   0.166667
per-segment probability dynamic range (kT): 25.3298
norm = 1, error in norm = -1.11022e-16 (-0.5*epsilon)
MAB binning in use
Bottleneck bin occupancy may not be accurately reported
Waiting for segments to complete...
################ MAB stats ################
minima in each dimension:      [7.933]
maxima in each dimension:      [39.9325]
direction in each dimension:   [86]
skip in each dimension:        [0]
###########################################
Iteration completed successfully
Iteration wallclock: 0:06:59.765002, cputime: 0:28:40.999413


Tue May 28 17:02:09 2024
Iteration 2 (500 requested)
Beginning iteration 2
112 segments remain in iteration 2 (112 total)
28 of 33 (84.848485%) active bins are populated
per-bin minimum non-zero probability:       5.21452e-12
per-bin maximum probability:                0.416909
per-bin probability dynamic range (kT):     25.1047
per-segment minimum non-zero probability:   1.30363e-12
per-segment maximum non-zero probability:   0.166667
per-segment probability dynamic range (kT): 25.5741
norm = 1, error in norm = -2.22045e-16 (-1*epsilon)
MAB binning in use
Bottleneck bin occupancy may not be accurately reported
Waiting for segments to complete...
################ MAB stats ################
minima in each dimension:      [8.0281]
maxima in each dimension:      [39.8419]
direction in each dimension:   [86]
skip in each dimension:        [0]
###########################################
Iteration completed successfully
Iteration wallclock: 0:05:47.029696, cputime: 0:31:06.998603


Tue May 28 17:07:56 2024
Iteration 3 (500 requested)
Beginning iteration 3
120 segments remain in iteration 3 (120 total)
30 of 33 (90.909091%) active bins are populated
per-bin minimum non-zero probability:       2.84428e-12
per-bin maximum probability:                0.302083
per-bin probability dynamic range (kT):     25.3887
per-segment minimum non-zero probability:   2.21922e-12
per-segment maximum non-zero probability:   0.166667
per-segment probability dynamic range (kT): 25.0421
norm = 1, error in norm = -1.11022e-16 (-0.5*epsilon)
MAB binning in use
Bottleneck bin occupancy may not be accurately reported
Waiting for segments to complete...
################ MAB stats ################
minima in each dimension:      [7.5239]
maxima in each dimension:      [39.8768]
direction in each dimension:   [86]
skip in each dimension:        [0]
###########################################
Iteration completed successfully
Iteration wallclock: 0:06:11.402148, cputime: 0:33:05.776342


Tue May 28 17:14:08 2024
Iteration 4 (500 requested)
Beginning iteration 4
128 segments remain in iteration 4 (128 total)
32 of 33 (96.969697%) active bins are populated
per-bin minimum non-zero probability:       2.84428e-12
per-bin maximum probability:                0.460865
per-bin probability dynamic range (kT):     25.8111
per-segment minimum non-zero probability:   7.11071e-13
per-segment maximum non-zero probability:   0.166667
per-segment probability dynamic range (kT): 26.1802
norm = 1, error in norm = 0 (0*epsilon)
MAB binning in use
Bottleneck bin occupancy may not be accurately reported
Waiting for segments to complete...
################ MAB stats ################
minima in each dimension:      [7.3819]
maxima in each dimension:      [39.7829]
direction in each dimension:   [86]
skip in each dimension:        [0]
###########################################
Iteration completed successfully
Iteration wallclock: 0:06:49.392102, cputime: 0:35:26.898482


Tue May 28 17:20:57 2024
Iteration 5 (500 requested)
Beginning iteration 5
128 segments remain in iteration 5 (128 total)
30 of 33 (90.909091%) active bins are populated
per-bin minimum non-zero probability:       7.14405e-12
per-bin maximum probability:                0.394651
per-bin probability dynamic range (kT):     24.735
per-segment minimum non-zero probability:   1.60824e-12
per-segment maximum non-zero probability:   0.166667
per-segment probability dynamic range (kT): 25.3641
norm = 1, error in norm = -1.11022e-16 (-0.5*epsilon)
MAB binning in use
Bottleneck bin occupancy may not be accurately reported
Waiting for segments to complete...
################ MAB stats ################
minima in each dimension:      [5.2846]
maxima in each dimension:      [39.9953]
direction in each dimension:   [86]
skip in each dimension:        [0]
###########################################
Iteration completed successfully
Iteration wallclock: 0:06:47.020351, cputime: 0:35:27.529404


Tue May 28 17:27:44 2024
Iteration 6 (500 requested)
Beginning iteration 6
124 segments remain in iteration 6 (124 total)
31 of 33 (93.939394%) active bins are populated
per-bin minimum non-zero probability:       1.60824e-12
per-bin maximum probability:                0.483291
per-bin probability dynamic range (kT):     26.4287
per-segment minimum non-zero probability:   4.02061e-13
per-segment maximum non-zero probability:   0.166667
per-segment probability dynamic range (kT): 26.7504
norm = 1, error in norm = -2.22045e-16 (-1*epsilon)
MAB binning in use
Bottleneck bin occupancy may not be accurately reported
Waiting for segments to complete...
################ MAB stats ################
minima in each dimension:      [3.9885]
maxima in each dimension:      [39.857]
direction in each dimension:   [86]
skip in each dimension:        [0]
###########################################
Iteration completed successfully
Iteration wallclock: 0:06:29.217160, cputime: 0:34:19.386314


Tue May 28 17:34:13 2024
Iteration 7 (500 requested)
Beginning iteration 7
128 segments remain in iteration 7 (128 total)
31 of 33 (93.939394%) active bins are populated
per-bin minimum non-zero probability:       4.02061e-13
per-bin maximum probability:                0.376303
per-bin probability dynamic range (kT):     27.5648
per-segment minimum non-zero probability:   1.00515e-13
per-segment maximum non-zero probability:   0.0835766
per-segment probability dynamic range (kT): 27.4465
norm = 1, error in norm = 0 (0*epsilon)
MAB binning in use
Bottleneck bin occupancy may not be accurately reported
Waiting for segments to complete...
################ MAB stats ################
minima in each dimension:      [3.4108]
maxima in each dimension:      [39.5618]
direction in each dimension:   [86]
skip in each dimension:        [0]
###########################################
Iteration completed successfully
Iteration wallclock: 0:06:42.795494, cputime: 0:35:26.085619


Tue May 28 17:40:56 2024
Iteration 8 (500 requested)
Beginning iteration 8
132 segments remain in iteration 8 (132 total)
32 of 33 (96.969697%) active bins are populated
per-bin minimum non-zero probability:       2.0103e-13
per-bin maximum probability:                0.373289
per-bin probability dynamic range (kT):     28.2499
per-segment minimum non-zero probability:   5.02576e-14
per-segment maximum non-zero probability:   0.12729
per-segment probability dynamic range (kT): 28.5603
norm = 1, error in norm = -1.11022e-16 (-0.5*epsilon)
MAB binning in use
Bottleneck bin occupancy may not be accurately reported
Waiting for segments to complete...
################ MAB stats ################
minima in each dimension:      [1.3826]
maxima in each dimension:      [39.7839]
direction in each dimension:   [86]
skip in each dimension:        [0]
###########################################
Iteration completed successfully
Iteration wallclock: 0:06:47.708854, cputime: 0:36:35.389339


Tue May 28 17:47:44 2024
Iteration 9 (500 requested)
Beginning iteration 9
124 segments remain in iteration 9 (124 total)
31 of 33 (93.939394%) active bins are populated
per-bin minimum non-zero probability:       1.00515e-13
per-bin maximum probability:                0.306076
per-bin probability dynamic range (kT):     28.7445
per-segment minimum non-zero probability:   2.51288e-14
per-segment maximum non-zero probability:   0.12729
per-segment probability dynamic range (kT): 29.2535
norm = 1, error in norm = -3.33067e-16 (-1.5*epsilon)
MAB binning in use
Bottleneck bin occupancy may not be accurately reported
Waiting for segments to complete...
################ MAB stats ################
minima in each dimension:      [1.3632]
maxima in each dimension:      [39.0795]
direction in each dimension:   [86]
skip in each dimension:        [0]
###########################################
Iteration completed successfully
Iteration wallclock: 0:06:25.458870, cputime: 0:34:16.504406


Tue May 28 17:54:09 2024
Iteration 10 (500 requested)
Beginning iteration 10
124 segments remain in iteration 10 (124 total)
31 of 33 (93.939394%) active bins are populated
per-bin minimum non-zero probability:       5.02576e-14
per-bin maximum probability:                0.39881
per-bin probability dynamic range (kT):     29.7023
per-segment minimum non-zero probability:   1.25644e-14
per-segment maximum non-zero probability:   0.12729
per-segment probability dynamic range (kT): 29.9466
norm = 1, error in norm = 0 (0*epsilon)
MAB binning in use
Bottleneck bin occupancy may not be accurately reported
Waiting for segments to complete...
################ MAB stats ################
minima in each dimension:      [2.9908]
maxima in each dimension:      [39.7576]
direction in each dimension:   [86]
skip in each dimension:        [0]
###########################################
Iteration completed successfully
Iteration wallclock: 0:06:24.166235, cputime: 0:34:12.754628


Tue May 28 18:00:33 2024
Iteration 11 (500 requested)
Beginning iteration 11
132 segments remain in iteration 11 (132 total)
32 of 33 (96.969697%) active bins are populated
per-bin minimum non-zero probability:       6.2822e-14
per-bin maximum probability:                0.386733
per-bin probability dynamic range (kT):     29.4484
per-segment minimum non-zero probability:   1.25644e-14
per-segment maximum non-zero probability:   0.12729
per-segment probability dynamic range (kT): 29.9466
norm = 1, error in norm = -3.33067e-16 (-1.5*epsilon)
MAB binning in use
Bottleneck bin occupancy may not be accurately reported
Waiting for segments to complete...
################ MAB stats ################
minima in each dimension:      [2.982]
maxima in each dimension:      [39.7186]
direction in each dimension:   [86]
skip in each dimension:        [0]
###########################################
Iteration completed successfully
Iteration wallclock: 0:06:46.157623, cputime: 0:36:33.886557


Tue May 28 18:07:20 2024
Iteration 12 (500 requested)
Beginning iteration 12
132 segments remain in iteration 12 (132 total)
33 of 33 (100.000000%) active bins are populated
per-bin minimum non-zero probability:       6.2822e-14
per-bin maximum probability:                0.308346
per-bin probability dynamic range (kT):     29.2219
per-segment minimum non-zero probability:   1.25644e-14
per-segment maximum non-zero probability:   0.120026
per-segment probability dynamic range (kT): 29.8879
norm = 1, error in norm = -1.11022e-16 (-0.5*epsilon)
MAB binning in use
Bottleneck bin occupancy may not be accurately reported
Waiting for segments to complete...
################ MAB stats ################
minima in each dimension:      [4.2526]
maxima in each dimension:      [39.9663]
direction in each dimension:   [86]
skip in each dimension:        [0]
###########################################
Iteration completed successfully
Iteration wallclock: 0:06:45.096417, cputime: 0:36:27.213070


Tue May 28 18:14:05 2024
Iteration 13 (500 requested)
Beginning iteration 13
132 segments remain in iteration 13 (132 total)
32 of 33 (96.969697%) active bins are populated
per-bin minimum non-zero probability:       3.76932e-14
per-bin maximum probability:                0.382602
per-bin probability dynamic range (kT):     29.9485
per-segment minimum non-zero probability:   8.37627e-15
per-segment maximum non-zero probability:   0.117017
per-segment probability dynamic range (kT): 30.2679
norm = 1, error in norm = 2.22045e-16 (1*epsilon)
MAB binning in use
Bottleneck bin occupancy may not be accurately reported
Waiting for segments to complete...
################ MAB stats ################
minima in each dimension:      [3.7289]
maxima in each dimension:      [39.9574]
direction in each dimension:   [86]
skip in each dimension:        [0]
###########################################
Iteration completed successfully
Iteration wallclock: 0:06:42.867295, cputime: 0:36:25.195486


Tue May 28 18:20:48 2024
Iteration 14 (500 requested)
Beginning iteration 14
128 segments remain in iteration 14 (128 total)
29 of 33 (87.878788%) active bins are populated
per-bin minimum non-zero probability:       1.45046e-13
per-bin maximum probability:                0.55398
per-bin probability dynamic range (kT):     28.9711
per-segment minimum non-zero probability:   3.62616e-14
per-segment maximum non-zero probability:   0.167469
per-segment probability dynamic range (kT): 29.1611
norm = 1, error in norm = 0 (0*epsilon)
MAB binning in use
Bottleneck bin occupancy may not be accurately reported
Waiting for segments to complete...
################ MAB stats ################
minima in each dimension:      [3.7764]
maxima in each dimension:      [39.4853]
direction in each dimension:   [86]
skip in each dimension:        [0]
###########################################
Iteration completed successfully
Iteration wallclock: 0:06:28.234528, cputime: 0:35:18.633198


Tue May 28 18:27:16 2024
Iteration 15 (500 requested)
Beginning iteration 15
132 segments remain in iteration 15 (132 total)
28 of 33 (84.848485%) active bins are populated
per-bin minimum non-zero probability:       1.17054e-13
per-bin maximum probability:                0.498765
per-bin probability dynamic range (kT):     29.0805
per-segment minimum non-zero probability:   2.22655e-14
per-segment maximum non-zero probability:   0.167469
per-segment probability dynamic range (kT): 29.6488
norm = 1, error in norm = 0 (0*epsilon)
MAB binning in use
Bottleneck bin occupancy may not be accurately reported
Waiting for segments to complete...
################ MAB stats ################
minima in each dimension:      [5.0332]
maxima in each dimension:      [39.2959]
direction in each dimension:   [86]
skip in each dimension:        [0]
###########################################
Iteration completed successfully
Iteration wallclock: 0:06:45.818911, cputime: 0:36:23.966604


Tue May 28 18:34:02 2024
Iteration 16 (500 requested)
Beginning iteration 16
128 segments remain in iteration 16 (128 total)
33 of 33 (100.000000%) active bins are populated
per-bin minimum non-zero probability:       4.48234e-13
per-bin maximum probability:                0.304639
per-bin probability dynamic range (kT):     27.2448
per-segment minimum non-zero probability:   5.56639e-15
per-segment maximum non-zero probability:   0.123326
per-segment probability dynamic range (kT): 30.7291
norm = 1, error in norm = -2.22045e-16 (-1*epsilon)
MAB binning in use
Bottleneck bin occupancy may not be accurately reported
Waiting for segments to complete...
################ MAB stats ################
minima in each dimension:      [5.3324]
maxima in each dimension:      [39.6421]
direction in each dimension:   [86]
skip in each dimension:        [0]
###########################################
Iteration completed successfully
Iteration wallclock: 0:06:28.852309, cputime: 0:35:23.749971


Tue May 28 18:40:30 2024
Iteration 17 (500 requested)
Beginning iteration 17
124 segments remain in iteration 17 (124 total)
31 of 33 (93.939394%) active bins are populated
per-bin minimum non-zero probability:       5.56639e-15
per-bin maximum probability:                0.332345
per-bin probability dynamic range (kT):     31.7204
per-segment minimum non-zero probability:   1.3916e-15
per-segment maximum non-zero probability:   0.123326
per-segment probability dynamic range (kT): 32.1154
norm = 1, error in norm = 0 (0*epsilon)
MAB binning in use
Bottleneck bin occupancy may not be accurately reported
Waiting for segments to complete...
################ MAB stats ################
minima in each dimension:      [3.9188]
maxima in each dimension:      [39.7322]
direction in each dimension:   [86]
skip in each dimension:        [0]
###########################################
Iteration completed successfully
Iteration wallclock: 0:06:20.365566, cputime: 0:34:16.717946


Tue May 28 18:46:51 2024
Iteration 18 (500 requested)
Beginning iteration 18
120 segments remain in iteration 18 (120 total)
30 of 33 (90.909091%) active bins are populated
per-bin minimum non-zero probability:       4.17479e-15
per-bin maximum probability:                0.429647
per-bin probability dynamic range (kT):     32.2649
per-segment minimum non-zero probability:   6.95798e-16
per-segment maximum non-zero probability:   0.14014
per-segment probability dynamic range (kT): 32.9364
norm = 1, error in norm = -2.22045e-16 (-1*epsilon)
MAB binning in use
Bottleneck bin occupancy may not be accurately reported
Waiting for segments to complete...
################ MAB stats ################
minima in each dimension:      [4.0744]
maxima in each dimension:      [39.3697]
direction in each dimension:   [86]
skip in each dimension:        [0]
###########################################
Iteration completed successfully
Iteration wallclock: 0:06:05.725539, cputime: 0:33:08.721691


Tue May 28 18:52:57 2024
Iteration 19 (500 requested)
Beginning iteration 19
132 segments remain in iteration 19 (132 total)
30 of 33 (90.909091%) active bins are populated
per-bin minimum non-zero probability:       3.55458e-14
per-bin maximum probability:                0.297487
per-bin probability dynamic range (kT):     29.7556
per-segment minimum non-zero probability:   1.3916e-15
per-segment maximum non-zero probability:   0.101472
per-segment probability dynamic range (kT): 31.9204
norm = 1, error in norm = 0 (0*epsilon)
MAB binning in use
Bottleneck bin occupancy may not be accurately reported
Waiting for segments to complete...
################ MAB stats ################
minima in each dimension:      [2.8681]
maxima in each dimension:      [39.8907]
direction in each dimension:   [86]
skip in each dimension:        [0]
###########################################
Iteration completed successfully
Iteration wallclock: 0:06:44.842984, cputime: 0:36:23.905890


Tue May 28 18:59:41 2024
Iteration 20 (500 requested)
Beginning iteration 20
128 segments remain in iteration 20 (128 total)
31 of 33 (93.939394%) active bins are populated
per-bin minimum non-zero probability:       2.78319e-15
per-bin maximum probability:                0.305047
per-bin probability dynamic range (kT):     32.3279
per-segment minimum non-zero probability:   6.95798e-16
per-segment maximum non-zero probability:   0.0973014
per-segment probability dynamic range (kT): 32.5715
norm = 1, error in norm = -2.22045e-16 (-1*epsilon)
MAB binning in use
Bottleneck bin occupancy may not be accurately reported
Waiting for segments to complete...
################ MAB stats ################
minima in each dimension:      [3.7002]
maxima in each dimension:      [39.9998]
direction in each dimension:   [86]
skip in each dimension:        [0]
###########################################
Iteration completed successfully
Iteration wallclock: 0:06:29.891053, cputime: 0:35:24.130700


Tue May 28 19:06:11 2024
Iteration 21 (500 requested)
Beginning iteration 21
128 segments remain in iteration 21 (128 total)
33 of 33 (100.000000%) active bins are populated
per-bin minimum non-zero probability:       1.3916e-15
per-bin maximum probability:                0.212067
per-bin probability dynamic range (kT):     32.6575
per-segment minimum non-zero probability:   3.47899e-16
per-segment maximum non-zero probability:   0.0843923
per-segment probability dynamic range (kT): 33.1223
norm = 1, error in norm = 0 (0*epsilon)
MAB binning in use
Bottleneck bin occupancy may not be accurately reported
Waiting for segments to complete...
################ MAB stats ################
minima in each dimension:      [2.9989]
maxima in each dimension:      [39.7716]
direction in each dimension:   [86]
skip in each dimension:        [0]
###########################################
Iteration completed successfully
Iteration wallclock: 0:06:29.042689, cputime: 0:35:29.624994


Tue May 28 19:12:40 2024
Iteration 22 (500 requested)
Beginning iteration 22
132 segments remain in iteration 22 (132 total)
33 of 33 (100.000000%) active bins are populated
per-bin minimum non-zero probability:       4.12181e-15
per-bin maximum probability:                0.237526
per-bin probability dynamic range (kT):     31.685
per-segment minimum non-zero probability:   7.40537e-16
per-segment maximum non-zero probability:   0.0843923
per-segment probability dynamic range (kT): 32.3669
norm = 1, error in norm = -2.22045e-16 (-1*epsilon)
MAB binning in use
Bottleneck bin occupancy may not be accurately reported
Waiting for segments to complete...
################ MAB stats ################
minima in each dimension:      [2.8867]
maxima in each dimension:      [39.6499]
direction in each dimension:   [86]
skip in each dimension:        [0]
###########################################
Iteration completed successfully
Iteration wallclock: 0:06:43.079901, cputime: 0:36:28.563737


Tue May 28 19:19:23 2024
Iteration 23 (500 requested)
Beginning iteration 23
128 segments remain in iteration 23 (128 total)
33 of 33 (100.000000%) active bins are populated
per-bin minimum non-zero probability:       1.2044e-15
per-bin maximum probability:                0.241054
per-bin probability dynamic range (kT):     32.9301
per-segment minimum non-zero probability:   3.01101e-16
per-segment maximum non-zero probability:   0.0843923
per-segment probability dynamic range (kT): 33.2668
norm = 1, error in norm = 0 (0*epsilon)
MAB binning in use
Bottleneck bin occupancy may not be accurately reported
Waiting for segments to complete...
################ MAB stats ################
minima in each dimension:      [3.3396]
maxima in each dimension:      [39.8262]
direction in each dimension:   [86]
skip in each dimension:        [0]
###########################################
Iteration completed successfully
Iteration wallclock: 0:06:30.219692, cputime: 0:35:33.426985


Tue May 28 19:25:54 2024
Iteration 24 (500 requested)
Beginning iteration 24
124 segments remain in iteration 24 (124 total)
32 of 33 (96.969697%) active bins are populated
per-bin minimum non-zero probability:       1.023e-15
per-bin maximum probability:                0.30879
per-bin probability dynamic range (kT):     33.3409
per-segment minimum non-zero probability:   2.10398e-16
per-segment maximum non-zero probability:   0.0908053
per-segment probability dynamic range (kT): 33.6985
norm = 1, error in norm = 0 (0*epsilon)
MAB binning in use
Bottleneck bin occupancy may not be accurately reported
Waiting for segments to complete...
################ MAB stats ################
minima in each dimension:      [3.857]
maxima in each dimension:      [39.3532]
direction in each dimension:   [86]
skip in each dimension:        [0]
###########################################
Recycled 3.01101e-16 probability (1 walkers) from target state 'D2'
Iteration completed successfully
Iteration wallclock: 0:06:21.086164, cputime: 0:34:16.047831


Tue May 28 19:32:15 2024
Iteration 25 (500 requested)
Beginning iteration 25
132 segments remain in iteration 25 (132 total)
32 of 33 (96.969697%) active bins are populated
per-bin minimum non-zero probability:       1.00146e-15
per-bin maximum probability:                0.43599
per-bin probability dynamic range (kT):     33.7072
per-segment minimum non-zero probability:   2.10398e-16
per-segment maximum non-zero probability:   0.157798
per-segment probability dynamic range (kT): 34.2511
norm = 1, error in norm = 0 (0*epsilon)
MAB binning in use
Bottleneck bin occupancy may not be accurately reported
Waiting for segments to complete...
################ MAB stats ################
minima in each dimension:      [2.0573]
maxima in each dimension:      [39.8255]
direction in each dimension:   [86]
skip in each dimension:        [0]
###########################################
Iteration completed successfully
Iteration wallclock: 0:06:44.535754, cputime: 0:36:28.397785


Tue May 28 19:38:59 2024
Iteration 26 (500 requested)
Beginning iteration 26
128 segments remain in iteration 26 (128 total)
32 of 33 (96.969697%) active bins are populated
per-bin minimum non-zero probability:       1.03159e-15
per-bin maximum probability:                0.459272
per-bin probability dynamic range (kT):     33.7296
per-segment minimum non-zero probability:   1.73606e-16
per-segment maximum non-zero probability:   0.157798
per-segment probability dynamic range (kT): 34.4433
norm = 1, error in norm = 0 (0*epsilon)
MAB binning in use
Bottleneck bin occupancy may not be accurately reported
Waiting for segments to complete...
################ MAB stats ################
minima in each dimension:      [1.6834]
maxima in each dimension:      [39.4616]
direction in each dimension:   [86]
skip in each dimension:        [0]
###########################################
Iteration completed successfully
Iteration wallclock: 0:06:27.439898, cputime: 0:35:28.770968


Tue May 28 19:45:27 2024
Iteration 27 (500 requested)
Beginning iteration 27
128 segments remain in iteration 27 (128 total)
32 of 33 (96.969697%) active bins are populated
per-bin minimum non-zero probability:       3.47212e-16
per-bin maximum probability:                0.374849
per-bin probability dynamic range (kT):     34.6154
per-segment minimum non-zero probability:   8.68031e-17
per-segment maximum non-zero probability:   0.157798
per-segment probability dynamic range (kT): 35.1364
norm = 1, error in norm = -1.11022e-16 (-0.5*epsilon)
MAB binning in use
Bottleneck bin occupancy may not be accurately reported
Waiting for segments to complete...
################ MAB stats ################
minima in each dimension:      [3.0134]
maxima in each dimension:      [39.3454]
direction in each dimension:   [86]
skip in each dimension:        [0]
###########################################
Iteration completed successfully
Iteration wallclock: 0:06:30.857700, cputime: 0:35:37.668855


Tue May 28 19:51:58 2024
Iteration 28 (500 requested)
Beginning iteration 28
132 segments remain in iteration 28 (132 total)
33 of 33 (100.000000%) active bins are populated
per-bin minimum non-zero probability:       9.67846e-16
per-bin maximum probability:                0.429696
per-bin probability dynamic range (kT):     33.7268
per-segment minimum non-zero probability:   1.73606e-16
per-segment maximum non-zero probability:   0.165163
per-segment probability dynamic range (kT): 34.4889
norm = 1, error in norm = -2.22045e-16 (-1*epsilon)
MAB binning in use
Bottleneck bin occupancy may not be accurately reported
Waiting for segments to complete...
################ MAB stats ################
minima in each dimension:      [3.1361]
maxima in each dimension:      [39.5967]
direction in each dimension:   [86]
skip in each dimension:        [0]
###########################################
Iteration completed successfully
Iteration wallclock: 0:06:44.551071, cputime: 0:36:40.482325


Tue May 28 19:58:42 2024
Iteration 29 (500 requested)
Beginning iteration 29
132 segments remain in iteration 29 (132 total)
30 of 33 (90.909091%) active bins are populated
per-bin minimum non-zero probability:       3.98311e-14
per-bin maximum probability:                0.339601
per-bin probability dynamic range (kT):     29.7741
per-segment minimum non-zero probability:   9.95778e-15
per-segment maximum non-zero probability:   0.165163
per-segment probability dynamic range (kT): 30.4396
norm = 1, error in norm = -3.33067e-16 (-1.5*epsilon)
MAB binning in use
Bottleneck bin occupancy may not be accurately reported
Waiting for segments to complete...
################ MAB stats ################
minima in each dimension:      [4.3109]
maxima in each dimension:      [39.7964]
direction in each dimension:   [86]
skip in each dimension:        [0]
###########################################
Iteration completed successfully
Iteration wallclock: 0:06:43.762640, cputime: 0:36:25.339647


Tue May 28 20:05:26 2024
Iteration 30 (500 requested)
Beginning iteration 30
132 segments remain in iteration 30 (132 total)
32 of 33 (96.969697%) active bins are populated
per-bin minimum non-zero probability:       2.19751e-14
per-bin maximum probability:                0.386485
per-bin probability dynamic range (kT):     30.4982
per-segment minimum non-zero probability:   3.74316e-15
per-segment maximum non-zero probability:   0.165163
per-segment probability dynamic range (kT): 31.418
norm = 1, error in norm = -1.11022e-16 (-0.5*epsilon)
MAB binning in use
Bottleneck bin occupancy may not be accurately reported
Waiting for segments to complete...
################ MAB stats ################
minima in each dimension:      [3.6958]
maxima in each dimension:      [39.6058]
direction in each dimension:   [86]
skip in each dimension:        [0]
###########################################
Iteration completed successfully
Iteration wallclock: 0:06:43.318376, cputime: 0:36:36.079760


Tue May 28 20:12:09 2024
Iteration 31 (500 requested)
Beginning iteration 31
132 segments remain in iteration 31 (132 total)
32 of 33 (96.969697%) active bins are populated
per-bin minimum non-zero probability:       3.74316e-15
per-bin maximum probability:                0.448448
per-bin probability dynamic range (kT):     32.4169
per-segment minimum non-zero probability:   9.35791e-16
per-segment maximum non-zero probability:   0.165163
per-segment probability dynamic range (kT): 32.8043
norm = 1, error in norm = 0 (0*epsilon)
MAB binning in use
Bottleneck bin occupancy may not be accurately reported
Waiting for segments to complete...
################ MAB stats ################
minima in each dimension:      [5.6485]
maxima in each dimension:      [39.9493]
direction in each dimension:   [86]
skip in each dimension:        [0]
###########################################
Iteration completed successfully
Iteration wallclock: 0:06:58.685380, cputime: 0:36:03.406817


Tue May 28 20:19:08 2024
Iteration 32 (500 requested)
Beginning iteration 32
128 segments remain in iteration 32 (128 total)
31 of 33 (93.939394%) active bins are populated
per-bin minimum non-zero probability:       9.35791e-16
per-bin maximum probability:                0.271432
per-bin probability dynamic range (kT):     33.3011
per-segment minimum non-zero probability:   2.33948e-16
per-segment maximum non-zero probability:   0.0777857
per-segment probability dynamic range (kT): 33.4376
norm = 1, error in norm = -1.11022e-16 (-0.5*epsilon)
MAB binning in use
Bottleneck bin occupancy may not be accurately reported
Waiting for segments to complete...
################ MAB stats ################
minima in each dimension:      [6.095]
maxima in each dimension:      [39.7535]
direction in each dimension:   [86]
skip in each dimension:        [0]
###########################################
Iteration completed successfully
Iteration wallclock: 0:06:28.971014, cputime: 0:35:20.398918


Tue May 28 20:25:37 2024
Iteration 33 (500 requested)
Beginning iteration 33
128 segments remain in iteration 33 (128 total)
32 of 33 (96.969697%) active bins are populated
per-bin minimum non-zero probability:       1.06332e-12
per-bin maximum probability:                0.272573
per-bin probability dynamic range (kT):     26.2698
per-segment minimum non-zero probability:   1.16974e-16
per-segment maximum non-zero probability:   0.0777857
per-segment probability dynamic range (kT): 34.1308
norm = 1, error in norm = 0 (0*epsilon)
MAB binning in use
Bottleneck bin occupancy may not be accurately reported
Waiting for segments to complete...
################ MAB stats ################
minima in each dimension:      [3.1463]
maxima in each dimension:      [39.3507]
direction in each dimension:   [86]
skip in each dimension:        [0]
###########################################
Iteration completed successfully
Iteration wallclock: 0:06:30.051391, cputime: 0:35:28.597659


Tue May 28 20:32:07 2024
Iteration 34 (500 requested)
Beginning iteration 34
124 segments remain in iteration 34 (124 total)
31 of 33 (93.939394%) active bins are populated
per-bin minimum non-zero probability:       3.03441e-13
per-bin maximum probability:                0.286266
per-bin probability dynamic range (kT):     27.5728
per-segment minimum non-zero probability:   2.33948e-16
per-segment maximum non-zero probability:   0.0840402
per-segment probability dynamic range (kT): 33.515
norm = 1, error in norm = -1.11022e-16 (-0.5*epsilon)
MAB binning in use
Bottleneck bin occupancy may not be accurately reported
Waiting for segments to complete...
################ MAB stats ################
minima in each dimension:      [3.388]
maxima in each dimension:      [39.2629]
direction in each dimension:   [86]
skip in each dimension:        [0]
###########################################
Iteration completed successfully
Iteration wallclock: 0:06:20.919872, cputime: 0:34:22.671783


Tue May 28 20:38:28 2024
Iteration 35 (500 requested)
Beginning iteration 35
132 segments remain in iteration 35 (132 total)
32 of 33 (96.969697%) active bins are populated
per-bin minimum non-zero probability:       8.86097e-14
per-bin maximum probability:                0.239865
per-bin probability dynamic range (kT):     28.6269
per-segment minimum non-zero probability:   2.21524e-14
per-segment maximum non-zero probability:   0.0763822
per-segment probability dynamic range (kT): 28.8688
norm = 1, error in norm = -1.11022e-16 (-0.5*epsilon)
MAB binning in use
Bottleneck bin occupancy may not be accurately reported
Waiting for segments to complete...
################ MAB stats ################
minima in each dimension:      [4.2698]
maxima in each dimension:      [39.6123]
direction in each dimension:   [86]
skip in each dimension:        [0]
###########################################
Iteration completed successfully
Iteration wallclock: 0:06:43.556343, cputime: 0:36:32.837730


Tue May 28 20:45:11 2024
Iteration 36 (500 requested)
Beginning iteration 36
124 segments remain in iteration 36 (124 total)
30 of 33 (90.909091%) active bins are populated
per-bin minimum non-zero probability:       4.5083e-13
per-bin maximum probability:                0.324683
per-bin probability dynamic range (kT):     27.3028
per-segment minimum non-zero probability:   4.43049e-14
per-segment maximum non-zero probability:   0.110026
per-segment probability dynamic range (kT): 28.5406
norm = 1, error in norm = 2.22045e-16 (1*epsilon)
MAB binning in use
Bottleneck bin occupancy may not be accurately reported
Waiting for segments to complete...
################ MAB stats ################
minima in each dimension:      [5.757]
maxima in each dimension:      [39.5226]
direction in each dimension:   [86]
skip in each dimension:        [0]
###########################################
Iteration completed successfully
Iteration wallclock: 0:06:19.070000, cputime: 0:34:24.062389


Tue May 28 20:51:30 2024
Iteration 37 (500 requested)
Beginning iteration 37
120 segments remain in iteration 37 (120 total)
31 of 33 (93.939394%) active bins are populated
per-bin minimum non-zero probability:       4.5083e-13
per-bin maximum probability:                0.302961
per-bin probability dynamic range (kT):     27.2335
per-segment minimum non-zero probability:   1.14653e-13
per-segment maximum non-zero probability:   0.110026
per-segment probability dynamic range (kT): 27.5898
norm = 1, error in norm = -2.22045e-16 (-1*epsilon)
MAB binning in use
Bottleneck bin occupancy may not be accurately reported
Waiting for segments to complete...
################ MAB stats ################
minima in each dimension:      [3.8991]
maxima in each dimension:      [39.5992]
direction in each dimension:   [86]
skip in each dimension:        [0]
###########################################
Iteration completed successfully
Iteration wallclock: 0:06:05.474916, cputime: 0:33:09.622828


Tue May 28 20:57:36 2024
Iteration 38 (500 requested)
Beginning iteration 38
120 segments remain in iteration 38 (120 total)
30 of 33 (90.909091%) active bins are populated
per-bin minimum non-zero probability:       1.58957e-13
per-bin maximum probability:                0.344539
per-bin probability dynamic range (kT):     28.4046
per-segment minimum non-zero probability:   3.97394e-14
per-segment maximum non-zero probability:   0.110026
per-segment probability dynamic range (kT): 28.6494
norm = 1, error in norm = -1.11022e-16 (-0.5*epsilon)
MAB binning in use
Bottleneck bin occupancy may not be accurately reported
Waiting for segments to complete...
################ MAB stats ################
minima in each dimension:      [3.2566]
maxima in each dimension:      [39.129]
direction in each dimension:   [86]
skip in each dimension:        [0]
###########################################
Iteration completed successfully
Iteration wallclock: 0:06:04.683344, cputime: 0:33:20.157351


Tue May 28 21:03:41 2024
Iteration 39 (500 requested)
Beginning iteration 39
120 segments remain in iteration 39 (120 total)
29 of 33 (87.878788%) active bins are populated
per-bin minimum non-zero probability:       3.97394e-14
per-bin maximum probability:                0.301584
per-bin probability dynamic range (kT):     29.6577
per-segment minimum non-zero probability:   9.93484e-15
per-segment maximum non-zero probability:   0.088304
per-segment probability dynamic range (kT): 29.8158
norm = 1, error in norm = -1.11022e-16 (-0.5*epsilon)
MAB binning in use
Bottleneck bin occupancy may not be accurately reported
Waiting for segments to complete...
################ MAB stats ################
minima in each dimension:      [4.4053]
maxima in each dimension:      [39.8706]
direction in each dimension:   [86]
skip in each dimension:        [0]
###########################################
Iteration completed successfully
Iteration wallclock: 0:06:04.399611, cputime: 0:33:24.630567


Tue May 28 21:09:45 2024
Iteration 40 (500 requested)
Beginning iteration 40
124 segments remain in iteration 40 (124 total)
32 of 33 (96.969697%) active bins are populated
per-bin minimum non-zero probability:       2.08423e-13
per-bin maximum probability:                0.240383
per-bin probability dynamic range (kT):     27.7737
per-segment minimum non-zero probability:   4.41084e-14
per-segment maximum non-zero probability:   0.088304
per-segment probability dynamic range (kT): 28.3252
norm = 1, error in norm = -1.11022e-16 (-0.5*epsilon)
MAB binning in use
Bottleneck bin occupancy may not be accurately reported
Waiting for segments to complete...
################ MAB stats ################
minima in each dimension:      [3.8548]
maxima in each dimension:      [39.5846]
direction in each dimension:   [86]
skip in each dimension:        [0]
###########################################
Iteration completed successfully
Iteration wallclock: 0:06:19.679704, cputime: 0:34:33.983899


Tue May 28 21:16:05 2024
Iteration 41 (500 requested)
Beginning iteration 41
128 segments remain in iteration 41 (128 total)
31 of 33 (93.939394%) active bins are populated
per-bin minimum non-zero probability:       2.46984e-13
per-bin maximum probability:                0.256783
per-bin probability dynamic range (kT):     27.6699
per-segment minimum non-zero probability:   4.41084e-14
per-segment maximum non-zero probability:   0.0936355
per-segment probability dynamic range (kT): 28.3838
norm = 1, error in norm = -1.11022e-16 (-0.5*epsilon)
MAB binning in use
Bottleneck bin occupancy may not be accurately reported
Waiting for segments to complete...
################ MAB stats ################
minima in each dimension:      [4.7679]
maxima in each dimension:      [39.3976]
direction in each dimension:   [86]
skip in each dimension:        [0]
###########################################
Iteration completed successfully
Iteration wallclock: 0:06:28.325393, cputime: 0:35:33.302827


Tue May 28 21:22:33 2024
Iteration 42 (500 requested)
Beginning iteration 42
128 segments remain in iteration 42 (128 total)
32 of 33 (96.969697%) active bins are populated
per-bin minimum non-zero probability:       1.23492e-13
per-bin maximum probability:                0.425935
per-bin probability dynamic range (kT):     28.8691
per-segment minimum non-zero probability:   3.0873e-14
per-segment maximum non-zero probability:   0.139907
per-segment probability dynamic range (kT): 29.1421
norm = 1, error in norm = -1.11022e-16 (-0.5*epsilon)
MAB binning in use
Bottleneck bin occupancy may not be accurately reported
Waiting for segments to complete...
