Updating system with the options from the configuration file
Maximum wallclock time: 3 days, 0:00:00

Wed Jul 10 13:05:45 2024
Iteration 476 (500 requested)
Continuing iteration 476
54 segments remain in iteration 476 (132 total)
33 of 33 (100.000000%) active bins are populated
per-bin minimum non-zero probability:       1.45452e-06
per-bin maximum probability:                0.231996
per-bin probability dynamic range (kT):     11.9798
per-segment minimum non-zero probability:   3.63631e-07
per-segment maximum non-zero probability:   0.0833479
per-segment probability dynamic range (kT): 12.3424
norm = 1, error in norm = 0 (0*epsilon)
MAB binning in use
Bottleneck bin occupancy may not be accurately reported
Waiting for segments to complete...
################ MAB stats ################
minima in each dimension:      [6.1352]
maxima in each dimension:      [39.7872]
direction in each dimension:   [86]
skip in each dimension:        [0]
###########################################
Iteration completed successfully
Iteration wallclock: 0:04:51.471876, cputime: 0:36:02.947358


Wed Jul 10 13:10:36 2024
Iteration 477 (500 requested)
Beginning iteration 477
132 segments remain in iteration 477 (132 total)
31 of 33 (93.939394%) active bins are populated
per-bin minimum non-zero probability:       1.45452e-06
per-bin maximum probability:                0.245689
per-bin probability dynamic range (kT):     12.0371
per-segment minimum non-zero probability:   3.63631e-07
per-segment maximum non-zero probability:   0.0833479
per-segment probability dynamic range (kT): 12.3424
norm = 1, error in norm = 0 (0*epsilon)
MAB binning in use
Bottleneck bin occupancy may not be accurately reported
Waiting for segments to complete...
################ MAB stats ################
minima in each dimension:      [6.4638]
maxima in each dimension:      [39.4974]
direction in each dimension:   [86]
skip in each dimension:        [0]
###########################################
Iteration completed successfully
Iteration wallclock: 0:14:40.299477, cputime: 0:36:01.652654


Wed Jul 10 13:25:17 2024
Iteration 478 (500 requested)
Beginning iteration 478
132 segments remain in iteration 478 (132 total)
33 of 33 (100.000000%) active bins are populated
per-bin minimum non-zero probability:       4.44153e-06
per-bin maximum probability:                0.191182
per-bin probability dynamic range (kT):     10.67
per-segment minimum non-zero probability:   9.28568e-07
per-segment maximum non-zero probability:   0.0593794
per-segment probability dynamic range (kT): 11.0658
norm = 1, error in norm = -1.11022e-16 (-0.5*epsilon)
MAB binning in use
Bottleneck bin occupancy may not be accurately reported
Waiting for segments to complete...
################ MAB stats ################
minima in each dimension:      [5.2069]
maxima in each dimension:      [39.697]
direction in each dimension:   [86]
skip in each dimension:        [0]
###########################################
Iteration completed successfully
Iteration wallclock: 0:12:27.821231, cputime: 0:35:52.405915


Wed Jul 10 13:37:45 2024
Iteration 479 (500 requested)
Beginning iteration 479
128 segments remain in iteration 479 (128 total)
31 of 33 (93.939394%) active bins are populated
per-bin minimum non-zero probability:       5.19757e-06
per-bin maximum probability:                0.18257
per-bin probability dynamic range (kT):     10.4667
per-segment minimum non-zero probability:   1.25301e-06
per-segment maximum non-zero probability:   0.0591698
per-segment probability dynamic range (kT): 10.7626
norm = 1, error in norm = 0 (0*epsilon)
MAB binning in use
Bottleneck bin occupancy may not be accurately reported
Waiting for segments to complete...
################ MAB stats ################
minima in each dimension:      [4.7559]
maxima in each dimension:      [39.4961]
direction in each dimension:   [86]
skip in each dimension:        [0]
###########################################
Iteration completed successfully
Iteration wallclock: 0:07:42.801032, cputime: 0:35:04.564362


Wed Jul 10 13:45:27 2024
Iteration 480 (500 requested)
Beginning iteration 480
124 segments remain in iteration 480 (124 total)
31 of 33 (93.939394%) active bins are populated
per-bin minimum non-zero probability:       5.49465e-06
per-bin maximum probability:                0.184044
per-bin probability dynamic range (kT):     10.4192
per-segment minimum non-zero probability:   1.28342e-06
per-segment maximum non-zero probability:   0.0603509
per-segment probability dynamic range (kT): 10.7584
norm = 1, error in norm = 0 (0*epsilon)
MAB binning in use
Bottleneck bin occupancy may not be accurately reported
Waiting for segments to complete...
################ MAB stats ################
minima in each dimension:      [5.0968]
maxima in each dimension:      [38.3516]
direction in each dimension:   [86]
skip in each dimension:        [0]
###########################################
Iteration completed successfully
Iteration wallclock: 0:06:46.477262, cputime: 0:34:09.553428


Wed Jul 10 13:52:14 2024
Iteration 481 (500 requested)
Beginning iteration 481
128 segments remain in iteration 481 (128 total)
32 of 33 (96.969697%) active bins are populated
per-bin minimum non-zero probability:       1.37366e-06
per-bin maximum probability:                0.15349
per-bin probability dynamic range (kT):     11.6239
per-segment minimum non-zero probability:   3.43416e-07
per-segment maximum non-zero probability:   0.0543551
per-segment probability dynamic range (kT): 11.9721
norm = 1, error in norm = 0 (0*epsilon)
MAB binning in use
Bottleneck bin occupancy may not be accurately reported
Waiting for segments to complete...
################ MAB stats ################
minima in each dimension:      [5.5524]
maxima in each dimension:      [39.4951]
direction in each dimension:   [86]
skip in each dimension:        [0]
###########################################
Iteration completed successfully
Iteration wallclock: 0:07:12.355271, cputime: 0:34:44.015806


Wed Jul 10 13:59:26 2024
Iteration 482 (500 requested)
Beginning iteration 482
132 segments remain in iteration 482 (132 total)
30 of 33 (90.909091%) active bins are populated
per-bin minimum non-zero probability:       1.53597e-06
per-bin maximum probability:                0.293314
per-bin probability dynamic range (kT):     12.1598
per-segment minimum non-zero probability:   3.83993e-07
per-segment maximum non-zero probability:   0.082342
per-segment probability dynamic range (kT): 12.2758
norm = 1, error in norm = -1.11022e-16 (-0.5*epsilon)
MAB binning in use
Bottleneck bin occupancy may not be accurately reported
Waiting for segments to complete...
################ MAB stats ################
minima in each dimension:      [5.5907]
maxima in each dimension:      [39.6325]
direction in each dimension:   [86]
skip in each dimension:        [0]
###########################################
Iteration completed successfully
Iteration wallclock: 0:07:22.717659, cputime: 0:36:24.501323


Wed Jul 10 14:06:49 2024
Iteration 483 (500 requested)
Beginning iteration 483
132 segments remain in iteration 483 (132 total)
32 of 33 (96.969697%) active bins are populated
per-bin minimum non-zero probability:       1.59086e-06
per-bin maximum probability:                0.193092
per-bin probability dynamic range (kT):     11.7066
per-segment minimum non-zero probability:   3.01718e-07
per-segment maximum non-zero probability:   0.0697065
per-segment probability dynamic range (kT): 12.3503
norm = 1, error in norm = 0 (0*epsilon)
MAB binning in use
Bottleneck bin occupancy may not be accurately reported
Waiting for segments to complete...
################ MAB stats ################
minima in each dimension:      [6.1835]
maxima in each dimension:      [39.25]
direction in each dimension:   [86]
skip in each dimension:        [0]
###########################################
Iteration completed successfully
Iteration wallclock: 0:07:22.416487, cputime: 0:36:17.558175


Wed Jul 10 14:14:11 2024
Iteration 484 (500 requested)
Beginning iteration 484
132 segments remain in iteration 484 (132 total)
32 of 33 (96.969697%) active bins are populated
per-bin minimum non-zero probability:       3.04946e-06
per-bin maximum probability:                0.266087
per-bin probability dynamic range (kT):     11.3766
per-segment minimum non-zero probability:   1.01649e-06
per-segment maximum non-zero probability:   0.0697065
per-segment probability dynamic range (kT): 11.1357
norm = 1, error in norm = 0 (0*epsilon)
MAB binning in use
Bottleneck bin occupancy may not be accurately reported
Waiting for segments to complete...
################ MAB stats ################
minima in each dimension:      [5.5441]
maxima in each dimension:      [39.8427]
direction in each dimension:   [86]
skip in each dimension:        [0]
###########################################
Iteration completed successfully
Iteration wallclock: 0:07:15.021238, cputime: 0:36:00.065919


Wed Jul 10 14:21:26 2024
Iteration 485 (500 requested)
Beginning iteration 485
124 segments remain in iteration 485 (124 total)
31 of 33 (93.939394%) active bins are populated
per-bin minimum non-zero probability:       1.87007e-06
per-bin maximum probability:                0.190604
per-bin probability dynamic range (kT):     11.532
per-segment minimum non-zero probability:   4.67518e-07
per-segment maximum non-zero probability:   0.0621545
per-segment probability dynamic range (kT): 11.7977
norm = 1, error in norm = 0 (0*epsilon)
MAB binning in use
Bottleneck bin occupancy may not be accurately reported
Waiting for segments to complete...
################ MAB stats ################
minima in each dimension:      [4.3978]
maxima in each dimension:      [39.1586]
direction in each dimension:   [86]
skip in each dimension:        [0]
###########################################
Iteration completed successfully
Iteration wallclock: 0:07:06.378254, cputime: 0:34:01.314027


Wed Jul 10 14:28:33 2024
Iteration 486 (500 requested)
Beginning iteration 486
124 segments remain in iteration 486 (124 total)
31 of 33 (93.939394%) active bins are populated
per-bin minimum non-zero probability:       1.40867e-06
per-bin maximum probability:                0.206104
per-bin probability dynamic range (kT):     11.8935
per-segment minimum non-zero probability:   3.52168e-07
per-segment maximum non-zero probability:   0.0621545
per-segment probability dynamic range (kT): 12.081
norm = 1, error in norm = 0 (0*epsilon)
MAB binning in use
Bottleneck bin occupancy may not be accurately reported
Waiting for segments to complete...
################ MAB stats ################
minima in each dimension:      [0.0]
maxima in each dimension:      [39.459]
direction in each dimension:   [86]
skip in each dimension:        [0]
###########################################
-- ERROR    [westpa.core.sim_manager] -- propagation failed for 40 segment(s):
36  
37  
38  
39  
44  
49  
50  
51  
53  
57  
58  
59  
60  
69  
70  
75  
76  
78  
79  
80  
81  
86  
87  
88  
89  
96  
97  
99  
100  
102  
103  
107  
108  
110  
111  
115  
116  
118  
119  
123
exception caught; shutting down
-- ERROR    [w_run] -- error message: propagation failed for 40 segments
-- ERROR    [w_run] -- Traceback (most recent call last):
  File "/ihome/lchong/dty7/Apps/westpa-mabNone/westpa/src/westpa/cli/core/w_run.py", line 61, in run_simulation
    sim_manager.run()
  File "/ihome/lchong/dty7/Apps/westpa-mabNone/westpa/src/westpa/core/sim_manager.py", line 752, in run
    self.check_propagation()
  File "/ihome/lchong/dty7/Apps/westpa-mabNone/westpa/src/westpa/core/sim_manager.py", line 650, in check_propagation
    raise PropagationError('propagation failed for {:d} segments'.format(len(failed_segments)))
westpa.core.sim_manager.PropagationError: propagation failed for 40 segments

