Warning: When compiling code please add the following flags to nvcc:
         -gencode arch=compute_35,code=[compute_35,sm_35] \
         -gencode arch=compute_61,code=[compute_61,sm_61] 
         -gencode arch=compute_70,code=[compute_70,sm_70] 
Warning: When compiling code please add the following flags to nvcc:
         -gencode arch=compute_35,code=[compute_35,sm_35] \
         -gencode arch=compute_61,code=[compute_61,sm_61] 
         -gencode arch=compute_70,code=[compute_70,sm_70] 
+ SANDER=pmemd.cuda
+ pmemd.cuda -O -i 10_prod.in -o 10_prod.out -x 10_prod.nc -p 2kod_4f_solv.prmtop -c 09_prod.rst -r 10_prod.rst -inf 10_prod.nfo
Note: The following floating-point exceptions are signalling: IEEE_UNDERFLOW_FLAG IEEE_DENORMAL
+ echo 'parm 2kod_4f_solv.prmtop'
+ echo 'trajin 10_prod.nc'
+ echo autoimage
+ echo 'strip/strip :WAT,Cl-,Na+ '
+ echo 'trajout 10_prod_dry.nc'
+ echo go
+ echo quit
+ cpptraj -i strip/strip_10.in
Error: Unrecognized character in expression: ,
'strip/strip :WAT,Cl-,Na+': Invalid command or expression.
	1 errors encountered reading input.
Error: Error(s) occurred during execution.
