Updating system with the options from the configuration file
Maximum wallclock time: 1 day, 0:00:00

Thu Apr 27 12:46:06 2023
Iteration 383 (500 requested)
Beginning iteration 383
96 segments remain in iteration 383 (96 total)
25 of 29 (86.206897%) active bins are populated
per-bin minimum non-zero probability:       4.81955e-25
per-bin maximum probability:                0.323399
per-bin probability dynamic range (kT):     54.8631
per-segment minimum non-zero probability:   9.9341e-26
per-segment maximum non-zero probability:   0.125328
per-segment probability dynamic range (kT): 55.4944
norm = 1, error in norm = 2.22045e-16 (1*epsilon)
MAB binning in use
Bottleneck bin occupancy may not be accurately reported
Waiting for segments to complete...
Iteration completed successfully
Iteration wallclock: 0:08:25.801412, cputime: 0:33:12.038872


Thu Apr 27 12:54:31 2023
Iteration 384 (500 requested)
Beginning iteration 384
104 segments remain in iteration 384 (104 total)
26 of 29 (89.655172%) active bins are populated
per-bin minimum non-zero probability:       3.37209e-25
per-bin maximum probability:                0.510501
per-bin probability dynamic range (kT):     55.6767
per-segment minimum non-zero probability:   8.43023e-26
per-segment maximum non-zero probability:   0.160881
per-segment probability dynamic range (kT): 55.9083
norm = 1, error in norm = 0 (0*epsilon)
MAB binning in use
Bottleneck bin occupancy may not be accurately reported
Waiting for segments to complete...
Iteration completed successfully
Iteration wallclock: 0:07:14.116451, cputime: 0:35:54.858044


Thu Apr 27 13:01:46 2023
Iteration 385 (500 requested)
Beginning iteration 385
100 segments remain in iteration 385 (100 total)
25 of 29 (86.206897%) active bins are populated
per-bin minimum non-zero probability:       8.43023e-26
per-bin maximum probability:                0.479959
per-bin probability dynamic range (kT):     57.0013
per-segment minimum non-zero probability:   2.10756e-26
per-segment maximum non-zero probability:   0.144637
per-segment probability dynamic range (kT): 57.1882
norm = 1, error in norm = 2.22045e-16 (1*epsilon)
MAB binning in use
Bottleneck bin occupancy may not be accurately reported
Waiting for segments to complete...
Iteration completed successfully
Iteration wallclock: 0:07:14.880130, cputime: 0:34:33.428441


Thu Apr 27 13:09:00 2023
Iteration 386 (500 requested)
Beginning iteration 386
100 segments remain in iteration 386 (100 total)
25 of 29 (86.206897%) active bins are populated
per-bin minimum non-zero probability:       1.93912e-25
per-bin maximum probability:                0.439117
per-bin probability dynamic range (kT):     56.0794
per-segment minimum non-zero probability:   4.8478e-26
per-segment maximum non-zero probability:   0.144637
per-segment probability dynamic range (kT): 56.3552
norm = 1, error in norm = 2.22045e-16 (1*epsilon)
MAB binning in use
Bottleneck bin occupancy may not be accurately reported
Waiting for segments to complete...
Iteration completed successfully
Iteration wallclock: 0:07:12.572631, cputime: 0:34:34.542855


Thu Apr 27 13:16:13 2023
Iteration 387 (500 requested)
Beginning iteration 387
108 segments remain in iteration 387 (108 total)
27 of 29 (93.103448%) active bins are populated
per-bin minimum non-zero probability:       1.83932e-25
per-bin maximum probability:                0.30064
per-bin probability dynamic range (kT):     55.7534
per-segment minimum non-zero probability:   4.59831e-26
per-segment maximum non-zero probability:   0.127235
per-segment probability dynamic range (kT): 56.2798
norm = 1, error in norm = 2.22045e-16 (1*epsilon)
MAB binning in use
Bottleneck bin occupancy may not be accurately reported
Waiting for segments to complete...
Iteration completed successfully
Iteration wallclock: 0:07:42.907999, cputime: 0:37:20.441974


Thu Apr 27 13:23:56 2023
Iteration 388 (500 requested)
Beginning iteration 388
104 segments remain in iteration 388 (104 total)
26 of 29 (89.655172%) active bins are populated
per-bin minimum non-zero probability:       4.59831e-26
per-bin maximum probability:                0.340493
per-bin probability dynamic range (kT):     57.2642
per-segment minimum non-zero probability:   1.14958e-26
per-segment maximum non-zero probability:   0.125328
per-segment probability dynamic range (kT): 57.651
norm = 1, error in norm = 0 (0*epsilon)
MAB binning in use
Bottleneck bin occupancy may not be accurately reported
Waiting for segments to complete...
Iteration completed successfully
Iteration wallclock: 0:07:22.602077, cputime: 0:36:00.140565


Thu Apr 27 13:31:19 2023
Iteration 389 (500 requested)
Beginning iteration 389
108 segments remain in iteration 389 (108 total)
27 of 29 (93.103448%) active bins are populated
per-bin minimum non-zero probability:       9.69561e-26
per-bin maximum probability:                0.580883
per-bin probability dynamic range (kT):     57.0523
per-segment minimum non-zero probability:   2.4239e-26
per-segment maximum non-zero probability:   0.193159
per-segment probability dynamic range (kT): 57.3376
norm = 1, error in norm = 2.22045e-16 (1*epsilon)
MAB binning in use
Bottleneck bin occupancy may not be accurately reported
Waiting for segments to complete...
Iteration completed successfully
Iteration wallclock: 0:07:48.732758, cputime: 0:37:22.220297


Thu Apr 27 13:39:07 2023
Iteration 390 (500 requested)
Beginning iteration 390
108 segments remain in iteration 390 (108 total)
27 of 29 (93.103448%) active bins are populated
per-bin minimum non-zero probability:       7.45057e-26
per-bin maximum probability:                0.392593
per-bin probability dynamic range (kT):     56.9239
per-segment minimum non-zero probability:   1.86264e-26
per-segment maximum non-zero probability:   0.139162
per-segment probability dynamic range (kT): 57.2731
norm = 1, error in norm = 2.22045e-16 (1*epsilon)
MAB binning in use
Bottleneck bin occupancy may not be accurately reported
Waiting for segments to complete...
Iteration completed successfully
Iteration wallclock: 0:07:40.575900, cputime: 0:37:25.532111


Thu Apr 27 13:46:48 2023
Iteration 391 (500 requested)
Beginning iteration 391
108 segments remain in iteration 391 (108 total)
26 of 29 (89.655172%) active bins are populated
per-bin minimum non-zero probability:       1.23436e-25
per-bin maximum probability:                0.661793
per-bin probability dynamic range (kT):     56.9413
per-segment minimum non-zero probability:   3.0859e-26
per-segment maximum non-zero probability:   0.282882
per-segment probability dynamic range (kT): 57.4776
norm = 1, error in norm = 4.44089e-16 (2*epsilon)
MAB binning in use
Bottleneck bin occupancy may not be accurately reported
Waiting for segments to complete...
Iteration completed successfully
Iteration wallclock: 0:07:46.541126, cputime: 0:37:20.278252


Thu Apr 27 13:54:34 2023
Iteration 392 (500 requested)
Beginning iteration 392
108 segments remain in iteration 392 (108 total)
27 of 29 (93.103448%) active bins are populated
per-bin minimum non-zero probability:       1.1203e-25
per-bin maximum probability:                0.665829
per-bin probability dynamic range (kT):     57.0443
per-segment minimum non-zero probability:   2.80074e-26
per-segment maximum non-zero probability:   0.282882
per-segment probability dynamic range (kT): 57.5746
norm = 1, error in norm = 0 (0*epsilon)
MAB binning in use
Bottleneck bin occupancy may not be accurately reported
Waiting for segments to complete...
Iteration completed successfully
Iteration wallclock: 0:07:41.863487, cputime: 0:37:18.859975


Thu Apr 27 14:02:16 2023
Iteration 393 (500 requested)
Beginning iteration 393
104 segments remain in iteration 393 (104 total)
26 of 29 (89.655172%) active bins are populated
per-bin minimum non-zero probability:       2.94234e-26
per-bin maximum probability:                0.348557
per-bin probability dynamic range (kT):     57.7341
per-segment minimum non-zero probability:   7.35584e-27
per-segment maximum non-zero probability:   0.136396
per-segment probability dynamic range (kT): 58.1821
norm = 1, error in norm = 2.22045e-16 (1*epsilon)
MAB binning in use
Bottleneck bin occupancy may not be accurately reported
Waiting for segments to complete...
Iteration completed successfully
Iteration wallclock: 0:07:14.579640, cputime: 0:36:00.794747


Thu Apr 27 14:09:31 2023
Iteration 394 (500 requested)
Beginning iteration 394
104 segments remain in iteration 394 (104 total)
26 of 29 (89.655172%) active bins are populated
per-bin minimum non-zero probability:       7.35584e-27
per-bin maximum probability:                0.324105
per-bin probability dynamic range (kT):     59.0476
per-segment minimum non-zero probability:   1.83896e-27
per-segment maximum non-zero probability:   0.106048
per-segment probability dynamic range (kT): 59.3167
norm = 1, error in norm = 2.22045e-16 (1*epsilon)
MAB binning in use
Bottleneck bin occupancy may not be accurately reported
Waiting for segments to complete...
Iteration completed successfully
Iteration wallclock: 0:07:08.828669, cputime: 0:35:55.175384


Thu Apr 27 14:16:40 2023
Iteration 395 (500 requested)
Beginning iteration 395
104 segments remain in iteration 395 (104 total)
26 of 29 (89.655172%) active bins are populated
per-bin minimum non-zero probability:       1.83896e-27
per-bin maximum probability:                0.578159
per-bin probability dynamic range (kT):     61.0127
per-segment minimum non-zero probability:   4.5974e-28
per-segment maximum non-zero probability:   0.201821
per-segment probability dynamic range (kT): 61.3465
norm = 1, error in norm = 2.22045e-16 (1*epsilon)
MAB binning in use
Bottleneck bin occupancy may not be accurately reported
Waiting for segments to complete...
Iteration completed successfully
Iteration wallclock: 0:07:09.666158, cputime: 0:35:55.841454


Thu Apr 27 14:23:49 2023
Iteration 396 (500 requested)
Beginning iteration 396
108 segments remain in iteration 396 (108 total)
27 of 29 (93.103448%) active bins are populated
per-bin minimum non-zero probability:       4.5974e-28
per-bin maximum probability:                0.367337
per-bin probability dynamic range (kT):     61.9454
per-segment minimum non-zero probability:   1.14935e-28
per-segment maximum non-zero probability:   0.119202
per-segment probability dynamic range (kT): 62.2062
norm = 1, error in norm = 2.22045e-16 (1*epsilon)
MAB binning in use
Bottleneck bin occupancy may not be accurately reported
Waiting for segments to complete...
Iteration completed successfully
Iteration wallclock: 0:07:47.104395, cputime: 0:37:16.119471


Thu Apr 27 14:31:36 2023
Iteration 397 (500 requested)
Beginning iteration 397
108 segments remain in iteration 397 (108 total)
27 of 29 (93.103448%) active bins are populated
per-bin minimum non-zero probability:       2.2987e-28
per-bin maximum probability:                0.361636
per-bin probability dynamic range (kT):     62.6229
per-segment minimum non-zero probability:   5.74675e-29
per-segment maximum non-zero probability:   0.119202
per-segment probability dynamic range (kT): 62.8994
norm = 1, error in norm = 4.44089e-16 (2*epsilon)
MAB binning in use
Bottleneck bin occupancy may not be accurately reported
Waiting for segments to complete...
Iteration completed successfully
Iteration wallclock: 0:07:44.098404, cputime: 0:37:18.143856


Thu Apr 27 14:39:21 2023
Iteration 398 (500 requested)
Beginning iteration 398
108 segments remain in iteration 398 (108 total)
27 of 29 (93.103448%) active bins are populated
per-bin minimum non-zero probability:       5.74675e-29
per-bin maximum probability:                0.425016
per-bin probability dynamic range (kT):     64.1707
per-segment minimum non-zero probability:   1.43669e-29
per-segment maximum non-zero probability:   0.121926
per-segment probability dynamic range (kT): 64.3083
norm = 1, error in norm = 2.22045e-16 (1*epsilon)
MAB binning in use
Bottleneck bin occupancy may not be accurately reported
Waiting for segments to complete...
Iteration completed successfully
Iteration wallclock: 0:07:47.128286, cputime: 0:37:22.178227


Thu Apr 27 14:47:08 2023
Iteration 399 (500 requested)
Beginning iteration 399
108 segments remain in iteration 399 (108 total)
27 of 29 (93.103448%) active bins are populated
per-bin minimum non-zero probability:       1.72402e-28
per-bin maximum probability:                0.300398
per-bin probability dynamic range (kT):     62.7251
per-segment minimum non-zero probability:   4.31006e-29
per-segment maximum non-zero probability:   0.113588
per-segment probability dynamic range (kT): 63.1388
norm = 1, error in norm = 0 (0*epsilon)
MAB binning in use
Bottleneck bin occupancy may not be accurately reported
Waiting for segments to complete...
Iteration completed successfully
Iteration wallclock: 0:07:40.114764, cputime: 0:37:20.685604


Thu Apr 27 14:54:48 2023
Iteration 400 (500 requested)
Beginning iteration 400
108 segments remain in iteration 400 (108 total)
27 of 29 (93.103448%) active bins are populated
per-bin minimum non-zero probability:       1.77795e-26
per-bin maximum probability:                0.299453
per-bin probability dynamic range (kT):     58.086
per-segment minimum non-zero probability:   4.43409e-27
per-segment maximum non-zero probability:   0.113588
per-segment probability dynamic range (kT): 58.5053
norm = 1, error in norm = 2.22045e-16 (1*epsilon)
MAB binning in use
Bottleneck bin occupancy may not be accurately reported
Waiting for segments to complete...
Iteration completed successfully
Iteration wallclock: 0:07:42.275660, cputime: 0:37:18.467711


Thu Apr 27 15:02:30 2023
Iteration 401 (500 requested)
Beginning iteration 401
100 segments remain in iteration 401 (100 total)
25 of 29 (86.206897%) active bins are populated
per-bin minimum non-zero probability:       4.43409e-27
per-bin maximum probability:                0.307854
per-bin probability dynamic range (kT):     59.5023
per-segment minimum non-zero probability:   1.10852e-27
per-segment maximum non-zero probability:   0.113588
per-segment probability dynamic range (kT): 59.8916
norm = 1, error in norm = 2.22045e-16 (1*epsilon)
MAB binning in use
Bottleneck bin occupancy may not be accurately reported
Waiting for segments to complete...
Iteration completed successfully
Iteration wallclock: 0:07:11.994497, cputime: 0:34:33.320865


Thu Apr 27 15:09:42 2023
Iteration 402 (500 requested)
Beginning iteration 402
104 segments remain in iteration 402 (104 total)
26 of 29 (89.655172%) active bins are populated
per-bin minimum non-zero probability:       1.10852e-27
per-bin maximum probability:                0.330947
per-bin probability dynamic range (kT):     60.961
per-segment minimum non-zero probability:   2.77131e-28
per-segment maximum non-zero probability:   0.117495
per-segment probability dynamic range (kT): 61.3117
norm = 1, error in norm = 2.22045e-16 (1*epsilon)
MAB binning in use
Bottleneck bin occupancy may not be accurately reported
Waiting for segments to complete...
Iteration completed successfully
Iteration wallclock: 0:07:17.193211, cputime: 0:35:57.354961


Thu Apr 27 15:16:59 2023
Iteration 403 (500 requested)
Beginning iteration 403
100 segments remain in iteration 403 (100 total)
25 of 29 (86.206897%) active bins are populated
per-bin minimum non-zero probability:       3.24941e-26
per-bin maximum probability:                0.378769
per-bin probability dynamic range (kT):     57.7179
per-segment minimum non-zero probability:   8.12353e-27
per-segment maximum non-zero probability:   0.117495
per-segment probability dynamic range (kT): 57.9337
norm = 1, error in norm = 4.44089e-16 (2*epsilon)
MAB binning in use
Bottleneck bin occupancy may not be accurately reported
Waiting for segments to complete...
Iteration completed successfully
Iteration wallclock: 0:07:13.186895, cputime: 0:34:37.128822


Thu Apr 27 15:24:12 2023
Iteration 404 (500 requested)
Beginning iteration 404
96 segments remain in iteration 404 (96 total)
24 of 29 (82.758621%) active bins are populated
per-bin minimum non-zero probability:       2.01684e-26
per-bin maximum probability:                0.251979
per-bin probability dynamic range (kT):     57.7873
per-segment minimum non-zero probability:   5.04211e-27
per-segment maximum non-zero probability:   0.0947386
per-segment probability dynamic range (kT): 58.1953
norm = 1, error in norm = 2.22045e-16 (1*epsilon)
MAB binning in use
Bottleneck bin occupancy may not be accurately reported
Waiting for segments to complete...
Iteration completed successfully
Iteration wallclock: 0:06:44.242332, cputime: 0:33:15.606509


Thu Apr 27 15:30:57 2023
Iteration 405 (500 requested)
Beginning iteration 405
100 segments remain in iteration 405 (100 total)
25 of 29 (86.206897%) active bins are populated
per-bin minimum non-zero probability:       5.04211e-27
per-bin maximum probability:                0.460609
per-bin probability dynamic range (kT):     59.7768
per-segment minimum non-zero probability:   1.26053e-27
per-segment maximum non-zero probability:   0.134547
per-segment probability dynamic range (kT): 59.9324
norm = 1, error in norm = 2.22045e-16 (1*epsilon)
MAB binning in use
Bottleneck bin occupancy may not be accurately reported
Waiting for segments to complete...
Iteration completed successfully
Iteration wallclock: 0:07:12.682250, cputime: 0:34:39.490961


Thu Apr 27 15:38:09 2023
Iteration 406 (500 requested)
Beginning iteration 406
108 segments remain in iteration 406 (108 total)
25 of 29 (86.206897%) active bins are populated
per-bin minimum non-zero probability:       2.44784e-26
per-bin maximum probability:                0.326924
per-bin probability dynamic range (kT):     57.854
per-segment minimum non-zero probability:   2.52105e-27
per-segment maximum non-zero probability:   0.117441
per-segment probability dynamic range (kT): 59.1033
norm = 1, error in norm = 4.44089e-16 (2*epsilon)
MAB binning in use
Bottleneck bin occupancy may not be accurately reported
Waiting for segments to complete...
Iteration completed successfully
Iteration wallclock: 0:07:39.787170, cputime: 0:37:18.611959


Thu Apr 27 15:45:49 2023
Iteration 407 (500 requested)
Beginning iteration 407
108 segments remain in iteration 407 (108 total)
27 of 29 (93.103448%) active bins are populated
per-bin minimum non-zero probability:       2.52105e-27
per-bin maximum probability:                0.350785
per-bin probability dynamic range (kT):     60.1975
per-segment minimum non-zero probability:   6.30263e-28
per-segment maximum non-zero probability:   0.117441
per-segment probability dynamic range (kT): 60.4896
norm = 1, error in norm = 4.44089e-16 (2*epsilon)
MAB binning in use
Bottleneck bin occupancy may not be accurately reported
Waiting for segments to complete...
Iteration completed successfully
Iteration wallclock: 0:07:37.225599, cputime: 0:37:19.970372


Thu Apr 27 15:53:26 2023
Iteration 408 (500 requested)
Beginning iteration 408
100 segments remain in iteration 408 (100 total)
25 of 29 (86.206897%) active bins are populated
per-bin minimum non-zero probability:       7.10905e-27
per-bin maximum probability:                0.303786
per-bin probability dynamic range (kT):     59.017
per-segment minimum non-zero probability:   1.77726e-27
per-segment maximum non-zero probability:   0.0931282
per-segment probability dynamic range (kT): 59.2209
norm = 1, error in norm = 2.22045e-16 (1*epsilon)
MAB binning in use
Bottleneck bin occupancy may not be accurately reported
Waiting for segments to complete...
Iteration completed successfully
Iteration wallclock: 0:07:09.828547, cputime: 0:34:35.113234


Thu Apr 27 16:00:36 2023
Iteration 409 (500 requested)
Beginning iteration 409
108 segments remain in iteration 409 (108 total)
26 of 29 (89.655172%) active bins are populated
per-bin minimum non-zero probability:       1.77726e-27
per-bin maximum probability:                0.600026
per-bin probability dynamic range (kT):     61.0839
per-segment minimum non-zero probability:   4.44316e-28
per-segment maximum non-zero probability:   0.155107
per-segment probability dynamic range (kT): 61.1174
norm = 1, error in norm = 2.22045e-16 (1*epsilon)
MAB binning in use
Bottleneck bin occupancy may not be accurately reported
Waiting for segments to complete...
Iteration completed successfully
Iteration wallclock: 0:07:44.593629, cputime: 0:37:20.269916


Thu Apr 27 16:08:21 2023
Iteration 410 (500 requested)
Beginning iteration 410
104 segments remain in iteration 410 (104 total)
26 of 29 (89.655172%) active bins are populated
per-bin minimum non-zero probability:       4.44316e-28
per-bin maximum probability:                0.317412
per-bin probability dynamic range (kT):     61.8335
per-segment minimum non-zero probability:   1.11079e-28
per-segment maximum non-zero probability:   0.0840642
per-segment probability dynamic range (kT): 61.8911
norm = 1, error in norm = 2.22045e-16 (1*epsilon)
MAB binning in use
Bottleneck bin occupancy may not be accurately reported
Waiting for segments to complete...
Iteration completed successfully
Iteration wallclock: 0:07:16.366689, cputime: 0:35:55.014833


Thu Apr 27 16:15:37 2023
Iteration 411 (500 requested)
Beginning iteration 411
104 segments remain in iteration 411 (104 total)
26 of 29 (89.655172%) active bins are populated
per-bin minimum non-zero probability:       2.22158e-28
per-bin maximum probability:                0.3606
per-bin probability dynamic range (kT):     62.6542
per-segment minimum non-zero probability:   5.55394e-29
per-segment maximum non-zero probability:   0.111975
per-segment probability dynamic range (kT): 62.871
norm = 1, error in norm = 4.44089e-16 (2*epsilon)
MAB binning in use
Bottleneck bin occupancy may not be accurately reported
Waiting for segments to complete...
Iteration completed successfully
Iteration wallclock: 0:07:13.212446, cputime: 0:35:58.657491


Thu Apr 27 16:22:50 2023
Iteration 412 (500 requested)
Beginning iteration 412
104 segments remain in iteration 412 (104 total)
26 of 29 (89.655172%) active bins are populated
per-bin minimum non-zero probability:       5.55394e-29
per-bin maximum probability:                0.43442
per-bin probability dynamic range (kT):     64.2267
per-segment minimum non-zero probability:   1.38849e-29
per-segment maximum non-zero probability:   0.15331
per-segment probability dynamic range (kT): 64.5715
norm = 1, error in norm = 2.22045e-16 (1*epsilon)
MAB binning in use
Bottleneck bin occupancy may not be accurately reported
Waiting for segments to complete...
Iteration completed successfully
Iteration wallclock: 0:07:18.194898, cputime: 0:35:59.773333


Thu Apr 27 16:30:09 2023
Iteration 413 (500 requested)
Beginning iteration 413
104 segments remain in iteration 413 (104 total)
26 of 29 (89.655172%) active bins are populated
per-bin minimum non-zero probability:       1.38849e-29
per-bin maximum probability:                0.524119
per-bin probability dynamic range (kT):     65.8007
per-segment minimum non-zero probability:   3.47122e-30
per-segment maximum non-zero probability:   0.15331
per-segment probability dynamic range (kT): 65.9578
norm = 1, error in norm = 0 (0*epsilon)
MAB binning in use
Bottleneck bin occupancy may not be accurately reported
Waiting for segments to complete...
Iteration completed successfully
Iteration wallclock: 0:07:12.546047, cputime: 0:35:52.005380


Thu Apr 27 16:37:21 2023
Iteration 414 (500 requested)
Beginning iteration 414
100 segments remain in iteration 414 (100 total)
25 of 29 (86.206897%) active bins are populated
per-bin minimum non-zero probability:       3.47122e-30
per-bin maximum probability:                0.325938
per-bin probability dynamic range (kT):     66.712
per-segment minimum non-zero probability:   8.67804e-31
per-segment maximum non-zero probability:   0.15331
per-segment probability dynamic range (kT): 67.344
norm = 1, error in norm = 4.44089e-16 (2*epsilon)
MAB binning in use
Bottleneck bin occupancy may not be accurately reported
Waiting for segments to complete...
Iteration completed successfully
Iteration wallclock: 0:07:39.789944, cputime: 0:34:32.912095


Thu Apr 27 16:45:01 2023
Iteration 415 (500 requested)
Beginning iteration 415
100 segments remain in iteration 415 (100 total)
25 of 29 (86.206897%) active bins are populated
per-bin minimum non-zero probability:       4.20176e-28
per-bin maximum probability:                0.602578
per-bin probability dynamic range (kT):     62.5303
per-segment minimum non-zero probability:   1.05044e-28
per-segment maximum non-zero probability:   0.196652
per-segment probability dynamic range (kT): 62.7969
norm = 1, error in norm = 0 (0*epsilon)
MAB binning in use
Bottleneck bin occupancy may not be accurately reported
Waiting for segments to complete...
Iteration completed successfully
Iteration wallclock: 0:10:55.178040, cputime: 0:34:34.167160


Thu Apr 27 16:55:56 2023
Iteration 416 (500 requested)
Beginning iteration 416
104 segments remain in iteration 416 (104 total)
26 of 29 (89.655172%) active bins are populated
per-bin minimum non-zero probability:       3.54573e-28
per-bin maximum probability:                0.501927
per-bin probability dynamic range (kT):     62.5173
per-segment minimum non-zero probability:   8.3122e-29
per-segment maximum non-zero probability:   0.196652
per-segment probability dynamic range (kT): 63.0309
norm = 1, error in norm = 0 (0*epsilon)
MAB binning in use
Bottleneck bin occupancy may not be accurately reported
Waiting for segments to complete...
Iteration completed successfully
Iteration wallclock: 0:09:45.916142, cputime: 0:35:54.669116


Thu Apr 27 17:05:42 2023
Iteration 417 (500 requested)
Beginning iteration 417
108 segments remain in iteration 417 (108 total)
27 of 29 (93.103448%) active bins are populated
per-bin minimum non-zero probability:       8.90772e-29
per-bin maximum probability:                0.492
per-bin probability dynamic range (kT):     63.8788
per-segment minimum non-zero probability:   2.22693e-29
per-segment maximum non-zero probability:   0.196652
per-segment probability dynamic range (kT): 64.348
norm = 1, error in norm = 2.22045e-16 (1*epsilon)
MAB binning in use
Bottleneck bin occupancy may not be accurately reported
Waiting for segments to complete...
Iteration completed successfully
Iteration wallclock: 0:10:13.501834, cputime: 0:37:16.060444


Thu Apr 27 17:15:56 2023
Iteration 418 (500 requested)
Beginning iteration 418
104 segments remain in iteration 418 (104 total)
26 of 29 (89.655172%) active bins are populated
per-bin minimum non-zero probability:       1.18191e-28
per-bin maximum probability:                0.34319
per-bin probability dynamic range (kT):     63.2358
per-segment minimum non-zero probability:   2.95478e-29
per-segment maximum non-zero probability:   0.126731
per-segment probability dynamic range (kT): 63.6259
norm = 1, error in norm = 2.22045e-16 (1*epsilon)
MAB binning in use
Bottleneck bin occupancy may not be accurately reported
Waiting for segments to complete...
Iteration completed successfully
Iteration wallclock: 0:07:56.351003, cputime: 0:35:56.086792


Thu Apr 27 17:23:52 2023
Iteration 419 (500 requested)
Beginning iteration 419
108 segments remain in iteration 419 (108 total)
27 of 29 (93.103448%) active bins are populated
per-bin minimum non-zero probability:       3.72058e-29
per-bin maximum probability:                0.276242
per-bin probability dynamic range (kT):     64.1746
per-segment minimum non-zero probability:   9.30146e-30
per-segment maximum non-zero probability:   0.0853572
per-segment probability dynamic range (kT): 64.3865
norm = 1, error in norm = 2.22045e-16 (1*epsilon)
MAB binning in use
Bottleneck bin occupancy may not be accurately reported
Waiting for segments to complete...
Iteration completed successfully
Iteration wallclock: 0:07:36.696587, cputime: 0:37:18.775249


Thu Apr 27 17:31:29 2023
Iteration 420 (500 requested)
Beginning iteration 420
100 segments remain in iteration 420 (100 total)
25 of 29 (86.206897%) active bins are populated
per-bin minimum non-zero probability:       1.33798e-28
per-bin maximum probability:                0.534479
per-bin probability dynamic range (kT):     63.5548
per-segment minimum non-zero probability:   9.30146e-30
per-segment maximum non-zero probability:   0.150604
per-segment probability dynamic range (kT): 64.9543
norm = 1, error in norm = 4.44089e-16 (2*epsilon)
MAB binning in use
Bottleneck bin occupancy may not be accurately reported
Waiting for segments to complete...
Iteration completed successfully
Iteration wallclock: 0:07:11.068452, cputime: 0:34:34.685389


Thu Apr 27 17:38:40 2023
Iteration 421 (500 requested)
Beginning iteration 421
100 segments remain in iteration 421 (100 total)
25 of 29 (86.206897%) active bins are populated
per-bin minimum non-zero probability:       3.34496e-29
per-bin maximum probability:                0.412829
per-bin probability dynamic range (kT):     64.6828
per-segment minimum non-zero probability:   8.36239e-30
per-segment maximum non-zero probability:   0.150604
per-segment probability dynamic range (kT): 65.0607
norm = 1, error in norm = 0 (0*epsilon)
MAB binning in use
Bottleneck bin occupancy may not be accurately reported
Waiting for segments to complete...
Iteration completed successfully
Iteration wallclock: 0:07:09.378492, cputime: 0:34:35.489465


Thu Apr 27 17:45:49 2023
Iteration 422 (500 requested)
Beginning iteration 422
108 segments remain in iteration 422 (108 total)
27 of 29 (93.103448%) active bins are populated
per-bin minimum non-zero probability:       8.36239e-30
per-bin maximum probability:                0.48334
per-bin probability dynamic range (kT):     66.2268
per-segment minimum non-zero probability:   2.0906e-30
per-segment maximum non-zero probability:   0.150604
per-segment probability dynamic range (kT): 66.447
norm = 1, error in norm = 0 (0*epsilon)
MAB binning in use
Bottleneck bin occupancy may not be accurately reported
Waiting for segments to complete...
Iteration completed successfully
Iteration wallclock: 0:07:40.998395, cputime: 0:37:17.958657


Thu Apr 27 17:53:30 2023
Iteration 423 (500 requested)
Beginning iteration 423
108 segments remain in iteration 423 (108 total)
27 of 29 (93.103448%) active bins are populated
per-bin minimum non-zero probability:       2.57598e-29
per-bin maximum probability:                0.478024
per-bin probability dynamic range (kT):     65.0906
per-segment minimum non-zero probability:   6.43995e-30
per-segment maximum non-zero probability:   0.137176
per-segment probability dynamic range (kT): 65.2285
norm = 1, error in norm = 2.22045e-16 (1*epsilon)
MAB binning in use
Bottleneck bin occupancy may not be accurately reported
Waiting for segments to complete...
Iteration completed successfully
Iteration wallclock: 0:07:43.171202, cputime: 0:37:18.848082


Thu Apr 27 18:01:13 2023
Iteration 424 (500 requested)
Beginning iteration 424
104 segments remain in iteration 424 (104 total)
26 of 29 (89.655172%) active bins are populated
per-bin minimum non-zero probability:       3.68706e-29
per-bin maximum probability:                0.291119
per-bin probability dynamic range (kT):     64.2361
per-segment minimum non-zero probability:   9.21766e-30
per-segment maximum non-zero probability:   0.13449
per-segment probability dynamic range (kT): 64.8502
norm = 1, error in norm = 2.22045e-16 (1*epsilon)
MAB binning in use
Bottleneck bin occupancy may not be accurately reported
Waiting for segments to complete...
Iteration completed successfully
Iteration wallclock: 0:07:16.417470, cputime: 0:35:58.912237


Thu Apr 27 18:08:30 2023
Iteration 425 (500 requested)
Beginning iteration 425
108 segments remain in iteration 425 (108 total)
27 of 29 (93.103448%) active bins are populated
per-bin minimum non-zero probability:       1.51936e-29
per-bin maximum probability:                0.359544
per-bin probability dynamic range (kT):     65.3338
per-segment minimum non-zero probability:   3.7984e-30
per-segment maximum non-zero probability:   0.13449
per-segment probability dynamic range (kT): 65.7367
norm = 1, error in norm = 2.22045e-16 (1*epsilon)
MAB binning in use
Bottleneck bin occupancy may not be accurately reported
Waiting for segments to complete...
Iteration completed successfully
Iteration wallclock: 0:07:58.374441, cputime: 0:37:19.777343


Thu Apr 27 18:16:28 2023
Iteration 426 (500 requested)
Beginning iteration 426
108 segments remain in iteration 426 (108 total)
27 of 29 (93.103448%) active bins are populated
per-bin minimum non-zero probability:       3.7984e-30
per-bin maximum probability:                0.329242
per-bin probability dynamic range (kT):     66.632
per-segment minimum non-zero probability:   9.49601e-31
per-segment maximum non-zero probability:   0.116161
per-segment probability dynamic range (kT): 66.9765
norm = 1, error in norm = 2.22045e-16 (1*epsilon)
MAB binning in use
Bottleneck bin occupancy may not be accurately reported
Waiting for segments to complete...
Iteration completed successfully
Iteration wallclock: 0:07:41.456901, cputime: 0:37:20.283114


Thu Apr 27 18:24:09 2023
Iteration 427 (500 requested)
Beginning iteration 427
104 segments remain in iteration 427 (104 total)
26 of 29 (89.655172%) active bins are populated
per-bin minimum non-zero probability:       4.76673e-30
per-bin maximum probability:                0.51947
per-bin probability dynamic range (kT):     66.8609
per-segment minimum non-zero probability:   1.19168e-30
per-segment maximum non-zero probability:   0.156448
per-segment probability dynamic range (kT): 67.0472
norm = 1, error in norm = 2.22045e-16 (1*epsilon)
MAB binning in use
Bottleneck bin occupancy may not be accurately reported
Waiting for segments to complete...
Iteration completed successfully
Iteration wallclock: 0:07:09.478690, cputime: 0:35:55.243244


Thu Apr 27 18:31:19 2023
Iteration 428 (500 requested)
Beginning iteration 428
108 segments remain in iteration 428 (108 total)
27 of 29 (93.103448%) active bins are populated
per-bin minimum non-zero probability:       1.19168e-30
per-bin maximum probability:                0.316895
per-bin probability dynamic range (kT):     67.753
per-segment minimum non-zero probability:   2.97921e-31
per-segment maximum non-zero probability:   0.104299
per-segment probability dynamic range (kT): 68.028
norm = 1, error in norm = 2.22045e-16 (1*epsilon)
MAB binning in use
Bottleneck bin occupancy may not be accurately reported
Waiting for segments to complete...
Iteration completed successfully
Iteration wallclock: 0:07:42.323462, cputime: 0:37:18.851863


Thu Apr 27 18:39:01 2023
Iteration 429 (500 requested)
Beginning iteration 429
108 segments remain in iteration 429 (108 total)
27 of 29 (93.103448%) active bins are populated
per-bin minimum non-zero probability:       2.97921e-31
per-bin maximum probability:                0.379006
per-bin probability dynamic range (kT):     69.3183
per-segment minimum non-zero probability:   7.44801e-32
per-segment maximum non-zero probability:   0.109509
per-segment probability dynamic range (kT): 69.463
norm = 1, error in norm = 4.44089e-16 (2*epsilon)
MAB binning in use
Bottleneck bin occupancy may not be accurately reported
Waiting for segments to complete...
Iteration completed successfully
Iteration wallclock: 0:07:46.643751, cputime: 0:37:15.495938


Thu Apr 27 18:46:48 2023
Iteration 430 (500 requested)
Beginning iteration 430
100 segments remain in iteration 430 (100 total)
25 of 29 (86.206897%) active bins are populated
per-bin minimum non-zero probability:       7.44801e-32
per-bin maximum probability:                0.561851
per-bin probability dynamic range (kT):     71.0983
per-segment minimum non-zero probability:   1.862e-32
per-segment maximum non-zero probability:   0.188502
per-segment probability dynamic range (kT): 71.3924
norm = 1, error in norm = 0 (0*epsilon)
MAB binning in use
Bottleneck bin occupancy may not be accurately reported
Waiting for segments to complete...
Iteration completed successfully
Iteration wallclock: 0:07:11.866033, cputime: 0:34:31.385681


Thu Apr 27 18:54:00 2023
Iteration 431 (500 requested)
Beginning iteration 431
96 segments remain in iteration 431 (96 total)
24 of 29 (82.758621%) active bins are populated
per-bin minimum non-zero probability:       1.862e-32
per-bin maximum probability:                0.573735
per-bin probability dynamic range (kT):     72.5055
per-segment minimum non-zero probability:   4.65501e-33
per-segment maximum non-zero probability:   0.188502
per-segment probability dynamic range (kT): 72.7787
norm = 1, error in norm = 2.22045e-16 (1*epsilon)
MAB binning in use
Bottleneck bin occupancy may not be accurately reported
Waiting for segments to complete...
Iteration completed successfully
Iteration wallclock: 0:06:36.586637, cputime: 0:33:10.688794


Thu Apr 27 19:00:36 2023
Iteration 432 (500 requested)
Beginning iteration 432
100 segments remain in iteration 432 (100 total)
25 of 29 (86.206897%) active bins are populated
per-bin minimum non-zero probability:       1.00703e-30
per-bin maximum probability:                0.490236
per-bin probability dynamic range (kT):     68.3577
per-segment minimum non-zero probability:   4.65501e-33
per-segment maximum non-zero probability:   0.188502
per-segment probability dynamic range (kT): 72.7787
norm = 1, error in norm = 2.22045e-16 (1*epsilon)
MAB binning in use
Bottleneck bin occupancy may not be accurately reported
Waiting for segments to complete...
Iteration completed successfully
Iteration wallclock: 0:07:06.523783, cputime: 0:34:29.983461


Thu Apr 27 19:07:43 2023
Iteration 433 (500 requested)
Beginning iteration 433
96 segments remain in iteration 433 (96 total)
24 of 29 (82.758621%) active bins are populated
per-bin minimum non-zero probability:       2.73094e-31
per-bin maximum probability:                0.514057
per-bin probability dynamic range (kT):     69.7101
per-segment minimum non-zero probability:   6.82735e-32
per-segment maximum non-zero probability:   0.188502
per-segment probability dynamic range (kT): 70.0931
norm = 1, error in norm = 2.22045e-16 (1*epsilon)
MAB binning in use
Bottleneck bin occupancy may not be accurately reported
Waiting for segments to complete...
Iteration completed successfully
Iteration wallclock: 0:06:37.208009, cputime: 0:33:09.701743


Thu Apr 27 19:14:20 2023
Iteration 434 (500 requested)
Beginning iteration 434
100 segments remain in iteration 434 (100 total)
25 of 29 (86.206897%) active bins are populated
per-bin minimum non-zero probability:       6.82735e-32
per-bin maximum probability:                0.668437
per-bin probability dynamic range (kT):     71.359
per-segment minimum non-zero probability:   1.70684e-32
per-segment maximum non-zero probability:   0.234475
per-segment probability dynamic range (kT): 71.6977
norm = 1, error in norm = 2.22045e-16 (1*epsilon)
MAB binning in use
Bottleneck bin occupancy may not be accurately reported
Waiting for segments to complete...
Iteration completed successfully
Iteration wallclock: 0:07:12.279764, cputime: 0:34:31.492071


Thu Apr 27 19:21:32 2023
Iteration 435 (500 requested)
Beginning iteration 435
104 segments remain in iteration 435 (104 total)
26 of 29 (89.655172%) active bins are populated
per-bin minimum non-zero probability:       6.82735e-32
per-bin maximum probability:                0.358683
per-bin probability dynamic range (kT):     70.7365
per-segment minimum non-zero probability:   1.70684e-32
per-segment maximum non-zero probability:   0.123533
per-segment probability dynamic range (kT): 71.0568
norm = 1, error in norm = 4.44089e-16 (2*epsilon)
MAB binning in use
Bottleneck bin occupancy may not be accurately reported
Waiting for segments to complete...
Iteration completed successfully
Iteration wallclock: 0:07:13.755074, cputime: 0:35:57.652292


Thu Apr 27 19:28:46 2023
Iteration 436 (500 requested)
Beginning iteration 436
104 segments remain in iteration 436 (104 total)
26 of 29 (89.655172%) active bins are populated
per-bin minimum non-zero probability:       1.70684e-32
per-bin maximum probability:                0.500706
per-bin probability dynamic range (kT):     72.4563
per-segment minimum non-zero probability:   4.26709e-33
per-segment maximum non-zero probability:   0.151942
per-segment probability dynamic range (kT): 72.6501
norm = 1, error in norm = 4.44089e-16 (2*epsilon)
MAB binning in use
Bottleneck bin occupancy may not be accurately reported
Waiting for segments to complete...
Iteration completed successfully
Iteration wallclock: 0:07:07.065550, cputime: 0:35:52.132221


Thu Apr 27 19:35:53 2023
Iteration 437 (500 requested)
Beginning iteration 437
100 segments remain in iteration 437 (100 total)
25 of 29 (86.206897%) active bins are populated
per-bin minimum non-zero probability:       4.26709e-33
per-bin maximum probability:                0.464475
per-bin probability dynamic range (kT):     73.7675
per-segment minimum non-zero probability:   1.06677e-33
per-segment maximum non-zero probability:   0.151942
per-segment probability dynamic range (kT): 74.0364
norm = 1, error in norm = 4.44089e-16 (2*epsilon)
MAB binning in use
Bottleneck bin occupancy may not be accurately reported
Waiting for segments to complete...
Iteration completed successfully
Iteration wallclock: 0:07:10.268768, cputime: 0:34:33.229283


Thu Apr 27 19:43:04 2023
Iteration 438 (500 requested)
Beginning iteration 438
108 segments remain in iteration 438 (108 total)
27 of 29 (93.103448%) active bins are populated
per-bin minimum non-zero probability:       1.06677e-33
per-bin maximum probability:                0.38018
per-bin probability dynamic range (kT):     74.9536
per-segment minimum non-zero probability:   2.66693e-34
per-segment maximum non-zero probability:   0.121926
per-segment probability dynamic range (kT): 75.2026
norm = 1, error in norm = 2.22045e-16 (1*epsilon)
MAB binning in use
Bottleneck bin occupancy may not be accurately reported
Waiting for segments to complete...
Iteration completed successfully
Iteration wallclock: 0:07:42.570945, cputime: 0:37:19.988748


Thu Apr 27 19:50:46 2023
Iteration 439 (500 requested)
Beginning iteration 439
108 segments remain in iteration 439 (108 total)
27 of 29 (93.103448%) active bins are populated
per-bin minimum non-zero probability:       2.66693e-34
per-bin maximum probability:                0.683921
per-bin probability dynamic range (kT):     76.9271
per-segment minimum non-zero probability:   6.66733e-35
per-segment maximum non-zero probability:   0.21529
per-segment probability dynamic range (kT): 77.1575
norm = 1, error in norm = 2.22045e-16 (1*epsilon)
MAB binning in use
Bottleneck bin occupancy may not be accurately reported
Waiting for segments to complete...
Iteration completed successfully
Iteration wallclock: 0:07:41.097146, cputime: 0:37:18.869302


Thu Apr 27 19:58:27 2023
Iteration 440 (500 requested)
Beginning iteration 440
108 segments remain in iteration 440 (108 total)
27 of 29 (93.103448%) active bins are populated
per-bin minimum non-zero probability:       6.66733e-35
per-bin maximum probability:                0.412717
per-bin probability dynamic range (kT):     77.8083
per-segment minimum non-zero probability:   1.66683e-35
per-segment maximum non-zero probability:   0.18152
per-segment probability dynamic range (kT): 78.3732
norm = 1, error in norm = 2.22045e-16 (1*epsilon)
MAB binning in use
Bottleneck bin occupancy may not be accurately reported
Waiting for segments to complete...
Iteration completed successfully
Iteration wallclock: 0:07:53.263336, cputime: 0:37:15.387661


Thu Apr 27 20:06:20 2023
Iteration 441 (500 requested)
Beginning iteration 441
104 segments remain in iteration 441 (104 total)
26 of 29 (89.655172%) active bins are populated
per-bin minimum non-zero probability:       1.66683e-35
per-bin maximum probability:                0.562976
per-bin probability dynamic range (kT):     79.505
per-segment minimum non-zero probability:   4.16708e-36
per-segment maximum non-zero probability:   0.18152
per-segment probability dynamic range (kT): 79.7595
norm = 1, error in norm = 4.44089e-16 (2*epsilon)
MAB binning in use
Bottleneck bin occupancy may not be accurately reported
Waiting for segments to complete...
Iteration completed successfully
Iteration wallclock: 0:07:11.134469, cputime: 0:35:56.403356


Thu Apr 27 20:13:32 2023
Iteration 442 (500 requested)
Beginning iteration 442
108 segments remain in iteration 442 (108 total)
27 of 29 (93.103448%) active bins are populated
per-bin minimum non-zero probability:       1.66683e-35
per-bin maximum probability:                0.502402
per-bin probability dynamic range (kT):     79.3912
per-segment minimum non-zero probability:   4.16708e-36
per-segment maximum non-zero probability:   0.165186
per-segment probability dynamic range (kT): 79.6652
norm = 1, error in norm = 4.44089e-16 (2*epsilon)
MAB binning in use
Bottleneck bin occupancy may not be accurately reported
Waiting for segments to complete...
Iteration completed successfully
Iteration wallclock: 0:07:46.482090, cputime: 0:37:19.080015


Thu Apr 27 20:21:18 2023
Iteration 443 (500 requested)
Beginning iteration 443
104 segments remain in iteration 443 (104 total)
26 of 29 (89.655172%) active bins are populated
per-bin minimum non-zero probability:       4.16708e-36
per-bin maximum probability:                0.37526
per-bin probability dynamic range (kT):     80.4857
per-segment minimum non-zero probability:   1.04177e-36
per-segment maximum non-zero probability:   0.165186
per-segment probability dynamic range (kT): 81.0515
norm = 1, error in norm = 2.22045e-16 (1*epsilon)
MAB binning in use
Bottleneck bin occupancy may not be accurately reported
Waiting for segments to complete...
Iteration completed successfully
Iteration wallclock: 0:07:11.189519, cputime: 0:35:57.245672


Thu Apr 27 20:28:29 2023
Iteration 444 (500 requested)
Beginning iteration 444
108 segments remain in iteration 444 (108 total)
27 of 29 (93.103448%) active bins are populated
per-bin minimum non-zero probability:       4.16708e-36
per-bin maximum probability:                0.523547
per-bin probability dynamic range (kT):     80.8187
per-segment minimum non-zero probability:   1.04177e-36
per-segment maximum non-zero probability:   0.165186
per-segment probability dynamic range (kT): 81.0515
norm = 1, error in norm = 2.22045e-16 (1*epsilon)
MAB binning in use
Bottleneck bin occupancy may not be accurately reported
Waiting for segments to complete...
Iteration completed successfully
Iteration wallclock: 0:07:41.995355, cputime: 0:37:21.113258


Thu Apr 27 20:36:11 2023
Iteration 445 (500 requested)
Beginning iteration 445
108 segments remain in iteration 445 (108 total)
27 of 29 (93.103448%) active bins are populated
per-bin minimum non-zero probability:       1.04177e-36
per-bin maximum probability:                0.556563
per-bin probability dynamic range (kT):     82.2662
per-segment minimum non-zero probability:   2.60443e-37
per-segment maximum non-zero probability:   0.175827
per-segment probability dynamic range (kT): 82.5002
norm = 1, error in norm = 2.22045e-16 (1*epsilon)
MAB binning in use
Bottleneck bin occupancy may not be accurately reported
Waiting for segments to complete...
Iteration completed successfully
Iteration wallclock: 0:07:39.591237, cputime: 0:37:24.203651


Thu Apr 27 20:43:51 2023
Iteration 446 (500 requested)
Beginning iteration 446
96 segments remain in iteration 446 (96 total)
24 of 29 (82.758621%) active bins are populated
per-bin minimum non-zero probability:       2.34398e-36
per-bin maximum probability:                0.472986
per-bin probability dynamic range (kT):     81.2925
per-segment minimum non-zero probability:   5.85996e-37
per-segment maximum non-zero probability:   0.175827
per-segment probability dynamic range (kT): 81.6893
norm = 1, error in norm = 2.22045e-16 (1*epsilon)
MAB binning in use
Bottleneck bin occupancy may not be accurately reported
Waiting for segments to complete...
Iteration completed successfully
Iteration wallclock: 0:06:38.851289, cputime: 0:33:12.242470


Thu Apr 27 20:50:30 2023
Iteration 447 (500 requested)
Beginning iteration 447
104 segments remain in iteration 447 (104 total)
26 of 29 (89.655172%) active bins are populated
per-bin minimum non-zero probability:       5.85996e-37
per-bin maximum probability:                0.509711
per-bin probability dynamic range (kT):     82.7536
per-segment minimum non-zero probability:   1.46499e-37
per-segment maximum non-zero probability:   0.159956
per-segment probability dynamic range (kT): 82.9809
norm = 1, error in norm = 2.22045e-16 (1*epsilon)
MAB binning in use
Bottleneck bin occupancy may not be accurately reported
Waiting for segments to complete...
Iteration completed successfully
Iteration wallclock: 0:07:11.923786, cputime: 0:35:57.828594


Thu Apr 27 20:57:42 2023
Iteration 448 (500 requested)
Beginning iteration 448
104 segments remain in iteration 448 (104 total)
26 of 29 (89.655172%) active bins are populated
per-bin minimum non-zero probability:       1.46499e-37
per-bin maximum probability:                0.325771
per-bin probability dynamic range (kT):     83.6922
per-segment minimum non-zero probability:   3.66247e-38
per-segment maximum non-zero probability:   0.11639
per-segment probability dynamic range (kT): 84.0493
norm = 1, error in norm = 4.44089e-16 (2*epsilon)
MAB binning in use
Bottleneck bin occupancy may not be accurately reported
Waiting for segments to complete...
Iteration completed successfully
Iteration wallclock: 0:07:13.544380, cputime: 0:35:56.001828


Thu Apr 27 21:04:55 2023
Iteration 449 (500 requested)
Beginning iteration 449
104 segments remain in iteration 449 (104 total)
26 of 29 (89.655172%) active bins are populated
per-bin minimum non-zero probability:       1.10688e-36
per-bin maximum probability:                0.4775
per-bin probability dynamic range (kT):     82.0523
per-segment minimum non-zero probability:   2.7672e-37
per-segment maximum non-zero probability:   0.157979
per-segment probability dynamic range (kT): 82.3325
norm = 1, error in norm = 2.22045e-16 (1*epsilon)
MAB binning in use
Bottleneck bin occupancy may not be accurately reported
Waiting for segments to complete...
Iteration completed successfully
Iteration wallclock: 0:07:12.127394, cputime: 0:36:00.272094


Thu Apr 27 21:12:07 2023
Iteration 450 (500 requested)
Beginning iteration 450
104 segments remain in iteration 450 (104 total)
26 of 29 (89.655172%) active bins are populated
per-bin minimum non-zero probability:       2.7672e-37
per-bin maximum probability:                0.720373
per-bin probability dynamic range (kT):     83.8498
per-segment minimum non-zero probability:   6.91801e-38
per-segment maximum non-zero probability:   0.228396
per-segment probability dynamic range (kT): 84.0874
norm = 1, error in norm = 2.22045e-16 (1*epsilon)
MAB binning in use
Bottleneck bin occupancy may not be accurately reported
Waiting for segments to complete...
Iteration completed successfully
Iteration wallclock: 0:07:11.072437, cputime: 0:35:58.390805


Thu Apr 27 21:19:18 2023
Iteration 451 (500 requested)
Beginning iteration 451
100 segments remain in iteration 451 (100 total)
25 of 29 (86.206897%) active bins are populated
per-bin minimum non-zero probability:       6.91801e-38
per-bin maximum probability:                0.45508
per-bin probability dynamic range (kT):     84.7768
per-segment minimum non-zero probability:   1.7295e-38
per-segment maximum non-zero probability:   0.17485
per-segment probability dynamic range (kT): 85.2066
norm = 1, error in norm = 2.22045e-16 (1*epsilon)
MAB binning in use
Bottleneck bin occupancy may not be accurately reported
Waiting for segments to complete...
Iteration completed successfully
Iteration wallclock: 0:07:12.976240, cputime: 0:34:35.063893


Thu Apr 27 21:26:31 2023
Iteration 452 (500 requested)
Beginning iteration 452
104 segments remain in iteration 452 (104 total)
26 of 29 (89.655172%) active bins are populated
per-bin minimum non-zero probability:       1.7295e-38
per-bin maximum probability:                0.53758
per-bin probability dynamic range (kT):     86.3297
per-segment minimum non-zero probability:   4.32375e-39
per-segment maximum non-zero probability:   0.17485
per-segment probability dynamic range (kT): 86.5929
norm = 1, error in norm = 2.22045e-16 (1*epsilon)
MAB binning in use
Bottleneck bin occupancy may not be accurately reported
Waiting for segments to complete...
Iteration completed successfully
Iteration wallclock: 0:07:15.686257, cputime: 0:35:59.787380


Thu Apr 27 21:33:47 2023
Iteration 453 (500 requested)
Beginning iteration 453
104 segments remain in iteration 453 (104 total)
26 of 29 (89.655172%) active bins are populated
per-bin minimum non-zero probability:       4.32375e-39
per-bin maximum probability:                0.214784
per-bin probability dynamic range (kT):     86.7986
per-segment minimum non-zero probability:   1.08094e-39
per-segment maximum non-zero probability:   0.0795742
per-segment probability dynamic range (kT): 87.1919
norm = 1, error in norm = 2.22045e-16 (1*epsilon)
MAB binning in use
Bottleneck bin occupancy may not be accurately reported
Waiting for segments to complete...
Iteration completed successfully
Iteration wallclock: 0:07:08.803117, cputime: 0:36:00.992941


Thu Apr 27 21:40:56 2023
Iteration 454 (500 requested)
Beginning iteration 454
96 segments remain in iteration 454 (96 total)
23 of 29 (79.310345%) active bins are populated
per-bin minimum non-zero probability:       1.45513e-36
per-bin maximum probability:                0.488418
per-bin probability dynamic range (kT):     81.8014
per-segment minimum non-zero probability:   3.63782e-37
per-segment maximum non-zero probability:   0.168119
per-segment probability dynamic range (kT): 82.1212
norm = 1, error in norm = 2.22045e-16 (1*epsilon)
MAB binning in use
Bottleneck bin occupancy may not be accurately reported
Waiting for segments to complete...
Iteration completed successfully
Iteration wallclock: 0:06:43.873526, cputime: 0:33:04.604260


Thu Apr 27 21:47:40 2023
Iteration 455 (500 requested)
Beginning iteration 455
104 segments remain in iteration 455 (104 total)
26 of 29 (89.655172%) active bins are populated
per-bin minimum non-zero probability:       3.63782e-37
per-bin maximum probability:                0.619438
per-bin probability dynamic range (kT):     83.4253
per-segment minimum non-zero probability:   9.09455e-38
per-segment maximum non-zero probability:   0.20251
per-segment probability dynamic range (kT): 83.6936
norm = 1, error in norm = 2.22045e-16 (1*epsilon)
MAB binning in use
Bottleneck bin occupancy may not be accurately reported
Waiting for segments to complete...
Iteration completed successfully
Iteration wallclock: 0:07:11.177099, cputime: 0:35:56.896596


Thu Apr 27 21:54:51 2023
Iteration 456 (500 requested)
Beginning iteration 456
104 segments remain in iteration 456 (104 total)
26 of 29 (89.655172%) active bins are populated
per-bin minimum non-zero probability:       9.09455e-38
per-bin maximum probability:                0.590568
per-bin probability dynamic range (kT):     84.7639
per-segment minimum non-zero probability:   2.27364e-38
per-segment maximum non-zero probability:   0.20251
per-segment probability dynamic range (kT): 85.0799
norm = 1, error in norm = 2.22045e-16 (1*epsilon)
MAB binning in use
Bottleneck bin occupancy may not be accurately reported
Waiting for segments to complete...
Iteration completed successfully
Iteration wallclock: 0:07:13.031738, cputime: 0:35:58.342230


Thu Apr 27 22:02:04 2023
Iteration 457 (500 requested)
Beginning iteration 457
104 segments remain in iteration 457 (104 total)
26 of 29 (89.655172%) active bins are populated
per-bin minimum non-zero probability:       1.36418e-37
per-bin maximum probability:                0.557796
per-bin probability dynamic range (kT):     84.3013
per-segment minimum non-zero probability:   3.03152e-38
per-segment maximum non-zero probability:   0.14945
per-segment probability dynamic range (kT): 84.4884
norm = 1, error in norm = 2.22045e-16 (1*epsilon)
MAB binning in use
Bottleneck bin occupancy may not be accurately reported
Waiting for segments to complete...
Iteration completed successfully
Iteration wallclock: 0:07:12.951967, cputime: 0:35:59.236220


Thu Apr 27 22:09:17 2023
Iteration 458 (500 requested)
Beginning iteration 458
92 segments remain in iteration 458 (92 total)
23 of 29 (79.310345%) active bins are populated
per-bin minimum non-zero probability:       4.54728e-38
per-bin maximum probability:                0.51579
per-bin probability dynamic range (kT):     85.3217
per-segment minimum non-zero probability:   1.13682e-38
per-segment maximum non-zero probability:   0.14945
per-segment probability dynamic range (kT): 85.4692
norm = 1, error in norm = 2.22045e-16 (1*epsilon)
MAB binning in use
Bottleneck bin occupancy may not be accurately reported
Waiting for segments to complete...
Iteration completed successfully
Iteration wallclock: 0:06:41.472560, cputime: 0:31:50.324374


Thu Apr 27 22:15:58 2023
Iteration 459 (500 requested)
Beginning iteration 459
108 segments remain in iteration 459 (108 total)
27 of 29 (93.103448%) active bins are populated
per-bin minimum non-zero probability:       2.28039e-38
per-bin maximum probability:                0.392387
per-bin probability dynamic range (kT):     85.7384
per-segment minimum non-zero probability:   5.70099e-39
per-segment maximum non-zero probability:   0.14139
per-segment probability dynamic range (kT): 86.1039
norm = 1, error in norm = 2.22045e-16 (1*epsilon)
MAB binning in use
Bottleneck bin occupancy may not be accurately reported
Waiting for segments to complete...
Iteration completed successfully
Iteration wallclock: 0:07:43.181875, cputime: 0:37:20.275091


Thu Apr 27 22:23:42 2023
Iteration 460 (500 requested)
Beginning iteration 460
104 segments remain in iteration 460 (104 total)
26 of 29 (89.655172%) active bins are populated
per-bin minimum non-zero probability:       5.70099e-39
per-bin maximum probability:                0.410621
per-bin probability dynamic range (kT):     87.1701
per-segment minimum non-zero probability:   1.42525e-39
per-segment maximum non-zero probability:   0.14139
per-segment probability dynamic range (kT): 87.4902
norm = 1, error in norm = 2.22045e-16 (1*epsilon)
MAB binning in use
Bottleneck bin occupancy may not be accurately reported
Waiting for segments to complete...
Iteration completed successfully
Iteration wallclock: 0:07:15.216728, cputime: 0:35:56.644225


Thu Apr 27 22:30:57 2023
Iteration 461 (500 requested)
Beginning iteration 461
108 segments remain in iteration 461 (108 total)
27 of 29 (93.103448%) active bins are populated
per-bin minimum non-zero probability:       2.85049e-39
per-bin maximum probability:                0.50753
per-bin probability dynamic range (kT):     88.0751
per-segment minimum non-zero probability:   7.12623e-40
per-segment maximum non-zero probability:   0.14139
per-segment probability dynamic range (kT): 88.1834
norm = 1, error in norm = 2.22045e-16 (1*epsilon)
MAB binning in use
Bottleneck bin occupancy may not be accurately reported
Waiting for segments to complete...
Iteration completed successfully
Iteration wallclock: 0:07:45.782240, cputime: 0:37:19.055067


Thu Apr 27 22:38:43 2023
Iteration 462 (500 requested)
Beginning iteration 462
104 segments remain in iteration 462 (104 total)
26 of 29 (89.655172%) active bins are populated
per-bin minimum non-zero probability:       1.77891e-36
per-bin maximum probability:                0.396609
per-bin probability dynamic range (kT):     81.3923
per-segment minimum non-zero probability:   4.44727e-37
per-segment maximum non-zero probability:   0.136117
per-segment probability dynamic range (kT): 81.7091
norm = 1, error in norm = 2.22045e-16 (1*epsilon)
MAB binning in use
Bottleneck bin occupancy may not be accurately reported
Waiting for segments to complete...
Iteration completed successfully
Iteration wallclock: 0:07:18.665301, cputime: 0:36:00.753986


Thu Apr 27 22:46:01 2023
Iteration 463 (500 requested)
Beginning iteration 463
108 segments remain in iteration 463 (108 total)
27 of 29 (93.103448%) active bins are populated
per-bin minimum non-zero probability:       4.44727e-37
per-bin maximum probability:                0.265726
per-bin probability dynamic range (kT):     82.3781
per-segment minimum non-zero probability:   1.11182e-37
per-segment maximum non-zero probability:   0.102315
per-segment probability dynamic range (kT): 82.81
norm = 1, error in norm = 4.44089e-16 (2*epsilon)
MAB binning in use
Bottleneck bin occupancy may not be accurately reported
Waiting for segments to complete...
Iteration completed successfully
Iteration wallclock: 0:07:41.018373, cputime: 0:37:23.818613


Thu Apr 27 22:53:42 2023
Iteration 464 (500 requested)
Beginning iteration 464
104 segments remain in iteration 464 (104 total)
26 of 29 (89.655172%) active bins are populated
per-bin minimum non-zero probability:       4.54281e-37
per-bin maximum probability:                0.441799
per-bin probability dynamic range (kT):     82.8652
per-segment minimum non-zero probability:   8.57747e-38
per-segment maximum non-zero probability:   0.156005
per-segment probability dynamic range (kT): 83.4912
norm = 1, error in norm = 4.44089e-16 (2*epsilon)
MAB binning in use
Bottleneck bin occupancy may not be accurately reported
Waiting for segments to complete...
Iteration completed successfully
Iteration wallclock: 0:07:15.988335, cputime: 0:35:56.644370


Thu Apr 27 23:00:58 2023
Iteration 465 (500 requested)
Beginning iteration 465
100 segments remain in iteration 465 (100 total)
25 of 29 (86.206897%) active bins are populated
per-bin minimum non-zero probability:       5.86225e-37
per-bin maximum probability:                0.389216
per-bin probability dynamic range (kT):     82.4835
per-segment minimum non-zero probability:   1.46556e-37
per-segment maximum non-zero probability:   0.156005
per-segment probability dynamic range (kT): 82.9555
norm = 1, error in norm = 2.22045e-16 (1*epsilon)
MAB binning in use
Bottleneck bin occupancy may not be accurately reported
Waiting for segments to complete...
Iteration completed successfully
Iteration wallclock: 0:07:12.406442, cputime: 0:34:33.682721


Thu Apr 27 23:08:11 2023
Iteration 466 (500 requested)
Beginning iteration 466
100 segments remain in iteration 466 (100 total)
25 of 29 (86.206897%) active bins are populated
per-bin minimum non-zero probability:       1.46556e-37
per-bin maximum probability:                0.401349
per-bin probability dynamic range (kT):     83.9005
per-segment minimum non-zero probability:   3.66391e-38
per-segment maximum non-zero probability:   0.156005
per-segment probability dynamic range (kT): 84.3418
norm = 1, error in norm = 4.44089e-16 (2*epsilon)
MAB binning in use
Bottleneck bin occupancy may not be accurately reported
Waiting for segments to complete...
Iteration completed successfully
Iteration wallclock: 0:07:09.767639, cputime: 0:34:35.607450


Thu Apr 27 23:15:20 2023
Iteration 467 (500 requested)
Beginning iteration 467
108 segments remain in iteration 467 (108 total)
27 of 29 (93.103448%) active bins are populated
per-bin minimum non-zero probability:       1.83195e-37
per-bin maximum probability:                0.523304
per-bin probability dynamic range (kT):     83.9427
per-segment minimum non-zero probability:   3.66391e-38
per-segment maximum non-zero probability:   0.158455
per-segment probability dynamic range (kT): 84.3574
norm = 1, error in norm = 2.22045e-16 (1*epsilon)
MAB binning in use
Bottleneck bin occupancy may not be accurately reported
Waiting for segments to complete...
Iteration completed successfully
Iteration wallclock: 0:07:44.225775, cputime: 0:37:20.254342


Thu Apr 27 23:23:05 2023
Iteration 468 (500 requested)
Beginning iteration 468
108 segments remain in iteration 468 (108 total)
27 of 29 (93.103448%) active bins are populated
per-bin minimum non-zero probability:       7.32782e-38
per-bin maximum probability:                0.420529
per-bin probability dynamic range (kT):     84.6403
per-segment minimum non-zero probability:   1.83195e-38
per-segment maximum non-zero probability:   0.156005
per-segment probability dynamic range (kT): 85.035
norm = 1, error in norm = 2.22045e-16 (1*epsilon)
MAB binning in use
Bottleneck bin occupancy may not be accurately reported
Waiting for segments to complete...
Iteration completed successfully
Iteration wallclock: 0:07:45.895621, cputime: 0:37:19.643040


Thu Apr 27 23:30:51 2023
Iteration 469 (500 requested)
Beginning iteration 469
104 segments remain in iteration 469 (104 total)
26 of 29 (89.655172%) active bins are populated
per-bin minimum non-zero probability:       7.04863e-38
per-bin maximum probability:                0.337344
per-bin probability dynamic range (kT):     84.4587
per-segment minimum non-zero probability:   1.76216e-38
per-segment maximum non-zero probability:   0.156005
per-segment probability dynamic range (kT): 85.0738
norm = 1, error in norm = 2.22045e-16 (1*epsilon)
MAB binning in use
Bottleneck bin occupancy may not be accurately reported
Waiting for segments to complete...
Iteration completed successfully
Iteration wallclock: 0:07:13.737192, cputime: 0:35:51.121253


Thu Apr 27 23:38:04 2023
Iteration 470 (500 requested)
Beginning iteration 470
100 segments remain in iteration 470 (100 total)
25 of 29 (86.206897%) active bins are populated
per-bin minimum non-zero probability:       7.04863e-38
per-bin maximum probability:                0.645296
per-bin probability dynamic range (kT):     85.1074
per-segment minimum non-zero probability:   1.76216e-38
per-segment maximum non-zero probability:   0.217316
per-segment probability dynamic range (kT): 85.4053
norm = 1, error in norm = 2.22045e-16 (1*epsilon)
MAB binning in use
Bottleneck bin occupancy may not be accurately reported
Waiting for segments to complete...
Iteration completed successfully
Iteration wallclock: 0:07:12.199205, cputime: 0:34:32.362362


Thu Apr 27 23:45:16 2023
Iteration 471 (500 requested)
Beginning iteration 471
104 segments remain in iteration 471 (104 total)
26 of 29 (89.655172%) active bins are populated
per-bin minimum non-zero probability:       1.76216e-38
per-bin maximum probability:                0.379747
per-bin probability dynamic range (kT):     85.9634
per-segment minimum non-zero probability:   4.40539e-39
per-segment maximum non-zero probability:   0.127785
per-segment probability dynamic range (kT): 86.2606
norm = 1, error in norm = 2.22045e-16 (1*epsilon)
MAB binning in use
Bottleneck bin occupancy may not be accurately reported
Waiting for segments to complete...
Iteration completed successfully
Iteration wallclock: 0:07:13.060050, cputime: 0:35:59.234582


Thu Apr 27 23:52:30 2023
Iteration 472 (500 requested)
Beginning iteration 472
108 segments remain in iteration 472 (108 total)
27 of 29 (93.103448%) active bins are populated
per-bin minimum non-zero probability:       5.54998e-38
per-bin maximum probability:                0.503036
per-bin probability dynamic range (kT):     85.0973
per-segment minimum non-zero probability:   1.27736e-38
per-segment maximum non-zero probability:   0.151406
per-segment probability dynamic range (kT): 85.3656
norm = 1, error in norm = 2.22045e-16 (1*epsilon)
MAB binning in use
Bottleneck bin occupancy may not be accurately reported
Waiting for segments to complete...
Iteration completed successfully
Iteration wallclock: 0:07:40.915864, cputime: 0:37:19.118608


Fri Apr 28 00:00:10 2023
Iteration 473 (500 requested)
Beginning iteration 473
108 segments remain in iteration 473 (108 total)
27 of 29 (93.103448%) active bins are populated
per-bin minimum non-zero probability:       2.22015e-38
per-bin maximum probability:                0.336588
per-bin probability dynamic range (kT):     85.6118
per-segment minimum non-zero probability:   5.55036e-39
per-segment maximum non-zero probability:   0.144877
per-segment probability dynamic range (kT): 86.1551
norm = 1, error in norm = 4.44089e-16 (2*epsilon)
MAB binning in use
Bottleneck bin occupancy may not be accurately reported
Waiting for segments to complete...
Iteration completed successfully
Iteration wallclock: 0:07:50.533608, cputime: 0:37:20.758791


Fri Apr 28 00:08:01 2023
Iteration 474 (500 requested)
Beginning iteration 474
108 segments remain in iteration 474 (108 total)
27 of 29 (93.103448%) active bins are populated
per-bin minimum non-zero probability:       5.55036e-39
per-bin maximum probability:                0.293012
per-bin probability dynamic range (kT):     86.8594
per-segment minimum non-zero probability:   1.38759e-39
per-segment maximum non-zero probability:   0.144877
per-segment probability dynamic range (kT): 87.5414
norm = 1, error in norm = 4.44089e-16 (2*epsilon)
MAB binning in use
Bottleneck bin occupancy may not be accurately reported
Waiting for segments to complete...
Iteration completed successfully
Iteration wallclock: 0:07:43.030664, cputime: 0:37:22.577877


Fri Apr 28 00:15:44 2023
Iteration 475 (500 requested)
Beginning iteration 475
108 segments remain in iteration 475 (108 total)
24 of 29 (82.758621%) active bins are populated
per-bin minimum non-zero probability:       1.32743e-38
per-bin maximum probability:                0.58666
per-bin probability dynamic range (kT):     86.6817
per-segment minimum non-zero probability:   3.31859e-39
per-segment maximum non-zero probability:   0.144877
per-segment probability dynamic range (kT): 86.6694
norm = 1, error in norm = 2.22045e-16 (1*epsilon)
MAB binning in use
Bottleneck bin occupancy may not be accurately reported
Waiting for segments to complete...
Iteration completed successfully
Iteration wallclock: 0:07:41.306766, cputime: 0:37:20.594119


Fri Apr 28 00:23:25 2023
Iteration 476 (500 requested)
Beginning iteration 476
108 segments remain in iteration 476 (108 total)
27 of 29 (93.103448%) active bins are populated
per-bin minimum non-zero probability:       3.31859e-39
per-bin maximum probability:                0.403063
per-bin probability dynamic range (kT):     87.6926
per-segment minimum non-zero probability:   8.29646e-40
per-segment maximum non-zero probability:   0.144877
per-segment probability dynamic range (kT): 88.0557
norm = 1, error in norm = 2.22045e-16 (1*epsilon)
MAB binning in use
Bottleneck bin occupancy may not be accurately reported
Waiting for segments to complete...
Iteration completed successfully
Iteration wallclock: 0:07:49.829661, cputime: 0:37:15.075225


Fri Apr 28 00:31:15 2023
Iteration 477 (500 requested)
Beginning iteration 477
104 segments remain in iteration 477 (104 total)
24 of 29 (82.758621%) active bins are populated
per-bin minimum non-zero probability:       3.31859e-39
per-bin maximum probability:                0.274663
per-bin probability dynamic range (kT):     87.3091
per-segment minimum non-zero probability:   8.29646e-40
per-segment maximum non-zero probability:   0.116664
per-segment probability dynamic range (kT): 87.8391
norm = 1, error in norm = 2.22045e-16 (1*epsilon)
MAB binning in use
Bottleneck bin occupancy may not be accurately reported
Waiting for segments to complete...
Iteration completed successfully
Iteration wallclock: 0:07:19.677116, cputime: 0:35:57.329084


Fri Apr 28 00:38:35 2023
Iteration 478 (500 requested)
Beginning iteration 478
108 segments remain in iteration 478 (108 total)
26 of 29 (89.655172%) active bins are populated
per-bin minimum non-zero probability:       1.65929e-39
per-bin maximum probability:                0.563762
per-bin probability dynamic range (kT):     88.7213
per-segment minimum non-zero probability:   4.14823e-40
per-segment maximum non-zero probability:   0.138945
per-segment probability dynamic range (kT): 88.707
norm = 1, error in norm = 4.44089e-16 (2*epsilon)
MAB binning in use
Bottleneck bin occupancy may not be accurately reported
Waiting for segments to complete...
Iteration completed successfully
Iteration wallclock: 0:07:38.177344, cputime: 0:37:17.848594


Fri Apr 28 00:46:13 2023
Iteration 479 (500 requested)
Beginning iteration 479
108 segments remain in iteration 479 (108 total)
27 of 29 (93.103448%) active bins are populated
per-bin minimum non-zero probability:       4.14823e-40
per-bin maximum probability:                0.266854
per-bin probability dynamic range (kT):     89.3597
per-segment minimum non-zero probability:   1.03706e-40
per-segment maximum non-zero probability:   0.105803
per-segment probability dynamic range (kT): 89.8208
norm = 1, error in norm = 0 (0*epsilon)
MAB binning in use
Bottleneck bin occupancy may not be accurately reported
Waiting for segments to complete...
Iteration completed successfully
Iteration wallclock: 0:07:45.420604, cputime: 0:37:19.070590


Fri Apr 28 00:53:58 2023
Iteration 480 (500 requested)
Beginning iteration 480
108 segments remain in iteration 480 (108 total)
27 of 29 (93.103448%) active bins are populated
per-bin minimum non-zero probability:       1.03706e-40
per-bin maximum probability:                0.376322
per-bin probability dynamic range (kT):     91.0897
per-segment minimum non-zero probability:   2.59265e-41
per-segment maximum non-zero probability:   0.116389
per-segment probability dynamic range (kT): 91.3025
norm = 1, error in norm = 2.22045e-16 (1*epsilon)
MAB binning in use
Bottleneck bin occupancy may not be accurately reported
Waiting for segments to complete...
Iteration completed successfully
Iteration wallclock: 0:07:38.403108, cputime: 0:37:16.002664


Fri Apr 28 01:01:37 2023
Iteration 481 (500 requested)
Beginning iteration 481
108 segments remain in iteration 481 (108 total)
27 of 29 (93.103448%) active bins are populated
per-bin minimum non-zero probability:       2.59265e-41
per-bin maximum probability:                0.235906
per-bin probability dynamic range (kT):     92.009
per-segment minimum non-zero probability:   6.48161e-42
per-segment maximum non-zero probability:   0.105803
per-segment probability dynamic range (kT): 92.5934
norm = 1, error in norm = 0 (0*epsilon)
MAB binning in use
Bottleneck bin occupancy may not be accurately reported
Waiting for segments to complete...
Iteration completed successfully
Iteration wallclock: 0:07:44.827133, cputime: 0:37:19.850842


Fri Apr 28 01:09:22 2023
Iteration 482 (500 requested)
Beginning iteration 482
104 segments remain in iteration 482 (104 total)
26 of 29 (89.655172%) active bins are populated
per-bin minimum non-zero probability:       6.48161e-42
per-bin maximum probability:                0.454867
per-bin probability dynamic range (kT):     94.0519
per-segment minimum non-zero probability:   1.6204e-42
per-segment maximum non-zero probability:   0.150004
per-segment probability dynamic range (kT): 94.3288
norm = 1, error in norm = 2.22045e-16 (1*epsilon)
MAB binning in use
Bottleneck bin occupancy may not be accurately reported
Waiting for segments to complete...
Iteration completed successfully
Iteration wallclock: 0:07:10.805494, cputime: 0:35:55.940724


Fri Apr 28 01:16:32 2023
Iteration 483 (500 requested)
Beginning iteration 483
108 segments remain in iteration 483 (108 total)
27 of 29 (93.103448%) active bins are populated
per-bin minimum non-zero probability:       1.6204e-42
per-bin maximum probability:                0.425321
per-bin probability dynamic range (kT):     95.371
per-segment minimum non-zero probability:   4.05101e-43
per-segment maximum non-zero probability:   0.140351
per-segment probability dynamic range (kT): 95.6486
norm = 1, error in norm = 0 (0*epsilon)
MAB binning in use
Bottleneck bin occupancy may not be accurately reported
Waiting for segments to complete...
Iteration completed successfully
Iteration wallclock: 0:07:39.417476, cputime: 0:37:20.271503


Fri Apr 28 01:24:12 2023
Iteration 484 (500 requested)
Beginning iteration 484
108 segments remain in iteration 484 (108 total)
27 of 29 (93.103448%) active bins are populated
per-bin minimum non-zero probability:       4.05101e-43
per-bin maximum probability:                0.470064
per-bin probability dynamic range (kT):     96.8573
per-segment minimum non-zero probability:   1.01275e-43
per-segment maximum non-zero probability:   0.156448
per-segment probability dynamic range (kT): 97.1435
norm = 1, error in norm = 2.22045e-16 (1*epsilon)
MAB binning in use
Bottleneck bin occupancy may not be accurately reported
Waiting for segments to complete...
Iteration completed successfully
Iteration wallclock: 0:07:43.334128, cputime: 0:37:16.575203


Fri Apr 28 01:31:55 2023
Iteration 485 (500 requested)
Beginning iteration 485
108 segments remain in iteration 485 (108 total)
25 of 29 (86.206897%) active bins are populated
per-bin minimum non-zero probability:       2.70067e-43
per-bin maximum probability:                0.536774
per-bin probability dynamic range (kT):     97.3955
per-segment minimum non-zero probability:   6.75168e-44
per-segment maximum non-zero probability:   0.156448
per-segment probability dynamic range (kT): 97.5489
norm = 1, error in norm = 4.44089e-16 (2*epsilon)
MAB binning in use
Bottleneck bin occupancy may not be accurately reported
Waiting for segments to complete...
Iteration completed successfully
Iteration wallclock: 0:07:40.041244, cputime: 0:37:21.192371


Fri Apr 28 01:39:35 2023
Iteration 486 (500 requested)
Beginning iteration 486
108 segments remain in iteration 486 (108 total)
27 of 29 (93.103448%) active bins are populated
per-bin minimum non-zero probability:       9.00224e-44
per-bin maximum probability:                0.481955
per-bin probability dynamic range (kT):     98.3864
per-segment minimum non-zero probability:   2.25056e-44
per-segment maximum non-zero probability:   0.156448
per-segment probability dynamic range (kT): 98.6475
norm = 1, error in norm = 4.44089e-16 (2*epsilon)
MAB binning in use
Bottleneck bin occupancy may not be accurately reported
Waiting for segments to complete...
Iteration completed successfully
Iteration wallclock: 0:07:45.395488, cputime: 0:37:20.786620


Fri Apr 28 01:47:21 2023
Iteration 487 (500 requested)
Beginning iteration 487
108 segments remain in iteration 487 (108 total)
26 of 29 (89.655172%) active bins are populated
per-bin minimum non-zero probability:       2.25056e-44
per-bin maximum probability:                0.439167
per-bin probability dynamic range (kT):     99.6797
per-segment minimum non-zero probability:   5.6264e-45
per-segment maximum non-zero probability:   0.156448
per-segment probability dynamic range (kT): 100.034
norm = 1, error in norm = 4.44089e-16 (2*epsilon)
MAB binning in use
Bottleneck bin occupancy may not be accurately reported
Waiting for segments to complete...
Iteration completed successfully
Iteration wallclock: 0:07:44.821612, cputime: 0:37:25.257539


Fri Apr 28 01:55:06 2023
Iteration 488 (500 requested)
Beginning iteration 488
104 segments remain in iteration 488 (104 total)
26 of 29 (89.655172%) active bins are populated
per-bin minimum non-zero probability:       5.6264e-45
per-bin maximum probability:                0.379908
per-bin probability dynamic range (kT):     100.921
per-segment minimum non-zero probability:   1.4066e-45
per-segment maximum non-zero probability:   0.117047
per-segment probability dynamic range (kT): 101.13
norm = 1, error in norm = 2.22045e-16 (1*epsilon)
MAB binning in use
Bottleneck bin occupancy may not be accurately reported
Waiting for segments to complete...
Iteration completed successfully
Iteration wallclock: 0:07:18.008872, cputime: 0:36:04.408821


Fri Apr 28 02:02:24 2023
Iteration 489 (500 requested)
Beginning iteration 489
108 segments remain in iteration 489 (108 total)
27 of 29 (93.103448%) active bins are populated
per-bin minimum non-zero probability:       4.50112e-44
per-bin maximum probability:                0.525653
per-bin probability dynamic range (kT):     99.1663
per-segment minimum non-zero probability:   1.00025e-44
per-segment maximum non-zero probability:   0.172749
per-segment probability dynamic range (kT): 99.5576
norm = 1, error in norm = 2.22045e-16 (1*epsilon)
MAB binning in use
Bottleneck bin occupancy may not be accurately reported
Waiting for segments to complete...
Iteration completed successfully
Iteration wallclock: 0:07:44.880151, cputime: 0:37:24.198166


Fri Apr 28 02:10:08 2023
Iteration 490 (500 requested)
Beginning iteration 490
108 segments remain in iteration 490 (108 total)
27 of 29 (93.103448%) active bins are populated
per-bin minimum non-zero probability:       1.14091e-44
per-bin maximum probability:                0.298346
per-bin probability dynamic range (kT):     99.9724
per-segment minimum non-zero probability:   2.85227e-45
per-segment maximum non-zero probability:   0.128689
per-segment probability dynamic range (kT): 100.518
norm = 1, error in norm = 2.22045e-16 (1*epsilon)
MAB binning in use
Bottleneck bin occupancy may not be accurately reported
Waiting for segments to complete...
Iteration completed successfully
Iteration wallclock: 0:07:51.294599, cputime: 0:37:25.905740


Fri Apr 28 02:18:00 2023
Iteration 491 (500 requested)
Beginning iteration 491
104 segments remain in iteration 491 (104 total)
26 of 29 (89.655172%) active bins are populated
per-bin minimum non-zero probability:       9.02568e-45
per-bin maximum probability:                0.422281
per-bin probability dynamic range (kT):     100.554
per-segment minimum non-zero probability:   2.25642e-45
per-segment maximum non-zero probability:   0.131957
per-segment probability dynamic range (kT): 100.777
norm = 1, error in norm = 2.22045e-16 (1*epsilon)
MAB binning in use
Bottleneck bin occupancy may not be accurately reported
Waiting for segments to complete...
Iteration completed successfully
Iteration wallclock: 0:07:17.840621, cputime: 0:36:05.119987


Fri Apr 28 02:25:18 2023
Iteration 492 (500 requested)
Beginning iteration 492
108 segments remain in iteration 492 (108 total)
27 of 29 (93.103448%) active bins are populated
per-bin minimum non-zero probability:       2.25642e-45
per-bin maximum probability:                0.665656
per-bin probability dynamic range (kT):     102.396
per-segment minimum non-zero probability:   5.64105e-46
per-segment maximum non-zero probability:   0.131957
per-segment probability dynamic range (kT): 102.164
norm = 1, error in norm = 2.22045e-16 (1*epsilon)
MAB binning in use
Bottleneck bin occupancy may not be accurately reported
Waiting for segments to complete...
Iteration completed successfully
Iteration wallclock: 0:07:48.498709, cputime: 0:37:27.184277


Fri Apr 28 02:33:06 2023
Iteration 493 (500 requested)
Beginning iteration 493
104 segments remain in iteration 493 (104 total)
26 of 29 (89.655172%) active bins are populated
per-bin minimum non-zero probability:       5.64105e-46
per-bin maximum probability:                0.313051
per-bin probability dynamic range (kT):     103.027
per-segment minimum non-zero probability:   1.41026e-46
per-segment maximum non-zero probability:   0.128689
per-segment probability dynamic range (kT): 103.525
norm = 1, error in norm = 2.22045e-16 (1*epsilon)
MAB binning in use
Bottleneck bin occupancy may not be accurately reported
Waiting for segments to complete...
Iteration completed successfully
Iteration wallclock: 0:07:18.804356, cputime: 0:36:05.742604


Fri Apr 28 02:40:25 2023
Iteration 494 (500 requested)
Beginning iteration 494
100 segments remain in iteration 494 (100 total)
25 of 29 (86.206897%) active bins are populated
per-bin minimum non-zero probability:       2.82053e-46
per-bin maximum probability:                0.382681
per-bin probability dynamic range (kT):     103.921
per-segment minimum non-zero probability:   7.05132e-47
per-segment maximum non-zero probability:   0.115166
per-segment probability dynamic range (kT): 104.107
norm = 1, error in norm = 2.22045e-16 (1*epsilon)
MAB binning in use
Bottleneck bin occupancy may not be accurately reported
Waiting for segments to complete...
Iteration completed successfully
Iteration wallclock: 0:07:16.693493, cputime: 0:34:42.027844


Fri Apr 28 02:47:42 2023
Iteration 495 (500 requested)
Beginning iteration 495
104 segments remain in iteration 495 (104 total)
26 of 29 (89.655172%) active bins are populated
per-bin minimum non-zero probability:       2.82053e-46
per-bin maximum probability:                0.50829
per-bin probability dynamic range (kT):     104.205
per-segment minimum non-zero probability:   7.05132e-47
per-segment maximum non-zero probability:   0.172468
per-segment probability dynamic range (kT): 104.511
norm = 1, error in norm = 2.22045e-16 (1*epsilon)
MAB binning in use
Bottleneck bin occupancy may not be accurately reported
Waiting for segments to complete...
Iteration completed successfully
Iteration wallclock: 0:07:16.991519, cputime: 0:36:04.448571


Fri Apr 28 02:54:59 2023
Iteration 496 (500 requested)
Beginning iteration 496
104 segments remain in iteration 496 (104 total)
26 of 29 (89.655172%) active bins are populated
per-bin minimum non-zero probability:       7.05132e-47
per-bin maximum probability:                0.36131
per-bin probability dynamic range (kT):     105.25
per-segment minimum non-zero probability:   1.76283e-47
per-segment maximum non-zero probability:   0.118805
per-segment probability dynamic range (kT): 105.524
norm = 1, error in norm = 4.44089e-16 (2*epsilon)
MAB binning in use
Bottleneck bin occupancy may not be accurately reported
Waiting for segments to complete...
Iteration completed successfully
Iteration wallclock: 0:07:11.685907, cputime: 0:36:01.515301


Fri Apr 28 03:02:10 2023
Iteration 497 (500 requested)
Beginning iteration 497
108 segments remain in iteration 497 (108 total)
27 of 29 (93.103448%) active bins are populated
per-bin minimum non-zero probability:       1.21439e-46
per-bin maximum probability:                0.48162
per-bin probability dynamic range (kT):     104.994
per-segment minimum non-zero probability:   1.76283e-47
per-segment maximum non-zero probability:   0.13026
per-segment probability dynamic range (kT): 105.616
norm = 1, error in norm = 2.22045e-16 (1*epsilon)
MAB binning in use
Bottleneck bin occupancy may not be accurately reported
Waiting for segments to complete...
Iteration completed successfully
Iteration wallclock: 0:07:40.126270, cputime: 0:37:22.116941


Fri Apr 28 03:09:50 2023
Iteration 498 (500 requested)
Beginning iteration 498
104 segments remain in iteration 498 (104 total)
26 of 29 (89.655172%) active bins are populated
per-bin minimum non-zero probability:       3.03598e-47
per-bin maximum probability:                0.294577
per-bin probability dynamic range (kT):     105.889
per-segment minimum non-zero probability:   7.58996e-48
per-segment maximum non-zero probability:   0.115166
per-segment probability dynamic range (kT): 106.336
norm = 1, error in norm = 0 (0*epsilon)
MAB binning in use
Bottleneck bin occupancy may not be accurately reported
Waiting for segments to complete...
Iteration completed successfully
Iteration wallclock: 0:07:23.381590, cputime: 0:35:58.826237


Fri Apr 28 03:17:14 2023
Iteration 499 (500 requested)
Beginning iteration 499
108 segments remain in iteration 499 (108 total)
27 of 29 (93.103448%) active bins are populated
per-bin minimum non-zero probability:       7.58996e-48
per-bin maximum probability:                0.484003
per-bin probability dynamic range (kT):     107.772
per-segment minimum non-zero probability:   1.89749e-48
per-segment maximum non-zero probability:   0.151237
per-segment probability dynamic range (kT): 107.995
norm = 1, error in norm = 4.44089e-16 (2*epsilon)
MAB binning in use
Bottleneck bin occupancy may not be accurately reported
Waiting for segments to complete...
Iteration completed successfully
Iteration wallclock: 0:07:46.755131, cputime: 0:37:20.845334


Fri Apr 28 03:25:01 2023
Iteration 500 (500 requested)
Beginning iteration 500
108 segments remain in iteration 500 (108 total)
27 of 29 (93.103448%) active bins are populated
per-bin minimum non-zero probability:       9.40175e-47
per-bin maximum probability:                0.382213
per-bin probability dynamic range (kT):     105.019
per-segment minimum non-zero probability:   2.35044e-47
per-segment maximum non-zero probability:   0.151237
per-segment probability dynamic range (kT): 105.478
norm = 1, error in norm = 4.44089e-16 (2*epsilon)
MAB binning in use
Bottleneck bin occupancy may not be accurately reported
Waiting for segments to complete...
Iteration completed successfully
Iteration wallclock: 0:07:44.687814, cputime: 0:37:20.363491


Fri Apr 28 03:32:45 2023
WEST run complete.
