Updating system with the options from the configuration file
-- ERROR    [westpa.core.propagators.executable] -- could not read pcoord from '/tmp/tmpthnzl73q': ValueError('cannot reshape array of size 0 into shape (11,1)')
-- ERROR    [westpa.core.propagators.executable] -- could not read pcoord from '/tmp/tmpqag7nftz': ValueError('cannot reshape array of size 0 into shape (11,1)')
-- ERROR    [westpa.core.propagators.executable] -- could not read pcoord from '/tmp/tmpzdef7hbc': ValueError('cannot reshape array of size 0 into shape (11,1)')
-- ERROR    [westpa.core.propagators.executable] -- could not read pcoord from '/tmp/tmp_zhd897c': ValueError('cannot reshape array of size 0 into shape (11,1)')
-- ERROR    [westpa.core.propagators.executable] -- could not read pcoord from '/tmp/tmphb1r5rtf': ValueError('cannot reshape array of size 0 into shape (11,1)')
-- ERROR    [westpa.core.propagators.executable] -- could not read pcoord from '/tmp/tmpl0abh8vq': ValueError('cannot reshape array of size 0 into shape (11,1)')
-- ERROR    [westpa.core.propagators.executable] -- could not read pcoord from '/tmp/tmp5joauugi': ValueError('cannot reshape array of size 0 into shape (11,1)')
-- ERROR    [westpa.core.propagators.executable] -- could not read pcoord from '/tmp/tmpk9wpicpg': ValueError('cannot reshape array of size 0 into shape (11,1)')
-- ERROR    [westpa.core.propagators.executable] -- could not read pcoord from '/tmp/tmpeonn8uni': ValueError('cannot reshape array of size 0 into shape (11,1)')
-- ERROR    [westpa.core.propagators.executable] -- could not read pcoord from '/tmp/tmppcda9i2d': ValueError('cannot reshape array of size 0 into shape (11,1)')
-- ERROR    [westpa.core.propagators.executable] -- could not read pcoord from '/tmp/tmpvti9ehnw': ValueError('cannot reshape array of size 0 into shape (11,1)')
-- ERROR    [westpa.core.propagators.executable] -- could not read pcoord from '/tmp/tmpvmw57wt7': ValueError('cannot reshape array of size 0 into shape (11,1)')
-- ERROR    [westpa.core.propagators.executable] -- could not read pcoord from '/tmp/tmp76933but': ValueError('cannot reshape array of size 0 into shape (11,1)')
-- ERROR    [westpa.core.propagators.executable] -- could not read pcoord from '/tmp/tmp87b3139j': ValueError('cannot reshape array of size 0 into shape (11,1)')
-- ERROR    [westpa.core.propagators.executable] -- could not read pcoord from '/tmp/tmp30fr7hav': ValueError('cannot reshape array of size 0 into shape (11,1)')
-- ERROR    [westpa.core.propagators.executable] -- could not read pcoord from '/tmp/tmpt144tnte': ValueError('cannot reshape array of size 0 into shape (11,1)')
-- ERROR    [westpa.core.propagators.executable] -- could not read pcoord from '/tmp/tmpg9t3p33e': ValueError('cannot reshape array of size 0 into shape (11,1)')
-- ERROR    [westpa.core.propagators.executable] -- could not read pcoord from '/tmp/tmpqkak822r': ValueError('cannot reshape array of size 0 into shape (11,1)')
-- ERROR    [westpa.core.propagators.executable] -- could not read pcoord from '/tmp/tmpnkf2sjd7': ValueError('cannot reshape array of size 0 into shape (11,1)')
-- ERROR    [westpa.core.propagators.executable] -- could not read pcoord from '/tmp/tmpknu8sjzu': ValueError('cannot reshape array of size 0 into shape (11,1)')
-- ERROR    [westpa.core.propagators.executable] -- could not read pcoord from '/tmp/tmp015ug7w6': ValueError('cannot reshape array of size 0 into shape (11,1)')
-- ERROR    [westpa.core.propagators.executable] -- could not read pcoord from '/tmp/tmpr91dh5af': ValueError('cannot reshape array of size 0 into shape (11,1)')
-- ERROR    [westpa.core.propagators.executable] -- could not read pcoord from '/tmp/tmpl9u2g0wx': ValueError('cannot reshape array of size 0 into shape (11,1)')
-- ERROR    [westpa.core.propagators.executable] -- could not read pcoord from '/tmp/tmpme8xsh3q': ValueError('cannot reshape array of size 0 into shape (11,1)')
-- ERROR    [westpa.core.propagators.executable] -- could not read pcoord from '/tmp/tmp13wvs7ue': ValueError('cannot reshape array of size 0 into shape (11,1)')
-- ERROR    [westpa.core.propagators.executable] -- could not read pcoord from '/tmp/tmpd6jmtz0m': ValueError('cannot reshape array of size 0 into shape (11,1)')
-- ERROR    [westpa.core.propagators.executable] -- could not read pcoord from '/tmp/tmp3cbz1o7m': ValueError('cannot reshape array of size 0 into shape (11,1)')
-- ERROR    [westpa.core.propagators.executable] -- could not read pcoord from '/tmp/tmp4a26m432': ValueError('cannot reshape array of size 0 into shape (11,1)')
-- ERROR    [westpa.core.propagators.executable] -- could not read pcoord from '/tmp/tmptt6f29d_': ValueError('cannot reshape array of size 0 into shape (11,1)')
-- ERROR    [westpa.core.propagators.executable] -- could not read pcoord from '/tmp/tmprf7ki25v': ValueError('cannot reshape array of size 0 into shape (11,1)')
-- ERROR    [westpa.core.propagators.executable] -- could not read pcoord from '/tmp/tmpvyh0z37x': ValueError('cannot reshape array of size 0 into shape (11,1)')
-- ERROR    [westpa.core.propagators.executable] -- could not read pcoord from '/tmp/tmpkkzlmxc1': ValueError('cannot reshape array of size 0 into shape (11,1)')
-- ERROR    [westpa.core.propagators.executable] -- could not read pcoord from '/tmp/tmpy7odyhv3': ValueError('cannot reshape array of size 0 into shape (11,1)')
-- ERROR    [westpa.core.propagators.executable] -- could not read pcoord from '/tmp/tmp7yu3w74q': ValueError('cannot reshape array of size 0 into shape (11,1)')
-- ERROR    [westpa.core.propagators.executable] -- could not read pcoord from '/tmp/tmpxx2qm1u1': ValueError('cannot reshape array of size 0 into shape (11,1)')
-- ERROR    [westpa.core.propagators.executable] -- could not read pcoord from '/tmp/tmpqke89nx7': ValueError('cannot reshape array of size 0 into shape (11,1)')
-- ERROR    [westpa.core.propagators.executable] -- could not read pcoord from '/tmp/tmpent81848': ValueError('cannot reshape array of size 0 into shape (11,1)')
-- ERROR    [westpa.core.propagators.executable] -- could not read pcoord from '/tmp/tmp8wvpzlee': ValueError('cannot reshape array of size 0 into shape (11,1)')
-- ERROR    [westpa.core.propagators.executable] -- could not read pcoord from '/tmp/tmpm19rxkqn': ValueError('cannot reshape array of size 0 into shape (11,1)')
-- ERROR    [westpa.core.propagators.executable] -- could not read pcoord from '/tmp/tmpnalcbjou': ValueError('cannot reshape array of size 0 into shape (11,1)')
-- ERROR    [westpa.core.propagators.executable] -- could not read pcoord from '/tmp/tmpp1md7sx2': ValueError('cannot reshape array of size 0 into shape (11,1)')
-- ERROR    [westpa.core.propagators.executable] -- could not read pcoord from '/tmp/tmps3y4iwbs': ValueError('cannot reshape array of size 0 into shape (11,1)')
-- ERROR    [westpa.core.propagators.executable] -- could not read pcoord from '/tmp/tmp1zy7_9l5': ValueError('cannot reshape array of size 0 into shape (11,1)')
-- ERROR    [westpa.core.propagators.executable] -- could not read pcoord from '/tmp/tmprn6e3rt0': ValueError('cannot reshape array of size 0 into shape (11,1)')
-- ERROR    [westpa.core.propagators.executable] -- could not read pcoord from '/tmp/tmpq2x13n0_': ValueError('cannot reshape array of size 0 into shape (11,1)')
-- ERROR    [westpa.core.propagators.executable] -- could not read pcoord from '/tmp/tmpwdkrvnwv': ValueError('cannot reshape array of size 0 into shape (11,1)')
-- ERROR    [westpa.core.propagators.executable] -- could not read pcoord from '/tmp/tmpso7sdm83': ValueError('cannot reshape array of size 0 into shape (11,1)')
-- ERROR    [westpa.core.propagators.executable] -- could not read pcoord from '/tmp/tmpwyo5l7sd': ValueError('cannot reshape array of size 0 into shape (11,1)')
-- ERROR    [westpa.core.propagators.executable] -- could not read pcoord from '/tmp/tmpmj5z63vo': ValueError('cannot reshape array of size 0 into shape (11,1)')
-- ERROR    [westpa.core.propagators.executable] -- could not read pcoord from '/tmp/tmpj75yspfo': ValueError('cannot reshape array of size 0 into shape (11,1)')
-- ERROR    [westpa.core.propagators.executable] -- could not read pcoord from '/tmp/tmpwi3js68h': ValueError('cannot reshape array of size 0 into shape (11,1)')
-- ERROR    [westpa.core.propagators.executable] -- could not read pcoord from '/tmp/tmpindxl9cy': ValueError('cannot reshape array of size 0 into shape (11,1)')
-- ERROR    [westpa.core.propagators.executable] -- could not read pcoord from '/tmp/tmp5rklp9xi': ValueError('cannot reshape array of size 0 into shape (11,1)')
-- ERROR    [westpa.core.propagators.executable] -- could not read pcoord from '/tmp/tmpwpaakmsb': ValueError('cannot reshape array of size 0 into shape (11,1)')
-- ERROR    [westpa.core.propagators.executable] -- could not read pcoord from '/tmp/tmpq9z31h83': ValueError('cannot reshape array of size 0 into shape (11,1)')
