Updating system with the options from the configuration file
Maximum wallclock time: 3 days, 0:00:00

Wed May  3 13:22:06 2023
Iteration 501 (750 requested)
Beginning iteration 501
108 segments remain in iteration 501 (108 total)
10 of 15 (66.666667%) active bins are populated
per-bin minimum non-zero probability:       2.35044e-47
per-bin maximum probability:                0.737906
per-bin probability dynamic range (kT):     107.063
per-segment minimum non-zero probability:   5.8761e-48
per-segment maximum non-zero probability:   0.151237
per-segment probability dynamic range (kT): 106.864
norm = 1, error in norm = 4.44089e-16 (2*epsilon)
-- ERROR    [manager] -- propagation failed for 108 segment(s):
0  
1  
2  
3  
4  
5  
6  
7  
8  
9  
10  
11  
12  
13  
14  
15  
16  
17  
18  
19  
20  
21  
22  
23  
24  
25  
26  
27  
28  
29  
30  
31  
32  
33  
34  
35  
36  
37  
38  
39  
40  
41  
42  
43  
44  
45  
46  
47  
48  
49  
50  
51  
52  
53  
54  
55  
56  
57  
58  
59  
60  
61  
62  
63  
64  
65  
66  
67  
68  
69  
70  
71  
72  
73  
74  
75  
76  
77  
78  
79  
80  
81  
82  
83  
84  
85  
86  
87  
88  
89  
90  
91  
92  
93  
94  
95  
96  
97  
98  
99  
100  
101  
102  
103  
104  
105  
106  
107
exception caught; shutting down
-- ERROR    [w_run] -- error message: propagation failed for 108 segments
-- ERROR    [w_run] -- Traceback (most recent call last):
  File "/ihome/lchong/dty7/Apps/westpa/src/westpa/cli/core/w_run.py", line 62, in run_simulation
    sim_manager.run()
  File "/ix/lchong/dty7/d1d2/2kod/o_angle/1d_oamax_v04/manager.py", line 708, in run
    self.check_propagation()
  File "/ix/lchong/dty7/d1d2/2kod/o_angle/1d_oamax_v04/manager.py", line 607, in check_propagation
    raise PropagationError('propagation failed for {:d} segments'.format(len(failed_segments)))
manager.PropagationError: propagation failed for 108 segments

