Updating system with the options from the configuration file
-- ERROR    [westpa.core.propagators.executable] -- could not read pcoord from '/tmp/tmpupe8lzgp': ValueError('cannot reshape array of size 0 into shape (11,1)')
-- ERROR    [westpa.core.propagators.executable] -- could not read pcoord from '/tmp/tmpaic4tdki': ValueError('cannot reshape array of size 0 into shape (11,1)')
-- ERROR    [westpa.core.propagators.executable] -- could not read pcoord from '/tmp/tmp82wqfv64': ValueError('cannot reshape array of size 0 into shape (11,1)')
-- ERROR    [westpa.core.propagators.executable] -- could not read pcoord from '/tmp/tmp9jvvxtj1': ValueError('cannot reshape array of size 0 into shape (11,1)')
-- ERROR    [westpa.core.propagators.executable] -- could not read pcoord from '/tmp/tmpoyemdhom': ValueError('cannot reshape array of size 0 into shape (11,1)')
-- ERROR    [westpa.core.propagators.executable] -- could not read pcoord from '/tmp/tmpylr4f97z': ValueError('cannot reshape array of size 0 into shape (11,1)')
-- ERROR    [westpa.core.propagators.executable] -- could not read pcoord from '/tmp/tmp8o9jj64g': ValueError('cannot reshape array of size 0 into shape (11,1)')
-- ERROR    [westpa.core.propagators.executable] -- could not read pcoord from '/tmp/tmpl2g1w2wg': ValueError('cannot reshape array of size 0 into shape (11,1)')
-- ERROR    [westpa.core.propagators.executable] -- could not read pcoord from '/tmp/tmp0ksxd0ty': ValueError('cannot reshape array of size 0 into shape (11,1)')
-- ERROR    [westpa.core.propagators.executable] -- could not read pcoord from '/tmp/tmpd3ezadqr': ValueError('cannot reshape array of size 0 into shape (11,1)')
-- ERROR    [westpa.core.propagators.executable] -- could not read pcoord from '/tmp/tmptefiwh1q': ValueError('cannot reshape array of size 0 into shape (11,1)')
-- ERROR    [westpa.core.propagators.executable] -- could not read pcoord from '/tmp/tmpcjv2shrs': ValueError('cannot reshape array of size 0 into shape (11,1)')
-- ERROR    [westpa.core.propagators.executable] -- could not read pcoord from '/tmp/tmp_ad5q3ba': ValueError('cannot reshape array of size 0 into shape (11,1)')
-- ERROR    [westpa.core.propagators.executable] -- could not read pcoord from '/tmp/tmpa__9heus': ValueError('cannot reshape array of size 0 into shape (11,1)')
-- ERROR    [westpa.core.propagators.executable] -- could not read pcoord from '/tmp/tmp4ny0fl4l': ValueError('cannot reshape array of size 0 into shape (11,1)')
-- ERROR    [westpa.core.propagators.executable] -- could not read pcoord from '/tmp/tmpc3vtund7': ValueError('cannot reshape array of size 0 into shape (11,1)')
-- ERROR    [westpa.core.propagators.executable] -- could not read pcoord from '/tmp/tmpdcceocsp': ValueError('cannot reshape array of size 0 into shape (11,1)')
-- ERROR    [westpa.core.propagators.executable] -- could not read pcoord from '/tmp/tmp2z5bi6wv': ValueError('cannot reshape array of size 0 into shape (11,1)')
-- ERROR    [westpa.core.propagators.executable] -- could not read pcoord from '/tmp/tmpzebynoin': ValueError('cannot reshape array of size 0 into shape (11,1)')
-- ERROR    [westpa.core.propagators.executable] -- could not read pcoord from '/tmp/tmp35l9ustz': ValueError('cannot reshape array of size 0 into shape (11,1)')
-- ERROR    [westpa.core.propagators.executable] -- could not read pcoord from '/tmp/tmpx8r3d69s': ValueError('cannot reshape array of size 0 into shape (11,1)')
-- ERROR    [westpa.core.propagators.executable] -- could not read pcoord from '/tmp/tmpmw2lrgvx': ValueError('cannot reshape array of size 0 into shape (11,1)')
-- ERROR    [westpa.core.propagators.executable] -- could not read pcoord from '/tmp/tmpun4vnm08': ValueError('cannot reshape array of size 0 into shape (11,1)')
-- ERROR    [westpa.core.propagators.executable] -- could not read pcoord from '/tmp/tmp92_elx6o': ValueError('cannot reshape array of size 0 into shape (11,1)')
-- ERROR    [westpa.core.propagators.executable] -- could not read pcoord from '/tmp/tmp007q6ha6': ValueError('cannot reshape array of size 0 into shape (11,1)')
-- ERROR    [westpa.core.propagators.executable] -- could not read pcoord from '/tmp/tmprewmdit3': ValueError('cannot reshape array of size 0 into shape (11,1)')
-- ERROR    [westpa.core.propagators.executable] -- could not read pcoord from '/tmp/tmpp3rza8su': ValueError('cannot reshape array of size 0 into shape (11,1)')
-- ERROR    [westpa.core.propagators.executable] -- could not read pcoord from '/tmp/tmpfo8j8htr': ValueError('cannot reshape array of size 0 into shape (11,1)')
-- ERROR    [westpa.core.propagators.executable] -- could not read pcoord from '/tmp/tmpowkxmqpn': ValueError('cannot reshape array of size 0 into shape (11,1)')
-- ERROR    [westpa.core.propagators.executable] -- could not read pcoord from '/tmp/tmpnza5fd16': ValueError('cannot reshape array of size 0 into shape (11,1)')
-- ERROR    [westpa.core.propagators.executable] -- could not read pcoord from '/tmp/tmp7nw3_yzp': ValueError('cannot reshape array of size 0 into shape (11,1)')
-- ERROR    [westpa.core.propagators.executable] -- could not read pcoord from '/tmp/tmp5_l9zwv1': ValueError('cannot reshape array of size 0 into shape (11,1)')
-- ERROR    [westpa.core.propagators.executable] -- could not read pcoord from '/tmp/tmpcd_qhlfr': ValueError('cannot reshape array of size 0 into shape (11,1)')
-- ERROR    [westpa.core.propagators.executable] -- could not read pcoord from '/tmp/tmp5mfl40ls': ValueError('cannot reshape array of size 0 into shape (11,1)')
-- ERROR    [westpa.core.propagators.executable] -- could not read pcoord from '/tmp/tmpr966qhhh': ValueError('cannot reshape array of size 0 into shape (11,1)')
-- ERROR    [westpa.core.propagators.executable] -- could not read pcoord from '/tmp/tmp_5ixd1sv': ValueError('cannot reshape array of size 0 into shape (11,1)')
-- ERROR    [westpa.core.propagators.executable] -- could not read pcoord from '/tmp/tmpwedp3d_n': ValueError('cannot reshape array of size 0 into shape (11,1)')
-- ERROR    [westpa.core.propagators.executable] -- could not read pcoord from '/tmp/tmp1ng_7wpy': ValueError('cannot reshape array of size 0 into shape (11,1)')
-- ERROR    [westpa.core.propagators.executable] -- could not read pcoord from '/tmp/tmpn6oqgenl': ValueError('cannot reshape array of size 0 into shape (11,1)')
-- ERROR    [westpa.core.propagators.executable] -- could not read pcoord from '/tmp/tmpexbi9wpy': ValueError('cannot reshape array of size 0 into shape (11,1)')
-- ERROR    [westpa.core.propagators.executable] -- could not read pcoord from '/tmp/tmpgpe51j3q': ValueError('cannot reshape array of size 0 into shape (11,1)')
-- ERROR    [westpa.core.propagators.executable] -- could not read pcoord from '/tmp/tmpehppstfz': ValueError('cannot reshape array of size 0 into shape (11,1)')
-- ERROR    [westpa.core.propagators.executable] -- could not read pcoord from '/tmp/tmp1br678w0': ValueError('cannot reshape array of size 0 into shape (11,1)')
-- ERROR    [westpa.core.propagators.executable] -- could not read pcoord from '/tmp/tmpxdszbp9_': ValueError('cannot reshape array of size 0 into shape (11,1)')
-- ERROR    [westpa.core.propagators.executable] -- could not read pcoord from '/tmp/tmpl7wghofn': ValueError('cannot reshape array of size 0 into shape (11,1)')
-- ERROR    [westpa.core.propagators.executable] -- could not read pcoord from '/tmp/tmpmffgis__': ValueError('cannot reshape array of size 0 into shape (11,1)')
-- ERROR    [westpa.core.propagators.executable] -- could not read pcoord from '/tmp/tmpxue1_rs3': ValueError('cannot reshape array of size 0 into shape (11,1)')
-- ERROR    [westpa.core.propagators.executable] -- could not read pcoord from '/tmp/tmpvpvokdqy': ValueError('cannot reshape array of size 0 into shape (11,1)')
-- ERROR    [westpa.core.propagators.executable] -- could not read pcoord from '/tmp/tmp6d2c2bel': ValueError('cannot reshape array of size 0 into shape (11,1)')
-- ERROR    [westpa.core.propagators.executable] -- could not read pcoord from '/tmp/tmpz8768tkw': ValueError('cannot reshape array of size 0 into shape (11,1)')
-- ERROR    [westpa.core.propagators.executable] -- could not read pcoord from '/tmp/tmpx1mmdvm2': ValueError('cannot reshape array of size 0 into shape (11,1)')
-- ERROR    [westpa.core.propagators.executable] -- could not read pcoord from '/tmp/tmpo1ef6ay5': ValueError('cannot reshape array of size 0 into shape (11,1)')
-- ERROR    [westpa.core.propagators.executable] -- could not read pcoord from '/tmp/tmpj8cska83': ValueError('cannot reshape array of size 0 into shape (11,1)')
