MADE TMP: /tmp/tmp.j14v5kJWe8

CPPTRAJ: Trajectory Analysis. V4.14.0 (AmberTools V19.11)
    ___  ___  ___  ___
     | \/ | \/ | \/ | 
    _|_/\_|_/\_|_/\_|_

| Date/time: 07/28/22 15:38:11
| Available memory: 622.129 MB

INPUT: Reading input from 'STDIN'
  [parm /ihome/lchong/dty7/ix/hiv1_capsid/we/2kod/1d_c2_20-100/v01/common_files/m01_2kod_12A.prmtop]
	Reading '/ihome/lchong/dty7/ix/hiv1_capsid/we/2kod/1d_c2_20-100/v01/common_files/m01_2kod_12A.prmtop' as Amber Topology
	Radius Set: modified Bondi radii (mbondi)
  [trajin /ihome/lchong/dty7/ix/hiv1_capsid/we/2kod/1d_c2_20-100/v01/bstates/08_prod.rst]
	Reading '/ihome/lchong/dty7/ix/hiv1_capsid/we/2kod/1d_c2_20-100/v01/bstates/08_prod.rst' as Amber NC Restart
  [autoimage]
    AUTOIMAGE: To box center based on center of mass, anchor is first molecule.
  [vector D1 :1-75@CA,C,O,N :39@CA,C,O,N]
    VECTOR: Type Mask, mask [:1-75@CA,C,O,N], second mask [:39@CA,C,O,N]
  [vector D2 :89-163@CA,C,O,N :127@CA,C,O,N]
    VECTOR: Type Mask, mask [:89-163@CA,C,O,N], second mask [:127@CA,C,O,N]
  [vectormath vec1 D1 vec2 D2 out /tmp/tmp.HDMpJcNT5D name 1_75_39_c2 dotangle]
    VECTORMATH: Calculating Angle from dot product of vectors D1 and D2
	Vectors will be normalized.
	Results are written to /tmp/tmp.HDMpJcNT5D
  [go]
---------- RUN BEGIN -------------------------------------------------

PARAMETER FILES (1 total):
 0: m01_2kod_12A.prmtop, 54644 atoms, 17472 res, box: Trunc. Oct., 17298 mol, 17294 solvent

INPUT TRAJECTORIES (1 total):
 0: '08_prod.rst' is a NetCDF AMBER restart file with coordinates, velocities, time, box, Parm m01_2kod_12A.prmtop (Trunc. Oct. box) (reading 1 of 1)
  Coordinate processing will occur on 1 frames.

BEGIN TRAJECTORY PROCESSING:
.....................................................
ACTION SETUP FOR PARM 'm01_2kod_12A.prmtop' (3 actions):
  0: [autoimage]
	Original box is truncated octahedron, turning on 'familiar'.
	Using first molecule as anchor.
	1 molecules are fixed to anchor: 2
	17296 molecules are mobile.
  1: [vector D1 :1-75@CA,C,O,N :39@CA,C,O,N]
	Mask [:1-75@CA,C,O,N] corresponds to 300 atoms.
	Mask [:39@CA,C,O,N] corresponds to 4 atoms.
  2: [vector D2 :89-163@CA,C,O,N :127@CA,C,O,N]
	Mask [:89-163@CA,C,O,N] corresponds to 300 atoms.
	Mask [:127@CA,C,O,N] corresponds to 4 atoms.
----- 08_prod.rst (1-1, 1) -----
100% Complete.

Read 1 frames and processed 1 frames.
TIME: Avg. throughput= 65.6728 frames / second.

ACTION OUTPUT:

ANALYSIS: Performing 1 analyses:
  0: [vectormath vec1 D1 vec2 D2 out /tmp/tmp.HDMpJcNT5D name 1_75_39_c2 dotangle]
	'D1' size 1, 'D2' size 1, output size 1

TIME: Analyses took 0.0000 seconds.

DATASETS (3 total):
	D1 "D1" (vector, vector), size is 1 (0.052 kB)
	D2 "D2" (vector, vector), size is 1 (0.052 kB)
	1_75_39_c2 "1_75_39_c2" (double), size is 1 (0.008 kB)
    Total data set memory usage is at least 0.112 kB

DATAFILES (1 total):
  tmp.HDMpJcNT5D (Standard Data File):  1_75_39_c2

RUN TIMING:
TIME:		Init               : 0.0000 s (  0.10%)
TIME:		Trajectory Process : 0.0152 s ( 97.21%)
TIME:		Action Post        : 0.0000 s (  0.00%)
TIME:		Analysis           : 0.0000 s (  0.07%)
TIME:		Data File Write    : 0.0001 s (  0.76%)
TIME:		Other              : 0.0003 s (  0.02%)
TIME:	Run Total 0.0157 s
---------- RUN END ---------------------------------------------------
TIME: Total execution time: 0.1021 seconds.
--------------------------------------------------------------------------------
To cite CPPTRAJ use:
Daniel R. Roe and Thomas E. Cheatham, III, "PTRAJ and CPPTRAJ: Software for
  Processing and Analysis of Molecular Dynamics Trajectory Data". J. Chem.
  Theory Comput., 2013, 9 (7), pp 3084-3095.

removed ‘/tmp/tmp.btxxSTuUcK’
