Warning: When compiling code please add the following flags to nvcc:
         -gencode arch=compute_35,code=[compute_35,sm_35] \
         -gencode arch=compute_61,code=[compute_61,sm_61] 
         -gencode arch=compute_70,code=[compute_70,sm_70] 
Warning: When compiling code please add the following flags to nvcc:
         -gencode arch=compute_35,code=[compute_35,sm_35] \
         -gencode arch=compute_61,code=[compute_61,sm_61] 
         -gencode arch=compute_70,code=[compute_70,sm_70] 
+ SANDER=pmemd.cuda
+ INP=09_prod.in
+ TOP=T188C-OX_solv.prmtop
+ CRD=08_prod.rst
+ OUT=09_prod
+ pmemd.cuda -O -i 09_prod.in -p T188C-OX_solv.prmtop -c 08_prod.rst -r 09_prod.rst -o 09_prod.out -e 09_prod.ene -v 09_prod.vel -inf 09_prod.nfo -x 09_prod.nc
Note: The following floating-point exceptions are signalling: IEEE_UNDERFLOW_FLAG IEEE_DENORMAL
+ echo 'parm T188C-OX_solv.prmtop'
+ echo 'trajin 09_prod.nc'
+ echo autoimage
+ echo 'strip :WAT,Cl-'
+ echo 'trajout 09_prod_dry.nc'
+ echo go
+ echo quit
+ strip_09 -i strip_09.in
/var/spool/slurmd/job856233/slurm_script: line 45: strip_09: command not found
+ '[' -f 09_prod_dry.nc ']'
+ sbatch h2p_1gpu_prod_10.slurm
