
CPPTRAJ: Trajectory Analysis. V6.4.4 (AmberTools)
    ___  ___  ___  ___
     | \/ | \/ | \/ | 
    _|_/\_|_/\_|_/\_|_

| Date/time: 04/28/24 16:25:20
| Available memory: 353.711 GB

INPUT: Reading input from 'strip_06.in'
  [parm T188C-OX_solv.prmtop]
	Reading 'T188C-OX_solv.prmtop' as Amber Topology
	Radius Set: modified Bondi radii (mbondi)
  [trajin 06_prod.nc]
	Reading '06_prod.nc' as Amber NetCDF
  [autoimage]
    AUTOIMAGE: To box center based on center of mass, anchor is first molecule.
  [strip :WAT,Cl- parmout T188C-OX_dry.prmtop]
    STRIP: Stripping atoms in mask [:WAT,Cl-]
	Writing 'stripped' topology file with name 'T188C-OX_dry.prmtop'
  [trajout 06_prod_dry.nc]
	Writing '06_prod_dry.nc' as Amber NetCDF
  [go]
---------- RUN BEGIN -------------------------------------------------

PARAMETER FILES (1 total):
 0: T188C-OX_solv.prmtop, 34070 atoms, 10618 res, box: Truncated octahedron, 10443 mol, 10440 solvent

INPUT TRAJECTORIES (1 total):
 0: '06_prod.nc' is a NetCDF AMBER trajectory with coordinates, time, box, Parm T188C-OX_solv.prmtop (Truncated octahedron box) (reading 20000 of 20000)
  Coordinate processing will occur on 20000 frames.

OUTPUT TRAJECTORIES (1 total):
  '06_prod_dry.nc' (20000 frames) is a NetCDF AMBER trajectory

BEGIN TRAJECTORY PROCESSING:
.....................................................
ACTION SETUP FOR PARM 'T188C-OX_solv.prmtop' (2 actions):
  0: [autoimage]
	Original box is truncated octahedron, turning on 'familiar'.
	Using first molecule as anchor.
	10442 molecules are mobile.
  1: [strip :WAT,Cl- parmout T188C-OX_dry.prmtop]
	Stripping 31322 atoms.
	Stripped topology: 2748 atoms, 176 res, box: Truncated octahedron, 1 mol
	Writing topology 0 (T188C-OX_solv.prmtop) to 'T188C-OX_dry.prmtop' with format Amber Topology
	Memory used by full exclusion list: 60.312 kB
.....................................................
ACTIVE OUTPUT TRAJECTORIES (1):
  06_prod_dry.nc (coordinates, time, box)
----- 06_prod.nc (1-20000, 1) -----
 0% 10% 20% 30% 40% 50% 60% 70% 80% 90% 100% Complete.

Read 20000 frames and processed 20000 frames.
TIME: Avg. throughput= 481.5046 frames / second.

ACTION OUTPUT:
TIME: Analyses took 0.0000 seconds.

RUN TIMING:
TIME:		Init               : 0.0000 s (  0.00%)
TIME:		Trajectory Process : 41.5365 s ( 99.88%)
TIME:		Action Post        : 0.0000 s (  0.00%)
TIME:		Analysis           : 0.0000 s (  0.00%)
TIME:		Data File Write    : 0.0000 s (  0.00%)
TIME:		Other              : 0.0485 s (  0.00%)
TIME:	Run Total 41.5850 s
---------- RUN END ---------------------------------------------------
  [quit]
TIME: Total execution time: 41.6509 seconds.
--------------------------------------------------------------------------------
To cite CPPTRAJ use:
Daniel R. Roe and Thomas E. Cheatham, III, "PTRAJ and CPPTRAJ: Software for
  Processing and Analysis of Molecular Dynamics Trajectory Data". J. Chem.
  Theory Comput., 2013, 9 (7), pp 3084-3095.

