MPI startup(): PMI server not found. Please set I_MPI_PMI_LIBRARY variable if it is not a singleton case.
Updating system with the options from the configuration file
Maximum wallclock time: 1 day, 0:00:00

Thu Jan 25 17:32:59 2024
Iteration 2749 (10000 requested)
Beginning iteration 2749
162 segments remain in iteration 2749 (162 total)
27 of 33 (81.818182%) active bins are populated
per-bin minimum non-zero probability:       1.57769e-43
per-bin maximum probability:                0.475541
per-bin probability dynamic range (kT):     97.8119
per-segment minimum non-zero probability:   2.62948e-44
per-segment maximum non-zero probability:   0.0969311
per-segment probability dynamic range (kT): 98.0132
norm = 1, error in norm = -4.44089e-16 (-2*epsilon)
Iteration wallclock: 0:10:24.891600, cputime: 1:21:02.222145


Thu Jan 25 17:43:24 2024
Iteration 2750 (10000 requested)
Beginning iteration 2750
162 segments remain in iteration 2750 (162 total)
27 of 33 (81.818182%) active bins are populated
per-bin minimum non-zero probability:       2.62948e-44
per-bin maximum probability:                0.522664
per-bin probability dynamic range (kT):     99.6981
per-segment minimum non-zero probability:   4.38247e-45
per-segment maximum non-zero probability:   0.108075
per-segment probability dynamic range (kT): 99.9138
norm = 1, error in norm = -4.44089e-16 (-2*epsilon)
Iteration wallclock: 0:08:50.286163, cputime: 1:21:19.918341


Thu Jan 25 17:52:15 2024
Iteration 2751 (10000 requested)
Beginning iteration 2751
156 segments remain in iteration 2751 (156 total)
26 of 33 (78.787879%) active bins are populated
per-bin minimum non-zero probability:       4.38247e-45
per-bin maximum probability:                0.468119
per-bin probability dynamic range (kT):     101.38
per-segment minimum non-zero probability:   7.30412e-46
per-segment maximum non-zero probability:   0.108075
per-segment probability dynamic range (kT): 101.706
norm = 1, error in norm = -4.44089e-16 (-2*epsilon)
Iteration wallclock: 0:08:24.115054, cputime: 1:19:07.794250


Thu Jan 25 18:00:39 2024
Iteration 2752 (10000 requested)
Beginning iteration 2752
162 segments remain in iteration 2752 (162 total)
27 of 33 (81.818182%) active bins are populated
per-bin minimum non-zero probability:       7.30412e-46
per-bin maximum probability:                0.562582
per-bin probability dynamic range (kT):     103.355
per-segment minimum non-zero probability:   1.21735e-46
per-segment maximum non-zero probability:   0.12301
per-segment probability dynamic range (kT): 103.627
norm = 1, error in norm = -4.44089e-16 (-2*epsilon)
Iteration wallclock: 0:08:54.834215, cputime: 1:21:48.302623


Thu Jan 25 18:09:34 2024
Iteration 2753 (10000 requested)
Beginning iteration 2753
162 segments remain in iteration 2753 (162 total)
27 of 33 (81.818182%) active bins are populated
per-bin minimum non-zero probability:       2.43471e-46
per-bin maximum probability:                0.486492
per-bin probability dynamic range (kT):     104.309
per-segment minimum non-zero probability:   4.05784e-47
per-segment maximum non-zero probability:   0.108075
per-segment probability dynamic range (kT): 104.596
norm = 1, error in norm = -4.44089e-16 (-2*epsilon)
Iteration wallclock: 0:08:55.020281, cputime: 1:21:17.059128


Thu Jan 25 18:18:29 2024
Iteration 2754 (10000 requested)
Beginning iteration 2754
150 segments remain in iteration 2754 (150 total)
25 of 33 (75.757576%) active bins are populated
per-bin minimum non-zero probability:       1.01646e-43
per-bin maximum probability:                0.455562
per-bin probability dynamic range (kT):     98.2086
per-segment minimum non-zero probability:   1.69411e-44
per-segment maximum non-zero probability:   0.108075
per-segment probability dynamic range (kT): 98.5617
norm = 1, error in norm = -5.55112e-16 (-2.5*epsilon)
Iteration wallclock: 0:08:19.105858, cputime: 1:15:26.231253


Thu Jan 25 18:26:48 2024
Iteration 2755 (10000 requested)
Beginning iteration 2755
150 segments remain in iteration 2755 (150 total)
25 of 33 (75.757576%) active bins are populated
per-bin minimum non-zero probability:       2.48573e-42
per-bin maximum probability:                0.485303
per-bin probability dynamic range (kT):     95.075
per-segment minimum non-zero probability:   4.11465e-43
per-segment maximum non-zero probability:   0.108075
per-segment probability dynamic range (kT): 95.3717
norm = 1, error in norm = -5.55112e-16 (-2.5*epsilon)
Iteration wallclock: 0:08:13.623708, cputime: 1:15:13.670664


Thu Jan 25 18:35:02 2024
Iteration 2756 (10000 requested)
Beginning iteration 2756
156 segments remain in iteration 2756 (156 total)
26 of 33 (78.787879%) active bins are populated
per-bin minimum non-zero probability:       1.83657e-42
per-bin maximum probability:                0.672937
per-bin probability dynamic range (kT):     95.7046
per-segment minimum non-zero probability:   3.06094e-43
per-segment maximum non-zero probability:   0.155369
per-segment probability dynamic range (kT): 96.0305
norm = 1, error in norm = -4.44089e-16 (-2*epsilon)
Iteration wallclock: 0:08:27.634254, cputime: 1:19:16.289242


Thu Jan 25 18:43:30 2024
Iteration 2757 (10000 requested)
Beginning iteration 2757
150 segments remain in iteration 2757 (150 total)
25 of 33 (75.757576%) active bins are populated
per-bin minimum non-zero probability:       1.18461e-42
per-bin maximum probability:                0.395848
per-bin probability dynamic range (kT):     95.6124
per-segment minimum non-zero probability:   1.97434e-43
per-segment maximum non-zero probability:   0.0950328
per-segment probability dynamic range (kT): 95.9774
norm = 1, error in norm = -2.22045e-16 (-1*epsilon)
Iteration wallclock: 0:08:11.399270, cputime: 1:16:13.800521


Thu Jan 25 18:51:41 2024
Iteration 2758 (10000 requested)
Beginning iteration 2758
144 segments remain in iteration 2758 (144 total)
24 of 33 (72.727273%) active bins are populated
per-bin minimum non-zero probability:       1.35188e-42
per-bin maximum probability:                0.554145
per-bin probability dynamic range (kT):     95.8167
per-segment minimum non-zero probability:   1.74298e-43
per-segment maximum non-zero probability:   0.113784
per-segment probability dynamic range (kT): 96.2821
norm = 1, error in norm = -5.55112e-16 (-2.5*epsilon)
Iteration wallclock: 0:07:51.674182, cputime: 1:13:19.905052


Thu Jan 25 18:59:33 2024
Iteration 2759 (10000 requested)
Beginning iteration 2759
156 segments remain in iteration 2759 (156 total)
26 of 33 (78.787879%) active bins are populated
per-bin minimum non-zero probability:       1.23218e-42
per-bin maximum probability:                0.473604
per-bin probability dynamic range (kT):     95.7524
per-segment minimum non-zero probability:   2.05363e-43
per-segment maximum non-zero probability:   0.102161
per-segment probability dynamic range (kT): 96.0103
norm = 1, error in norm = -5.55112e-16 (-2.5*epsilon)
Iteration wallclock: 0:08:17.189001, cputime: 1:19:32.389503


Thu Jan 25 19:07:51 2024
Iteration 2760 (10000 requested)
Beginning iteration 2760
150 segments remain in iteration 2760 (150 total)
25 of 33 (75.757576%) active bins are populated
per-bin minimum non-zero probability:       3.35644e-43
per-bin maximum probability:                0.363556
per-bin probability dynamic range (kT):     96.7885
per-segment minimum non-zero probability:   5.59406e-44
per-segment maximum non-zero probability:   0.0834521
per-segment probability dynamic range (kT): 97.1086
norm = 1, error in norm = -3.33067e-16 (-1.5*epsilon)
Iteration wallclock: 0:08:14.093328, cputime: 1:16:13.511311


Thu Jan 25 19:16:05 2024
Iteration 2761 (10000 requested)
Beginning iteration 2761
156 segments remain in iteration 2761 (156 total)
26 of 33 (78.787879%) active bins are populated
per-bin minimum non-zero probability:       8.21452e-43
per-bin maximum probability:                0.332271
per-bin probability dynamic range (kT):     95.8035
per-segment minimum non-zero probability:   1.36909e-43
per-segment maximum non-zero probability:   0.0761877
per-segment probability dynamic range (kT): 96.1225
norm = 1, error in norm = -2.22045e-16 (-1*epsilon)
Iteration wallclock: 0:08:22.617471, cputime: 1:19:04.565532


Thu Jan 25 19:24:28 2024
Iteration 2762 (10000 requested)
Beginning iteration 2762
156 segments remain in iteration 2762 (156 total)
26 of 33 (78.787879%) active bins are populated
per-bin minimum non-zero probability:       1.36909e-43
per-bin maximum probability:                0.570006
per-bin probability dynamic range (kT):     98.1349
per-segment minimum non-zero probability:   2.28181e-44
per-segment maximum non-zero probability:   0.133774
per-segment probability dynamic range (kT): 98.4772
norm = 1, error in norm = -4.44089e-16 (-2*epsilon)
Iteration wallclock: 0:08:18.498586, cputime: 1:18:59.563944


Thu Jan 25 19:32:47 2024
Iteration 2763 (10000 requested)
Beginning iteration 2763
162 segments remain in iteration 2763 (162 total)
27 of 33 (81.818182%) active bins are populated
per-bin minimum non-zero probability:       2.28181e-44
per-bin maximum probability:                0.50972
per-bin probability dynamic range (kT):     99.8149
per-segment minimum non-zero probability:   3.80302e-45
per-segment maximum non-zero probability:   0.133774
per-segment probability dynamic range (kT): 100.269
norm = 1, error in norm = -6.66134e-16 (-3*epsilon)
Iteration wallclock: 0:08:53.365553, cputime: 1:21:49.042083


Thu Jan 25 19:41:40 2024
Iteration 2764 (10000 requested)
Beginning iteration 2764
162 segments remain in iteration 2764 (162 total)
27 of 33 (81.818182%) active bins are populated
per-bin minimum non-zero probability:       1.22939e-43
per-bin maximum probability:                0.600281
per-bin probability dynamic range (kT):     98.2943
per-segment minimum non-zero probability:   2.04899e-44
per-segment maximum non-zero probability:   0.133774
per-segment probability dynamic range (kT): 98.5848
norm = 1, error in norm = -5.55112e-16 (-2.5*epsilon)
Iteration wallclock: 0:08:52.164055, cputime: 1:21:38.439941


Thu Jan 25 19:50:32 2024
Iteration 2765 (10000 requested)
Beginning iteration 2765
156 segments remain in iteration 2765 (156 total)
26 of 33 (78.787879%) active bins are populated
per-bin minimum non-zero probability:       2.04899e-44
per-bin maximum probability:                0.406714
per-bin probability dynamic range (kT):     99.6968
per-segment minimum non-zero probability:   3.41498e-45
per-segment maximum non-zero probability:   0.0917442
per-segment probability dynamic range (kT): 99.9994
norm = 1, error in norm = -4.44089e-16 (-2*epsilon)
Iteration wallclock: 0:08:17.918016, cputime: 1:18:56.362243


Thu Jan 25 19:58:51 2024
Iteration 2766 (10000 requested)
Beginning iteration 2766
156 segments remain in iteration 2766 (156 total)
26 of 33 (78.787879%) active bins are populated
per-bin minimum non-zero probability:       3.41498e-45
per-bin maximum probability:                0.506616
per-bin probability dynamic range (kT):     101.708
per-segment minimum non-zero probability:   5.69163e-46
per-segment maximum non-zero probability:   0.107681
per-segment probability dynamic range (kT): 101.951
norm = 1, error in norm = -5.55112e-16 (-2.5*epsilon)
Iteration wallclock: 0:08:25.196183, cputime: 1:19:05.086875


Thu Jan 25 20:07:16 2024
Iteration 2767 (10000 requested)
Beginning iteration 2767
162 segments remain in iteration 2767 (162 total)
27 of 33 (81.818182%) active bins are populated
per-bin minimum non-zero probability:       5.69163e-46
per-bin maximum probability:                0.39073
per-bin probability dynamic range (kT):     103.24
per-segment minimum non-zero probability:   9.48605e-47
per-segment maximum non-zero probability:   0.107681
per-segment probability dynamic range (kT): 103.743
norm = 1, error in norm = -5.55112e-16 (-2.5*epsilon)
Iteration wallclock: 0:09:02.927879, cputime: 1:22:21.382633


Thu Jan 25 20:16:19 2024
Iteration 2768 (10000 requested)
Beginning iteration 2768
156 segments remain in iteration 2768 (156 total)
26 of 33 (78.787879%) active bins are populated
per-bin minimum non-zero probability:       9.6934e-43
per-bin maximum probability:                0.529318
per-bin probability dynamic range (kT):     96.1035
per-segment minimum non-zero probability:   1.49129e-43
per-segment maximum non-zero probability:   0.124916
per-segment probability dynamic range (kT): 96.5314
norm = 1, error in norm = -3.33067e-16 (-1.5*epsilon)
Iteration wallclock: 0:08:23.565808, cputime: 1:18:47.137739


Thu Jan 25 20:24:43 2024
Iteration 2769 (10000 requested)
Beginning iteration 2769
162 segments remain in iteration 2769 (162 total)
27 of 33 (81.818182%) active bins are populated
per-bin minimum non-zero probability:       1.49129e-43
per-bin maximum probability:                0.338604
per-bin probability dynamic range (kT):     97.5286
per-segment minimum non-zero probability:   2.48549e-44
per-segment maximum non-zero probability:   0.0842663
per-segment probability dynamic range (kT): 97.9295
norm = 1, error in norm = -4.44089e-16 (-2*epsilon)
Iteration wallclock: 0:08:49.563769, cputime: 1:21:41.363057


Thu Jan 25 20:33:32 2024
Iteration 2770 (10000 requested)
Beginning iteration 2770
162 segments remain in iteration 2770 (162 total)
27 of 33 (81.818182%) active bins are populated
per-bin minimum non-zero probability:       2.95407e-43
per-bin maximum probability:                0.534453
per-bin probability dynamic range (kT):     97.3015
per-segment minimum non-zero probability:   3.72823e-44
per-segment maximum non-zero probability:   0.12046
per-segment probability dynamic range (kT): 97.8814
norm = 1, error in norm = -4.44089e-16 (-2*epsilon)
Iteration wallclock: 0:08:59.270952, cputime: 1:21:58.729063


Thu Jan 25 20:42:32 2024
Iteration 2771 (10000 requested)
Beginning iteration 2771
162 segments remain in iteration 2771 (162 total)
27 of 33 (81.818182%) active bins are populated
per-bin minimum non-zero probability:       6.60503e-43
per-bin maximum probability:                0.379836
per-bin probability dynamic range (kT):     96.1553
per-segment minimum non-zero probability:   8.57733e-44
per-segment maximum non-zero probability:   0.0762865
per-segment probability dynamic range (kT): 96.5914
norm = 1, error in norm = -4.44089e-16 (-2*epsilon)
Iteration wallclock: 0:09:08.191454, cputime: 1:21:28.988418


Thu Jan 25 20:51:40 2024
Iteration 2772 (10000 requested)
Beginning iteration 2772
156 segments remain in iteration 2772 (156 total)
26 of 33 (78.787879%) active bins are populated
per-bin minimum non-zero probability:       1.52976e-43
per-bin maximum probability:                0.453452
per-bin probability dynamic range (kT):     97.7952
per-segment minimum non-zero probability:   2.5496e-44
per-segment maximum non-zero probability:   0.112516
per-segment probability dynamic range (kT): 98.1931
norm = 1, error in norm = -5.55112e-16 (-2.5*epsilon)
Iteration wallclock: 0:08:29.393780, cputime: 1:18:28.011086


Thu Jan 25 21:00:10 2024
Iteration 2773 (10000 requested)
Beginning iteration 2773
156 segments remain in iteration 2773 (156 total)
26 of 33 (78.787879%) active bins are populated
per-bin minimum non-zero probability:       2.96069e-43
per-bin maximum probability:                0.489708
per-bin probability dynamic range (kT):     97.2118
per-segment minimum non-zero probability:   4.88462e-44
per-segment maximum non-zero probability:   0.112516
per-segment probability dynamic range (kT): 97.543
norm = 1, error in norm = -5.55112e-16 (-2.5*epsilon)
Iteration wallclock: 0:08:32.398870, cputime: 1:18:57.176055


Thu Jan 25 21:08:42 2024
Iteration 2774 (10000 requested)
Beginning iteration 2774
162 segments remain in iteration 2774 (162 total)
27 of 33 (81.818182%) active bins are populated
per-bin minimum non-zero probability:       4.88462e-44
per-bin maximum probability:                0.376228
per-bin probability dynamic range (kT):     98.7501
per-segment minimum non-zero probability:   8.14104e-45
per-segment maximum non-zero probability:   0.0762865
per-segment probability dynamic range (kT): 98.9462
norm = 1, error in norm = -5.55112e-16 (-2.5*epsilon)
Iteration wallclock: 0:08:48.079827, cputime: 1:21:46.592562


Thu Jan 25 21:17:30 2024
Iteration 2775 (10000 requested)
Beginning iteration 2775
162 segments remain in iteration 2775 (162 total)
27 of 33 (81.818182%) active bins are populated
per-bin minimum non-zero probability:       5.26911e-43
per-bin maximum probability:                0.327639
per-bin probability dynamic range (kT):     96.2335
per-segment minimum non-zero probability:   8.78185e-44
per-segment maximum non-zero probability:   0.0705775
per-segment probability dynamic range (kT): 96.49
norm = 1, error in norm = -3.33067e-16 (-1.5*epsilon)
Iteration wallclock: 0:08:55.898036, cputime: 1:22:07.449908


Thu Jan 25 21:26:26 2024
Iteration 2776 (10000 requested)
Beginning iteration 2776
156 segments remain in iteration 2776 (156 total)
26 of 33 (78.787879%) active bins are populated
per-bin minimum non-zero probability:       6.86432e-43
per-bin maximum probability:                0.461201
per-bin probability dynamic range (kT):     96.3109
per-segment minimum non-zero probability:   9.65961e-44
per-segment maximum non-zero probability:   0.1118
per-segment probability dynamic range (kT): 96.8547
norm = 1, error in norm = -5.55112e-16 (-2.5*epsilon)
Iteration wallclock: 0:08:51.280861, cputime: 1:19:23.286597


Thu Jan 25 21:35:18 2024
Iteration 2777 (10000 requested)
Beginning iteration 2777
150 segments remain in iteration 2777 (150 total)
25 of 33 (75.757576%) active bins are populated
per-bin minimum non-zero probability:       4.38003e-43
per-bin maximum probability:                0.338306
per-bin probability dynamic range (kT):     96.4503
per-segment minimum non-zero probability:   5.64437e-44
per-segment maximum non-zero probability:   0.0756486
per-segment probability dynamic range (kT): 97.0014
norm = 1, error in norm = -4.44089e-16 (-2*epsilon)
Iteration wallclock: 0:08:40.236713, cputime: 1:16:05.160807


Thu Jan 25 21:43:58 2024
Iteration 2778 (10000 requested)
Beginning iteration 2778
150 segments remain in iteration 2778 (150 total)
25 of 33 (75.757576%) active bins are populated
per-bin minimum non-zero probability:       1.09185e-42
per-bin maximum probability:                0.343912
per-bin probability dynamic range (kT):     95.5533
per-segment minimum non-zero probability:   1.56316e-43
per-segment maximum non-zero probability:   0.0756486
per-segment probability dynamic range (kT): 95.9828
norm = 1, error in norm = -4.44089e-16 (-2*epsilon)
Iteration wallclock: 0:08:28.481028, cputime: 1:15:58.352236


Thu Jan 25 21:52:27 2024
Iteration 2779 (10000 requested)
Beginning iteration 2779
156 segments remain in iteration 2779 (156 total)
26 of 33 (78.787879%) active bins are populated
per-bin minimum non-zero probability:       3.65577e-43
per-bin maximum probability:                0.40594
per-bin probability dynamic range (kT):     96.8133
per-segment minimum non-zero probability:   4.61037e-44
per-segment maximum non-zero probability:   0.0876849
per-segment probability dynamic range (kT): 97.3514
norm = 1, error in norm = -4.44089e-16 (-2*epsilon)
Iteration wallclock: 0:08:50.628783, cputime: 1:19:09.475750


Thu Jan 25 22:01:18 2024
Iteration 2780 (10000 requested)
Beginning iteration 2780
162 segments remain in iteration 2780 (162 total)
27 of 33 (81.818182%) active bins are populated
per-bin minimum non-zero probability:       8.52605e-44
per-bin maximum probability:                0.427523
per-bin probability dynamic range (kT):     98.3209
per-segment minimum non-zero probability:   1.42101e-44
per-segment maximum non-zero probability:   0.086246
per-segment probability dynamic range (kT): 98.5118
norm = 1, error in norm = -3.33067e-16 (-1.5*epsilon)
Iteration wallclock: 0:09:34.259800, cputime: 1:22:06.031156


Thu Jan 25 22:10:52 2024
Iteration 2781 (10000 requested)
Beginning iteration 2781
168 segments remain in iteration 2781 (168 total)
28 of 33 (84.848485%) active bins are populated
per-bin minimum non-zero probability:       8.76366e-44
per-bin maximum probability:                0.332279
per-bin probability dynamic range (kT):     98.0414
per-segment minimum non-zero probability:   1.46061e-44
per-segment maximum non-zero probability:   0.0756486
per-segment probability dynamic range (kT): 98.3532
norm = 1, error in norm = -4.44089e-16 (-2*epsilon)
Iteration wallclock: 0:09:29.289791, cputime: 1:25:00.957184


Thu Jan 25 22:20:22 2024
Iteration 2782 (10000 requested)
Beginning iteration 2782
162 segments remain in iteration 2782 (162 total)
27 of 33 (81.818182%) active bins are populated
per-bin minimum non-zero probability:       1.46061e-44
per-bin maximum probability:                0.497368
per-bin probability dynamic range (kT):     100.236
per-segment minimum non-zero probability:   2.43435e-45
per-segment maximum non-zero probability:   0.115738
per-segment probability dynamic range (kT): 100.57
norm = 1, error in norm = -3.33067e-16 (-1.5*epsilon)
Iteration wallclock: 0:09:13.580198, cputime: 1:22:09.411630


Thu Jan 25 22:29:35 2024
Iteration 2783 (10000 requested)
Beginning iteration 2783
162 segments remain in iteration 2783 (162 total)
27 of 33 (81.818182%) active bins are populated
per-bin minimum non-zero probability:       2.43435e-45
per-bin maximum probability:                0.489378
per-bin probability dynamic range (kT):     102.012
per-segment minimum non-zero probability:   4.05725e-46
per-segment maximum non-zero probability:   0.115738
per-segment probability dynamic range (kT): 102.362
norm = 1, error in norm = -4.44089e-16 (-2*epsilon)
Iteration wallclock: 0:08:49.254530, cputime: 1:22:10.371792


Thu Jan 25 22:38:26 2024
Iteration 2784 (10000 requested)
Beginning iteration 2784
156 segments remain in iteration 2784 (156 total)
26 of 33 (78.787879%) active bins are populated
per-bin minimum non-zero probability:       2.11998e-44
per-bin maximum probability:                0.40996
per-bin probability dynamic range (kT):     99.6706
per-segment minimum non-zero probability:   3.33044e-45
per-segment maximum non-zero probability:   0.115738
per-segment probability dynamic range (kT): 100.257
norm = 1, error in norm = -4.44089e-16 (-2*epsilon)
Iteration wallclock: 0:08:01.113104, cputime: 1:18:52.878515


Thu Jan 25 22:46:27 2024
Iteration 2785 (10000 requested)
Beginning iteration 2785
162 segments remain in iteration 2785 (162 total)
27 of 33 (81.818182%) active bins are populated
per-bin minimum non-zero probability:       8.80773e-45
per-bin maximum probability:                0.466705
per-bin probability dynamic range (kT):     100.679
per-segment minimum non-zero probability:   1.11015e-45
per-segment maximum non-zero probability:   0.115738
per-segment probability dynamic range (kT): 101.355
norm = 1, error in norm = -4.44089e-16 (-2*epsilon)
Iteration wallclock: 0:08:47.891435, cputime: 1:21:43.155564


Thu Jan 25 22:55:15 2024
Iteration 2786 (10000 requested)
Beginning iteration 2786
168 segments remain in iteration 2786 (168 total)
28 of 33 (84.848485%) active bins are populated
per-bin minimum non-zero probability:       2.73864e-45
per-bin maximum probability:                0.370012
per-bin probability dynamic range (kT):     101.615
per-segment minimum non-zero probability:   4.5644e-46
per-segment maximum non-zero probability:   0.0926342
per-segment probability dynamic range (kT): 102.022
norm = 1, error in norm = -4.44089e-16 (-2*epsilon)
Iteration wallclock: 0:08:56.278297, cputime: 1:24:53.750022


Thu Jan 25 23:04:11 2024
Iteration 2787 (10000 requested)
Beginning iteration 2787
168 segments remain in iteration 2787 (168 total)
28 of 33 (84.848485%) active bins are populated
per-bin minimum non-zero probability:       4.5644e-46
per-bin maximum probability:                0.441773
per-bin probability dynamic range (kT):     103.584
per-segment minimum non-zero probability:   7.60734e-47
per-segment maximum non-zero probability:   0.0926342
per-segment probability dynamic range (kT): 103.813
norm = 1, error in norm = -4.44089e-16 (-2*epsilon)
Iteration wallclock: 0:08:46.358363, cputime: 1:24:26.764434


Thu Jan 25 23:12:58 2024
Iteration 2788 (10000 requested)
Beginning iteration 2788
156 segments remain in iteration 2788 (156 total)
26 of 33 (78.787879%) active bins are populated
per-bin minimum non-zero probability:       1.72624e-45
per-bin maximum probability:                0.369279
per-bin probability dynamic range (kT):     102.074
per-segment minimum non-zero probability:   2.62348e-46
per-segment maximum non-zero probability:   0.0756486
per-segment probability dynamic range (kT): 102.373
norm = 1, error in norm = -6.66134e-16 (-3*epsilon)
Iteration wallclock: 0:08:00.312775, cputime: 1:18:28.848408


Thu Jan 25 23:20:58 2024
Iteration 2789 (10000 requested)
Beginning iteration 2789
162 segments remain in iteration 2789 (162 total)
27 of 33 (81.818182%) active bins are populated
per-bin minimum non-zero probability:       2.62348e-46
per-bin maximum probability:                0.451765
per-bin probability dynamic range (kT):     104.16
per-segment minimum non-zero probability:   4.37247e-47
per-segment maximum non-zero probability:   0.106927
per-segment probability dynamic range (kT): 104.511
norm = 1, error in norm = -4.44089e-16 (-2*epsilon)
Iteration wallclock: 0:08:45.340174, cputime: 1:21:21.098084


Thu Jan 25 23:29:44 2024
Iteration 2790 (10000 requested)
Beginning iteration 2790
156 segments remain in iteration 2790 (156 total)
26 of 33 (78.787879%) active bins are populated
per-bin minimum non-zero probability:       1.91073e-46
per-bin maximum probability:                0.542985
per-bin probability dynamic range (kT):     104.661
per-segment minimum non-zero probability:   2.59059e-47
per-segment maximum non-zero probability:   0.128838
per-segment probability dynamic range (kT): 105.22
norm = 1, error in norm = -3.33067e-16 (-1.5*epsilon)
Iteration wallclock: 0:08:05.703511, cputime: 1:18:13.971203


Thu Jan 25 23:37:49 2024
Iteration 2791 (10000 requested)
Beginning iteration 2791
150 segments remain in iteration 2791 (150 total)
25 of 33 (75.757576%) active bins are populated
per-bin minimum non-zero probability:       3.25688e-43
per-bin maximum probability:                0.431854
per-bin probability dynamic range (kT):     96.9907
per-segment minimum non-zero probability:   4.72066e-44
per-segment maximum non-zero probability:   0.115738
per-segment probability dynamic range (kT): 97.6054
norm = 1, error in norm = -3.33067e-16 (-1.5*epsilon)
Iteration wallclock: 0:07:49.283545, cputime: 1:15:23.039542


Thu Jan 25 23:45:39 2024
Iteration 2792 (10000 requested)
Beginning iteration 2792
156 segments remain in iteration 2792 (156 total)
26 of 33 (78.787879%) active bins are populated
per-bin minimum non-zero probability:       6.35677e-44
per-bin maximum probability:                0.468231
per-bin probability dynamic range (kT):     98.7054
per-segment minimum non-zero probability:   1.05946e-44
per-segment maximum non-zero probability:   0.11359
per-segment probability dynamic range (kT): 99.0808
norm = 1, error in norm = -4.44089e-16 (-2*epsilon)
Iteration wallclock: 0:08:08.048295, cputime: 1:18:56.806369


Thu Jan 25 23:53:47 2024
Iteration 2793 (10000 requested)
Beginning iteration 2793
162 segments remain in iteration 2793 (162 total)
27 of 33 (81.818182%) active bins are populated
per-bin minimum non-zero probability:       1.91084e-43
per-bin maximum probability:                0.394414
per-bin probability dynamic range (kT):     97.4333
per-segment minimum non-zero probability:   1.05946e-44
per-segment maximum non-zero probability:   0.11359
per-segment probability dynamic range (kT): 99.0808
norm = 1, error in norm = -5.55112e-16 (-2.5*epsilon)
Iteration wallclock: 0:08:37.185389, cputime: 1:21:51.947605


Fri Jan 26 00:02:24 2024
Iteration 2794 (10000 requested)
Beginning iteration 2794
162 segments remain in iteration 2794 (162 total)
27 of 33 (81.818182%) active bins are populated
per-bin minimum non-zero probability:       3.84669e-44
per-bin maximum probability:                0.697867
per-bin probability dynamic range (kT):     99.6068
per-segment minimum non-zero probability:   6.41116e-45
per-segment maximum non-zero probability:   0.150387
per-segment probability dynamic range (kT): 99.8637
norm = 1, error in norm = -4.44089e-16 (-2*epsilon)
Iteration wallclock: 0:08:41.523754, cputime: 1:22:19.954310


Fri Jan 26 00:11:06 2024
Iteration 2795 (10000 requested)
Beginning iteration 2795
162 segments remain in iteration 2795 (162 total)
27 of 33 (81.818182%) active bins are populated
per-bin minimum non-zero probability:       9.67003e-45
per-bin maximum probability:                0.492525
per-bin probability dynamic range (kT):     100.639
per-segment minimum non-zero probability:   1.61167e-45
per-segment maximum non-zero probability:   0.115433
per-segment probability dynamic range (kT): 100.98
norm = 1, error in norm = -4.44089e-16 (-2*epsilon)
Iteration wallclock: 0:08:46.275098, cputime: 1:22:09.569543


Fri Jan 26 00:19:52 2024
Iteration 2796 (10000 requested)
Beginning iteration 2796
162 segments remain in iteration 2796 (162 total)
27 of 33 (81.818182%) active bins are populated
per-bin minimum non-zero probability:       1.61167e-45
per-bin maximum probability:                0.716695
per-bin probability dynamic range (kT):     102.806
per-segment minimum non-zero probability:   2.68612e-46
per-segment maximum non-zero probability:   0.166093
per-segment probability dynamic range (kT): 103.136
norm = 1, error in norm = -4.44089e-16 (-2*epsilon)
Iteration wallclock: 0:08:45.872445, cputime: 1:22:31.331099


Fri Jan 26 00:28:38 2024
Iteration 2797 (10000 requested)
Beginning iteration 2797
162 segments remain in iteration 2797 (162 total)
27 of 33 (81.818182%) active bins are populated
per-bin minimum non-zero probability:       2.68612e-46
per-bin maximum probability:                0.451664
per-bin probability dynamic range (kT):     104.136
per-segment minimum non-zero probability:   4.47686e-47
per-segment maximum non-zero probability:   0.11359
per-segment probability dynamic range (kT): 104.547
norm = 1, error in norm = -4.44089e-16 (-2*epsilon)
Iteration wallclock: 0:08:48.429291, cputime: 1:22:23.867894


Fri Jan 26 00:37:27 2024
Iteration 2798 (10000 requested)
Beginning iteration 2798
156 segments remain in iteration 2798 (156 total)
26 of 33 (78.787879%) active bins are populated
per-bin minimum non-zero probability:       2.68929e-43
per-bin maximum probability:                0.510159
per-bin probability dynamic range (kT):     97.3488
per-segment minimum non-zero probability:   4.04769e-44
per-segment maximum non-zero probability:   0.11359
per-segment probability dynamic range (kT): 97.7404
norm = 1, error in norm = -3.33067e-16 (-1.5*epsilon)
Iteration wallclock: 0:08:24.007062, cputime: 1:18:58.142862


Fri Jan 26 00:45:51 2024
Iteration 2799 (10000 requested)
Beginning iteration 2799
156 segments remain in iteration 2799 (156 total)
26 of 33 (78.787879%) active bins are populated
per-bin minimum non-zero probability:       4.04769e-44
per-bin maximum probability:                0.504433
per-bin probability dynamic range (kT):     99.2313
per-segment minimum non-zero probability:   6.74615e-45
per-segment maximum non-zero probability:   0.11359
per-segment probability dynamic range (kT): 99.5322
norm = 1, error in norm = -3.33067e-16 (-1.5*epsilon)
Iteration wallclock: 0:08:28.355266, cputime: 1:19:12.224428


Fri Jan 26 00:54:19 2024
Iteration 2800 (10000 requested)
Beginning iteration 2800
162 segments remain in iteration 2800 (162 total)
27 of 33 (81.818182%) active bins are populated
per-bin minimum non-zero probability:       1.10908e-44
per-bin maximum probability:                0.771667
per-bin probability dynamic range (kT):     100.951
per-segment minimum non-zero probability:   1.84847e-45
per-segment maximum non-zero probability:   0.170959
per-segment probability dynamic range (kT): 101.236
norm = 1, error in norm = -4.44089e-16 (-2*epsilon)
Iteration wallclock: 0:08:50.678621, cputime: 1:22:34.000365


Fri Jan 26 01:03:10 2024
Iteration 2801 (10000 requested)
Beginning iteration 2801
162 segments remain in iteration 2801 (162 total)
27 of 33 (81.818182%) active bins are populated
per-bin minimum non-zero probability:       2.30284e-44
per-bin maximum probability:                0.465321
per-bin probability dynamic range (kT):     99.7146
per-segment minimum non-zero probability:   3.52999e-45
per-segment maximum non-zero probability:   0.145448
per-segment probability dynamic range (kT): 100.427
norm = 1, error in norm = -3.33067e-16 (-1.5*epsilon)
Iteration wallclock: 0:08:43.264763, cputime: 1:22:26.431982


Fri Jan 26 01:11:53 2024
Iteration 2802 (10000 requested)
Beginning iteration 2802
162 segments remain in iteration 2802 (162 total)
27 of 33 (81.818182%) active bins are populated
per-bin minimum non-zero probability:       3.52999e-45
per-bin maximum probability:                0.619225
per-bin probability dynamic range (kT):     101.876
per-segment minimum non-zero probability:   5.88331e-46
per-segment maximum non-zero probability:   0.145448
per-segment probability dynamic range (kT): 102.219
norm = 1, error in norm = -5.55112e-16 (-2.5*epsilon)
Iteration wallclock: 0:08:42.201869, cputime: 1:22:10.912264


Fri Jan 26 01:20:35 2024
Iteration 2803 (10000 requested)
Beginning iteration 2803
156 segments remain in iteration 2803 (156 total)
26 of 33 (78.787879%) active bins are populated
per-bin minimum non-zero probability:       1.74485e-43
per-bin maximum probability:                0.553175
per-bin probability dynamic range (kT):     97.8624
per-segment minimum non-zero probability:   2.48681e-44
per-segment maximum non-zero probability:   0.1228
per-segment probability dynamic range (kT): 98.3055
norm = 1, error in norm = -4.44089e-16 (-2*epsilon)
Iteration wallclock: 0:08:11.718277, cputime: 1:19:13.718352


Fri Jan 26 01:28:47 2024
Iteration 2804 (10000 requested)
Beginning iteration 2804
156 segments remain in iteration 2804 (156 total)
26 of 33 (78.787879%) active bins are populated
per-bin minimum non-zero probability:       6.4179e-44
per-bin maximum probability:                0.455301
per-bin probability dynamic range (kT):     98.6679
per-segment minimum non-zero probability:   8.28937e-45
per-segment maximum non-zero probability:   0.1228
per-segment probability dynamic range (kT): 99.4042
norm = 1, error in norm = -2.22045e-16 (-1*epsilon)
Iteration wallclock: 0:08:14.716754, cputime: 1:19:30.931227


Fri Jan 26 01:37:02 2024
Iteration 2805 (10000 requested)
Beginning iteration 2805
156 segments remain in iteration 2805 (156 total)
26 of 33 (78.787879%) active bins are populated
per-bin minimum non-zero probability:       3.31575e-44
per-bin maximum probability:                0.561855
per-bin probability dynamic range (kT):     99.5385
per-segment minimum non-zero probability:   4.97362e-45
per-segment maximum non-zero probability:   0.124769
per-segment probability dynamic range (kT): 99.9309
norm = 1, error in norm = -4.44089e-16 (-2*epsilon)
Iteration wallclock: 0:08:09.531396, cputime: 1:19:10.141756


Fri Jan 26 01:45:11 2024
Iteration 2806 (10000 requested)
Beginning iteration 2806
162 segments remain in iteration 2806 (162 total)
27 of 33 (81.818182%) active bins are populated
per-bin minimum non-zero probability:       4.23912e-44
per-bin maximum probability:                0.50022
per-bin probability dynamic range (kT):     99.1767
per-segment minimum non-zero probability:   7.06519e-45
per-segment maximum non-zero probability:   0.124769
per-segment probability dynamic range (kT): 99.5799
norm = 1, error in norm = -4.44089e-16 (-2*epsilon)
Iteration wallclock: 0:08:59.042325, cputime: 1:22:20.742908


Fri Jan 26 01:54:11 2024
Iteration 2807 (10000 requested)
Beginning iteration 2807
150 segments remain in iteration 2807 (150 total)
25 of 33 (75.757576%) active bins are populated
per-bin minimum non-zero probability:       6.86757e-44
per-bin maximum probability:                0.631971
per-bin probability dynamic range (kT):     98.928
per-segment minimum non-zero probability:   7.06519e-45
per-segment maximum non-zero probability:   0.124769
per-segment probability dynamic range (kT): 99.5799
norm = 1, error in norm = -6.66134e-16 (-3*epsilon)
Iteration wallclock: 0:08:14.172447, cputime: 1:16:03.410993


Fri Jan 26 02:02:25 2024
Iteration 2808 (10000 requested)
Beginning iteration 2808
156 segments remain in iteration 2808 (156 total)
26 of 33 (78.787879%) active bins are populated
per-bin minimum non-zero probability:       1.30812e-43
per-bin maximum probability:                0.510232
per-bin probability dynamic range (kT):     98.0697
per-segment minimum non-zero probability:   1.4979e-44
per-segment maximum non-zero probability:   0.1228
per-segment probability dynamic range (kT): 98.8125
norm = 1, error in norm = -4.44089e-16 (-2*epsilon)
Iteration wallclock: 0:08:13.325030, cputime: 1:18:59.813502


Fri Jan 26 02:10:38 2024
Iteration 2809 (10000 requested)
Beginning iteration 2809
162 segments remain in iteration 2809 (162 total)
27 of 33 (81.818182%) active bins are populated
per-bin minimum non-zero probability:       1.05007e-43
per-bin maximum probability:                0.230918
per-bin probability dynamic range (kT):     97.4966
per-segment minimum non-zero probability:   1.6877e-44
per-segment maximum non-zero probability:   0.0573585
per-segment probability dynamic range (kT): 97.9319
norm = 1, error in norm = -4.44089e-16 (-2*epsilon)
Iteration wallclock: 0:08:31.232797, cputime: 1:21:39.477144


Fri Jan 26 02:19:10 2024
Iteration 2810 (10000 requested)
Beginning iteration 2810
156 segments remain in iteration 2810 (156 total)
26 of 33 (78.787879%) active bins are populated
per-bin minimum non-zero probability:       2.22388e-43
per-bin maximum probability:                0.549227
per-bin probability dynamic range (kT):     97.6127
per-segment minimum non-zero probability:   2.65755e-44
per-segment maximum non-zero probability:   0.127377
per-segment probability dynamic range (kT): 98.2757
norm = 1, error in norm = -3.33067e-16 (-1.5*epsilon)
Iteration wallclock: 0:08:11.596405, cputime: 1:18:55.202943


Fri Jan 26 02:27:21 2024
Iteration 2811 (10000 requested)
Beginning iteration 2811
162 segments remain in iteration 2811 (162 total)
27 of 33 (81.818182%) active bins are populated
per-bin minimum non-zero probability:       3.5434e-44
per-bin maximum probability:                0.383794
per-bin probability dynamic range (kT):     99.091
per-segment minimum non-zero probability:   5.90567e-45
per-segment maximum non-zero probability:   0.0841966
per-segment probability dynamic range (kT): 99.3658
norm = 1, error in norm = -3.33067e-16 (-1.5*epsilon)
Iteration wallclock: 0:08:51.087070, cputime: 1:22:19.419809


Fri Jan 26 02:36:13 2024
Iteration 2812 (10000 requested)
Beginning iteration 2812
162 segments remain in iteration 2812 (162 total)
27 of 33 (81.818182%) active bins are populated
per-bin minimum non-zero probability:       5.90567e-45
per-bin maximum probability:                0.625988
per-bin probability dynamic range (kT):     101.372
per-segment minimum non-zero probability:   9.84279e-46
per-segment maximum non-zero probability:   0.141023
per-segment probability dynamic range (kT): 101.673
norm = 1, error in norm = -3.33067e-16 (-1.5*epsilon)
Iteration wallclock: 0:08:51.946503, cputime: 1:22:31.054512


Fri Jan 26 02:45:05 2024
Iteration 2813 (10000 requested)
Beginning iteration 2813
162 segments remain in iteration 2813 (162 total)
27 of 33 (81.818182%) active bins are populated
per-bin minimum non-zero probability:       6.83798e-44
per-bin maximum probability:                0.496677
per-bin probability dynamic range (kT):     98.6914
per-segment minimum non-zero probability:   1.04124e-44
per-segment maximum non-zero probability:   0.128811
per-segment probability dynamic range (kT): 99.2239
norm = 1, error in norm = -3.33067e-16 (-1.5*epsilon)
Iteration wallclock: 0:08:42.004370, cputime: 1:22:12.432563


Fri Jan 26 02:53:47 2024
Iteration 2814 (10000 requested)
Beginning iteration 2814
156 segments remain in iteration 2814 (156 total)
26 of 33 (78.787879%) active bins are populated
per-bin minimum non-zero probability:       2.67304e-44
per-bin maximum probability:                0.513977
per-bin probability dynamic range (kT):     99.665
per-segment minimum non-zero probability:   3.47078e-45
per-segment maximum non-zero probability:   0.128811
per-segment probability dynamic range (kT): 100.323
norm = 1, error in norm = -3.33067e-16 (-1.5*epsilon)
Iteration wallclock: 0:08:15.315293, cputime: 1:19:05.105498


Fri Jan 26 03:02:02 2024
Iteration 2815 (10000 requested)
Beginning iteration 2815
162 segments remain in iteration 2815 (162 total)
27 of 33 (81.818182%) active bins are populated
per-bin minimum non-zero probability:       2.14845e-44
per-bin maximum probability:                0.55632
per-bin probability dynamic range (kT):     99.9626
per-segment minimum non-zero probability:   3.58074e-45
per-segment maximum non-zero probability:   0.128811
per-segment probability dynamic range (kT): 100.291
norm = 1, error in norm = -4.44089e-16 (-2*epsilon)
Iteration wallclock: 0:08:43.841112, cputime: 1:22:03.482451


Fri Jan 26 03:10:46 2024
Iteration 2816 (10000 requested)
Beginning iteration 2816
168 segments remain in iteration 2816 (168 total)
28 of 33 (84.848485%) active bins are populated
per-bin minimum non-zero probability:       3.58074e-45
per-bin maximum probability:                0.361391
per-bin probability dynamic range (kT):     101.323
per-segment minimum non-zero probability:   5.96791e-46
per-segment maximum non-zero probability:   0.0734283
per-segment probability dynamic range (kT): 101.521
norm = 1, error in norm = -4.44089e-16 (-2*epsilon)
Iteration wallclock: 0:08:42.891737, cputime: 1:25:13.982826


Fri Jan 26 03:19:29 2024
Iteration 2817 (10000 requested)
Beginning iteration 2817
156 segments remain in iteration 2817 (156 total)
26 of 33 (78.787879%) active bins are populated
per-bin minimum non-zero probability:       7.62546e-44
per-bin maximum probability:                0.414107
per-bin probability dynamic range (kT):     98.4006
per-segment minimum non-zero probability:   2.38716e-45
per-segment maximum non-zero probability:   0.0924982
per-segment probability dynamic range (kT): 100.366
norm = 1, error in norm = -3.33067e-16 (-1.5*epsilon)
Iteration wallclock: 0:08:11.576813, cputime: 1:19:05.453227


Fri Jan 26 03:27:41 2024
Iteration 2818 (10000 requested)
Beginning iteration 2818
156 segments remain in iteration 2818 (156 total)
26 of 33 (78.787879%) active bins are populated
per-bin minimum non-zero probability:       3.2268e-44
per-bin maximum probability:                0.295923
per-bin probability dynamic range (kT):     98.9246
per-segment minimum non-zero probability:   5.37799e-45
per-segment maximum non-zero probability:   0.0710705
per-segment probability dynamic range (kT): 99.2899
norm = 1, error in norm = -4.44089e-16 (-2*epsilon)
Iteration wallclock: 0:08:19.645410, cputime: 1:18:59.054042


Fri Jan 26 03:36:01 2024
Iteration 2819 (10000 requested)
Beginning iteration 2819
156 segments remain in iteration 2819 (156 total)
26 of 33 (78.787879%) active bins are populated
per-bin minimum non-zero probability:       3.92425e-44
per-bin maximum probability:                0.602023
per-bin probability dynamic range (kT):     99.4391
per-segment minimum non-zero probability:   5.30216e-45
per-segment maximum non-zero probability:   0.134973
per-segment probability dynamic range (kT): 99.9455
norm = 1, error in norm = -2.22045e-16 (-1*epsilon)
Iteration wallclock: 0:08:06.043341, cputime: 1:19:07.119777


Fri Jan 26 03:44:07 2024
Iteration 2820 (10000 requested)
Beginning iteration 2820
156 segments remain in iteration 2820 (156 total)
26 of 33 (78.787879%) active bins are populated
per-bin minimum non-zero probability:       1.18778e-43
per-bin maximum probability:                0.455582
per-bin probability dynamic range (kT):     98.0529
per-segment minimum non-zero probability:   5.30216e-45
per-segment maximum non-zero probability:   0.0997975
per-segment probability dynamic range (kT): 99.6436
norm = 1, error in norm = -2.22045e-16 (-1*epsilon)
Iteration wallclock: 0:08:19.957626, cputime: 1:19:15.683585


Fri Jan 26 03:52:27 2024
Iteration 2821 (10000 requested)
Beginning iteration 2821
156 segments remain in iteration 2821 (156 total)
26 of 33 (78.787879%) active bins are populated
per-bin minimum non-zero probability:       3.02107e-44
per-bin maximum probability:                0.278355
per-bin probability dynamic range (kT):     98.9293
per-segment minimum non-zero probability:   5.03511e-45
per-segment maximum non-zero probability:   0.0674865
per-segment probability dynamic range (kT): 99.3041
norm = 1, error in norm = -4.44089e-16 (-2*epsilon)
Iteration wallclock: 0:08:04.070020, cputime: 1:19:06.964068


Fri Jan 26 04:00:31 2024
Iteration 2822 (10000 requested)
Beginning iteration 2822
150 segments remain in iteration 2822 (150 total)
25 of 33 (75.757576%) active bins are populated
per-bin minimum non-zero probability:       1.33574e-43
per-bin maximum probability:                0.427611
per-bin probability dynamic range (kT):     97.8721
per-segment minimum non-zero probability:   2.22623e-44
per-segment maximum non-zero probability:   0.0992791
per-segment probability dynamic range (kT): 98.2036
norm = 1, error in norm = -5.55112e-16 (-2.5*epsilon)
Iteration wallclock: 0:07:52.216894, cputime: 1:16:07.172944


Fri Jan 26 04:08:23 2024
Iteration 2823 (10000 requested)
Beginning iteration 2823
150 segments remain in iteration 2823 (150 total)
25 of 33 (75.757576%) active bins are populated
per-bin minimum non-zero probability:       8.4327e-44
per-bin maximum probability:                0.445471
per-bin probability dynamic range (kT):     98.373
per-segment minimum non-zero probability:   1.40545e-44
per-segment maximum non-zero probability:   0.0992791
per-segment probability dynamic range (kT): 98.6636
norm = 1, error in norm = -4.44089e-16 (-2*epsilon)
Iteration wallclock: 0:07:45.136639, cputime: 1:16:16.772795


Fri Jan 26 04:16:08 2024
Iteration 2824 (10000 requested)
Beginning iteration 2824
150 segments remain in iteration 2824 (150 total)
25 of 33 (75.757576%) active bins are populated
per-bin minimum non-zero probability:       2.45039e-44
per-bin maximum probability:                0.407011
per-bin probability dynamic range (kT):     99.5186
per-segment minimum non-zero probability:   4.08398e-45
per-segment maximum non-zero probability:   0.0992791
per-segment probability dynamic range (kT): 99.8994
norm = 1, error in norm = -2.22045e-16 (-1*epsilon)
Iteration wallclock: 0:07:42.309809, cputime: 1:16:27.016332


Fri Jan 26 04:23:51 2024
Iteration 2825 (10000 requested)
Beginning iteration 2825
162 segments remain in iteration 2825 (162 total)
27 of 33 (81.818182%) active bins are populated
per-bin minimum non-zero probability:       7.37208e-44
per-bin maximum probability:                0.457845
per-bin probability dynamic range (kT):     98.5348
per-segment minimum non-zero probability:   1.22868e-44
per-segment maximum non-zero probability:   0.109388
per-segment probability dynamic range (kT): 98.8949
norm = 1, error in norm = -2.22045e-16 (-1*epsilon)
Iteration wallclock: 0:08:21.244591, cputime: 1:22:18.299506


Fri Jan 26 04:32:12 2024
Iteration 2826 (10000 requested)
Beginning iteration 2826
156 segments remain in iteration 2826 (156 total)
26 of 33 (78.787879%) active bins are populated
per-bin minimum non-zero probability:       1.22868e-44
per-bin maximum probability:                0.392063
per-bin probability dynamic range (kT):     100.171
per-segment minimum non-zero probability:   2.0478e-45
per-segment maximum non-zero probability:   0.0753318
per-segment probability dynamic range (kT): 100.314
norm = 1, error in norm = -2.22045e-16 (-1*epsilon)
Iteration wallclock: 0:07:52.317008, cputime: 1:19:26.469211


Fri Jan 26 04:40:05 2024
Iteration 2827 (10000 requested)
Beginning iteration 2827
162 segments remain in iteration 2827 (162 total)
27 of 33 (81.818182%) active bins are populated
per-bin minimum non-zero probability:       9.36967e-45
per-bin maximum probability:                0.455755
per-bin probability dynamic range (kT):     100.593
per-segment minimum non-zero probability:   1.56161e-45
per-segment maximum non-zero probability:   0.113737
per-segment probability dynamic range (kT): 100.997
norm = 1, error in norm = -3.33067e-16 (-1.5*epsilon)
Iteration wallclock: 0:08:21.106300, cputime: 1:22:01.705954


Fri Jan 26 04:48:26 2024
Iteration 2828 (10000 requested)
Beginning iteration 2828
150 segments remain in iteration 2828 (150 total)
25 of 33 (75.757576%) active bins are populated
per-bin minimum non-zero probability:       4.59449e-44
per-bin maximum probability:                0.438233
per-bin probability dynamic range (kT):     98.9639
per-segment minimum non-zero probability:   7.22375e-45
per-segment maximum non-zero probability:   0.113737
per-segment probability dynamic range (kT): 99.4651
norm = 1, error in norm = -4.44089e-16 (-2*epsilon)
Iteration wallclock: 0:07:49.658385, cputime: 1:16:10.056801


Fri Jan 26 04:56:15 2024
Iteration 2829 (10000 requested)
Beginning iteration 2829
156 segments remain in iteration 2829 (156 total)
26 of 33 (78.787879%) active bins are populated
per-bin minimum non-zero probability:       7.22375e-45
per-bin maximum probability:                0.260735
per-bin probability dynamic range (kT):     100.295
per-segment minimum non-zero probability:   1.20396e-45
per-segment maximum non-zero probability:   0.0729252
per-segment probability dynamic range (kT): 100.812
norm = 1, error in norm = -3.33067e-16 (-1.5*epsilon)
Iteration wallclock: 0:08:07.819265, cputime: 1:18:58.838341


Fri Jan 26 05:04:23 2024
Iteration 2830 (10000 requested)
Beginning iteration 2830
156 segments remain in iteration 2830 (156 total)
26 of 33 (78.787879%) active bins are populated
per-bin minimum non-zero probability:       1.05528e-44
per-bin maximum probability:                0.296415
per-bin probability dynamic range (kT):     100.044
per-segment minimum non-zero probability:   1.7588e-45
per-segment maximum non-zero probability:   0.0729252
per-segment probability dynamic range (kT): 100.433
norm = 1, error in norm = -4.44089e-16 (-2*epsilon)
Iteration wallclock: 0:08:12.283066, cputime: 1:18:44.518025


Fri Jan 26 05:12:36 2024
Iteration 2831 (10000 requested)
Beginning iteration 2831
156 segments remain in iteration 2831 (156 total)
26 of 33 (78.787879%) active bins are populated
per-bin minimum non-zero probability:       3.51761e-45
per-bin maximum probability:                0.334463
per-bin probability dynamic range (kT):     101.263
per-segment minimum non-zero probability:   5.86268e-46
per-segment maximum non-zero probability:   0.0729252
per-segment probability dynamic range (kT): 101.532
norm = 1, error in norm = -3.33067e-16 (-1.5*epsilon)
Iteration wallclock: 0:08:08.403162, cputime: 1:18:42.513744


Fri Jan 26 05:20:44 2024
Iteration 2832 (10000 requested)
Beginning iteration 2832
150 segments remain in iteration 2832 (150 total)
25 of 33 (75.757576%) active bins are populated
per-bin minimum non-zero probability:       3.77371e-45
per-bin maximum probability:                0.445057
per-bin probability dynamic range (kT):     101.479
per-segment minimum non-zero probability:   6.28951e-46
per-segment maximum non-zero probability:   0.104641
per-segment probability dynamic range (kT): 101.823
norm = 1, error in norm = -3.33067e-16 (-1.5*epsilon)
Iteration wallclock: 0:08:00.165300, cputime: 1:16:06.210425


Fri Jan 26 05:28:45 2024
Iteration 2833 (10000 requested)
Beginning iteration 2833
150 segments remain in iteration 2833 (150 total)
25 of 33 (75.757576%) active bins are populated
per-bin minimum non-zero probability:       1.2579e-45
per-bin maximum probability:                0.521979
per-bin probability dynamic range (kT):     102.737
per-segment minimum non-zero probability:   2.0965e-46
per-segment maximum non-zero probability:   0.12427
per-segment probability dynamic range (kT): 103.093
norm = 1, error in norm = -4.44089e-16 (-2*epsilon)
Iteration wallclock: 0:08:06.778407, cputime: 1:16:17.274607


Fri Jan 26 05:36:52 2024
Iteration 2834 (10000 requested)
Beginning iteration 2834
144 segments remain in iteration 2834 (144 total)
24 of 33 (72.727273%) active bins are populated
per-bin minimum non-zero probability:       5.10328e-45
per-bin maximum probability:                0.527778
per-bin probability dynamic range (kT):     101.347
per-segment minimum non-zero probability:   8.32114e-46
per-segment maximum non-zero probability:   0.12427
per-segment probability dynamic range (kT): 101.715
norm = 1, error in norm = -4.44089e-16 (-2*epsilon)
Iteration wallclock: 0:07:38.809516, cputime: 1:13:00.111157


Fri Jan 26 05:44:30 2024
Iteration 2835 (10000 requested)
Beginning iteration 2835
138 segments remain in iteration 2835 (138 total)
23 of 33 (69.696970%) active bins are populated
per-bin minimum non-zero probability:       2.49634e-45
per-bin maximum probability:                0.533153
per-bin probability dynamic range (kT):     102.073
per-segment minimum non-zero probability:   4.16057e-46
per-segment maximum non-zero probability:   0.12427
per-segment probability dynamic range (kT): 102.408
norm = 1, error in norm = -3.33067e-16 (-1.5*epsilon)
Iteration wallclock: 0:07:28.699608, cputime: 1:10:18.408613


Fri Jan 26 05:51:59 2024
Iteration 2836 (10000 requested)
Beginning iteration 2836
150 segments remain in iteration 2836 (150 total)
25 of 33 (75.757576%) active bins are populated
per-bin minimum non-zero probability:       4.16057e-46
per-bin maximum probability:                0.560875
per-bin probability dynamic range (kT):     103.915
per-segment minimum non-zero probability:   6.93428e-47
per-segment maximum non-zero probability:   0.12427
per-segment probability dynamic range (kT): 104.2
norm = 1, error in norm = -5.55112e-16 (-2.5*epsilon)
Iteration wallclock: 0:08:13.675693, cputime: 1:16:32.773885


Fri Jan 26 06:00:13 2024
Iteration 2837 (10000 requested)
Beginning iteration 2837
162 segments remain in iteration 2837 (162 total)
27 of 33 (81.818182%) active bins are populated
per-bin minimum non-zero probability:       1.84158e-45
per-bin maximum probability:                0.583831
per-bin probability dynamic range (kT):     102.468
per-segment minimum non-zero probability:   6.93428e-47
per-segment maximum non-zero probability:   0.12427
per-segment probability dynamic range (kT): 104.2
norm = 1, error in norm = -5.55112e-16 (-2.5*epsilon)
Iteration wallclock: 0:08:38.249805, cputime: 1:22:03.761925


Fri Jan 26 06:08:51 2024
Iteration 2838 (10000 requested)
Beginning iteration 2838
162 segments remain in iteration 2838 (162 total)
27 of 33 (81.818182%) active bins are populated
per-bin minimum non-zero probability:       2.77371e-46
per-bin maximum probability:                0.366001
per-bin probability dynamic range (kT):     103.894
per-segment minimum non-zero probability:   4.62286e-47
per-segment maximum non-zero probability:   0.0930776
per-segment probability dynamic range (kT): 104.316
norm = 1, error in norm = -4.44089e-16 (-2*epsilon)
Iteration wallclock: 0:08:46.933752, cputime: 1:21:59.663111


Fri Jan 26 06:17:38 2024
Iteration 2839 (10000 requested)
Beginning iteration 2839
162 segments remain in iteration 2839 (162 total)
27 of 33 (81.818182%) active bins are populated
per-bin minimum non-zero probability:       1.63963e-45
per-bin maximum probability:                0.491189
per-bin probability dynamic range (kT):     102.411
per-segment minimum non-zero probability:   4.62286e-47
per-segment maximum non-zero probability:   0.119551
per-segment probability dynamic range (kT): 104.566
norm = 1, error in norm = -4.44089e-16 (-2*epsilon)
Iteration wallclock: 0:08:52.385972, cputime: 1:22:20.926348


Fri Jan 26 06:26:31 2024
Iteration 2840 (10000 requested)
Beginning iteration 2840
162 segments remain in iteration 2840 (162 total)
27 of 33 (81.818182%) active bins are populated
per-bin minimum non-zero probability:       1.53705e-45
per-bin maximum probability:                0.583786
per-bin probability dynamic range (kT):     102.648
per-segment minimum non-zero probability:   4.62286e-47
per-segment maximum non-zero probability:   0.13051
per-segment probability dynamic range (kT): 104.654
norm = 1, error in norm = -3.33067e-16 (-1.5*epsilon)
Iteration wallclock: 0:09:46.016298, cputime: 1:21:51.433661


Fri Jan 26 06:36:17 2024
Iteration 2841 (10000 requested)
Beginning iteration 2841
162 segments remain in iteration 2841 (162 total)
27 of 33 (81.818182%) active bins are populated
per-bin minimum non-zero probability:       6.93845e-46
per-bin maximum probability:                0.431626
per-bin probability dynamic range (kT):     103.142
per-segment minimum non-zero probability:   1.03471e-46
per-segment maximum non-zero probability:   0.119551
per-segment probability dynamic range (kT): 103.761
norm = 1, error in norm = -4.44089e-16 (-2*epsilon)
Iteration wallclock: 0:10:17.505537, cputime: 1:22:36.615470


Fri Jan 26 06:46:35 2024
Iteration 2842 (10000 requested)
Beginning iteration 2842
162 segments remain in iteration 2842 (162 total)
27 of 33 (81.818182%) active bins are populated
per-bin minimum non-zero probability:       3.26804e-45
per-bin maximum probability:                0.557707
per-bin probability dynamic range (kT):     101.848
per-segment minimum non-zero probability:   3.24257e-46
per-segment maximum non-zero probability:   0.119551
per-segment probability dynamic range (kT): 102.619
norm = 1, error in norm = -4.44089e-16 (-2*epsilon)
Iteration wallclock: 0:10:02.371056, cputime: 1:22:23.649622


Fri Jan 26 06:56:38 2024
Iteration 2843 (10000 requested)
Beginning iteration 2843
156 segments remain in iteration 2843 (156 total)
26 of 33 (78.787879%) active bins are populated
per-bin minimum non-zero probability:       8.92806e-46
per-bin maximum probability:                0.33645
per-bin probability dynamic range (kT):     102.64
per-segment minimum non-zero probability:   1.08086e-46
per-segment maximum non-zero probability:   0.0880526
per-segment probability dynamic range (kT): 103.411
norm = 1, error in norm = -4.44089e-16 (-2*epsilon)
Iteration wallclock: 0:09:17.512133, cputime: 1:19:26.856284


Fri Jan 26 07:05:56 2024
Iteration 2844 (10000 requested)
Beginning iteration 2844
156 segments remain in iteration 2844 (156 total)
26 of 33 (78.787879%) active bins are populated
per-bin minimum non-zero probability:       3.41105e-46
per-bin maximum probability:                0.570013
per-bin probability dynamic range (kT):     104.13
per-segment minimum non-zero probability:   5.68509e-47
per-segment maximum non-zero probability:   0.133249
per-segment probability dynamic range (kT): 104.468
norm = 1, error in norm = -4.44089e-16 (-2*epsilon)
Iteration wallclock: 0:09:22.599515, cputime: 1:19:40.225224


Fri Jan 26 07:15:18 2024
Iteration 2845 (10000 requested)
Beginning iteration 2845
156 segments remain in iteration 2845 (156 total)
26 of 33 (78.787879%) active bins are populated
per-bin minimum non-zero probability:       2.30841e-46
per-bin maximum probability:                0.510608
per-bin probability dynamic range (kT):     104.41
per-segment minimum non-zero probability:   2.87421e-47
per-segment maximum non-zero probability:   0.100958
per-segment probability dynamic range (kT): 104.873
norm = 1, error in norm = -5.55112e-16 (-2.5*epsilon)
Iteration wallclock: 0:09:04.021929, cputime: 1:19:19.246233


Fri Jan 26 07:24:23 2024
Iteration 2846 (10000 requested)
Beginning iteration 2846
156 segments remain in iteration 2846 (156 total)
26 of 33 (78.787879%) active bins are populated
per-bin minimum non-zero probability:       3.95487e-46
per-bin maximum probability:                0.48148
per-bin probability dynamic range (kT):     103.813
per-segment minimum non-zero probability:   5.60752e-47
per-segment maximum non-zero probability:   0.106226
per-segment probability dynamic range (kT): 104.255
norm = 1, error in norm = -4.44089e-16 (-2*epsilon)
Iteration wallclock: 0:08:03.649199, cputime: 1:19:19.826234


Fri Jan 26 07:32:26 2024
Iteration 2847 (10000 requested)
Beginning iteration 2847
156 segments remain in iteration 2847 (156 total)
26 of 33 (78.787879%) active bins are populated
per-bin minimum non-zero probability:       3.79259e-46
per-bin maximum probability:                0.667733
per-bin probability dynamic range (kT):     104.182
per-segment minimum non-zero probability:   5.38639e-47
per-segment maximum non-zero probability:   0.150545
per-segment probability dynamic range (kT): 104.644
norm = 1, error in norm = -5.55112e-16 (-2.5*epsilon)
Iteration wallclock: 0:08:06.744527, cputime: 1:19:15.669695


Fri Jan 26 07:40:33 2024
Iteration 2848 (10000 requested)
Beginning iteration 2848
162 segments remain in iteration 2848 (162 total)
27 of 33 (81.818182%) active bins are populated
per-bin minimum non-zero probability:       4.154e-46
per-bin maximum probability:                0.563138
per-bin probability dynamic range (kT):     103.921
per-segment minimum non-zero probability:   5.34724e-47
per-segment maximum non-zero probability:   0.150545
per-segment probability dynamic range (kT): 104.651
norm = 1, error in norm = -4.44089e-16 (-2*epsilon)
Iteration wallclock: 0:08:31.764207, cputime: 1:21:59.457162


Fri Jan 26 07:49:05 2024
Iteration 2849 (10000 requested)
Beginning iteration 2849
150 segments remain in iteration 2849 (150 total)
25 of 33 (75.757576%) active bins are populated
per-bin minimum non-zero probability:       4.08166e-46
per-bin maximum probability:                0.438047
per-bin probability dynamic range (kT):     103.687
per-segment minimum non-zero probability:   5.34724e-47
per-segment maximum non-zero probability:   0.100363
per-segment probability dynamic range (kT): 104.246
norm = 1, error in norm = -3.33067e-16 (-1.5*epsilon)
Iteration wallclock: 0:08:01.701096, cputime: 1:15:25.919223


Fri Jan 26 07:57:07 2024
Iteration 2850 (10000 requested)
Beginning iteration 2850
156 segments remain in iteration 2850 (156 total)
26 of 33 (78.787879%) active bins are populated
per-bin minimum non-zero probability:       2.55563e-46
per-bin maximum probability:                0.68214
per-bin probability dynamic range (kT):     104.598
per-segment minimum non-zero probability:   2.84619e-47
per-segment maximum non-zero probability:   0.150897
per-segment probability dynamic range (kT): 105.284
norm = 1, error in norm = -6.66134e-16 (-3*epsilon)
Iteration wallclock: 0:08:14.988657, cputime: 1:18:31.017968


Fri Jan 26 08:05:22 2024
Iteration 2851 (10000 requested)
Beginning iteration 2851
162 segments remain in iteration 2851 (162 total)
27 of 33 (81.818182%) active bins are populated
per-bin minimum non-zero probability:       6.12482e-47
per-bin maximum probability:                0.559016
per-bin probability dynamic range (kT):     105.828
per-segment minimum non-zero probability:   8.19658e-48
per-segment maximum non-zero probability:   0.150897
per-segment probability dynamic range (kT): 106.529
norm = 1, error in norm = -3.33067e-16 (-1.5*epsilon)
Iteration wallclock: 0:08:34.931686, cputime: 1:21:43.487438


Fri Jan 26 08:13:57 2024
Iteration 2852 (10000 requested)
Beginning iteration 2852
144 segments remain in iteration 2852 (144 total)
24 of 33 (72.727273%) active bins are populated
per-bin minimum non-zero probability:       8.19658e-48
per-bin maximum probability:                0.512585
per-bin probability dynamic range (kT):     107.752
per-segment minimum non-zero probability:   1.3661e-48
per-segment maximum non-zero probability:   0.0965557
per-segment probability dynamic range (kT): 107.874
norm = 1, error in norm = -2.22045e-16 (-1*epsilon)
Iteration wallclock: 0:07:29.767248, cputime: 1:12:47.037943


Fri Jan 26 08:21:27 2024
Iteration 2853 (10000 requested)
Beginning iteration 2853
150 segments remain in iteration 2853 (150 total)
25 of 33 (75.757576%) active bins are populated
per-bin minimum non-zero probability:       3.17139e-47
per-bin maximum probability:                0.41376
per-bin probability dynamic range (kT):     106.185
per-segment minimum non-zero probability:   5.28564e-48
per-segment maximum non-zero probability:   0.0965557
per-segment probability dynamic range (kT): 106.521
norm = 1, error in norm = -4.44089e-16 (-2*epsilon)
Iteration wallclock: 0:07:59.560365, cputime: 1:15:46.595510


Fri Jan 26 08:29:26 2024
Iteration 2854 (10000 requested)
Beginning iteration 2854
144 segments remain in iteration 2854 (144 total)
24 of 33 (72.727273%) active bins are populated
per-bin minimum non-zero probability:       5.28564e-48
per-bin maximum probability:                0.50161
per-bin probability dynamic range (kT):     108.169
per-segment minimum non-zero probability:   8.8094e-49
per-segment maximum non-zero probability:   0.0965557
per-segment probability dynamic range (kT): 108.313
norm = 1, error in norm = -4.44089e-16 (-2*epsilon)
Iteration wallclock: 0:07:22.204315, cputime: 1:13:07.507384


Fri Jan 26 08:36:48 2024
Iteration 2855 (10000 requested)
Beginning iteration 2855
156 segments remain in iteration 2855 (156 total)
26 of 33 (78.787879%) active bins are populated
per-bin minimum non-zero probability:       2.20233e-46
per-bin maximum probability:                0.569985
per-bin probability dynamic range (kT):     104.567
per-segment minimum non-zero probability:   3.53401e-47
per-segment maximum non-zero probability:   0.134968
per-segment probability dynamic range (kT): 104.956
norm = 1, error in norm = -4.44089e-16 (-2*epsilon)
Iteration wallclock: 0:07:55.872668, cputime: 1:19:32.748172


Fri Jan 26 08:44:44 2024
Iteration 2856 (10000 requested)
Beginning iteration 2856
156 segments remain in iteration 2856 (156 total)
26 of 33 (78.787879%) active bins are populated
per-bin minimum non-zero probability:       1.0602e-46
per-bin maximum probability:                0.636629
per-bin probability dynamic range (kT):     105.409
per-segment minimum non-zero probability:   1.76701e-47
per-segment maximum non-zero probability:   0.147067
per-segment probability dynamic range (kT): 105.735
norm = 1, error in norm = -4.44089e-16 (-2*epsilon)
Iteration wallclock: 0:08:04.438124, cputime: 1:18:59.047968


Fri Jan 26 08:52:49 2024
Iteration 2857 (10000 requested)
Beginning iteration 2857
144 segments remain in iteration 2857 (144 total)
24 of 33 (72.727273%) active bins are populated
per-bin minimum non-zero probability:       1.2369e-46
per-bin maximum probability:                0.427639
per-bin probability dynamic range (kT):     104.857
per-segment minimum non-zero probability:   1.76701e-47
per-segment maximum non-zero probability:   0.0980445
per-segment probability dynamic range (kT): 105.33
norm = 1, error in norm = -4.44089e-16 (-2*epsilon)
Iteration wallclock: 0:07:19.434702, cputime: 1:13:00.998774


Fri Jan 26 09:00:08 2024
Iteration 2858 (10000 requested)
Beginning iteration 2858
156 segments remain in iteration 2858 (156 total)
26 of 33 (78.787879%) active bins are populated
per-bin minimum non-zero probability:       8.83503e-47
per-bin maximum probability:                0.483137
per-bin probability dynamic range (kT):     105.315
per-segment minimum non-zero probability:   1.178e-47
per-segment maximum non-zero probability:   0.0980445
per-segment probability dynamic range (kT): 105.735
norm = 1, error in norm = -6.66134e-16 (-3*epsilon)
Iteration wallclock: 0:07:55.840240, cputime: 1:18:53.250840


Fri Jan 26 09:08:04 2024
Iteration 2859 (10000 requested)
Beginning iteration 2859
168 segments remain in iteration 2859 (168 total)
28 of 33 (84.848485%) active bins are populated
per-bin minimum non-zero probability:       3.09226e-47
per-bin maximum probability:                0.614729
per-bin probability dynamic range (kT):     106.606
per-segment minimum non-zero probability:   4.41751e-48
per-segment maximum non-zero probability:   0.154479
per-segment probability dynamic range (kT): 107.171
norm = 1, error in norm = -4.44089e-16 (-2*epsilon)
Iteration wallclock: 0:09:01.416296, cputime: 1:24:51.627572


Fri Jan 26 09:17:06 2024
Iteration 2860 (10000 requested)
Beginning iteration 2860
156 segments remain in iteration 2860 (156 total)
26 of 33 (78.787879%) active bins are populated
per-bin minimum non-zero probability:       1.38415e-47
per-bin maximum probability:                0.421616
per-bin probability dynamic range (kT):     107.033
per-segment minimum non-zero probability:   1.88481e-48
per-segment maximum non-zero probability:   0.0980445
per-segment probability dynamic range (kT): 107.568
norm = 1, error in norm = -3.33067e-16 (-1.5*epsilon)
Iteration wallclock: 0:08:12.804835, cputime: 1:18:05.609409


Fri Jan 26 09:25:19 2024
Iteration 2861 (10000 requested)
Beginning iteration 2861
162 segments remain in iteration 2861 (162 total)
27 of 33 (81.818182%) active bins are populated
per-bin minimum non-zero probability:       9.42403e-48
per-bin maximum probability:                0.661939
per-bin probability dynamic range (kT):     107.868
per-segment minimum non-zero probability:   1.57067e-48
per-segment maximum non-zero probability:   0.163725
per-segment probability dynamic range (kT): 108.263
norm = 1, error in norm = -4.44089e-16 (-2*epsilon)
Iteration wallclock: 0:08:44.866214, cputime: 1:21:21.767225


Fri Jan 26 09:34:04 2024
Iteration 2862 (10000 requested)
Beginning iteration 2862
162 segments remain in iteration 2862 (162 total)
27 of 33 (81.818182%) active bins are populated
per-bin minimum non-zero probability:       2.08605e-48
per-bin maximum probability:                0.423686
per-bin probability dynamic range (kT):     108.93
per-segment minimum non-zero probability:   3.47675e-49
per-segment maximum non-zero probability:   0.102986
per-segment probability dynamic range (kT): 109.307
norm = 1, error in norm = -4.44089e-16 (-2*epsilon)
Iteration wallclock: 0:08:41.758322, cputime: 1:21:24.235187


Fri Jan 26 09:42:46 2024
Iteration 2863 (10000 requested)
Beginning iteration 2863
162 segments remain in iteration 2863 (162 total)
27 of 33 (81.818182%) active bins are populated
per-bin minimum non-zero probability:       1.28271e-48
per-bin maximum probability:                0.562552
per-bin probability dynamic range (kT):     109.7
per-segment minimum non-zero probability:   2.13786e-49
per-segment maximum non-zero probability:   0.12024
per-segment probability dynamic range (kT): 109.949
norm = 1, error in norm = -3.33067e-16 (-1.5*epsilon)
Iteration wallclock: 0:08:45.983522, cputime: 1:21:32.395976


Fri Jan 26 09:51:32 2024
Iteration 2864 (10000 requested)
Beginning iteration 2864
162 segments remain in iteration 2864 (162 total)
27 of 33 (81.818182%) active bins are populated
per-bin minimum non-zero probability:       2.75767e-48
per-bin maximum probability:                0.256646
per-bin probability dynamic range (kT):     108.15
per-segment minimum non-zero probability:   2.20876e-49
per-segment maximum non-zero probability:   0.0607323
per-segment probability dynamic range (kT): 109.233
norm = 1, error in norm = -4.44089e-16 (-2*epsilon)
Iteration wallclock: 0:08:37.761053, cputime: 1:21:36.896177


Fri Jan 26 10:00:10 2024
Iteration 2865 (10000 requested)
Beginning iteration 2865
162 segments remain in iteration 2865 (162 total)
27 of 33 (81.818182%) active bins are populated
per-bin minimum non-zero probability:       4.38752e-49
per-bin maximum probability:                0.366931
per-bin probability dynamic range (kT):     110.345
per-segment minimum non-zero probability:   7.31253e-50
per-segment maximum non-zero probability:   0.0686574
per-segment probability dynamic range (kT): 110.461
norm = 1, error in norm = -4.44089e-16 (-2*epsilon)
Iteration wallclock: 0:08:39.532022, cputime: 1:21:41.282658


Fri Jan 26 10:08:50 2024
Iteration 2866 (10000 requested)
Beginning iteration 2866
162 segments remain in iteration 2866 (162 total)
27 of 33 (81.818182%) active bins are populated
per-bin minimum non-zero probability:       7.31253e-50
per-bin maximum probability:                0.607224
per-bin probability dynamic range (kT):     112.641
per-segment minimum non-zero probability:   1.21875e-50
per-segment maximum non-zero probability:   0.136762
per-segment probability dynamic range (kT): 112.942
norm = 1, error in norm = -4.44089e-16 (-2*epsilon)
Iteration wallclock: 0:08:31.900046, cputime: 1:21:47.534355


Fri Jan 26 10:17:21 2024
Iteration 2867 (10000 requested)
Beginning iteration 2867
162 segments remain in iteration 2867 (162 total)
27 of 33 (81.818182%) active bins are populated
per-bin minimum non-zero probability:       3.65626e-50
per-bin maximum probability:                0.441632
per-bin probability dynamic range (kT):     113.016
per-segment minimum non-zero probability:   6.09377e-51
per-segment maximum non-zero probability:   0.115111
per-segment probability dynamic range (kT): 113.463
norm = 1, error in norm = -2.22045e-16 (-1*epsilon)
Iteration wallclock: 0:08:44.793115, cputime: 1:21:57.807609


Fri Jan 26 10:26:06 2024
Iteration 2868 (10000 requested)
Beginning iteration 2868
156 segments remain in iteration 2868 (156 total)
26 of 33 (78.787879%) active bins are populated
per-bin minimum non-zero probability:       6.09377e-51
per-bin maximum probability:                0.526546
per-bin probability dynamic range (kT):     114.983
per-segment minimum non-zero probability:   1.01563e-51
per-segment maximum non-zero probability:   0.115111
per-segment probability dynamic range (kT): 115.254
norm = 1, error in norm = -2.22045e-16 (-1*epsilon)
Iteration wallclock: 0:08:01.359256, cputime: 1:19:08.841451


Fri Jan 26 10:34:08 2024
Iteration 2869 (10000 requested)
Beginning iteration 2869
168 segments remain in iteration 2869 (168 total)
28 of 33 (84.848485%) active bins are populated
per-bin minimum non-zero probability:       2.03126e-51
per-bin maximum probability:                0.515992
per-bin probability dynamic range (kT):     116.062
per-segment minimum non-zero probability:   3.38543e-52
per-segment maximum non-zero probability:   0.115111
per-segment probability dynamic range (kT): 116.353
norm = 1, error in norm = -3.33067e-16 (-1.5*epsilon)
Iteration wallclock: 0:08:34.257352, cputime: 1:25:00.478529


Fri Jan 26 10:42:42 2024
Iteration 2870 (10000 requested)
Beginning iteration 2870
162 segments remain in iteration 2870 (162 total)
27 of 33 (81.818182%) active bins are populated
per-bin minimum non-zero probability:       6.9074e-45
per-bin maximum probability:                0.29989
per-bin probability dynamic range (kT):     100.479
per-segment minimum non-zero probability:   2.3698e-51
per-segment maximum non-zero probability:   0.0870375
per-segment probability dynamic range (kT): 114.128
norm = 1, error in norm = -4.44089e-16 (-2*epsilon)
Iteration wallclock: 0:08:12.723812, cputime: 1:21:56.534168


Fri Jan 26 10:50:55 2024
Iteration 2871 (10000 requested)
Beginning iteration 2871
168 segments remain in iteration 2871 (168 total)
28 of 33 (84.848485%) active bins are populated
per-bin minimum non-zero probability:       1.15123e-45
per-bin maximum probability:                0.627682
per-bin probability dynamic range (kT):     103.01
per-segment minimum non-zero probability:   1.91872e-46
per-segment maximum non-zero probability:   0.158914
per-segment probability dynamic range (kT): 103.428
norm = 1, error in norm = -3.33067e-16 (-1.5*epsilon)
Iteration wallclock: 0:08:34.979351, cputime: 1:24:49.222985


Fri Jan 26 10:59:30 2024
Iteration 2872 (10000 requested)
Beginning iteration 2872
180 segments remain in iteration 2872 (180 total)
30 of 33 (90.909091%) active bins are populated
per-bin minimum non-zero probability:       3.83744e-46
per-bin maximum probability:                0.524754
per-bin probability dynamic range (kT):     103.929
per-segment minimum non-zero probability:   6.39574e-47
per-segment maximum non-zero probability:   0.114973
per-segment probability dynamic range (kT): 104.203
norm = 1, error in norm = -2.22045e-16 (-1*epsilon)
Iteration wallclock: 0:09:21.716131, cputime: 1:31:31.603900


Fri Jan 26 11:08:52 2024
Iteration 2873 (10000 requested)
Beginning iteration 2873
186 segments remain in iteration 2873 (186 total)
31 of 33 (93.939394%) active bins are populated
per-bin minimum non-zero probability:       6.39574e-47
per-bin maximum probability:                0.407228
per-bin probability dynamic range (kT):     105.467
per-segment minimum non-zero probability:   1.06596e-47
per-segment maximum non-zero probability:   0.114973
per-segment probability dynamic range (kT): 105.995
norm = 1, error in norm = -3.33067e-16 (-1.5*epsilon)
Iteration wallclock: 0:10:03.698241, cputime: 1:34:24.340593


Fri Jan 26 11:18:55 2024
Iteration 2874 (10000 requested)
Beginning iteration 2874
186 segments remain in iteration 2874 (186 total)
31 of 33 (93.939394%) active bins are populated
per-bin minimum non-zero probability:       2.3984e-46
per-bin maximum probability:                0.472895
per-bin probability dynamic range (kT):     104.295
per-segment minimum non-zero probability:   3.19787e-47
per-segment maximum non-zero probability:   0.114973
per-segment probability dynamic range (kT): 104.896
norm = 1, error in norm = -2.22045e-16 (-1*epsilon)
Iteration wallclock: 0:09:38.961800, cputime: 1:33:49.401259


Fri Jan 26 11:28:34 2024
Iteration 2875 (10000 requested)
Beginning iteration 2875
174 segments remain in iteration 2875 (174 total)
29 of 33 (87.878788%) active bins are populated
per-bin minimum non-zero probability:       1.63891e-46
per-bin maximum probability:                0.555285
per-bin probability dynamic range (kT):     104.837
per-segment minimum non-zero probability:   2.48723e-47
per-segment maximum non-zero probability:   0.114973
per-segment probability dynamic range (kT): 105.147
norm = 1, error in norm = -4.44089e-16 (-2*epsilon)
Iteration wallclock: 0:09:12.511211, cputime: 1:27:32.131666


Fri Jan 26 11:37:47 2024
Iteration 2876 (10000 requested)
Beginning iteration 2876
192 segments remain in iteration 2876 (192 total)
32 of 33 (96.969697%) active bins are populated
per-bin minimum non-zero probability:       2.48723e-47
per-bin maximum probability:                0.410355
per-bin probability dynamic range (kT):     106.42
per-segment minimum non-zero probability:   4.14538e-48
per-segment maximum non-zero probability:   0.114026
per-segment probability dynamic range (kT): 106.931
norm = 1, error in norm = -4.44089e-16 (-2*epsilon)
Iteration wallclock: 0:09:48.278769, cputime: 1:36:51.631407


Fri Jan 26 11:47:35 2024
Iteration 2877 (10000 requested)
Beginning iteration 2877
192 segments remain in iteration 2877 (192 total)
32 of 33 (96.969697%) active bins are populated
per-bin minimum non-zero probability:       4.26382e-48
per-bin maximum probability:                0.541724
per-bin probability dynamic range (kT):     108.461
per-segment minimum non-zero probability:   7.10637e-49
per-segment maximum non-zero probability:   0.114973
per-segment probability dynamic range (kT): 108.703
norm = 1, error in norm = -3.33067e-16 (-1.5*epsilon)
Iteration wallclock: 0:10:05.321169, cputime: 1:37:30.283464


Fri Jan 26 11:57:41 2024
Iteration 2878 (10000 requested)
Beginning iteration 2878
186 segments remain in iteration 2878 (186 total)
31 of 33 (93.939394%) active bins are populated
per-bin minimum non-zero probability:       1.36874e-45
per-bin maximum probability:                0.373142
per-bin probability dynamic range (kT):     102.317
per-segment minimum non-zero probability:   2.28123e-46
per-segment maximum non-zero probability:   0.0872675
per-segment probability dynamic range (kT): 102.655
norm = 1, error in norm = -3.33067e-16 (-1.5*epsilon)
Iteration wallclock: 0:10:06.375584, cputime: 1:34:30.470096


Fri Jan 26 12:07:47 2024
Iteration 2879 (10000 requested)
Beginning iteration 2879
186 segments remain in iteration 2879 (186 total)
31 of 33 (93.939394%) active bins are populated
per-bin minimum non-zero probability:       2.6006e-45
per-bin maximum probability:                0.340207
per-bin probability dynamic range (kT):     101.582
per-segment minimum non-zero probability:   3.3458e-46
per-segment maximum non-zero probability:   0.0770515
per-segment probability dynamic range (kT): 102.148
norm = 1, error in norm = -2.22045e-16 (-1*epsilon)
Iteration wallclock: 0:09:45.144320, cputime: 1:33:58.348968


Fri Jan 26 12:17:32 2024
Iteration 2880 (10000 requested)
Beginning iteration 2880
186 segments remain in iteration 2880 (186 total)
31 of 33 (93.939394%) active bins are populated
per-bin minimum non-zero probability:       1.35646e-45
per-bin maximum probability:                0.487293
per-bin probability dynamic range (kT):     102.593
per-segment minimum non-zero probability:   2.26076e-46
per-segment maximum non-zero probability:   0.113178
per-segment probability dynamic range (kT): 102.924
norm = 1, error in norm = -4.44089e-16 (-2*epsilon)
Iteration wallclock: 0:10:12.103487, cputime: 1:34:11.064655


Fri Jan 26 12:27:45 2024
Iteration 2881 (10000 requested)
Beginning iteration 2881
180 segments remain in iteration 2881 (180 total)
30 of 33 (90.909091%) active bins are populated
per-bin minimum non-zero probability:       3.11622e-45
per-bin maximum probability:                0.464128
per-bin probability dynamic range (kT):     101.712
per-segment minimum non-zero probability:   4.81691e-46
per-segment maximum non-zero probability:   0.113178
per-segment probability dynamic range (kT): 102.168
norm = 1, error in norm = -4.44089e-16 (-2*epsilon)
Iteration wallclock: 0:09:58.739436, cputime: 1:30:56.526246


Fri Jan 26 12:37:44 2024
Iteration 2882 (10000 requested)
Beginning iteration 2882
192 segments remain in iteration 2882 (192 total)
32 of 33 (96.969697%) active bins are populated
per-bin minimum non-zero probability:       4.81691e-46
per-bin maximum probability:                0.40325
per-bin probability dynamic range (kT):     103.439
per-segment minimum non-zero probability:   8.02819e-47
per-segment maximum non-zero probability:   0.0823942
per-segment probability dynamic range (kT): 103.642
norm = 1, error in norm = -4.44089e-16 (-2*epsilon)
Iteration wallclock: 0:10:22.655932, cputime: 1:37:05.183583


Fri Jan 26 12:48:06 2024
Iteration 2883 (10000 requested)
Beginning iteration 2883
186 segments remain in iteration 2883 (186 total)
31 of 33 (93.939394%) active bins are populated
per-bin minimum non-zero probability:       7.69114e-45
per-bin maximum probability:                0.427878
per-bin probability dynamic range (kT):     100.727
per-segment minimum non-zero probability:   9.86355e-46
per-segment maximum non-zero probability:   0.0979654
per-segment probability dynamic range (kT): 101.307
norm = 1, error in norm = -3.33067e-16 (-1.5*epsilon)
Iteration wallclock: 0:10:09.200250, cputime: 1:34:33.977676


Fri Jan 26 12:58:16 2024
Iteration 2884 (10000 requested)
Beginning iteration 2884
186 segments remain in iteration 2884 (186 total)
31 of 33 (93.939394%) active bins are populated
per-bin minimum non-zero probability:       1.45245e-44
per-bin maximum probability:                0.325475
per-bin probability dynamic range (kT):     99.818
per-segment minimum non-zero probability:   1.51839e-45
per-segment maximum non-zero probability:   0.0733278
per-segment probability dynamic range (kT): 100.586
norm = 1, error in norm = -4.44089e-16 (-2*epsilon)
Iteration wallclock: 0:09:57.903596, cputime: 1:34:02.294563


Fri Jan 26 13:08:14 2024
Iteration 2885 (10000 requested)
Beginning iteration 2885
192 segments remain in iteration 2885 (192 total)
32 of 33 (96.969697%) active bins are populated
per-bin minimum non-zero probability:       2.34197e-45
per-bin maximum probability:                0.312027
per-bin probability dynamic range (kT):     101.601
per-segment minimum non-zero probability:   3.90328e-46
per-segment maximum non-zero probability:   0.0733278
per-segment probability dynamic range (kT): 101.944
norm = 1, error in norm = -3.33067e-16 (-1.5*epsilon)
Iteration wallclock: 0:10:27.906322, cputime: 1:37:06.985775


Fri Jan 26 13:18:42 2024
Iteration 2886 (10000 requested)
Beginning iteration 2886
186 segments remain in iteration 2886 (186 total)
31 of 33 (93.939394%) active bins are populated
per-bin minimum non-zero probability:       3.79795e-44
per-bin maximum probability:                0.390812
per-bin probability dynamic range (kT):     99.0398
per-segment minimum non-zero probability:   5.0697e-45
per-segment maximum non-zero probability:   0.0946249
per-segment probability dynamic range (kT): 99.6352
norm = 1, error in norm = -4.44089e-16 (-2*epsilon)
Iteration wallclock: 0:10:29.877644, cputime: 1:34:26.675580


Fri Jan 26 13:29:12 2024
Iteration 2887 (10000 requested)
Beginning iteration 2887
180 segments remain in iteration 2887 (180 total)
30 of 33 (90.909091%) active bins are populated
per-bin minimum non-zero probability:       1.2257e-44
per-bin maximum probability:                0.526102
per-bin probability dynamic range (kT):     100.468
per-segment minimum non-zero probability:   1.6899e-45
per-segment maximum non-zero probability:   0.109333
per-segment probability dynamic range (kT): 100.878
norm = 1, error in norm = -3.33067e-16 (-1.5*epsilon)
Iteration wallclock: 0:09:31.210621, cputime: 1:31:25.483997


Fri Jan 26 13:38:43 2024
Iteration 2888 (10000 requested)
Beginning iteration 2888
180 segments remain in iteration 2888 (180 total)
30 of 33 (90.909091%) active bins are populated
per-bin minimum non-zero probability:       2.53485e-44
per-bin maximum probability:                0.49196
per-bin probability dynamic range (kT):     99.6743
per-segment minimum non-zero probability:   3.48672e-45
per-segment maximum non-zero probability:   0.109333
per-segment probability dynamic range (kT): 100.154
norm = 1, error in norm = -4.44089e-16 (-2*epsilon)
Iteration wallclock: 0:09:23.998487, cputime: 1:31:24.792845


Fri Jan 26 13:48:07 2024
Iteration 2889 (10000 requested)
Beginning iteration 2889
186 segments remain in iteration 2889 (186 total)
31 of 33 (93.939394%) active bins are populated
per-bin minimum non-zero probability:       4.22475e-45
per-bin maximum probability:                0.481266
per-bin probability dynamic range (kT):     101.444
per-segment minimum non-zero probability:   7.04125e-46
per-segment maximum non-zero probability:   0.109333
per-segment probability dynamic range (kT): 101.754
norm = 1, error in norm = -3.33067e-16 (-1.5*epsilon)
Iteration wallclock: 0:10:11.807939, cputime: 1:34:08.632257


Fri Jan 26 13:58:19 2024
Iteration 2890 (10000 requested)
Beginning iteration 2890
192 segments remain in iteration 2890 (192 total)
32 of 33 (96.969697%) active bins are populated
per-bin minimum non-zero probability:       7.04125e-46
per-bin maximum probability:                0.485079
per-bin probability dynamic range (kT):     103.244
per-segment minimum non-zero probability:   1.17354e-46
per-segment maximum non-zero probability:   0.123006
per-segment probability dynamic range (kT): 103.663
norm = 1, error in norm = -4.44089e-16 (-2*epsilon)
Iteration wallclock: 0:10:29.063398, cputime: 1:37:01.829988


Fri Jan 26 14:08:48 2024
Iteration 2891 (10000 requested)
Beginning iteration 2891
186 segments remain in iteration 2891 (186 total)
31 of 33 (93.939394%) active bins are populated
per-bin minimum non-zero probability:       2.34708e-46
per-bin maximum probability:                0.366797
per-bin probability dynamic range (kT):     104.063
per-segment minimum non-zero probability:   3.91181e-47
per-segment maximum non-zero probability:   0.0775112
per-segment probability dynamic range (kT): 104.3
norm = 1, error in norm = -3.33067e-16 (-1.5*epsilon)
Iteration wallclock: 0:10:05.094029, cputime: 1:33:37.953001


Fri Jan 26 14:18:54 2024
Iteration 2892 (10000 requested)
Beginning iteration 2892
192 segments remain in iteration 2892 (192 total)
32 of 33 (96.969697%) active bins are populated
per-bin minimum non-zero probability:       3.30084e-45
per-bin maximum probability:                0.4462
per-bin probability dynamic range (kT):     101.615
per-segment minimum non-zero probability:   5.43621e-46
per-segment maximum non-zero probability:   0.0834505
per-segment probability dynamic range (kT): 101.742
norm = 1, error in norm = -4.44089e-16 (-2*epsilon)
Iteration wallclock: 0:11:38.187737, cputime: 1:36:58.357248


Fri Jan 26 14:30:32 2024
Iteration 2893 (10000 requested)
Beginning iteration 2893
180 segments remain in iteration 2893 (180 total)
30 of 33 (90.909091%) active bins are populated
per-bin minimum non-zero probability:       1.21045e-44
per-bin maximum probability:                0.589296
per-bin probability dynamic range (kT):     100.594
per-segment minimum non-zero probability:   5.82739e-46
per-segment maximum non-zero probability:   0.147255
per-segment probability dynamic range (kT): 102.241
norm = 1, error in norm = -4.44089e-16 (-2*epsilon)
Iteration wallclock: 0:12:24.547826, cputime: 1:31:28.863536


Fri Jan 26 14:42:57 2024
Iteration 2894 (10000 requested)
Beginning iteration 2894
186 segments remain in iteration 2894 (186 total)
31 of 33 (93.939394%) active bins are populated
per-bin minimum non-zero probability:       7.36616e-45
per-bin maximum probability:                0.449905
per-bin probability dynamic range (kT):     100.821
per-segment minimum non-zero probability:   9.06557e-46
per-segment maximum non-zero probability:   0.095627
per-segment probability dynamic range (kT): 101.367
norm = 1, error in norm = -3.33067e-16 (-1.5*epsilon)
Iteration wallclock: 0:13:05.374464, cputime: 1:34:42.288152


Fri Jan 26 14:56:03 2024
Iteration 2895 (10000 requested)
Beginning iteration 2895
180 segments remain in iteration 2895 (180 total)
30 of 33 (90.909091%) active bins are populated
per-bin minimum non-zero probability:       4.89366e-45
per-bin maximum probability:                0.51148
per-bin probability dynamic range (kT):     101.358
per-segment minimum non-zero probability:   8.1561e-46
per-segment maximum non-zero probability:   0.0939423
per-segment probability dynamic range (kT): 101.455
norm = 1, error in norm = -5.55112e-16 (-2.5*epsilon)
Iteration wallclock: 0:10:04.144755, cputime: 1:31:07.251045


Fri Jan 26 15:06:08 2024
Iteration 2896 (10000 requested)
Beginning iteration 2896
174 segments remain in iteration 2896 (174 total)
29 of 33 (87.878788%) active bins are populated
per-bin minimum non-zero probability:       1.63122e-45
per-bin maximum probability:                0.647068
per-bin probability dynamic range (kT):     102.692
per-segment minimum non-zero probability:   2.7187e-46
per-segment maximum non-zero probability:   0.159613
per-segment probability dynamic range (kT): 103.084
norm = 1, error in norm = -4.44089e-16 (-2*epsilon)
Iteration wallclock: 0:09:58.475059, cputime: 1:28:32.108479


Fri Jan 26 15:16:06 2024
Iteration 2897 (10000 requested)
Beginning iteration 2897
180 segments remain in iteration 2897 (180 total)
30 of 33 (90.909091%) active bins are populated
per-bin minimum non-zero probability:       1.14328e-44
per-bin maximum probability:                0.4538
per-bin probability dynamic range (kT):     100.39
per-segment minimum non-zero probability:   2.7187e-46
per-segment maximum non-zero probability:   0.102935
per-segment probability dynamic range (kT): 102.645
norm = 1, error in norm = -4.44089e-16 (-2*epsilon)
Iteration wallclock: 0:09:56.529593, cputime: 1:31:14.206896


Fri Jan 26 15:26:03 2024
Iteration 2898 (10000 requested)
Beginning iteration 2898
180 segments remain in iteration 2898 (180 total)
30 of 33 (90.909091%) active bins are populated
per-bin minimum non-zero probability:       1.00997e-44
per-bin maximum probability:                0.747357
per-bin probability dynamic range (kT):     101.013
per-segment minimum non-zero probability:   1.29436e-45
per-segment maximum non-zero probability:   0.183357
per-segment probability dynamic range (kT): 101.662
norm = 1, error in norm = -3.33067e-16 (-1.5*epsilon)
Iteration wallclock: 0:10:03.393756, cputime: 1:31:17.637253


Fri Jan 26 15:36:07 2024
Iteration 2899 (10000 requested)
Beginning iteration 2899
186 segments remain in iteration 2899 (186 total)
31 of 33 (93.939394%) active bins are populated
per-bin minimum non-zero probability:       5.39355e-45
per-bin maximum probability:                0.831903
per-bin probability dynamic range (kT):     101.747
per-segment minimum non-zero probability:   8.98924e-46
per-segment maximum non-zero probability:   0.18401
per-segment probability dynamic range (kT): 102.03
norm = 1, error in norm = -5.55112e-16 (-2.5*epsilon)
Iteration wallclock: 0:10:23.440813, cputime: 1:33:31.048575


Fri Jan 26 15:46:30 2024
Iteration 2900 (10000 requested)
Beginning iteration 2900
186 segments remain in iteration 2900 (186 total)
31 of 33 (93.939394%) active bins are populated
per-bin minimum non-zero probability:       8.98924e-46
per-bin maximum probability:                0.770511
per-bin probability dynamic range (kT):     103.462
per-segment minimum non-zero probability:   1.49821e-46
per-segment maximum non-zero probability:   0.18401
per-segment probability dynamic range (kT): 103.822
norm = 1, error in norm = -5.55112e-16 (-2.5*epsilon)
Iteration wallclock: 0:09:59.929100, cputime: 1:33:54.302071


Fri Jan 26 15:56:30 2024
Iteration 2901 (10000 requested)
Beginning iteration 2901
186 segments remain in iteration 2901 (186 total)
31 of 33 (93.939394%) active bins are populated
per-bin minimum non-zero probability:       1.49821e-46
per-bin maximum probability:                0.498966
per-bin probability dynamic range (kT):     104.819
per-segment minimum non-zero probability:   2.49701e-47
per-segment maximum non-zero probability:   0.140063
per-segment probability dynamic range (kT): 105.341
norm = 1, error in norm = -4.44089e-16 (-2*epsilon)
Iteration wallclock: 0:10:12.740654, cputime: 1:34:14.982735


Fri Jan 26 16:06:43 2024
Iteration 2902 (10000 requested)
Beginning iteration 2902
180 segments remain in iteration 2902 (180 total)
30 of 33 (90.909091%) active bins are populated
per-bin minimum non-zero probability:       2.38215e-44
per-bin maximum probability:                0.538102
per-bin probability dynamic range (kT):     99.826
per-segment minimum non-zero probability:   3.19707e-45
per-segment maximum non-zero probability:   0.122674
per-segment probability dynamic range (kT): 100.356
norm = 1, error in norm = -3.33067e-16 (-1.5*epsilon)
Iteration wallclock: 0:09:45.519824, cputime: 1:30:58.636365


Fri Jan 26 16:16:28 2024
Iteration 2903 (10000 requested)
Beginning iteration 2903
186 segments remain in iteration 2903 (186 total)
31 of 33 (93.939394%) active bins are populated
per-bin minimum non-zero probability:       1.64529e-44
per-bin maximum probability:                0.522522
per-bin probability dynamic range (kT):     100.167
per-segment minimum non-zero probability:   2.74215e-45
per-segment maximum non-zero probability:   0.118556
per-segment probability dynamic range (kT): 100.475
norm = 1, error in norm = -4.44089e-16 (-2*epsilon)
Iteration wallclock: 0:10:12.745935, cputime: 1:33:50.101595


Fri Jan 26 16:26:41 2024
Iteration 2904 (10000 requested)
Beginning iteration 2904
186 segments remain in iteration 2904 (186 total)
31 of 33 (93.939394%) active bins are populated
per-bin minimum non-zero probability:       3.47183e-44
per-bin maximum probability:                0.563171
per-bin probability dynamic range (kT):     99.4949
per-segment minimum non-zero probability:   5.4843e-45
per-segment maximum non-zero probability:   0.134554
per-segment probability dynamic range (kT): 99.9087
norm = 1, error in norm = -3.33067e-16 (-1.5*epsilon)
Iteration wallclock: 0:10:20.868145, cputime: 1:34:13.286995


Fri Jan 26 16:37:02 2024
Iteration 2905 (10000 requested)
Beginning iteration 2905
174 segments remain in iteration 2905 (174 total)
29 of 33 (87.878788%) active bins are populated
per-bin minimum non-zero probability:       6.1043e-44
per-bin maximum probability:                0.371476
per-bin probability dynamic range (kT):     98.5145
per-segment minimum non-zero probability:   7.29677e-45
per-segment maximum non-zero probability:   0.0933756
per-segment probability dynamic range (kT): 99.2578
norm = 1, error in norm = -4.44089e-16 (-2*epsilon)
Iteration wallclock: 0:09:56.501095, cputime: 1:28:04.238816


Fri Jan 26 16:46:59 2024
Iteration 2906 (10000 requested)
Beginning iteration 2906
180 segments remain in iteration 2906 (180 total)
30 of 33 (90.909091%) active bins are populated
per-bin minimum non-zero probability:       4.7126e-44
per-bin maximum probability:                0.473775
per-bin probability dynamic range (kT):     99.0165
per-segment minimum non-zero probability:   6.24332e-45
per-segment maximum non-zero probability:   0.100946
per-segment probability dynamic range (kT): 99.4916
norm = 1, error in norm = -3.33067e-16 (-1.5*epsilon)
Iteration wallclock: 0:09:50.420300, cputime: 1:31:25.995762


Fri Jan 26 16:56:49 2024
Iteration 2907 (10000 requested)
Beginning iteration 2907
180 segments remain in iteration 2907 (180 total)
30 of 33 (90.909091%) active bins are populated
per-bin minimum non-zero probability:       1.50818e-44
per-bin maximum probability:                0.787424
per-bin probability dynamic range (kT):     100.664
per-segment minimum non-zero probability:   2.51364e-45
per-segment maximum non-zero probability:   0.166733
per-segment probability dynamic range (kT): 100.903
norm = 1, error in norm = -6.66134e-16 (-3*epsilon)
Iteration wallclock: 0:09:44.014861, cputime: 1:31:46.533800


Fri Jan 26 17:06:34 2024
Iteration 2908 (10000 requested)
Beginning iteration 2908
180 segments remain in iteration 2908 (180 total)
30 of 33 (90.909091%) active bins are populated
per-bin minimum non-zero probability:       2.51364e-45
per-bin maximum probability:                0.743116
per-bin probability dynamic range (kT):     102.398
per-segment minimum non-zero probability:   4.1894e-46
per-segment maximum non-zero probability:   0.166733
per-segment probability dynamic range (kT): 102.695
norm = 1, error in norm = -4.44089e-16 (-2*epsilon)
Iteration wallclock: 0:10:05.407223, cputime: 1:31:10.085051


Fri Jan 26 17:16:39 2024
Iteration 2909 (10000 requested)
Beginning iteration 2909
186 segments remain in iteration 2909 (186 total)
31 of 33 (93.939394%) active bins are populated
per-bin minimum non-zero probability:       1.69815e-44
per-bin maximum probability:                0.435405
per-bin probability dynamic range (kT):     99.9527
per-segment minimum non-zero probability:   2.83026e-45
per-segment maximum non-zero probability:   0.123318
per-segment probability dynamic range (kT): 100.483
norm = 1, error in norm = -4.44089e-16 (-2*epsilon)
Iteration wallclock: 0:10:21.786592, cputime: 1:34:40.592032

Iteration 2910 would require more than the allotted time. Ending run.
