Updating system with the options from the configuration file
Maximum wallclock time: 3 days, 0:00:00

Wed Jul 24 14:16:43 2024
Iteration 333 (500 requested)
Continuing iteration 333
94 segments remain in iteration 333 (128 total)
32 of 33 (96.969697%) active bins are populated
per-bin minimum non-zero probability:       1.01345e-08
per-bin maximum probability:                0.337093
per-bin probability dynamic range (kT):     17.3199
per-segment minimum non-zero probability:   5.06725e-09
per-segment maximum non-zero probability:   0.122661
per-segment probability dynamic range (kT): 17.0021
norm = 1, error in norm = 2.22045e-16 (1*epsilon)
MAB binning in use
Bottleneck bin occupancy may not be accurately reported
Waiting for segments to complete...
################ MAB stats ################
minima in each dimension:      [5.5765]
maxima in each dimension:      [39.2934]
direction in each dimension:   [86]
skip in each dimension:        [0]
###########################################
Iteration completed successfully
Iteration wallclock: 0:06:48.009511, cputime: 0:34:36.854052


Wed Jul 24 14:23:31 2024
Iteration 334 (500 requested)
Beginning iteration 334
124 segments remain in iteration 334 (124 total)
31 of 33 (93.939394%) active bins are populated
per-bin minimum non-zero probability:       9.85706e-08
per-bin maximum probability:                0.201523
per-bin probability dynamic range (kT):     14.5306
per-segment minimum non-zero probability:   1.66522e-08
per-segment maximum non-zero probability:   0.0657963
per-segment probability dynamic range (kT): 15.1895
norm = 1, error in norm = 0 (0*epsilon)
MAB binning in use
Bottleneck bin occupancy may not be accurately reported
Waiting for segments to complete...
################ MAB stats ################
minima in each dimension:      [5.4342]
maxima in each dimension:      [39.5415]
direction in each dimension:   [86]
skip in each dimension:        [0]
###########################################
Iteration completed successfully
Iteration wallclock: 0:06:34.208077, cputime: 0:33:40.162153


Wed Jul 24 14:30:05 2024
Iteration 335 (500 requested)
Beginning iteration 335
132 segments remain in iteration 335 (132 total)
32 of 33 (96.969697%) active bins are populated
per-bin minimum non-zero probability:       5.45271e-08
per-bin maximum probability:                0.345752
per-bin probability dynamic range (kT):     15.6625
per-segment minimum non-zero probability:   1.08904e-08
per-segment maximum non-zero probability:   0.106252
per-segment probability dynamic range (kT): 16.0934
norm = 1, error in norm = 0 (0*epsilon)
MAB binning in use
Bottleneck bin occupancy may not be accurately reported
Waiting for segments to complete...
################ MAB stats ################
minima in each dimension:      [5.7214]
maxima in each dimension:      [39.6177]
direction in each dimension:   [86]
skip in each dimension:        [0]
###########################################
Iteration completed successfully
Iteration wallclock: 0:06:52.519566, cputime: 0:36:08.535139


Wed Jul 24 14:36:57 2024
Iteration 336 (500 requested)
Beginning iteration 336
132 segments remain in iteration 336 (132 total)
32 of 33 (96.969697%) active bins are populated
per-bin minimum non-zero probability:       3.83315e-08
per-bin maximum probability:                0.186685
per-bin probability dynamic range (kT):     15.3987
per-segment minimum non-zero probability:   9.58288e-09
per-segment maximum non-zero probability:   0.0919297
per-segment probability dynamic range (kT): 16.0766
norm = 1, error in norm = 2.22045e-16 (1*epsilon)
MAB binning in use
Bottleneck bin occupancy may not be accurately reported
Waiting for segments to complete...
################ MAB stats ################
minima in each dimension:      [5.7184]
maxima in each dimension:      [39.7011]
direction in each dimension:   [86]
skip in each dimension:        [0]
###########################################
Iteration completed successfully
Iteration wallclock: 0:06:57.557864, cputime: 0:35:59.022254


Wed Jul 24 14:43:55 2024
Iteration 337 (500 requested)
Beginning iteration 337
124 segments remain in iteration 337 (124 total)
32 of 33 (96.969697%) active bins are populated
per-bin minimum non-zero probability:       9.58288e-09
per-bin maximum probability:                0.249077
per-bin probability dynamic range (kT):     17.0733
per-segment minimum non-zero probability:   2.39572e-09
per-segment maximum non-zero probability:   0.0919297
per-segment probability dynamic range (kT): 17.4629
norm = 1, error in norm = -1.11022e-16 (-0.5*epsilon)
MAB binning in use
Bottleneck bin occupancy may not be accurately reported
Waiting for segments to complete...
################ MAB stats ################
minima in each dimension:      [6.7261]
maxima in each dimension:      [39.7348]
direction in each dimension:   [86]
skip in each dimension:        [0]
###########################################
Iteration completed successfully
Iteration wallclock: 0:06:32.057321, cputime: 0:33:41.288964


Wed Jul 24 14:50:27 2024
Iteration 338 (500 requested)
Beginning iteration 338
132 segments remain in iteration 338 (132 total)
31 of 33 (93.939394%) active bins are populated
per-bin minimum non-zero probability:       6.97902e-08
per-bin maximum probability:                0.25055
per-bin probability dynamic range (kT):     15.0937
per-segment minimum non-zero probability:   5.9893e-10
per-segment maximum non-zero probability:   0.0919297
per-segment probability dynamic range (kT): 18.8491
norm = 1, error in norm = 0 (0*epsilon)
MAB binning in use
Bottleneck bin occupancy may not be accurately reported
Waiting for segments to complete...
################ MAB stats ################
minima in each dimension:      [6.0786]
maxima in each dimension:      [39.9079]
direction in each dimension:   [86]
skip in each dimension:        [0]
###########################################
Iteration completed successfully
Iteration wallclock: 0:06:59.134427, cputime: 0:35:52.207809


Wed Jul 24 14:57:26 2024
Iteration 339 (500 requested)
Beginning iteration 339
132 segments remain in iteration 339 (132 total)
33 of 33 (100.000000%) active bins are populated
per-bin minimum non-zero probability:       1.03801e-07
per-bin maximum probability:                0.222657
per-bin probability dynamic range (kT):     14.5787
per-segment minimum non-zero probability:   1.78691e-08
per-segment maximum non-zero probability:   0.0661168
per-segment probability dynamic range (kT): 15.1239
norm = 1, error in norm = 0 (0*epsilon)
MAB binning in use
Bottleneck bin occupancy may not be accurately reported
Waiting for segments to complete...
################ MAB stats ################
minima in each dimension:      [5.0041]
maxima in each dimension:      [39.1703]
direction in each dimension:   [86]
skip in each dimension:        [0]
###########################################
Iteration completed successfully
Iteration wallclock: 0:06:55.341774, cputime: 0:35:30.126982


Wed Jul 24 15:04:21 2024
Iteration 340 (500 requested)
Beginning iteration 340
128 segments remain in iteration 340 (128 total)
31 of 33 (93.939394%) active bins are populated
per-bin minimum non-zero probability:       3.36972e-08
per-bin maximum probability:                0.141407
per-bin probability dynamic range (kT):     15.2497
per-segment minimum non-zero probability:   8.42431e-09
per-segment maximum non-zero probability:   0.0572525
per-segment probability dynamic range (kT): 15.7319
norm = 1, error in norm = 0 (0*epsilon)
MAB binning in use
Bottleneck bin occupancy may not be accurately reported
Waiting for segments to complete...
################ MAB stats ################
minima in each dimension:      [5.2319]
maxima in each dimension:      [39.9409]
direction in each dimension:   [86]
skip in each dimension:        [0]
###########################################
Iteration completed successfully
Iteration wallclock: 0:06:34.737331, cputime: 0:34:53.889255


Wed Jul 24 15:10:56 2024
Iteration 341 (500 requested)
Beginning iteration 341
132 segments remain in iteration 341 (132 total)
32 of 33 (96.969697%) active bins are populated
per-bin minimum non-zero probability:       4.07423e-08
per-bin maximum probability:                0.206388
per-bin probability dynamic range (kT):     15.438
per-segment minimum non-zero probability:   8.37594e-09
per-segment maximum non-zero probability:   0.0598761
per-segment probability dynamic range (kT): 15.7824
norm = 1, error in norm = 2.22045e-16 (1*epsilon)
MAB binning in use
Bottleneck bin occupancy may not be accurately reported
Waiting for segments to complete...
################ MAB stats ################
minima in each dimension:      [5.1608]
maxima in each dimension:      [39.784]
direction in each dimension:   [86]
skip in each dimension:        [0]
###########################################
Iteration completed successfully
Iteration wallclock: 0:07:00.330582, cputime: 0:35:46.062592


Wed Jul 24 15:17:56 2024
Iteration 342 (500 requested)
Beginning iteration 342
132 segments remain in iteration 342 (132 total)
32 of 33 (96.969697%) active bins are populated
per-bin minimum non-zero probability:       6.72434e-08
per-bin maximum probability:                0.182703
per-bin probability dynamic range (kT):     14.8151
per-segment minimum non-zero probability:   1.17722e-08
per-segment maximum non-zero probability:   0.0510463
per-segment probability dynamic range (kT): 15.2825
norm = 1, error in norm = 0 (0*epsilon)
MAB binning in use
Bottleneck bin occupancy may not be accurately reported
Waiting for segments to complete...
################ MAB stats ################
minima in each dimension:      [4.7159]
maxima in each dimension:      [39.2669]
direction in each dimension:   [86]
skip in each dimension:        [0]
###########################################
Iteration completed successfully
Iteration wallclock: 0:06:50.479386, cputime: 0:35:51.920898


Wed Jul 24 15:24:47 2024
Iteration 343 (500 requested)
Beginning iteration 343
128 segments remain in iteration 343 (128 total)
31 of 33 (93.939394%) active bins are populated
per-bin minimum non-zero probability:       2.9343e-08
per-bin maximum probability:                0.195573
per-bin probability dynamic range (kT):     15.7124
per-segment minimum non-zero probability:   5.85694e-09
per-segment maximum non-zero probability:   0.0551843
per-segment probability dynamic range (kT): 16.0586
norm = 1, error in norm = 0 (0*epsilon)
MAB binning in use
Bottleneck bin occupancy may not be accurately reported
Waiting for segments to complete...
################ MAB stats ################
minima in each dimension:      [6.1266]
maxima in each dimension:      [39.8284]
direction in each dimension:   [86]
skip in each dimension:        [0]
###########################################
Iteration completed successfully
Iteration wallclock: 0:06:32.677142, cputime: 0:35:01.167745


Wed Jul 24 15:31:20 2024
Iteration 344 (500 requested)
Beginning iteration 344
128 segments remain in iteration 344 (128 total)
31 of 33 (93.939394%) active bins are populated
per-bin minimum non-zero probability:       4.59065e-08
per-bin maximum probability:                0.124054
per-bin probability dynamic range (kT):     14.8096
per-segment minimum non-zero probability:   5.85694e-09
per-segment maximum non-zero probability:   0.0510463
per-segment probability dynamic range (kT): 15.9806
norm = 1, error in norm = 0 (0*epsilon)
MAB binning in use
Bottleneck bin occupancy may not be accurately reported
Waiting for segments to complete...
################ MAB stats ################
minima in each dimension:      [4.0754]
maxima in each dimension:      [38.7696]
direction in each dimension:   [86]
skip in each dimension:        [0]
###########################################
Iteration completed successfully
Iteration wallclock: 0:06:33.459692, cputime: 0:34:58.040963


Wed Jul 24 15:37:53 2024
Iteration 345 (500 requested)
Beginning iteration 345
124 segments remain in iteration 345 (124 total)
31 of 33 (93.939394%) active bins are populated
per-bin minimum non-zero probability:       5.85694e-09
per-bin maximum probability:                0.175457
per-bin probability dynamic range (kT):     17.2153
per-segment minimum non-zero probability:   1.46424e-09
per-segment maximum non-zero probability:   0.0482414
per-segment probability dynamic range (kT): 17.3104
norm = 1, error in norm = 0 (0*epsilon)
MAB binning in use
Bottleneck bin occupancy may not be accurately reported
Waiting for segments to complete...
################ MAB stats ################
minima in each dimension:      [4.8727]
maxima in each dimension:      [37.8391]
direction in each dimension:   [86]
skip in each dimension:        [0]
###########################################
Iteration completed successfully
Iteration wallclock: 0:06:32.582109, cputime: 0:33:43.223607


Wed Jul 24 15:44:26 2024
Iteration 346 (500 requested)
Beginning iteration 346
124 segments remain in iteration 346 (124 total)
30 of 33 (90.909091%) active bins are populated
per-bin minimum non-zero probability:       2.19637e-08
per-bin maximum probability:                0.183844
per-bin probability dynamic range (kT):     15.9402
per-segment minimum non-zero probability:   3.92632e-09
per-segment maximum non-zero probability:   0.0555011
per-segment probability dynamic range (kT): 16.4642
norm = 1, error in norm = 0 (0*epsilon)
MAB binning in use
Bottleneck bin occupancy may not be accurately reported
Waiting for segments to complete...
################ MAB stats ################
minima in each dimension:      [3.1716]
maxima in each dimension:      [38.7]
direction in each dimension:   [86]
skip in each dimension:        [0]
###########################################
Iteration completed successfully
Iteration wallclock: 0:06:27.175545, cputime: 0:33:21.614809


Wed Jul 24 15:50:53 2024
Iteration 347 (500 requested)
Beginning iteration 347
124 segments remain in iteration 347 (124 total)
31 of 33 (93.939394%) active bins are populated
per-bin minimum non-zero probability:       7.85264e-09
per-bin maximum probability:                0.21714
per-bin probability dynamic range (kT):     17.1352
per-segment minimum non-zero probability:   1.96316e-09
per-segment maximum non-zero probability:   0.0799421
per-segment probability dynamic range (kT): 17.5223
norm = 1, error in norm = 2.22045e-16 (1*epsilon)
MAB binning in use
Bottleneck bin occupancy may not be accurately reported
Waiting for segments to complete...
################ MAB stats ################
minima in each dimension:      [5.2321]
maxima in each dimension:      [36.6534]
direction in each dimension:   [86]
skip in each dimension:        [0]
###########################################
Iteration completed successfully
Iteration wallclock: 0:06:37.884888, cputime: 0:33:15.264428


Wed Jul 24 15:57:31 2024
Iteration 348 (500 requested)
Beginning iteration 348
128 segments remain in iteration 348 (128 total)
32 of 33 (96.969697%) active bins are populated
per-bin minimum non-zero probability:       2.86859e-08
per-bin maximum probability:                0.162722
per-bin probability dynamic range (kT):     15.5511
per-segment minimum non-zero probability:   5.95637e-09
per-segment maximum non-zero probability:   0.0472246
per-segment probability dynamic range (kT): 15.886
norm = 1, error in norm = 0 (0*epsilon)
MAB binning in use
Bottleneck bin occupancy may not be accurately reported
Waiting for segments to complete...
################ MAB stats ################
minima in each dimension:      [2.2203]
maxima in each dimension:      [39.3082]
direction in each dimension:   [86]
skip in each dimension:        [0]
###########################################
Iteration completed successfully
Iteration wallclock: 0:06:36.196109, cputime: 0:34:42.252989


Wed Jul 24 16:04:07 2024
Iteration 349 (500 requested)
Beginning iteration 349
124 segments remain in iteration 349 (124 total)
31 of 33 (93.939394%) active bins are populated
per-bin minimum non-zero probability:       1.1952e-08
per-bin maximum probability:                0.18384
per-bin probability dynamic range (kT):     16.5487
per-segment minimum non-zero probability:   2.35263e-09
per-segment maximum non-zero probability:   0.0627615
per-segment probability dynamic range (kT): 17.0993
norm = 1, error in norm = 0 (0*epsilon)
MAB binning in use
Bottleneck bin occupancy may not be accurately reported
Waiting for segments to complete...
################ MAB stats ################
minima in each dimension:      [3.138]
maxima in each dimension:      [39.6534]
direction in each dimension:   [86]
skip in each dimension:        [0]
###########################################
Iteration completed successfully
Iteration wallclock: 0:06:39.577333, cputime: 0:33:54.792388


Wed Jul 24 16:10:46 2024
Iteration 350 (500 requested)
Beginning iteration 350
124 segments remain in iteration 350 (124 total)
30 of 33 (90.909091%) active bins are populated
per-bin minimum non-zero probability:       8.32864e-09
per-bin maximum probability:                0.240802
per-bin probability dynamic range (kT):     17.1798
per-segment minimum non-zero probability:   1.494e-09
per-segment maximum non-zero probability:   0.0836089
per-segment probability dynamic range (kT): 17.8402
norm = 1, error in norm = 2.22045e-16 (1*epsilon)
MAB binning in use
Bottleneck bin occupancy may not be accurately reported
Waiting for segments to complete...
################ MAB stats ################
minima in each dimension:      [4.2253]
maxima in each dimension:      [39.0688]
direction in each dimension:   [86]
skip in each dimension:        [0]
###########################################
Iteration completed successfully
Iteration wallclock: 0:06:41.300645, cputime: 0:33:53.066412


Wed Jul 24 16:17:28 2024
Iteration 351 (500 requested)
Beginning iteration 351
128 segments remain in iteration 351 (128 total)
32 of 33 (96.969697%) active bins are populated
per-bin minimum non-zero probability:       1.79084e-08
per-bin maximum probability:                0.258203
per-bin probability dynamic range (kT):     16.484
per-segment minimum non-zero probability:   2.35263e-09
per-segment maximum non-zero probability:   0.0867874
per-segment probability dynamic range (kT): 17.4234
norm = 1, error in norm = 0 (0*epsilon)
MAB binning in use
Bottleneck bin occupancy may not be accurately reported
Waiting for segments to complete...
################ MAB stats ################
minima in each dimension:      [3.962]
maxima in each dimension:      [38.7436]
direction in each dimension:   [86]
skip in each dimension:        [0]
###########################################
Iteration completed successfully
Iteration wallclock: 0:07:01.394579, cputime: 0:34:43.020475


Wed Jul 24 16:24:29 2024
Iteration 352 (500 requested)
Beginning iteration 352
128 segments remain in iteration 352 (128 total)
32 of 33 (96.969697%) active bins are populated
per-bin minimum non-zero probability:       2.988e-09
per-bin maximum probability:                0.191082
per-bin probability dynamic range (kT):     17.9736
per-segment minimum non-zero probability:   7.47001e-10
per-segment maximum non-zero probability:   0.0647671
per-segment probability dynamic range (kT): 18.278
norm = 1, error in norm = 0 (0*epsilon)
MAB binning in use
Bottleneck bin occupancy may not be accurately reported
Waiting for segments to complete...
################ MAB stats ################
minima in each dimension:      [3.7022]
maxima in each dimension:      [39.61]
direction in each dimension:   [86]
skip in each dimension:        [0]
###########################################
Iteration completed successfully
Iteration wallclock: 0:07:00.744590, cputime: 0:34:17.063530


Wed Jul 24 16:31:30 2024
Iteration 353 (500 requested)
Beginning iteration 353
132 segments remain in iteration 353 (132 total)
33 of 33 (100.000000%) active bins are populated
per-bin minimum non-zero probability:       7.47001e-10
per-bin maximum probability:                0.159206
per-bin probability dynamic range (kT):     19.1774
per-segment minimum non-zero probability:   1.8675e-10
per-segment maximum non-zero probability:   0.0594238
per-segment probability dynamic range (kT): 19.5782
norm = 1, error in norm = 2.22045e-16 (1*epsilon)
MAB binning in use
Bottleneck bin occupancy may not be accurately reported
Waiting for segments to complete...
################ MAB stats ################
minima in each dimension:      [4.7594]
maxima in each dimension:      [39.9391]
direction in each dimension:   [86]
skip in each dimension:        [0]
###########################################
Iteration completed successfully
Iteration wallclock: 0:07:11.510347, cputime: 0:35:32.273654


Wed Jul 24 16:38:41 2024
Iteration 354 (500 requested)
Beginning iteration 354
132 segments remain in iteration 354 (132 total)
32 of 33 (96.969697%) active bins are populated
per-bin minimum non-zero probability:       1.58774e-08
per-bin maximum probability:                0.178211
per-bin probability dynamic range (kT):     16.2336
per-segment minimum non-zero probability:   1.1205e-09
per-segment maximum non-zero probability:   0.0594238
per-segment probability dynamic range (kT): 17.7864
norm = 1, error in norm = 0 (0*epsilon)
MAB binning in use
Bottleneck bin occupancy may not be accurately reported
Waiting for segments to complete...
################ MAB stats ################
minima in each dimension:      [5.0308]
maxima in each dimension:      [39.6838]
direction in each dimension:   [86]
skip in each dimension:        [0]
###########################################
Iteration completed successfully
Iteration wallclock: 0:07:02.343556, cputime: 0:35:55.748119


Wed Jul 24 16:45:44 2024
Iteration 355 (500 requested)
Beginning iteration 355
132 segments remain in iteration 355 (132 total)
33 of 33 (100.000000%) active bins are populated
per-bin minimum non-zero probability:       1.99933e-09
per-bin maximum probability:                0.338818
per-bin probability dynamic range (kT):     18.9482
per-segment minimum non-zero probability:   4.99832e-10
per-segment maximum non-zero probability:   0.112228
per-segment probability dynamic range (kT): 19.2295
norm = 1, error in norm = 2.22045e-16 (1*epsilon)
MAB binning in use
Bottleneck bin occupancy may not be accurately reported
Waiting for segments to complete...
################ MAB stats ################
minima in each dimension:      [3.6144]
maxima in each dimension:      [39.9171]
direction in each dimension:   [86]
skip in each dimension:        [0]
###########################################
Iteration completed successfully
Iteration wallclock: 0:07:06.211604, cputime: 0:35:49.212160


Wed Jul 24 16:52:50 2024
Iteration 356 (500 requested)
Beginning iteration 356
132 segments remain in iteration 356 (132 total)
32 of 33 (96.969697%) active bins are populated
per-bin minimum non-zero probability:       4.9605e-09
per-bin maximum probability:                0.210327
per-bin probability dynamic range (kT):     17.5627
per-segment minimum non-zero probability:   1.24013e-09
per-segment maximum non-zero probability:   0.076361
per-segment probability dynamic range (kT): 17.9358
norm = 1, error in norm = 0 (0*epsilon)
MAB binning in use
Bottleneck bin occupancy may not be accurately reported
Waiting for segments to complete...
################ MAB stats ################
minima in each dimension:      [5.3147]
maxima in each dimension:      [39.0505]
direction in each dimension:   [86]
skip in each dimension:        [0]
###########################################
Iteration completed successfully
Iteration wallclock: 0:06:58.871509, cputime: 0:35:59.269570


Wed Jul 24 16:59:49 2024
Iteration 357 (500 requested)
Beginning iteration 357
132 segments remain in iteration 357 (132 total)
31 of 33 (93.939394%) active bins are populated
per-bin minimum non-zero probability:       8.94437e-09
per-bin maximum probability:                0.187069
per-bin probability dynamic range (kT):     16.856
per-segment minimum non-zero probability:   1.992e-09
per-segment maximum non-zero probability:   0.076361
per-segment probability dynamic range (kT): 17.4618
norm = 1, error in norm = 2.22045e-16 (1*epsilon)
MAB binning in use
Bottleneck bin occupancy may not be accurately reported
Waiting for segments to complete...
################ MAB stats ################
minima in each dimension:      [5.0724]
maxima in each dimension:      [39.7981]
direction in each dimension:   [86]
skip in each dimension:        [0]
###########################################
Iteration completed successfully
Iteration wallclock: 0:07:01.919128, cputime: 0:35:40.312974


Wed Jul 24 17:06:51 2024
Iteration 358 (500 requested)
Beginning iteration 358
128 segments remain in iteration 358 (128 total)
33 of 33 (100.000000%) active bins are populated
per-bin minimum non-zero probability:       6.46426e-09
per-bin maximum probability:                0.281264
per-bin probability dynamic range (kT):     17.5885
per-segment minimum non-zero probability:   1.24013e-09
per-segment maximum non-zero probability:   0.0767082
per-segment probability dynamic range (kT): 17.9403
norm = 1, error in norm = 0 (0*epsilon)
MAB binning in use
Bottleneck bin occupancy may not be accurately reported
Waiting for segments to complete...
################ MAB stats ################
minima in each dimension:      [3.478]
maxima in each dimension:      [39.7314]
direction in each dimension:   [86]
skip in each dimension:        [0]
###########################################
Iteration completed successfully
Iteration wallclock: 0:06:52.329112, cputime: 0:34:23.748943


Wed Jul 24 17:13:43 2024
Iteration 359 (500 requested)
Beginning iteration 359
132 segments remain in iteration 359 (132 total)
32 of 33 (96.969697%) active bins are populated
per-bin minimum non-zero probability:       3.23213e-09
per-bin maximum probability:                0.208859
per-bin probability dynamic range (kT):     17.984
per-segment minimum non-zero probability:   6.64001e-10
per-segment maximum non-zero probability:   0.0767082
per-segment probability dynamic range (kT): 18.565
norm = 1, error in norm = 0 (0*epsilon)
MAB binning in use
Bottleneck bin occupancy may not be accurately reported
Waiting for segments to complete...
################ MAB stats ################
minima in each dimension:      [4.4172]
maxima in each dimension:      [39.9094]
direction in each dimension:   [86]
skip in each dimension:        [0]
###########################################
Iteration completed successfully
Iteration wallclock: 0:06:59.267875, cputime: 0:35:20.568079


Wed Jul 24 17:20:42 2024
Iteration 360 (500 requested)
Beginning iteration 360
132 segments remain in iteration 360 (132 total)
33 of 33 (100.000000%) active bins are populated
per-bin minimum non-zero probability:       6.41109e-09
per-bin maximum probability:                0.208937
per-bin probability dynamic range (kT):     17.2995
per-segment minimum non-zero probability:   1.11333e-09
per-segment maximum non-zero probability:   0.069235
per-segment probability dynamic range (kT): 17.9457
norm = 1, error in norm = 0 (0*epsilon)
MAB binning in use
Bottleneck bin occupancy may not be accurately reported
Waiting for segments to complete...
################ MAB stats ################
minima in each dimension:      [5.476]
maxima in each dimension:      [39.9951]
direction in each dimension:   [86]
skip in each dimension:        [0]
###########################################
Iteration completed successfully
Iteration wallclock: 0:06:58.565677, cputime: 0:35:59.560867


Wed Jul 24 17:27:41 2024
Iteration 361 (500 requested)
Beginning iteration 361
132 segments remain in iteration 361 (132 total)
33 of 33 (100.000000%) active bins are populated
per-bin minimum non-zero probability:       1.992e-09
per-bin maximum probability:                0.280526
per-bin probability dynamic range (kT):     18.763
per-segment minimum non-zero probability:   4.98001e-10
per-segment maximum non-zero probability:   0.0817505
per-segment probability dynamic range (kT): 18.9163
norm = 1, error in norm = 2.22045e-16 (1*epsilon)
MAB binning in use
Bottleneck bin occupancy may not be accurately reported
Waiting for segments to complete...
################ MAB stats ################
minima in each dimension:      [4.9327]
maxima in each dimension:      [39.9004]
direction in each dimension:   [86]
skip in each dimension:        [0]
###########################################
Iteration completed successfully
Iteration wallclock: 0:07:10.088377, cputime: 0:35:44.581255


Wed Jul 24 17:34:51 2024
Iteration 362 (500 requested)
Beginning iteration 362
128 segments remain in iteration 362 (128 total)
31 of 33 (93.939394%) active bins are populated
per-bin minimum non-zero probability:       4.98001e-10
per-bin maximum probability:                0.27709
per-bin probability dynamic range (kT):     20.137
per-segment minimum non-zero probability:   1.245e-10
per-segment maximum non-zero probability:   0.0817505
per-segment probability dynamic range (kT): 20.3026
norm = 1, error in norm = 0 (0*epsilon)
MAB binning in use
Bottleneck bin occupancy may not be accurately reported
Waiting for segments to complete...
################ MAB stats ################
minima in each dimension:      [4.4143]
maxima in each dimension:      [39.528]
direction in each dimension:   [86]
skip in each dimension:        [0]
###########################################
Iteration completed successfully
Iteration wallclock: 0:06:50.447289, cputime: 0:34:32.046380


Wed Jul 24 17:41:41 2024
Iteration 363 (500 requested)
Beginning iteration 363
132 segments remain in iteration 363 (132 total)
32 of 33 (96.969697%) active bins are populated
per-bin minimum non-zero probability:       2.49e-10
per-bin maximum probability:                0.268617
per-bin probability dynamic range (kT):     20.7991
per-segment minimum non-zero probability:   6.22501e-11
per-segment maximum non-zero probability:   0.0817505
per-segment probability dynamic range (kT): 20.9958
norm = 1, error in norm = 0 (0*epsilon)
MAB binning in use
Bottleneck bin occupancy may not be accurately reported
Waiting for segments to complete...
################ MAB stats ################
minima in each dimension:      [4.24]
maxima in each dimension:      [39.9375]
direction in each dimension:   [86]
skip in each dimension:        [0]
###########################################
Iteration completed successfully
Iteration wallclock: 0:06:51.291017, cputime: 0:35:59.092674


Wed Jul 24 17:48:33 2024
Iteration 364 (500 requested)
Beginning iteration 364
132 segments remain in iteration 364 (132 total)
33 of 33 (100.000000%) active bins are populated
per-bin minimum non-zero probability:       2.06688e-10
per-bin maximum probability:                0.233596
per-bin probability dynamic range (kT):     20.8457
per-segment minimum non-zero probability:   5.16719e-11
per-segment maximum non-zero probability:   0.069235
per-segment probability dynamic range (kT): 21.0159
norm = 1, error in norm = 0 (0*epsilon)
MAB binning in use
Bottleneck bin occupancy may not be accurately reported
Waiting for segments to complete...
################ MAB stats ################
minima in each dimension:      [5.114]
maxima in each dimension:      [39.8119]
direction in each dimension:   [86]
skip in each dimension:        [0]
###########################################
Iteration completed successfully
Iteration wallclock: 0:06:55.957419, cputime: 0:36:00.578412


Wed Jul 24 17:55:29 2024
Iteration 365 (500 requested)
Beginning iteration 365
128 segments remain in iteration 365 (128 total)
32 of 33 (96.969697%) active bins are populated
per-bin minimum non-zero probability:       5.0736e-10
per-bin maximum probability:                0.200335
per-bin probability dynamic range (kT):     19.794
per-segment minimum non-zero probability:   1.13922e-10
per-segment maximum non-zero probability:   0.069235
per-segment probability dynamic range (kT): 20.2253
norm = 1, error in norm = 2.22045e-16 (1*epsilon)
MAB binning in use
Bottleneck bin occupancy may not be accurately reported
Waiting for segments to complete...
################ MAB stats ################
minima in each dimension:      [5.3944]
maxima in each dimension:      [39.6268]
direction in each dimension:   [86]
skip in each dimension:        [0]
###########################################
Iteration completed successfully
Iteration wallclock: 0:06:39.400955, cputime: 0:35:07.287970


Wed Jul 24 18:02:08 2024
Iteration 366 (500 requested)
Beginning iteration 366
132 segments remain in iteration 366 (132 total)
32 of 33 (96.969697%) active bins are populated
per-bin minimum non-zero probability:       8.71776e-10
per-bin maximum probability:                0.175537
per-bin probability dynamic range (kT):     19.1206
per-segment minimum non-zero probability:   1.13922e-10
per-segment maximum non-zero probability:   0.0590787
per-segment probability dynamic range (kT): 20.0666
norm = 1, error in norm = 0 (0*epsilon)
MAB binning in use
Bottleneck bin occupancy may not be accurately reported
Waiting for segments to complete...
################ MAB stats ################
minima in each dimension:      [5.0055]
maxima in each dimension:      [39.1069]
direction in each dimension:   [86]
skip in each dimension:        [0]
###########################################
Iteration completed successfully
Iteration wallclock: 0:06:48.404663, cputime: 0:36:10.264578


Wed Jul 24 18:08:57 2024
Iteration 367 (500 requested)
Beginning iteration 367
128 segments remain in iteration 367 (128 total)
32 of 33 (96.969697%) active bins are populated
per-bin minimum non-zero probability:       5.51167e-10
per-bin maximum probability:                0.182968
per-bin probability dynamic range (kT):     19.6205
per-segment minimum non-zero probability:   8.39046e-11
per-segment maximum non-zero probability:   0.0627524
per-segment probability dynamic range (kT): 20.4328
norm = 1, error in norm = 0 (0*epsilon)
MAB binning in use
Bottleneck bin occupancy may not be accurately reported
Waiting for segments to complete...
################ MAB stats ################
minima in each dimension:      [4.9512]
maxima in each dimension:      [39.2911]
direction in each dimension:   [86]
skip in each dimension:        [0]
###########################################
Iteration completed successfully
Iteration wallclock: 0:06:35.229523, cputime: 0:35:04.637964


Wed Jul 24 18:15:32 2024
Iteration 368 (500 requested)
Beginning iteration 368
128 segments remain in iteration 368 (128 total)
32 of 33 (96.969697%) active bins are populated
per-bin minimum non-zero probability:       2.62292e-10
per-bin maximum probability:                0.28453
per-bin probability dynamic range (kT):     20.8046
per-segment minimum non-zero probability:   4.59306e-11
per-segment maximum non-zero probability:   0.0901855
per-segment probability dynamic range (kT): 21.398
norm = 1, error in norm = 0 (0*epsilon)
MAB binning in use
Bottleneck bin occupancy may not be accurately reported
Waiting for segments to complete...
################ MAB stats ################
minima in each dimension:      [4.1954]
maxima in each dimension:      [39.9329]
direction in each dimension:   [86]
skip in each dimension:        [0]
###########################################
Iteration completed successfully
Iteration wallclock: 0:06:35.812665, cputime: 0:34:55.321096


Wed Jul 24 18:22:08 2024
Iteration 369 (500 requested)
Beginning iteration 369
128 segments remain in iteration 369 (128 total)
31 of 33 (93.939394%) active bins are populated
per-bin minimum non-zero probability:       6.88958e-11
per-bin maximum probability:                0.261694
per-bin probability dynamic range (kT):     22.0578
per-segment minimum non-zero probability:   1.7224e-11
per-segment maximum non-zero probability:   0.0901855
per-segment probability dynamic range (kT): 22.3788
norm = 1, error in norm = 0 (0*epsilon)
MAB binning in use
Bottleneck bin occupancy may not be accurately reported
Waiting for segments to complete...
################ MAB stats ################
minima in each dimension:      [4.9995]
maxima in each dimension:      [39.4205]
direction in each dimension:   [86]
skip in each dimension:        [0]
###########################################
Iteration completed successfully
Iteration wallclock: 0:06:37.106600, cputime: 0:34:59.599583


Wed Jul 24 18:28:45 2024
Iteration 370 (500 requested)
Beginning iteration 370
124 segments remain in iteration 370 (124 total)
32 of 33 (96.969697%) active bins are populated
per-bin minimum non-zero probability:       1.37792e-10
per-bin maximum probability:                0.140372
per-bin probability dynamic range (kT):     20.7418
per-segment minimum non-zero probability:   3.44479e-11
per-segment maximum non-zero probability:   0.0638096
per-segment probability dynamic range (kT): 21.3397
norm = 1, error in norm = 2.22045e-16 (1*epsilon)
MAB binning in use
Bottleneck bin occupancy may not be accurately reported
Waiting for segments to complete...
################ MAB stats ################
minima in each dimension:      [4.4126]
maxima in each dimension:      [39.9767]
direction in each dimension:   [86]
skip in each dimension:        [0]
###########################################
Iteration completed successfully
Iteration wallclock: 0:06:25.378473, cputime: 0:33:54.012792


Wed Jul 24 18:35:10 2024
Iteration 371 (500 requested)
Beginning iteration 371
128 segments remain in iteration 371 (128 total)
31 of 33 (93.939394%) active bins are populated
per-bin minimum non-zero probability:       6.52453e-11
per-bin maximum probability:                0.191432
per-bin probability dynamic range (kT):     21.7996
per-segment minimum non-zero probability:   1.63113e-11
per-segment maximum non-zero probability:   0.0620738
per-segment probability dynamic range (kT): 22.0597
norm = 1, error in norm = 0 (0*epsilon)
MAB binning in use
Bottleneck bin occupancy may not be accurately reported
Waiting for segments to complete...
################ MAB stats ################
minima in each dimension:      [5.287]
maxima in each dimension:      [39.8577]
direction in each dimension:   [86]
skip in each dimension:        [0]
###########################################
Iteration completed successfully
Iteration wallclock: 0:06:37.458498, cputime: 0:34:27.209084


Wed Jul 24 18:41:48 2024
Iteration 372 (500 requested)
Beginning iteration 372
128 segments remain in iteration 372 (128 total)
32 of 33 (96.969697%) active bins are populated
per-bin minimum non-zero probability:       1.36879e-10
per-bin maximum probability:                0.167954
per-bin probability dynamic range (kT):     20.9279
per-segment minimum non-zero probability:   2.87066e-11
per-segment maximum non-zero probability:   0.0620738
per-segment probability dynamic range (kT): 21.4945
norm = 1, error in norm = 0 (0*epsilon)
MAB binning in use
Bottleneck bin occupancy may not be accurately reported
Waiting for segments to complete...
################ MAB stats ################
minima in each dimension:      [5.8117]
maxima in each dimension:      [39.8451]
direction in each dimension:   [86]
skip in each dimension:        [0]
###########################################
Iteration completed successfully
Iteration wallclock: 0:06:44.603985, cputime: 0:34:55.571861


Wed Jul 24 18:48:32 2024
Iteration 373 (500 requested)
Beginning iteration 373
128 segments remain in iteration 373 (128 total)
31 of 33 (93.939394%) active bins are populated
per-bin minimum non-zero probability:       7.37245e-11
per-bin maximum probability:                0.173755
per-bin probability dynamic range (kT):     21.5806
per-segment minimum non-zero probability:   1.5006e-11
per-segment maximum non-zero probability:   0.0526561
per-segment probability dynamic range (kT): 21.9786
norm = 1, error in norm = 0 (0*epsilon)
MAB binning in use
Bottleneck bin occupancy may not be accurately reported
Waiting for segments to complete...
################ MAB stats ################
minima in each dimension:      [4.1609]
maxima in each dimension:      [39.9138]
direction in each dimension:   [86]
skip in each dimension:        [0]
###########################################
Iteration completed successfully
Iteration wallclock: 0:06:40.399648, cputime: 0:34:44.075352


Wed Jul 24 18:55:13 2024
Iteration 374 (500 requested)
Beginning iteration 374
124 segments remain in iteration 374 (124 total)
32 of 33 (96.969697%) active bins are populated
per-bin minimum non-zero probability:       3.00119e-11
per-bin maximum probability:                0.172674
per-bin probability dynamic range (kT):     22.4731
per-segment minimum non-zero probability:   7.50299e-12
per-segment maximum non-zero probability:   0.0526561
per-segment probability dynamic range (kT): 22.6717
norm = 1, error in norm = 4.44089e-16 (2*epsilon)
MAB binning in use
Bottleneck bin occupancy may not be accurately reported
Waiting for segments to complete...
################ MAB stats ################
minima in each dimension:      [4.2032]
maxima in each dimension:      [39.383]
direction in each dimension:   [86]
skip in each dimension:        [0]
###########################################
Iteration completed successfully
Iteration wallclock: 0:06:27.884071, cputime: 0:33:43.756271


Wed Jul 24 19:01:40 2024
Iteration 375 (500 requested)
Beginning iteration 375
128 segments remain in iteration 375 (128 total)
31 of 33 (93.939394%) active bins are populated
per-bin minimum non-zero probability:       2.38143e-11
per-bin maximum probability:                0.188634
per-bin probability dynamic range (kT):     22.7928
per-segment minimum non-zero probability:   5.43711e-12
per-segment maximum non-zero probability:   0.0634886
per-segment probability dynamic range (kT): 23.1809
norm = 1, error in norm = 0 (0*epsilon)
MAB binning in use
Bottleneck bin occupancy may not be accurately reported
Waiting for segments to complete...
################ MAB stats ################
minima in each dimension:      [3.1961]
maxima in each dimension:      [39.8137]
direction in each dimension:   [86]
skip in each dimension:        [0]
###########################################
Iteration completed successfully
Iteration wallclock: 0:06:24.266378, cputime: 0:35:04.151764


Wed Jul 24 19:08:05 2024
Iteration 376 (500 requested)
Beginning iteration 376
128 segments remain in iteration 376 (128 total)
32 of 33 (96.969697%) active bins are populated
per-bin minimum non-zero probability:       1.83772e-11
per-bin maximum probability:                0.254292
per-bin probability dynamic range (kT):     23.3506
per-segment minimum non-zero probability:   3.75149e-12
per-segment maximum non-zero probability:   0.0852591
per-segment probability dynamic range (kT): 23.8468
norm = 1, error in norm = 0 (0*epsilon)
MAB binning in use
Bottleneck bin occupancy may not be accurately reported
Waiting for segments to complete...
################ MAB stats ################
minima in each dimension:      [3.6265]
maxima in each dimension:      [39.4622]
direction in each dimension:   [86]
skip in each dimension:        [0]
###########################################
Iteration completed successfully
Iteration wallclock: 0:06:23.898544, cputime: 0:35:11.504527


Wed Jul 24 19:14:29 2024
Iteration 377 (500 requested)
Beginning iteration 377
128 segments remain in iteration 377 (128 total)
31 of 33 (93.939394%) active bins are populated
per-bin minimum non-zero probability:       5.1034e-12
per-bin maximum probability:                0.245211
per-bin probability dynamic range (kT):     24.5955
per-segment minimum non-zero probability:   1.27585e-12
per-segment maximum non-zero probability:   0.0852591
per-segment probability dynamic range (kT): 24.9253
norm = 1, error in norm = 2.22045e-16 (1*epsilon)
MAB binning in use
Bottleneck bin occupancy may not be accurately reported
Waiting for segments to complete...
################ MAB stats ################
minima in each dimension:      [3.7929]
maxima in each dimension:      [39.7769]
direction in each dimension:   [86]
skip in each dimension:        [0]
###########################################
Iteration completed successfully
Iteration wallclock: 0:06:23.555340, cputime: 0:35:17.238431


Wed Jul 24 19:20:52 2024
Iteration 378 (500 requested)
Beginning iteration 378
128 segments remain in iteration 378 (128 total)
32 of 33 (96.969697%) active bins are populated
per-bin minimum non-zero probability:       7.55369e-12
per-bin maximum probability:                0.176445
per-bin probability dynamic range (kT):     23.8742
per-segment minimum non-zero probability:   1.66733e-12
per-segment maximum non-zero probability:   0.0642229
per-segment probability dynamic range (kT): 24.3744
norm = 1, error in norm = 0 (0*epsilon)
MAB binning in use
Bottleneck bin occupancy may not be accurately reported
Waiting for segments to complete...
################ MAB stats ################
minima in each dimension:      [3.9487]
maxima in each dimension:      [38.8296]
direction in each dimension:   [86]
skip in each dimension:        [0]
###########################################
Iteration completed successfully
Iteration wallclock: 0:06:25.164923, cputime: 0:35:17.377126


Wed Jul 24 19:27:17 2024
Iteration 379 (500 requested)
Beginning iteration 379
132 segments remain in iteration 379 (132 total)
32 of 33 (96.969697%) active bins are populated
per-bin minimum non-zero probability:       1.66733e-12
per-bin maximum probability:                0.158177
per-bin probability dynamic range (kT):     25.2758
per-segment minimum non-zero probability:   4.16833e-13
per-segment maximum non-zero probability:   0.046497
per-segment probability dynamic range (kT): 25.4377
norm = 1, error in norm = 0 (0*epsilon)
MAB binning in use
Bottleneck bin occupancy may not be accurately reported
Waiting for segments to complete...
################ MAB stats ################
minima in each dimension:      [4.0011]
maxima in each dimension:      [39.251]
direction in each dimension:   [86]
skip in each dimension:        [0]
###########################################
Iteration completed successfully
Iteration wallclock: 0:06:41.496943, cputime: 0:36:13.276262


Wed Jul 24 19:33:59 2024
Iteration 380 (500 requested)
Beginning iteration 380
128 segments remain in iteration 380 (128 total)
32 of 33 (96.969697%) active bins are populated
per-bin minimum non-zero probability:       3.36846e-12
per-bin maximum probability:                0.264245
per-bin probability dynamic range (kT):     25.0857
per-segment minimum non-zero probability:   8.33665e-13
per-segment maximum non-zero probability:   0.0880442
per-segment probability dynamic range (kT): 25.383
norm = 1, error in norm = 2.22045e-16 (1*epsilon)
MAB binning in use
Bottleneck bin occupancy may not be accurately reported
Waiting for segments to complete...
################ MAB stats ################
minima in each dimension:      [4.513]
maxima in each dimension:      [39.9095]
direction in each dimension:   [86]
skip in each dimension:        [0]
###########################################
Iteration completed successfully
Iteration wallclock: 0:06:25.520189, cputime: 0:35:05.647262


Wed Jul 24 19:40:24 2024
Iteration 381 (500 requested)
Beginning iteration 381
124 segments remain in iteration 381 (124 total)
31 of 33 (93.939394%) active bins are populated
per-bin minimum non-zero probability:       8.82621e-12
per-bin maximum probability:                0.252898
per-bin probability dynamic range (kT):     24.0785
per-segment minimum non-zero probability:   1.81237e-12
per-segment maximum non-zero probability:   0.0895695
per-segment probability dynamic range (kT): 24.6236
norm = 1, error in norm = 2.22045e-16 (1*epsilon)
MAB binning in use
Bottleneck bin occupancy may not be accurately reported
Waiting for segments to complete...
################ MAB stats ################
minima in each dimension:      [3.2793]
maxima in each dimension:      [39.4576]
direction in each dimension:   [86]
skip in each dimension:        [0]
###########################################
Iteration completed successfully
Iteration wallclock: 0:06:20.074723, cputime: 0:33:57.816554


Wed Jul 24 19:46:44 2024
Iteration 382 (500 requested)
Beginning iteration 382
132 segments remain in iteration 382 (132 total)
32 of 33 (96.969697%) active bins are populated
per-bin minimum non-zero probability:       3.62474e-12
per-bin maximum probability:                0.405156
per-bin probability dynamic range (kT):     25.4398
per-segment minimum non-zero probability:   9.06184e-13
per-segment maximum non-zero probability:   0.135046
per-segment probability dynamic range (kT): 25.7274
norm = 1, error in norm = 2.22045e-16 (1*epsilon)
MAB binning in use
Bottleneck bin occupancy may not be accurately reported
Waiting for segments to complete...
################ MAB stats ################
minima in each dimension:      [4.4318]
maxima in each dimension:      [38.998]
direction in each dimension:   [86]
skip in each dimension:        [0]
###########################################
Iteration completed successfully
Iteration wallclock: 0:06:40.834478, cputime: 0:36:06.384262


Wed Jul 24 19:53:25 2024
Iteration 383 (500 requested)
Beginning iteration 383
132 segments remain in iteration 383 (132 total)
31 of 33 (93.939394%) active bins are populated
per-bin minimum non-zero probability:       4.82807e-12
per-bin maximum probability:                0.187449
per-bin probability dynamic range (kT):     24.3823
per-segment minimum non-zero probability:   9.06184e-13
per-segment maximum non-zero probability:   0.059713
per-segment probability dynamic range (kT): 24.9113
norm = 1, error in norm = 2.22045e-16 (1*epsilon)
MAB binning in use
Bottleneck bin occupancy may not be accurately reported
Waiting for segments to complete...
################ MAB stats ################
minima in each dimension:      [1.7102]
maxima in each dimension:      [39.828]
direction in each dimension:   [86]
skip in each dimension:        [0]
###########################################
Iteration completed successfully
Iteration wallclock: 0:06:43.181741, cputime: 0:36:08.789028


Wed Jul 24 20:00:08 2024
Iteration 384 (500 requested)
Beginning iteration 384
120 segments remain in iteration 384 (120 total)
30 of 33 (90.909091%) active bins are populated
per-bin minimum non-zero probability:       1.20702e-12
per-bin maximum probability:                0.182451
per-bin probability dynamic range (kT):     25.7416
per-segment minimum non-zero probability:   3.01754e-13
per-segment maximum non-zero probability:   0.059713
per-segment probability dynamic range (kT): 26.011
norm = 1, error in norm = 2.22045e-16 (1*epsilon)
MAB binning in use
Bottleneck bin occupancy may not be accurately reported
Waiting for segments to complete...
################ MAB stats ################
minima in each dimension:      [4.1786]
maxima in each dimension:      [39.8495]
direction in each dimension:   [86]
skip in each dimension:        [0]
###########################################
Iteration completed successfully
Iteration wallclock: 0:06:04.230843, cputime: 0:32:58.379971


Wed Jul 24 20:06:13 2024
Iteration 385 (500 requested)
Beginning iteration 385
128 segments remain in iteration 385 (128 total)
31 of 33 (93.939394%) active bins are populated
per-bin minimum non-zero probability:       1.16897e-12
per-bin maximum probability:                0.217846
per-bin probability dynamic range (kT):     25.9509
per-segment minimum non-zero probability:   2.92243e-13
per-segment maximum non-zero probability:   0.0689719
per-segment probability dynamic range (kT): 26.1871
norm = 1, error in norm = 0 (0*epsilon)
MAB binning in use
Bottleneck bin occupancy may not be accurately reported
Waiting for segments to complete...
################ MAB stats ################
minima in each dimension:      [3.9339]
maxima in each dimension:      [39.8478]
direction in each dimension:   [86]
skip in each dimension:        [0]
###########################################
Iteration completed successfully
Iteration wallclock: 0:06:24.988692, cputime: 0:35:14.330402


Wed Jul 24 20:12:38 2024
Iteration 386 (500 requested)
Beginning iteration 386
132 segments remain in iteration 386 (132 total)
33 of 33 (100.000000%) active bins are populated
per-bin minimum non-zero probability:       3.62702e-12
per-bin maximum probability:                0.241931
per-bin probability dynamic range (kT):     24.9235
per-segment minimum non-zero probability:   7.85041e-13
per-segment maximum non-zero probability:   0.0689719
per-segment probability dynamic range (kT): 25.199
norm = 1, error in norm = 2.22045e-16 (1*epsilon)
MAB binning in use
Bottleneck bin occupancy may not be accurately reported
Waiting for segments to complete...
################ MAB stats ################
minima in each dimension:      [3.7649]
maxima in each dimension:      [39.8827]
direction in each dimension:   [86]
skip in each dimension:        [0]
###########################################
Iteration completed successfully
Iteration wallclock: 0:06:43.020353, cputime: 0:35:57.263495


Wed Jul 24 20:19:21 2024
Iteration 387 (500 requested)
Beginning iteration 387
132 segments remain in iteration 387 (132 total)
33 of 33 (100.000000%) active bins are populated
per-bin minimum non-zero probability:       1.29402e-12
per-bin maximum probability:                0.163202
per-bin probability dynamic range (kT):     25.5605
per-segment minimum non-zero probability:   3.23504e-13
per-segment maximum non-zero probability:   0.059713
per-segment probability dynamic range (kT): 25.9414
norm = 1, error in norm = 2.22045e-16 (1*epsilon)
MAB binning in use
Bottleneck bin occupancy may not be accurately reported
Waiting for segments to complete...
################ MAB stats ################
minima in each dimension:      [4.3536]
maxima in each dimension:      [39.6769]
direction in each dimension:   [86]
skip in each dimension:        [0]
###########################################
Iteration completed successfully
Iteration wallclock: 0:06:44.081238, cputime: 0:36:09.006435


Wed Jul 24 20:26:05 2024
Iteration 388 (500 requested)
Beginning iteration 388
128 segments remain in iteration 388 (128 total)
31 of 33 (93.939394%) active bins are populated
per-bin minimum non-zero probability:       2.07906e-12
per-bin maximum probability:                0.194555
per-bin probability dynamic range (kT):     25.2621
per-segment minimum non-zero probability:   4.48793e-13
per-segment maximum non-zero probability:   0.059713
per-segment probability dynamic range (kT): 25.614
norm = 1, error in norm = 2.22045e-16 (1*epsilon)
MAB binning in use
Bottleneck bin occupancy may not be accurately reported
Waiting for segments to complete...
################ MAB stats ################
minima in each dimension:      [5.2915]
maxima in each dimension:      [39.5067]
direction in each dimension:   [86]
skip in each dimension:        [0]
###########################################
Iteration completed successfully
Iteration wallclock: 0:06:27.532021, cputime: 0:35:08.776283


Wed Jul 24 20:32:32 2024
Iteration 389 (500 requested)
Beginning iteration 389
124 segments remain in iteration 389 (124 total)
31 of 33 (93.939394%) active bins are populated
per-bin minimum non-zero probability:       1.10472e-11
per-bin maximum probability:                0.150398
per-bin probability dynamic range (kT):     23.3344
per-segment minimum non-zero probability:   1.88079e-12
per-segment maximum non-zero probability:   0.059713
per-segment probability dynamic range (kT): 24.1811
norm = 1, error in norm = 2.22045e-16 (1*epsilon)
MAB binning in use
Bottleneck bin occupancy may not be accurately reported
Waiting for segments to complete...
################ MAB stats ################
minima in each dimension:      [3.1758]
maxima in each dimension:      [39.3152]
direction in each dimension:   [86]
skip in each dimension:        [0]
###########################################
Iteration completed successfully
Iteration wallclock: 0:06:23.722165, cputime: 0:33:49.517092


Wed Jul 24 20:38:56 2024
Iteration 390 (500 requested)
Beginning iteration 390
128 segments remain in iteration 390 (128 total)
32 of 33 (96.969697%) active bins are populated
per-bin minimum non-zero probability:       5.79177e-12
per-bin maximum probability:                0.212387
per-bin probability dynamic range (kT):     24.3252
per-segment minimum non-zero probability:   1.30366e-12
per-segment maximum non-zero probability:   0.0681357
per-segment probability dynamic range (kT): 24.6796
norm = 1, error in norm = 0 (0*epsilon)
MAB binning in use
Bottleneck bin occupancy may not be accurately reported
Waiting for segments to complete...
