Updating system with the options from the configuration file
Maximum wallclock time: 3 days, 0:00:00

Thu Jul 25 12:21:53 2024
Iteration 390 (500 requested)
Continuing iteration 390
42 segments remain in iteration 390 (128 total)
32 of 33 (96.969697%) active bins are populated
per-bin minimum non-zero probability:       5.88384e-12
per-bin maximum probability:                0.190114
per-bin probability dynamic range (kT):     24.1987
per-segment minimum non-zero probability:   1.30366e-12
per-segment maximum non-zero probability:   0.0681357
per-segment probability dynamic range (kT): 24.6796
norm = 1, error in norm = 0 (0*epsilon)
MAB binning in use
Bottleneck bin occupancy may not be accurately reported
Waiting for segments to complete...
################ MAB stats ################
minima in each dimension:      [3.7467]
maxima in each dimension:      [39.98]
direction in each dimension:   [86]
skip in each dimension:        [0]
###########################################
Iteration completed successfully
Iteration wallclock: 0:05:01.912974, cputime: 0:38:35.965346


Thu Jul 25 12:26:55 2024
Iteration 391 (500 requested)
Beginning iteration 391
132 segments remain in iteration 391 (132 total)
32 of 33 (96.969697%) active bins are populated
per-bin minimum non-zero probability:       1.3497e-12
per-bin maximum probability:                0.174599
per-bin probability dynamic range (kT):     25.5859
per-segment minimum non-zero probability:   3.37424e-13
per-segment maximum non-zero probability:   0.0681357
per-segment probability dynamic range (kT): 26.0312
norm = 1, error in norm = 2.22045e-16 (1*epsilon)
MAB binning in use
Bottleneck bin occupancy may not be accurately reported
Waiting for segments to complete...
################ MAB stats ################
minima in each dimension:      [2.6251]
maxima in each dimension:      [39.9249]
direction in each dimension:   [86]
skip in each dimension:        [0]
###########################################
Iteration completed successfully
Iteration wallclock: 0:09:20.982188, cputime: 0:48:37.383725


Thu Jul 25 12:36:16 2024
Iteration 392 (500 requested)
Beginning iteration 392
120 segments remain in iteration 392 (120 total)
31 of 33 (93.939394%) active bins are populated
per-bin minimum non-zero probability:       4.13001e-13
per-bin maximum probability:                0.179736
per-bin probability dynamic range (kT):     26.7991
per-segment minimum non-zero probability:   1.0325e-13
per-segment maximum non-zero probability:   0.0681357
per-segment probability dynamic range (kT): 27.2154
norm = 1, error in norm = 2.22045e-16 (1*epsilon)
MAB binning in use
Bottleneck bin occupancy may not be accurately reported
Waiting for segments to complete...
################ MAB stats ################
minima in each dimension:      [2.8978]
maxima in each dimension:      [39.9462]
direction in each dimension:   [86]
skip in each dimension:        [0]
###########################################
Iteration completed successfully
Iteration wallclock: 0:08:17.654813, cputime: 0:44:22.645705


Thu Jul 25 12:44:34 2024
Iteration 393 (500 requested)
Beginning iteration 393
132 segments remain in iteration 393 (132 total)
31 of 33 (93.939394%) active bins are populated
per-bin minimum non-zero probability:       5.06671e-12
per-bin maximum probability:                0.192325
per-bin probability dynamic range (kT):     24.3598
per-segment minimum non-zero probability:   5.43698e-13
per-segment maximum non-zero probability:   0.0727994
per-segment probability dynamic range (kT): 25.6203
norm = 1, error in norm = 2.22045e-16 (1*epsilon)
MAB binning in use
Bottleneck bin occupancy may not be accurately reported
Waiting for segments to complete...
################ MAB stats ################
minima in each dimension:      [4.0607]
maxima in each dimension:      [39.7889]
direction in each dimension:   [86]
skip in each dimension:        [0]
###########################################
Iteration completed successfully
Iteration wallclock: 0:09:20.965135, cputime: 0:48:37.578309


Thu Jul 25 12:53:55 2024
Iteration 394 (500 requested)
Beginning iteration 394
120 segments remain in iteration 394 (120 total)
30 of 33 (90.909091%) active bins are populated
per-bin minimum non-zero probability:       1.98246e-12
per-bin maximum probability:                0.23452
per-bin probability dynamic range (kT):     25.4965
per-segment minimum non-zero probability:   3.75213e-13
per-segment maximum non-zero probability:   0.0727994
per-segment probability dynamic range (kT): 25.9912
norm = 1, error in norm = 0 (0*epsilon)
MAB binning in use
Bottleneck bin occupancy may not be accurately reported
Waiting for segments to complete...
################ MAB stats ################
minima in each dimension:      [4.5565]
maxima in each dimension:      [38.9589]
direction in each dimension:   [86]
skip in each dimension:        [0]
###########################################
Iteration completed successfully
Iteration wallclock: 0:08:21.756310, cputime: 0:43:58.405064


Thu Jul 25 13:02:17 2024
Iteration 395 (500 requested)
Beginning iteration 395
124 segments remain in iteration 395 (124 total)
32 of 33 (96.969697%) active bins are populated
per-bin minimum non-zero probability:       6.88335e-13
per-bin maximum probability:                0.250687
per-bin probability dynamic range (kT):     26.621
per-segment minimum non-zero probability:   1.72084e-13
per-segment maximum non-zero probability:   0.0767808
per-segment probability dynamic range (kT): 26.824
norm = 1, error in norm = -2.22045e-16 (-1*epsilon)
MAB binning in use
Bottleneck bin occupancy may not be accurately reported
Waiting for segments to complete...
################ MAB stats ################
minima in each dimension:      [3.6616]
maxima in each dimension:      [39.6548]
direction in each dimension:   [86]
skip in each dimension:        [0]
###########################################
Iteration completed successfully
Iteration wallclock: 0:08:44.747756, cputime: 0:45:48.475534


Thu Jul 25 13:11:01 2024
Iteration 396 (500 requested)
Beginning iteration 396
128 segments remain in iteration 396 (128 total)
32 of 33 (96.969697%) active bins are populated
per-bin minimum non-zero probability:       1.69003e-12
per-bin maximum probability:                0.143716
per-bin probability dynamic range (kT):     25.1664
per-segment minimum non-zero probability:   3.62465e-13
per-segment maximum non-zero probability:   0.0534135
per-segment probability dynamic range (kT): 25.7162
norm = 1, error in norm = 0 (0*epsilon)
MAB binning in use
Bottleneck bin occupancy may not be accurately reported
Waiting for segments to complete...
################ MAB stats ################
minima in each dimension:      [4.3793]
maxima in each dimension:      [39.8445]
direction in each dimension:   [86]
skip in each dimension:        [0]
###########################################
Iteration completed successfully
Iteration wallclock: 0:08:59.732260, cputime: 0:46:43.985081


Thu Jul 25 13:20:01 2024
Iteration 397 (500 requested)
Beginning iteration 397
132 segments remain in iteration 397 (132 total)
33 of 33 (100.000000%) active bins are populated
per-bin minimum non-zero probability:       1.0874e-12
per-bin maximum probability:                0.26912
per-bin probability dynamic range (kT):     26.2346
per-segment minimum non-zero probability:   2.41644e-13
per-segment maximum non-zero probability:   0.0900036
per-segment probability dynamic range (kT): 26.6434
norm = 1, error in norm = 2.22045e-16 (1*epsilon)
MAB binning in use
Bottleneck bin occupancy may not be accurately reported
Waiting for segments to complete...
################ MAB stats ################
minima in each dimension:      [3.316]
maxima in each dimension:      [39.7816]
direction in each dimension:   [86]
skip in each dimension:        [0]
###########################################
Iteration completed successfully
Iteration wallclock: 0:09:20.971115, cputime: 0:48:40.053276


Thu Jul 25 13:29:22 2024
Iteration 398 (500 requested)
Beginning iteration 398
132 segments remain in iteration 398 (132 total)
33 of 33 (100.000000%) active bins are populated
per-bin minimum non-zero probability:       7.12732e-13
per-bin maximum probability:                0.267254
per-bin probability dynamic range (kT):     26.6501
per-segment minimum non-zero probability:   1.78183e-13
per-segment maximum non-zero probability:   0.0900036
per-segment probability dynamic range (kT): 26.9481
norm = 1, error in norm = 0 (0*epsilon)
MAB binning in use
Bottleneck bin occupancy may not be accurately reported
Waiting for segments to complete...
################ MAB stats ################
minima in each dimension:      [4.1193]
maxima in each dimension:      [39.9127]
direction in each dimension:   [86]
skip in each dimension:        [0]
###########################################
Iteration completed successfully
Iteration wallclock: 0:09:19.744444, cputime: 0:48:32.099656


Thu Jul 25 13:38:42 2024
Iteration 399 (500 requested)
Beginning iteration 399
128 segments remain in iteration 399 (128 total)
32 of 33 (96.969697%) active bins are populated
per-bin minimum non-zero probability:       2.41644e-13
per-bin maximum probability:                0.26095
per-bin probability dynamic range (kT):     27.7079
per-segment minimum non-zero probability:   6.04109e-14
per-segment maximum non-zero probability:   0.0900036
per-segment probability dynamic range (kT): 28.0297
norm = 1, error in norm = 0 (0*epsilon)
MAB binning in use
Bottleneck bin occupancy may not be accurately reported
Waiting for segments to complete...
################ MAB stats ################
minima in each dimension:      [4.2551]
maxima in each dimension:      [39.6832]
direction in each dimension:   [86]
skip in each dimension:        [0]
###########################################
Iteration completed successfully
Iteration wallclock: 0:08:53.379549, cputime: 0:46:52.054661


Thu Jul 25 13:47:35 2024
Iteration 400 (500 requested)
Beginning iteration 400
128 segments remain in iteration 400 (128 total)
32 of 33 (96.969697%) active bins are populated
per-bin minimum non-zero probability:       6.04109e-14
per-bin maximum probability:                0.141008
per-bin probability dynamic range (kT):     28.4787
per-segment minimum non-zero probability:   1.51027e-14
per-segment maximum non-zero probability:   0.0485329
per-segment probability dynamic range (kT): 28.7984
norm = 1, error in norm = 0 (0*epsilon)
MAB binning in use
Bottleneck bin occupancy may not be accurately reported
Waiting for segments to complete...
################ MAB stats ################
minima in each dimension:      [3.7431]
maxima in each dimension:      [39.9664]
direction in each dimension:   [86]
skip in each dimension:        [0]
###########################################
Iteration completed successfully
Iteration wallclock: 0:08:54.840929, cputime: 0:46:54.829268


Thu Jul 25 13:56:30 2024
Iteration 401 (500 requested)
Beginning iteration 401
128 segments remain in iteration 401 (128 total)
31 of 33 (93.939394%) active bins are populated
per-bin minimum non-zero probability:       1.29269e-12
per-bin maximum probability:                0.209121
per-bin probability dynamic range (kT):     25.8095
per-segment minimum non-zero probability:   2.4873e-13
per-segment maximum non-zero probability:   0.0685888
per-segment probability dynamic range (kT): 26.3428
norm = 1, error in norm = 0 (0*epsilon)
MAB binning in use
Bottleneck bin occupancy may not be accurately reported
Waiting for segments to complete...
################ MAB stats ################
minima in each dimension:      [3.9973]
maxima in each dimension:      [39.3734]
direction in each dimension:   [86]
skip in each dimension:        [0]
###########################################
Iteration completed successfully
Iteration wallclock: 0:08:59.686553, cputime: 0:46:59.438028


Thu Jul 25 14:05:30 2024
Iteration 402 (500 requested)
Beginning iteration 402
132 segments remain in iteration 402 (132 total)
32 of 33 (96.969697%) active bins are populated
per-bin minimum non-zero probability:       3.52047e-12
per-bin maximum probability:                0.187329
per-bin probability dynamic range (kT):     24.6975
per-segment minimum non-zero probability:   8.78161e-13
per-segment maximum non-zero probability:   0.0799501
per-segment probability dynamic range (kT): 25.2346
norm = 1, error in norm = 0 (0*epsilon)
MAB binning in use
Bottleneck bin occupancy may not be accurately reported
Waiting for segments to complete...
################ MAB stats ################
minima in each dimension:      [3.8372]
maxima in each dimension:      [39.5918]
direction in each dimension:   [86]
skip in each dimension:        [0]
###########################################
Iteration completed successfully
Iteration wallclock: 0:09:26.969850, cputime: 0:48:24.836051


Thu Jul 25 14:14:57 2024
Iteration 403 (500 requested)
Beginning iteration 403
132 segments remain in iteration 403 (132 total)
33 of 33 (100.000000%) active bins are populated
per-bin minimum non-zero probability:       1.84669e-12
per-bin maximum probability:                0.160062
per-bin probability dynamic range (kT):     25.1854
per-segment minimum non-zero probability:   3.22191e-13
per-segment maximum non-zero probability:   0.0799501
per-segment probability dynamic range (kT): 26.2373
norm = 1, error in norm = 2.22045e-16 (1*epsilon)
MAB binning in use
Bottleneck bin occupancy may not be accurately reported
Waiting for segments to complete...
################ MAB stats ################
minima in each dimension:      [3.6233]
maxima in each dimension:      [39.6125]
direction in each dimension:   [86]
skip in each dimension:        [0]
###########################################
Iteration completed successfully
Iteration wallclock: 0:09:15.630935, cputime: 0:48:20.599800


Thu Jul 25 14:24:12 2024
Iteration 404 (500 requested)
Beginning iteration 404
132 segments remain in iteration 404 (132 total)
32 of 33 (96.969697%) active bins are populated
per-bin minimum non-zero probability:       3.47988e-13
per-bin maximum probability:                0.166147
per-bin probability dynamic range (kT):     26.8917
per-segment minimum non-zero probability:   8.6997e-14
per-segment maximum non-zero probability:   0.0448287
per-segment probability dynamic range (kT): 26.968
norm = 1, error in norm = 0 (0*epsilon)
MAB binning in use
Bottleneck bin occupancy may not be accurately reported
Waiting for segments to complete...
################ MAB stats ################
minima in each dimension:      [3.0897]
maxima in each dimension:      [39.4767]
direction in each dimension:   [86]
skip in each dimension:        [0]
###########################################
Iteration completed successfully
Iteration wallclock: 0:09:14.981116, cputime: 0:48:25.622591


Thu Jul 25 14:33:27 2024
Iteration 405 (500 requested)
Beginning iteration 405
132 segments remain in iteration 405 (132 total)
32 of 33 (96.969697%) active bins are populated
per-bin minimum non-zero probability:       8.6997e-14
per-bin maximum probability:                0.210243
per-bin probability dynamic range (kT):     28.5134
per-segment minimum non-zero probability:   2.17493e-14
per-segment maximum non-zero probability:   0.0693279
per-segment probability dynamic range (kT): 28.7903
norm = 1, error in norm = 0 (0*epsilon)
MAB binning in use
Bottleneck bin occupancy may not be accurately reported
Waiting for segments to complete...
################ MAB stats ################
minima in each dimension:      [3.2673]
maxima in each dimension:      [39.8076]
direction in each dimension:   [86]
skip in each dimension:        [0]
###########################################
Iteration completed successfully
Iteration wallclock: 0:09:16.836015, cputime: 0:48:16.600634


Thu Jul 25 14:42:44 2024
Iteration 406 (500 requested)
Beginning iteration 406
128 segments remain in iteration 406 (128 total)
32 of 33 (96.969697%) active bins are populated
per-bin minimum non-zero probability:       6.35313e-13
per-bin maximum probability:                0.242088
per-bin probability dynamic range (kT):     26.6662
per-segment minimum non-zero probability:   1.1141e-13
per-segment maximum non-zero probability:   0.0855663
per-segment probability dynamic range (kT): 27.3671
norm = 1, error in norm = 0 (0*epsilon)
MAB binning in use
Bottleneck bin occupancy may not be accurately reported
Waiting for segments to complete...
################ MAB stats ################
minima in each dimension:      [3.2197]
maxima in each dimension:      [39.7419]
direction in each dimension:   [86]
skip in each dimension:        [0]
###########################################
Iteration completed successfully
Iteration wallclock: 0:08:47.784942, cputime: 0:47:10.157141


Thu Jul 25 14:51:32 2024
Iteration 407 (500 requested)
Beginning iteration 407
128 segments remain in iteration 407 (128 total)
31 of 33 (93.939394%) active bins are populated
per-bin minimum non-zero probability:       5.16193e-13
per-bin maximum probability:                0.222096
per-bin probability dynamic range (kT):     26.7876
per-segment minimum non-zero probability:   9.77909e-14
per-segment maximum non-zero probability:   0.0693279
per-segment probability dynamic range (kT): 27.287
norm = 1, error in norm = 0 (0*epsilon)
MAB binning in use
Bottleneck bin occupancy may not be accurately reported
Waiting for segments to complete...
################ MAB stats ################
minima in each dimension:      [3.5712]
maxima in each dimension:      [38.7667]
direction in each dimension:   [86]
skip in each dimension:        [0]
###########################################
Iteration completed successfully
Iteration wallclock: 0:08:44.359545, cputime: 0:46:55.611968


Thu Jul 25 15:00:16 2024
Iteration 408 (500 requested)
Beginning iteration 408
132 segments remain in iteration 408 (132 total)
32 of 33 (96.969697%) active bins are populated
per-bin minimum non-zero probability:       4.91313e-13
per-bin maximum probability:                0.232311
per-bin probability dynamic range (kT):     26.882
per-segment minimum non-zero probability:   1.10073e-13
per-segment maximum non-zero probability:   0.0790643
per-segment probability dynamic range (kT): 27.3001
norm = 1, error in norm = 0 (0*epsilon)
MAB binning in use
Bottleneck bin occupancy may not be accurately reported
Waiting for segments to complete...
################ MAB stats ################
minima in each dimension:      [3.9939]
maxima in each dimension:      [39.8342]
direction in each dimension:   [86]
skip in each dimension:        [0]
###########################################
Iteration completed successfully
Iteration wallclock: 0:09:22.517649, cputime: 0:48:36.929728


Thu Jul 25 15:09:39 2024
Iteration 409 (500 requested)
Beginning iteration 409
128 segments remain in iteration 409 (128 total)
33 of 33 (100.000000%) active bins are populated
per-bin minimum non-zero probability:       7.03785e-13
per-bin maximum probability:                0.238982
per-bin probability dynamic range (kT):     26.5509
per-segment minimum non-zero probability:   1.10073e-13
per-segment maximum non-zero probability:   0.0790643
per-segment probability dynamic range (kT): 27.3001
norm = 1, error in norm = 2.22045e-16 (1*epsilon)
MAB binning in use
Bottleneck bin occupancy may not be accurately reported
Waiting for segments to complete...
################ MAB stats ################
minima in each dimension:      [4.1394]
maxima in each dimension:      [39.0259]
direction in each dimension:   [86]
skip in each dimension:        [0]
###########################################
Iteration completed successfully
Iteration wallclock: 0:09:03.516239, cputime: 0:46:52.455195


Thu Jul 25 15:18:42 2024
Iteration 410 (500 requested)
Beginning iteration 410
124 segments remain in iteration 410 (124 total)
28 of 33 (84.848485%) active bins are populated
per-bin minimum non-zero probability:       1.37022e-13
per-bin maximum probability:                0.197996
per-bin probability dynamic range (kT):     27.9991
per-segment minimum non-zero probability:   3.42554e-14
per-segment maximum non-zero probability:   0.0477143
per-segment probability dynamic range (kT): 27.9624
norm = 1, error in norm = 0 (0*epsilon)
MAB binning in use
Bottleneck bin occupancy may not be accurately reported
Waiting for segments to complete...
################ MAB stats ################
minima in each dimension:      [3.7528]
maxima in each dimension:      [39.4187]
direction in each dimension:   [86]
skip in each dimension:        [0]
###########################################
Iteration completed successfully
Iteration wallclock: 0:08:46.597871, cputime: 0:45:14.846996


Thu Jul 25 15:27:29 2024
Iteration 411 (500 requested)
Beginning iteration 411
128 segments remain in iteration 411 (128 total)
32 of 33 (96.969697%) active bins are populated
per-bin minimum non-zero probability:       4.03612e-13
per-bin maximum probability:                0.114059
per-bin probability dynamic range (kT):     26.3673
per-segment minimum non-zero probability:   9.77909e-14
per-segment maximum non-zero probability:   0.0477143
per-segment probability dynamic range (kT): 26.9134
norm = 1, error in norm = 2.22045e-16 (1*epsilon)
MAB binning in use
Bottleneck bin occupancy may not be accurately reported
Waiting for segments to complete...
################ MAB stats ################
minima in each dimension:      [4.9409]
maxima in each dimension:      [39.2927]
direction in each dimension:   [86]
skip in each dimension:        [0]
###########################################
Iteration completed successfully
Iteration wallclock: 0:08:59.921605, cputime: 0:46:56.675091


Thu Jul 25 15:36:29 2024
Iteration 412 (500 requested)
Beginning iteration 412
124 segments remain in iteration 412 (124 total)
31 of 33 (93.939394%) active bins are populated
per-bin minimum non-zero probability:       1.46686e-13
per-bin maximum probability:                0.163428
per-bin probability dynamic range (kT):     27.7391
per-segment minimum non-zero probability:   3.66716e-14
per-segment maximum non-zero probability:   0.0477143
per-segment probability dynamic range (kT): 27.8942
norm = 1, error in norm = -1.11022e-16 (-0.5*epsilon)
MAB binning in use
Bottleneck bin occupancy may not be accurately reported
Waiting for segments to complete...
################ MAB stats ################
minima in each dimension:      [4.8315]
maxima in each dimension:      [39.5941]
direction in each dimension:   [86]
skip in each dimension:        [0]
###########################################
Iteration completed successfully
Iteration wallclock: 0:08:54.168045, cputime: 0:45:40.090244


Thu Jul 25 15:45:23 2024
Iteration 413 (500 requested)
Beginning iteration 413
124 segments remain in iteration 413 (124 total)
31 of 33 (93.939394%) active bins are populated
per-bin minimum non-zero probability:       7.48821e-13
per-bin maximum probability:                0.132661
per-bin probability dynamic range (kT):     25.9003
per-segment minimum non-zero probability:   3.66716e-14
per-segment maximum non-zero probability:   0.0420589
per-segment probability dynamic range (kT): 27.7681
norm = 1, error in norm = 0 (0*epsilon)
MAB binning in use
Bottleneck bin occupancy may not be accurately reported
Waiting for segments to complete...
################ MAB stats ################
minima in each dimension:      [4.9072]
maxima in each dimension:      [39.6709]
direction in each dimension:   [86]
skip in each dimension:        [0]
###########################################
Iteration completed successfully
Iteration wallclock: 0:08:48.527352, cputime: 0:45:24.023061


Thu Jul 25 15:54:12 2024
Iteration 414 (500 requested)
Beginning iteration 414
120 segments remain in iteration 414 (120 total)
30 of 33 (90.909091%) active bins are populated
per-bin minimum non-zero probability:       2.27234e-13
per-bin maximum probability:                0.116145
per-bin probability dynamic range (kT):     26.9599
per-segment minimum non-zero probability:   5.68086e-14
per-segment maximum non-zero probability:   0.0420589
per-segment probability dynamic range (kT): 27.3304
norm = 1, error in norm = 2.22045e-16 (1*epsilon)
MAB binning in use
Bottleneck bin occupancy may not be accurately reported
Waiting for segments to complete...
