Warning: When compiling code please add the following flags to nvcc:
         -gencode arch=compute_35,code=[compute_35,sm_35] \
         -gencode arch=compute_61,code=[compute_61,sm_61] 
         -gencode arch=compute_70,code=[compute_70,sm_70] 
+ tleap -f tleap.in
+ export 'DO_PARALLEL=mpirun -np 8'
+ DO_PARALLEL='mpirun -np 8'
+ SANDER=pmemd.MPI
+ PDB=2kod_4f_solv
+ printf '\nstart min\n\n'
+ mpirun -np 8 pmemd.MPI -O -i 02_min.in -o 02_min.out -p 2kod_4f_solv.prmtop -c 2kod_4f_solv.inpcrd -r 02_min.rst
--------------------------------------------------------------------------
The library attempted to open the following supporting CUDA libraries,
but each of them failed.  CUDA-aware support is disabled.
libcuda.so.1: cannot open shared object file: No such file or directory
libcuda.dylib: cannot open shared object file: No such file or directory
/usr/lib64/libcuda.so.1: cannot open shared object file: No such file or directory
/usr/lib64/libcuda.dylib: cannot open shared object file: No such file or directory
If you are not interested in CUDA-aware support, then run with
--mca opal_warn_on_missing_libcuda 0 to suppress this message.  If you are interested
in CUDA-aware support, then try setting LD_LIBRARY_PATH to the location
of libcuda.so.1 to get passed this issue.
--------------------------------------------------------------------------
[smp-n49.crc.pitt.edu:123114] 7 more processes have sent help message help-mpi-common-cuda.txt / dlopen failed
[smp-n49.crc.pitt.edu:123114] Set MCA parameter "orte_base_help_aggregate" to 0 to see all help / error messages
+ printf '\ndone min\n\n'
+ printf '\nstart restrained system heat in\n\n'
+ mpirun -np 8 pmemd.MPI -O -i 03_eq1.in -o 03_eq1.out -p 2kod_4f_solv.prmtop -c 02_min.rst -r 03_eq1.rst -ref 02_min.rst
--------------------------------------------------------------------------
The library attempted to open the following supporting CUDA libraries,
but each of them failed.  CUDA-aware support is disabled.
libcuda.so.1: cannot open shared object file: No such file or directory
libcuda.dylib: cannot open shared object file: No such file or directory
/usr/lib64/libcuda.so.1: cannot open shared object file: No such file or directory
/usr/lib64/libcuda.dylib: cannot open shared object file: No such file or directory
If you are not interested in CUDA-aware support, then run with
--mca opal_warn_on_missing_libcuda 0 to suppress this message.  If you are interested
in CUDA-aware support, then try setting LD_LIBRARY_PATH to the location
of libcuda.so.1 to get passed this issue.
--------------------------------------------------------------------------
[smp-n49.crc.pitt.edu:134931] 7 more processes have sent help message help-mpi-common-cuda.txt / dlopen failed
[smp-n49.crc.pitt.edu:134931] Set MCA parameter "orte_base_help_aggregate" to 0 to see all help / error messages
+ printf '\ndone restrained system heat in\n\n'
+ printf '\nstart restrained equil\n\n'
+ mpirun -np 8 pmemd.MPI -O -i 04_eq2.in -o 04_eq2.out -p 2kod_4f_solv.prmtop -c 03_eq1.rst -r 04_eq2.rst -ref 03_eq1.rst
--------------------------------------------------------------------------
The library attempted to open the following supporting CUDA libraries,
but each of them failed.  CUDA-aware support is disabled.
libcuda.so.1: cannot open shared object file: No such file or directory
libcuda.dylib: cannot open shared object file: No such file or directory
/usr/lib64/libcuda.so.1: cannot open shared object file: No such file or directory
/usr/lib64/libcuda.dylib: cannot open shared object file: No such file or directory
If you are not interested in CUDA-aware support, then run with
--mca opal_warn_on_missing_libcuda 0 to suppress this message.  If you are interested
in CUDA-aware support, then try setting LD_LIBRARY_PATH to the location
of libcuda.so.1 to get passed this issue.
--------------------------------------------------------------------------
[smp-n49.crc.pitt.edu:143799] 7 more processes have sent help message help-mpi-common-cuda.txt / dlopen failed
[smp-n49.crc.pitt.edu:143799] Set MCA parameter "orte_base_help_aggregate" to 0 to see all help / error messages
+ printf '\ndone restrained equil\n\n'
+ printf '\nstart unrestrained equil\n\n'
+ mpirun -np 8 pmemd.MPI -O -i 05_eq3.in -o 05_eq3.out -p 2kod_4f_solv.prmtop -c 04_eq2.rst -r 05_eq3.rst
--------------------------------------------------------------------------
The library attempted to open the following supporting CUDA libraries,
but each of them failed.  CUDA-aware support is disabled.
libcuda.so.1: cannot open shared object file: No such file or directory
libcuda.dylib: cannot open shared object file: No such file or directory
/usr/lib64/libcuda.so.1: cannot open shared object file: No such file or directory
/usr/lib64/libcuda.dylib: cannot open shared object file: No such file or directory
If you are not interested in CUDA-aware support, then run with
--mca opal_warn_on_missing_libcuda 0 to suppress this message.  If you are interested
in CUDA-aware support, then try setting LD_LIBRARY_PATH to the location
of libcuda.so.1 to get passed this issue.
--------------------------------------------------------------------------
[smp-n49.crc.pitt.edu:124505] 7 more processes have sent help message help-mpi-common-cuda.txt / dlopen failed
[smp-n49.crc.pitt.edu:124505] Set MCA parameter "orte_base_help_aggregate" to 0 to see all help / error messages
+ printf '\ndone unrestrained equil\n\n'
+ printf '\nSUBMITTING PROD RUN\n'
+ sbatch h2p_gpu_prod_06.slurm
