
          -------------------------------------------------------
          Amber 22 PMEMD                              2022
          -------------------------------------------------------

| PMEMD implementation of SANDER, Release 22

|  Compiled date/time: Thu Apr 14 14:06:37 2022
| Run on 04/01/2024 at 17:12:20

|   Executable path: pmemd.MPI
| Working directory: /ix/lchong/dty7/d1d2/2kod/T188C/v00
|          Hostname: smp-n248

  [-O]verwriting output

File Assignments:
|   MDIN: 02_min.in                                                             
|  MDOUT: 02_min.out                                                            
| INPCRD: T188C-OX_solv.inpcrd                                                  
|   PARM: T188C-OX_solv.prmtop                                                  
| RESTRT: 02_min.rst                                                            
|   REFC: refc                                                                  
|  MDVEL: mdvel                                                                 
|   MDEN: mden                                                                  
|  MDCRD: mdcrd                                                                 
| MDINFO: mdinfo                                                                
|LOGFILE: logfile                                                               
|  MDFRC: mdfrc                                                                 


 Here is the input file:

Unrestrained 10000 step minimization, 500 SD                                   
&cntrl                                                                         
  imin      = 1,                                                               
  irest     = 0,                                                               
  ntx       = 1,                                                               
  ntmin     = 1,                                                               
  maxcyc    = 10000,                                                           
  ncyc      = 500,                                                             
  ntr       = 0,                                                               
  ntb       = 1,                                                               
  ntf       = 1,                                                               
  ntc       = 1,                                                               
  cut       = 10.0,                                                            
  ntpr      = 1,                                                               
  ntxo      = 2,                                                               
  ntwr      = 10000,                                                           
  ioutfm    = 1,                                                               
  ntwx      = 0,                                                               
  iwrap     = 1,                                                               
&end                                                                           


Note: ig = -1. Setting random seed to   388113 based on wallclock time in
      microseconds and disabling the synchronization of random numbers 
      between tasks to improve performance.
| irandom = 1, using AMBER's internal random number generator (default).
 
 
| Conditional Compilation Defines Used:
| MPI
| PUBFFT
| BINTRAJ
| EMIL

| Largest sphere to fit in unit cell has radius =    32.498

| New format PARM file being parsed.
| Version =    1.000 Date = 04/01/24 Time = 17:10:31

| Note: 1-4 EEL scale factors are being read from the topology file.

| Note: 1-4 VDW scale factors are being read from the topology file.
| Duplicated    0 dihedrals

| Duplicated    0 dihedrals

--------------------------------------------------------------------------------
   1.  RESOURCE   USE: 
--------------------------------------------------------------------------------

 getting new box info from bottom of inpcrd
 NATOM  =   34070 NTYPES =      17 NBONH =   32696 MBONA  =    1401
 NTHETH =    3148 MTHETA =    1896 NPHIH =    5996 MPHIA  =    6496
 NHPARM =       0 NPARM  =       0 NNB   =   56972 NRES   =   10618
 NBONA  =    1401 NTHETA =    1896 NPHIA =    6496 NUMBND =      85
 NUMANG =     200 NPTRA  =     425 NATYP =      42 NPHB   =       0
 IFBOX  =       2 NMXRS  =      24 IFCAP =       0 NEXTRA =       0
 NCOPY  =       0

| Coordinate Index Table dimensions:    11   11   11
| Direct force subcell size =     7.2367    7.2367    7.2367

     BOX TYPE: TRUNCATED OCTAHEDRON

--------------------------------------------------------------------------------
   2.  CONTROL  DATA  FOR  THE  RUN
--------------------------------------------------------------------------------

default_name                                                                    

General flags:
     imin    =       1, nmropt  =       0

Nature and format of input:
     ntx     =       1, irest   =       0, ntrx    =       1

Nature and format of output:
     ntxo    =       2, ntpr    =       1, ntrx    =       1, ntwr    =   10000
     iwrap   =       1, ntwx    =       0, ntwv    =       0, ntwe    =       0
     ioutfm  =       1, ntwprt  =       0, idecomp =       0, rbornstat=      0

Potential function:
     ntf     =       1, ntb     =       1, igb     =       0, nsnb    =      25
     ipol    =       0, gbsa    =       0, iesp    =       0
     dielc   =   1.00000, cut     =  10.00000, intdiel =   1.00000

Frozen or restrained atoms:
     ibelly  =       0, ntr     =       0

Energy minimization:
     maxcyc  =   10000, ncyc    =     500, ntmin   =       1
     dx0     =   0.01000, drms    =   0.00010

| Intermolecular bonds treatment:
|     no_intermolecular_bonds =       1

| Energy averages sample interval:
|     ene_avg_sampling =       1

Ewald parameters:
     verbose =       0, ew_type =       0, nbflag  =       1, use_pme =       1
     vdwmeth =       1, eedmeth =       1, netfrc  =       0
     Box X =   79.604   Box Y =   79.604   Box Z =   79.604
     Alpha =  109.471   Beta  =  109.471   Gamma =  109.471
     NFFT1 =   80       NFFT2 =   80       NFFT3 =   80
     Cutoff=   10.000   Tol   =0.100E-04
     Ewald Coefficient =  0.27511
     Interpolation order =    4

| PMEMD ewald parallel performance parameters:
|     block_fft =    0
|     fft_blk_y_divisor =    2
|     excl_recip =    0
|     excl_master =    0
|     atm_redist_freq =  320

--------------------------------------------------------------------------------
   3.  ATOMIC COORDINATES AND VELOCITIES
--------------------------------------------------------------------------------

default_name                                                                    
 begin time read from input coords =     0.000 ps

 
 Number of triangulated 3-point waters found:    10440

     Sum of charges from parm topology file =  -0.00001137
     Forcing neutrality...

| Dynamic Memory, Types Used:
| Reals             1306597
| Integers          1586413

| Nonbonded Pairs Initial Allocation:     1668578

| Running AMBER/MPI version on    8 MPI task

 
--------------------------------------------------------------------------------
   4.  RESULTS
--------------------------------------------------------------------------------

 ---------------------------------------------------
 APPROXIMATING switch and d/dx switch using CUBIC SPLINE INTERPOLATION
 using   5000.0 points per unit in tabled values
 TESTING RELATIVE ERROR over r ranging from 0.0 to cutoff
| CHECK switch(x): max rel err =   0.2738E-14   at   2.422500
| CHECK d/dx switch(x): max rel err =   0.8314E-11   at   2.736960
 ---------------------------------------------------
|---------------------------------------------------
| APPROXIMATING direct energy using CUBIC SPLINE INTERPOLATION
|  with   50.0 points per unit in tabled values
| Relative Error Limit not exceeded for r .gt.   2.33
| APPROXIMATING direct force using CUBIC SPLINE INTERPOLATION
|  with   50.0 points per unit in tabled values
| Relative Error Limit not exceeded for r .gt.   2.80
|---------------------------------------------------


   NSTEP       ENERGY          RMS            GMAX         NAME    NUMBER
      1       4.1421E+04     1.0012E+02     7.5989E+02     SG       2562

 BOND    =   138830.8851  ANGLE   =     1609.1683  DIHED      =    -1433.5816
 VDWAALS =    11758.4266  EEL     =  -120833.1656  HBOND      =        0.0000
 1-4 VDW =      641.9891  1-4 EEL =    10847.5552  RESTRAINT  =        0.0000


   NSTEP       ENERGY          RMS            GMAX         NAME    NUMBER
      2       4.1261E+04     1.0007E+02     7.5837E+02     SG       2562

 BOND    =   138683.5316  ANGLE   =     1609.0199  DIHED      =    -1433.6006
 VDWAALS =    11757.6574  EEL     =  -120844.8437  HBOND      =        0.0000
 1-4 VDW =      641.9845  1-4 EEL =    10847.5522  RESTRAINT  =        0.0000


   NSTEP       ENERGY          RMS            GMAX         NAME    NUMBER
      3       4.1069E+04     1.0001E+02     7.5654E+02     SG       2562

 BOND    =   138506.8157  ANGLE   =     1608.8418  DIHED      =    -1433.6233
 VDWAALS =    11756.7359  EEL     =  -120858.8877  HBOND      =        0.0000
 1-4 VDW =      641.9789  1-4 EEL =    10847.5487  RESTRAINT  =        0.0000


   NSTEP       ENERGY          RMS            GMAX         NAME    NUMBER
      4       4.0839E+04     9.9937E+01     7.5436E+02     SG       2562

 BOND    =   138294.9124  ANGLE   =     1608.6281  DIHED      =    -1433.6505
 VDWAALS =    11755.6323  EEL     =  -120875.7579  HBOND      =        0.0000
 1-4 VDW =      641.9722  1-4 EEL =    10847.5444  RESTRAINT  =        0.0000


   NSTEP       ENERGY          RMS            GMAX         NAME    NUMBER
      5       4.0563E+04     9.9848E+01     7.5176E+02     SG       2562

 BOND    =   138040.8530  ANGLE   =     1608.3717  DIHED      =    -1433.6833
 VDWAALS =    11754.3112  EEL     =  -120895.9596  HBOND      =        0.0000
 1-4 VDW =      641.9642  1-4 EEL =    10847.5393  RESTRAINT  =        0.0000


   NSTEP       ENERGY          RMS            GMAX         NAME    NUMBER
      6       4.0233E+04     9.9742E+01     7.4866E+02     SG       2562

 BOND    =   137736.3050  ANGLE   =     1608.0639  DIHED      =    -1433.7226
 VDWAALS =    11752.7297  EEL     =  -120920.3037  HBOND      =        0.0000
 1-4 VDW =      641.9545  1-4 EEL =    10847.5331  RESTRAINT  =        0.0000


   NSTEP       ENERGY          RMS            GMAX         NAME    NUMBER
      7       3.9836E+04     9.9614E+01     7.4497E+02     SG       2562

 BOND    =   137371.3130  ANGLE   =     1607.6945  DIHED      =    -1433.7697
 VDWAALS =    11750.8166  EEL     =  -120949.4035  HBOND      =        0.0000
 1-4 VDW =      641.9430  1-4 EEL =    10847.5258  RESTRAINT  =        0.0000


   NSTEP       ENERGY          RMS            GMAX         NAME    NUMBER
      8       3.9361E+04     9.9460E+01     7.4058E+02     SG       2562

 BOND    =   136933.9930  ANGLE   =     1607.2512  DIHED      =    -1433.8264
 VDWAALS =    11748.5555  EEL     =  -120984.3623  HBOND      =        0.0000
 1-4 VDW =      641.9291  1-4 EEL =    10847.5169  RESTRAINT  =        0.0000


   NSTEP       ENERGY          RMS            GMAX         NAME    NUMBER
      9       3.8792E+04     9.9276E+01     7.3538E+02     SG       2562

 BOND    =   136410.1746  ANGLE   =     1606.7192  DIHED      =    -1433.8944
 VDWAALS =    11745.8609  EEL     =  -121026.4204  HBOND      =        0.0000
 1-4 VDW =      641.9124  1-4 EEL =    10847.5063  RESTRAINT  =        0.0000


   NSTEP       ENERGY          RMS            GMAX         NAME    NUMBER
     10       3.8110E+04     9.9055E+01     7.2922E+02     SG       2562

 BOND    =   135782.9830  ANGLE   =     1606.0806  DIHED      =    -1433.9761
 VDWAALS =    11742.6546  EEL     =  -121076.8659  HBOND      =        0.0000
 1-4 VDW =      641.8923  1-4 EEL =    10847.4935  RESTRAINT  =        0.0000


   NSTEP       ENERGY          RMS            GMAX         NAME    NUMBER
     11       3.7294E+04     9.8790E+01     7.2194E+02     SG       2562

 BOND    =   135032.3557  ANGLE   =     1605.3142  DIHED      =    -1434.0742
 VDWAALS =    11738.7979  EEL     =  -121137.3630  HBOND      =        0.0000
 1-4 VDW =      641.8682  1-4 EEL =    10847.4782  RESTRAINT  =        0.0000


   NSTEP       ENERGY          RMS            GMAX         NAME    NUMBER
     12       3.6318E+04     9.8473E+01     7.1338E+02     SG       2562

 BOND    =   134134.4869  ANGLE   =     1604.3942  DIHED      =    -1434.1921
 VDWAALS =    11734.2276  EEL     =  -121210.0573  HBOND      =        0.0000
 1-4 VDW =      641.8393  1-4 EEL =    10847.4598  RESTRAINT  =        0.0000


   NSTEP       ENERGY          RMS            GMAX         NAME    NUMBER
     13       3.5151E+04     9.8091E+01     7.0334E+02     SG       2562

 BOND    =   133061.1981  ANGLE   =     1603.2898  DIHED      =    -1434.3337
 VDWAALS =    11728.7978  EEL     =  -121297.4393  HBOND      =        0.0000
 1-4 VDW =      641.8045  1-4 EEL =    10847.4377  RESTRAINT  =        0.0000


   NSTEP       ENERGY          RMS            GMAX         NAME    NUMBER
     14       3.3756E+04     9.7633E+01     6.9161E+02     SG       2562

 BOND    =   131779.2338  ANGLE   =     1601.9640  DIHED      =    -1434.5040
 VDWAALS =    11722.3555  EEL     =  -121402.2346  HBOND      =        0.0000
 1-4 VDW =      641.7626  1-4 EEL =    10847.4111  RESTRAINT  =        0.0000


   NSTEP       ENERGY          RMS            GMAX         NAME    NUMBER
     15       3.2091E+04     9.7084E+01     6.7797E+02     SG       2562

 BOND    =   130249.4928  ANGLE   =     1600.3723  DIHED      =    -1434.7088
 VDWAALS =    11714.7212  EEL     =  -121527.8434  HBOND      =        0.0000
 1-4 VDW =      641.7122  1-4 EEL =    10847.3792  RESTRAINT  =        0.0000


   NSTEP       ENERGY          RMS            GMAX         NAME    NUMBER
     16       3.0105E+04     9.6426E+01     6.6222E+02     SG       2562

 BOND    =   128426.2135  ANGLE   =     1598.4611  DIHED      =    -1434.9552
 VDWAALS =    11705.6825  EEL     =  -121678.9753  HBOND      =        0.0000
 1-4 VDW =      641.6515  1-4 EEL =    10847.3408  RESTRAINT  =        0.0000


   NSTEP       ENERGY          RMS            GMAX         NAME    NUMBER
     17       2.7740E+04     9.5636E+01     6.4413E+02     SG       2562

 BOND    =   126256.1532  ANGLE   =     1596.1659  DIHED      =    -1435.2517
 VDWAALS =    11695.0727  EEL     =  -121860.7719  HBOND      =        0.0000
 1-4 VDW =      641.5783  1-4 EEL =    10847.2947  RESTRAINT  =        0.0000


   NSTEP       ENERGY          RMS            GMAX         NAME    NUMBER
     18       2.4928E+04     9.4688E+01     6.2352E+02     SG       2562

 BOND    =   123677.8273  ANGLE   =     1593.4090  DIHED      =    -1435.6090
 VDWAALS =    11682.5740  EEL     =  -122079.1820  HBOND      =        0.0000
 1-4 VDW =      641.4901  1-4 EEL =    10847.2391  RESTRAINT  =        0.0000


   NSTEP       ENERGY          RMS            GMAX         NAME    NUMBER
     19       2.1590E+04     9.3551E+01     6.0025E+02     SG       2562

 BOND    =   120620.9222  ANGLE   =     1590.0969  DIHED      =    -1436.0398
 VDWAALS =    11667.8595  EEL     =  -122341.3824  HBOND      =        0.0000
 1-4 VDW =      641.3836  1-4 EEL =    10847.1723  RESTRAINT  =        0.0000


   NSTEP       ENERGY          RMS            GMAX         NAME    NUMBER
     20       1.7637E+04     9.2188E+01     5.7422E+02     SG       2562

 BOND    =   117006.0564  ANGLE   =     1586.1165  DIHED      =    -1436.5597
 VDWAALS =    11650.7209  EEL     =  -122657.2404  HBOND      =        0.0000
 1-4 VDW =      641.2549  1-4 EEL =    10847.0917  RESTRAINT  =        0.0000


   NSTEP       ENERGY          RMS            GMAX         NAME    NUMBER
     21       1.2971E+04     9.0553E+01     5.4542E+02     SG       2562

 BOND    =   112745.1675  ANGLE   =     1581.3310  DIHED      =    -1437.1882
 VDWAALS =    11630.7474  EEL     =  -123037.0040  HBOND      =        0.0000
 1-4 VDW =      641.0991  1-4 EEL =    10846.9945  RESTRAINT  =        0.0000


   NSTEP       ENERGY          RMS            GMAX         NAME    NUMBER
     22       7.4817E+03     8.8591E+01     5.1393E+02     SG       2562

 BOND    =   107742.9451  ANGLE   =     1575.5746  DIHED      =    -1437.9492
 VDWAALS =    11607.5180  EEL     =  -123494.1528  HBOND      =        0.0000
 1-4 VDW =      640.9102  1-4 EEL =    10846.8772  RESTRAINT  =        0.0000


   NSTEP       ENERGY          RMS            GMAX         NAME    NUMBER
     23       1.0529E+03     8.6239E+01     4.7996E+02     SG       2562

 BOND    =   101899.9448  ANGLE   =     1568.6453  DIHED      =    -1438.8726
 VDWAALS =    11580.6471  EEL     =  -124044.8842  HBOND      =        0.0000
 1-4 VDW =      640.6806  1-4 EEL =    10846.7352  RESTRAINT  =        0.0000


   NSTEP       ENERGY          RMS            GMAX         NAME    NUMBER
     24      -6.4328E+03     8.3418E+01     4.4380E+02     SG       2562

 BOND    =    95118.3312  ANGLE   =     1560.2961  DIHED      =    -1439.9964
 VDWAALS =    11549.5907  EEL     =  -124708.0247  HBOND      =        0.0000
 1-4 VDW =      640.4006  1-4 EEL =    10846.5632  RESTRAINT  =        0.0000


   NSTEP       ENERGY          RMS            GMAX         NAME    NUMBER
     25      -1.5088E+04     8.0036E+01     4.0587E+02     SG       2562

 BOND    =    87311.6578  ANGLE   =     1550.2224  DIHED      =    -1441.3692
 VDWAALS =    11513.7592  EEL     =  -125508.2952  HBOND      =        0.0000
 1-4 VDW =      640.0581  1-4 EEL =    10846.3540  RESTRAINT  =        0.0000


   NSTEP       ENERGY          RMS            GMAX         NAME    NUMBER
     26      -2.5001E+04     7.5980E+01     3.6670E+02     SG       2562

 BOND    =    78420.7521  ANGLE   =     1538.0447  DIHED      =    -1443.0542
 VDWAALS =    11472.4796  EEL     =  -126474.5832  HBOND      =        0.0000
 1-4 VDW =      639.6371  1-4 EEL =    10846.0988  RESTRAINT  =        0.0000


   NSTEP       ENERGY          RMS            GMAX         NAME    NUMBER
     27      -3.6216E+04     7.1117E+01     3.2684E+02     SG       2562

 BOND    =    68438.7399  ANGLE   =     1523.2826  DIHED      =    -1445.1359
 VDWAALS =    11424.9361  EEL     =  -127642.8224  HBOND      =        0.0000
 1-4 VDW =      639.1160  1-4 EEL =    10845.7859  RESTRAINT  =        0.0000


   NSTEP       ENERGY          RMS            GMAX         NAME    NUMBER
     28      -4.8696E+04     6.5289E+01     2.8687E+02     SG       2562

 BOND    =    57449.6232  ANGLE   =     1505.3126  DIHED      =    -1447.7304
 VDWAALS =    11370.0312  EEL     =  -129057.1153  HBOND      =        0.0000
 1-4 VDW =      638.4655  1-4 EEL =    10845.3995  RESTRAINT  =        0.0000


   NSTEP       ENERGY          RMS            GMAX         NAME    NUMBER
     29      -6.2265E+04     5.8306E+01     2.4735E+02     SG       2562

 BOND    =    45686.7839  ANGLE   =     1483.2953  DIHED      =    -1451.0042
 VDWAALS =    11306.3373  EEL     =  -130773.2514  HBOND      =        0.0000
 1-4 VDW =      637.6430  1-4 EEL =    10844.9178  RESTRAINT  =        0.0000


   NSTEP       ENERGY          RMS            GMAX         NAME    NUMBER
     30      -7.6527E+04     4.9946E+01     2.1349E+02     SG       2562

 BOND    =    33620.4938  ANGLE   =     1456.0330  DIHED      =    -1455.2099
 VDWAALS =    11231.7632  EEL     =  -132860.9420  HBOND      =        0.0000
 1-4 VDW =      636.5833  1-4 EEL =    10844.3082  RESTRAINT  =        0.0000


   NSTEP       ENERGY          RMS            GMAX         NAME    NUMBER
     31      -9.0738E+04     3.9954E+01     1.9557E+02     SG       2562

 BOND    =    22086.8818  ANGLE   =     1421.6549  DIHED      =    -1460.7640
 VDWAALS =    11142.9576  EEL     =  -135407.9162  HBOND      =        0.0000
 1-4 VDW =      635.1766  1-4 EEL =    10843.5187  RESTRAINT  =        0.0000


   NSTEP       ENERGY          RMS            GMAX         NAME    NUMBER
     32      -1.0364E+05     2.8068E+01     1.7543E+02     SG       2562

 BOND    =    12473.0072  ANGLE   =     1376.7835  DIHED      =    -1468.4472
 VDWAALS =    11034.0027  EEL     =  -138527.5017  HBOND      =        0.0000
 1-4 VDW =      633.2105  1-4 EEL =    10842.4526  RESTRAINT  =        0.0000


   NSTEP       ENERGY          RMS            GMAX         NAME    NUMBER
     33      -1.1321E+05     1.4224E+01     1.5028E+02     SG       2562

 BOND    =     6956.1774  ANGLE   =     1313.6554  DIHED      =    -1480.0746
 VDWAALS =    10891.9829  EEL     =  -142366.2774  HBOND      =        0.0000
 1-4 VDW =      630.1663  1-4 EEL =    10840.8839  RESTRAINT  =        0.0000


   NSTEP       ENERGY          RMS            GMAX         NAME    NUMBER
     34      -1.1678E+05     5.4688E+00     1.0922E+02     SG       2562

 BOND    =     8448.7266  ANGLE   =     1204.0246  DIHED      =    -1502.1278
 VDWAALS =    10675.0533  EEL     =  -147070.0600  HBOND      =        0.0000
 1-4 VDW =      624.0244  1-4 EEL =    10837.9425  RESTRAINT  =        0.0000


   NSTEP       ENERGY          RMS            GMAX         NAME    NUMBER
     35      -1.1788E+05     9.3581E+00     4.8130E+01     O       12633

 BOND    =     6068.0619  ANGLE   =     1016.0805  DIHED      =    -1541.3593
 VDWAALS =    10462.0163  EEL     =  -145323.8848  HBOND      =        0.0000
 1-4 VDW =      610.2392  1-4 EEL =    10832.2498  RESTRAINT  =        0.0000


   NSTEP       ENERGY          RMS            GMAX         NAME    NUMBER
     36      -1.1674E+05     1.5029E+01     5.2102E+01     H1       6607

 BOND    =    14407.6601  ANGLE   =      946.8163  DIHED      =    -1553.9836
 VDWAALS =    10429.6606  EEL     =  -152407.1696  HBOND      =        0.0000
 1-4 VDW =      604.8685  1-4 EEL =    10830.0607  RESTRAINT  =        0.0000


   NSTEP       ENERGY          RMS            GMAX         NAME    NUMBER
     37      -1.2030E+05     4.0562E+00     3.3127E+01     SG       2562

 BOND    =     7889.2738  ANGLE   =      927.2285  DIHED      =    -1556.8383
 VDWAALS =    10444.3231  EEL     =  -149432.7244  HBOND      =        0.0000
 1-4 VDW =      603.4709  1-4 EEL =    10830.2627  RESTRAINT  =        0.0000


   NSTEP       ENERGY          RMS            GMAX         NAME    NUMBER
     38      -1.2097E+05     7.0872E+00     3.1669E+01     O       32160

 BOND    =     6207.7498  ANGLE   =      856.2838  DIHED      =    -1568.3469
 VDWAALS =    10474.3741  EEL     =  -148366.8189  HBOND      =        0.0000
 1-4 VDW =      598.2108  1-4 EEL =    10829.6217  RESTRAINT  =        0.0000


   NSTEP       ENERGY          RMS            GMAX         NAME    NUMBER
     39      -1.2077E+05     1.0412E+01     3.3869E+01     H1       6607

 BOND    =    11602.4797  ANGLE   =      822.4654  DIHED      =    -1574.6581
 VDWAALS =    10483.7439  EEL     =  -153531.3127  HBOND      =        0.0000
 1-4 VDW =      595.6646  1-4 EEL =    10828.5316  RESTRAINT  =        0.0000


   NSTEP       ENERGY          RMS            GMAX         NAME    NUMBER
     40      -1.2254E+05     3.1440E+00     2.5735E+01     O        6582

 BOND    =     7724.6539  ANGLE   =      812.2420  DIHED      =    -1576.4432
 VDWAALS =    10503.1614  EEL     =  -151422.3969  HBOND      =        0.0000
 1-4 VDW =      594.8950  1-4 EEL =    10828.7753  RESTRAINT  =        0.0000


   NSTEP       ENERGY          RMS            GMAX         NAME    NUMBER
     41      -1.2328E+05     4.1447E+00     2.3898E+01     O        6582

 BOND    =     6736.9792  ANGLE   =      777.2780  DIHED      =    -1583.2324
 VDWAALS =    10556.5078  EEL     =  -151184.0502  HBOND      =        0.0000
 1-4 VDW =      592.2405  1-4 EEL =    10828.7496  RESTRAINT  =        0.0000


   NSTEP       ENERGY          RMS            GMAX         NAME    NUMBER
     42      -1.2342E+05     7.2332E+00     2.2893E+01     H1      22714

 BOND    =    10079.3012  ANGLE   =      752.9837  DIHED      =    -1588.5343
 VDWAALS =    10598.4348  EEL     =  -154682.8246  HBOND      =        0.0000
 1-4 VDW =      590.3883  1-4 EEL =    10828.3324  RESTRAINT  =        0.0000


   NSTEP       ENERGY          RMS            GMAX         NAME    NUMBER
     43      -1.2361E+05     8.2823E+00     2.2072E+01     O       13545

 BOND    =     6356.0279  ANGLE   =      739.0462  DIHED      =    -1591.6388
 VDWAALS =    10649.2841  EEL     =  -151181.6185  HBOND      =        0.0000
 1-4 VDW =      589.2691  1-4 EEL =    10828.9728  RESTRAINT  =        0.0000


   NSTEP       ENERGY          RMS            GMAX         NAME    NUMBER
     44      -1.2345E+05     1.0339E+01     3.1282E+01     H1       6607

 BOND    =    11959.3067  ANGLE   =      726.8296  DIHED      =    -1594.8215
 VDWAALS =    10673.4811  EEL     =  -156627.9593  HBOND      =        0.0000
 1-4 VDW =      588.3470  1-4 EEL =    10828.5014  RESTRAINT  =        0.0000


   NSTEP       ENERGY          RMS            GMAX         NAME    NUMBER
     45      -1.2518E+05     2.5741E+00     2.0397E+01     O       13545

 BOND    =     7870.3558  ANGLE   =      722.0694  DIHED      =    -1595.8942
 VDWAALS =    10697.6795  EEL     =  -154287.2954  HBOND      =        0.0000
 1-4 VDW =      587.9615  1-4 EEL =    10828.8814  RESTRAINT  =        0.0000


   NSTEP       ENERGY          RMS            GMAX         NAME    NUMBER
     46      -1.2582E+05     3.7955E+00     2.0177E+01     Cl-      2749

 BOND    =     6982.0452  ANGLE   =      702.5787  DIHED      =    -1601.0241
 VDWAALS =    10784.7260  EEL     =  -154105.7351  HBOND      =        0.0000
 1-4 VDW =      586.4043  1-4 EEL =    10829.4382  RESTRAINT  =        0.0000


   NSTEP       ENERGY          RMS            GMAX         NAME    NUMBER
     47      -1.2559E+05     8.0951E+00     2.1836E+01     H1      30421

 BOND    =    10905.6291  ANGLE   =      690.2512  DIHED      =    -1604.7061
 VDWAALS =    10843.5804  EEL     =  -157835.6024  HBOND      =        0.0000
 1-4 VDW =      585.4509  1-4 EEL =    10829.4397  RESTRAINT  =        0.0000


   NSTEP       ENERGY          RMS            GMAX         NAME    NUMBER
     48      -1.2663E+05     2.5231E+00     2.0228E+01     Cl-      2749

 BOND    =     8143.9752  ANGLE   =      687.5367  DIHED      =    -1605.4488
 VDWAALS =    10864.5512  EEL     =  -156139.1586  HBOND      =        0.0000
 1-4 VDW =      585.2164  1-4 EEL =    10829.7866  RESTRAINT  =        0.0000


   NSTEP       ENERGY          RMS            GMAX         NAME    NUMBER
     49      -1.2700E+05     3.5207E+00     2.0249E+01     Cl-      2749

 BOND    =     7129.6233  ANGLE   =      678.3724  DIHED      =    -1608.2968
 VDWAALS =    10929.6090  EEL     =  -155549.1391  HBOND      =        0.0000
 1-4 VDW =      584.4569  1-4 EEL =    10830.3746  RESTRAINT  =        0.0000


   NSTEP       ENERGY          RMS            GMAX         NAME    NUMBER
     50      -1.2712E+05     5.3969E+00     2.0300E+01     Cl-      2749

 BOND    =     9664.8498  ANGLE   =      671.6317  DIHED      =    -1610.5936
 VDWAALS =    10976.2629  EEL     =  -158235.5718  HBOND      =        0.0000
 1-4 VDW =      583.9421  1-4 EEL =    10830.4410  RESTRAINT  =        0.0000


   NSTEP       ENERGY          RMS            GMAX         NAME    NUMBER
     51      -1.2726E+05     6.1679E+00     2.0306E+01     Cl-      2749

 BOND    =     6746.1018  ANGLE   =      666.6832  DIHED      =    -1612.1742
 VDWAALS =    11025.3291  EEL     =  -155501.6383  HBOND      =        0.0000
 1-4 VDW =      583.4991  1-4 EEL =    10831.1487  RESTRAINT  =        0.0000


   NSTEP       ENERGY          RMS            GMAX         NAME    NUMBER
     52      -1.2721E+05     7.7011E+00     2.0419E+01     H1       6607

 BOND    =    10912.4186  ANGLE   =      662.2920  DIHED      =    -1613.8899
 VDWAALS =    11059.1278  EEL     =  -159645.4752  HBOND      =        0.0000
 1-4 VDW =      583.1828  1-4 EEL =    10830.9769  RESTRAINT  =        0.0000


   NSTEP       ENERGY          RMS            GMAX         NAME    NUMBER
     53      -1.2818E+05     2.0672E+00     2.0362E+01     Cl-      2749

 BOND    =     8113.8211  ANGLE   =      660.3652  DIHED      =    -1614.4696
 VDWAALS =    11080.4889  EEL     =  -157834.7336  HBOND      =        0.0000
 1-4 VDW =      583.0129  1-4 EEL =    10831.3408  RESTRAINT  =        0.0000


   NSTEP       ENERGY          RMS            GMAX         NAME    NUMBER
     54      -1.2860E+05     2.7634E+00     2.0413E+01     Cl-      2749

 BOND    =     7449.4416  ANGLE   =      653.0541  DIHED      =    -1617.1181
 VDWAALS =    11160.0295  EEL     =  -157664.4088  HBOND      =        0.0000
 1-4 VDW =      582.4093  1-4 EEL =    10832.0071  RESTRAINT  =        0.0000


   NSTEP       ENERGY          RMS            GMAX         NAME    NUMBER
     55      -1.2862E+05     5.6579E+00     2.0483E+01     Cl-      2749

 BOND    =    10023.0704  ANGLE   =      647.4981  DIHED      =    -1619.3480
 VDWAALS =    11223.5401  EEL     =  -160313.1007  HBOND      =        0.0000
 1-4 VDW =      581.9943  1-4 EEL =    10832.1877  RESTRAINT  =        0.0000


   NSTEP       ENERGY          RMS            GMAX         NAME    NUMBER
     56      -1.2871E+05     6.3802E+00     2.0499E+01     Cl-      2749

 BOND    =     6846.9138  ANGLE   =      644.3250  DIHED      =    -1620.4568
 VDWAALS =    11270.3641  EEL     =  -157268.2612  HBOND      =        0.0000
 1-4 VDW =      581.6899  1-4 EEL =    10832.9168  RESTRAINT  =        0.0000


   NSTEP       ENERGY          RMS            GMAX         NAME    NUMBER
     57      -1.2857E+05     8.0376E+00     2.0558E+01     Cl-      2749

 BOND    =    11318.2939  ANGLE   =      641.6006  DIHED      =    -1621.7659
 VDWAALS =    11304.3725  EEL     =  -161626.0498  HBOND      =        0.0000
 1-4 VDW =      581.5214  1-4 EEL =    10832.6615  RESTRAINT  =        0.0000


   NSTEP       ENERGY          RMS            GMAX         NAME    NUMBER
     58      -1.2961E+05     1.9215E+00     2.0560E+01     Cl-      2749

 BOND    =     8298.0959  ANGLE   =      640.2549  DIHED      =    -1622.1764
 VDWAALS =    11324.5446  EEL     =  -159664.7295  HBOND      =        0.0000
 1-4 VDW =      581.3964  1-4 EEL =    10833.0365  RESTRAINT  =        0.0000


   NSTEP       ENERGY          RMS            GMAX         NAME    NUMBER
     59      -1.2995E+05     3.1328E+00     2.0625E+01     Cl-      2749

 BOND    =     7455.4768  ANGLE   =      634.8201  DIHED      =    -1624.3792
 VDWAALS =    11410.8444  EEL     =  -159241.9848  HBOND      =        0.0000
 1-4 VDW =      580.9490  1-4 EEL =    10833.7236  RESTRAINT  =        0.0000


   NSTEP       ENERGY          RMS            GMAX         NAME    NUMBER
     60      -1.2977E+05     6.3681E+00     2.0686E+01     Cl-      2749

 BOND    =    10566.4932  ANGLE   =      631.4721  DIHED      =    -1625.9548
 VDWAALS =    11466.6461  EEL     =  -162225.8313  HBOND      =        0.0000
 1-4 VDW =      580.7259  1-4 EEL =    10833.7215  RESTRAINT  =        0.0000


   NSTEP       ENERGY          RMS            GMAX         NAME    NUMBER
     61      -1.3042E+05     1.9968E+00     2.0691E+01     Cl-      2749

 BOND    =     8503.3137  ANGLE   =      630.5122  DIHED      =    -1626.2720
 VDWAALS =    11483.9837  EEL     =  -160822.0540  HBOND      =        0.0000
 1-4 VDW =      580.6317  1-4 EEL =    10834.0170  RESTRAINT  =        0.0000


   NSTEP       ENERGY          RMS            GMAX         NAME    NUMBER
     62      -1.3062E+05     2.8568E+00     2.0736E+01     Cl-      2749

 BOND    =     7582.3781  ANGLE   =      627.4566  DIHED      =    -1627.5668
 VDWAALS =    11542.8736  EEL     =  -160161.8007  HBOND      =        0.0000
 1-4 VDW =      580.3738  1-4 EEL =    10834.4956  RESTRAINT  =        0.0000


   NSTEP       ENERGY          RMS            GMAX         NAME    NUMBER
     63      -1.3070E+05     4.1615E+00     2.0780E+01     Cl-      2749

 BOND    =     9589.6628  ANGLE   =      625.2137  DIHED      =    -1628.6642
 VDWAALS =    11587.0909  EEL     =  -162285.3594  HBOND      =        0.0000
 1-4 VDW =      580.2318  1-4 EEL =    10834.4853  RESTRAINT  =        0.0000


   NSTEP       ENERGY          RMS            GMAX         NAME    NUMBER
     64      -1.3079E+05     4.7782E+00     2.0803E+01     Cl-      2749

 BOND    =     7216.1213  ANGLE   =      623.2398  DIHED      =    -1629.4313
 VDWAALS =    11629.7111  EEL     =  -160041.3534  HBOND      =        0.0000
 1-4 VDW =      580.0392  1-4 EEL =    10835.0406  RESTRAINT  =        0.0000


   NSTEP       ENERGY          RMS            GMAX         NAME    NUMBER
     65      -1.3077E+05     5.9448E+00     2.0851E+01     Cl-      2749

 BOND    =    10482.4947  ANGLE   =      621.6140  DIHED      =    -1630.3464
 VDWAALS =    11666.2269  EEL     =  -163324.1168  HBOND      =        0.0000
 1-4 VDW =      579.9578  1-4 EEL =    10834.8234  RESTRAINT  =        0.0000


   NSTEP       ENERGY          RMS            GMAX         NAME    NUMBER
     66      -1.3135E+05     1.6437E+00     2.0858E+01     Cl-      2749

 BOND    =     8416.3407  ANGLE   =      620.7570  DIHED      =    -1630.6337
 VDWAALS =    11684.1785  EEL     =  -161855.1376  HBOND      =        0.0000
 1-4 VDW =      579.8749  1-4 EEL =    10835.1113  RESTRAINT  =        0.0000


   NSTEP       ENERGY          RMS            GMAX         NAME    NUMBER
     67      -1.3162E+05     2.1226E+00     2.0912E+01     Cl-      2749

 BOND    =     7890.1009  ANGLE   =      617.7532  DIHED      =    -1631.9963
 VDWAALS =    11756.0187  EEL     =  -161667.6489  HBOND      =        0.0000
 1-4 VDW =      579.6361  1-4 EEL =    10835.5369  RESTRAINT  =        0.0000


   NSTEP       ENERGY          RMS            GMAX         NAME    NUMBER
     68      -1.3168E+05     4.2172E+00     2.0965E+01     Cl-      2749

 BOND    =     9761.6026  ANGLE   =      615.3132  DIHED      =    -1633.2467
 VDWAALS =    11819.1607  EEL     =  -163657.2022  HBOND      =        0.0000
 1-4 VDW =      579.4822  1-4 EEL =    10835.5774  RESTRAINT  =        0.0000


   NSTEP       ENERGY          RMS            GMAX         NAME    NUMBER
     69      -1.3172E+05     5.0464E+00     2.0982E+01     Cl-      2749

 BOND    =     7261.5020  ANGLE   =      613.7186  DIHED      =    -1633.8730
 VDWAALS =    11861.5893  EEL     =  -161233.3869  HBOND      =        0.0000
 1-4 VDW =      579.3159  1-4 EEL =    10836.1251  RESTRAINT  =        0.0000


   NSTEP       ENERGY          RMS            GMAX         NAME    NUMBER
     70      -1.3168E+05     6.1129E+00     2.1022E+01     Cl-      2749

 BOND    =    10710.7176  ANGLE   =      612.5416  DIHED      =    -1634.6346
 VDWAALS =    11897.5466  EEL     =  -164682.6790  HBOND      =        0.0000
 1-4 VDW =      579.2795  1-4 EEL =    10835.8134  RESTRAINT  =        0.0000


   NSTEP       ENERGY          RMS            GMAX         NAME    NUMBER
     71      -1.3229E+05     1.5379E+00     2.1027E+01     Cl-      2749

 BOND    =     8517.7854  ANGLE   =      611.8235  DIHED      =    -1634.8641
 VDWAALS =    11915.0881  EEL     =  -163115.3269  HBOND      =        0.0000
 1-4 VDW =      579.2052  1-4 EEL =    10836.1035  RESTRAINT  =        0.0000


   NSTEP       ENERGY          RMS            GMAX         NAME    NUMBER
     72      -1.3255E+05     2.1426E+00     2.1077E+01     Cl-      2749

 BOND    =     7960.3645  ANGLE   =      609.2084  DIHED      =    -1636.1115
 VDWAALS =    11993.5573  EEL     =  -162887.6628  HBOND      =        0.0000
 1-4 VDW =      578.9992  1-4 EEL =    10836.4865  RESTRAINT  =        0.0000


   NSTEP       ENERGY          RMS            GMAX         NAME    NUMBER
     73      -1.3252E+05     4.6500E+00     2.1126E+01     Cl-      2749

 BOND    =    10096.4821  ANGLE   =      607.2806  DIHED      =    -1637.1920
 VDWAALS =    12057.7603  EEL     =  -165057.6018  HBOND      =        0.0000
 1-4 VDW =      578.8946  1-4 EEL =    10836.4157  RESTRAINT  =        0.0000


   NSTEP       ENERGY          RMS            GMAX         NAME    NUMBER
     74      -1.3287E+05     1.5145E+00     2.1132E+01     Cl-      2749

 BOND    =     8619.8845  ANGLE   =      606.7203  DIHED      =    -1637.3891
 VDWAALS =    12074.1084  EEL     =  -163952.7179  HBOND      =        0.0000
 1-4 VDW =      578.8328  1-4 EEL =    10836.6433  RESTRAINT  =        0.0000


   NSTEP       ENERGY          RMS            GMAX         NAME    NUMBER
     75      -1.3305E+05     1.8709E+00     2.1162E+01     Cl-      2749

 BOND    =     8101.8566  ANGLE   =      605.0617  DIHED      =    -1638.2007
 VDWAALS =    12130.9934  EEL     =  -163665.5479  HBOND      =        0.0000
 1-4 VDW =      578.6982  1-4 EEL =    10836.9045  RESTRAINT  =        0.0000


   NSTEP       ENERGY          RMS            GMAX         NAME    NUMBER
     76      -1.3315E+05     2.9978E+00     2.1191E+01     Cl-      2749

 BOND    =     9417.2403  ANGLE   =      603.6327  DIHED      =    -1639.0073
 VDWAALS =    12183.9659  EEL     =  -165129.7658  HBOND      =        0.0000
 1-4 VDW =      578.6222  1-4 EEL =    10836.8564  RESTRAINT  =        0.0000


   NSTEP       ENERGY          RMS            GMAX         NAME    NUMBER
     77      -1.3320E+05     3.8092E+00     2.1205E+01     Cl-      2749

 BOND    =     7609.7653  ANGLE   =      602.4492  DIHED      =    -1639.5142
 VDWAALS =    12226.3269  EEL     =  -163411.7104  HBOND      =        0.0000
 1-4 VDW =      578.4941  1-4 EEL =    10837.2677  RESTRAINT  =        0.0000


   NSTEP       ENERGY          RMS            GMAX         NAME    NUMBER
     78      -1.3323E+05     4.4943E+00     2.1228E+01     Cl-      2749

 BOND    =    10125.8367  ANGLE   =      601.6196  DIHED      =    -1640.0958
 VDWAALS =    12262.7463  EEL     =  -165997.9000  HBOND      =        0.0000
 1-4 VDW =      578.4829  1-4 EEL =    10836.9827  RESTRAINT  =        0.0000


   NSTEP       ENERGY          RMS            GMAX         NAME    NUMBER
     79      -1.3320E+05     5.4922E+00     2.1235E+01     Cl-      2749

 BOND    =     7346.4026  ANGLE   =      600.4819  DIHED      =    -1640.5257
 VDWAALS =    12303.3295  EEL     =  -163226.8651  HBOND      =        0.0000
 1-4 VDW =      578.3435  1-4 EEL =    10837.5235  RESTRAINT  =        0.0000


   NSTEP       ENERGY          RMS            GMAX         NAME    NUMBER
     80      -1.3369E+05     1.3920E+00     2.1245E+01     Cl-      2749

 BOND    =     8405.2500  ANGLE   =      600.1372  DIHED      =    -1640.7719
 VDWAALS =    12318.4795  EEL     =  -164791.6011  HBOND      =        0.0000
 1-4 VDW =      578.3485  1-4 EEL =    10837.3339  RESTRAINT  =        0.0000


   NSTEP       ENERGY          RMS            GMAX         NAME    NUMBER
     81      -1.3390E+05     1.9646E+00     2.1269E+01     Cl-      2749

 BOND    =     9057.4484  ANGLE   =      598.3859  DIHED      =    -1641.7382
 VDWAALS =    12393.4412  EEL     =  -165719.6899  HBOND      =        0.0000
 1-4 VDW =      578.2376  1-4 EEL =    10837.3961  RESTRAINT  =        0.0000


   NSTEP       ENERGY          RMS            GMAX         NAME    NUMBER
     82      -1.3388E+05     4.1705E+00     2.1278E+01     Cl-      2749

 BOND    =     7612.4689  ANGLE   =      596.8733  DIHED      =    -1642.4632
 VDWAALS =    12458.1635  EEL     =  -164318.4043  HBOND      =        0.0000
 1-4 VDW =      578.0886  1-4 EEL =    10837.7932  RESTRAINT  =        0.0000


   NSTEP       ENERGY          RMS            GMAX         NAME    NUMBER
     83      -1.3416E+05     1.3758E+00     2.1283E+01     Cl-      2749

 BOND    =     8440.0994  ANGLE   =      596.5838  DIHED      =    -1642.6701
 VDWAALS =    12472.5902  EEL     =  -165446.5285  HBOND      =        0.0000
 1-4 VDW =      578.0932  1-4 EEL =    10837.6465  RESTRAINT  =        0.0000


   NSTEP       ENERGY          RMS            GMAX         NAME    NUMBER
     84      -1.3431E+05     1.6860E+00     2.1292E+01     Cl-      2749

 BOND    =     8984.4503  ANGLE   =      595.4583  DIHED      =    -1643.3176
 VDWAALS =    12526.6848  EEL     =  -166187.4404  HBOND      =        0.0000
 1-4 VDW =      578.0263  1-4 EEL =    10837.6497  RESTRAINT  =        0.0000


   NSTEP       ENERGY          RMS            GMAX         NAME    NUMBER
     85      -1.3439E+05     2.6591E+00     2.1292E+01     Cl-      2749

 BOND    =     7992.8791  ANGLE   =      594.3106  DIHED      =    -1643.8875
 VDWAALS =    12580.2728  EEL     =  -165334.1147  HBOND      =        0.0000
 1-4 VDW =      577.9161  1-4 EEL =    10837.9146  RESTRAINT  =        0.0000


   NSTEP       ENERGY          RMS            GMAX         NAME    NUMBER
     86      -1.3444E+05     3.4182E+00     2.1291E+01     Cl-      2749

 BOND    =     9803.2420  ANGLE   =      593.6284  DIHED      =    -1644.3809
 VDWAALS =    12619.9782  EEL     =  -167223.9013  HBOND      =        0.0000
 1-4 VDW =      577.9077  1-4 EEL =    10837.6845  RESTRAINT  =        0.0000


   NSTEP       ENERGY          RMS            GMAX         NAME    NUMBER
     87      -1.3447E+05     4.0159E+00     2.1284E+01     Cl-      2749

 BOND    =     7705.5486  ANGLE   =      592.7763  DIHED      =    -1644.7252
 VDWAALS =    12657.9433  EEL     =  -165197.9717  HBOND      =        0.0000
 1-4 VDW =      577.7970  1-4 EEL =    10838.0888  RESTRAINT  =        0.0000


   NSTEP       ENERGY          RMS            GMAX         NAME    NUMBER
     88      -1.3445E+05     4.9217E+00     2.1285E+01     Cl-      2749

 BOND    =    10523.4802  ANGLE   =      592.2362  DIHED      =    -1645.2060
 VDWAALS =    12695.9603  EEL     =  -168030.5250  HBOND      =        0.0000
 1-4 VDW =      577.8134  1-4 EEL =    10837.7098  RESTRAINT  =        0.0000


   NSTEP       ENERGY          RMS            GMAX         NAME    NUMBER
     89      -1.3484E+05     1.2749E+00     2.1279E+01     Cl-      2749

 BOND    =     8809.2684  ANGLE   =      591.8212  DIHED      =    -1645.3313
 VDWAALS =    12711.5104  EEL     =  -166727.1358  HBOND      =        0.0000
 1-4 VDW =      577.7591  1-4 EEL =    10837.9402  RESTRAINT  =        0.0000


   NSTEP       ENERGY          RMS            GMAX         NAME    NUMBER
     90      -1.3501E+05     1.7556E+00     2.1257E+01     Cl-      2749

 BOND    =     8330.8248  ANGLE   =      590.4857  DIHED      =    -1646.0568
 VDWAALS =    12784.0515  EEL     =  -166489.4110  HBOND      =        0.0000
 1-4 VDW =      577.6491  1-4 EEL =    10838.1135  RESTRAINT  =        0.0000


   NSTEP       ENERGY          RMS            GMAX         NAME    NUMBER
     91      -1.3501E+05     3.6712E+00     2.1236E+01     Cl-      2749

 BOND    =    10011.0253  ANGLE   =      589.5194  DIHED      =    -1646.7226
 VDWAALS =    12846.4471  EEL     =  -168230.7611  HBOND      =        0.0000
 1-4 VDW =      577.6152  1-4 EEL =    10837.9174  RESTRAINT  =        0.0000


   NSTEP       ENERGY          RMS            GMAX         NAME    NUMBER
     92      -1.3506E+05     4.0766E+00     2.1214E+01     Cl-      2749

 BOND    =     7758.8986  ANGLE   =      588.7857  DIHED      =    -1647.0028
 VDWAALS =    12882.4865  EEL     =  -166056.6652  HBOND      =        0.0000
 1-4 VDW =      577.5060  1-4 EEL =    10838.3385  RESTRAINT  =        0.0000


   NSTEP       ENERGY          RMS            GMAX         NAME    NUMBER
     93      -1.3499E+05     5.1867E+00     2.1198E+01     Cl-      2749

 BOND    =    10746.1679  ANGLE   =      588.3485  DIHED      =    -1647.4521
 VDWAALS =    12921.1597  EEL     =  -169017.9771  HBOND      =        0.0000
 1-4 VDW =      577.5365  1-4 EEL =    10837.9038  RESTRAINT  =        0.0000


   NSTEP       ENERGY          RMS            GMAX         NAME    NUMBER
     94      -1.3543E+05     1.2609E+00     2.1186E+01     Cl-      2749

 BOND    =     8919.5274  ANGLE   =      587.9669  DIHED      =    -1647.5540
 VDWAALS =    12936.1334  EEL     =  -167640.0209  HBOND      =        0.0000
 1-4 VDW =      577.4811  1-4 EEL =    10838.1466  RESTRAINT  =        0.0000


   NSTEP       ENERGY          RMS            GMAX         NAME    NUMBER
     95      -1.3557E+05     2.0586E+00     2.1129E+01     Cl-      2749

 BOND    =     8290.8601  ANGLE   =      586.7561  DIHED      =    -1648.2248
 VDWAALS =    13011.1880  EEL     =  -167228.4153  HBOND      =        0.0000
 1-4 VDW =      577.3738  1-4 EEL =    10838.3223  RESTRAINT  =        0.0000


   NSTEP       ENERGY          RMS            GMAX         NAME    NUMBER
     96      -1.3551E+05     4.0505E+00     2.1085E+01     Cl-      2749

 BOND    =    10268.9644  ANGLE   =      586.0702  DIHED      =    -1648.7683
 VDWAALS =    13065.8190  EEL     =  -169201.5546  HBOND      =        0.0000
 1-4 VDW =      577.3667  1-4 EEL =    10838.0435  RESTRAINT  =        0.0000


   NSTEP       ENERGY          RMS            GMAX         NAME    NUMBER
     97      -1.3578E+05     1.3054E+00     2.1070E+01     Cl-      2749

 BOND    =     9020.5053  ANGLE   =      585.7706  DIHED      =    -1648.8609
 VDWAALS =    13079.5957  EEL     =  -168229.9616  HBOND      =        0.0000
 1-4 VDW =      577.3216  1-4 EEL =    10838.2257  RESTRAINT  =        0.0000


   NSTEP       ENERGY          RMS            GMAX         NAME    NUMBER
     98      -1.3588E+05     1.7717E+00     2.1015E+01     Cl-      2749

 BOND    =     8418.3454  ANGLE   =      584.9899  DIHED      =    -1649.2918
 VDWAALS =    13131.2126  EEL     =  -167778.2701  HBOND      =        0.0000
 1-4 VDW =      577.2456  1-4 EEL =    10838.3655  RESTRAINT  =        0.0000


   NSTEP       ENERGY          RMS            GMAX         NAME    NUMBER
     99      -1.3592E+05     2.6318E+00     2.0964E+01     Cl-      2749

 BOND    =     9683.0068  ANGLE   =      584.4334  DIHED      =    -1649.7160
 VDWAALS =    13176.6070  EEL     =  -169133.9836  HBOND      =        0.0000
 1-4 VDW =      577.2352  1-4 EEL =    10838.1706  RESTRAINT  =        0.0000


   NSTEP       ENERGY          RMS            GMAX         NAME    NUMBER
    100      -1.3597E+05     3.0917E+00     2.0915E+01     Cl-      2749

 BOND    =     8067.5207  ANGLE   =      583.8366  DIHED      =    -1649.9744
 VDWAALS =    13212.9397  EEL     =  -167597.6794  HBOND      =        0.0000
 1-4 VDW =      577.1474  1-4 EEL =    10838.4742  RESTRAINT  =        0.0000


   NSTEP       ENERGY          RMS            GMAX         NAME    NUMBER
    101      -1.3598E+05     3.7950E+00     2.0865E+01     Cl-      2749

 BOND    =    10221.3311  ANGLE   =      583.4694  DIHED      =    -1650.3442
 VDWAALS =    13250.6620  EEL     =  -169797.4067  HBOND      =        0.0000
 1-4 VDW =      577.1692  1-4 EEL =    10838.1298  RESTRAINT  =        0.0000


   NSTEP       ENERGY          RMS            GMAX         NAME    NUMBER
    102      -1.3597E+05     4.5200E+00     2.0807E+01     Cl-      2749

 BOND    =     7788.7601  ANGLE   =      582.8528  DIHED      =    -1650.5673
 VDWAALS =    13286.1464  EEL     =  -167387.9051  HBOND      =        0.0000
 1-4 VDW =      577.0628  1-4 EEL =    10838.5654  RESTRAINT  =        0.0000


   NSTEP       ENERGY          RMS            GMAX         NAME    NUMBER
    103      -1.3630E+05     1.1315E+00     2.0785E+01     Cl-      2749

 BOND    =     8776.5841  ANGLE   =      582.6900  DIHED      =    -1650.7278
 VDWAALS =    13301.8646  EEL     =  -168724.8119  HBOND      =        0.0000
 1-4 VDW =      577.0816  1-4 EEL =    10838.3552  RESTRAINT  =        0.0000


   NSTEP       ENERGY          RMS            GMAX         NAME    NUMBER
    104      -1.3644E+05     1.5425E+00     2.0660E+01     Cl-      2749

 BOND    =     9272.0390  ANGLE   =      581.7911  DIHED      =    -1651.3227
 VDWAALS =    13375.0022  EEL     =  -169436.6612  HBOND      =        0.0000
 1-4 VDW =      577.0261  1-4 EEL =    10838.2839  RESTRAINT  =        0.0000


   NSTEP       ENERGY          RMS            GMAX         NAME    NUMBER
    105      -1.3644E+05     3.3968E+00     2.0534E+01     Cl-      2749

 BOND    =     8057.8534  ANGLE   =      580.9480  DIHED      =    -1651.7768
 VDWAALS =    13438.4540  EEL     =  -168280.9418  HBOND      =        0.0000
 1-4 VDW =      576.9218  1-4 EEL =    10838.5383  RESTRAINT  =        0.0000


   NSTEP       ENERGY          RMS            GMAX         NAME    NUMBER
    106      -1.3663E+05     1.1180E+00     2.0506E+01     Cl-      2749

 BOND    =     8810.3838  ANGLE   =      580.8047  DIHED      =    -1651.9145
 VDWAALS =    13453.1962  EEL     =  -169239.9119  HBOND      =        0.0000
 1-4 VDW =      576.9366  1-4 EEL =    10838.3750  RESTRAINT  =        0.0000


   NSTEP       ENERGY          RMS            GMAX         NAME    NUMBER
    107      -1.3674E+05     1.3261E+00     2.0393E+01     Cl-      2749

 BOND    =     9209.2087  ANGLE   =      580.2116  DIHED      =    -1652.3234
 VDWAALS =    13505.8894  EEL     =  -169794.7796  HBOND      =        0.0000
 1-4 VDW =      576.9023  1-4 EEL =    10838.3019  RESTRAINT  =        0.0000


   NSTEP       ENERGY          RMS            GMAX         NAME    NUMBER
    108      -1.3681E+05     2.1180E+00     2.0265E+01     Cl-      2749

 BOND    =     8420.9919  ANGLE   =      579.5601  DIHED      =    -1652.6902
 VDWAALS =    13558.5254  EEL     =  -169127.6442  HBOND      =        0.0000
 1-4 VDW =      576.8250  1-4 EEL =    10838.4575  RESTRAINT  =        0.0000


   NSTEP       ENERGY          RMS            GMAX         NAME    NUMBER
    109      -1.3683E+05     2.8847E+00     2.0168E+01     Cl-      2749

 BOND    =     9943.7251  ANGLE   =      579.2170  DIHED      =    -1653.0235
 VDWAALS =    13598.7944  EEL     =  -170712.2257  HBOND      =        0.0000
 1-4 VDW =      576.8393  1-4 EEL =    10838.1823  RESTRAINT  =        0.0000


   NSTEP       ENERGY          RMS            GMAX         NAME    NUMBER
    110      -1.3686E+05     3.3068E+00     2.0073E+01     Cl-      2749

 BOND    =     8130.6796  ANGLE   =      578.7296  DIHED      =    -1653.2177
 VDWAALS =    13632.6346  EEL     =  -168963.8377  HBOND      =        0.0000
 1-4 VDW =      576.7485  1-4 EEL =    10838.5170  RESTRAINT  =        0.0000


   NSTEP       ENERGY          RMS            GMAX         NAME    NUMBER
    111      -1.3684E+05     4.1160E+00     1.9972E+01     Cl-      2749

 BOND    =    10517.4969  ANGLE   =      578.4875  DIHED      =    -1653.5447
 VDWAALS =    13670.2448  EEL     =  -171367.6995  HBOND      =        0.0000
 1-4 VDW =      576.7883  1-4 EEL =    10838.0992  RESTRAINT  =        0.0000


   NSTEP       ENERGY          RMS            GMAX         NAME    NUMBER
    112      -1.3712E+05     1.0789E+00     1.9928E+01     Cl-      2749

 BOND    =     9108.8103  ANGLE   =      578.2265  DIHED      =    -1653.6129
 VDWAALS =    13684.0629  EEL     =  -170249.4141  HBOND      =        0.0000
 1-4 VDW =      576.7408  1-4 EEL =    10838.3011  RESTRAINT  =        0.0000


   NSTEP       ENERGY          RMS            GMAX         NAME    NUMBER
    113      -1.3723E+05     1.5080E+00     1.9716E+01     Cl-      2749

 BOND    =     8673.6820  ANGLE   =      577.5042  DIHED      =    -1654.0619
 VDWAALS =    13750.5391  EEL     =  -169997.0023  HBOND      =        0.0000
 1-4 VDW =      576.6679  1-4 EEL =    10838.3754  RESTRAINT  =        0.0000


   NSTEP       ENERGY          RMS            GMAX         NAME    NUMBER
    114      -1.3724E+05     3.0617E+00     1.9524E+01     Cl-      2749

 BOND    =    10091.9443  ANGLE   =      577.0285  DIHED      =    -1654.4895
 VDWAALS =    13808.0286  EEL     =  -171473.6228  HBOND      =        0.0000
 1-4 VDW =      576.6662  1-4 EEL =    10838.1105  RESTRAINT  =        0.0000


   NSTEP       ENERGY          RMS            GMAX         NAME    NUMBER
    115      -1.3727E+05     3.3808E+00     1.9401E+01     Cl-      2749

 BOND    =     8168.1250  ANGLE   =      576.5855  DIHED      =    -1654.6536
 VDWAALS =    13840.4035  EEL     =  -169615.8106  HBOND      =        0.0000
 1-4 VDW =      576.5727  1-4 EEL =    10838.4676  RESTRAINT  =        0.0000


   NSTEP       ENERGY          RMS            GMAX         NAME    NUMBER
    116      -1.3723E+05     4.3160E+00     1.9271E+01     Cl-      2749

 BOND    =    10681.2041  ANGLE   =      576.3922  DIHED      =    -1654.9676
 VDWAALS =    13878.0787  EEL     =  -172123.7008  HBOND      =        0.0000
 1-4 VDW =      576.6213  1-4 EEL =    10838.0104  RESTRAINT  =        0.0000


   NSTEP       ENERGY          RMS            GMAX         NAME    NUMBER
    117      -1.3753E+05     1.0719E+00     1.9215E+01     Cl-      2749

 BOND    =     9191.1027  ANGLE   =      576.1404  DIHED      =    -1655.0242
 VDWAALS =    13891.4226  EEL     =  -170948.1100  HBOND      =        0.0000
 1-4 VDW =      576.5716  1-4 EEL =    10838.2257  RESTRAINT  =        0.0000


   NSTEP       ENERGY          RMS            GMAX         NAME    NUMBER
    118      -1.3763E+05     1.7035E+00     1.8936E+01     Cl-      2749

 BOND    =     8655.8294  ANGLE   =      575.4649  DIHED      =    -1655.4508
 VDWAALS =    13959.5509  EEL     =  -170584.5957  HBOND      =        0.0000
 1-4 VDW =      576.4966  1-4 EEL =    10838.3094  RESTRAINT  =        0.0000


   NSTEP       ENERGY          RMS            GMAX         NAME    NUMBER
    119      -1.3760E+05     3.3341E+00     1.8718E+01     Cl-      2749

 BOND    =    10278.8617  ANGLE   =      575.1097  DIHED      =    -1655.8249
 VDWAALS =    14011.6403  EEL     =  -172227.6727  HBOND      =        0.0000
 1-4 VDW =      576.5100  1-4 EEL =    10837.9952  RESTRAINT  =        0.0000


   NSTEP       ENERGY          RMS            GMAX         NAME    NUMBER
    120      -1.3778E+05     1.0956E+00     1.8659E+01     Cl-      2749

 BOND    =     9261.7788  ANGLE   =      574.9115  DIHED      =    -1655.8807
 VDWAALS =    14024.1633  EEL     =  -171403.1051  HBOND      =        0.0000
 1-4 VDW =      576.4699  1-4 EEL =    10838.1533  RESTRAINT  =        0.0000


   NSTEP       ENERGY          RMS            GMAX         NAME    NUMBER
    121      -1.3786E+05     1.4292E+00     1.8438E+01     Cl-      2749

 BOND    =     8782.8820  ANGLE   =      574.4613  DIHED      =    -1656.1631
 VDWAALS =    14071.5148  EEL     =  -171047.2205  HBOND      =        0.0000
 1-4 VDW =      576.4146  1-4 EEL =    10838.2271  RESTRAINT  =        0.0000


   NSTEP       ENERGY          RMS            GMAX         NAME    NUMBER
    122      -1.3790E+05     2.1483E+00     1.8229E+01     Cl-      2749

 BOND    =     9798.7554  ANGLE   =      574.1490  DIHED      =    -1656.4633
 VDWAALS =    14115.6369  EEL     =  -172147.3765  HBOND      =        0.0000
 1-4 VDW =      576.4178  1-4 EEL =    10838.0096  RESTRAINT  =        0.0000


   NSTEP       ENERGY          RMS            GMAX         NAME    NUMBER
    123      -1.3793E+05     2.5885E+00     1.8055E+01     Cl-      2749

 BOND    =     8442.7710  ANGLE   =      573.7769  DIHED      =    -1656.6313
 VDWAALS =    14149.4362  EEL     =  -170856.5860  HBOND      =        0.0000
 1-4 VDW =      576.3422  1-4 EEL =    10838.2594  RESTRAINT  =        0.0000


   NSTEP       ENERGY          RMS            GMAX         NAME    NUMBER
    124      -1.3795E+05     3.1367E+00     1.7879E+01     Cl-      2749

 BOND    =    10247.4691  ANGLE   =      573.5977  DIHED      =    -1656.8942
 VDWAALS =    14185.0495  EEL     =  -172710.1285  HBOND      =        0.0000
 1-4 VDW =      576.3772  1-4 EEL =    10837.9007  RESTRAINT  =        0.0000


   NSTEP       ENERGY          RMS            GMAX         NAME    NUMBER
    125      -1.3794E+05     3.7692E+00     1.7695E+01     Cl-      2749

 BOND    =     8179.0758  ANGLE   =      573.2061  DIHED      =    -1657.0316
 VDWAALS =    14217.4477  EEL     =  -170667.9029  HBOND      =        0.0000
 1-4 VDW =      576.2814  1-4 EEL =    10838.2817  RESTRAINT  =        0.0000


   NSTEP       ENERGY          RMS            GMAX         NAME    NUMBER
    126      -1.3817E+05     9.8083E-01     1.7620E+01     Cl-      2749

 BOND    =     9063.1651  ANGLE   =      573.1160  DIHED      =    -1657.1492
 VDWAALS =    14232.3999  EEL     =  -171799.5871  HBOND      =        0.0000
 1-4 VDW =      576.3058  1-4 EEL =    10838.0684  RESTRAINT  =        0.0000


   NSTEP       ENERGY          RMS            GMAX         NAME    NUMBER
    127      -1.3828E+05     1.3003E+00     1.7251E+01     Cl-      2749

 BOND    =     9476.5791  ANGLE   =      572.6186  DIHED      =    -1657.5440
 VDWAALS =    14297.7168  EEL     =  -172383.1156  HBOND      =        0.0000
 1-4 VDW =      576.2744  1-4 EEL =    10837.9411  RESTRAINT  =        0.0000


   NSTEP       ENERGY          RMS            GMAX         NAME    NUMBER
    128      -1.3829E+05     2.7483E+00     1.6904E+01     Cl-      2749

 BOND    =     8453.6303  ANGLE   =      572.1142  DIHED      =    -1657.8460
 VDWAALS =    14355.3731  EEL     =  -171429.7947  HBOND      =        0.0000
 1-4 VDW =      576.1907  1-4 EEL =    10838.1210  RESTRAINT  =        0.0000


   NSTEP       ENERGY          RMS            GMAX         NAME    NUMBER
    129      -1.3831E+05     3.2125E+00     1.6702E+01     Cl-      2749

 BOND    =    10345.1094  ANGLE   =      571.9775  DIHED      =    -1658.0929
 VDWAALS =    14389.8440  EEL     =  -173370.0136  HBOND      =        0.0000
 1-4 VDW =      576.2355  1-4 EEL =    10837.7263  RESTRAINT  =        0.0000


   NSTEP       ENERGY          RMS            GMAX         NAME    NUMBER
    130      -1.3828E+05     3.9473E+00     1.6488E+01     Cl-      2749

 BOND    =     8192.7526  ANGLE   =      571.6101  DIHED      =    -1658.2136
 VDWAALS =    14421.7528  EEL     =  -171226.5188  HBOND      =        0.0000
 1-4 VDW =      576.1332  1-4 EEL =    10838.1354  RESTRAINT  =        0.0000


   NSTEP       ENERGY          RMS            GMAX         NAME    NUMBER
    131      -1.3854E+05     9.7208E-01     1.6403E+01     Cl-      2749

 BOND    =     9103.9452  ANGLE   =      571.5275  DIHED      =    -1658.3264
