
CPPTRAJ: Trajectory Analysis. V6.4.4 (AmberTools)
    ___  ___  ___  ___
     | \/ | \/ | \/ | 
    _|_/\_|_/\_|_/\_|_

| Date/time: 04/03/24 22:56:07
| Available memory: 525.263 GB

INPUT: Reading input from 'strip_08.in'
  [parm T188C-OX_solv.prmtop]
	Reading 'T188C-OX_solv.prmtop' as Amber Topology
	Radius Set: modified Bondi radii (mbondi)
  [trajin 08_prod.nc]
	Reading '08_prod.nc' as Amber NetCDF
  [autoimage]
    AUTOIMAGE: To box center based on center of mass, anchor is first molecule.
  [strip :WAT,Cl-]
    STRIP: Stripping atoms in mask [:WAT,Cl-]
  [trajout 08_prod_dry.nc]
	Writing '08_prod_dry.nc' as Amber NetCDF
  [go]
---------- RUN BEGIN -------------------------------------------------

PARAMETER FILES (1 total):
 0: T188C-OX_solv.prmtop, 34070 atoms, 10618 res, box: Truncated octahedron, 10443 mol, 10440 solvent

INPUT TRAJECTORIES (1 total):
 0: '08_prod.nc' is a NetCDF AMBER trajectory with coordinates, time, box, Parm T188C-OX_solv.prmtop (Truncated octahedron box) (reading 20000 of 20000)
  Coordinate processing will occur on 20000 frames.

OUTPUT TRAJECTORIES (1 total):
  '08_prod_dry.nc' (20000 frames) is a NetCDF AMBER trajectory

BEGIN TRAJECTORY PROCESSING:
.....................................................
ACTION SETUP FOR PARM 'T188C-OX_solv.prmtop' (2 actions):
  0: [autoimage]
	Original box is truncated octahedron, turning on 'familiar'.
	Using first molecule as anchor.
	10442 molecules are mobile.
  1: [strip :WAT,Cl-]
	Stripping 31322 atoms.
	Stripped topology: 2748 atoms, 176 res, box: Truncated octahedron, 1 mol
.....................................................
ACTIVE OUTPUT TRAJECTORIES (1):
  08_prod_dry.nc (coordinates, time, box)
----- 08_prod.nc (1-20000, 1) -----
 0% 10% 20% 30% 40% 50% 60% 70% 80% 90% 100% Complete.

Read 20000 frames and processed 20000 frames.
TIME: Avg. throughput= 329.7593 frames / second.

ACTION OUTPUT:
TIME: Analyses took 0.0000 seconds.

RUN TIMING:
TIME:		Init               : 0.0000 s (  0.00%)
TIME:		Trajectory Process : 60.6503 s ( 99.94%)
TIME:		Action Post        : 0.0000 s (  0.00%)
TIME:		Analysis           : 0.0000 s (  0.00%)
TIME:		Data File Write    : 0.0000 s (  0.00%)
TIME:		Other              : 0.0390 s (  0.00%)
TIME:	Run Total 60.6893 s
---------- RUN END ---------------------------------------------------
  [quit]
TIME: Total execution time: 60.8043 seconds.
--------------------------------------------------------------------------------
To cite CPPTRAJ use:
Daniel R. Roe and Thomas E. Cheatham, III, "PTRAJ and CPPTRAJ: Software for
  Processing and Analysis of Molecular Dynamics Trajectory Data". J. Chem.
  Theory Comput., 2013, 9 (7), pp 3084-3095.

