Updating system with the options from the configuration file
Maximum wallclock time: 1 day, 0:00:00

Fri Jul 12 11:08:07 2024
Iteration 501 (600 requested)
Beginning iteration 501
108 segments remain in iteration 501 (108 total)
27 of 33 (81.818182%) active bins are populated
per-bin minimum non-zero probability:       3.30784e-16
per-bin maximum probability:                0.925201
per-bin probability dynamic range (kT):     35.5673
per-segment minimum non-zero probability:   8.2696e-17
per-segment maximum non-zero probability:   0.247953
per-segment probability dynamic range (kT): 35.6368
norm = 1, error in norm = 0 (0*epsilon)
MAB binning in use
Bottleneck bin occupancy may not be accurately reported
Waiting for segments to complete...
################ MAB stats ################
minima in each dimension:      [10.4563]
maxima in each dimension:      [39.2906]
direction in each dimension:   [86]
skip in each dimension:        [0]
###########################################
Iteration completed successfully
Iteration wallclock: 0:07:31.161064, cputime: 0:30:17.829989


Fri Jul 12 11:15:38 2024
Iteration 502 (600 requested)
Beginning iteration 502
112 segments remain in iteration 502 (112 total)
28 of 33 (84.848485%) active bins are populated
per-bin minimum non-zero probability:       3.56758e-16
per-bin maximum probability:                0.964036
per-bin probability dynamic range (kT):     35.5328
per-segment minimum non-zero probability:   2.0674e-17
per-segment maximum non-zero probability:   0.247953
per-segment probability dynamic range (kT): 37.0231
norm = 1, error in norm = 0 (0*epsilon)
MAB binning in use
Bottleneck bin occupancy may not be accurately reported
Waiting for segments to complete...
################ MAB stats ################
minima in each dimension:      [9.1532]
maxima in each dimension:      [39.7458]
direction in each dimension:   [86]
skip in each dimension:        [0]
###########################################
Iteration completed successfully
Iteration wallclock: 0:06:01.849058, cputime: 0:31:28.838535


Fri Jul 12 11:21:40 2024
Iteration 503 (600 requested)
Beginning iteration 503
108 segments remain in iteration 503 (108 total)
27 of 33 (81.818182%) active bins are populated
per-bin minimum non-zero probability:       6.58167e-17
per-bin maximum probability:                0.740364
per-bin probability dynamic range (kT):     36.959
per-segment minimum non-zero probability:   1.22344e-17
per-segment maximum non-zero probability:   0.247953
per-segment probability dynamic range (kT): 37.5478
norm = 1, error in norm = 0 (0*epsilon)
MAB binning in use
Bottleneck bin occupancy may not be accurately reported
Waiting for segments to complete...
################ MAB stats ################
minima in each dimension:      [9.5802]
maxima in each dimension:      [39.2371]
direction in each dimension:   [86]
skip in each dimension:        [0]
###########################################
Iteration completed successfully
Iteration wallclock: 0:05:40.376645, cputime: 0:30:33.016246


Fri Jul 12 11:27:20 2024
Iteration 504 (600 requested)
Beginning iteration 504
120 segments remain in iteration 504 (120 total)
30 of 33 (90.909091%) active bins are populated
per-bin minimum non-zero probability:       2.31146e-17
per-bin maximum probability:                0.972767
per-bin probability dynamic range (kT):     38.2785
per-segment minimum non-zero probability:   5.77866e-18
per-segment maximum non-zero probability:   0.247953
per-segment probability dynamic range (kT): 38.2978
norm = 1, error in norm = 0 (0*epsilon)
MAB binning in use
Bottleneck bin occupancy may not be accurately reported
Waiting for segments to complete...
################ MAB stats ################
minima in each dimension:      [10.4761]
maxima in each dimension:      [39.7137]
direction in each dimension:   [86]
skip in each dimension:        [0]
###########################################
Iteration completed successfully
Iteration wallclock: 0:06:15.331806, cputime: 0:33:40.528106


Fri Jul 12 11:33:35 2024
Iteration 505 (600 requested)
Beginning iteration 505
116 segments remain in iteration 505 (116 total)
28 of 33 (84.848485%) active bins are populated
per-bin minimum non-zero probability:       6.79636e-17
per-bin maximum probability:                0.975521
per-bin probability dynamic range (kT):     37.2028
per-segment minimum non-zero probability:   1.33374e-17
per-segment maximum non-zero probability:   0.247953
per-segment probability dynamic range (kT): 37.4614
norm = 1, error in norm = -2.22045e-16 (-1*epsilon)
MAB binning in use
Bottleneck bin occupancy may not be accurately reported
Waiting for segments to complete...
################ MAB stats ################
minima in each dimension:      [10.5321]
maxima in each dimension:      [39.6511]
direction in each dimension:   [86]
skip in each dimension:        [0]
###########################################
Iteration completed successfully
Iteration wallclock: 0:06:02.283554, cputime: 0:32:26.817545


Fri Jul 12 11:39:38 2024
Iteration 506 (600 requested)
Beginning iteration 506
124 segments remain in iteration 506 (124 total)
30 of 33 (90.909091%) active bins are populated
per-bin minimum non-zero probability:       7.40967e-17
per-bin maximum probability:                0.732622
per-bin probability dynamic range (kT):     36.83
per-segment minimum non-zero probability:   1.85242e-17
per-segment maximum non-zero probability:   0.247953
per-segment probability dynamic range (kT): 37.1329
norm = 1, error in norm = -2.22045e-16 (-1*epsilon)
MAB binning in use
Bottleneck bin occupancy may not be accurately reported
Waiting for segments to complete...
################ MAB stats ################
minima in each dimension:      [9.3195]
maxima in each dimension:      [39.7465]
direction in each dimension:   [86]
skip in each dimension:        [0]
###########################################
Iteration completed successfully
Iteration wallclock: 0:06:28.861322, cputime: 0:35:00.725262


Fri Jul 12 11:46:06 2024
Iteration 507 (600 requested)
Beginning iteration 507
124 segments remain in iteration 507 (124 total)
31 of 33 (93.939394%) active bins are populated
per-bin minimum non-zero probability:       1.44969e-16
per-bin maximum probability:                0.736568
per-bin probability dynamic range (kT):     36.1643
per-segment minimum non-zero probability:   3.62423e-17
per-segment maximum non-zero probability:   0.247953
per-segment probability dynamic range (kT): 36.4618
norm = 1, error in norm = 0 (0*epsilon)
MAB binning in use
Bottleneck bin occupancy may not be accurately reported
Waiting for segments to complete...
################ MAB stats ################
minima in each dimension:      [10.1504]
maxima in each dimension:      [39.8959]
direction in each dimension:   [86]
skip in each dimension:        [0]
###########################################
Iteration completed successfully
Iteration wallclock: 0:06:38.853587, cputime: 0:34:49.877203


Fri Jul 12 11:52:45 2024
Iteration 508 (600 requested)
Beginning iteration 508
120 segments remain in iteration 508 (120 total)
28 of 33 (84.848485%) active bins are populated
per-bin minimum non-zero probability:       3.62423e-17
per-bin maximum probability:                0.860937
per-bin probability dynamic range (kT):     37.7066
per-segment minimum non-zero probability:   9.06058e-18
per-segment maximum non-zero probability:   0.247953
per-segment probability dynamic range (kT): 37.8481
norm = 1, error in norm = -3.33067e-16 (-1.5*epsilon)
MAB binning in use
Bottleneck bin occupancy may not be accurately reported
Waiting for segments to complete...
################ MAB stats ################
minima in each dimension:      [9.0329]
maxima in each dimension:      [39.5494]
direction in each dimension:   [86]
skip in each dimension:        [0]
###########################################
Iteration completed successfully
Iteration wallclock: 0:06:20.207206, cputime: 0:33:40.581374


Fri Jul 12 11:59:05 2024
Iteration 509 (600 requested)
Beginning iteration 509
124 segments remain in iteration 509 (124 total)
31 of 33 (93.939394%) active bins are populated
per-bin minimum non-zero probability:       9.06058e-18
per-bin maximum probability:                0.972276
per-bin probability dynamic range (kT):     39.2145
per-segment minimum non-zero probability:   2.26515e-18
per-segment maximum non-zero probability:   0.247953
per-segment probability dynamic range (kT): 39.2344
norm = 1, error in norm = -1.11022e-16 (-0.5*epsilon)
MAB binning in use
Bottleneck bin occupancy may not be accurately reported
Waiting for segments to complete...
################ MAB stats ################
minima in each dimension:      [8.9851]
maxima in each dimension:      [39.3016]
direction in each dimension:   [86]
skip in each dimension:        [0]
###########################################
Iteration completed successfully
Iteration wallclock: 0:06:29.990488, cputime: 0:35:02.202586


Fri Jul 12 12:05:35 2024
Iteration 510 (600 requested)
Beginning iteration 510
128 segments remain in iteration 510 (128 total)
32 of 33 (96.969697%) active bins are populated
per-bin minimum non-zero probability:       6.79544e-18
per-bin maximum probability:                0.740804
per-bin probability dynamic range (kT):     39.2303
per-segment minimum non-zero probability:   1.5101e-18
per-segment maximum non-zero probability:   0.246326
per-segment probability dynamic range (kT): 39.6333
norm = 1, error in norm = 2.22045e-16 (1*epsilon)
MAB binning in use
Bottleneck bin occupancy may not be accurately reported
Waiting for segments to complete...
################ MAB stats ################
minima in each dimension:      [10.4821]
maxima in each dimension:      [38.618]
direction in each dimension:   [86]
skip in each dimension:        [0]
###########################################
Iteration completed successfully
Iteration wallclock: 0:06:41.796994, cputime: 0:35:52.715972


Fri Jul 12 12:12:17 2024
Iteration 511 (600 requested)
Beginning iteration 511
128 segments remain in iteration 511 (128 total)
32 of 33 (96.969697%) active bins are populated
per-bin minimum non-zero probability:       5.36005e-17
per-bin maximum probability:                0.989097
per-bin probability dynamic range (kT):     37.454
per-segment minimum non-zero probability:   1.34001e-17
per-segment maximum non-zero probability:   0.264774
per-segment probability dynamic range (kT): 37.5224
norm = 1, error in norm = -1.11022e-16 (-0.5*epsilon)
MAB binning in use
Bottleneck bin occupancy may not be accurately reported
Waiting for segments to complete...
################ MAB stats ################
minima in each dimension:      [10.3949]
maxima in each dimension:      [39.3558]
direction in each dimension:   [86]
skip in each dimension:        [0]
###########################################
Iteration completed successfully
Iteration wallclock: 0:06:40.896034, cputime: 0:35:55.177291


Fri Jul 12 12:18:58 2024
Iteration 512 (600 requested)
Beginning iteration 512
124 segments remain in iteration 512 (124 total)
31 of 33 (93.939394%) active bins are populated
per-bin minimum non-zero probability:       1.34001e-17
per-bin maximum probability:                0.989117
per-bin probability dynamic range (kT):     38.8403
per-segment minimum non-zero probability:   3.35003e-18
per-segment maximum non-zero probability:   0.264774
per-segment probability dynamic range (kT): 38.9087
norm = 1, error in norm = -1.11022e-16 (-0.5*epsilon)
MAB binning in use
Bottleneck bin occupancy may not be accurately reported
Waiting for segments to complete...
################ MAB stats ################
minima in each dimension:      [8.3104]
maxima in each dimension:      [37.7285]
direction in each dimension:   [86]
skip in each dimension:        [0]
###########################################
Iteration completed successfully
Iteration wallclock: 0:06:28.809763, cputime: 0:34:52.510706


Fri Jul 12 12:25:27 2024
Iteration 513 (600 requested)
Beginning iteration 513
132 segments remain in iteration 513 (132 total)
32 of 33 (96.969697%) active bins are populated
per-bin minimum non-zero probability:       3.35003e-18
per-bin maximum probability:                0.989349
per-bin probability dynamic range (kT):     40.2269
per-segment minimum non-zero probability:   8.37508e-19
per-segment maximum non-zero probability:   0.264774
per-segment probability dynamic range (kT): 40.295
norm = 1, error in norm = 0 (0*epsilon)
MAB binning in use
Bottleneck bin occupancy may not be accurately reported
Waiting for segments to complete...
################ MAB stats ################
minima in each dimension:      [9.4074]
maxima in each dimension:      [39.5548]
direction in each dimension:   [86]
skip in each dimension:        [0]
###########################################
Iteration completed successfully
Iteration wallclock: 0:06:51.377079, cputime: 0:36:56.914078


Fri Jul 12 12:32:18 2024
Iteration 514 (600 requested)
Beginning iteration 514
128 segments remain in iteration 514 (128 total)
32 of 33 (96.969697%) active bins are populated
per-bin minimum non-zero probability:       1.6613e-17
per-bin maximum probability:                0.743195
per-bin probability dynamic range (kT):     38.3396
per-segment minimum non-zero probability:   3.73449e-18
per-segment maximum non-zero probability:   0.264774
per-segment probability dynamic range (kT): 38.8
norm = 1, error in norm = -2.22045e-16 (-1*epsilon)
MAB binning in use
Bottleneck bin occupancy may not be accurately reported
Waiting for segments to complete...
################ MAB stats ################
minima in each dimension:      [10.058]
maxima in each dimension:      [39.4538]
direction in each dimension:   [86]
skip in each dimension:        [0]
###########################################
Iteration completed successfully
Iteration wallclock: 0:06:39.893433, cputime: 0:36:05.633005


Fri Jul 12 12:38:58 2024
Iteration 515 (600 requested)
Beginning iteration 515
120 segments remain in iteration 515 (120 total)
30 of 33 (90.909091%) active bins are populated
per-bin minimum non-zero probability:       1.63424e-16
per-bin maximum probability:                0.691593
per-bin probability dynamic range (kT):     35.9814
per-segment minimum non-zero probability:   3.99224e-17
per-segment maximum non-zero probability:   0.264774
per-segment probability dynamic range (kT): 36.4307
norm = 1, error in norm = -2.22045e-16 (-1*epsilon)
MAB binning in use
Bottleneck bin occupancy may not be accurately reported
Waiting for segments to complete...
################ MAB stats ################
minima in each dimension:      [11.2463]
maxima in each dimension:      [39.8243]
direction in each dimension:   [86]
skip in each dimension:        [0]
###########################################
Iteration completed successfully
Iteration wallclock: 0:06:18.373579, cputime: 0:33:31.403748


Fri Jul 12 12:45:17 2024
Iteration 516 (600 requested)
Beginning iteration 516
120 segments remain in iteration 516 (120 total)
30 of 33 (90.909091%) active bins are populated
per-bin minimum non-zero probability:       3.99224e-17
per-bin maximum probability:                0.871568
per-bin probability dynamic range (kT):     37.6221
per-segment minimum non-zero probability:   9.9806e-18
per-segment maximum non-zero probability:   0.264774
per-segment probability dynamic range (kT): 37.817
norm = 1, error in norm = 0 (0*epsilon)
MAB binning in use
Bottleneck bin occupancy may not be accurately reported
Waiting for segments to complete...
################ MAB stats ################
minima in each dimension:      [10.7216]
maxima in each dimension:      [39.7446]
direction in each dimension:   [86]
skip in each dimension:        [0]
###########################################
Iteration completed successfully
Iteration wallclock: 0:06:16.569681, cputime: 0:33:29.864052


Fri Jul 12 12:51:33 2024
Iteration 517 (600 requested)
Beginning iteration 517
124 segments remain in iteration 517 (124 total)
31 of 33 (93.939394%) active bins are populated
per-bin minimum non-zero probability:       2.57402e-16
per-bin maximum probability:                0.747818
per-bin probability dynamic range (kT):     35.6053
per-segment minimum non-zero probability:   4.02086e-17
per-segment maximum non-zero probability:   0.264774
per-segment probability dynamic range (kT): 36.4236
norm = 1, error in norm = -2.22045e-16 (-1*epsilon)
MAB binning in use
Bottleneck bin occupancy may not be accurately reported
Waiting for segments to complete...
################ MAB stats ################
minima in each dimension:      [9.3122]
maxima in each dimension:      [39.9396]
direction in each dimension:   [86]
skip in each dimension:        [0]
###########################################
Iteration completed successfully
Iteration wallclock: 0:06:26.772869, cputime: 0:34:50.282957


Fri Jul 12 12:58:00 2024
Iteration 518 (600 requested)
Beginning iteration 518
120 segments remain in iteration 518 (120 total)
30 of 33 (90.909091%) active bins are populated
per-bin minimum non-zero probability:       5.93602e-17
per-bin maximum probability:                0.725195
per-bin probability dynamic range (kT):     37.0416
per-segment minimum non-zero probability:   1.484e-17
per-segment maximum non-zero probability:   0.24125
per-segment probability dynamic range (kT): 37.3273
norm = 1, error in norm = -2.22045e-16 (-1*epsilon)
MAB binning in use
Bottleneck bin occupancy may not be accurately reported
Waiting for segments to complete...
################ MAB stats ################
minima in each dimension:      [8.9591]
maxima in each dimension:      [39.5587]
direction in each dimension:   [86]
skip in each dimension:        [0]
###########################################
Iteration completed successfully
Iteration wallclock: 0:06:17.562402, cputime: 0:33:40.209589


Fri Jul 12 13:04:18 2024
Iteration 519 (600 requested)
Beginning iteration 519
116 segments remain in iteration 519 (116 total)
28 of 33 (84.848485%) active bins are populated
per-bin minimum non-zero probability:       2.48775e-17
per-bin maximum probability:                0.682582
per-bin probability dynamic range (kT):     37.8507
per-segment minimum non-zero probability:   6.21937e-18
per-segment maximum non-zero probability:   0.239364
per-segment probability dynamic range (kT): 38.1891
norm = 1, error in norm = 0 (0*epsilon)
MAB binning in use
Bottleneck bin occupancy may not be accurately reported
Waiting for segments to complete...
################ MAB stats ################
minima in each dimension:      [9.4016]
maxima in each dimension:      [39.921]
direction in each dimension:   [86]
skip in each dimension:        [0]
###########################################
Iteration completed successfully
Iteration wallclock: 0:06:03.038848, cputime: 0:32:24.999473


Fri Jul 12 13:10:21 2024
Iteration 520 (600 requested)
Beginning iteration 520
120 segments remain in iteration 520 (120 total)
30 of 33 (90.909091%) active bins are populated
per-bin minimum non-zero probability:       6.21937e-18
per-bin maximum probability:                0.824617
per-bin probability dynamic range (kT):     39.426
per-segment minimum non-zero probability:   1.55484e-18
per-segment maximum non-zero probability:   0.244093
per-segment probability dynamic range (kT): 39.595
norm = 1, error in norm = 0 (0*epsilon)
MAB binning in use
Bottleneck bin occupancy may not be accurately reported
Waiting for segments to complete...
################ MAB stats ################
minima in each dimension:      [10.2791]
maxima in each dimension:      [39.9915]
direction in each dimension:   [86]
skip in each dimension:        [0]
###########################################
Iteration completed successfully
Iteration wallclock: 0:06:18.480226, cputime: 0:33:48.552425


Fri Jul 12 13:16:39 2024
Iteration 521 (600 requested)
Beginning iteration 521
124 segments remain in iteration 521 (124 total)
31 of 33 (93.939394%) active bins are populated
per-bin minimum non-zero probability:       1.55484e-18
per-bin maximum probability:                0.920768
per-bin probability dynamic range (kT):     40.9226
per-segment minimum non-zero probability:   3.8871e-19
per-segment maximum non-zero probability:   0.249948
per-segment probability dynamic range (kT): 41.0049
norm = 1, error in norm = 0 (0*epsilon)
MAB binning in use
Bottleneck bin occupancy may not be accurately reported
Waiting for segments to complete...
################ MAB stats ################
minima in each dimension:      [10.7202]
maxima in each dimension:      [39.8753]
direction in each dimension:   [86]
skip in each dimension:        [0]
###########################################
Iteration completed successfully
Iteration wallclock: 0:06:32.625476, cputime: 0:34:28.770169


Fri Jul 12 13:23:12 2024
Iteration 522 (600 requested)
Beginning iteration 522
128 segments remain in iteration 522 (128 total)
32 of 33 (96.969697%) active bins are populated
per-bin minimum non-zero probability:       3.8871e-19
per-bin maximum probability:                0.723568
per-bin probability dynamic range (kT):     42.0679
per-segment minimum non-zero probability:   9.71776e-20
per-segment maximum non-zero probability:   0.244093
per-segment probability dynamic range (kT): 42.3675
norm = 1, error in norm = 0 (0*epsilon)
MAB binning in use
Bottleneck bin occupancy may not be accurately reported
Waiting for segments to complete...
################ MAB stats ################
minima in each dimension:      [10.1125]
maxima in each dimension:      [39.8793]
direction in each dimension:   [86]
skip in each dimension:        [0]
###########################################
Iteration completed successfully
Iteration wallclock: 0:06:43.032990, cputime: 0:35:47.391153


Fri Jul 12 13:29:55 2024
Iteration 523 (600 requested)
Beginning iteration 523
132 segments remain in iteration 523 (132 total)
33 of 33 (100.000000%) active bins are populated
per-bin minimum non-zero probability:       1.94355e-19
per-bin maximum probability:                0.612939
per-bin probability dynamic range (kT):     42.5951
per-segment minimum non-zero probability:   4.85888e-20
per-segment maximum non-zero probability:   0.239364
per-segment probability dynamic range (kT): 43.0411
norm = 1, error in norm = -2.22045e-16 (-1*epsilon)
MAB binning in use
Bottleneck bin occupancy may not be accurately reported
Waiting for segments to complete...
################ MAB stats ################
minima in each dimension:      [9.8912]
maxima in each dimension:      [39.6036]
direction in each dimension:   [86]
skip in each dimension:        [0]
###########################################
Iteration completed successfully
Iteration wallclock: 0:06:57.159133, cputime: 0:36:51.683661


Fri Jul 12 13:36:52 2024
Iteration 524 (600 requested)
Beginning iteration 524
132 segments remain in iteration 524 (132 total)
32 of 33 (96.969697%) active bins are populated
per-bin minimum non-zero probability:       3.8871e-19
per-bin maximum probability:                0.866008
per-bin probability dynamic range (kT):     42.2476
per-segment minimum non-zero probability:   9.71776e-20
per-segment maximum non-zero probability:   0.251528
per-segment probability dynamic range (kT): 42.3975
norm = 1, error in norm = -2.22045e-16 (-1*epsilon)
MAB binning in use
Bottleneck bin occupancy may not be accurately reported
Waiting for segments to complete...
################ MAB stats ################
minima in each dimension:      [10.4434]
maxima in each dimension:      [39.8177]
direction in each dimension:   [86]
skip in each dimension:        [0]
###########################################
Iteration completed successfully
Iteration wallclock: 0:06:59.623729, cputime: 0:36:46.775331


Fri Jul 12 13:43:52 2024
Iteration 525 (600 requested)
Beginning iteration 525
132 segments remain in iteration 525 (132 total)
32 of 33 (96.969697%) active bins are populated
per-bin minimum non-zero probability:       1.51165e-19
per-bin maximum probability:                0.903112
per-bin probability dynamic range (kT):     43.234
per-segment minimum non-zero probability:   3.77913e-20
per-segment maximum non-zero probability:   0.251528
per-segment probability dynamic range (kT): 43.342
norm = 1, error in norm = 0 (0*epsilon)
MAB binning in use
Bottleneck bin occupancy may not be accurately reported
Waiting for segments to complete...
################ MAB stats ################
minima in each dimension:      [9.7507]
maxima in each dimension:      [39.991]
direction in each dimension:   [86]
skip in each dimension:        [0]
###########################################
Iteration completed successfully
Iteration wallclock: 0:07:14.542582, cputime: 0:36:47.878071


Fri Jul 12 13:51:06 2024
Iteration 526 (600 requested)
Beginning iteration 526
128 segments remain in iteration 526 (128 total)
32 of 33 (96.969697%) active bins are populated
per-bin minimum non-zero probability:       6.47851e-20
per-bin maximum probability:                0.688946
per-bin probability dynamic range (kT):     43.8106
per-segment minimum non-zero probability:   1.61963e-20
per-segment maximum non-zero probability:   0.251528
per-segment probability dynamic range (kT): 44.1893
norm = 1, error in norm = -2.22045e-16 (-1*epsilon)
MAB binning in use
Bottleneck bin occupancy may not be accurately reported
Waiting for segments to complete...
################ MAB stats ################
minima in each dimension:      [10.0873]
maxima in each dimension:      [39.8742]
direction in each dimension:   [86]
skip in each dimension:        [0]
###########################################
Iteration completed successfully
Iteration wallclock: 0:06:43.163455, cputime: 0:35:55.839605


Fri Jul 12 13:57:49 2024
Iteration 527 (600 requested)
Beginning iteration 527
132 segments remain in iteration 527 (132 total)
32 of 33 (96.969697%) active bins are populated
per-bin minimum non-zero probability:       2.1595e-20
per-bin maximum probability:                0.820329
per-bin probability dynamic range (kT):     45.0838
per-segment minimum non-zero probability:   5.39875e-21
per-segment maximum non-zero probability:   0.251528
per-segment probability dynamic range (kT): 45.2879
norm = 1, error in norm = -1.11022e-16 (-0.5*epsilon)
MAB binning in use
Bottleneck bin occupancy may not be accurately reported
Waiting for segments to complete...
################ MAB stats ################
minima in each dimension:      [10.1052]
maxima in each dimension:      [39.4341]
direction in each dimension:   [86]
skip in each dimension:        [0]
###########################################
Iteration completed successfully
Iteration wallclock: 0:06:54.016728, cputime: 0:36:55.679997


Fri Jul 12 14:04:43 2024
Iteration 528 (600 requested)
Beginning iteration 528
124 segments remain in iteration 528 (124 total)
31 of 33 (93.939394%) active bins are populated
per-bin minimum non-zero probability:       5.39875e-21
per-bin maximum probability:                0.944094
per-bin probability dynamic range (kT):     46.6106
per-segment minimum non-zero probability:   1.34969e-21
per-segment maximum non-zero probability:   0.280347
per-segment probability dynamic range (kT): 46.7827
norm = 1, error in norm = -3.33067e-16 (-1.5*epsilon)
MAB binning in use
Bottleneck bin occupancy may not be accurately reported
Waiting for segments to complete...
################ MAB stats ################
minima in each dimension:      [8.3506]
maxima in each dimension:      [39.9655]
direction in each dimension:   [86]
skip in each dimension:        [0]
###########################################
Iteration completed successfully
Iteration wallclock: 0:06:44.813720, cputime: 0:34:41.221483


Fri Jul 12 14:11:28 2024
Iteration 529 (600 requested)
Beginning iteration 529
124 segments remain in iteration 529 (124 total)
31 of 33 (93.939394%) active bins are populated
per-bin minimum non-zero probability:       7.34841e-17
per-bin maximum probability:                0.956123
per-bin probability dynamic range (kT):     37.1046
per-segment minimum non-zero probability:   1.8371e-17
per-segment maximum non-zero probability:   0.280347
per-segment probability dynamic range (kT): 37.264
norm = 1, error in norm = -1.11022e-16 (-0.5*epsilon)
MAB binning in use
Bottleneck bin occupancy may not be accurately reported
Waiting for segments to complete...
################ MAB stats ################
minima in each dimension:      [8.9828]
maxima in each dimension:      [39.8811]
direction in each dimension:   [86]
skip in each dimension:        [0]
###########################################
Iteration completed successfully
Iteration wallclock: 0:06:47.904642, cputime: 0:34:32.027167


Fri Jul 12 14:18:16 2024
Iteration 530 (600 requested)
Beginning iteration 530
124 segments remain in iteration 530 (124 total)
31 of 33 (93.939394%) active bins are populated
per-bin minimum non-zero probability:       4.46844e-17
per-bin maximum probability:                0.685047
per-bin probability dynamic range (kT):     37.2686
per-segment minimum non-zero probability:   1.11711e-17
per-segment maximum non-zero probability:   0.251528
per-segment probability dynamic range (kT): 37.653
norm = 1, error in norm = -1.11022e-16 (-0.5*epsilon)
MAB binning in use
Bottleneck bin occupancy may not be accurately reported
Waiting for segments to complete...
################ MAB stats ################
minima in each dimension:      [8.7047]
maxima in each dimension:      [39.837]
direction in each dimension:   [86]
skip in each dimension:        [0]
###########################################
Iteration completed successfully
Iteration wallclock: 0:06:27.568416, cputime: 0:34:45.404511


Fri Jul 12 14:24:44 2024
Iteration 531 (600 requested)
Beginning iteration 531
128 segments remain in iteration 531 (128 total)
31 of 33 (93.939394%) active bins are populated
per-bin minimum non-zero probability:       1.11711e-17
per-bin maximum probability:                0.986597
per-bin probability dynamic range (kT):     39.0197
per-segment minimum non-zero probability:   2.79277e-18
per-segment maximum non-zero probability:   0.282156
per-segment probability dynamic range (kT): 39.1542
norm = 1, error in norm = -4.44089e-16 (-2*epsilon)
MAB binning in use
Bottleneck bin occupancy may not be accurately reported
Waiting for segments to complete...
################ MAB stats ################
minima in each dimension:      [9.3178]
maxima in each dimension:      [39.7522]
direction in each dimension:   [86]
skip in each dimension:        [0]
###########################################
Iteration completed successfully
Iteration wallclock: 0:06:44.780662, cputime: 0:35:47.417311


Fri Jul 12 14:31:28 2024
Iteration 532 (600 requested)
Beginning iteration 532
124 segments remain in iteration 532 (124 total)
31 of 33 (93.939394%) active bins are populated
per-bin minimum non-zero probability:       1.20607e-17
per-bin maximum probability:                0.761711
per-bin probability dynamic range (kT):     38.6844
per-segment minimum non-zero probability:   3.01519e-18
per-segment maximum non-zero probability:   0.282156
per-segment probability dynamic range (kT): 39.0776
norm = 1, error in norm = -3.33067e-16 (-1.5*epsilon)
MAB binning in use
Bottleneck bin occupancy may not be accurately reported
Waiting for segments to complete...
################ MAB stats ################
minima in each dimension:      [9.2402]
maxima in each dimension:      [39.4882]
direction in each dimension:   [86]
skip in each dimension:        [0]
###########################################
Iteration completed successfully
Iteration wallclock: 0:06:30.095100, cputime: 0:34:53.381657


Fri Jul 12 14:37:58 2024
Iteration 533 (600 requested)
Beginning iteration 533
128 segments remain in iteration 533 (128 total)
33 of 33 (100.000000%) active bins are populated
per-bin minimum non-zero probability:       9.04556e-18
per-bin maximum probability:                0.992963
per-bin probability dynamic range (kT):     39.2372
per-segment minimum non-zero probability:   2.01012e-18
per-segment maximum non-zero probability:   0.282156
per-segment probability dynamic range (kT): 39.483
norm = 1, error in norm = 0 (0*epsilon)
MAB binning in use
Bottleneck bin occupancy may not be accurately reported
Waiting for segments to complete...
################ MAB stats ################
minima in each dimension:      [9.4915]
maxima in each dimension:      [39.6874]
direction in each dimension:   [86]
skip in each dimension:        [0]
###########################################
Iteration completed successfully
Iteration wallclock: 0:06:54.015085, cputime: 0:35:36.572795


Fri Jul 12 14:44:52 2024
Iteration 534 (600 requested)
Beginning iteration 534
124 segments remain in iteration 534 (124 total)
31 of 33 (93.939394%) active bins are populated
per-bin minimum non-zero probability:       5.31029e-17
per-bin maximum probability:                0.757163
per-bin probability dynamic range (kT):     37.1961
per-segment minimum non-zero probability:   5.02531e-18
per-segment maximum non-zero probability:   0.282156
per-segment probability dynamic range (kT): 38.5667
norm = 1, error in norm = -1.11022e-16 (-0.5*epsilon)
MAB binning in use
Bottleneck bin occupancy may not be accurately reported
Waiting for segments to complete...
################ MAB stats ################
minima in each dimension:      [9.7285]
maxima in each dimension:      [39.3189]
direction in each dimension:   [86]
skip in each dimension:        [0]
###########################################
Iteration completed successfully
Iteration wallclock: 0:06:58.214781, cputime: 0:34:04.889409


Fri Jul 12 14:51:51 2024
Iteration 535 (600 requested)
Beginning iteration 535
120 segments remain in iteration 535 (120 total)
30 of 33 (90.909091%) active bins are populated
per-bin minimum non-zero probability:       9.69229e-17
per-bin maximum probability:                0.876841
per-bin probability dynamic range (kT):     36.7412
per-segment minimum non-zero probability:   2.10236e-17
per-segment maximum non-zero probability:   0.282156
per-segment probability dynamic range (kT): 37.1356
norm = 1, error in norm = -2.22045e-16 (-1*epsilon)
MAB binning in use
Bottleneck bin occupancy may not be accurately reported
Waiting for segments to complete...
################ MAB stats ################
minima in each dimension:      [8.7127]
maxima in each dimension:      [39.5917]
direction in each dimension:   [86]
skip in each dimension:        [0]
###########################################
Iteration completed successfully
Iteration wallclock: 0:06:32.952740, cputime: 0:33:25.413735


Fri Jul 12 14:58:24 2024
Iteration 536 (600 requested)
Beginning iteration 536
120 segments remain in iteration 536 (120 total)
30 of 33 (90.909091%) active bins are populated
per-bin minimum non-zero probability:       8.23255e-17
per-bin maximum probability:                0.830675
per-bin probability dynamic range (kT):     36.8503
per-segment minimum non-zero probability:   1.81206e-17
per-segment maximum non-zero probability:   0.282156
per-segment probability dynamic range (kT): 37.2842
norm = 1, error in norm = 0 (0*epsilon)
MAB binning in use
Bottleneck bin occupancy may not be accurately reported
Waiting for segments to complete...
################ MAB stats ################
minima in each dimension:      [9.3509]
maxima in each dimension:      [39.1231]
direction in each dimension:   [86]
skip in each dimension:        [0]
###########################################
Iteration completed successfully
Iteration wallclock: 0:06:34.444761, cputime: 0:33:26.451216


Fri Jul 12 15:04:58 2024
Iteration 537 (600 requested)
Beginning iteration 537
120 segments remain in iteration 537 (120 total)
30 of 33 (90.909091%) active bins are populated
per-bin minimum non-zero probability:       6.0458e-17
per-bin maximum probability:                0.977292
per-bin probability dynamic range (kT):     37.3216
per-segment minimum non-zero probability:   1.06569e-17
per-segment maximum non-zero probability:   0.282156
per-segment probability dynamic range (kT): 37.815
norm = 1, error in norm = -1.11022e-16 (-0.5*epsilon)
MAB binning in use
Bottleneck bin occupancy may not be accurately reported
Waiting for segments to complete...
################ MAB stats ################
minima in each dimension:      [9.4017]
maxima in each dimension:      [39.6942]
direction in each dimension:   [86]
skip in each dimension:        [0]
###########################################
Iteration completed successfully
Iteration wallclock: 0:06:28.973017, cputime: 0:33:37.252593


Fri Jul 12 15:11:27 2024
Iteration 538 (600 requested)
Beginning iteration 538
120 segments remain in iteration 538 (120 total)
31 of 33 (93.939394%) active bins are populated
per-bin minimum non-zero probability:       5.33322e-17
per-bin maximum probability:                0.988886
per-bin probability dynamic range (kT):     37.4588
per-segment minimum non-zero probability:   1.3333e-17
per-segment maximum non-zero probability:   0.282156
per-segment probability dynamic range (kT): 37.591
norm = 1, error in norm = 0 (0*epsilon)
MAB binning in use
Bottleneck bin occupancy may not be accurately reported
Waiting for segments to complete...
################ MAB stats ################
minima in each dimension:      [10.8753]
maxima in each dimension:      [39.7083]
direction in each dimension:   [86]
skip in each dimension:        [0]
###########################################
Iteration completed successfully
Iteration wallclock: 0:06:31.972379, cputime: 0:33:41.373957


Fri Jul 12 15:17:59 2024
Iteration 539 (600 requested)
Beginning iteration 539
124 segments remain in iteration 539 (124 total)
30 of 33 (90.909091%) active bins are populated
per-bin minimum non-zero probability:       2.90345e-16
per-bin maximum probability:                0.51006
per-bin probability dynamic range (kT):     35.1022
per-segment minimum non-zero probability:   2.63202e-17
per-segment maximum non-zero probability:   0.232758
per-segment probability dynamic range (kT): 36.7184
norm = 1, error in norm = 0 (0*epsilon)
MAB binning in use
Bottleneck bin occupancy may not be accurately reported
Waiting for segments to complete...
################ MAB stats ################
minima in each dimension:      [10.6895]
maxima in each dimension:      [39.4269]
direction in each dimension:   [86]
skip in each dimension:        [0]
###########################################
Iteration completed successfully
Iteration wallclock: 0:06:51.618999, cputime: 0:34:05.729058


Fri Jul 12 15:24:51 2024
Iteration 540 (600 requested)
Beginning iteration 540
128 segments remain in iteration 540 (128 total)
31 of 33 (93.939394%) active bins are populated
per-bin minimum non-zero probability:       2.80968e-17
per-bin maximum probability:                0.868897
per-bin probability dynamic range (kT):     37.9703
per-segment minimum non-zero probability:   7.0242e-18
per-segment maximum non-zero probability:   0.25223
per-segment probability dynamic range (kT): 38.1198
norm = 1, error in norm = 0 (0*epsilon)
MAB binning in use
Bottleneck bin occupancy may not be accurately reported
Waiting for segments to complete...
################ MAB stats ################
minima in each dimension:      [9.4032]
maxima in each dimension:      [39.005]
direction in each dimension:   [86]
skip in each dimension:        [0]
###########################################
Iteration completed successfully
Iteration wallclock: 0:06:53.536943, cputime: 0:35:51.262619


Fri Jul 12 15:31:44 2024
Iteration 541 (600 requested)
Beginning iteration 541
124 segments remain in iteration 541 (124 total)
30 of 33 (90.909091%) active bins are populated
per-bin minimum non-zero probability:       2.52785e-17
per-bin maximum probability:                0.736159
per-bin probability dynamic range (kT):     37.9103
per-segment minimum non-zero probability:   6.08476e-18
per-segment maximum non-zero probability:   0.25223
per-segment probability dynamic range (kT): 38.2633
norm = 1, error in norm = -2.22045e-16 (-1*epsilon)
MAB binning in use
Bottleneck bin occupancy may not be accurately reported
Waiting for segments to complete...
################ MAB stats ################
minima in each dimension:      [10.9835]
maxima in each dimension:      [39.631]
direction in each dimension:   [86]
skip in each dimension:        [0]
###########################################
Iteration completed successfully
Iteration wallclock: 0:06:40.382452, cputime: 0:34:50.126009


Fri Jul 12 15:38:25 2024
Iteration 542 (600 requested)
Beginning iteration 542
120 segments remain in iteration 542 (120 total)
30 of 33 (90.909091%) active bins are populated
per-bin minimum non-zero probability:       1.8432e-16
per-bin maximum probability:                0.863151
per-bin probability dynamic range (kT):     36.0827
per-segment minimum non-zero probability:   6.08476e-18
per-segment maximum non-zero probability:   0.25223
per-segment probability dynamic range (kT): 38.2633
norm = 1, error in norm = 0 (0*epsilon)
MAB binning in use
Bottleneck bin occupancy may not be accurately reported
Waiting for segments to complete...
################ MAB stats ################
minima in each dimension:      [9.8011]
maxima in each dimension:      [39.7495]
direction in each dimension:   [86]
skip in each dimension:        [0]
###########################################
Iteration completed successfully
Iteration wallclock: 0:06:24.047600, cputime: 0:33:53.336440


Fri Jul 12 15:44:49 2024
Iteration 543 (600 requested)
Beginning iteration 543
132 segments remain in iteration 543 (132 total)
31 of 33 (93.939394%) active bins are populated
per-bin minimum non-zero probability:       1.05821e-16
per-bin maximum probability:                0.920493
per-bin probability dynamic range (kT):     36.7019
per-segment minimum non-zero probability:   9.81242e-18
per-segment maximum non-zero probability:   0.25223
per-segment probability dynamic range (kT): 37.7855
norm = 1, error in norm = -1.11022e-16 (-0.5*epsilon)
MAB binning in use
Bottleneck bin occupancy may not be accurately reported
Waiting for segments to complete...
################ MAB stats ################
minima in each dimension:      [9.8384]
maxima in each dimension:      [39.9445]
direction in each dimension:   [86]
skip in each dimension:        [0]
###########################################
Iteration completed successfully
Iteration wallclock: 0:07:10.451452, cputime: 0:36:44.212840


Fri Jul 12 15:51:59 2024
Iteration 544 (600 requested)
Beginning iteration 544
120 segments remain in iteration 544 (120 total)
30 of 33 (90.909091%) active bins are populated
per-bin minimum non-zero probability:       2.09318e-16
per-bin maximum probability:                0.96035
per-bin probability dynamic range (kT):     36.0622
per-segment minimum non-zero probability:   2.94373e-17
per-segment maximum non-zero probability:   0.25223
per-segment probability dynamic range (kT): 36.6869
norm = 1, error in norm = 0 (0*epsilon)
MAB binning in use
Bottleneck bin occupancy may not be accurately reported
Waiting for segments to complete...
################ MAB stats ################
minima in each dimension:      [9.8006]
maxima in each dimension:      [39.0803]
direction in each dimension:   [86]
skip in each dimension:        [0]
###########################################
Iteration completed successfully
Iteration wallclock: 0:06:17.298611, cputime: 0:33:34.758527


Fri Jul 12 15:58:16 2024
Iteration 545 (600 requested)
Beginning iteration 545
128 segments remain in iteration 545 (128 total)
30 of 33 (90.909091%) active bins are populated
per-bin minimum non-zero probability:       1.81906e-16
per-bin maximum probability:                0.985208
per-bin probability dynamic range (kT):     36.2281
per-segment minimum non-zero probability:   4.22419e-17
per-segment maximum non-zero probability:   0.254493
per-segment probability dynamic range (kT): 36.3346
norm = 1, error in norm = -1.11022e-16 (-0.5*epsilon)
MAB binning in use
Bottleneck bin occupancy may not be accurately reported
Waiting for segments to complete...
################ MAB stats ################
minima in each dimension:      [9.168]
maxima in each dimension:      [39.266]
direction in each dimension:   [86]
skip in each dimension:        [0]
###########################################
Iteration completed successfully
Iteration wallclock: 0:06:40.200921, cputime: 0:35:37.084736


Fri Jul 12 16:04:57 2024
Iteration 546 (600 requested)
Beginning iteration 546
120 segments remain in iteration 546 (120 total)
31 of 33 (93.939394%) active bins are populated
per-bin minimum non-zero probability:       1.37771e-16
per-bin maximum probability:                0.988385
per-bin probability dynamic range (kT):     36.5093
per-segment minimum non-zero probability:   3.44428e-17
per-segment maximum non-zero probability:   0.254493
per-segment probability dynamic range (kT): 36.5387
norm = 1, error in norm = -1.11022e-16 (-0.5*epsilon)
MAB binning in use
Bottleneck bin occupancy may not be accurately reported
Waiting for segments to complete...
################ MAB stats ################
minima in each dimension:      [10.028]
maxima in each dimension:      [39.5613]
direction in each dimension:   [86]
skip in each dimension:        [0]
###########################################
Iteration completed successfully
Iteration wallclock: 0:06:19.575661, cputime: 0:33:41.778067


Fri Jul 12 16:11:16 2024
Iteration 547 (600 requested)
Beginning iteration 547
124 segments remain in iteration 547 (124 total)
31 of 33 (93.939394%) active bins are populated
per-bin minimum non-zero probability:       6.14936e-17
per-bin maximum probability:                0.992468
per-bin probability dynamic range (kT):     37.32
per-segment minimum non-zero probability:   1.53734e-17
per-segment maximum non-zero probability:   0.254493
per-segment probability dynamic range (kT): 37.3454
norm = 1, error in norm = -3.33067e-16 (-1.5*epsilon)
MAB binning in use
Bottleneck bin occupancy may not be accurately reported
Waiting for segments to complete...
################ MAB stats ################
minima in each dimension:      [9.4622]
maxima in each dimension:      [39.2607]
direction in each dimension:   [86]
skip in each dimension:        [0]
###########################################
Iteration completed successfully
Iteration wallclock: 0:06:27.076462, cputime: 0:34:55.642501


Fri Jul 12 16:17:43 2024
Iteration 548 (600 requested)
Beginning iteration 548
124 segments remain in iteration 548 (124 total)
32 of 33 (96.969697%) active bins are populated
per-bin minimum non-zero probability:       8.54319e-17
per-bin maximum probability:                0.995977
per-bin probability dynamic range (kT):     36.9948
per-segment minimum non-zero probability:   1.82284e-17
per-segment maximum non-zero probability:   0.254493
per-segment probability dynamic range (kT): 37.1751
norm = 1, error in norm = -5.55112e-16 (-2.5*epsilon)
MAB binning in use
Bottleneck bin occupancy may not be accurately reported
Waiting for segments to complete...
################ MAB stats ################
minima in each dimension:      [9.1151]
maxima in each dimension:      [39.6462]
direction in each dimension:   [86]
skip in each dimension:        [0]
###########################################
Iteration completed successfully
Iteration wallclock: 0:06:28.973088, cputime: 0:34:44.961425


Fri Jul 12 16:24:12 2024
Iteration 549 (600 requested)
Beginning iteration 549
128 segments remain in iteration 549 (128 total)
32 of 33 (96.969697%) active bins are populated
per-bin minimum non-zero probability:       1.82284e-17
per-bin maximum probability:                0.99658
per-bin probability dynamic range (kT):     38.5401
per-segment minimum non-zero probability:   4.55709e-18
per-segment maximum non-zero probability:   0.254493
per-segment probability dynamic range (kT): 38.5614
norm = 1, error in norm = -1.11022e-16 (-0.5*epsilon)
MAB binning in use
Bottleneck bin occupancy may not be accurately reported
Waiting for segments to complete...
################ MAB stats ################
minima in each dimension:      [10.1232]
maxima in each dimension:      [39.8323]
direction in each dimension:   [86]
skip in each dimension:        [0]
###########################################
Iteration completed successfully
Iteration wallclock: 0:06:40.001609, cputime: 0:35:48.998952


Fri Jul 12 16:30:52 2024
Iteration 550 (600 requested)
Beginning iteration 550
124 segments remain in iteration 550 (124 total)
31 of 33 (93.939394%) active bins are populated
per-bin minimum non-zero probability:       9.54131e-17
per-bin maximum probability:                0.997698
per-bin probability dynamic range (kT):     36.886
per-segment minimum non-zero probability:   9.11418e-18
per-segment maximum non-zero probability:   0.254493
per-segment probability dynamic range (kT): 37.8682
norm = 1, error in norm = -1.11022e-16 (-0.5*epsilon)
MAB binning in use
Bottleneck bin occupancy may not be accurately reported
Waiting for segments to complete...
################ MAB stats ################
minima in each dimension:      [9.4734]
maxima in each dimension:      [39.9281]
direction in each dimension:   [86]
skip in each dimension:        [0]
###########################################
Iteration completed successfully
Iteration wallclock: 0:06:27.482409, cputime: 0:34:47.914970


Fri Jul 12 16:37:20 2024
Iteration 551 (600 requested)
Beginning iteration 551
124 segments remain in iteration 551 (124 total)
29 of 33 (87.878788%) active bins are populated
per-bin minimum non-zero probability:       3.41382e-17
per-bin maximum probability:                0.997884
per-bin probability dynamic range (kT):     37.914
per-segment minimum non-zero probability:   8.53455e-18
per-segment maximum non-zero probability:   0.254493
per-segment probability dynamic range (kT): 37.9339
norm = 1, error in norm = 0 (0*epsilon)
MAB binning in use
Bottleneck bin occupancy may not be accurately reported
Waiting for segments to complete...
################ MAB stats ################
minima in each dimension:      [8.7231]
maxima in each dimension:      [39.9775]
direction in each dimension:   [86]
skip in each dimension:        [0]
###########################################
Iteration completed successfully
Iteration wallclock: 0:06:30.068864, cputime: 0:34:41.143967


Fri Jul 12 16:43:50 2024
Iteration 552 (600 requested)
Beginning iteration 552
128 segments remain in iteration 552 (128 total)
32 of 33 (96.969697%) active bins are populated
per-bin minimum non-zero probability:       3.41382e-17
per-bin maximum probability:                0.752255
per-bin probability dynamic range (kT):     37.6314
per-segment minimum non-zero probability:   8.53455e-18
per-segment maximum non-zero probability:   0.254493
per-segment probability dynamic range (kT): 37.9339
norm = 1, error in norm = -1.11022e-16 (-0.5*epsilon)
MAB binning in use
Bottleneck bin occupancy may not be accurately reported
Waiting for segments to complete...
################ MAB stats ################
minima in each dimension:      [9.4877]
maxima in each dimension:      [39.328]
direction in each dimension:   [86]
skip in each dimension:        [0]
###########################################
Iteration completed successfully
Iteration wallclock: 0:06:47.951242, cputime: 0:35:44.218519


Fri Jul 12 16:50:38 2024
Iteration 553 (600 requested)
Beginning iteration 553
124 segments remain in iteration 553 (124 total)
31 of 33 (93.939394%) active bins are populated
per-bin minimum non-zero probability:       5.04522e-17
per-bin maximum probability:                0.93666
per-bin probability dynamic range (kT):     37.4601
per-segment minimum non-zero probability:   8.53455e-18
per-segment maximum non-zero probability:   0.254493
per-segment probability dynamic range (kT): 37.9339
norm = 1, error in norm = -2.22045e-16 (-1*epsilon)
MAB binning in use
Bottleneck bin occupancy may not be accurately reported
Waiting for segments to complete...
