MPI startup(): PMI server not found. Please set I_MPI_PMI_LIBRARY variable if it is not a singleton case.
Updating system with the options from the configuration file
Maximum wallclock time: 2 days, 0:00:00

Thu Jan 11 11:21:47 2024
Iteration 1735 (2000 requested)
Beginning iteration 1735
60 segments remain in iteration 1735 (60 total)
19 of 24 (79.166667%) active bins are populated
per-bin minimum non-zero probability:       1.14971e-88
per-bin maximum probability:                0.293961
per-bin probability dynamic range (kT):     201.264
per-segment minimum non-zero probability:   1.20072e-89
per-segment maximum non-zero probability:   0.183344
per-segment probability dynamic range (kT): 203.051
norm = 1, error in norm = 4.44089e-16 (2*epsilon)
Iteration wallclock: 0:04:47.900310, cputime: 0:30:17.698594


Thu Jan 11 11:26:35 2024
Iteration 1736 (2000 requested)
Beginning iteration 1736
60 segments remain in iteration 1736 (60 total)
19 of 24 (79.166667%) active bins are populated
per-bin minimum non-zero probability:       1.14971e-88
per-bin maximum probability:                0.344509
per-bin probability dynamic range (kT):     201.422
per-segment minimum non-zero probability:   3.34708e-89
per-segment maximum non-zero probability:   0.183344
per-segment probability dynamic range (kT): 202.026
norm = 1, error in norm = 2.22045e-16 (1*epsilon)
Iteration wallclock: 0:03:06.756839, cputime: 0:30:10.969758


Thu Jan 11 11:29:42 2024
Iteration 1737 (2000 requested)
Beginning iteration 1737
57 segments remain in iteration 1737 (57 total)
19 of 24 (79.166667%) active bins are populated
per-bin minimum non-zero probability:       4.42546e-89
per-bin maximum probability:                0.504409
per-bin probability dynamic range (kT):     202.758
per-segment minimum non-zero probability:   1.47515e-89
per-segment maximum non-zero probability:   0.183344
per-segment probability dynamic range (kT): 202.845
norm = 1, error in norm = 4.44089e-16 (2*epsilon)
Iteration wallclock: 0:03:09.020988, cputime: 0:28:41.201932


Thu Jan 11 11:32:51 2024
Iteration 1738 (2000 requested)
Beginning iteration 1738
60 segments remain in iteration 1738 (60 total)
19 of 24 (79.166667%) active bins are populated
per-bin minimum non-zero probability:       1.48214e-88
per-bin maximum probability:                0.316146
per-bin probability dynamic range (kT):     201.082
per-segment minimum non-zero probability:   1.11569e-89
per-segment maximum non-zero probability:   0.183344
per-segment probability dynamic range (kT): 203.124
norm = 1, error in norm = 2.22045e-16 (1*epsilon)
Iteration wallclock: 0:03:09.490656, cputime: 0:30:10.265639


Thu Jan 11 11:36:00 2024
Iteration 1739 (2000 requested)
Beginning iteration 1739
63 segments remain in iteration 1739 (63 total)
19 of 24 (79.166667%) active bins are populated
per-bin minimum non-zero probability:       4.80289e-89
per-bin maximum probability:                0.509484
per-bin probability dynamic range (kT):     202.686
per-segment minimum non-zero probability:   7.43796e-90
per-segment maximum non-zero probability:   0.203695
per-segment probability dynamic range (kT): 203.635
norm = 1, error in norm = 4.44089e-16 (2*epsilon)
Iteration wallclock: 0:03:30.186196, cputime: 0:31:28.622242


Thu Jan 11 11:39:31 2024
Iteration 1740 (2000 requested)
Beginning iteration 1740
63 segments remain in iteration 1740 (63 total)
19 of 24 (79.166667%) active bins are populated
per-bin minimum non-zero probability:       5.1506e-89
per-bin maximum probability:                0.702465
per-bin probability dynamic range (kT):     202.938
per-segment minimum non-zero probability:   2.47932e-90
per-segment maximum non-zero probability:   0.299451
per-segment probability dynamic range (kT): 205.119
norm = 1, error in norm = 4.44089e-16 (2*epsilon)
Iteration wallclock: 0:03:29.867396, cputime: 0:31:45.645698


Thu Jan 11 11:43:01 2024
Iteration 1741 (2000 requested)
Beginning iteration 1741
60 segments remain in iteration 1741 (60 total)
18 of 24 (75.000000%) active bins are populated
per-bin minimum non-zero probability:       1.9648e-89
per-bin maximum probability:                0.587052
per-bin probability dynamic range (kT):     203.722
per-segment minimum non-zero probability:   4.89645e-90
per-segment maximum non-zero probability:   0.299451
per-segment probability dynamic range (kT): 204.438
norm = 1, error in norm = 2.22045e-16 (1*epsilon)
Iteration wallclock: 0:03:07.562349, cputime: 0:30:16.811101


Thu Jan 11 11:46:08 2024
Iteration 1742 (2000 requested)
Beginning iteration 1742
63 segments remain in iteration 1742 (63 total)
20 of 24 (83.333333%) active bins are populated
per-bin minimum non-zero probability:       1.46894e-89
per-bin maximum probability:                0.469217
per-bin probability dynamic range (kT):     203.789
per-segment minimum non-zero probability:   1.63215e-90
per-segment maximum non-zero probability:   0.299451
per-segment probability dynamic range (kT): 205.537
norm = 1, error in norm = 2.22045e-16 (1*epsilon)
Iteration wallclock: 0:03:33.887915, cputime: 0:31:42.079156


Thu Jan 11 11:49:42 2024
Iteration 1743 (2000 requested)
Beginning iteration 1743
63 segments remain in iteration 1743 (63 total)
19 of 24 (79.166667%) active bins are populated
per-bin minimum non-zero probability:       1.30572e-89
per-bin maximum probability:                0.50695
per-bin probability dynamic range (kT):     203.984
per-segment minimum non-zero probability:   1.63215e-90
per-segment maximum non-zero probability:   0.299451
per-segment probability dynamic range (kT): 205.537
norm = 1, error in norm = 2.22045e-16 (1*epsilon)
Iteration wallclock: 0:03:31.243407, cputime: 0:31:28.846789


Thu Jan 11 11:53:13 2024
Iteration 1744 (2000 requested)
Beginning iteration 1744
66 segments remain in iteration 1744 (66 total)
19 of 24 (79.166667%) active bins are populated
per-bin minimum non-zero probability:       1.30572e-89
per-bin maximum probability:                0.503178
per-bin probability dynamic range (kT):     203.977
per-segment minimum non-zero probability:   1.63215e-90
per-segment maximum non-zero probability:   0.299451
per-segment probability dynamic range (kT): 205.537
norm = 1, error in norm = 2.22045e-16 (1*epsilon)
Iteration wallclock: 0:03:39.264720, cputime: 0:33:05.665191


Thu Jan 11 11:56:53 2024
Iteration 1745 (2000 requested)
Beginning iteration 1745
63 segments remain in iteration 1745 (63 total)
19 of 24 (79.166667%) active bins are populated
per-bin minimum non-zero probability:       7.07265e-90
per-bin maximum probability:                0.58721
per-bin probability dynamic range (kT):     204.744
per-segment minimum non-zero probability:   5.4405e-91
per-segment maximum non-zero probability:   0.299451
per-segment probability dynamic range (kT): 206.636
norm = 1, error in norm = 4.44089e-16 (2*epsilon)
Iteration wallclock: 0:03:45.685083, cputime: 0:32:00.171276


Thu Jan 11 12:00:38 2024
Iteration 1746 (2000 requested)
Beginning iteration 1746
60 segments remain in iteration 1746 (60 total)
18 of 24 (75.000000%) active bins are populated
per-bin minimum non-zero probability:       4.3524e-90
per-bin maximum probability:                0.553663
per-bin probability dynamic range (kT):     205.171
per-segment minimum non-zero probability:   5.4405e-91
per-segment maximum non-zero probability:   0.299451
per-segment probability dynamic range (kT): 206.636
norm = 1, error in norm = 4.44089e-16 (2*epsilon)
Iteration wallclock: 0:03:10.531253, cputime: 0:30:23.674742


Thu Jan 11 12:03:49 2024
Iteration 1747 (2000 requested)
Beginning iteration 1747
63 segments remain in iteration 1747 (63 total)
19 of 24 (79.166667%) active bins are populated
per-bin minimum non-zero probability:       6.92109e-90
per-bin maximum probability:                0.422071
per-bin probability dynamic range (kT):     204.436
per-segment minimum non-zero probability:   3.627e-91
per-segment maximum non-zero probability:   0.17889
per-segment probability dynamic range (kT): 206.526
norm = 1, error in norm = 2.22045e-16 (1*epsilon)
Iteration wallclock: 0:03:33.367479, cputime: 0:31:52.630158


Thu Jan 11 12:07:22 2024
Iteration 1748 (2000 requested)
Beginning iteration 1748
63 segments remain in iteration 1748 (63 total)
19 of 24 (79.166667%) active bins are populated
per-bin minimum non-zero probability:       3.80835e-90
per-bin maximum probability:                0.451278
per-bin probability dynamic range (kT):     205.1
per-segment minimum non-zero probability:   1.26945e-90
per-segment maximum non-zero probability:   0.17889
per-segment probability dynamic range (kT): 205.273
norm = 1, error in norm = 2.22045e-16 (1*epsilon)
Iteration wallclock: 0:03:35.244304, cputime: 0:32:02.430485


Thu Jan 11 12:10:58 2024
Iteration 1749 (2000 requested)
Beginning iteration 1749
60 segments remain in iteration 1749 (60 total)
19 of 24 (79.166667%) active bins are populated
per-bin minimum non-zero probability:       1.26945e-90
per-bin maximum probability:                0.492774
per-bin probability dynamic range (kT):     206.286
per-segment minimum non-zero probability:   4.2315e-91
per-segment maximum non-zero probability:   0.17889
per-segment probability dynamic range (kT): 206.372
norm = 1, error in norm = 4.44089e-16 (2*epsilon)
Iteration wallclock: 0:02:57.925828, cputime: 0:30:32.178482


Thu Jan 11 12:13:56 2024
Iteration 1750 (2000 requested)
Beginning iteration 1750
63 segments remain in iteration 1750 (63 total)
20 of 24 (83.333333%) active bins are populated
per-bin minimum non-zero probability:       3.80835e-90
per-bin maximum probability:                0.322206
per-bin probability dynamic range (kT):     204.763
per-segment minimum non-zero probability:   1.75737e-91
per-segment maximum non-zero probability:   0.141318
per-segment probability dynamic range (kT): 207.015
norm = 1, error in norm = 2.22045e-16 (1*epsilon)
Iteration wallclock: 0:03:41.234935, cputime: 0:31:55.795365


Thu Jan 11 12:17:37 2024
Iteration 1751 (2000 requested)
Beginning iteration 1751
63 segments remain in iteration 1751 (63 total)
19 of 24 (79.166667%) active bins are populated
per-bin minimum non-zero probability:       2.71464e-90
per-bin maximum probability:                0.311616
per-bin probability dynamic range (kT):     205.068
per-segment minimum non-zero probability:   8.463e-91
per-segment maximum non-zero probability:   0.11926
per-segment probability dynamic range (kT): 205.273
norm = 1, error in norm = 4.44089e-16 (2*epsilon)
Iteration wallclock: 0:03:37.406885, cputime: 0:31:58.951186


Thu Jan 11 12:21:14 2024
Iteration 1752 (2000 requested)
Beginning iteration 1752
57 segments remain in iteration 1752 (57 total)
18 of 24 (75.000000%) active bins are populated
per-bin minimum non-zero probability:       4.00956e-90
per-bin maximum probability:                0.459648
per-bin probability dynamic range (kT):     205.067
per-segment minimum non-zero probability:   9.14198e-91
per-segment maximum non-zero probability:   0.207112
per-segment probability dynamic range (kT): 205.748
norm = 1, error in norm = 4.44089e-16 (2*epsilon)
Iteration wallclock: 0:03:03.750807, cputime: 0:28:45.913443


Thu Jan 11 12:24:18 2024
Iteration 1753 (2000 requested)
Beginning iteration 1753
66 segments remain in iteration 1753 (66 total)
20 of 24 (83.333333%) active bins are populated
per-bin minimum non-zero probability:       1.05442e-90
per-bin maximum probability:                0.539892
per-bin probability dynamic range (kT):     206.563
per-segment minimum non-zero probability:   3.51473e-91
per-segment maximum non-zero probability:   0.21352
per-segment probability dynamic range (kT): 206.734
norm = 1, error in norm = 2.22045e-16 (1*epsilon)
Iteration wallclock: 0:03:39.981785, cputime: 0:33:18.886689


Thu Jan 11 12:27:58 2024
Iteration 1754 (2000 requested)
Beginning iteration 1754
60 segments remain in iteration 1754 (60 total)
18 of 24 (75.000000%) active bins are populated
per-bin minimum non-zero probability:       2.93398e-90
per-bin maximum probability:                0.399788
per-bin probability dynamic range (kT):     205.239
per-segment minimum non-zero probability:   4.39342e-91
per-segment maximum non-zero probability:   0.207112
per-segment probability dynamic range (kT): 206.481
norm = 1, error in norm = 2.22045e-16 (1*epsilon)
Iteration wallclock: 0:03:10.045619, cputime: 0:30:15.632470


Thu Jan 11 12:31:08 2024
Iteration 1755 (2000 requested)
Beginning iteration 1755
54 segments remain in iteration 1755 (54 total)
16 of 24 (66.666667%) active bins are populated
per-bin minimum non-zero probability:       3.43831e-90
per-bin maximum probability:                0.509126
per-bin probability dynamic range (kT):     205.323
per-segment minimum non-zero probability:   2.92895e-91
per-segment maximum non-zero probability:   0.207112
per-segment probability dynamic range (kT): 206.886
norm = 1, error in norm = 2.22045e-16 (1*epsilon)
Iteration wallclock: 0:03:08.637766, cputime: 0:27:14.585027


Thu Jan 11 12:34:17 2024
Iteration 1756 (2000 requested)
Beginning iteration 1756
60 segments remain in iteration 1756 (60 total)
19 of 24 (79.166667%) active bins are populated
per-bin minimum non-zero probability:       6.851e-91
per-bin maximum probability:                0.442633
per-bin probability dynamic range (kT):     206.796
per-segment minimum non-zero probability:   9.76315e-92
per-segment maximum non-zero probability:   0.207112
per-segment probability dynamic range (kT): 207.985
norm = 1, error in norm = 4.44089e-16 (2*epsilon)
Iteration wallclock: 0:03:07.529778, cputime: 0:30:18.048913


Thu Jan 11 12:37:25 2024
Iteration 1757 (2000 requested)
Beginning iteration 1757
66 segments remain in iteration 1757 (66 total)
20 of 24 (83.333333%) active bins are populated
per-bin minimum non-zero probability:       4.88158e-91
per-bin maximum probability:                0.279121
per-bin probability dynamic range (kT):     206.674
per-segment minimum non-zero probability:   7.61222e-92
per-segment maximum non-zero probability:   0.138075
per-segment probability dynamic range (kT): 207.828
norm = 1, error in norm = 4.44089e-16 (2*epsilon)
Iteration wallclock: 0:03:43.739915, cputime: 0:33:21.211199


Thu Jan 11 12:41:08 2024
Iteration 1758 (2000 requested)
Beginning iteration 1758
63 segments remain in iteration 1758 (63 total)
20 of 24 (83.333333%) active bins are populated
per-bin minimum non-zero probability:       4.66648e-91
per-bin maximum probability:                0.417579
per-bin probability dynamic range (kT):     207.122
per-segment minimum non-zero probability:   7.61222e-92
per-segment maximum non-zero probability:   0.172702
per-segment probability dynamic range (kT): 208.052
norm = 1, error in norm = 4.44089e-16 (2*epsilon)
Iteration wallclock: 0:03:34.076809, cputime: 0:31:38.699151


Thu Jan 11 12:44:43 2024
Iteration 1759 (2000 requested)
Beginning iteration 1759
60 segments remain in iteration 1759 (60 total)
18 of 24 (75.000000%) active bins are populated
per-bin minimum non-zero probability:       1.12444e-90
per-bin maximum probability:                0.525033
per-bin probability dynamic range (kT):     206.471
per-segment minimum non-zero probability:   9.76315e-92
per-segment maximum non-zero probability:   0.172702
per-segment probability dynamic range (kT): 207.803
norm = 1, error in norm = 4.44089e-16 (2*epsilon)
Iteration wallclock: 0:03:09.667077, cputime: 0:30:17.290701


Thu Jan 11 12:47:52 2024
Iteration 1760 (2000 requested)
Beginning iteration 1760
60 segments remain in iteration 1760 (60 total)
19 of 24 (79.166667%) active bins are populated
per-bin minimum non-zero probability:       9.76315e-92
per-bin maximum probability:                0.332417
per-bin probability dynamic range (kT):     208.458
per-segment minimum non-zero probability:   3.25438e-92
per-segment maximum non-zero probability:   0.172702
per-segment probability dynamic range (kT): 208.902
norm = 1, error in norm = 4.44089e-16 (2*epsilon)
Iteration wallclock: 0:03:04.777070, cputime: 0:30:04.174744


Thu Jan 11 12:50:57 2024
Iteration 1761 (2000 requested)
Beginning iteration 1761
63 segments remain in iteration 1761 (63 total)
15 of 24 (62.500000%) active bins are populated
per-bin minimum non-zero probability:       2.64216e-91
per-bin maximum probability:                0.385899
per-bin probability dynamic range (kT):     207.611
per-segment minimum non-zero probability:   1.08479e-92
per-segment maximum non-zero probability:   0.172702
per-segment probability dynamic range (kT): 210
norm = 1, error in norm = 4.44089e-16 (2*epsilon)
Iteration wallclock: 0:03:35.595803, cputime: 0:31:36.382772


Thu Jan 11 12:54:33 2024
Iteration 1762 (2000 requested)
Beginning iteration 1762
60 segments remain in iteration 1762 (60 total)
18 of 24 (75.000000%) active bins are populated
per-bin minimum non-zero probability:       1.76144e-91
per-bin maximum probability:                0.511221
per-bin probability dynamic range (kT):     208.298
per-segment minimum non-zero probability:   3.61598e-93
per-segment maximum non-zero probability:   0.212903
per-segment probability dynamic range (kT): 211.308
norm = 1, error in norm = 4.44089e-16 (2*epsilon)
Iteration wallclock: 0:03:07.691325, cputime: 0:30:17.422984


Thu Jan 11 12:57:40 2024
Iteration 1763 (2000 requested)
Beginning iteration 1763
57 segments remain in iteration 1763 (57 total)
18 of 24 (75.000000%) active bins are populated
per-bin minimum non-zero probability:       2.43478e-91
per-bin maximum probability:                0.307416
per-bin probability dynamic range (kT):     207.466
per-segment minimum non-zero probability:   5.64866e-92
per-segment maximum non-zero probability:   0.141935
per-segment probability dynamic range (kT): 208.154
norm = 1, error in norm = 4.44089e-16 (2*epsilon)
Iteration wallclock: 0:03:08.637099, cputime: 0:28:38.323622


Thu Jan 11 13:00:49 2024
Iteration 1764 (2000 requested)
Beginning iteration 1764
54 segments remain in iteration 1764 (54 total)
18 of 24 (75.000000%) active bins are populated
per-bin minimum non-zero probability:       5.64866e-92
per-bin maximum probability:                0.458034
per-bin probability dynamic range (kT):     209.326
per-segment minimum non-zero probability:   1.88289e-92
per-segment maximum non-zero probability:   0.210115
per-segment probability dynamic range (kT): 209.645
norm = 1, error in norm = 4.44089e-16 (2*epsilon)
Iteration wallclock: 0:03:01.831204, cputime: 0:27:17.125036


Thu Jan 11 13:03:51 2024
Iteration 1765 (2000 requested)
Beginning iteration 1765
63 segments remain in iteration 1765 (63 total)
19 of 24 (79.166667%) active bins are populated
per-bin minimum non-zero probability:       2.12232e-91
per-bin maximum probability:                0.365075
per-bin probability dynamic range (kT):     207.775
per-segment minimum non-zero probability:   6.27629e-93
per-segment maximum non-zero probability:   0.210115
per-segment probability dynamic range (kT): 210.744
norm = 1, error in norm = 4.44089e-16 (2*epsilon)
Iteration wallclock: 0:03:32.722694, cputime: 0:31:48.375888


Thu Jan 11 13:07:24 2024
Iteration 1766 (2000 requested)
Beginning iteration 1766
60 segments remain in iteration 1766 (60 total)
18 of 24 (75.000000%) active bins are populated
per-bin minimum non-zero probability:       9.12774e-92
per-bin maximum probability:                0.45754
per-bin probability dynamic range (kT):     208.845
per-segment minimum non-zero probability:   3.04258e-92
per-segment maximum non-zero probability:   0.193303
per-segment probability dynamic range (kT): 209.082
norm = 1, error in norm = 4.44089e-16 (2*epsilon)
Iteration wallclock: 0:03:02.945997, cputime: 0:30:18.734234


Thu Jan 11 13:10:27 2024
Iteration 1767 (2000 requested)
Beginning iteration 1767
57 segments remain in iteration 1767 (57 total)
17 of 24 (70.833333%) active bins are populated
per-bin minimum non-zero probability:       2.52233e-91
per-bin maximum probability:                0.418983
per-bin probability dynamic range (kT):     207.74
per-segment minimum non-zero probability:   6.08516e-92
per-segment maximum non-zero probability:   0.193303
per-segment probability dynamic range (kT): 208.388
norm = 1, error in norm = 4.44089e-16 (2*epsilon)
Iteration wallclock: 0:03:00.413007, cputime: 0:28:51.799148


Thu Jan 11 13:13:27 2024
Iteration 1768 (2000 requested)
Beginning iteration 1768
66 segments remain in iteration 1768 (66 total)
20 of 24 (83.333333%) active bins are populated
per-bin minimum non-zero probability:       6.08516e-92
per-bin maximum probability:                0.341456
per-bin probability dynamic range (kT):     208.957
per-segment minimum non-zero probability:   2.02839e-92
per-segment maximum non-zero probability:   0.141935
per-segment probability dynamic range (kT): 209.178
norm = 1, error in norm = 4.44089e-16 (2*epsilon)
Iteration wallclock: 0:03:34.044116, cputime: 0:33:17.811819


Thu Jan 11 13:17:01 2024
Iteration 1769 (2000 requested)
Beginning iteration 1769
63 segments remain in iteration 1769 (63 total)
18 of 24 (75.000000%) active bins are populated
per-bin minimum non-zero probability:       2.50053e-91
per-bin maximum probability:                0.352535
per-bin probability dynamic range (kT):     207.576
per-segment minimum non-zero probability:   2.02839e-92
per-segment maximum non-zero probability:   0.122302
per-segment probability dynamic range (kT): 209.029
norm = 1, error in norm = 4.44089e-16 (2*epsilon)
Iteration wallclock: 0:03:34.118513, cputime: 0:31:43.320005


Thu Jan 11 13:20:36 2024
Iteration 1770 (2000 requested)
Beginning iteration 1770
63 segments remain in iteration 1770 (63 total)
19 of 24 (79.166667%) active bins are populated
per-bin minimum non-zero probability:       8.3351e-92
per-bin maximum probability:                0.426599
per-bin probability dynamic range (kT):     208.865
per-segment minimum non-zero probability:   8.36839e-93
per-segment maximum non-zero probability:   0.169583
per-segment probability dynamic range (kT): 210.242
norm = 1, error in norm = 2.22045e-16 (1*epsilon)
Iteration wallclock: 0:03:34.593639, cputime: 0:31:40.066081


Thu Jan 11 13:24:10 2024
Iteration 1771 (2000 requested)
Beginning iteration 1771
66 segments remain in iteration 1771 (66 total)
20 of 24 (83.333333%) active bins are populated
per-bin minimum non-zero probability:       3.69108e-91
per-bin maximum probability:                0.362871
per-bin probability dynamic range (kT):     207.216
per-segment minimum non-zero probability:   6.47176e-93
per-segment maximum non-zero probability:   0.169583
per-segment probability dynamic range (kT): 210.499
norm = 1, error in norm = 4.44089e-16 (2*epsilon)
Iteration wallclock: 0:03:44.566602, cputime: 0:33:21.341292


Thu Jan 11 13:27:55 2024
Iteration 1772 (2000 requested)
Beginning iteration 1772
66 segments remain in iteration 1772 (66 total)
20 of 24 (83.333333%) active bins are populated
per-bin minimum non-zero probability:       5.7464e-92
per-bin maximum probability:                0.292153
per-bin probability dynamic range (kT):     208.859
per-segment minimum non-zero probability:   2.15725e-93
per-segment maximum non-zero probability:   0.169583
per-segment probability dynamic range (kT): 211.597
norm = 1, error in norm = 2.22045e-16 (1*epsilon)
Iteration wallclock: 0:03:59.068680, cputime: 0:33:20.337719


Thu Jan 11 13:31:54 2024
Iteration 1773 (2000 requested)
Beginning iteration 1773
63 segments remain in iteration 1773 (63 total)
18 of 24 (75.000000%) active bins are populated
per-bin minimum non-zero probability:       2.52233e-91
per-bin maximum probability:                0.460594
per-bin probability dynamic range (kT):     207.835
per-segment minimum non-zero probability:   4.94672e-93
per-segment maximum non-zero probability:   0.147902
per-segment probability dynamic range (kT): 210.63
norm = 1, error in norm = 2.22045e-16 (1*epsilon)
Iteration wallclock: 0:03:42.772989, cputime: 0:31:43.448882


Thu Jan 11 13:35:37 2024
Iteration 1774 (2000 requested)
Beginning iteration 1774
66 segments remain in iteration 1774 (66 total)
20 of 24 (83.333333%) active bins are populated
per-bin minimum non-zero probability:       1.68524e-91
per-bin maximum probability:                0.262091
per-bin probability dynamic range (kT):     207.674
per-segment minimum non-zero probability:   4.94672e-93
per-segment maximum non-zero probability:   0.114189
per-segment probability dynamic range (kT): 210.372
norm = 1, error in norm = 6.66134e-16 (3*epsilon)
Iteration wallclock: 0:03:43.918532, cputime: 0:33:13.213771


Thu Jan 11 13:39:21 2024
Iteration 1775 (2000 requested)
Beginning iteration 1775
57 segments remain in iteration 1775 (57 total)
17 of 24 (70.833333%) active bins are populated
per-bin minimum non-zero probability:       2.8274e-91
per-bin maximum probability:                0.354403
per-bin probability dynamic range (kT):     207.459
per-segment minimum non-zero probability:   2.86572e-92
per-segment maximum non-zero probability:   0.144996
per-segment probability dynamic range (kT): 208.854
norm = 1, error in norm = 4.44089e-16 (2*epsilon)
Iteration wallclock: 0:03:11.493008, cputime: 0:28:56.430437


Thu Jan 11 13:42:32 2024
Iteration 1776 (2000 requested)
Beginning iteration 1776
60 segments remain in iteration 1776 (60 total)
19 of 24 (79.166667%) active bins are populated
per-bin minimum non-zero probability:       3.2444e-91
per-bin maximum probability:                0.415413
per-bin probability dynamic range (kT):     207.48
per-segment minimum non-zero probability:   9.93257e-93
per-segment maximum non-zero probability:   0.185126
per-segment probability dynamic range (kT): 210.158
norm = 1, error in norm = 2.22045e-16 (1*epsilon)
Iteration wallclock: 0:03:10.096873, cputime: 0:30:18.147186


Thu Jan 11 13:45:43 2024
Iteration 1777 (2000 requested)
Beginning iteration 1777
63 segments remain in iteration 1777 (63 total)
19 of 24 (79.166667%) active bins are populated
per-bin minimum non-zero probability:       9.93257e-93
per-bin maximum probability:                0.304238
per-bin probability dynamic range (kT):     210.655
per-segment minimum non-zero probability:   3.31086e-93
per-segment maximum non-zero probability:   0.144996
per-segment probability dynamic range (kT): 211.012
norm = 1, error in norm = 2.22045e-16 (1*epsilon)
Iteration wallclock: 0:03:48.084092, cputime: 0:31:50.876029


Thu Jan 11 13:49:31 2024
Iteration 1778 (2000 requested)
Beginning iteration 1778
63 segments remain in iteration 1778 (63 total)
19 of 24 (79.166667%) active bins are populated
per-bin minimum non-zero probability:       3.31086e-93
per-bin maximum probability:                0.277685
per-bin probability dynamic range (kT):     211.662
per-segment minimum non-zero probability:   1.10362e-93
per-segment maximum non-zero probability:   0.100707
per-segment probability dynamic range (kT): 211.746
norm = 1, error in norm = 2.22045e-16 (1*epsilon)
Iteration wallclock: 0:03:42.199006, cputime: 0:31:47.344137


Thu Jan 11 13:53:13 2024
Iteration 1779 (2000 requested)
Beginning iteration 1779
60 segments remain in iteration 1779 (60 total)
18 of 24 (75.000000%) active bins are populated
per-bin minimum non-zero probability:       1.28872e-91
per-bin maximum probability:                0.371109
per-bin probability dynamic range (kT):     208.29
per-segment minimum non-zero probability:   2.20724e-93
per-segment maximum non-zero probability:   0.170308
per-segment probability dynamic range (kT): 211.579
norm = 1, error in norm = 4.44089e-16 (2*epsilon)
Iteration wallclock: 0:03:12.209561, cputime: 0:30:18.907568


Thu Jan 11 13:56:25 2024
Iteration 1780 (2000 requested)
Beginning iteration 1780
60 segments remain in iteration 1780 (60 total)
18 of 24 (75.000000%) active bins are populated
per-bin minimum non-zero probability:       5.28091e-92
per-bin maximum probability:                0.342911
per-bin probability dynamic range (kT):     209.103
per-segment minimum non-zero probability:   1.7603e-92
per-segment maximum non-zero probability:   0.170308
per-segment probability dynamic range (kT): 209.502
norm = 1, error in norm = 4.44089e-16 (2*epsilon)
Iteration wallclock: 0:02:59.602381, cputime: 0:30:06.620760


Thu Jan 11 13:59:25 2024
Iteration 1781 (2000 requested)
Beginning iteration 1781
66 segments remain in iteration 1781 (66 total)
20 of 24 (83.333333%) active bins are populated
per-bin minimum non-zero probability:       1.87066e-92
per-bin maximum probability:                0.334732
per-bin probability dynamic range (kT):     210.117
per-segment minimum non-zero probability:   5.86767e-93
per-segment maximum non-zero probability:   0.170308
per-segment probability dynamic range (kT): 210.601
norm = 1, error in norm = 4.44089e-16 (2*epsilon)
Iteration wallclock: 0:03:22.295494, cputime: 0:33:05.057293


Thu Jan 11 14:02:47 2024
Iteration 1782 (2000 requested)
Beginning iteration 1782
63 segments remain in iteration 1782 (63 total)
19 of 24 (79.166667%) active bins are populated
per-bin minimum non-zero probability:       2.04168e-92
per-bin maximum probability:                0.396037
per-bin probability dynamic range (kT):     210.198
per-segment minimum non-zero probability:   1.95589e-93
per-segment maximum non-zero probability:   0.170308
per-segment probability dynamic range (kT): 211.699
norm = 1, error in norm = 4.44089e-16 (2*epsilon)
Iteration wallclock: 0:03:24.994050, cputime: 0:31:39.495193


Thu Jan 11 14:06:12 2024
Iteration 1783 (2000 requested)
Beginning iteration 1783
60 segments remain in iteration 1783 (60 total)
18 of 24 (75.000000%) active bins are populated
per-bin minimum non-zero probability:       1.33262e-92
per-bin maximum probability:                0.378135
per-bin probability dynamic range (kT):     210.578
per-segment minimum non-zero probability:   6.51964e-94
per-segment maximum non-zero probability:   0.170308
per-segment probability dynamic range (kT): 212.798
norm = 1, error in norm = 2.22045e-16 (1*epsilon)
Iteration wallclock: 0:03:03.716290, cputime: 0:30:12.003668


Thu Jan 11 14:09:16 2024
Iteration 1784 (2000 requested)
Beginning iteration 1784
63 segments remain in iteration 1784 (63 total)
19 of 24 (79.166667%) active bins are populated
per-bin minimum non-zero probability:       4.19729e-93
per-bin maximum probability:                0.332695
per-bin probability dynamic range (kT):     211.605
per-segment minimum non-zero probability:   1.18177e-93
per-segment maximum non-zero probability:   0.128775
per-segment probability dynamic range (kT): 211.924
norm = 1, error in norm = 4.44089e-16 (2*epsilon)
Iteration wallclock: 0:03:33.923692, cputime: 0:31:44.126256


Thu Jan 11 14:12:50 2024
Iteration 1785 (2000 requested)
Beginning iteration 1785
60 segments remain in iteration 1785 (60 total)
20 of 24 (83.333333%) active bins are populated
per-bin minimum non-zero probability:       1.7603e-92
per-bin maximum probability:                0.345928
per-bin probability dynamic range (kT):     210.211
per-segment minimum non-zero probability:   5.86767e-93
per-segment maximum non-zero probability:   0.142008
per-segment probability dynamic range (kT): 210.419
norm = 1, error in norm = 4.44089e-16 (2*epsilon)
Iteration wallclock: 0:03:07.530802, cputime: 0:30:21.545244


Thu Jan 11 14:15:58 2024
Iteration 1786 (2000 requested)
Beginning iteration 1786
60 segments remain in iteration 1786 (60 total)
17 of 24 (70.833333%) active bins are populated
per-bin minimum non-zero probability:       1.24697e-92
per-bin maximum probability:                0.366724
per-bin probability dynamic range (kT):     210.614
per-segment minimum non-zero probability:   4.15657e-93
per-segment maximum non-zero probability:   0.128775
per-segment probability dynamic range (kT): 210.666
norm = 1, error in norm = 4.44089e-16 (2*epsilon)
Iteration wallclock: 0:03:12.047472, cputime: 0:30:27.497450


Thu Jan 11 14:19:10 2024
Iteration 1787 (2000 requested)
Beginning iteration 1787
66 segments remain in iteration 1787 (66 total)
20 of 24 (83.333333%) active bins are populated
per-bin minimum non-zero probability:       2.36762e-92
per-bin maximum probability:                0.502228
per-bin probability dynamic range (kT):     210.287
per-segment minimum non-zero probability:   4.15657e-93
per-segment maximum non-zero probability:   0.231444
per-segment probability dynamic range (kT): 211.252
norm = 1, error in norm = 4.44089e-16 (2*epsilon)
Iteration wallclock: 0:03:42.996069, cputime: 0:33:14.251805


Thu Jan 11 14:22:53 2024
Iteration 1788 (2000 requested)
Beginning iteration 1788
60 segments remain in iteration 1788 (60 total)
20 of 24 (83.333333%) active bins are populated
per-bin minimum non-zero probability:       4.15657e-93
per-bin maximum probability:                0.295131
per-bin probability dynamic range (kT):     211.495
per-segment minimum non-zero probability:   1.38552e-93
per-segment maximum non-zero probability:   0.142008
per-segment probability dynamic range (kT): 211.862
norm = 1, error in norm = 4.44089e-16 (2*epsilon)
Iteration wallclock: 0:03:07.542377, cputime: 0:30:15.258662


Thu Jan 11 14:26:00 2024
Iteration 1789 (2000 requested)
Beginning iteration 1789
60 segments remain in iteration 1789 (60 total)
18 of 24 (75.000000%) active bins are populated
per-bin minimum non-zero probability:       4.6638e-92
per-bin maximum probability:                0.327343
per-bin probability dynamic range (kT):     209.181
per-segment minimum non-zero probability:   3.56053e-93
per-segment maximum non-zero probability:   0.142008
per-segment probability dynamic range (kT): 210.919
norm = 1, error in norm = 4.44089e-16 (2*epsilon)
Iteration wallclock: 0:03:08.443704, cputime: 0:30:08.269765


Thu Jan 11 14:29:09 2024
Iteration 1790 (2000 requested)
Beginning iteration 1790
57 segments remain in iteration 1790 (57 total)
19 of 24 (79.166667%) active bins are populated
per-bin minimum non-zero probability:       1.07986e-92
per-bin maximum probability:                0.373716
per-bin probability dynamic range (kT):     210.777
per-segment minimum non-zero probability:   3.59954e-93
per-segment maximum non-zero probability:   0.142008
per-segment probability dynamic range (kT): 210.908
norm = 1, error in norm = 4.44089e-16 (2*epsilon)
Iteration wallclock: 0:03:07.884729, cputime: 0:28:33.531984


Thu Jan 11 14:32:17 2024
Iteration 1791 (2000 requested)
Beginning iteration 1791
57 segments remain in iteration 1791 (57 total)
17 of 24 (70.833333%) active bins are populated
per-bin minimum non-zero probability:       2.49218e-92
per-bin maximum probability:                0.487774
per-bin probability dynamic range (kT):     210.207
per-segment minimum non-zero probability:   1.19985e-93
per-segment maximum non-zero probability:   0.216991
per-segment probability dynamic range (kT): 212.43
norm = 1, error in norm = 4.44089e-16 (2*epsilon)
Iteration wallclock: 0:03:07.506501, cputime: 0:28:40.382196


Thu Jan 11 14:35:24 2024
Iteration 1792 (2000 requested)
Beginning iteration 1792
63 segments remain in iteration 1792 (63 total)
19 of 24 (79.166667%) active bins are populated
per-bin minimum non-zero probability:       9.50712e-93
per-bin maximum probability:                0.350819
per-bin probability dynamic range (kT):     210.841
per-segment minimum non-zero probability:   3.16904e-93
per-segment maximum non-zero probability:   0.216991
per-segment probability dynamic range (kT): 211.459
norm = 1, error in norm = 4.44089e-16 (2*epsilon)
Iteration wallclock: 0:03:32.693927, cputime: 0:31:30.780853


Thu Jan 11 14:38:57 2024
Iteration 1793 (2000 requested)
Beginning iteration 1793
63 segments remain in iteration 1793 (63 total)
19 of 24 (79.166667%) active bins are populated
per-bin minimum non-zero probability:       5.90757e-93
per-bin maximum probability:                0.360986
per-bin probability dynamic range (kT):     211.345
per-segment minimum non-zero probability:   1.05635e-93
per-segment maximum non-zero probability:   0.136896
per-segment probability dynamic range (kT): 212.097
norm = 1, error in norm = 2.22045e-16 (1*epsilon)
Iteration wallclock: 0:03:37.510854, cputime: 0:31:46.906951


Thu Jan 11 14:42:35 2024
Iteration 1794 (2000 requested)
Beginning iteration 1794
60 segments remain in iteration 1794 (60 total)
18 of 24 (75.000000%) active bins are populated
per-bin minimum non-zero probability:       4.88178e-93
per-bin maximum probability:                0.323892
per-bin probability dynamic range (kT):     211.428
per-segment minimum non-zero probability:   5.28173e-94
per-segment maximum non-zero probability:   0.136896
per-segment probability dynamic range (kT): 212.79
norm = 1, error in norm = 4.44089e-16 (2*epsilon)
Iteration wallclock: 0:03:05.526850, cputime: 0:30:10.778553


Thu Jan 11 14:45:40 2024
Iteration 1795 (2000 requested)
Beginning iteration 1795
63 segments remain in iteration 1795 (63 total)
19 of 24 (79.166667%) active bins are populated
per-bin minimum non-zero probability:       1.4512e-93
per-bin maximum probability:                0.252151
per-bin probability dynamic range (kT):     212.39
per-segment minimum non-zero probability:   1.76058e-94
per-segment maximum non-zero probability:   0.136896
per-segment probability dynamic range (kT): 213.889
norm = 1, error in norm = 4.44089e-16 (2*epsilon)
Iteration wallclock: 0:03:32.682726, cputime: 0:31:44.616561


Thu Jan 11 14:49:13 2024
Iteration 1796 (2000 requested)
Beginning iteration 1796
57 segments remain in iteration 1796 (57 total)
19 of 24 (79.166667%) active bins are populated
per-bin minimum non-zero probability:       3.07677e-94
per-bin maximum probability:                0.249083
per-bin probability dynamic range (kT):     213.929
per-segment minimum non-zero probability:   1.02559e-94
per-segment maximum non-zero probability:   0.0864004
per-segment probability dynamic range (kT): 213.969
norm = 1, error in norm = 2.22045e-16 (1*epsilon)
Iteration wallclock: 0:03:05.759387, cputime: 0:28:36.714986


Thu Jan 11 14:52:19 2024
Iteration 1797 (2000 requested)
Beginning iteration 1797
60 segments remain in iteration 1797 (60 total)
18 of 24 (75.000000%) active bins are populated
per-bin minimum non-zero probability:       9.27538e-93
per-bin maximum probability:                0.307439
per-bin probability dynamic range (kT):     210.734
per-segment minimum non-zero probability:   3.41863e-95
per-segment maximum non-zero probability:   0.139394
per-segment probability dynamic range (kT): 215.546
norm = 1, error in norm = 2.22045e-16 (1*epsilon)
Iteration wallclock: 0:03:10.002541, cputime: 0:30:10.079371


Thu Jan 11 14:55:29 2024
Iteration 1798 (2000 requested)
Beginning iteration 1798
57 segments remain in iteration 1798 (57 total)
17 of 24 (70.833333%) active bins are populated
per-bin minimum non-zero probability:       1.37934e-92
per-bin maximum probability:                0.242685
per-bin probability dynamic range (kT):     210.1
per-segment minimum non-zero probability:   1.13954e-95
per-segment maximum non-zero probability:   0.139394
per-segment probability dynamic range (kT): 216.645
norm = 1, error in norm = 2.22045e-16 (1*epsilon)
Iteration wallclock: 0:03:04.633054, cputime: 0:28:41.096304


Thu Jan 11 14:58:34 2024
Iteration 1799 (2000 requested)
Beginning iteration 1799
60 segments remain in iteration 1799 (60 total)
18 of 24 (75.000000%) active bins are populated
per-bin minimum non-zero probability:       5.94927e-93
per-bin maximum probability:                0.211724
per-bin probability dynamic range (kT):     210.805
per-segment minimum non-zero probability:   3.79848e-96
per-segment maximum non-zero probability:   0.0845099
per-segment probability dynamic range (kT): 217.243
norm = 1, error in norm = 2.22045e-16 (1*epsilon)
Iteration wallclock: 0:03:08.558311, cputime: 0:30:04.785221


Thu Jan 11 15:01:42 2024
Iteration 1800 (2000 requested)
Beginning iteration 1800
63 segments remain in iteration 1800 (63 total)
19 of 24 (79.166667%) active bins are populated
per-bin minimum non-zero probability:       1.65395e-92
per-bin maximum probability:                0.364829
per-bin probability dynamic range (kT):     210.326
per-segment minimum non-zero probability:   6.6103e-94
per-segment maximum non-zero probability:   0.153551
per-segment probability dynamic range (kT): 212.681
norm = 1, error in norm = 4.44089e-16 (2*epsilon)
Iteration wallclock: 0:03:35.712996, cputime: 0:31:39.604044


Thu Jan 11 15:05:18 2024
Iteration 1801 (2000 requested)
Beginning iteration 1801
60 segments remain in iteration 1801 (60 total)
18 of 24 (75.000000%) active bins are populated
per-bin minimum non-zero probability:       1.98309e-93
per-bin maximum probability:                0.404894
per-bin probability dynamic range (kT):     212.552
per-segment minimum non-zero probability:   6.6103e-94
per-segment maximum non-zero probability:   0.153551
per-segment probability dynamic range (kT): 212.681
norm = 1, error in norm = 4.44089e-16 (2*epsilon)
Iteration wallclock: 0:03:06.349370, cputime: 0:30:06.593899


Thu Jan 11 15:08:24 2024
Iteration 1802 (2000 requested)
Beginning iteration 1802
66 segments remain in iteration 1802 (66 total)
20 of 24 (83.333333%) active bins are populated
per-bin minimum non-zero probability:       5.88927e-93
per-bin maximum probability:                0.32802
per-bin probability dynamic range (kT):     211.253
per-segment minimum non-zero probability:   1.17643e-93
per-segment maximum non-zero probability:   0.153551
per-segment probability dynamic range (kT): 212.104
norm = 1, error in norm = 4.44089e-16 (2*epsilon)
Iteration wallclock: 0:03:40.563143, cputime: 0:33:10.373354


Thu Jan 11 15:12:05 2024
Iteration 1803 (2000 requested)
Beginning iteration 1803
63 segments remain in iteration 1803 (63 total)
19 of 24 (79.166667%) active bins are populated
per-bin minimum non-zero probability:       1.17643e-93
per-bin maximum probability:                0.28296
per-bin probability dynamic range (kT):     212.715
per-segment minimum non-zero probability:   3.92145e-94
per-segment maximum non-zero probability:   0.105892
per-segment probability dynamic range (kT): 212.831
norm = 1, error in norm = 2.22045e-16 (1*epsilon)
Iteration wallclock: 0:03:31.617601, cputime: 0:31:28.906257


Thu Jan 11 15:15:37 2024
Iteration 1804 (2000 requested)
Beginning iteration 1804
60 segments remain in iteration 1804 (60 total)
18 of 24 (75.000000%) active bins are populated
per-bin minimum non-zero probability:       4.84306e-93
per-bin maximum probability:                0.327595
per-bin probability dynamic range (kT):     211.447
per-segment minimum non-zero probability:   3.92145e-94
per-segment maximum non-zero probability:   0.151574
per-segment probability dynamic range (kT): 213.19
norm = 1, error in norm = 0 (0*epsilon)
Iteration wallclock: 0:03:06.720082, cputime: 0:29:57.439020


Thu Jan 11 15:18:43 2024
Iteration 1805 (2000 requested)
Beginning iteration 1805
60 segments remain in iteration 1805 (60 total)
18 of 24 (75.000000%) active bins are populated
per-bin minimum non-zero probability:       7.25555e-93
per-bin maximum probability:                0.266384
per-bin probability dynamic range (kT):     210.836
per-segment minimum non-zero probability:   1.38083e-93
per-segment maximum non-zero probability:   0.105892
per-segment probability dynamic range (kT): 211.572
norm = 1, error in norm = 0 (0*epsilon)
Iteration wallclock: 0:03:09.989671, cputime: 0:30:06.518467


Thu Jan 11 15:21:53 2024
Iteration 1806 (2000 requested)
Beginning iteration 1806
54 segments remain in iteration 1806 (54 total)
19 of 24 (79.166667%) active bins are populated
per-bin minimum non-zero probability:       3.10076e-93
per-bin maximum probability:                0.358759
per-bin probability dynamic range (kT):     211.984
per-segment minimum non-zero probability:   1.03359e-93
per-segment maximum non-zero probability:   0.206771
per-segment probability dynamic range (kT): 212.531
norm = 1, error in norm = 2.22045e-16 (1*epsilon)
Iteration wallclock: 0:03:02.392083, cputime: 0:26:59.876108


Thu Jan 11 15:24:56 2024
Iteration 1807 (2000 requested)
Beginning iteration 1807
57 segments remain in iteration 1807 (57 total)
17 of 24 (70.833333%) active bins are populated
per-bin minimum non-zero probability:       2.06717e-93
per-bin maximum probability:                0.285773
per-bin probability dynamic range (kT):     212.162
per-segment minimum non-zero probability:   4.24411e-94
per-segment maximum non-zero probability:   0.143846
per-segment probability dynamic range (kT): 213.058
norm = 1, error in norm = 2.22045e-16 (1*epsilon)
Iteration wallclock: 0:02:56.723659, cputime: 0:28:32.877883


Thu Jan 11 15:27:53 2024
Iteration 1808 (2000 requested)
Beginning iteration 1808
51 segments remain in iteration 1808 (51 total)
16 of 24 (66.666667%) active bins are populated
per-bin minimum non-zero probability:       4.75951e-93
per-bin maximum probability:                0.362017
per-bin probability dynamic range (kT):     211.564
per-segment minimum non-zero probability:   1.4147e-94
per-segment maximum non-zero probability:   0.143846
per-segment probability dynamic range (kT): 214.157
norm = 1, error in norm = 2.22045e-16 (1*epsilon)
Iteration wallclock: 0:02:52.568667, cputime: 0:25:31.027442


Thu Jan 11 15:30:45 2024
Iteration 1809 (2000 requested)
Beginning iteration 1809
60 segments remain in iteration 1809 (60 total)
18 of 24 (75.000000%) active bins are populated
per-bin minimum non-zero probability:       4.73291e-93
per-bin maximum probability:                0.25701
per-bin probability dynamic range (kT):     211.227
per-segment minimum non-zero probability:   1.4147e-94
per-segment maximum non-zero probability:   0.137848
per-segment probability dynamic range (kT): 214.114
norm = 1, error in norm = 2.22045e-16 (1*epsilon)
Iteration wallclock: 0:02:58.369011, cputime: 0:30:04.552040


Thu Jan 11 15:33:44 2024
Iteration 1810 (2000 requested)
Beginning iteration 1810
60 segments remain in iteration 1810 (60 total)
18 of 24 (75.000000%) active bins are populated
per-bin minimum non-zero probability:       4.6454e-93
per-bin maximum probability:                0.402736
per-bin probability dynamic range (kT):     211.695
per-segment minimum non-zero probability:   4.71568e-95
per-segment maximum non-zero probability:   0.166062
per-segment probability dynamic range (kT): 215.399
norm = 1, error in norm = 4.44089e-16 (2*epsilon)
Iteration wallclock: 0:03:08.823317, cputime: 0:30:05.201515


Thu Jan 11 15:36:53 2024
Iteration 1811 (2000 requested)
Beginning iteration 1811
66 segments remain in iteration 1811 (66 total)
20 of 24 (83.333333%) active bins are populated
per-bin minimum non-zero probability:       1.51195e-93
per-bin maximum probability:                0.283038
per-bin probability dynamic range (kT):     212.465
per-segment minimum non-zero probability:   5.03984e-94
per-segment maximum non-zero probability:   0.166062
per-segment probability dynamic range (kT): 213.03
norm = 1, error in norm = 4.44089e-16 (2*epsilon)
Iteration wallclock: 0:03:41.110807, cputime: 0:33:05.357426


Thu Jan 11 15:40:34 2024
Iteration 1812 (2000 requested)
Beginning iteration 1812
57 segments remain in iteration 1812 (57 total)
17 of 24 (70.833333%) active bins are populated
per-bin minimum non-zero probability:       6.96321e-94
per-bin maximum probability:                0.240864
per-bin probability dynamic range (kT):     213.079
per-segment minimum non-zero probability:   2.32107e-94
per-segment maximum non-zero probability:   0.166062
per-segment probability dynamic range (kT): 213.806
norm = 1, error in norm = 2.22045e-16 (1*epsilon)
Iteration wallclock: 0:03:07.547169, cputime: 0:28:32.064673


Thu Jan 11 15:43:41 2024
Iteration 1813 (2000 requested)
Beginning iteration 1813
63 segments remain in iteration 1813 (63 total)
19 of 24 (79.166667%) active bins are populated
per-bin minimum non-zero probability:       5.03984e-94
per-bin maximum probability:                0.286993
per-bin probability dynamic range (kT):     213.577
per-segment minimum non-zero probability:   9.06774e-95
per-segment maximum non-zero probability:   0.110708
per-segment probability dynamic range (kT): 214.34
norm = 1, error in norm = 2.22045e-16 (1*epsilon)
Iteration wallclock: 0:03:35.183580, cputime: 0:31:39.613086


Thu Jan 11 15:47:17 2024
Iteration 1814 (2000 requested)
Beginning iteration 1814
63 segments remain in iteration 1814 (63 total)
19 of 24 (79.166667%) active bins are populated
per-bin minimum non-zero probability:       6.72134e-94
per-bin maximum probability:                0.308082
per-bin probability dynamic range (kT):     213.36
per-segment minimum non-zero probability:   5.59983e-95
per-segment maximum non-zero probability:   0.145251
per-segment probability dynamic range (kT): 215.094
norm = 1, error in norm = 2.22045e-16 (1*epsilon)
Iteration wallclock: 0:03:37.527731, cputime: 0:31:33.128714


Thu Jan 11 15:50:54 2024
Iteration 1815 (2000 requested)
Beginning iteration 1815
63 segments remain in iteration 1815 (63 total)
19 of 24 (79.166667%) active bins are populated
per-bin minimum non-zero probability:       5.59983e-95
per-bin maximum probability:                0.222889
per-bin probability dynamic range (kT):     215.522
per-segment minimum non-zero probability:   1.86661e-95
per-segment maximum non-zero probability:   0.110708
per-segment probability dynamic range (kT): 215.921
norm = 1, error in norm = 2.22045e-16 (1*epsilon)
Iteration wallclock: 0:03:37.155970, cputime: 0:31:41.008763


Thu Jan 11 15:54:31 2024
Iteration 1816 (2000 requested)
Beginning iteration 1816
63 segments remain in iteration 1816 (63 total)
20 of 24 (83.333333%) active bins are populated
per-bin minimum non-zero probability:       1.86661e-95
per-bin maximum probability:                0.231423
per-bin probability dynamic range (kT):     216.658
per-segment minimum non-zero probability:   6.22203e-96
per-segment maximum non-zero probability:   0.110708
per-segment probability dynamic range (kT): 217.019
norm = 1, error in norm = 2.22045e-16 (1*epsilon)
Iteration wallclock: 0:03:29.873899, cputime: 0:31:38.221297


Thu Jan 11 15:58:01 2024
Iteration 1817 (2000 requested)
Beginning iteration 1817
66 segments remain in iteration 1817 (66 total)
20 of 24 (83.333333%) active bins are populated
per-bin minimum non-zero probability:       2.56313e-94
per-bin maximum probability:                0.314971
per-bin probability dynamic range (kT):     214.346
per-segment minimum non-zero probability:   2.84793e-95
per-segment maximum non-zero probability:   0.144911
per-segment probability dynamic range (kT): 215.767
norm = 1, error in norm = 2.22045e-16 (1*epsilon)
Iteration wallclock: 0:03:32.176088, cputime: 0:33:06.170556


Thu Jan 11 16:01:33 2024
Iteration 1818 (2000 requested)
Beginning iteration 1818
60 segments remain in iteration 1818 (60 total)
18 of 24 (75.000000%) active bins are populated
per-bin minimum non-zero probability:       9.49947e-94
per-bin maximum probability:                0.288739
per-bin probability dynamic range (kT):     212.95
per-segment minimum non-zero probability:   2.84793e-95
per-segment maximum non-zero probability:   0.144911
per-segment probability dynamic range (kT): 215.767
norm = 1, error in norm = 2.22045e-16 (1*epsilon)
Iteration wallclock: 0:03:05.211471, cputime: 0:30:07.113792


Thu Jan 11 16:04:39 2024
Iteration 1819 (2000 requested)
Beginning iteration 1819
60 segments remain in iteration 1819 (60 total)
19 of 24 (79.166667%) active bins are populated
per-bin minimum non-zero probability:       2.08154e-93
per-bin maximum probability:                0.309698
per-bin probability dynamic range (kT):     212.235
per-segment minimum non-zero probability:   5.69585e-95
per-segment maximum non-zero probability:   0.144911
per-segment probability dynamic range (kT): 215.074
norm = 1, error in norm = 4.44089e-16 (2*epsilon)
Iteration wallclock: 0:03:08.305858, cputime: 0:30:13.564919


Thu Jan 11 16:07:47 2024
Iteration 1820 (2000 requested)
Beginning iteration 1820
63 segments remain in iteration 1820 (63 total)
19 of 24 (79.166667%) active bins are populated
per-bin minimum non-zero probability:       1.70429e-93
per-bin maximum probability:                0.308704
per-bin probability dynamic range (kT):     212.432
per-segment minimum non-zero probability:   5.69585e-95
per-segment maximum non-zero probability:   0.138645
per-segment probability dynamic range (kT): 215.03
norm = 1, error in norm = 2.22045e-16 (1*epsilon)
Iteration wallclock: 0:03:32.472840, cputime: 0:31:37.211966


Thu Jan 11 16:11:20 2024
Iteration 1821 (2000 requested)
Beginning iteration 1821
60 segments remain in iteration 1821 (60 total)
19 of 24 (79.166667%) active bins are populated
per-bin minimum non-zero probability:       7.78963e-94
per-bin maximum probability:                0.370789
per-bin probability dynamic range (kT):     213.398
per-segment minimum non-zero probability:   5.69585e-95
per-segment maximum non-zero probability:   0.140302
per-segment probability dynamic range (kT): 215.042
norm = 1, error in norm = 2.22045e-16 (1*epsilon)
Iteration wallclock: 0:03:07.296262, cputime: 0:30:11.107526


Thu Jan 11 16:14:27 2024
Iteration 1822 (2000 requested)
Beginning iteration 1822
60 segments remain in iteration 1822 (60 total)
18 of 24 (75.000000%) active bins are populated
per-bin minimum non-zero probability:       4.26072e-94
per-bin maximum probability:                0.37287
per-bin probability dynamic range (kT):     214.007
per-segment minimum non-zero probability:   1.0555e-94
per-segment maximum non-zero probability:   0.140725
per-segment probability dynamic range (kT): 214.428
norm = 1, error in norm = 2.22045e-16 (1*epsilon)
Iteration wallclock: 0:03:07.383559, cputime: 0:30:03.593357


Thu Jan 11 16:17:34 2024
Iteration 1823 (2000 requested)
Beginning iteration 1823
63 segments remain in iteration 1823 (63 total)
19 of 24 (79.166667%) active bins are populated
per-bin minimum non-zero probability:       2.42529e-94
per-bin maximum probability:                0.449699
per-bin probability dynamic range (kT):     214.758
per-segment minimum non-zero probability:   4.04214e-95
per-segment maximum non-zero probability:   0.202771
per-segment probability dynamic range (kT): 215.753
norm = 1, error in norm = 4.44089e-16 (2*epsilon)
Iteration wallclock: 0:03:34.909645, cputime: 0:31:33.364361


Thu Jan 11 16:21:09 2024
Iteration 1824 (2000 requested)
Beginning iteration 1824
54 segments remain in iteration 1824 (54 total)
16 of 24 (66.666667%) active bins are populated
per-bin minimum non-zero probability:       4.04214e-95
per-bin maximum probability:                0.386798
per-bin probability dynamic range (kT):     216.399
per-segment minimum non-zero probability:   1.34738e-95
per-segment maximum non-zero probability:   0.202771
per-segment probability dynamic range (kT): 216.852
norm = 1, error in norm = 2.22045e-16 (1*epsilon)
Iteration wallclock: 0:03:06.189205, cputime: 0:27:16.900241


Thu Jan 11 16:24:16 2024
Iteration 1825 (2000 requested)
Beginning iteration 1825
54 segments remain in iteration 1825 (54 total)
16 of 24 (66.666667%) active bins are populated
per-bin minimum non-zero probability:       2.08635e-94
per-bin maximum probability:                0.308973
per-bin probability dynamic range (kT):     214.533
per-segment minimum non-zero probability:   4.49127e-96
per-segment maximum non-zero probability:   0.202771
per-segment probability dynamic range (kT): 217.95
norm = 1, error in norm = 2.22045e-16 (1*epsilon)
Iteration wallclock: 0:03:00.431174, cputime: 0:27:17.906778


Thu Jan 11 16:27:16 2024
Iteration 1826 (2000 requested)
Beginning iteration 1826
60 segments remain in iteration 1826 (60 total)
18 of 24 (75.000000%) active bins are populated
per-bin minimum non-zero probability:       2.88852e-94
per-bin maximum probability:                0.477322
per-bin probability dynamic range (kT):     214.643
per-segment minimum non-zero probability:   1.49709e-96
per-segment maximum non-zero probability:   0.202771
per-segment probability dynamic range (kT): 219.049
norm = 1, error in norm = 4.44089e-16 (2*epsilon)
Iteration wallclock: 0:03:03.441311, cputime: 0:30:18.379080


Thu Jan 11 16:30:20 2024
Iteration 1827 (2000 requested)
Beginning iteration 1827
57 segments remain in iteration 1827 (57 total)
19 of 24 (79.166667%) active bins are populated
per-bin minimum non-zero probability:       9.34985e-95
per-bin maximum probability:                0.482838
per-bin probability dynamic range (kT):     215.782
per-segment minimum non-zero probability:   3.06671e-95
per-segment maximum non-zero probability:   0.174188
per-segment probability dynamic range (kT): 215.877
norm = 1, error in norm = 2.22045e-16 (1*epsilon)
Iteration wallclock: 0:03:01.255708, cputime: 0:28:45.635918


Thu Jan 11 16:33:21 2024
Iteration 1828 (2000 requested)
Beginning iteration 1828
51 segments remain in iteration 1828 (51 total)
16 of 24 (66.666667%) active bins are populated
per-bin minimum non-zero probability:       4.02663e-94
per-bin maximum probability:                0.385501
per-bin probability dynamic range (kT):     214.097
per-segment minimum non-zero probability:   3.15957e-95
per-segment maximum non-zero probability:   0.174188
per-segment probability dynamic range (kT): 215.848
norm = 1, error in norm = 2.22045e-16 (1*epsilon)
Iteration wallclock: 0:03:00.557482, cputime: 0:25:46.533567


Thu Jan 11 16:36:22 2024
Iteration 1829 (2000 requested)
Beginning iteration 1829
54 segments remain in iteration 1829 (54 total)
16 of 24 (66.666667%) active bins are populated
per-bin minimum non-zero probability:       1.57978e-94
per-bin maximum probability:                0.348817
per-bin probability dynamic range (kT):     214.933
per-segment minimum non-zero probability:   1.57978e-95
per-segment maximum non-zero probability:   0.174188
per-segment probability dynamic range (kT): 216.541
norm = 1, error in norm = 2.22045e-16 (1*epsilon)
Iteration wallclock: 0:03:01.359221, cputime: 0:27:19.205025


Thu Jan 11 16:39:23 2024
Iteration 1830 (2000 requested)
Beginning iteration 1830
54 segments remain in iteration 1830 (54 total)
17 of 24 (70.833333%) active bins are populated
per-bin minimum non-zero probability:       1.81615e-94
per-bin maximum probability:                0.258062
per-bin probability dynamic range (kT):     214.492
per-segment minimum non-zero probability:   1.05319e-95
per-segment maximum non-zero probability:   0.140302
per-segment probability dynamic range (kT): 216.73
norm = 1, error in norm = 2.22045e-16 (1*epsilon)
Iteration wallclock: 0:03:02.682798, cputime: 0:27:11.990107


Thu Jan 11 16:42:26 2024
Iteration 1831 (2000 requested)
Beginning iteration 1831
60 segments remain in iteration 1831 (60 total)
18 of 24 (75.000000%) active bins are populated
per-bin minimum non-zero probability:       2.23702e-94
per-bin maximum probability:                0.327027
per-bin probability dynamic range (kT):     214.52
per-segment minimum non-zero probability:   1.76086e-95
per-segment maximum non-zero probability:   0.156592
per-segment probability dynamic range (kT): 216.326
norm = 1, error in norm = 2.22045e-16 (1*epsilon)
Iteration wallclock: 0:03:09.328578, cputime: 0:30:24.931475


Thu Jan 11 16:45:35 2024
Iteration 1832 (2000 requested)
Beginning iteration 1832
57 segments remain in iteration 1832 (57 total)
17 of 24 (70.833333%) active bins are populated
per-bin minimum non-zero probability:       1.76086e-95
per-bin maximum probability:                0.41957
per-bin probability dynamic range (kT):     217.311
per-segment minimum non-zero probability:   5.86954e-96
per-segment maximum non-zero probability:   0.156592
per-segment probability dynamic range (kT): 217.424
norm = 1, error in norm = 2.22045e-16 (1*epsilon)
Iteration wallclock: 0:03:14.141501, cputime: 0:28:51.318943


Thu Jan 11 16:48:49 2024
Iteration 1833 (2000 requested)
Beginning iteration 1833
54 segments remain in iteration 1833 (54 total)
16 of 24 (66.666667%) active bins are populated
per-bin minimum non-zero probability:       6.71105e-95
per-bin maximum probability:                0.369437
per-bin probability dynamic range (kT):     215.846
per-segment minimum non-zero probability:   1.95651e-96
per-segment maximum non-zero probability:   0.156592
per-segment probability dynamic range (kT): 218.523
norm = 1, error in norm = 2.22045e-16 (1*epsilon)
Iteration wallclock: 0:03:05.453942, cputime: 0:27:14.748642


Thu Jan 11 16:51:55 2024
Iteration 1834 (2000 requested)
Beginning iteration 1834
54 segments remain in iteration 1834 (54 total)
17 of 24 (70.833333%) active bins are populated
per-bin minimum non-zero probability:       5.74882e-95
per-bin maximum probability:                0.552122
per-bin probability dynamic range (kT):     216.403
per-segment minimum non-zero probability:   1.72062e-95
per-segment maximum non-zero probability:   0.248677
per-segment probability dynamic range (kT): 216.811
norm = 1, error in norm = 2.22045e-16 (1*epsilon)
Iteration wallclock: 0:03:13.266598, cputime: 0:27:18.820244


Thu Jan 11 16:55:08 2024
Iteration 1835 (2000 requested)
Beginning iteration 1835
63 segments remain in iteration 1835 (63 total)
19 of 24 (79.166667%) active bins are populated
per-bin minimum non-zero probability:       2.23702e-95
per-bin maximum probability:                0.286663
per-bin probability dynamic range (kT):     216.691
per-segment minimum non-zero probability:   7.45673e-96
per-segment maximum non-zero probability:   0.156592
per-segment probability dynamic range (kT): 217.185
norm = 1, error in norm = 0 (0*epsilon)
Iteration wallclock: 0:03:34.798687, cputime: 0:31:33.594082


Thu Jan 11 16:58:43 2024
Iteration 1836 (2000 requested)
Beginning iteration 1836
54 segments remain in iteration 1836 (54 total)
16 of 24 (66.666667%) active bins are populated
per-bin minimum non-zero probability:       1.49135e-95
per-bin maximum probability:                0.332707
per-bin probability dynamic range (kT):     217.245
per-segment minimum non-zero probability:   3.72836e-96
per-segment maximum non-zero probability:   0.156592
per-segment probability dynamic range (kT): 217.878
norm = 1, error in norm = 2.22045e-16 (1*epsilon)
Iteration wallclock: 0:02:59.998801, cputime: 0:26:58.014306


Thu Jan 11 17:01:43 2024
Iteration 1837 (2000 requested)
Beginning iteration 1837
54 segments remain in iteration 1837 (54 total)
15 of 24 (62.500000%) active bins are populated
per-bin minimum non-zero probability:       8.45014e-95
per-bin maximum probability:                0.57589
per-bin probability dynamic range (kT):     216.06
per-segment minimum non-zero probability:   1.9118e-96
per-segment maximum non-zero probability:   0.22879
per-segment probability dynamic range (kT): 218.925
norm = 1, error in norm = 4.44089e-16 (2*epsilon)
Iteration wallclock: 0:02:59.075459, cputime: 0:27:09.722445


Thu Jan 11 17:04:42 2024
Iteration 1838 (2000 requested)
Beginning iteration 1838
63 segments remain in iteration 1838 (63 total)
19 of 24 (79.166667%) active bins are populated
per-bin minimum non-zero probability:       3.75357e-95
per-bin maximum probability:                0.400507
per-bin probability dynamic range (kT):     216.508
per-segment minimum non-zero probability:   1.9118e-96
per-segment maximum non-zero probability:   0.22879
per-segment probability dynamic range (kT): 218.925
norm = 1, error in norm = 2.22045e-16 (1*epsilon)
Iteration wallclock: 0:03:35.475933, cputime: 0:31:38.990918


Thu Jan 11 17:08:18 2024
Iteration 1839 (2000 requested)
Beginning iteration 1839
57 segments remain in iteration 1839 (57 total)
17 of 24 (70.833333%) active bins are populated
per-bin minimum non-zero probability:       1.97808e-94
per-bin maximum probability:                0.307371
per-bin probability dynamic range (kT):     214.581
per-segment minimum non-zero probability:   2.55652e-96
per-segment maximum non-zero probability:   0.156592
per-segment probability dynamic range (kT): 218.255
norm = 1, error in norm = 4.44089e-16 (2*epsilon)
Iteration wallclock: 0:03:02.581881, cputime: 0:28:39.968449


Thu Jan 11 17:11:20 2024
Iteration 1840 (2000 requested)
Beginning iteration 1840
54 segments remain in iteration 1840 (54 total)
16 of 24 (66.666667%) active bins are populated
per-bin minimum non-zero probability:       1.89069e-94
per-bin maximum probability:                0.462052
per-bin probability dynamic range (kT):     215.034
per-segment minimum non-zero probability:   2.14646e-95
per-segment maximum non-zero probability:   0.180246
per-segment probability dynamic range (kT): 216.268
norm = 1, error in norm = 4.44089e-16 (2*epsilon)
Iteration wallclock: 0:03:02.135656, cputime: 0:27:09.440189


Thu Jan 11 17:14:22 2024
Iteration 1841 (2000 requested)
Beginning iteration 1841
57 segments remain in iteration 1841 (57 total)
16 of 24 (66.666667%) active bins are populated
per-bin minimum non-zero probability:       4.83756e-95
per-bin maximum probability:                0.494358
per-bin probability dynamic range (kT):     216.465
per-segment minimum non-zero probability:   7.15487e-96
per-segment maximum non-zero probability:   0.180246
per-segment probability dynamic range (kT): 217.367
norm = 1, error in norm = 2.22045e-16 (1*epsilon)
-- ERROR    [westpa.work_managers.core] -- uncaught exception in remote function
Traceback (most recent call last):
  File "/home1/09416/dty7/work/module_build_we_amber/modules/westpa/22.06_b/lib/python3.9/site-packages/westpa/core/propagators/executable.py", line 520, in prepare_file_system
    os.makedirs(environ[self.ENV_CURRENT_SEG_DATA_REF])
  File "/work/09416/dty7/ls6/module_build_we_amber/modules/envwestpa/1.0_b/lib/python3.9/os.py", line 225, in makedirs
    mkdir(name, mode)
FileNotFoundError: [Errno 2] No such file or directory: '/home1/09416/dty7/scratch/d1d2/2kod/ls6-we/tt_dist_eq_v00/traj_segs/001841/000001'

During handling of the above exception, another exception occurred:

Traceback (most recent call last):
  File "/home1/09416/dty7/work/module_build_we_amber/modules/westpa/22.06_b/lib/python3.9/site-packages/westpa/work_managers/zeromq/core.py", line 153, in execute
    rsl.result = self.fn(*self.args, **self.kwargs)
  File "/home1/09416/dty7/work/module_build_we_amber/modules/westpa/22.06_b/lib/python3.9/site-packages/westpa/core/wm_ops.py", line 40, in propagate
    incoming_segments = {segment.seg_id: segment for segment in propagator.propagate(segments)}
  File "/home1/09416/dty7/work/module_build_we_amber/modules/westpa/22.06_b/lib/python3.9/site-packages/westpa/core/propagators/executable.py", line 681, in propagate
    rc, rusage = self.exec_for_segment(child_info, segment, addtl_env)
  File "/home1/09416/dty7/work/module_build_we_amber/modules/westpa/22.06_b/lib/python3.9/site-packages/westpa/core/propagators/executable.py", line 489, in exec_for_segment
    self.prepare_file_system(segment, environ)
  File "/home1/09416/dty7/work/module_build_we_amber/modules/westpa/22.06_b/lib/python3.9/site-packages/westpa/core/propagators/executable.py", line 523, in prepare_file_system
    shutil.rmtree(environ[self.ENV_CURRENT_SEG_DATA_REF])
  File "/work/09416/dty7/ls6/module_build_we_amber/modules/envwestpa/1.0_b/lib/python3.9/shutil.py", line 724, in rmtree
    onerror(os.lstat, path, sys.exc_info())
  File "/work/09416/dty7/ls6/module_build_we_amber/modules/envwestpa/1.0_b/lib/python3.9/shutil.py", line 722, in rmtree
    orig_st = os.lstat(path)
FileNotFoundError: [Errno 2] No such file or directory: '/home1/09416/dty7/scratch/d1d2/2kod/ls6-we/tt_dist_eq_v00/traj_segs/001841/000001'

exception caught; shutting down
-- ERROR    [w_run] -- error message: [Errno 2] No such file or directory: '/home1/09416/dty7/scratch/d1d2/2kod/ls6-we/tt_dist_eq_v00/traj_segs/001841/000001'
-- ERROR    [w_run] -- Traceback (most recent call last):
  File "/home1/09416/dty7/work/module_build_we_amber/modules/westpa/22.06_b/lib/python3.9/site-packages/westpa/cli/core/w_run.py", line 61, in run_simulation
    sim_manager.run()
  File "/scratch/09416/dty7/d1d2/2kod/ls6-we/tt_dist_eq_v00/manager.py", line 706, in run
    self.propagate()
  File "/scratch/09416/dty7/d1d2/2kod/ls6-we/tt_dist_eq_v00/manager.py", line 550, in propagate
    incoming = future.get_result()
  File "/home1/09416/dty7/work/module_build_we_amber/modules/westpa/22.06_b/lib/python3.9/site-packages/westpa/work_managers/core.py", line 332, in get_result
    raise self._exception
FileNotFoundError: [Errno 2] No such file or directory: '/home1/09416/dty7/scratch/d1d2/2kod/ls6-we/tt_dist_eq_v00/traj_segs/001841/000001'

