MPI startup(): PMI server not found. Please set I_MPI_PMI_LIBRARY variable if it is not a singleton case.
Updating system with the options from the configuration file
Maximum wallclock time: 2 days, 0:00:00

Sat Jan 13 11:22:11 2024
Iteration 1841 (2000 requested)
Beginning iteration 1841
57 segments remain in iteration 1841 (57 total)
16 of 24 (66.666667%) active bins are populated
per-bin minimum non-zero probability:       4.83756e-95
per-bin maximum probability:                0.494358
per-bin probability dynamic range (kT):     216.465
per-segment minimum non-zero probability:   7.15487e-96
per-segment maximum non-zero probability:   0.180246
per-segment probability dynamic range (kT): 217.367
norm = 1, error in norm = 2.22045e-16 (1*epsilon)
Iteration wallclock: 0:04:49.451336, cputime: 0:28:26.309877


Sat Jan 13 11:27:01 2024
Iteration 1842 (2000 requested)
Beginning iteration 1842
60 segments remain in iteration 1842 (60 total)
18 of 24 (75.000000%) active bins are populated
per-bin minimum non-zero probability:       1.72586e-94
per-bin maximum probability:                0.268669
per-bin probability dynamic range (kT):     214.583
per-segment minimum non-zero probability:   2.38496e-96
per-segment maximum non-zero probability:   0.120164
per-segment probability dynamic range (kT): 218.06
norm = 1, error in norm = 2.22045e-16 (1*epsilon)
Iteration wallclock: 0:03:06.679851, cputime: 0:30:03.322700


Sat Jan 13 11:30:08 2024
Iteration 1843 (2000 requested)
Beginning iteration 1843
60 segments remain in iteration 1843 (60 total)
19 of 24 (79.166667%) active bins are populated
per-bin minimum non-zero probability:       5.13301e-95
per-bin maximum probability:                0.453195
per-bin probability dynamic range (kT):     216.318
per-segment minimum non-zero probability:   7.94985e-97
per-segment maximum non-zero probability:   0.206222
per-segment probability dynamic range (kT): 219.699
norm = 1, error in norm = 4.44089e-16 (2*epsilon)
Iteration wallclock: 0:03:06.735980, cputime: 0:29:55.592974


Sat Jan 13 11:33:14 2024
Iteration 1844 (2000 requested)
Beginning iteration 1844
54 segments remain in iteration 1844 (54 total)
17 of 24 (70.833333%) active bins are populated
per-bin minimum non-zero probability:       2.51885e-94
per-bin maximum probability:                0.389559
per-bin probability dynamic range (kT):     214.576
per-segment minimum non-zero probability:   1.7905e-95
per-segment maximum non-zero probability:   0.206222
per-segment probability dynamic range (kT): 216.584
norm = 1, error in norm = 4.44089e-16 (2*epsilon)
Iteration wallclock: 0:03:01.318283, cputime: 0:26:57.799154


Sat Jan 13 11:36:16 2024
Iteration 1845 (2000 requested)
Beginning iteration 1845
54 segments remain in iteration 1845 (54 total)
15 of 24 (62.500000%) active bins are populated
per-bin minimum non-zero probability:       1.12673e-94
per-bin maximum probability:                0.597108
per-bin probability dynamic range (kT):     215.808
per-segment minimum non-zero probability:   6.45933e-96
per-segment maximum non-zero probability:   0.250695
per-segment probability dynamic range (kT): 217.799
norm = 1, error in norm = 4.44089e-16 (2*epsilon)
Iteration wallclock: 0:02:59.796903, cputime: 0:26:59.198257


Sat Jan 13 11:39:16 2024
Iteration 1846 (2000 requested)
Beginning iteration 1846
57 segments remain in iteration 1846 (57 total)
16 of 24 (66.666667%) active bins are populated
per-bin minimum non-zero probability:       3.8756e-95
per-bin maximum probability:                0.638496
per-bin probability dynamic range (kT):     216.942
per-segment minimum non-zero probability:   1.29187e-95
per-segment maximum non-zero probability:   0.206222
per-segment probability dynamic range (kT): 216.911
norm = 1, error in norm = 2.22045e-16 (1*epsilon)
Iteration wallclock: 0:03:02.544324, cputime: 0:28:25.632072


Sat Jan 13 11:42:18 2024
Iteration 1847 (2000 requested)
Beginning iteration 1847
48 segments remain in iteration 1847 (48 total)
16 of 24 (66.666667%) active bins are populated
per-bin minimum non-zero probability:       5.40525e-95
per-bin maximum probability:                0.456115
per-bin probability dynamic range (kT):     216.273
per-segment minimum non-zero probability:   1.76106e-95
per-segment maximum non-zero probability:   0.206222
per-segment probability dynamic range (kT): 216.601
norm = 1, error in norm = 4.44089e-16 (2*epsilon)
Iteration wallclock: 0:02:28.028126, cputime: 0:24:08.203987


Sat Jan 13 11:44:46 2024
Iteration 1848 (2000 requested)
Beginning iteration 1848
54 segments remain in iteration 1848 (54 total)
17 of 24 (70.833333%) active bins are populated
per-bin minimum non-zero probability:       7.39771e-95
per-bin maximum probability:                0.37042
per-bin probability dynamic range (kT):     215.751
per-segment minimum non-zero probability:   6.00583e-96
per-segment maximum non-zero probability:   0.206222
per-segment probability dynamic range (kT): 217.677
norm = 1, error in norm = 4.44089e-16 (2*epsilon)
Iteration wallclock: 0:03:00.190761, cputime: 0:26:57.100225


Sat Jan 13 11:47:46 2024
Iteration 1849 (2000 requested)
Beginning iteration 1849
60 segments remain in iteration 1849 (60 total)
16 of 24 (66.666667%) active bins are populated
per-bin minimum non-zero probability:       1.76106e-95
per-bin maximum probability:                0.42165
per-bin probability dynamic range (kT):     217.316
per-segment minimum non-zero probability:   5.87019e-96
per-segment maximum non-zero probability:   0.173135
per-segment probability dynamic range (kT): 217.525
norm = 1, error in norm = 4.44089e-16 (2*epsilon)
Iteration wallclock: 0:03:07.697781, cputime: 0:30:07.084824


Sat Jan 13 11:50:54 2024
Iteration 1850 (2000 requested)
Beginning iteration 1850
60 segments remain in iteration 1850 (60 total)
18 of 24 (75.000000%) active bins are populated
per-bin minimum non-zero probability:       2.38771e-95
per-bin maximum probability:                0.310616
per-bin probability dynamic range (kT):     216.706
per-segment minimum non-zero probability:   2.87081e-96
per-segment maximum non-zero probability:   0.173135
per-segment probability dynamic range (kT): 218.24
norm = 1, error in norm = 2.22045e-16 (1*epsilon)
Iteration wallclock: 0:03:06.230963, cputime: 0:30:06.077930


Sat Jan 13 11:54:00 2024
Iteration 1851 (2000 requested)
Beginning iteration 1851
63 segments remain in iteration 1851 (63 total)
20 of 24 (83.333333%) active bins are populated
per-bin minimum non-zero probability:       5.74163e-96
per-bin maximum probability:                0.309184
per-bin probability dynamic range (kT):     218.127
per-segment minimum non-zero probability:   1.43541e-96
per-segment maximum non-zero probability:   0.137481
per-segment probability dynamic range (kT): 218.702
norm = 1, error in norm = 2.22045e-16 (1*epsilon)
Iteration wallclock: 0:03:33.894709, cputime: 0:31:42.085753


Sat Jan 13 11:57:34 2024
Iteration 1852 (2000 requested)
Beginning iteration 1852
57 segments remain in iteration 1852 (57 total)
17 of 24 (70.833333%) active bins are populated
per-bin minimum non-zero probability:       5.65474e-96
per-bin maximum probability:                0.436062
per-bin probability dynamic range (kT):     218.486
per-segment minimum non-zero probability:   1.31956e-96
per-segment maximum non-zero probability:   0.164357
per-segment probability dynamic range (kT): 218.965
norm = 1, error in norm = 4.44089e-16 (2*epsilon)
Iteration wallclock: 0:03:04.478426, cputime: 0:28:45.569146


Sat Jan 13 12:00:39 2024
Iteration 1853 (2000 requested)
Beginning iteration 1853
57 segments remain in iteration 1853 (57 total)
17 of 24 (70.833333%) active bins are populated
per-bin minimum non-zero probability:       7.87214e-96
per-bin maximum probability:                0.529567
per-bin probability dynamic range (kT):     218.349
per-segment minimum non-zero probability:   4.39853e-97
per-segment maximum non-zero probability:   0.215028
per-segment probability dynamic range (kT): 220.332
norm = 1, error in norm = 2.22045e-16 (1*epsilon)
Iteration wallclock: 0:03:05.064487, cputime: 0:28:40.459855


Sat Jan 13 12:03:44 2024
Iteration 1854 (2000 requested)
Beginning iteration 1854
60 segments remain in iteration 1854 (60 total)
19 of 24 (79.166667%) active bins are populated
per-bin minimum non-zero probability:       2.46626e-95
per-bin maximum probability:                0.527441
per-bin probability dynamic range (kT):     217.203
per-segment minimum non-zero probability:   1.46618e-97
per-segment maximum non-zero probability:   0.215028
per-segment probability dynamic range (kT): 221.431
norm = 1, error in norm = 2.22045e-16 (1*epsilon)
Iteration wallclock: 0:03:09.860705, cputime: 0:30:17.829603


Sat Jan 13 12:06:54 2024
Iteration 1855 (2000 requested)
Beginning iteration 1855
60 segments remain in iteration 1855 (60 total)
18 of 24 (75.000000%) active bins are populated
per-bin minimum non-zero probability:       1.06597e-95
per-bin maximum probability:                0.562273
per-bin probability dynamic range (kT):     218.106
per-segment minimum non-zero probability:   1.46618e-97
per-segment maximum non-zero probability:   0.215028
per-segment probability dynamic range (kT): 221.431
norm = 1, error in norm = 2.22045e-16 (1*epsilon)
Iteration wallclock: 0:03:09.963306, cputime: 0:30:13.827315


Sat Jan 13 12:10:04 2024
Iteration 1856 (2000 requested)
Beginning iteration 1856
57 segments remain in iteration 1856 (57 total)
17 of 24 (70.833333%) active bins are populated
per-bin minimum non-zero probability:       4.12232e-95
per-bin maximum probability:                0.549176
per-bin probability dynamic range (kT):     216.73
per-segment minimum non-zero probability:   1.01976e-96
per-segment maximum non-zero probability:   0.215028
per-segment probability dynamic range (kT): 219.492
norm = 1, error in norm = 2.22045e-16 (1*epsilon)
Iteration wallclock: 0:03:08.187175, cputime: 0:28:38.764811


Sat Jan 13 12:13:12 2024
Iteration 1857 (2000 requested)
Beginning iteration 1857
60 segments remain in iteration 1857 (60 total)
18 of 24 (75.000000%) active bins are populated
per-bin minimum non-zero probability:       3.18645e-95
per-bin maximum probability:                0.605886
per-bin probability dynamic range (kT):     217.086
per-segment minimum non-zero probability:   4.22415e-96
per-segment maximum non-zero probability:   0.215028
per-segment probability dynamic range (kT): 218.07
norm = 1, error in norm = 2.22045e-16 (1*epsilon)
Iteration wallclock: 0:03:10.927812, cputime: 0:30:07.916845


Sat Jan 13 12:16:23 2024
Iteration 1858 (2000 requested)
Beginning iteration 1858
54 segments remain in iteration 1858 (54 total)
17 of 24 (70.833333%) active bins are populated
per-bin minimum non-zero probability:       1.10295e-95
per-bin maximum probability:                0.488893
per-bin probability dynamic range (kT):     217.932
per-segment minimum non-zero probability:   1.40805e-96
per-segment maximum non-zero probability:   0.215028
per-segment probability dynamic range (kT): 219.169
norm = 1, error in norm = 4.44089e-16 (2*epsilon)
Iteration wallclock: 0:03:08.343456, cputime: 0:27:01.621250


Sat Jan 13 12:19:31 2024
Iteration 1859 (2000 requested)
Beginning iteration 1859
57 segments remain in iteration 1859 (57 total)
19 of 24 (79.166667%) active bins are populated
per-bin minimum non-zero probability:       1.40805e-96
per-bin maximum probability:                0.387889
per-bin probability dynamic range (kT):     219.759
per-segment minimum non-zero probability:   4.6935e-97
per-segment maximum non-zero probability:   0.215028
per-segment probability dynamic range (kT): 220.268
norm = 1, error in norm = 4.44089e-16 (2*epsilon)
Iteration wallclock: 0:03:05.766748, cputime: 0:28:24.636769


Sat Jan 13 12:22:37 2024
Iteration 1860 (2000 requested)
Beginning iteration 1860
63 segments remain in iteration 1860 (63 total)
19 of 24 (79.166667%) active bins are populated
per-bin minimum non-zero probability:       1.96572e-95
per-bin maximum probability:                0.414846
per-bin probability dynamic range (kT):     217.19
per-segment minimum non-zero probability:   1.5645e-97
per-segment maximum non-zero probability:   0.212902
per-segment probability dynamic range (kT): 221.356
norm = 1, error in norm = 2.22045e-16 (1*epsilon)
Iteration wallclock: 0:03:35.052790, cputime: 0:31:29.793619


Sat Jan 13 12:26:12 2024
Iteration 1861 (2000 requested)
Beginning iteration 1861
63 segments remain in iteration 1861 (63 total)
19 of 24 (79.166667%) active bins are populated
per-bin minimum non-zero probability:       1.97699e-95
per-bin maximum probability:                0.361122
per-bin probability dynamic range (kT):     217.045
per-segment minimum non-zero probability:   3.129e-97
per-segment maximum non-zero probability:   0.212902
per-segment probability dynamic range (kT): 220.663
norm = 1, error in norm = 2.22045e-16 (1*epsilon)
Iteration wallclock: 0:03:38.412572, cputime: 0:31:34.566384


Sat Jan 13 12:29:51 2024
Iteration 1862 (2000 requested)
Beginning iteration 1862
60 segments remain in iteration 1862 (60 total)
18 of 24 (75.000000%) active bins are populated
per-bin minimum non-zero probability:       5.1616e-96
per-bin maximum probability:                0.597916
per-bin probability dynamic range (kT):     218.893
per-segment minimum non-zero probability:   1.2904e-96
per-segment maximum non-zero probability:   0.237959
per-segment probability dynamic range (kT): 219.358
norm = 1, error in norm = 2.22045e-16 (1*epsilon)
Iteration wallclock: 0:03:13.320811, cputime: 0:30:20.007954


Sat Jan 13 12:33:04 2024
Iteration 1863 (2000 requested)
Beginning iteration 1863
60 segments remain in iteration 1863 (60 total)
18 of 24 (75.000000%) active bins are populated
per-bin minimum non-zero probability:       3.8712e-96
per-bin maximum probability:                0.337813
per-bin probability dynamic range (kT):     218.609
per-segment minimum non-zero probability:   1.2904e-96
per-segment maximum non-zero probability:   0.212902
per-segment probability dynamic range (kT): 219.246
norm = 1, error in norm = 2.22045e-16 (1*epsilon)
Iteration wallclock: 0:03:03.703245, cputime: 0:30:05.606775


Sat Jan 13 12:36:08 2024
Iteration 1864 (2000 requested)
Beginning iteration 1864
63 segments remain in iteration 1864 (63 total)
19 of 24 (79.166667%) active bins are populated
per-bin minimum non-zero probability:       8.59801e-96
per-bin maximum probability:                0.357662
per-bin probability dynamic range (kT):     217.868
per-segment minimum non-zero probability:   4.45564e-97
per-segment maximum non-zero probability:   0.212902
per-segment probability dynamic range (kT): 220.31
norm = 1, error in norm = 2.22045e-16 (1*epsilon)
Iteration wallclock: 0:03:33.255015, cputime: 0:31:33.251800


Sat Jan 13 12:39:41 2024
Iteration 1865 (2000 requested)
Beginning iteration 1865
63 segments remain in iteration 1865 (63 total)
19 of 24 (79.166667%) active bins are populated
per-bin minimum non-zero probability:       6.16293e-96
per-bin maximum probability:                0.404303
per-bin probability dynamic range (kT):     218.324
per-segment minimum non-zero probability:   1.48521e-97
per-segment maximum non-zero probability:   0.212902
per-segment probability dynamic range (kT): 221.408
norm = 1, error in norm = 2.22045e-16 (1*epsilon)
Iteration wallclock: 0:03:34.596893, cputime: 0:31:37.156107


Sat Jan 13 12:43:16 2024
Iteration 1866 (2000 requested)
Beginning iteration 1866
60 segments remain in iteration 1866 (60 total)
18 of 24 (75.000000%) active bins are populated
per-bin minimum non-zero probability:       1.67065e-95
per-bin maximum probability:                0.381355
per-bin probability dynamic range (kT):     217.268
per-segment minimum non-zero probability:   4.45564e-97
per-segment maximum non-zero probability:   0.212902
per-segment probability dynamic range (kT): 220.31
norm = 1, error in norm = 4.44089e-16 (2*epsilon)
Iteration wallclock: 0:03:06.034233, cputime: 0:30:01.897806


Sat Jan 13 12:46:22 2024
Iteration 1867 (2000 requested)
Beginning iteration 1867
60 segments remain in iteration 1867 (60 total)
18 of 24 (75.000000%) active bins are populated
per-bin minimum non-zero probability:       6.77956e-96
per-bin maximum probability:                0.624263
per-bin probability dynamic range (kT):     218.663
per-segment minimum non-zero probability:   1.78749e-97
per-segment maximum non-zero probability:   0.243872
per-segment probability dynamic range (kT): 221.359
norm = 1, error in norm = 2.22045e-16 (1*epsilon)
Iteration wallclock: 0:03:08.449844, cputime: 0:30:06.807520


Sat Jan 13 12:49:30 2024
Iteration 1868 (2000 requested)
Beginning iteration 1868
57 segments remain in iteration 1868 (57 total)
17 of 24 (70.833333%) active bins are populated
per-bin minimum non-zero probability:       4.87721e-96
per-bin maximum probability:                0.581406
per-bin probability dynamic range (kT):     218.921
per-segment minimum non-zero probability:   5.95832e-98
per-segment maximum non-zero probability:   0.243872
per-segment probability dynamic range (kT): 222.457
norm = 1, error in norm = 4.44089e-16 (2*epsilon)
Iteration wallclock: 0:03:04.183869, cputime: 0:28:29.266871


Sat Jan 13 12:52:35 2024
Iteration 1869 (2000 requested)
Beginning iteration 1869
60 segments remain in iteration 1869 (60 total)
18 of 24 (75.000000%) active bins are populated
per-bin minimum non-zero probability:       2.25985e-96
per-bin maximum probability:                0.455431
per-bin probability dynamic range (kT):     219.446
per-segment minimum non-zero probability:   7.53285e-97
per-segment maximum non-zero probability:   0.243872
per-segment probability dynamic range (kT): 219.92
norm = 1, error in norm = 4.44089e-16 (2*epsilon)
Iteration wallclock: 0:03:06.126536, cputime: 0:30:06.816394


Sat Jan 13 12:55:41 2024
Iteration 1870 (2000 requested)
Beginning iteration 1870
60 segments remain in iteration 1870 (60 total)
16 of 24 (66.666667%) active bins are populated
per-bin minimum non-zero probability:       4.88407e-96
per-bin maximum probability:                0.84579
per-bin probability dynamic range (kT):     219.295
per-segment minimum non-zero probability:   2.51095e-97
per-segment maximum non-zero probability:   0.243872
per-segment probability dynamic range (kT): 221.019
norm = 1, error in norm = 2.22045e-16 (1*epsilon)
Iteration wallclock: 0:03:08.228404, cputime: 0:30:06.638977


Sat Jan 13 12:58:49 2024
Iteration 1871 (2000 requested)
Beginning iteration 1871
63 segments remain in iteration 1871 (63 total)
19 of 24 (79.166667%) active bins are populated
per-bin minimum non-zero probability:       1.09309e-95
per-bin maximum probability:                0.534849
per-bin probability dynamic range (kT):     218.031
per-segment minimum non-zero probability:   1.74605e-96
per-segment maximum non-zero probability:   0.243872
per-segment probability dynamic range (kT): 219.08
norm = 1, error in norm = 2.22045e-16 (1*epsilon)
Iteration wallclock: 0:03:32.611900, cputime: 0:31:29.806952


Sat Jan 13 13:02:22 2024
Iteration 1872 (2000 requested)
Beginning iteration 1872
57 segments remain in iteration 1872 (57 total)
17 of 24 (70.833333%) active bins are populated
per-bin minimum non-zero probability:       2.44204e-96
per-bin maximum probability:                0.509821
per-bin probability dynamic range (kT):     219.482
per-segment minimum non-zero probability:   5.82016e-97
per-segment maximum non-zero probability:   0.243872
per-segment probability dynamic range (kT): 220.178
norm = 1, error in norm = 2.22045e-16 (1*epsilon)
Iteration wallclock: 0:03:05.357958, cputime: 0:28:32.642678


Sat Jan 13 13:05:27 2024
Iteration 1873 (2000 requested)
Beginning iteration 1873
60 segments remain in iteration 1873 (60 total)
18 of 24 (75.000000%) active bins are populated
per-bin minimum non-zero probability:       8.14012e-97
per-bin maximum probability:                0.420457
per-bin probability dynamic range (kT):     220.388
per-segment minimum non-zero probability:   2.71337e-97
per-segment maximum non-zero probability:   0.150959
per-segment probability dynamic range (kT): 220.462
norm = 1, error in norm = 4.44089e-16 (2*epsilon)
Iteration wallclock: 0:03:06.971906, cputime: 0:30:09.139908


Sat Jan 13 13:08:34 2024
Iteration 1874 (2000 requested)
Beginning iteration 1874
60 segments remain in iteration 1874 (60 total)
18 of 24 (75.000000%) active bins are populated
per-bin minimum non-zero probability:       3.72295e-96
per-bin maximum probability:                0.573985
per-bin probability dynamic range (kT):     219.179
per-segment minimum non-zero probability:   1.94005e-97
per-segment maximum non-zero probability:   0.228905
per-segment probability dynamic range (kT): 221.214
norm = 1, error in norm = 4.44089e-16 (2*epsilon)
Iteration wallclock: 0:03:05.846677, cputime: 0:30:02.915980


Sat Jan 13 13:11:40 2024
Iteration 1875 (2000 requested)
Beginning iteration 1875
60 segments remain in iteration 1875 (60 total)
18 of 24 (75.000000%) active bins are populated
per-bin minimum non-zero probability:       3.71525e-96
per-bin maximum probability:                0.280581
per-bin probability dynamic range (kT):     218.465
per-segment minimum non-zero probability:   6.39729e-97
per-segment maximum non-zero probability:   0.150959
per-segment probability dynamic range (kT): 219.604
norm = 1, error in norm = 4.44089e-16 (2*epsilon)
Iteration wallclock: 0:03:05.787881, cputime: 0:30:14.763507


Sat Jan 13 13:14:46 2024
Iteration 1876 (2000 requested)
Beginning iteration 1876
63 segments remain in iteration 1876 (63 total)
19 of 24 (79.166667%) active bins are populated
per-bin minimum non-zero probability:       6.68478e-96
per-bin maximum probability:                0.327029
per-bin probability dynamic range (kT):     218.031
per-segment minimum non-zero probability:   5.04106e-97
per-segment maximum non-zero probability:   0.130631
per-segment probability dynamic range (kT): 219.698
norm = 1, error in norm = 4.44089e-16 (2*epsilon)
Iteration wallclock: 0:03:33.389227, cputime: 0:31:41.865489


Sat Jan 13 13:18:20 2024
Iteration 1877 (2000 requested)
Beginning iteration 1877
60 segments remain in iteration 1877 (60 total)
18 of 24 (75.000000%) active bins are populated
per-bin minimum non-zero probability:       1.74252e-96
per-bin maximum probability:                0.35752
per-bin probability dynamic range (kT):     219.464
per-segment minimum non-zero probability:   1.68035e-97
per-segment maximum non-zero probability:   0.130631
per-segment probability dynamic range (kT): 220.796
norm = 1, error in norm = 2.22045e-16 (1*epsilon)
Iteration wallclock: 0:03:07.939608, cputime: 0:30:22.308219


Sat Jan 13 13:21:28 2024
Iteration 1878 (2000 requested)
Beginning iteration 1878
57 segments remain in iteration 1878 (57 total)
17 of 24 (70.833333%) active bins are populated
per-bin minimum non-zero probability:       8.09477e-96
per-bin maximum probability:                0.306734
per-bin probability dynamic range (kT):     217.775
per-segment minimum non-zero probability:   2.75204e-97
per-segment maximum non-zero probability:   0.129605
per-segment probability dynamic range (kT): 220.295
norm = 1, error in norm = 2.22045e-16 (1*epsilon)
Iteration wallclock: 0:03:04.201048, cputime: 0:28:53.110588


Sat Jan 13 13:24:32 2024
Iteration 1879 (2000 requested)
Beginning iteration 1879
57 segments remain in iteration 1879 (57 total)
17 of 24 (70.833333%) active bins are populated
per-bin minimum non-zero probability:       4.88814e-96
per-bin maximum probability:                0.356191
per-bin probability dynamic range (kT):     218.429
per-segment minimum non-zero probability:   2.75204e-97
per-segment maximum non-zero probability:   0.15766
per-segment probability dynamic range (kT): 220.491
norm = 1, error in norm = 4.44089e-16 (2*epsilon)
Iteration wallclock: 0:03:06.012211, cputime: 0:28:40.453540


Sat Jan 13 13:27:38 2024
Iteration 1880 (2000 requested)
Beginning iteration 1880
66 segments remain in iteration 1880 (66 total)
20 of 24 (83.333333%) active bins are populated
per-bin minimum non-zero probability:       1.16061e-96
per-bin maximum probability:                0.432962
per-bin probability dynamic range (kT):     220.062
per-segment minimum non-zero probability:   3.8687e-97
per-segment maximum non-zero probability:   0.172463
per-segment probability dynamic range (kT): 220.24
norm = 1, error in norm = 4.44089e-16 (2*epsilon)
Iteration wallclock: 0:03:39.550432, cputime: 0:33:12.416881


Sat Jan 13 13:31:18 2024
Iteration 1881 (2000 requested)
Beginning iteration 1881
63 segments remain in iteration 1881 (63 total)
19 of 24 (79.166667%) active bins are populated
per-bin minimum non-zero probability:       1.15569e-96
per-bin maximum probability:                0.311908
per-bin probability dynamic range (kT):     219.738
per-segment minimum non-zero probability:   1.28957e-97
per-segment maximum non-zero probability:   0.172463
per-segment probability dynamic range (kT): 221.339
norm = 1, error in norm = 2.22045e-16 (1*epsilon)
Iteration wallclock: 0:03:38.964350, cputime: 0:31:53.330864


Sat Jan 13 13:34:57 2024
Iteration 1882 (2000 requested)
Beginning iteration 1882
60 segments remain in iteration 1882 (60 total)
19 of 24 (79.166667%) active bins are populated
per-bin minimum non-zero probability:       3.85231e-97
per-bin maximum probability:                0.360454
per-bin probability dynamic range (kT):     220.982
per-segment minimum non-zero probability:   4.29856e-98
per-segment maximum non-zero probability:   0.142616
per-segment probability dynamic range (kT): 222.247
norm = 1, error in norm = 2.22045e-16 (1*epsilon)
Iteration wallclock: 0:03:04.508173, cputime: 0:30:00.098478


Sat Jan 13 13:38:01 2024
Iteration 1883 (2000 requested)
Beginning iteration 1883
60 segments remain in iteration 1883 (60 total)
18 of 24 (75.000000%) active bins are populated
per-bin minimum non-zero probability:       1.76022e-96
per-bin maximum probability:                0.423499
per-bin probability dynamic range (kT):     219.624
per-segment minimum non-zero probability:   2.14928e-98
per-segment maximum non-zero probability:   0.165907
per-segment probability dynamic range (kT): 223.092
norm = 1, error in norm = 4.44089e-16 (2*epsilon)
Iteration wallclock: 0:03:05.789902, cputime: 0:30:06.603676


Sat Jan 13 13:41:07 2024
Iteration 1884 (2000 requested)
Beginning iteration 1884
57 segments remain in iteration 1884 (57 total)
17 of 24 (70.833333%) active bins are populated
per-bin minimum non-zero probability:       7.26552e-97
per-bin maximum probability:                0.521473
per-bin probability dynamic range (kT):     220.717
per-segment minimum non-zero probability:   2.14928e-98
per-segment maximum non-zero probability:   0.212949
per-segment probability dynamic range (kT): 223.342
norm = 1, error in norm = 2.22045e-16 (1*epsilon)
Iteration wallclock: 0:03:03.377012, cputime: 0:28:31.700240


Sat Jan 13 13:44:10 2024
Iteration 1885 (2000 requested)
Beginning iteration 1885
60 segments remain in iteration 1885 (60 total)
19 of 24 (79.166667%) active bins are populated
per-bin minimum non-zero probability:       2.20691e-97
per-bin maximum probability:                0.35791
per-bin probability dynamic range (kT):     221.532
per-segment minimum non-zero probability:   7.16426e-99
per-segment maximum non-zero probability:   0.212949
per-segment probability dynamic range (kT): 224.44
norm = 1, error in norm = 2.22045e-16 (1*epsilon)
Iteration wallclock: 0:03:04.533767, cputime: 0:30:12.132461


Sat Jan 13 13:47:15 2024
Iteration 1886 (2000 requested)
Beginning iteration 1886
60 segments remain in iteration 1886 (60 total)
18 of 24 (75.000000%) active bins are populated
per-bin minimum non-zero probability:       4.09262e-97
per-bin maximum probability:                0.311661
per-bin probability dynamic range (kT):     220.776
per-segment minimum non-zero probability:   7.16426e-99
per-segment maximum non-zero probability:   0.142616
per-segment probability dynamic range (kT): 224.039
norm = 1, error in norm = 2.22045e-16 (1*epsilon)
Iteration wallclock: 0:03:04.056407, cputime: 0:30:12.957646


Sat Jan 13 13:50:19 2024
Iteration 1887 (2000 requested)
Beginning iteration 1887
63 segments remain in iteration 1887 (63 total)
19 of 24 (79.166667%) active bins are populated
per-bin minimum non-zero probability:       2.01049e-97
per-bin maximum probability:                0.342075
per-bin probability dynamic range (kT):     221.58
per-segment minimum non-zero probability:   2.23388e-98
per-segment maximum non-zero probability:   0.142616
per-segment probability dynamic range (kT): 222.902
norm = 1, error in norm = 4.44089e-16 (2*epsilon)
Iteration wallclock: 0:03:33.630148, cputime: 0:31:45.652895


Sat Jan 13 13:53:53 2024
Iteration 1888 (2000 requested)
Beginning iteration 1888
60 segments remain in iteration 1888 (60 total)
19 of 24 (79.166667%) active bins are populated
per-bin minimum non-zero probability:       1.98815e-97
per-bin maximum probability:                0.382522
per-bin probability dynamic range (kT):     221.703
per-segment minimum non-zero probability:   2.23388e-98
per-segment maximum non-zero probability:   0.150488
per-segment probability dynamic range (kT): 222.956
norm = 1, error in norm = 2.22045e-16 (1*epsilon)
Iteration wallclock: 0:03:10.195277, cputime: 0:30:13.572206


Sat Jan 13 13:57:03 2024
Iteration 1889 (2000 requested)
Beginning iteration 1889
63 segments remain in iteration 1889 (63 total)
19 of 24 (79.166667%) active bins are populated
per-bin minimum non-zero probability:       4.46775e-98
per-bin maximum probability:                0.559914
per-bin probability dynamic range (kT):     223.576
per-segment minimum non-zero probability:   7.44625e-99
per-segment maximum non-zero probability:   0.242514
per-segment probability dynamic range (kT): 224.532
norm = 1, error in norm = 2.22045e-16 (1*epsilon)
Iteration wallclock: 0:03:33.677149, cputime: 0:31:43.674998


Sat Jan 13 14:00:37 2024
Iteration 1890 (2000 requested)
Beginning iteration 1890
63 segments remain in iteration 1890 (63 total)
19 of 24 (79.166667%) active bins are populated
per-bin minimum non-zero probability:       2.23388e-98
per-bin maximum probability:                0.381852
per-bin probability dynamic range (kT):     223.887
per-segment minimum non-zero probability:   2.48208e-99
per-segment maximum non-zero probability:   0.166911
per-segment probability dynamic range (kT): 225.257
norm = 1, error in norm = 4.44089e-16 (2*epsilon)
Iteration wallclock: 0:03:38.079683, cputime: 0:31:43.581609


Sat Jan 13 14:04:15 2024
Iteration 1891 (2000 requested)
Beginning iteration 1891
63 segments remain in iteration 1891 (63 total)
18 of 24 (75.000000%) active bins are populated
per-bin minimum non-zero probability:       9.92834e-99
per-bin maximum probability:                0.483303
per-bin probability dynamic range (kT):     224.933
per-segment minimum non-zero probability:   8.27362e-100
per-segment maximum non-zero probability:   0.290906
per-segment probability dynamic range (kT): 226.911
norm = 1, error in norm = 2.22045e-16 (1*epsilon)
Iteration wallclock: 0:03:30.710859, cputime: 0:31:37.181399


Sat Jan 13 14:07:46 2024
Iteration 1892 (2000 requested)
Beginning iteration 1892
63 segments remain in iteration 1892 (63 total)
19 of 24 (79.166667%) active bins are populated
per-bin minimum non-zero probability:       5.8329e-98
per-bin maximum probability:                0.483303
per-bin probability dynamic range (kT):     223.163
per-segment minimum non-zero probability:   2.75787e-100
per-segment maximum non-zero probability:   0.192397
per-segment probability dynamic range (kT): 227.596
norm = 1, error in norm = 4.44089e-16 (2*epsilon)
Iteration wallclock: 0:03:35.235080, cputime: 0:31:34.174950


Sat Jan 13 14:11:21 2024
Iteration 1893 (2000 requested)
Beginning iteration 1893
66 segments remain in iteration 1893 (66 total)
20 of 24 (83.333333%) active bins are populated
per-bin minimum non-zero probability:       3.8517e-98
per-bin maximum probability:                0.410177
per-bin probability dynamic range (kT):     223.414
per-segment minimum non-zero probability:   9.19291e-101
per-segment maximum non-zero probability:   0.166911
per-segment probability dynamic range (kT): 228.552
norm = 1, error in norm = 4.44089e-16 (2*epsilon)
Iteration wallclock: 0:03:39.458711, cputime: 0:33:11.086025


Sat Jan 13 14:15:00 2024
Iteration 1894 (2000 requested)
Beginning iteration 1894
66 segments remain in iteration 1894 (66 total)
20 of 24 (83.333333%) active bins are populated
per-bin minimum non-zero probability:       1.78832e-98
per-bin maximum probability:                0.328607
per-bin probability dynamic range (kT):     223.959
per-segment minimum non-zero probability:   4.59645e-101
per-segment maximum non-zero probability:   0.166911
per-segment probability dynamic range (kT): 229.246
norm = 1, error in norm = 4.44089e-16 (2*epsilon)
Iteration wallclock: 0:03:35.958558, cputime: 0:33:10.784096


Sat Jan 13 14:18:36 2024
Iteration 1895 (2000 requested)
Beginning iteration 1895
60 segments remain in iteration 1895 (60 total)
17 of 24 (70.833333%) active bins are populated
per-bin minimum non-zero probability:       6.08362e-99
per-bin maximum probability:                0.6535
per-bin probability dynamic range (kT):     225.725
per-segment minimum non-zero probability:   1.53215e-101
per-segment maximum non-zero probability:   0.276159
per-segment probability dynamic range (kT): 230.848
norm = 1, error in norm = 2.22045e-16 (1*epsilon)
Iteration wallclock: 0:03:08.089332, cputime: 0:30:07.058380


Sat Jan 13 14:21:45 2024
Iteration 1896 (2000 requested)
Beginning iteration 1896
57 segments remain in iteration 1896 (57 total)
18 of 24 (75.000000%) active bins are populated
per-bin minimum non-zero probability:       2.10448e-99
per-bin maximum probability:                0.454331
per-bin probability dynamic range (kT):     226.423
per-segment minimum non-zero probability:   7.01494e-100
per-segment maximum non-zero probability:   0.276159
per-segment probability dynamic range (kT): 227.024
norm = 1, error in norm = 2.22045e-16 (1*epsilon)
Iteration wallclock: 0:03:09.996955, cputime: 0:28:39.307621


Sat Jan 13 14:24:55 2024
Iteration 1897 (2000 requested)
Beginning iteration 1897
60 segments remain in iteration 1897 (60 total)
19 of 24 (79.166667%) active bins are populated
per-bin minimum non-zero probability:       7.01494e-100
per-bin maximum probability:                0.410449
per-bin probability dynamic range (kT):     227.42
per-segment minimum non-zero probability:   2.33831e-100
per-segment maximum non-zero probability:   0.166911
per-segment probability dynamic range (kT): 227.619
norm = 1, error in norm = 2.22045e-16 (1*epsilon)
Iteration wallclock: 0:03:06.931568, cputime: 0:30:14.100334


Sat Jan 13 14:28:02 2024
Iteration 1898 (2000 requested)
Beginning iteration 1898
63 segments remain in iteration 1898 (63 total)
19 of 24 (79.166667%) active bins are populated
per-bin minimum non-zero probability:       2.94988e-99
per-bin maximum probability:                0.4638
per-bin probability dynamic range (kT):     226.106
per-segment minimum non-zero probability:   1.16916e-100
per-segment maximum non-zero probability:   0.166911
per-segment probability dynamic range (kT): 228.312
norm = 1, error in norm = 4.44089e-16 (2*epsilon)
Iteration wallclock: 0:03:33.396559, cputime: 0:31:33.299238


Sat Jan 13 14:31:35 2024
Iteration 1899 (2000 requested)
Beginning iteration 1899
60 segments remain in iteration 1899 (60 total)
18 of 24 (75.000000%) active bins are populated
per-bin minimum non-zero probability:       6.90404e-99
per-bin maximum probability:                0.479592
per-bin probability dynamic range (kT):     225.289
per-segment minimum non-zero probability:   3.50747e-100
per-segment maximum non-zero probability:   0.188394
per-segment probability dynamic range (kT): 227.334
norm = 1, error in norm = 2.22045e-16 (1*epsilon)
Iteration wallclock: 0:03:07.039565, cputime: 0:30:23.618934


Sat Jan 13 14:34:42 2024
Iteration 1900 (2000 requested)
Beginning iteration 1900
66 segments remain in iteration 1900 (66 total)
20 of 24 (83.333333%) active bins are populated
per-bin minimum non-zero probability:       7.44752e-99
per-bin maximum probability:                0.490248
per-bin probability dynamic range (kT):     225.235
per-segment minimum non-zero probability:   1.5289e-99
per-segment maximum non-zero probability:   0.188394
per-segment probability dynamic range (kT): 225.862
norm = 1, error in norm = 4.44089e-16 (2*epsilon)
Iteration wallclock: 0:03:41.792380, cputime: 0:33:23.805163


Sat Jan 13 14:38:24 2024
Iteration 1901 (2000 requested)
Beginning iteration 1901
60 segments remain in iteration 1901 (60 total)
18 of 24 (75.000000%) active bins are populated
per-bin minimum non-zero probability:       4.88208e-99
per-bin maximum probability:                0.574186
per-bin probability dynamic range (kT):     225.816
per-segment minimum non-zero probability:   6.48565e-100
per-segment maximum non-zero probability:   0.218881
per-segment probability dynamic range (kT): 226.87
norm = 1, error in norm = 4.44089e-16 (2*epsilon)
Iteration wallclock: 0:03:05.476561, cputime: 0:30:16.757425


Sat Jan 13 14:41:29 2024
Iteration 1902 (2000 requested)
Beginning iteration 1902
60 segments remain in iteration 1902 (60 total)
18 of 24 (75.000000%) active bins are populated
per-bin minimum non-zero probability:       1.48398e-99
per-bin maximum probability:                0.333891
per-bin probability dynamic range (kT):     226.464
per-segment minimum non-zero probability:   2.16188e-100
per-segment maximum non-zero probability:   0.166911
per-segment probability dynamic range (kT): 227.697
norm = 1, error in norm = 4.44089e-16 (2*epsilon)
Iteration wallclock: 0:03:08.178855, cputime: 0:30:06.679761


Sat Jan 13 14:44:38 2024
Iteration 1903 (2000 requested)
Beginning iteration 1903
51 segments remain in iteration 1903 (51 total)
17 of 24 (70.833333%) active bins are populated
per-bin minimum non-zero probability:       4.9466e-100
per-bin maximum probability:                0.439894
per-bin probability dynamic range (kT):     227.839
per-segment minimum non-zero probability:   1.64887e-100
per-segment maximum non-zero probability:   0.166911
per-segment probability dynamic range (kT): 227.968
norm = 1, error in norm = 2.22045e-16 (1*epsilon)
Iteration wallclock: 0:02:56.945870, cputime: 0:25:26.227685


Sat Jan 13 14:47:35 2024
Iteration 1904 (2000 requested)
Beginning iteration 1904
48 segments remain in iteration 1904 (48 total)
16 of 24 (66.666667%) active bins are populated
per-bin minimum non-zero probability:       5.51668e-100
per-bin maximum probability:                0.36402
per-bin probability dynamic range (kT):     227.54
per-segment minimum non-zero probability:   1.83889e-100
per-segment maximum non-zero probability:   0.166911
per-segment probability dynamic range (kT): 227.859
norm = 1, error in norm = 4.44089e-16 (2*epsilon)
Iteration wallclock: 0:02:27.903099, cputime: 0:23:53.639804


Sat Jan 13 14:50:03 2024
Iteration 1905 (2000 requested)
Beginning iteration 1905
63 segments remain in iteration 1905 (63 total)
19 of 24 (79.166667%) active bins are populated
per-bin minimum non-zero probability:       2.71227e-100
per-bin maximum probability:                0.236471
per-bin probability dynamic range (kT):     227.819
per-segment minimum non-zero probability:   9.04089e-101
per-segment maximum non-zero probability:   0.136189
per-segment probability dynamic range (kT): 228.366
norm = 1, error in norm = 2.22045e-16 (1*epsilon)
Iteration wallclock: 0:03:35.740239, cputime: 0:31:37.660215


Sat Jan 13 14:53:38 2024
Iteration 1906 (2000 requested)
Beginning iteration 1906
63 segments remain in iteration 1906 (63 total)
19 of 24 (79.166667%) active bins are populated
per-bin minimum non-zero probability:       4.2527e-99
per-bin maximum probability:                0.438043
per-bin probability dynamic range (kT):     225.683
per-segment minimum non-zero probability:   6.39566e-100
per-segment maximum non-zero probability:   0.196562
per-segment probability dynamic range (kT): 226.776
norm = 1, error in norm = 4.44089e-16 (2*epsilon)
Iteration wallclock: 0:03:40.275843, cputime: 0:31:36.927929


Sat Jan 13 14:57:19 2024
Iteration 1907 (2000 requested)
Beginning iteration 1907
60 segments remain in iteration 1907 (60 total)
18 of 24 (75.000000%) active bins are populated
per-bin minimum non-zero probability:       8.34472e-99
per-bin maximum probability:                0.608661
per-bin probability dynamic range (kT):     225.338
per-segment minimum non-zero probability:   1.12918e-99
per-segment maximum non-zero probability:   0.259298
per-segment probability dynamic range (kT): 226.485
norm = 1, error in norm = 2.22045e-16 (1*epsilon)
Iteration wallclock: 0:03:08.194092, cputime: 0:30:06.751998


Sat Jan 13 15:00:27 2024
Iteration 1908 (2000 requested)
Beginning iteration 1908
60 segments remain in iteration 1908 (60 total)
18 of 24 (75.000000%) active bins are populated
per-bin minimum non-zero probability:       4.1071e-99
per-bin maximum probability:                0.278801
per-bin probability dynamic range (kT):     225.266
per-segment minimum non-zero probability:   4.26378e-100
per-segment maximum non-zero probability:   0.152801
per-segment probability dynamic range (kT): 226.93
norm = 1, error in norm = 4.44089e-16 (2*epsilon)
Iteration wallclock: 0:03:13.502341, cputime: 0:30:05.556000


Sat Jan 13 15:03:41 2024
Iteration 1909 (2000 requested)
Beginning iteration 1909
63 segments remain in iteration 1909 (63 total)
19 of 24 (79.166667%) active bins are populated
per-bin minimum non-zero probability:       8.52755e-100
per-bin maximum probability:                0.515041
per-bin probability dynamic range (kT):     227.452
per-segment minimum non-zero probability:   1.42126e-100
per-segment maximum non-zero probability:   0.20472
per-segment probability dynamic range (kT): 228.321
norm = 1, error in norm = 4.44089e-16 (2*epsilon)
Iteration wallclock: 0:03:31.977357, cputime: 0:31:42.599780


Sat Jan 13 15:07:13 2024
Iteration 1910 (2000 requested)
Beginning iteration 1910
63 segments remain in iteration 1910 (63 total)
19 of 24 (79.166667%) active bins are populated
per-bin minimum non-zero probability:       3.67993e-99
per-bin maximum probability:                0.556997
per-bin probability dynamic range (kT):     226.068
per-segment minimum non-zero probability:   1.42126e-100
per-segment maximum non-zero probability:   0.20472
per-segment probability dynamic range (kT): 228.321
norm = 1, error in norm = 4.44089e-16 (2*epsilon)
Iteration wallclock: 0:03:29.934422, cputime: 0:31:40.811253


Sat Jan 13 15:10:43 2024
Iteration 1911 (2000 requested)
Beginning iteration 1911
63 segments remain in iteration 1911 (63 total)
19 of 24 (79.166667%) active bins are populated
per-bin minimum non-zero probability:       1.5504e-99
per-bin maximum probability:                0.551013
per-bin probability dynamic range (kT):     226.921
per-segment minimum non-zero probability:   5.16799e-100
per-segment maximum non-zero probability:   0.20472
per-segment probability dynamic range (kT): 227.03
norm = 1, error in norm = 4.44089e-16 (2*epsilon)
Iteration wallclock: 0:03:31.904447, cputime: 0:31:34.320600


Sat Jan 13 15:14:15 2024
Iteration 1912 (2000 requested)
Beginning iteration 1912
63 segments remain in iteration 1912 (63 total)
20 of 24 (83.333333%) active bins are populated
per-bin minimum non-zero probability:       2.37478e-99
per-bin maximum probability:                0.499802
per-bin probability dynamic range (kT):     226.397
per-segment minimum non-zero probability:   3.09664e-100
per-segment maximum non-zero probability:   0.20472
per-segment probability dynamic range (kT): 227.542
norm = 1, error in norm = 4.44089e-16 (2*epsilon)
Iteration wallclock: 0:03:33.473485, cputime: 0:31:42.213979


Sat Jan 13 15:17:48 2024
Iteration 1913 (2000 requested)
Beginning iteration 1913
63 segments remain in iteration 1913 (63 total)
20 of 24 (83.333333%) active bins are populated
per-bin minimum non-zero probability:       1.08382e-99
per-bin maximum probability:                0.485164
per-bin probability dynamic range (kT):     227.152
per-segment minimum non-zero probability:   1.03221e-100
per-segment maximum non-zero probability:   0.20472
per-segment probability dynamic range (kT): 228.641
norm = 1, error in norm = 2.22045e-16 (1*epsilon)
Iteration wallclock: 0:03:33.024030, cputime: 0:31:43.562612


Sat Jan 13 15:21:21 2024
Iteration 1914 (2000 requested)
Beginning iteration 1914
60 segments remain in iteration 1914 (60 total)
18 of 24 (75.000000%) active bins are populated
per-bin minimum non-zero probability:       5.05214e-99
per-bin maximum probability:                0.470068
per-bin probability dynamic range (kT):     225.581
per-segment minimum non-zero probability:   1.03221e-100
per-segment maximum non-zero probability:   0.20472
per-segment probability dynamic range (kT): 228.641
norm = 1, error in norm = 2.22045e-16 (1*epsilon)
Iteration wallclock: 0:03:08.743035, cputime: 0:30:24.529333


Sat Jan 13 15:24:30 2024
Iteration 1915 (2000 requested)
Beginning iteration 1915
60 segments remain in iteration 1915 (60 total)
18 of 24 (75.000000%) active bins are populated
per-bin minimum non-zero probability:       1.89049e-99
per-bin maximum probability:                0.451437
per-bin probability dynamic range (kT):     226.524
per-segment minimum non-zero probability:   4.64726e-100
per-segment maximum non-zero probability:   0.20472
per-segment probability dynamic range (kT): 227.136
norm = 1, error in norm = 2.22045e-16 (1*epsilon)
Iteration wallclock: 0:03:04.362862, cputime: 0:30:23.535868


Sat Jan 13 15:27:35 2024
Iteration 1916 (2000 requested)
Beginning iteration 1916
57 segments remain in iteration 1916 (57 total)
18 of 24 (75.000000%) active bins are populated
per-bin minimum non-zero probability:       6.71169e-100
per-bin maximum probability:                0.452701
per-bin probability dynamic range (kT):     227.562
per-segment minimum non-zero probability:   2.23723e-100
per-segment maximum non-zero probability:   0.20472
per-segment probability dynamic range (kT): 227.867
norm = 1, error in norm = 4.44089e-16 (2*epsilon)
Iteration wallclock: 0:03:05.488619, cputime: 0:28:51.236375


Sat Jan 13 15:30:40 2024
Iteration 1917 (2000 requested)
Beginning iteration 1917
60 segments remain in iteration 1917 (60 total)
18 of 24 (75.000000%) active bins are populated
per-bin minimum non-zero probability:       2.11713e-99
per-bin maximum probability:                0.414753
per-bin probability dynamic range (kT):     226.326
per-segment minimum non-zero probability:   7.45743e-101
per-segment maximum non-zero probability:   0.20472
per-segment probability dynamic range (kT): 228.966
norm = 1, error in norm = 2.22045e-16 (1*epsilon)
Iteration wallclock: 0:03:08.221936, cputime: 0:30:20.528883


Sat Jan 13 15:33:48 2024
Iteration 1918 (2000 requested)
Beginning iteration 1918
57 segments remain in iteration 1918 (57 total)
18 of 24 (75.000000%) active bins are populated
per-bin minimum non-zero probability:       7.05711e-100
per-bin maximum probability:                0.426649
per-bin probability dynamic range (kT):     227.453
per-segment minimum non-zero probability:   2.35237e-100
per-segment maximum non-zero probability:   0.20472
per-segment probability dynamic range (kT): 227.817
norm = 1, error in norm = 4.44089e-16 (2*epsilon)
Iteration wallclock: 0:03:02.887950, cputime: 0:28:55.021568


Sat Jan 13 15:36:51 2024
Iteration 1919 (2000 requested)
Beginning iteration 1919
60 segments remain in iteration 1919 (60 total)
19 of 24 (79.166667%) active bins are populated
per-bin minimum non-zero probability:       2.35237e-100
per-bin maximum probability:                0.495435
per-bin probability dynamic range (kT):     228.701
per-segment minimum non-zero probability:   7.84123e-101
per-segment maximum non-zero probability:   0.232544
per-segment probability dynamic range (kT): 229.043
norm = 1, error in norm = 4.44089e-16 (2*epsilon)
Iteration wallclock: 0:03:07.833167, cputime: 0:30:27.029703


Sat Jan 13 15:39:59 2024
Iteration 1920 (2000 requested)
Beginning iteration 1920
60 segments remain in iteration 1920 (60 total)
19 of 24 (79.166667%) active bins are populated
per-bin minimum non-zero probability:       2.22289e-100
per-bin maximum probability:                0.494522
per-bin probability dynamic range (kT):     228.756
per-segment minimum non-zero probability:   7.19382e-101
per-segment maximum non-zero probability:   0.232544
per-segment probability dynamic range (kT): 229.129
norm = 1, error in norm = 4.44089e-16 (2*epsilon)
Iteration wallclock: 0:03:07.043972, cputime: 0:30:31.845660


Sat Jan 13 15:43:06 2024
Iteration 1921 (2000 requested)
Beginning iteration 1921
57 segments remain in iteration 1921 (57 total)
17 of 24 (70.833333%) active bins are populated
per-bin minimum non-zero probability:       2.2455e-100
per-bin maximum probability:                0.315692
per-bin probability dynamic range (kT):     228.297
per-segment minimum non-zero probability:   7.485e-101
per-segment maximum non-zero probability:   0.13648
per-segment probability dynamic range (kT): 228.557
norm = 1, error in norm = 4.44089e-16 (2*epsilon)
Iteration wallclock: 0:03:06.560494, cputime: 0:29:03.711735


Sat Jan 13 15:46:13 2024
Iteration 1922 (2000 requested)
Beginning iteration 1922
60 segments remain in iteration 1922 (60 total)
19 of 24 (79.166667%) active bins are populated
per-bin minimum non-zero probability:       7.485e-101
per-bin maximum probability:                0.315382
per-bin probability dynamic range (kT):     229.394
per-segment minimum non-zero probability:   2.495e-101
per-segment maximum non-zero probability:   0.13648
per-segment probability dynamic range (kT): 229.655
norm = 1, error in norm = 2.22045e-16 (1*epsilon)
Iteration wallclock: 0:03:07.203161, cputime: 0:30:32.750648


Sat Jan 13 15:49:20 2024
Iteration 1923 (2000 requested)
Beginning iteration 1923
63 segments remain in iteration 1923 (63 total)
19 of 24 (79.166667%) active bins are populated
per-bin minimum non-zero probability:       5.75506e-100
per-bin maximum probability:                0.257937
per-bin probability dynamic range (kT):     227.153
per-segment minimum non-zero probability:   7.485e-101
per-segment maximum non-zero probability:   0.125498
per-segment probability dynamic range (kT): 228.473
norm = 1, error in norm = 4.44089e-16 (2*epsilon)
Iteration wallclock: 0:03:35.386121, cputime: 0:31:50.709887


Sat Jan 13 15:52:55 2024
Iteration 1924 (2000 requested)
Beginning iteration 1924
63 segments remain in iteration 1924 (63 total)
19 of 24 (79.166667%) active bins are populated
per-bin minimum non-zero probability:       2.87753e-100
per-bin maximum probability:                0.325428
per-bin probability dynamic range (kT):     228.079
per-segment minimum non-zero probability:   7.485e-101
per-segment maximum non-zero probability:   0.125498
per-segment probability dynamic range (kT): 228.473
norm = 1, error in norm = 2.22045e-16 (1*epsilon)
Iteration wallclock: 0:03:36.129556, cputime: 0:31:44.686289


Sat Jan 13 15:56:32 2024
Iteration 1925 (2000 requested)
Beginning iteration 1925
63 segments remain in iteration 1925 (63 total)
19 of 24 (79.166667%) active bins are populated
per-bin minimum non-zero probability:       9.59176e-101
per-bin maximum probability:                0.735176
per-bin probability dynamic range (kT):     229.993
per-segment minimum non-zero probability:   3.19725e-101
per-segment maximum non-zero probability:   0.29726
per-segment probability dynamic range (kT): 230.186
norm = 1, error in norm = 4.44089e-16 (2*epsilon)
Iteration wallclock: 0:03:40.576782, cputime: 0:31:59.412453


Sat Jan 13 16:00:12 2024
Iteration 1926 (2000 requested)
Beginning iteration 1926
57 segments remain in iteration 1926 (57 total)
18 of 24 (75.000000%) active bins are populated
per-bin minimum non-zero probability:       3.19725e-101
per-bin maximum probability:                0.506772
per-bin probability dynamic range (kT):     230.719
per-segment minimum non-zero probability:   1.06575e-101
per-segment maximum non-zero probability:   0.29726
per-segment probability dynamic range (kT): 231.284
norm = 1, error in norm = 4.44089e-16 (2*epsilon)
Iteration wallclock: 0:03:08.357184, cputime: 0:28:52.423357


Sat Jan 13 16:03:21 2024
Iteration 1927 (2000 requested)
Beginning iteration 1927
54 segments remain in iteration 1927 (54 total)
18 of 24 (75.000000%) active bins are populated
per-bin minimum non-zero probability:       9.24621e-101
per-bin maximum probability:                0.636734
per-bin probability dynamic range (kT):     229.885
per-segment minimum non-zero probability:   3.08207e-101
per-segment maximum non-zero probability:   0.29726
per-segment probability dynamic range (kT): 230.222
norm = 1, error in norm = 4.44089e-16 (2*epsilon)
Iteration wallclock: 0:03:06.579681, cputime: 0:27:24.844930


Sat Jan 13 16:06:27 2024
Iteration 1928 (2000 requested)
Beginning iteration 1928
63 segments remain in iteration 1928 (63 total)
20 of 24 (83.333333%) active bins are populated
per-bin minimum non-zero probability:       3.08207e-101
per-bin maximum probability:                0.765232
per-bin probability dynamic range (kT):     231.168
per-segment minimum non-zero probability:   1.02736e-101
per-segment maximum non-zero probability:   0.29726
per-segment probability dynamic range (kT): 231.321
norm = 1, error in norm = 4.44089e-16 (2*epsilon)
Iteration wallclock: 0:03:37.449498, cputime: 0:31:54.437266


Sat Jan 13 16:10:05 2024
Iteration 1929 (2000 requested)
Beginning iteration 1929
63 segments remain in iteration 1929 (63 total)
19 of 24 (79.166667%) active bins are populated
per-bin minimum non-zero probability:       1.02736e-101
per-bin maximum probability:                0.307813
per-bin probability dynamic range (kT):     231.356
per-segment minimum non-zero probability:   3.42452e-102
per-segment maximum non-zero probability:   0.1498
per-segment probability dynamic range (kT): 231.734
norm = 1, error in norm = 4.44089e-16 (2*epsilon)
Iteration wallclock: 0:03:37.569349, cputime: 0:31:41.737507


Sat Jan 13 16:13:43 2024
Iteration 1930 (2000 requested)
Beginning iteration 1930
60 segments remain in iteration 1930 (60 total)
18 of 24 (75.000000%) active bins are populated
per-bin minimum non-zero probability:       3.42452e-102
per-bin maximum probability:                0.542505
per-bin probability dynamic range (kT):     233.021
per-segment minimum non-zero probability:   1.14151e-102
per-segment maximum non-zero probability:   0.227472
per-segment probability dynamic range (kT): 233.251
norm = 1, error in norm = 4.44089e-16 (2*epsilon)
Iteration wallclock: 0:03:06.674748, cputime: 0:30:12.982808


Sat Jan 13 16:16:49 2024
Iteration 1931 (2000 requested)
Beginning iteration 1931
57 segments remain in iteration 1931 (57 total)
18 of 24 (75.000000%) active bins are populated
per-bin minimum non-zero probability:       1.38268e-100
per-bin maximum probability:                0.607064
per-bin probability dynamic range (kT):     229.435
per-segment minimum non-zero probability:   3.80502e-103
per-segment maximum non-zero probability:   0.236027
per-segment probability dynamic range (kT): 234.386
norm = 1, error in norm = 4.44089e-16 (2*epsilon)
Iteration wallclock: 0:03:03.652772, cputime: 0:28:48.530679


Sat Jan 13 16:19:53 2024
Iteration 1932 (2000 requested)
Beginning iteration 1932
60 segments remain in iteration 1932 (60 total)
18 of 24 (75.000000%) active bins are populated
per-bin minimum non-zero probability:       1.5224e-100
per-bin maximum probability:                0.328315
per-bin probability dynamic range (kT):     228.724
per-segment minimum non-zero probability:   7.61005e-103
per-segment maximum non-zero probability:   0.143565
per-segment probability dynamic range (kT): 233.196
norm = 1, error in norm = 4.44089e-16 (2*epsilon)
Iteration wallclock: 0:03:07.798730, cputime: 0:30:24.198526


Sat Jan 13 16:23:01 2024
Iteration 1933 (2000 requested)
Beginning iteration 1933
57 segments remain in iteration 1933 (57 total)
17 of 24 (70.833333%) active bins are populated
per-bin minimum non-zero probability:       2.9309e-100
per-bin maximum probability:                0.36924
per-bin probability dynamic range (kT):     228.187
per-segment minimum non-zero probability:   2.53668e-103
per-segment maximum non-zero probability:   0.158043
per-segment probability dynamic range (kT): 234.391
norm = 1, error in norm = 4.44089e-16 (2*epsilon)
Iteration wallclock: 0:03:02.354430, cputime: 0:28:43.733488


Sat Jan 13 16:26:03 2024
Iteration 1934 (2000 requested)
Beginning iteration 1934
57 segments remain in iteration 1934 (57 total)
17 of 24 (70.833333%) active bins are populated
per-bin minimum non-zero probability:       5.07336e-103
per-bin maximum probability:                0.545852
per-bin probability dynamic range (kT):     234.937
per-segment minimum non-zero probability:   8.45561e-104
per-segment maximum non-zero probability:   0.234314
per-segment probability dynamic range (kT): 235.883
norm = 1, error in norm = 4.44089e-16 (2*epsilon)
Iteration wallclock: 0:03:05.419282, cputime: 0:28:47.646647


Sat Jan 13 16:29:09 2024
Iteration 1935 (2000 requested)
Beginning iteration 1935
57 segments remain in iteration 1935 (57 total)
19 of 24 (79.166667%) active bins are populated
per-bin minimum non-zero probability:       8.45561e-104
per-bin maximum probability:                0.488851
per-bin probability dynamic range (kT):     236.618
per-segment minimum non-zero probability:   2.81854e-104
per-segment maximum non-zero probability:   0.234314
per-segment probability dynamic range (kT): 236.982
norm = 1, error in norm = 4.44089e-16 (2*epsilon)
Iteration wallclock: 0:03:06.056415, cputime: 0:28:47.520095


Sat Jan 13 16:32:15 2024
Iteration 1936 (2000 requested)
Beginning iteration 1936
60 segments remain in iteration 1936 (60 total)
18 of 24 (75.000000%) active bins are populated
per-bin minimum non-zero probability:       4.54927e-100
per-bin maximum probability:                0.502043
per-bin probability dynamic range (kT):     228.054
per-segment minimum non-zero probability:   9.39512e-105
per-segment maximum non-zero probability:   0.234314
per-segment probability dynamic range (kT): 238.08
norm = 1, error in norm = 4.44089e-16 (2*epsilon)
Iteration wallclock: 0:03:07.316817, cputime: 0:30:16.196439


Sat Jan 13 16:35:22 2024
Iteration 1937 (2000 requested)
Beginning iteration 1937
60 segments remain in iteration 1937 (60 total)
18 of 24 (75.000000%) active bins are populated
per-bin minimum non-zero probability:       4.54927e-100
per-bin maximum probability:                0.594768
per-bin probability dynamic range (kT):     228.224
per-segment minimum non-zero probability:   3.13171e-105
per-segment maximum non-zero probability:   0.234314
per-segment probability dynamic range (kT): 239.179
norm = 1, error in norm = 4.44089e-16 (2*epsilon)
Iteration wallclock: 0:03:07.171270, cputime: 0:30:11.976356


Sat Jan 13 16:38:30 2024
Iteration 1938 (2000 requested)
Beginning iteration 1938
57 segments remain in iteration 1938 (57 total)
17 of 24 (70.833333%) active bins are populated
per-bin minimum non-zero probability:       1.51645e-100
per-bin maximum probability:                0.441961
per-bin probability dynamic range (kT):     229.026
per-segment minimum non-zero probability:   1.0439e-105
per-segment maximum non-zero probability:   0.234314
per-segment probability dynamic range (kT): 240.277
norm = 1, error in norm = 4.44089e-16 (2*epsilon)
Iteration wallclock: 0:03:05.198284, cputime: 0:28:42.243015


Sat Jan 13 16:41:35 2024
Iteration 1939 (2000 requested)
Beginning iteration 1939
60 segments remain in iteration 1939 (60 total)
19 of 24 (79.166667%) active bins are populated
per-bin minimum non-zero probability:       4.16447e-100
per-bin maximum probability:                0.445228
per-bin probability dynamic range (kT):     228.023
per-segment minimum non-zero probability:   3.47967e-106
per-segment maximum non-zero probability:   0.234314
per-segment probability dynamic range (kT): 241.376
norm = 1, error in norm = 4.44089e-16 (2*epsilon)
Iteration wallclock: 0:03:07.557572, cputime: 0:30:23.998885


Sat Jan 13 16:44:42 2024
Iteration 1940 (2000 requested)
Beginning iteration 1940
54 segments remain in iteration 1940 (54 total)
17 of 24 (70.833333%) active bins are populated
per-bin minimum non-zero probability:       6.95935e-106
per-bin maximum probability:                0.848775
per-bin probability dynamic range (kT):     241.97
per-segment minimum non-zero probability:   1.73984e-106
per-segment maximum non-zero probability:   0.396866
per-segment probability dynamic range (kT): 242.596
norm = 1, error in norm = 4.44089e-16 (2*epsilon)
Iteration wallclock: 0:03:06.656437, cputime: 0:27:06.511806


Sat Jan 13 16:47:49 2024
Iteration 1941 (2000 requested)
Beginning iteration 1941
57 segments remain in iteration 1941 (57 total)
18 of 24 (75.000000%) active bins are populated
per-bin minimum non-zero probability:       4.00318e-100
per-bin maximum probability:                0.410759
per-bin probability dynamic range (kT):     227.982
per-segment minimum non-zero probability:   1.73984e-106
per-segment maximum non-zero probability:   0.146182
per-segment probability dynamic range (kT): 241.597
norm = 1, error in norm = 4.44089e-16 (2*epsilon)
Iteration wallclock: 0:03:04.355416, cputime: 0:28:31.854791


Sat Jan 13 16:50:54 2024
Iteration 1942 (2000 requested)
Beginning iteration 1942
51 segments remain in iteration 1942 (51 total)
15 of 24 (62.500000%) active bins are populated
per-bin minimum non-zero probability:       3.83689e-100
per-bin maximum probability:                0.410759
per-bin probability dynamic range (kT):     228.024
per-segment minimum non-zero probability:   1.13901e-100
per-segment maximum non-zero probability:   0.146182
per-segment probability dynamic range (kT): 228.205
norm = 1, error in norm = 4.44089e-16 (2*epsilon)
Iteration wallclock: 0:02:59.929821, cputime: 0:25:30.004911


Sat Jan 13 16:53:54 2024
Iteration 1943 (2000 requested)
Beginning iteration 1943
51 segments remain in iteration 1943 (51 total)
15 of 24 (62.500000%) active bins are populated
per-bin minimum non-zero probability:       8.45949e-100
per-bin maximum probability:                0.48922
per-bin probability dynamic range (kT):     227.408
per-segment minimum non-zero probability:   1.50401e-100
per-segment maximum non-zero probability:   0.200249
per-segment probability dynamic range (kT): 228.242
norm = 1, error in norm = 4.44089e-16 (2*epsilon)
Iteration wallclock: 0:02:57.849609, cputime: 0:25:33.648052


Sat Jan 13 16:56:52 2024
Iteration 1944 (2000 requested)
Beginning iteration 1944
54 segments remain in iteration 1944 (54 total)
17 of 24 (70.833333%) active bins are populated
per-bin minimum non-zero probability:       1.96877e-100
per-bin maximum probability:                0.491389
per-bin probability dynamic range (kT):     228.871
per-segment minimum non-zero probability:   6.56258e-101
per-segment maximum non-zero probability:   0.214849
per-segment probability dynamic range (kT): 229.142
norm = 1, error in norm = 4.44089e-16 (2*epsilon)
Iteration wallclock: 0:03:07.263329, cputime: 0:27:05.216771


Sat Jan 13 16:59:59 2024
Iteration 1945 (2000 requested)
Beginning iteration 1945
57 segments remain in iteration 1945 (57 total)
18 of 24 (75.000000%) active bins are populated
per-bin minimum non-zero probability:       6.56258e-101
per-bin maximum probability:                0.70439
per-bin probability dynamic range (kT):     230.329
per-segment minimum non-zero probability:   2.18753e-101
per-segment maximum non-zero probability:   0.288971
per-segment probability dynamic range (kT): 230.537
norm = 1, error in norm = 4.44089e-16 (2*epsilon)
Iteration wallclock: 0:03:05.289103, cputime: 0:28:38.936677


Sat Jan 13 17:03:05 2024
Iteration 1946 (2000 requested)
Beginning iteration 1946
66 segments remain in iteration 1946 (66 total)
20 of 24 (83.333333%) active bins are populated
per-bin minimum non-zero probability:       1.20424e-100
per-bin maximum probability:                0.300703
per-bin probability dynamic range (kT):     228.871
per-segment minimum non-zero probability:   2.18753e-101
per-segment maximum non-zero probability:   0.133714
per-segment probability dynamic range (kT): 229.766
norm = 1, error in norm = 4.44089e-16 (2*epsilon)
Iteration wallclock: 0:03:40.370667, cputime: 0:33:05.723400


Sat Jan 13 17:06:45 2024
Iteration 1947 (2000 requested)
Beginning iteration 1947
63 segments remain in iteration 1947 (63 total)
19 of 24 (79.166667%) active bins are populated
per-bin minimum non-zero probability:       5.01337e-101
per-bin maximum probability:                0.321042
per-bin probability dynamic range (kT):     229.813
per-segment minimum non-zero probability:   1.67112e-101
per-segment maximum non-zero probability:   0.133714
per-segment probability dynamic range (kT): 230.036
norm = 1, error in norm = 6.66134e-16 (3*epsilon)
Iteration wallclock: 0:03:33.256267, cputime: 0:31:36.451164


Sat Jan 13 17:10:18 2024
Iteration 1948 (2000 requested)
Beginning iteration 1948
63 segments remain in iteration 1948 (63 total)
19 of 24 (79.166667%) active bins are populated
per-bin minimum non-zero probability:       2.18753e-101
per-bin maximum probability:                0.435812
per-bin probability dynamic range (kT):     230.948
per-segment minimum non-zero probability:   7.29176e-102
per-segment maximum non-zero probability:   0.196457
per-segment probability dynamic range (kT): 231.25
norm = 1, error in norm = 6.66134e-16 (3*epsilon)
Iteration wallclock: 0:03:34.893153, cputime: 0:31:43.062678


Sat Jan 13 17:13:53 2024
Iteration 1949 (2000 requested)
Beginning iteration 1949
60 segments remain in iteration 1949 (60 total)
18 of 24 (75.000000%) active bins are populated
per-bin minimum non-zero probability:       1.26416e-100
per-bin maximum probability:                0.466826
per-bin probability dynamic range (kT):     229.262
per-segment minimum non-zero probability:   7.02309e-102
per-segment maximum non-zero probability:   0.196457
per-segment probability dynamic range (kT): 231.287
norm = 1, error in norm = 4.44089e-16 (2*epsilon)
Iteration wallclock: 0:03:06.595235, cputime: 0:30:06.573035


Sat Jan 13 17:17:00 2024
Iteration 1950 (2000 requested)
Beginning iteration 1950
57 segments remain in iteration 1950 (57 total)
18 of 24 (75.000000%) active bins are populated
per-bin minimum non-zero probability:       4.21385e-101
per-bin maximum probability:                0.431433
per-bin probability dynamic range (kT):     230.282
per-segment minimum non-zero probability:   4.68206e-102
per-segment maximum non-zero probability:   0.196457
per-segment probability dynamic range (kT): 231.693
norm = 1, error in norm = 4.44089e-16 (2*epsilon)
Iteration wallclock: 0:03:10.884106, cputime: 0:28:32.876851


Sat Jan 13 17:20:11 2024
Iteration 1951 (2000 requested)
Beginning iteration 1951
54 segments remain in iteration 1951 (54 total)
18 of 24 (75.000000%) active bins are populated
per-bin minimum non-zero probability:       4.68206e-102
per-bin maximum probability:                0.477918
per-bin probability dynamic range (kT):     232.582
per-segment minimum non-zero probability:   1.56069e-102
per-segment maximum non-zero probability:   0.196457
per-segment probability dynamic range (kT): 232.791
norm = 1, error in norm = 4.44089e-16 (2*epsilon)
Iteration wallclock: 0:03:06.529799, cputime: 0:26:58.909030


Sat Jan 13 17:23:18 2024
Iteration 1952 (2000 requested)
Beginning iteration 1952
60 segments remain in iteration 1952 (60 total)
18 of 24 (75.000000%) active bins are populated
per-bin minimum non-zero probability:       7.80343e-102
per-bin maximum probability:                0.536378
per-bin probability dynamic range (kT):     232.186
per-segment minimum non-zero probability:   5.20229e-103
per-segment maximum non-zero probability:   0.227397
per-segment probability dynamic range (kT): 234.036
norm = 1, error in norm = 4.44089e-16 (2*epsilon)
Iteration wallclock: 0:03:12.080134, cputime: 0:30:07.500724


Sat Jan 13 17:26:30 2024
Iteration 1953 (2000 requested)
Beginning iteration 1953
57 segments remain in iteration 1953 (57 total)
18 of 24 (75.000000%) active bins are populated
per-bin minimum non-zero probability:       1.56069e-102
per-bin maximum probability:                0.462933
per-bin probability dynamic range (kT):     233.648
per-segment minimum non-zero probability:   1.7341e-103
per-segment maximum non-zero probability:   0.165749
per-segment probability dynamic range (kT): 234.818
norm = 1, error in norm = 4.44089e-16 (2*epsilon)
Iteration wallclock: 0:03:03.951846, cputime: 0:28:35.673654


Sat Jan 13 17:29:34 2024
Iteration 1954 (2000 requested)
Beginning iteration 1954
60 segments remain in iteration 1954 (60 total)
19 of 24 (79.166667%) active bins are populated
per-bin minimum non-zero probability:       3.69362e-101
per-bin maximum probability:                0.448782
per-bin probability dynamic range (kT):     230.453
per-segment minimum non-zero probability:   1.23121e-101
per-segment maximum non-zero probability:   0.165749
per-segment probability dynamic range (kT): 230.556
norm = 1, error in norm = 6.66134e-16 (3*epsilon)
Iteration wallclock: 0:03:10.821914, cputime: 0:30:07.033053


Sat Jan 13 17:32:45 2024
Iteration 1955 (2000 requested)
Beginning iteration 1955
66 segments remain in iteration 1955 (66 total)
19 of 24 (79.166667%) active bins are populated
per-bin minimum non-zero probability:       5.18818e-100
per-bin maximum probability:                0.510856
per-bin probability dynamic range (kT):     227.94
per-segment minimum non-zero probability:   1.0578e-101
per-segment maximum non-zero probability:   0.165749
per-segment probability dynamic range (kT): 230.708
norm = 1, error in norm = 4.44089e-16 (2*epsilon)
Iteration wallclock: 0:03:40.606066, cputime: 0:33:09.871714


Sat Jan 13 17:36:25 2024
Iteration 1956 (2000 requested)
Beginning iteration 1956
63 segments remain in iteration 1956 (63 total)
20 of 24 (83.333333%) active bins are populated
per-bin minimum non-zero probability:       1.38311e-100
per-bin maximum probability:                0.433059
per-bin probability dynamic range (kT):     229.097
per-segment minimum non-zero probability:   1.0578e-101
per-segment maximum non-zero probability:   0.165749
per-segment probability dynamic range (kT): 230.708
norm = 1, error in norm = 2.22045e-16 (1*epsilon)
Iteration wallclock: 0:03:32.630756, cputime: 0:31:38.435604


Sat Jan 13 17:39:58 2024
Iteration 1957 (2000 requested)
Beginning iteration 1957
60 segments remain in iteration 1957 (60 total)
18 of 24 (75.000000%) active bins are populated
per-bin minimum non-zero probability:       9.08893e-101
per-bin maximum probability:                0.638794
per-bin probability dynamic range (kT):     229.906
per-segment minimum non-zero probability:   1.00283e-101
per-segment maximum non-zero probability:   0.281461
per-segment probability dynamic range (kT): 231.291
norm = 1, error in norm = 4.44089e-16 (2*epsilon)
Iteration wallclock: 0:03:08.997139, cputime: 0:30:11.475759


Sat Jan 13 17:43:07 2024
Iteration 1958 (2000 requested)
Beginning iteration 1958
63 segments remain in iteration 1958 (63 total)
18 of 24 (75.000000%) active bins are populated
per-bin minimum non-zero probability:       1.00283e-101
per-bin maximum probability:                0.357333
per-bin probability dynamic range (kT):     231.529
per-segment minimum non-zero probability:   3.34277e-102
per-segment maximum non-zero probability:   0.281461
per-segment probability dynamic range (kT): 232.389
norm = 1, error in norm = 4.44089e-16 (2*epsilon)
Iteration wallclock: 0:03:34.140503, cputime: 0:31:48.796623


Sat Jan 13 17:46:41 2024
Iteration 1959 (2000 requested)
Beginning iteration 1959
66 segments remain in iteration 1959 (66 total)
20 of 24 (83.333333%) active bins are populated
per-bin minimum non-zero probability:       1.33711e-101
per-bin maximum probability:                0.457661
per-bin probability dynamic range (kT):     231.489
per-segment minimum non-zero probability:   1.11426e-102
per-segment maximum non-zero probability:   0.182522
per-segment probability dynamic range (kT): 233.055
norm = 1, error in norm = 4.44089e-16 (2*epsilon)
Iteration wallclock: 0:03:39.322209, cputime: 0:33:10.320442


Sat Jan 13 17:50:21 2024
Iteration 1960 (2000 requested)
Beginning iteration 1960
60 segments remain in iteration 1960 (60 total)
18 of 24 (75.000000%) active bins are populated
per-bin minimum non-zero probability:       5.20583e-101
per-bin maximum probability:                0.382164
per-bin probability dynamic range (kT):     229.949
per-segment minimum non-zero probability:   1.56175e-101
per-segment maximum non-zero probability:   0.182522
per-segment probability dynamic range (kT): 230.414
norm = 1, error in norm = 2.22045e-16 (1*epsilon)
Iteration wallclock: 0:03:06.528461, cputime: 0:30:20.476449


Sat Jan 13 17:53:27 2024
Iteration 1961 (2000 requested)
Beginning iteration 1961
60 segments remain in iteration 1961 (60 total)
18 of 24 (75.000000%) active bins are populated
per-bin minimum non-zero probability:       6.37176e-101
per-bin maximum probability:                0.477893
per-bin probability dynamic range (kT):     229.971
per-segment minimum non-zero probability:   6.24274e-102
per-segment maximum non-zero probability:   0.216446
per-segment probability dynamic range (kT): 231.502
norm = 1, error in norm = 4.44089e-16 (2*epsilon)
Iteration wallclock: 0:03:07.787978, cputime: 0:30:14.474650


Sat Jan 13 17:56:35 2024
Iteration 1962 (2000 requested)
Beginning iteration 1962
63 segments remain in iteration 1962 (63 total)
19 of 24 (79.166667%) active bins are populated
per-bin minimum non-zero probability:       3.19996e-101
per-bin maximum probability:                0.522051
per-bin probability dynamic range (kT):     230.748
per-segment minimum non-zero probability:   5.20583e-102
per-segment maximum non-zero probability:   0.216446
per-segment probability dynamic range (kT): 231.683
norm = 1, error in norm = 4.44089e-16 (2*epsilon)
Iteration wallclock: 0:03:35.204629, cputime: 0:31:45.160145


Sat Jan 13 18:00:11 2024
Iteration 1963 (2000 requested)
Beginning iteration 1963
63 segments remain in iteration 1963 (63 total)
19 of 24 (79.166667%) active bins are populated
per-bin minimum non-zero probability:       1.83478e-101
per-bin maximum probability:                0.522531
per-bin probability dynamic range (kT):     231.305
per-segment minimum non-zero probability:   6.11594e-102
per-segment maximum non-zero probability:   0.182817
per-segment probability dynamic range (kT): 231.354
norm = 1, error in norm = 4.44089e-16 (2*epsilon)
Iteration wallclock: 0:03:34.241373, cputime: 0:31:50.858168


Sat Jan 13 18:03:45 2024
Iteration 1964 (2000 requested)
Beginning iteration 1964
66 segments remain in iteration 1964 (66 total)
20 of 24 (83.333333%) active bins are populated
per-bin minimum non-zero probability:       5.97209e-101
per-bin maximum probability:                0.518855
per-bin probability dynamic range (kT):     230.118
per-segment minimum non-zero probability:   2.08091e-102
per-segment maximum non-zero probability:   0.213249
per-segment probability dynamic range (kT): 232.586
norm = 1, error in norm = 4.44089e-16 (2*epsilon)
Iteration wallclock: 0:03:38.368083, cputime: 0:33:19.656224


Sat Jan 13 18:07:23 2024
Iteration 1965 (2000 requested)
Beginning iteration 1965
66 segments remain in iteration 1965 (66 total)
20 of 24 (83.333333%) active bins are populated
per-bin minimum non-zero probability:       2.08091e-102
per-bin maximum probability:                0.377994
per-bin probability dynamic range (kT):     233.158
per-segment minimum non-zero probability:   6.93638e-103
per-segment maximum non-zero probability:   0.213249
per-segment probability dynamic range (kT): 233.684
norm = 1, error in norm = 4.44089e-16 (2*epsilon)
Iteration wallclock: 0:03:42.117501, cputime: 0:33:13.195958


Sat Jan 13 18:11:06 2024
Iteration 1966 (2000 requested)
Beginning iteration 1966
60 segments remain in iteration 1966 (60 total)
18 of 24 (75.000000%) active bins are populated
per-bin minimum non-zero probability:       6.93638e-103
per-bin maximum probability:                0.480997
per-bin probability dynamic range (kT):     234.498
per-segment minimum non-zero probability:   2.31213e-103
per-segment maximum non-zero probability:   0.213249
per-segment probability dynamic range (kT): 234.783
norm = 1, error in norm = 6.66134e-16 (3*epsilon)
Iteration wallclock: 0:03:04.848921, cputime: 0:30:21.485218


Sat Jan 13 18:14:10 2024
Iteration 1967 (2000 requested)
Beginning iteration 1967
66 segments remain in iteration 1967 (66 total)
20 of 24 (83.333333%) active bins are populated
per-bin minimum non-zero probability:       4.62425e-103
per-bin maximum probability:                0.35087
per-bin probability dynamic range (kT):     234.588
per-segment minimum non-zero probability:   1.15606e-103
per-segment maximum non-zero probability:   0.213249
per-segment probability dynamic range (kT): 235.476
norm = 1, error in norm = 4.44089e-16 (2*epsilon)
Iteration wallclock: 0:03:41.631560, cputime: 0:33:20.983957


Sat Jan 13 18:17:52 2024
Iteration 1968 (2000 requested)
Beginning iteration 1968
63 segments remain in iteration 1968 (63 total)
19 of 24 (79.166667%) active bins are populated
per-bin minimum non-zero probability:       1.34103e-101
per-bin maximum probability:                0.412047
per-bin probability dynamic range (kT):     231.381
per-segment minimum non-zero probability:   3.33255e-102
per-segment maximum non-zero probability:   0.213249
per-segment probability dynamic range (kT): 232.115
norm = 1, error in norm = 4.44089e-16 (2*epsilon)
Iteration wallclock: 0:03:34.954357, cputime: 0:31:43.256323


Sat Jan 13 18:21:27 2024
Iteration 1969 (2000 requested)
Beginning iteration 1969
60 segments remain in iteration 1969 (60 total)
18 of 24 (75.000000%) active bins are populated
per-bin minimum non-zero probability:       3.08501e-101
per-bin maximum probability:                0.484675
per-bin probability dynamic range (kT):     230.71
per-segment minimum non-zero probability:   4.40043e-102
per-segment maximum non-zero probability:   0.195417
per-segment probability dynamic range (kT): 231.749
norm = 1, error in norm = 4.44089e-16 (2*epsilon)
Iteration wallclock: 0:03:06.463770, cputime: 0:30:12.706080


Sat Jan 13 18:24:34 2024
Iteration 1970 (2000 requested)
Beginning iteration 1970
66 segments remain in iteration 1970 (66 total)
16 of 24 (66.666667%) active bins are populated
per-bin minimum non-zero probability:       7.30328e-102
per-bin maximum probability:                0.338805
per-bin probability dynamic range (kT):     231.793
per-segment minimum non-zero probability:   2.43443e-102
per-segment maximum non-zero probability:   0.143388
per-segment probability dynamic range (kT): 232.032
norm = 1, error in norm = 4.44089e-16 (2*epsilon)
Iteration wallclock: 0:03:43.460109, cputime: 0:33:07.505000


Sat Jan 13 18:28:17 2024
Iteration 1971 (2000 requested)
Beginning iteration 1971
60 segments remain in iteration 1971 (60 total)
18 of 24 (75.000000%) active bins are populated
per-bin minimum non-zero probability:       2.69333e-101
per-bin maximum probability:                0.523547
per-bin probability dynamic range (kT):     230.923
per-segment minimum non-zero probability:   2.43443e-102
per-segment maximum non-zero probability:   0.210285
per-segment probability dynamic range (kT): 232.415
norm = 1, error in norm = 4.44089e-16 (2*epsilon)
Iteration wallclock: 0:03:16.517648, cputime: 0:30:07.729050


Sat Jan 13 18:31:34 2024
Iteration 1972 (2000 requested)
Beginning iteration 1972
63 segments remain in iteration 1972 (63 total)
19 of 24 (79.166667%) active bins are populated
per-bin minimum non-zero probability:       1.11126e-101
per-bin maximum probability:                0.384444
per-bin probability dynamic range (kT):     231.5
per-segment minimum non-zero probability:   2.71085e-102
per-segment maximum non-zero probability:   0.210285
per-segment probability dynamic range (kT): 232.307
norm = 1, error in norm = 2.22045e-16 (1*epsilon)
Iteration wallclock: 0:03:35.653412, cputime: 0:31:44.812057


Sat Jan 13 18:35:09 2024
Iteration 1973 (2000 requested)
Beginning iteration 1973
63 segments remain in iteration 1973 (63 total)
19 of 24 (79.166667%) active bins are populated
per-bin minimum non-zero probability:       1.06236e-101
per-bin maximum probability:                0.490159
per-bin probability dynamic range (kT):     231.788
per-segment minimum non-zero probability:   2.71085e-102
per-segment maximum non-zero probability:   0.226088
per-segment probability dynamic range (kT): 232.38
norm = 1, error in norm = 4.44089e-16 (2*epsilon)
Iteration wallclock: 0:03:39.638369, cputime: 0:31:43.275517


Sat Jan 13 18:38:49 2024
Iteration 1974 (2000 requested)
Beginning iteration 1974
66 segments remain in iteration 1974 (66 total)
20 of 24 (83.333333%) active bins are populated
per-bin minimum non-zero probability:       2.60801e-101
per-bin maximum probability:                0.36393
per-bin probability dynamic range (kT):     230.592
per-segment minimum non-zero probability:   2.71085e-102
per-segment maximum non-zero probability:   0.143388
per-segment probability dynamic range (kT): 231.924
norm = 1, error in norm = 2.22045e-16 (1*epsilon)
Iteration wallclock: 0:03:46.277359, cputime: 0:33:17.171636


Sat Jan 13 18:42:36 2024
Iteration 1975 (2000 requested)
Beginning iteration 1975
60 segments remain in iteration 1975 (60 total)
18 of 24 (75.000000%) active bins are populated
per-bin minimum non-zero probability:       6.08298e-102
per-bin maximum probability:                0.546247
per-bin probability dynamic range (kT):     232.454
per-segment minimum non-zero probability:   2.02766e-102
per-segment maximum non-zero probability:   0.260872
per-segment probability dynamic range (kT): 232.813
norm = 1, error in norm = 4.44089e-16 (2*epsilon)
Iteration wallclock: 0:03:25.173016, cputime: 0:30:23.615964


Sat Jan 13 18:46:01 2024
Iteration 1976 (2000 requested)
Beginning iteration 1976
63 segments remain in iteration 1976 (63 total)
19 of 24 (79.166667%) active bins are populated
per-bin minimum non-zero probability:       4.73798e-102
per-bin maximum probability:                0.583695
per-bin probability dynamic range (kT):     232.77
per-segment minimum non-zero probability:   7.4257e-103
per-segment maximum non-zero probability:   0.260872
per-segment probability dynamic range (kT): 233.818
norm = 1, error in norm = 4.44089e-16 (2*epsilon)
Iteration wallclock: 0:03:43.159664, cputime: 0:31:47.601664


Sat Jan 13 18:49:45 2024
Iteration 1977 (2000 requested)
Beginning iteration 1977
63 segments remain in iteration 1977 (63 total)
18 of 24 (75.000000%) active bins are populated
per-bin minimum non-zero probability:       4.61317e-102
per-bin maximum probability:                0.804801
per-bin probability dynamic range (kT):     233.118
per-segment minimum non-zero probability:   2.47523e-103
per-segment maximum non-zero probability:   0.273015
per-segment probability dynamic range (kT): 234.962
norm = 1, error in norm = 4.44089e-16 (2*epsilon)
Iteration wallclock: 0:03:37.762928, cputime: 0:31:51.880601


Sat Jan 13 18:53:22 2024
Iteration 1978 (2000 requested)
Beginning iteration 1978
63 segments remain in iteration 1978 (63 total)
19 of 24 (79.166667%) active bins are populated
per-bin minimum non-zero probability:       6.77808e-102
per-bin maximum probability:                0.632625
per-bin probability dynamic range (kT):     232.492
per-segment minimum non-zero probability:   8.25078e-104
per-segment maximum non-zero probability:   0.273015
per-segment probability dynamic range (kT): 236.06
norm = 1, error in norm = 4.44089e-16 (2*epsilon)
Iteration wallclock: 0:03:36.498061, cputime: 0:31:51.043618


Sat Jan 13 18:56:59 2024
Iteration 1979 (2000 requested)
Beginning iteration 1979
60 segments remain in iteration 1979 (60 total)
18 of 24 (75.000000%) active bins are populated
per-bin minimum non-zero probability:       9.88681e-102
per-bin maximum probability:                0.526646
per-bin probability dynamic range (kT):     231.931
per-segment minimum non-zero probability:   1.44985e-102
per-segment maximum non-zero probability:   0.273015
per-segment probability dynamic range (kT): 233.194
norm = 1, error in norm = 4.44089e-16 (2*epsilon)
Iteration wallclock: 0:03:08.753075, cputime: 0:30:34.068055


Sat Jan 13 19:00:08 2024
Iteration 1980 (2000 requested)
Beginning iteration 1980
63 segments remain in iteration 1980 (63 total)
20 of 24 (83.333333%) active bins are populated
per-bin minimum non-zero probability:       1.98132e-102
per-bin maximum probability:                0.692358
per-bin probability dynamic range (kT):     233.812
per-segment minimum non-zero probability:   4.83284e-103
per-segment maximum non-zero probability:   0.273015
per-segment probability dynamic range (kT): 234.293
norm = 1, error in norm = 4.44089e-16 (2*epsilon)
Iteration wallclock: 0:03:36.393644, cputime: 0:32:00.253423


Sat Jan 13 19:03:44 2024
Iteration 1981 (2000 requested)
Beginning iteration 1981
63 segments remain in iteration 1981 (63 total)
19 of 24 (79.166667%) active bins are populated
per-bin minimum non-zero probability:       6.60439e-103
per-bin maximum probability:                0.373399
per-bin probability dynamic range (kT):     234.293
per-segment minimum non-zero probability:   2.20146e-103
per-segment maximum non-zero probability:   0.18201
per-segment probability dynamic range (kT): 234.673
norm = 1, error in norm = 4.44089e-16 (2*epsilon)
Iteration wallclock: 0:03:41.446882, cputime: 0:32:08.572106


Sat Jan 13 19:07:26 2024
Iteration 1982 (2000 requested)
Beginning iteration 1982
66 segments remain in iteration 1982 (66 total)
20 of 24 (83.333333%) active bins are populated
per-bin minimum non-zero probability:       9.90659e-103
per-bin maximum probability:                0.389363
per-bin probability dynamic range (kT):     233.93
per-segment minimum non-zero probability:   3.3022e-103
per-segment maximum non-zero probability:   0.18201
per-segment probability dynamic range (kT): 234.268
norm = 1, error in norm = 4.44089e-16 (2*epsilon)
Iteration wallclock: 0:03:40.984076, cputime: 0:33:27.132640


Sat Jan 13 19:11:07 2024
Iteration 1983 (2000 requested)
Beginning iteration 1983
66 segments remain in iteration 1983 (66 total)
20 of 24 (83.333333%) active bins are populated
per-bin minimum non-zero probability:       9.90659e-103
per-bin maximum probability:                0.358227
per-bin probability dynamic range (kT):     233.846
per-segment minimum non-zero probability:   1.94203e-103
per-segment maximum non-zero probability:   0.18201
per-segment probability dynamic range (kT): 234.799
norm = 1, error in norm = 4.44089e-16 (2*epsilon)
Iteration wallclock: 0:03:42.078861, cputime: 0:33:30.214967


Sat Jan 13 19:14:49 2024
Iteration 1984 (2000 requested)
Beginning iteration 1984
60 segments remain in iteration 1984 (60 total)
18 of 24 (75.000000%) active bins are populated
per-bin minimum non-zero probability:       2.20245e-102
per-bin maximum probability:                0.347563
per-bin probability dynamic range (kT):     233.017
per-segment minimum non-zero probability:   1.94203e-103
per-segment maximum non-zero probability:   0.18201
per-segment probability dynamic range (kT): 234.799
norm = 1, error in norm = 6.66134e-16 (3*epsilon)
Iteration wallclock: 0:03:07.888222, cputime: 0:30:23.577326


Sat Jan 13 19:17:57 2024
Iteration 1985 (2000 requested)
Beginning iteration 1985
66 segments remain in iteration 1985 (66 total)
19 of 24 (79.166667%) active bins are populated
per-bin minimum non-zero probability:       1.94203e-103
per-bin maximum probability:                0.269463
per-bin probability dynamic range (kT):     235.191
per-segment minimum non-zero probability:   6.47344e-104
per-segment maximum non-zero probability:   0.18201
per-segment probability dynamic range (kT): 235.897
norm = 1, error in norm = 4.44089e-16 (2*epsilon)
Iteration wallclock: 0:03:37.358569, cputime: 0:33:16.160693


Sat Jan 13 19:21:34 2024
Iteration 1986 (2000 requested)
Beginning iteration 1986
66 segments remain in iteration 1986 (66 total)
20 of 24 (83.333333%) active bins are populated
per-bin minimum non-zero probability:       4.4301e-103
per-bin maximum probability:                0.376774
per-bin probability dynamic range (kT):     234.702
per-segment minimum non-zero probability:   2.15781e-104
per-segment maximum non-zero probability:   0.18201
per-segment probability dynamic range (kT): 236.996
norm = 1, error in norm = 4.44089e-16 (2*epsilon)
Iteration wallclock: 0:03:42.389725, cputime: 0:33:17.752766


Sat Jan 13 19:25:17 2024
Iteration 1987 (2000 requested)
Beginning iteration 1987
63 segments remain in iteration 1987 (63 total)
19 of 24 (79.166667%) active bins are populated
per-bin minimum non-zero probability:       1.79895e-102
per-bin maximum probability:                0.569734
per-bin probability dynamic range (kT):     233.714
per-segment minimum non-zero probability:   7.19271e-105
per-segment maximum non-zero probability:   0.231361
per-segment probability dynamic range (kT): 238.335
norm = 1, error in norm = 4.44089e-16 (2*epsilon)
Iteration wallclock: 0:03:33.509586, cputime: 0:31:48.990096


Sat Jan 13 19:28:50 2024
Iteration 1988 (2000 requested)
Beginning iteration 1988
60 segments remain in iteration 1988 (60 total)
18 of 24 (75.000000%) active bins are populated
per-bin minimum non-zero probability:       5.43232e-103
per-bin maximum probability:                0.501578
per-bin probability dynamic range (kT):     234.784
per-segment minimum non-zero probability:   1.43854e-104
per-segment maximum non-zero probability:   0.231361
per-segment probability dynamic range (kT): 237.641
norm = 1, error in norm = 4.44089e-16 (2*epsilon)
Iteration wallclock: 0:03:08.465555, cputime: 0:30:18.283295


Sat Jan 13 19:31:59 2024
Iteration 1989 (2000 requested)
Beginning iteration 1989
54 segments remain in iteration 1989 (54 total)
16 of 24 (66.666667%) active bins are populated
per-bin minimum non-zero probability:       1.43854e-104
per-bin maximum probability:                0.270217
per-bin probability dynamic range (kT):     237.797
per-segment minimum non-zero probability:   4.79514e-105
per-segment maximum non-zero probability:   0.156363
per-segment probability dynamic range (kT): 238.348
norm = 1, error in norm = 6.66134e-16 (3*epsilon)
Iteration wallclock: 0:03:03.851678, cputime: 0:27:10.772095


Sat Jan 13 19:35:03 2024
Iteration 1990 (2000 requested)
Beginning iteration 1990
57 segments remain in iteration 1990 (57 total)
18 of 24 (75.000000%) active bins are populated
per-bin minimum non-zero probability:       1.76136e-102
per-bin maximum probability:                0.487167
per-bin probability dynamic range (kT):     233.578
per-segment minimum non-zero probability:   8.17392e-104
per-segment maximum non-zero probability:   0.210176
per-segment probability dynamic range (kT): 235.808
norm = 1, error in norm = 4.44089e-16 (2*epsilon)
Iteration wallclock: 0:03:05.743406, cputime: 0:28:46.775154


Sat Jan 13 19:38:09 2024
Iteration 1991 (2000 requested)
Beginning iteration 1991
54 segments remain in iteration 1991 (54 total)
17 of 24 (70.833333%) active bins are populated
per-bin minimum non-zero probability:       8.17392e-104
per-bin maximum probability:                0.564999
per-bin probability dynamic range (kT):     236.797
per-segment minimum non-zero probability:   2.72464e-104
per-segment maximum non-zero probability:   0.210176
per-segment probability dynamic range (kT): 236.907
norm = 1, error in norm = 6.66134e-16 (3*epsilon)
Iteration wallclock: 0:03:05.171039, cputime: 0:27:14.534953


Sat Jan 13 19:41:14 2024
Iteration 1992 (2000 requested)
Beginning iteration 1992
54 segments remain in iteration 1992 (54 total)
16 of 24 (66.666667%) active bins are populated
per-bin minimum non-zero probability:       5.98185e-103
per-bin maximum probability:                0.404754
per-bin probability dynamic range (kT):     234.473
per-segment minimum non-zero probability:   9.08213e-105
per-segment maximum non-zero probability:   0.19846
per-segment probability dynamic range (kT): 237.948
norm = 1, error in norm = 4.44089e-16 (2*epsilon)
Iteration wallclock: 0:03:04.943589, cputime: 0:27:15.208733


Sat Jan 13 19:44:19 2024
Iteration 1993 (2000 requested)
Beginning iteration 1993
54 segments remain in iteration 1993 (54 total)
16 of 24 (66.666667%) active bins are populated
per-bin minimum non-zero probability:       9.08213e-105
per-bin maximum probability:                0.657788
per-bin probability dynamic range (kT):     239.146
per-segment minimum non-zero probability:   3.02738e-105
per-segment maximum non-zero probability:   0.276991
per-segment probability dynamic range (kT): 239.38
norm = 1, error in norm = 2.22045e-16 (1*epsilon)
Iteration wallclock: 0:03:02.395187, cputime: 0:27:08.757141


Sat Jan 13 19:47:21 2024
Iteration 1994 (2000 requested)
Beginning iteration 1994
54 segments remain in iteration 1994 (54 total)
16 of 24 (66.666667%) active bins are populated
per-bin minimum non-zero probability:       1.65077e-103
per-bin maximum probability:                0.446247
per-bin probability dynamic range (kT):     235.858
per-segment minimum non-zero probability:   1.83419e-104
per-segment maximum non-zero probability:   0.276991
per-segment probability dynamic range (kT): 237.578
norm = 1, error in norm = 2.22045e-16 (1*epsilon)
Iteration wallclock: 0:03:05.596847, cputime: 0:27:15.344862


Sat Jan 13 19:50:27 2024
Iteration 1995 (2000 requested)
Beginning iteration 1995
60 segments remain in iteration 1995 (60 total)
18 of 24 (75.000000%) active bins are populated
per-bin minimum non-zero probability:       3.88609e-103
per-bin maximum probability:                0.354834
per-bin probability dynamic range (kT):     234.773
per-segment minimum non-zero probability:   5.50256e-104
per-segment maximum non-zero probability:   0.170173
per-segment probability dynamic range (kT): 235.993
norm = 1, error in norm = 4.44089e-16 (2*epsilon)
Iteration wallclock: 0:03:14.877462, cputime: 0:30:25.526746


Sat Jan 13 19:53:42 2024
Iteration 1996 (2000 requested)
Beginning iteration 1996
60 segments remain in iteration 1996 (60 total)
19 of 24 (79.166667%) active bins are populated
per-bin minimum non-zero probability:       5.50256e-104
per-bin maximum probability:                0.698205
per-bin probability dynamic range (kT):     237.404
per-segment minimum non-zero probability:   1.83419e-104
per-segment maximum non-zero probability:   0.334491
per-segment probability dynamic range (kT): 237.767
norm = 1, error in norm = 2.22045e-16 (1*epsilon)
Iteration wallclock: 0:03:09.807902, cputime: 0:30:18.404166


Sat Jan 13 19:56:52 2024
Iteration 1997 (2000 requested)
Beginning iteration 1997
60 segments remain in iteration 1997 (60 total)
18 of 24 (75.000000%) active bins are populated
per-bin minimum non-zero probability:       5.82144e-103
per-bin maximum probability:                0.42684
per-bin probability dynamic range (kT):     234.553
per-segment minimum non-zero probability:   6.11396e-105
per-segment maximum non-zero probability:   0.203846
per-segment probability dynamic range (kT): 238.37
norm = 1, error in norm = 4.44089e-16 (2*epsilon)
Iteration wallclock: 0:03:17.872159, cputime: 0:30:31.125273


Sat Jan 13 20:00:10 2024
Iteration 1998 (2000 requested)
Beginning iteration 1998
63 segments remain in iteration 1998 (63 total)
19 of 24 (79.166667%) active bins are populated
per-bin minimum non-zero probability:       5.22317e-103
per-bin maximum probability:                0.503745
per-bin probability dynamic range (kT):     234.827
per-segment minimum non-zero probability:   2.03799e-105
per-segment maximum non-zero probability:   0.203846
per-segment probability dynamic range (kT): 239.469
norm = 1, error in norm = 2.22045e-16 (1*epsilon)
Iteration wallclock: 0:03:48.940307, cputime: 0:31:53.629990


Sat Jan 13 20:03:59 2024
Iteration 1999 (2000 requested)
Beginning iteration 1999
63 segments remain in iteration 1999 (63 total)
20 of 24 (83.333333%) active bins are populated
per-bin minimum non-zero probability:       2.03799e-105
per-bin maximum probability:                0.438775
per-bin probability dynamic range (kT):     240.236
per-segment minimum non-zero probability:   6.79328e-106
per-segment maximum non-zero probability:   0.179053
per-segment probability dynamic range (kT): 240.438
norm = 1, error in norm = 2.22045e-16 (1*epsilon)
Iteration wallclock: 0:03:50.333473, cputime: 0:32:04.641448


Sat Jan 13 20:07:49 2024
Iteration 2000 (2000 requested)
Beginning iteration 2000
66 segments remain in iteration 2000 (66 total)
20 of 24 (83.333333%) active bins are populated
per-bin minimum non-zero probability:       2.03799e-105
per-bin maximum probability:                0.615677
per-bin probability dynamic range (kT):     240.574
per-segment minimum non-zero probability:   6.79328e-106
per-segment maximum non-zero probability:   0.278974
per-segment probability dynamic range (kT): 240.881
norm = 1, error in norm = 4.44089e-16 (2*epsilon)
Iteration wallclock: 0:03:52.687700, cputime: 0:33:17.793971


Sat Jan 13 20:11:42 2024
WEST run complete.
