
          -------------------------------------------------------
          Amber 22 PMEMD                              2022
          -------------------------------------------------------

| PMEMD implementation of SANDER, Release 22

|  Compiled date/time: Thu Apr 14 14:06:37 2022
| Run on 05/05/2023 at 11:17:57

|   Executable path: pmemd.MPI
| Working directory: /ix/lchong/dty7/d1d2/2kod/7F/stdMD/v03
|          Hostname: smp-n75

  [-O]verwriting output

File Assignments:
|   MDIN: 03_eq1.in                                                             
|  MDOUT: 03_eq1.out                                                            
| INPCRD: 02_min.rst                                                            
|   PARM: 2kod_7f_solv.prmtop                                                   
| RESTRT: 03_eq1.rst                                                            
|   REFC: 02_min.rst                                                            
|  MDVEL: mdvel                                                                 
|   MDEN: mden                                                                  
|  MDCRD: mdcrd                                                                 
| MDINFO: mdinfo                                                                
|LOGFILE: logfile                                                               
|  MDFRC: mdfrc                                                                 


 Here is the input file:

20 ps solute restrained NVT equilibration using Langevin thermostat            
&cntrl                                                                         
  irest     = 0,                                                               
  ntx       = 1,                                                               
  ig        = -1,                                                              
  dt        = 0.002,                                                           
  nstlim    = 10000,                                                           
  nscm      = 500,                                                             
  ntr       = 1,                                                               
  restraint_wt  = 1.0,                                                         
  restraintmask = '!:WAT & !@H',                                               
  ntb       = 1,                                                               
  ntp       = 0,                                                               
  ntt       = 3,                                                               
  tempi     = 298.0,                                                           
  temp0     = 298.0,                                                           
  gamma_ln  = 1.0,                                                             
  ntf       = 2,                                                               
  ntc       = 2,                                                               
  cut       = 10.0,                                                            
  ntpr      = 500,                                                             
  ntxo      = 2,                                                               
  ntwr      = 10000,                                                           
  ioutfm    = 1,                                                               
  ntwx      = 500,                                                             
  iwrap     = 1,                                                               
&end                                                                           


Note: ig = -1. Setting random seed to   515017 based on wallclock time in
      microseconds and disabling the synchronization of random numbers 
      between tasks to improve performance.
| irandom = 1, using AMBER's internal random number generator (default).
 
 
| Conditional Compilation Defines Used:
| MPI
| PUBFFT
| BINTRAJ
| EMIL

| Largest sphere to fit in unit cell has radius =    37.766

| New format PARM file being parsed.
| Version =    1.000 Date = 05/05/23 Time = 11:08:48

| Note: 1-4 EEL scale factors are being read from the topology file.

| Note: 1-4 VDW scale factors are being read from the topology file.
| Duplicated    0 dihedrals

| Duplicated    0 dihedrals

--------------------------------------------------------------------------------
   1.  RESOURCE   USE: 
--------------------------------------------------------------------------------

 getting box info from netcdf restart file
 NATOM  =   54644 NTYPES =      19 NBONH =   53266 MBONA  =    1402
 NTHETH =    3158 MTHETA =    1898 NPHIH =    6032 MPHIA  =    6482
 NHPARM =       0 NPARM  =       0 NNB   =   84430 NRES   =   17472
 NBONA  =    1402 NTHETA =    1898 NPHIA =    6482 NUMBND =      87
 NUMANG =     202 NPTRA  =     423 NATYP =      45 NPHB   =       0
 IFBOX  =       2 NMXRS  =      24 IFCAP =       0 NEXTRA =       0
 NCOPY  =       0

| Coordinate Index Table dimensions:    13   13   13
| Direct force subcell size =     7.1159    7.1159    7.1159

     BOX TYPE: TRUNCATED OCTAHEDRON

--------------------------------------------------------------------------------
   2.  CONTROL  DATA  FOR  THE  RUN
--------------------------------------------------------------------------------

default_name                                                                    

General flags:
     imin    =       0, nmropt  =       0

Nature and format of input:
     ntx     =       1, irest   =       0, ntrx    =       1

Nature and format of output:
     ntxo    =       2, ntpr    =     500, ntrx    =       1, ntwr    =   10000
     iwrap   =       1, ntwx    =     500, ntwv    =       0, ntwe    =       0
     ioutfm  =       1, ntwprt  =       0, idecomp =       0, rbornstat=      0

Potential function:
     ntf     =       2, ntb     =       1, igb     =       0, nsnb    =      25
     ipol    =       0, gbsa    =       0, iesp    =       0
     dielc   =   1.00000, cut     =  10.00000, intdiel =   1.00000

Frozen or restrained atoms:
     ibelly  =       0, ntr     =       1
     restraint_wt =   1.00000

Molecular dynamics:
     nstlim  =     10000, nscm    =         0, nrespa  =         1
     t       =   0.00000, dt      =   0.00200, vlimit  =  20.00000

Langevin dynamics temperature regulation:
     ig      =  515017
     temp0   = 298.00000, tempi   = 298.00000, gamma_ln=   1.00000

SHAKE:
     ntc     =       2, jfastw  =       0
     tol     =   0.00001

| Intermolecular bonds treatment:
|     no_intermolecular_bonds =       1

| Energy averages sample interval:
|     ene_avg_sampling =     500

Ewald parameters:
     verbose =       0, ew_type =       0, nbflag  =       1, use_pme =       1
     vdwmeth =       1, eedmeth =       1, netfrc  =       1
     Box X =   92.507   Box Y =   92.507   Box Z =   92.507
     Alpha =  109.471   Beta  =  109.471   Gamma =  109.471
     NFFT1 =   96       NFFT2 =   96       NFFT3 =   96
     Cutoff=   10.000   Tol   =0.100E-04
     Ewald Coefficient =  0.27511
     Interpolation order =    4

| PMEMD ewald parallel performance parameters:
|     block_fft =    0
|     fft_blk_y_divisor =    2
|     excl_recip =    0
|     excl_master =    0
|     atm_redist_freq =  320

    LOADING THE CONSTRAINED ATOMS AS GROUPS


   5.  REFERENCE ATOM COORDINATES

  default_name                                                                    
     Mask !:WAT & !@H; matches  2600 atoms

--------------------------------------------------------------------------------
   3.  ATOMIC COORDINATES AND VELOCITIES
--------------------------------------------------------------------------------

default_name                                                                    
 begin time read from input coords =     0.000 ps

 
 Number of triangulated 3-point waters found:    17294

     Sum of charges from parm topology file =  -0.00001891
     Forcing neutrality...

| Dynamic Memory, Types Used:
| Reals             2389456
| Integers          2372186

| Nonbonded Pairs Initial Allocation:     2676189

| Running AMBER/MPI version on    8 MPI task

 
--------------------------------------------------------------------------------
   4.  RESULTS
--------------------------------------------------------------------------------

 ---------------------------------------------------
 APPROXIMATING switch and d/dx switch using CUBIC SPLINE INTERPOLATION
 using   5000.0 points per unit in tabled values
 TESTING RELATIVE ERROR over r ranging from 0.0 to cutoff
| CHECK switch(x): max rel err =   0.2738E-14   at   2.422500
| CHECK d/dx switch(x): max rel err =   0.8314E-11   at   2.736960
 ---------------------------------------------------
|---------------------------------------------------
| APPROXIMATING direct energy using CUBIC SPLINE INTERPOLATION
|  with   50.0 points per unit in tabled values
| Relative Error Limit not exceeded for r .gt.   2.33
| APPROXIMATING direct force using CUBIC SPLINE INTERPOLATION
|  with   50.0 points per unit in tabled values
| Relative Error Limit not exceeded for r .gt.   2.80
|---------------------------------------------------

 NSTEP =        0   TIME(PS) =       0.000  TEMP(K) =   441.80  PRESS =     0.0
 Etot   =   -232686.8140  EKtot   =     48578.7906  EPtot      =   -281265.6047
 BOND   =       137.9615  ANGLE   =       539.2898  DIHED      =     -1593.2169
 1-4 NB =       570.1338  1-4 EEL =     10673.1706  VDWAALS    =     59285.8077
 EELEC  =   -350878.7511  EHBOND  =         0.0000  RESTRAINT  =         0.0000
 Ewald error estimate:   0.1294E-03
 ------------------------------------------------------------------------------


 NSTEP =      500   TIME(PS) =       1.000  TEMP(K) =   243.74  PRESS =     0.0
 Etot   =   -180347.3659  EKtot   =     26800.8816  EPtot      =   -207148.2475
 BOND   =       478.5853  ANGLE   =      1416.5691  DIHED      =     -1436.6194
 1-4 NB =       629.9289  1-4 EEL =     10672.1390  VDWAALS    =     37220.0009
 EELEC  =   -256303.5816  EHBOND  =         0.0000  RESTRAINT  =       174.7303
 EAMBER (non-restraint)  =   -207322.9778
 Ewald error estimate:   0.3292E-04
 ------------------------------------------------------------------------------


 NSTEP =     1000   TIME(PS) =       2.000  TEMP(K) =   276.14  PRESS =     0.0
 Etot   =   -172074.7684  EKtot   =     30363.8043  EPtot      =   -202438.5727
 BOND   =       552.1237  ANGLE   =      1554.4163  DIHED      =     -1420.4406
 1-4 NB =       645.7173  1-4 EEL =     10651.7377  VDWAALS    =     35471.5769
 EELEC  =   -250097.2296  EHBOND  =         0.0000  RESTRAINT  =       203.5256
 EAMBER (non-restraint)  =   -202642.0983
 Ewald error estimate:   0.5855E-04
 ------------------------------------------------------------------------------


 NSTEP =     1500   TIME(PS) =       3.000  TEMP(K) =   285.69  PRESS =     0.0
 Etot   =   -168674.7492  EKtot   =     31413.4358  EPtot      =   -200088.1851
 BOND   =       567.3154  ANGLE   =      1558.9425  DIHED      =     -1400.9015
 1-4 NB =       655.2201  1-4 EEL =     10640.5009  VDWAALS    =     34255.4088
 EELEC  =   -246578.7070  EHBOND  =         0.0000  RESTRAINT  =       214.0357
 EAMBER (non-restraint)  =   -200302.2208
 Ewald error estimate:   0.5572E-04
 ------------------------------------------------------------------------------


 NSTEP =     2000   TIME(PS) =       4.000  TEMP(K) =   289.83  PRESS =     0.0
 Etot   =   -167127.4368  EKtot   =     31869.3884  EPtot      =   -198996.8252
 BOND   =       543.6577  ANGLE   =      1531.2246  DIHED      =     -1369.6720
 1-4 NB =       659.7323  1-4 EEL =     10666.2098  VDWAALS    =     33801.5354
 EELEC  =   -245039.8801  EHBOND  =         0.0000  RESTRAINT  =       210.3670
 EAMBER (non-restraint)  =   -199207.1922
 Ewald error estimate:   0.1580E-04
 ------------------------------------------------------------------------------


 NSTEP =     2500   TIME(PS) =       5.000  TEMP(K) =   293.13  PRESS =     0.0
 Etot   =   -165999.6206  EKtot   =     32232.2706  EPtot      =   -198231.8912
 BOND   =       562.9252  ANGLE   =      1624.1893  DIHED      =     -1393.5488
 1-4 NB =       651.9676  1-4 EEL =     10628.8923  VDWAALS    =     33209.0358
 EELEC  =   -243730.7634  EHBOND  =         0.0000  RESTRAINT  =       215.4108
 EAMBER (non-restraint)  =   -198447.3020
 Ewald error estimate:   0.6449E-05
 ------------------------------------------------------------------------------


 NSTEP =     3000   TIME(PS) =       6.000  TEMP(K) =   296.97  PRESS =     0.0
 Etot   =   -165530.8721  EKtot   =     32654.3597  EPtot      =   -198185.2318
 BOND   =       557.6902  ANGLE   =      1590.3092  DIHED      =     -1374.3257
 1-4 NB =       638.8102  1-4 EEL =     10610.9877  VDWAALS    =     33695.4000
 EELEC  =   -244107.1881  EHBOND  =         0.0000  RESTRAINT  =       203.0846
 EAMBER (non-restraint)  =   -198388.3165
 Ewald error estimate:   0.1076E-03
 ------------------------------------------------------------------------------


 NSTEP =     3500   TIME(PS) =       7.000  TEMP(K) =   296.19  PRESS =     0.0
 Etot   =   -165063.7923  EKtot   =     32567.7989  EPtot      =   -197631.5912
 BOND   =       579.5055  ANGLE   =      1530.8628  DIHED      =     -1378.2653
 1-4 NB =       643.5188  1-4 EEL =     10686.7394  VDWAALS    =     33071.6752
 EELEC  =   -242968.5049  EHBOND  =         0.0000  RESTRAINT  =       202.8772
 EAMBER (non-restraint)  =   -197834.4684
 Ewald error estimate:   0.4621E-04
 ------------------------------------------------------------------------------


 NSTEP =     4000   TIME(PS) =       8.000  TEMP(K) =   297.50  PRESS =     0.0
 Etot   =   -164667.9355  EKtot   =     32711.9331  EPtot      =   -197379.8686
 BOND   =       528.1323  ANGLE   =      1569.1574  DIHED      =     -1401.4197
 1-4 NB =       650.6230  1-4 EEL =     10713.3609  VDWAALS    =     33157.4973
 EELEC  =   -242804.8011  EHBOND  =         0.0000  RESTRAINT  =       207.5812
 EAMBER (non-restraint)  =   -197587.4499
 Ewald error estimate:   0.4932E-04
 ------------------------------------------------------------------------------


 NSTEP =     4500   TIME(PS) =       9.000  TEMP(K) =   296.91  PRESS =     0.0
 Etot   =   -164461.5646  EKtot   =     32647.4549  EPtot      =   -197109.0195
 BOND   =       549.8423  ANGLE   =      1589.7663  DIHED      =     -1392.8254
 1-4 NB =       660.6821  1-4 EEL =     10657.6653  VDWAALS    =     32798.8972
 EELEC  =   -242198.0800  EHBOND  =         0.0000  RESTRAINT  =       225.0326
 EAMBER (non-restraint)  =   -197334.0521
 Ewald error estimate:   0.2006E-05
 ------------------------------------------------------------------------------


 NSTEP =     5000   TIME(PS) =      10.000  TEMP(K) =   298.35  PRESS =     0.0
 Etot   =   -164666.2556  EKtot   =     32805.9071  EPtot      =   -197472.1627
 BOND   =       584.2791  ANGLE   =      1565.0546  DIHED      =     -1382.4742
 1-4 NB =       633.3511  1-4 EEL =     10680.0886  VDWAALS    =     33148.7973
 EELEC  =   -242915.6199  EHBOND  =         0.0000  RESTRAINT  =       214.3607
 EAMBER (non-restraint)  =   -197686.5234
 Ewald error estimate:   0.2070E-04
 ------------------------------------------------------------------------------


 NSTEP =     5500   TIME(PS) =      11.000  TEMP(K) =   295.59  PRESS =     0.0
 Etot   =   -164912.0200  EKtot   =     32502.0145  EPtot      =   -197414.0346
 BOND   =       567.7900  ANGLE   =      1584.1820  DIHED      =     -1399.4898
 1-4 NB =       638.4637  1-4 EEL =     10623.7602  VDWAALS    =     32834.0190
 EELEC  =   -242477.4210  EHBOND  =         0.0000  RESTRAINT  =       214.6614
 EAMBER (non-restraint)  =   -197628.6959
 Ewald error estimate:   0.1823E-04
 ------------------------------------------------------------------------------


 NSTEP =     6000   TIME(PS) =      12.000  TEMP(K) =   295.49  PRESS =     0.0
 Etot   =   -164866.8332  EKtot   =     32491.0626  EPtot      =   -197357.8958
 BOND   =       588.5374  ANGLE   =      1509.9450  DIHED      =     -1388.2208
 1-4 NB =       643.2452  1-4 EEL =     10670.0498  VDWAALS    =     32501.8266
 EELEC  =   -242076.0181  EHBOND  =         0.0000  RESTRAINT  =       192.7392
 EAMBER (non-restraint)  =   -197550.6349
 Ewald error estimate:   0.1133E-04
 ------------------------------------------------------------------------------


 NSTEP =     6500   TIME(PS) =      13.000  TEMP(K) =   298.29  PRESS =     0.0
 Etot   =   -164893.7564  EKtot   =     32799.3961  EPtot      =   -197693.1525
 BOND   =       521.5280  ANGLE   =      1500.0359  DIHED      =     -1387.1913
 1-4 NB =       664.7284  1-4 EEL =     10683.6698  VDWAALS    =     32990.0843
 EELEC  =   -242893.6966  EHBOND  =         0.0000  RESTRAINT  =       227.6890
 EAMBER (non-restraint)  =   -197920.8415
 Ewald error estimate:   0.1337E-03
 ------------------------------------------------------------------------------


 NSTEP =     7000   TIME(PS) =      14.000  TEMP(K) =   298.48  PRESS =     0.0
 Etot   =   -164733.5912  EKtot   =     32819.9743  EPtot      =   -197553.5655
 BOND   =       579.7521  ANGLE   =      1527.0294  DIHED      =     -1396.0190
 1-4 NB =       624.2115  1-4 EEL =     10635.1687  VDWAALS    =     32960.1621
 EELEC  =   -242690.2013  EHBOND  =         0.0000  RESTRAINT  =       206.3310
 EAMBER (non-restraint)  =   -197759.8965
 Ewald error estimate:   0.4561E-05
 ------------------------------------------------------------------------------


 NSTEP =     7500   TIME(PS) =      15.000  TEMP(K) =   297.06  PRESS =     0.0
 Etot   =   -164430.4377  EKtot   =     32663.9191  EPtot      =   -197094.3568
 BOND   =       553.6419  ANGLE   =      1597.0942  DIHED      =     -1422.3118
 1-4 NB =       633.9075  1-4 EEL =     10658.4450  VDWAALS    =     32625.9893
 EELEC  =   -241952.0407  EHBOND  =         0.0000  RESTRAINT  =       210.9178
 EAMBER (non-restraint)  =   -197305.2746
 Ewald error estimate:   0.1329E-04
 ------------------------------------------------------------------------------


 NSTEP =     8000   TIME(PS) =      16.000  TEMP(K) =   299.84  PRESS =     0.0
 Etot   =   -164189.9491  EKtot   =     32969.0550  EPtot      =   -197159.0041
 BOND   =       513.9692  ANGLE   =      1563.4722  DIHED      =     -1340.2826
 1-4 NB =       640.0465  1-4 EEL =     10639.6675  VDWAALS    =     32461.1725
 EELEC  =   -241842.6256  EHBOND  =         0.0000  RESTRAINT  =       205.5762
 EAMBER (non-restraint)  =   -197364.5803
 Ewald error estimate:   0.5913E-04
 ------------------------------------------------------------------------------


 NSTEP =     8500   TIME(PS) =      17.000  TEMP(K) =   298.58  PRESS =     0.0
 Etot   =   -164334.7990  EKtot   =     32830.9239  EPtot      =   -197165.7228
 BOND   =       593.6351  ANGLE   =      1565.1771  DIHED      =     -1378.3738
 1-4 NB =       639.2753  1-4 EEL =     10608.3745  VDWAALS    =     33122.2099
 EELEC  =   -242545.9387  EHBOND  =         0.0000  RESTRAINT  =       229.9180
 EAMBER (non-restraint)  =   -197395.6408
 Ewald error estimate:   0.3412E-04
 ------------------------------------------------------------------------------


 NSTEP =     9000   TIME(PS) =      18.000  TEMP(K) =   296.28  PRESS =     0.0
 Etot   =   -164701.8853  EKtot   =     32578.1444  EPtot      =   -197280.0297
 BOND   =       530.8885  ANGLE   =      1535.8226  DIHED      =     -1395.9014
 1-4 NB =       674.7040  1-4 EEL =     10706.0966  VDWAALS    =     33081.0586
 EELEC  =   -242625.4046  EHBOND  =         0.0000  RESTRAINT  =       212.7060
 EAMBER (non-restraint)  =   -197492.7357
 Ewald error estimate:   0.1123E-03
 ------------------------------------------------------------------------------


 NSTEP =     9500   TIME(PS) =      19.000  TEMP(K) =   296.24  PRESS =     0.0
 Etot   =   -164797.1511  EKtot   =     32573.8680  EPtot      =   -197371.0191
 BOND   =       525.7972  ANGLE   =      1595.3142  DIHED      =     -1393.0213
 1-4 NB =       638.1287  1-4 EEL =     10668.6569  VDWAALS    =     32761.4585
 EELEC  =   -242391.3184  EHBOND  =         0.0000  RESTRAINT  =       223.9652
 EAMBER (non-restraint)  =   -197594.9843
 Ewald error estimate:   0.8417E-04
 ------------------------------------------------------------------------------


 NSTEP =    10000   TIME(PS) =      20.000  TEMP(K) =   297.27  PRESS =     0.0
 Etot   =   -164125.7074  EKtot   =     32687.2782  EPtot      =   -196812.9857
 BOND   =       595.7052  ANGLE   =      1589.6276  DIHED      =     -1409.1206
 1-4 NB =       663.9649  1-4 EEL =     10684.0525  VDWAALS    =     33084.1568
 EELEC  =   -242239.2550  EHBOND  =         0.0000  RESTRAINT  =       217.8830
 EAMBER (non-restraint)  =   -197030.8687
 Ewald error estimate:   0.1143E-03
 ------------------------------------------------------------------------------


      A V E R A G E S   O V E R      20 S T E P S


 NSTEP =    10000   TIME(PS) =      20.000  TEMP(K) =   292.38  PRESS =     0.0
 Etot   =   -166230.0246  EKtot   =     32149.1435  EPtot      =   -198379.1681
 BOND   =       553.7651  ANGLE   =      1554.9096  DIHED      =     -1393.0213
 1-4 NB =       646.5114  1-4 EEL =     10659.3132  VDWAALS    =     33412.5981
 EELEC  =   -244023.9138  EHBOND  =         0.0000  RESTRAINT  =       210.6696
 EAMBER (non-restraint)  =   -198589.8377
 Ewald error estimate:   0.4902E-04
 ------------------------------------------------------------------------------


      R M S  F L U C T U A T I O N S


 NSTEP =    10000   TIME(PS) =      20.000  TEMP(K) =    12.37  PRESS =     0.0
 Etot   =      3725.4964  EKtot   =      1360.4236  EPtot      =      2378.5139
 BOND   =        29.7188  ANGLE   =        44.5506  DIHED      =        20.2959
 1-4 NB =        12.9277  1-4 EEL =        28.6503  VDWAALS    =      1098.7218
 EELEC  =      3396.8585  EHBOND  =         0.0000  RESTRAINT  =        12.2468
 EAMBER (non-restraint)  =      2366.2672
 Ewald error estimate:   0.4023E-04
 ------------------------------------------------------------------------------

--------------------------------------------------------------------------------
   5.  TIMINGS
--------------------------------------------------------------------------------

|  NonSetup CPU Time in Major Routines, Average for All Tasks:
|
|     Routine           Sec        %
|     ------------------------------
|     DataDistrib      28.64    6.87
|     Nonbond         359.36   86.22
|     Bond              0.07    0.02
|     Angle             0.58    0.14
|     Dihedral          4.37    1.05
|     Shake             2.45    0.59
|     RunMD            21.18    5.08
|     Other             0.14    0.03
|     ------------------------------
|     Total           416.80

|  PME Nonbond Pairlist CPU Time, Average for All Tasks:
|
|     Routine              Sec        %
|     ---------------------------------
|     Set Up Cit           2.26    0.54
|     Build List          41.64    9.99
|     ---------------------------------
|     Total               43.89   10.53

|  PME Direct Force CPU Time, Average for All Tasks:
|
|     Routine              Sec        %
|     ---------------------------------
|     NonBonded Calc     223.46   53.61
|     Exclude Masked       3.33    0.80
|     Other                7.17    1.72
|     ---------------------------------
|     Total              233.95   56.13

|  PME Reciprocal Force CPU Time, Average for All Tasks:
|
|     Routine              Sec        %
|     ---------------------------------
|     1D bspline          10.74    2.58
|     Grid Charges         8.60    2.06
|     Scalar Sum           2.69    0.65
|     Gradient Sum         8.14    1.95
|     FFT                 51.30   12.31
|     ---------------------------------
|     Total               81.47   19.55

|  PME Load Balancing CPU Time, Average for All Tasks:
|
|     Routine                 Sec        %
|     ------------------------------------
|     Atom Reassign           0.01    0.00
|     Image Reassign          0.01    0.00
|     FFT Reassign            0.00    0.00
|     ------------------------------------
|     Total                   0.02    0.00

|  Final Performance Info:
|     -----------------------------------------------------
|     Average timings for last    1000 steps:
|     Elapsed(s) =      41.36 Per Step(ms) =      41.36
|         ns/day =       4.18   seconds/ns =   20681.39
|
|     Average timings for all steps:
|     Elapsed(s) =     421.52 Per Step(ms) =      42.15
|         ns/day =       4.10   seconds/ns =   21076.23
|     -----------------------------------------------------

|  Master Setup CPU time:            0.37 seconds
|  Master NonSetup CPU time:       410.63 seconds
|  Master Total CPU time:          411.00 seconds     0.11 hours

|  Master Setup wall time:           1    seconds
|  Master NonSetup wall time:      421    seconds
|  Master Total wall time:         422    seconds     0.12 hours
