
CPPTRAJ: Trajectory Analysis. V6.4.4 (AmberTools) MPI
    ___  ___  ___  ___
     | \/ | \/ | \/ | 
    _|_/\_|_/\_|_/\_|_

| Running on 8 processes.
| Date/time: 05/16/23 16:59:22
| Available memory: 747.987 MB

INPUT: Reading input from 'strip/strip_10.in'
  [parm 2kod_4f_solv.prmtop]
	Reading '2kod_4f_solv.prmtop' as Amber Topology
	Radius Set: modified Bondi radii (mbondi)
  [trajin 10_prod.nc]
	Reading '10_prod.nc' as Amber NetCDF
  [autoimage]
    AUTOIMAGE: To box center based on center of mass, anchor is first molecule.
  [strip :WAT,Cl-,Na+]
    STRIP: Stripping atoms in mask [:WAT,Cl-,Na+]
  [trajout 10_prod_dry.nc]
	Writing '10_prod_dry.nc' as Amber NetCDF
  [go]
---------- RUN BEGIN -------------------------------------------------

PARAMETER FILES (1 total):
 0: 2kod_4f_solv.prmtop, 54644 atoms, 17472 res, box: Truncated octahedron, 17298 mol, 17294 solvent

INPUT TRAJECTORIES (1 total):
 0: '10_prod.nc' is a NetCDF AMBER trajectory with coordinates, time, box, Parm 2kod_4f_solv.prmtop (Truncated octahedron box) (reading 200000 of 200000)
  Coordinate processing will occur on 200000 frames.

OUTPUT TRAJECTORIES (1 total):
  '10_prod_dry.nc' (200000 frames) is a NetCDF AMBER trajectory

PARALLEL INFO:
  Process 0 will handle 25000 frames.
  Process 1 will handle 25000 frames.
  Process 2 will handle 25000 frames.
  Process 3 will handle 25000 frames.
  Process 4 will handle 25000 frames.
  Process 5 will handle 25000 frames.
  Process 6 will handle 25000 frames.
  Process 7 will handle 25000 frames.
.....................................................
ACTION SETUP FOR PARM '2kod_4f_solv.prmtop' (2 actions):
  0: [autoimage]
	Original box is truncated octahedron, turning on 'familiar'.
	Using first molecule as anchor.
	1 molecules are fixed to anchor: 2
	17296 molecules are mobile.
  1: [strip :WAT,Cl-,Na+]
	Stripping 51884 atoms.
	Stripped topology: 2760 atoms, 176 res, box: Truncated octahedron, 2 mol
.....................................................
ACTIVE OUTPUT TRAJECTORIES (1):
  10_prod_dry.nc (coordinates, time, box)

BEGIN PARALLEL TRAJECTORY PROCESSING:
 0% 10% 20% 30% 40% 50% 60% 70% 80% 90% 100% Complete.
TIME: Rank 0 throughput= 5.7746 frames / second.
TIME: Rank 1 throughput= 6.2564 frames / second.
TIME: Rank 2 throughput= 5.6413 frames / second.
TIME: Rank 3 throughput= 5.6186 frames / second.
TIME: Rank 4 throughput= 5.6259 frames / second.
TIME: Rank 5 throughput= 6.3402 frames / second.
TIME: Rank 6 throughput= 5.7155 frames / second.
TIME: Rank 7 throughput= 5.8172 frames / second.
TIME: Avg. throughput= 44.9490 frames / second.

ACTION OUTPUT:
Warning: Analysis does not currently use multiple MPI processes.
TIME: Analyses took 0.0046 seconds.

RUN TIMING:
TIME:		Init               : 0.5719 s (  0.01%)
TIME:		Trajectory Process : 4449.4893 s ( 99.98%)
TIME:		Data Set Sync      : 0.0026 s (  0.00%)
TIME:		Action Post        : 0.0030 s (  0.00%)
TIME:		Analysis           : 0.0046 s (  0.00%)
TIME:		Data File Write    : 0.0000 s (  0.00%)
TIME:		Other              : 0.0920 s (  0.00%)
TIME:	Run Total 4450.1634 s
---------- RUN END ---------------------------------------------------
  [quit]
TIME: Total execution time: 4451.1218 seconds.
--------------------------------------------------------------------------------
To cite CPPTRAJ use:
Daniel R. Roe and Thomas E. Cheatham, III, "PTRAJ and CPPTRAJ: Software for
  Processing and Analysis of Molecular Dynamics Trajectory Data". J. Chem.
  Theory Comput., 2013, 9 (7), pp 3084-3095.
Daniel R. Roe and Thomas E. Cheatham, III, "Parallelization of CPPTRAJ enables
  large scale analysis of molecular dynamics trajectory data". J. Comp.
  Chem., 2018, DOI: 10.1002/jcc25382.

