Warning: When compiling code please add the following flags to nvcc:
         -gencode arch=compute_35,code=[compute_35,sm_35] \
         -gencode arch=compute_61,code=[compute_61,sm_61] 
         -gencode arch=compute_70,code=[compute_70,sm_70] 
Warning: When compiling code please add the following flags to nvcc:
         -gencode arch=compute_35,code=[compute_35,sm_35] \
         -gencode arch=compute_61,code=[compute_61,sm_61] 
         -gencode arch=compute_70,code=[compute_70,sm_70] 
+ SANDER=pmemd.cuda
+ pmemd.cuda -O -i 09_prod.in -o 09_prod.out -x 09_prod.nc -p 150end_solv.prmtop -c 08_prod.rst -r 09_prod.rst -inf 09_prod.nfo
Note: The following floating-point exceptions are signalling: IEEE_UNDERFLOW_FLAG IEEE_DENORMAL
+ echo 'parm 150end_solv.prmtop'
+ echo 'trajin 09_prod.nc'
+ echo autoimage
+ echo 'strip :WAT,Cl-,Na+ '
+ echo 'trajout 09_prod_dry.nc'
+ echo go
+ echo quit
+ cpptraj -i strip/strip_09.in
+ sbatch h2p_gpu_prod_10.slurm
