Updating system with the options from the configuration file
Maximum wallclock time: 1 day, 0:00:00

Mon May 20 15:26:13 2024
Iteration 596 (600 requested)
Continuing iteration 596
30 segments remain in iteration 596 (124 total)
31 of 33 (93.939394%) active bins are populated
per-bin minimum non-zero probability:       0.000397278
per-bin maximum probability:                0.131715
per-bin probability dynamic range (kT):     5.80376
per-segment minimum non-zero probability:   6.73408e-05
per-segment maximum non-zero probability:   0.0463424
per-segment probability dynamic range (kT): 6.53405
norm = 1, error in norm = -2.22045e-16 (-1*epsilon)
MAB binning in use
Bottleneck bin occupancy may not be accurately reported
Waiting for segments to complete...
################ MAB stats ################
minima in each dimension:      [1.2207999]
maxima in each dimension:      [33.4586]
direction in each dimension:   [86]
skip in each dimension:        [0]
###########################################
Iteration completed successfully
Iteration wallclock: 0:03:27.524434, cputime: 0:34:14.135402


Mon May 20 15:29:40 2024
Iteration 597 (600 requested)
Beginning iteration 597
124 segments remain in iteration 597 (124 total)
30 of 33 (90.909091%) active bins are populated
per-bin minimum non-zero probability:       0.00250486
per-bin maximum probability:                0.155087
per-bin probability dynamic range (kT):     4.12575
per-segment minimum non-zero probability:   0.000135974
per-segment maximum non-zero probability:   0.0542682
per-segment probability dynamic range (kT): 5.98923
norm = 1, error in norm = -4.44089e-16 (-2*epsilon)
MAB binning in use
Bottleneck bin occupancy may not be accurately reported
Waiting for segments to complete...
################ MAB stats ################
minima in each dimension:      [0.4318]
maxima in each dimension:      [33.9098]
direction in each dimension:   [86]
skip in each dimension:        [0]
###########################################
Iteration completed successfully
Iteration wallclock: 0:06:52.724538, cputime: 0:33:55.156930


Mon May 20 15:36:33 2024
Iteration 598 (600 requested)
Beginning iteration 598
124 segments remain in iteration 598 (124 total)
31 of 33 (93.939394%) active bins are populated
per-bin minimum non-zero probability:       0.000660874
per-bin maximum probability:                0.172742
per-bin probability dynamic range (kT):     5.56599
per-segment minimum non-zero probability:   0.000165218
per-segment maximum non-zero probability:   0.0542682
per-segment probability dynamic range (kT): 5.79442
norm = 1, error in norm = -4.44089e-16 (-2*epsilon)
MAB binning in use
Bottleneck bin occupancy may not be accurately reported
Waiting for segments to complete...
################ MAB stats ################
minima in each dimension:      [0.1513]
maxima in each dimension:      [35.6338]
direction in each dimension:   [86]
skip in each dimension:        [0]
###########################################
Iteration completed successfully
Iteration wallclock: 0:06:41.940704, cputime: 0:33:39.554760


Mon May 20 15:43:15 2024
Iteration 599 (600 requested)
Beginning iteration 599
128 segments remain in iteration 599 (128 total)
31 of 33 (93.939394%) active bins are populated
per-bin minimum non-zero probability:       0.0012957
per-bin maximum probability:                0.164896
per-bin probability dynamic range (kT):     4.84627
per-segment minimum non-zero probability:   0.000312944
per-segment maximum non-zero probability:   0.0542682
per-segment probability dynamic range (kT): 5.15567
norm = 1, error in norm = -2.22045e-16 (-1*epsilon)
MAB binning in use
Bottleneck bin occupancy may not be accurately reported
Waiting for segments to complete...
