Updating system with the options from the configuration file
Maximum wallclock time: 1 day, 0:00:00

Sat May 18 17:49:27 2024
Iteration 439 (500 requested)
Beginning iteration 439
132 segments remain in iteration 439 (132 total)
33 of 33 (100.000000%) active bins are populated
per-bin minimum non-zero probability:       1.83952e-07
per-bin maximum probability:                0.115693
per-bin probability dynamic range (kT):     13.3518
per-segment minimum non-zero probability:   4.59879e-08
per-segment maximum non-zero probability:   0.0418516
per-segment probability dynamic range (kT): 13.7213
norm = 1, error in norm = -1.11022e-16 (-0.5*epsilon)
MAB binning in use
Bottleneck bin occupancy may not be accurately reported
Waiting for segments to complete...
################ MAB stats ################
minima in each dimension:      [0.1598]
maxima in each dimension:      [38.451]
direction in each dimension:   [86]
skip in each dimension:        [0]
###########################################
Iteration completed successfully
Iteration wallclock: 0:08:37.102105, cputime: 0:36:17.315008


Sat May 18 17:58:04 2024
Iteration 440 (500 requested)
Beginning iteration 440
128 segments remain in iteration 440 (128 total)
32 of 33 (96.969697%) active bins are populated
per-bin minimum non-zero probability:       3.67903e-07
per-bin maximum probability:                0.134637
per-bin probability dynamic range (kT):     12.8103
per-segment minimum non-zero probability:   9.19758e-08
per-segment maximum non-zero probability:   0.0457668
per-segment probability dynamic range (kT): 13.1175
norm = 1, error in norm = -1.11022e-16 (-0.5*epsilon)
MAB binning in use
Bottleneck bin occupancy may not be accurately reported
Waiting for segments to complete...
################ MAB stats ################
minima in each dimension:      [0.4745]
maxima in each dimension:      [39.6111]
direction in each dimension:   [86]
skip in each dimension:        [0]
###########################################
Iteration completed successfully
Iteration wallclock: 0:06:32.713017, cputime: 0:35:18.568874


Sat May 18 18:04:37 2024
Iteration 441 (500 requested)
Beginning iteration 441
128 segments remain in iteration 441 (128 total)
32 of 33 (96.969697%) active bins are populated
per-bin minimum non-zero probability:       9.19758e-08
per-bin maximum probability:                0.139284
per-bin probability dynamic range (kT):     14.2305
per-segment minimum non-zero probability:   2.29939e-08
per-segment maximum non-zero probability:   0.0457668
per-segment probability dynamic range (kT): 14.5038
norm = 1, error in norm = -2.22045e-16 (-1*epsilon)
MAB binning in use
Bottleneck bin occupancy may not be accurately reported
Waiting for segments to complete...
################ MAB stats ################
minima in each dimension:      [0.3271]
maxima in each dimension:      [39.7898]
direction in each dimension:   [86]
skip in each dimension:        [0]
###########################################
Iteration completed successfully
Iteration wallclock: 0:06:29.608888, cputime: 0:35:21.993666


Sat May 18 18:11:06 2024
Iteration 442 (500 requested)
Beginning iteration 442
128 segments remain in iteration 442 (128 total)
32 of 33 (96.969697%) active bins are populated
per-bin minimum non-zero probability:       1.07305e-07
per-bin maximum probability:                0.146868
per-bin probability dynamic range (kT):     14.1294
per-segment minimum non-zero probability:   2.04391e-08
per-segment maximum non-zero probability:   0.0512609
per-segment probability dynamic range (kT): 14.735
norm = 1, error in norm = -2.22045e-16 (-1*epsilon)
MAB binning in use
Bottleneck bin occupancy may not be accurately reported
Waiting for segments to complete...
################ MAB stats ################
minima in each dimension:      [0.5722]
maxima in each dimension:      [39.5276]
direction in each dimension:   [86]
skip in each dimension:        [0]
###########################################
Iteration completed successfully
Iteration wallclock: 0:06:31.754333, cputime: 0:35:30.109548


Sat May 18 18:17:38 2024
Iteration 443 (500 requested)
Beginning iteration 443
128 segments remain in iteration 443 (128 total)
32 of 33 (96.969697%) active bins are populated
per-bin minimum non-zero probability:       2.04391e-08
per-bin maximum probability:                0.133369
per-bin probability dynamic range (kT):     15.6912
per-segment minimum non-zero probability:   5.10976e-09
per-segment maximum non-zero probability:   0.0457668
per-segment probability dynamic range (kT): 16.0079
norm = 1, error in norm = 0 (0*epsilon)
MAB binning in use
Bottleneck bin occupancy may not be accurately reported
Waiting for segments to complete...
################ MAB stats ################
minima in each dimension:      [2.4467]
maxima in each dimension:      [38.9805]
direction in each dimension:   [86]
skip in each dimension:        [0]
###########################################
Iteration completed successfully
Iteration wallclock: 0:06:33.029907, cputime: 0:35:22.442443


Sat May 18 18:24:11 2024
Iteration 444 (500 requested)
Beginning iteration 444
132 segments remain in iteration 444 (132 total)
30 of 33 (90.909091%) active bins are populated
per-bin minimum non-zero probability:       5.10976e-09
per-bin maximum probability:                0.170061
per-bin probability dynamic range (kT):     17.3205
per-segment minimum non-zero probability:   1.27744e-09
per-segment maximum non-zero probability:   0.0537806
per-segment probability dynamic range (kT): 17.5556
norm = 1, error in norm = -1.11022e-16 (-0.5*epsilon)
MAB binning in use
Bottleneck bin occupancy may not be accurately reported
Waiting for segments to complete...
################ MAB stats ################
minima in each dimension:      [1.1719]
maxima in each dimension:      [39.712]
direction in each dimension:   [86]
skip in each dimension:        [0]
###########################################
Iteration completed successfully
Iteration wallclock: 0:06:48.486785, cputime: 0:36:25.931567


Sat May 18 18:31:00 2024
Iteration 445 (500 requested)
Beginning iteration 445
132 segments remain in iteration 445 (132 total)
32 of 33 (96.969697%) active bins are populated
per-bin minimum non-zero probability:       1.27744e-09
per-bin maximum probability:                0.161486
per-bin probability dynamic range (kT):     18.6551
per-segment minimum non-zero probability:   3.1936e-10
per-segment maximum non-zero probability:   0.0537806
per-segment probability dynamic range (kT): 18.9419
norm = 1, error in norm = -2.22045e-16 (-1*epsilon)
MAB binning in use
Bottleneck bin occupancy may not be accurately reported
Waiting for segments to complete...
################ MAB stats ################
minima in each dimension:      [0.9036]
maxima in each dimension:      [39.3892]
direction in each dimension:   [86]
skip in each dimension:        [0]
###########################################
Iteration completed successfully
Iteration wallclock: 0:06:45.147871, cputime: 0:36:42.667094


Sat May 18 18:37:45 2024
Iteration 446 (500 requested)
Beginning iteration 446
132 segments remain in iteration 446 (132 total)
33 of 33 (100.000000%) active bins are populated
per-bin minimum non-zero probability:       3.1936e-10
per-bin maximum probability:                0.226807
per-bin probability dynamic range (kT):     20.381
per-segment minimum non-zero probability:   7.98401e-11
per-segment maximum non-zero probability:   0.0690748
per-segment probability dynamic range (kT): 20.5784
norm = 1, error in norm = 0 (0*epsilon)
MAB binning in use
Bottleneck bin occupancy may not be accurately reported
Waiting for segments to complete...
################ MAB stats ################
minima in each dimension:      [2.9825]
maxima in each dimension:      [39.6929]
direction in each dimension:   [86]
skip in each dimension:        [0]
###########################################
Iteration completed successfully
Iteration wallclock: 0:06:46.236780, cputime: 0:36:38.362741


Sat May 18 18:44:31 2024
Iteration 447 (500 requested)
Beginning iteration 447
132 segments remain in iteration 447 (132 total)
32 of 33 (96.969697%) active bins are populated
per-bin minimum non-zero probability:       3.26546e-08
per-bin maximum probability:                0.142582
per-bin probability dynamic range (kT):     15.2894
per-segment minimum non-zero probability:   7.66465e-09
per-segment maximum non-zero probability:   0.0474623
per-segment probability dynamic range (kT): 15.6388
norm = 1, error in norm = -2.22045e-16 (-1*epsilon)
MAB binning in use
Bottleneck bin occupancy may not be accurately reported
Waiting for segments to complete...
################ MAB stats ################
minima in each dimension:      [1.6017]
maxima in each dimension:      [39.8282]
direction in each dimension:   [86]
skip in each dimension:        [0]
###########################################
Iteration completed successfully
Iteration wallclock: 0:06:51.879284, cputime: 0:36:32.265683


Sat May 18 18:51:23 2024
Iteration 448 (500 requested)
Beginning iteration 448
132 segments remain in iteration 448 (132 total)
33 of 33 (100.000000%) active bins are populated
per-bin minimum non-zero probability:       2.10778e-08
per-bin maximum probability:                0.137043
per-bin probability dynamic range (kT):     15.6876
per-segment minimum non-zero probability:   5.26944e-09
per-segment maximum non-zero probability:   0.0474623
per-segment probability dynamic range (kT): 16.0135
norm = 1, error in norm = -2.22045e-16 (-1*epsilon)
MAB binning in use
Bottleneck bin occupancy may not be accurately reported
Waiting for segments to complete...
################ MAB stats ################
minima in each dimension:      [0.6322]
maxima in each dimension:      [39.7698]
direction in each dimension:   [86]
skip in each dimension:        [0]
###########################################
Iteration completed successfully
Iteration wallclock: 0:06:48.970937, cputime: 0:36:26.184350


Sat May 18 18:58:12 2024
Iteration 449 (500 requested)
Beginning iteration 449
132 segments remain in iteration 449 (132 total)
32 of 33 (96.969697%) active bins are populated
per-bin minimum non-zero probability:       5.26944e-09
per-bin maximum probability:                0.196321
per-bin probability dynamic range (kT):     17.4333
per-segment minimum non-zero probability:   1.31736e-09
per-segment maximum non-zero probability:   0.0620638
per-segment probability dynamic range (kT): 17.668
norm = 1, error in norm = -2.22045e-16 (-1*epsilon)
MAB binning in use
Bottleneck bin occupancy may not be accurately reported
Waiting for segments to complete...
################ MAB stats ################
minima in each dimension:      [0.7303]
maxima in each dimension:      [39.856]
direction in each dimension:   [86]
skip in each dimension:        [0]
###########################################
Iteration completed successfully
Iteration wallclock: 0:06:47.719869, cputime: 0:36:23.528908


Sat May 18 19:05:00 2024
Iteration 450 (500 requested)
Beginning iteration 450
124 segments remain in iteration 450 (124 total)
32 of 33 (96.969697%) active bins are populated
per-bin minimum non-zero probability:       1.54357e-08
per-bin maximum probability:                0.190055
per-bin probability dynamic range (kT):     16.3261
per-segment minimum non-zero probability:   3.85894e-09
per-segment maximum non-zero probability:   0.0620638
per-segment probability dynamic range (kT): 16.5933
norm = 1, error in norm = 2.22045e-16 (1*epsilon)
MAB binning in use
Bottleneck bin occupancy may not be accurately reported
Waiting for segments to complete...
################ MAB stats ################
minima in each dimension:      [0.3093]
maxima in each dimension:      [39.9981]
direction in each dimension:   [86]
skip in each dimension:        [0]
###########################################
Iteration completed successfully
Iteration wallclock: 0:06:25.082298, cputime: 0:34:20.479931


Sat May 18 19:11:25 2024
Iteration 451 (500 requested)
Beginning iteration 451
132 segments remain in iteration 451 (132 total)
32 of 33 (96.969697%) active bins are populated
per-bin minimum non-zero probability:       3.85894e-09
per-bin maximum probability:                0.16667
per-bin probability dynamic range (kT):     17.5811
per-segment minimum non-zero probability:   9.64734e-10
per-segment maximum non-zero probability:   0.0620638
per-segment probability dynamic range (kT): 17.9796
norm = 1, error in norm = -1.11022e-16 (-0.5*epsilon)
MAB binning in use
Bottleneck bin occupancy may not be accurately reported
Waiting for segments to complete...
################ MAB stats ################
minima in each dimension:      [1.6291]
maxima in each dimension:      [38.7433]
direction in each dimension:   [86]
skip in each dimension:        [0]
###########################################
Iteration completed successfully
Iteration wallclock: 0:06:44.902998, cputime: 0:36:37.110162


Sat May 18 19:18:10 2024
Iteration 452 (500 requested)
Beginning iteration 452
132 segments remain in iteration 452 (132 total)
33 of 33 (100.000000%) active bins are populated
per-bin minimum non-zero probability:       9.64734e-10
per-bin maximum probability:                0.144322
per-bin probability dynamic range (kT):     18.8235
per-segment minimum non-zero probability:   4.82367e-10
per-segment maximum non-zero probability:   0.0620638
per-segment probability dynamic range (kT): 18.6727
norm = 1, error in norm = -1.11022e-16 (-0.5*epsilon)
MAB binning in use
Bottleneck bin occupancy may not be accurately reported
Waiting for segments to complete...
################ MAB stats ################
minima in each dimension:      [1.7721]
maxima in each dimension:      [39.784]
direction in each dimension:   [86]
skip in each dimension:        [0]
###########################################
Iteration completed successfully
Iteration wallclock: 0:06:47.504339, cputime: 0:36:29.101681


Sat May 18 19:24:57 2024
Iteration 453 (500 requested)
Beginning iteration 453
128 segments remain in iteration 453 (128 total)
31 of 33 (93.939394%) active bins are populated
per-bin minimum non-zero probability:       2.91217e-08
per-bin maximum probability:                0.183426
per-bin probability dynamic range (kT):     15.6558
per-segment minimum non-zero probability:   6.30071e-09
per-segment maximum non-zero probability:   0.0531934
per-segment probability dynamic range (kT): 15.9488
norm = 1, error in norm = -2.22045e-16 (-1*epsilon)
MAB binning in use
Bottleneck bin occupancy may not be accurately reported
Waiting for segments to complete...
################ MAB stats ################
minima in each dimension:      [2.7288]
maxima in each dimension:      [39.5272]
direction in each dimension:   [86]
skip in each dimension:        [0]
###########################################
Iteration completed successfully
Iteration wallclock: 0:06:28.097588, cputime: 0:35:32.531140


Sat May 18 19:31:25 2024
Iteration 454 (500 requested)
Beginning iteration 454
128 segments remain in iteration 454 (128 total)
31 of 33 (93.939394%) active bins are populated
per-bin minimum non-zero probability:       3.92813e-08
per-bin maximum probability:                0.154396
per-bin probability dynamic range (kT):     15.1843
per-segment minimum non-zero probability:   8.24515e-09
per-segment maximum non-zero probability:   0.0531934
per-segment probability dynamic range (kT): 15.6798
norm = 1, error in norm = -2.22045e-16 (-1*epsilon)
MAB binning in use
Bottleneck bin occupancy may not be accurately reported
Waiting for segments to complete...
################ MAB stats ################
minima in each dimension:      [0.5681]
maxima in each dimension:      [39.9654]
direction in each dimension:   [86]
skip in each dimension:        [0]
###########################################
Iteration completed successfully
Iteration wallclock: 0:06:29.495865, cputime: 0:35:25.401524


Sat May 18 19:37:55 2024
Iteration 455 (500 requested)
Beginning iteration 455
124 segments remain in iteration 455 (124 total)
31 of 33 (93.939394%) active bins are populated
per-bin minimum non-zero probability:       2.52777e-08
per-bin maximum probability:                0.139276
per-bin probability dynamic range (kT):     15.522
per-segment minimum non-zero probability:   4.84862e-09
per-segment maximum non-zero probability:   0.0464531
per-segment probability dynamic range (kT): 16.0753
norm = 1, error in norm = 0 (0*epsilon)
MAB binning in use
Bottleneck bin occupancy may not be accurately reported
Waiting for segments to complete...
################ MAB stats ################
minima in each dimension:      [1.0371]
maxima in each dimension:      [39.9051]
direction in each dimension:   [86]
skip in each dimension:        [0]
###########################################
Iteration completed successfully
Iteration wallclock: 0:06:24.334591, cputime: 0:34:21.285048


Sat May 18 19:44:19 2024
Iteration 456 (500 requested)
Beginning iteration 456
128 segments remain in iteration 456 (128 total)
32 of 33 (96.969697%) active bins are populated
per-bin minimum non-zero probability:       5.0483e-08
per-bin maximum probability:                0.143081
per-bin probability dynamic range (kT):     14.8573
per-segment minimum non-zero probability:   9.69724e-09
per-segment maximum non-zero probability:   0.0485824
per-segment probability dynamic range (kT): 15.4269
norm = 1, error in norm = 0 (0*epsilon)
MAB binning in use
Bottleneck bin occupancy may not be accurately reported
Waiting for segments to complete...
################ MAB stats ################
minima in each dimension:      [1.0828]
maxima in each dimension:      [39.4247]
direction in each dimension:   [86]
skip in each dimension:        [0]
###########################################
Iteration completed successfully
Iteration wallclock: 0:06:28.373526, cputime: 0:35:22.931826


Sat May 18 19:50:47 2024
Iteration 457 (500 requested)
Beginning iteration 457
124 segments remain in iteration 457 (124 total)
31 of 33 (93.939394%) active bins are populated
per-bin minimum non-zero probability:       6.82283e-08
per-bin maximum probability:                0.144369
per-bin probability dynamic range (kT):     14.565
per-segment minimum non-zero probability:   9.69724e-09
per-segment maximum non-zero probability:   0.0464531
per-segment probability dynamic range (kT): 15.3821
norm = 1, error in norm = -4.44089e-16 (-2*epsilon)
MAB binning in use
Bottleneck bin occupancy may not be accurately reported
Waiting for segments to complete...
################ MAB stats ################
minima in each dimension:      [1.6649]
maxima in each dimension:      [39.7438]
direction in each dimension:   [86]
skip in each dimension:        [0]
###########################################
Iteration completed successfully
Iteration wallclock: 0:06:24.136627, cputime: 0:34:13.623849


Sat May 18 19:57:11 2024
Iteration 458 (500 requested)
Beginning iteration 458
132 segments remain in iteration 458 (132 total)
32 of 33 (96.969697%) active bins are populated
per-bin minimum non-zero probability:       3.0054e-08
per-bin maximum probability:                0.121365
per-bin probability dynamic range (kT):     15.2113
per-segment minimum non-zero probability:   7.51349e-09
per-segment maximum non-zero probability:   0.0464531
per-segment probability dynamic range (kT): 15.6373
norm = 1, error in norm = -1.11022e-16 (-0.5*epsilon)
MAB binning in use
Bottleneck bin occupancy may not be accurately reported
Waiting for segments to complete...
################ MAB stats ################
minima in each dimension:      [2.0603]
maxima in each dimension:      [39.7037]
direction in each dimension:   [86]
skip in each dimension:        [0]
###########################################
Iteration completed successfully
Iteration wallclock: 0:06:48.650378, cputime: 0:36:28.864086


Sat May 18 20:04:00 2024
Iteration 459 (500 requested)
Beginning iteration 459
132 segments remain in iteration 459 (132 total)
32 of 33 (96.969697%) active bins are populated
per-bin minimum non-zero probability:       2.74732e-08
per-bin maximum probability:                0.118397
per-bin probability dynamic range (kT):     15.2763
per-segment minimum non-zero probability:   6.44071e-09
per-segment maximum non-zero probability:   0.0455955
per-segment probability dynamic range (kT): 15.7727
norm = 1, error in norm = -1.11022e-16 (-0.5*epsilon)
MAB binning in use
Bottleneck bin occupancy may not be accurately reported
Waiting for segments to complete...
################ MAB stats ################
minima in each dimension:      [0.3279]
maxima in each dimension:      [39.658]
direction in each dimension:   [86]
skip in each dimension:        [0]
###########################################
Iteration completed successfully
Iteration wallclock: 0:06:45.790799, cputime: 0:36:37.081888


Sat May 18 20:10:46 2024
Iteration 460 (500 requested)
Beginning iteration 460
124 segments remain in iteration 460 (124 total)
31 of 33 (93.939394%) active bins are populated
per-bin minimum non-zero probability:       1.45917e-08
per-bin maximum probability:                0.160081
per-bin probability dynamic range (kT):     16.2107
per-segment minimum non-zero probability:   2.71701e-09
per-segment maximum non-zero probability:   0.049028
per-segment probability dynamic range (kT): 16.7084
norm = 1, error in norm = 0 (0*epsilon)
MAB binning in use
Bottleneck bin occupancy may not be accurately reported
Waiting for segments to complete...
################ MAB stats ################
minima in each dimension:      [0.3893]
maxima in each dimension:      [39.9287]
direction in each dimension:   [86]
skip in each dimension:        [0]
###########################################
Iteration completed successfully
Iteration wallclock: 0:06:23.363779, cputime: 0:34:30.080159


Sat May 18 20:17:09 2024
Iteration 461 (500 requested)
Beginning iteration 461
128 segments remain in iteration 461 (128 total)
31 of 33 (93.939394%) active bins are populated
per-bin minimum non-zero probability:       7.05405e-08
per-bin maximum probability:                0.138279
per-bin probability dynamic range (kT):     14.4886
per-segment minimum non-zero probability:   6.79253e-10
per-segment maximum non-zero probability:   0.0455955
per-segment probability dynamic range (kT): 18.0221
norm = 1, error in norm = -2.22045e-16 (-1*epsilon)
MAB binning in use
Bottleneck bin occupancy may not be accurately reported
Waiting for segments to complete...
################ MAB stats ################
minima in each dimension:      [0.7484]
maxima in each dimension:      [39.7413]
direction in each dimension:   [86]
skip in each dimension:        [0]
###########################################
Iteration completed successfully
Iteration wallclock: 0:06:31.382793, cputime: 0:35:16.876858


Sat May 18 20:23:41 2024
Iteration 462 (500 requested)
Beginning iteration 462
128 segments remain in iteration 462 (128 total)
33 of 33 (100.000000%) active bins are populated
per-bin minimum non-zero probability:       2.23899e-08
per-bin maximum probability:                0.143373
per-bin probability dynamic range (kT):     15.6724
per-segment minimum non-zero probability:   4.74841e-09
per-segment maximum non-zero probability:   0.0490799
per-segment probability dynamic range (kT): 16.1512
norm = 1, error in norm = -1.11022e-16 (-0.5*epsilon)
MAB binning in use
Bottleneck bin occupancy may not be accurately reported
Waiting for segments to complete...
################ MAB stats ################
minima in each dimension:      [1.9852]
maxima in each dimension:      [39.7649]
direction in each dimension:   [86]
skip in each dimension:        [0]
###########################################
Iteration completed successfully
Iteration wallclock: 0:06:30.823717, cputime: 0:35:21.763132


Sat May 18 20:30:11 2024
Iteration 463 (500 requested)
Beginning iteration 463
120 segments remain in iteration 463 (120 total)
29 of 33 (87.878788%) active bins are populated
per-bin minimum non-zero probability:       2.67398e-08
per-bin maximum probability:                0.140857
per-bin probability dynamic range (kT):     15.4771
per-segment minimum non-zero probability:   6.68494e-09
per-segment maximum non-zero probability:   0.0490799
per-segment probability dynamic range (kT): 15.8091
norm = 1, error in norm = 0 (0*epsilon)
MAB binning in use
Bottleneck bin occupancy may not be accurately reported
Waiting for segments to complete...
################ MAB stats ################
minima in each dimension:      [1.9806]
maxima in each dimension:      [39.0262]
direction in each dimension:   [86]
skip in each dimension:        [0]
###########################################
Iteration completed successfully
Iteration wallclock: 0:06:04.888619, cputime: 0:33:14.674760


Sat May 18 20:36:16 2024
Iteration 464 (500 requested)
Beginning iteration 464
128 segments remain in iteration 464 (128 total)
33 of 33 (100.000000%) active bins are populated
per-bin minimum non-zero probability:       4.73529e-08
per-bin maximum probability:                0.182691
per-bin probability dynamic range (kT):     15.1657
per-segment minimum non-zero probability:   9.09935e-09
per-segment maximum non-zero probability:   0.0577441
per-segment probability dynamic range (kT): 15.6633
norm = 1, error in norm = -1.11022e-16 (-0.5*epsilon)
MAB binning in use
Bottleneck bin occupancy may not be accurately reported
Waiting for segments to complete...
################ MAB stats ################
minima in each dimension:      [1.7042]
maxima in each dimension:      [39.9515]
direction in each dimension:   [86]
skip in each dimension:        [0]
###########################################
Iteration completed successfully
Iteration wallclock: 0:06:29.921970, cputime: 0:35:35.601001


Sat May 18 20:42:46 2024
Iteration 465 (500 requested)
Beginning iteration 465
124 segments remain in iteration 465 (124 total)
32 of 33 (96.969697%) active bins are populated
per-bin minimum non-zero probability:       1.08511e-08
per-bin maximum probability:                0.130646
per-bin probability dynamic range (kT):     16.3037
per-segment minimum non-zero probability:   2.71277e-09
per-segment maximum non-zero probability:   0.0435386
per-segment probability dynamic range (kT): 16.5912
norm = 1, error in norm = 0 (0*epsilon)
MAB binning in use
Bottleneck bin occupancy may not be accurately reported
Waiting for segments to complete...
################ MAB stats ################
minima in each dimension:      [0.8636]
maxima in each dimension:      [39.7984]
direction in each dimension:   [86]
skip in each dimension:        [0]
###########################################
Iteration completed successfully
Iteration wallclock: 0:06:26.424661, cputime: 0:34:23.928203


Sat May 18 20:49:13 2024
Iteration 466 (500 requested)
Beginning iteration 466
128 segments remain in iteration 466 (128 total)
31 of 33 (93.939394%) active bins are populated
per-bin minimum non-zero probability:       2.85437e-08
per-bin maximum probability:                0.127907
per-bin probability dynamic range (kT):     15.3154
per-segment minimum non-zero probability:   2.71277e-09
per-segment maximum non-zero probability:   0.0435386
per-segment probability dynamic range (kT): 16.5912
norm = 1, error in norm = -2.22045e-16 (-1*epsilon)
MAB binning in use
Bottleneck bin occupancy may not be accurately reported
Waiting for segments to complete...
################ MAB stats ################
minima in each dimension:      [1.2434]
maxima in each dimension:      [39.0366]
direction in each dimension:   [86]
skip in each dimension:        [0]
###########################################
Iteration completed successfully
Iteration wallclock: 0:06:30.270785, cputime: 0:35:12.467228


Sat May 18 20:55:43 2024
Iteration 467 (500 requested)
Beginning iteration 467
132 segments remain in iteration 467 (132 total)
32 of 33 (96.969697%) active bins are populated
per-bin minimum non-zero probability:       6.68494e-09
per-bin maximum probability:                0.114596
per-bin probability dynamic range (kT):     16.6571
per-segment minimum non-zero probability:   1.67124e-09
per-segment maximum non-zero probability:   0.0433514
per-segment probability dynamic range (kT): 17.0713
norm = 1, error in norm = -2.22045e-16 (-1*epsilon)
MAB binning in use
Bottleneck bin occupancy may not be accurately reported
Waiting for segments to complete...
################ MAB stats ################
minima in each dimension:      [0.9514]
maxima in each dimension:      [39.7632]
direction in each dimension:   [86]
skip in each dimension:        [0]
###########################################
Iteration completed successfully
Iteration wallclock: 0:06:49.773296, cputime: 0:36:37.385532


Sat May 18 21:02:33 2024
Iteration 468 (500 requested)
Beginning iteration 468
132 segments remain in iteration 468 (132 total)
32 of 33 (96.969697%) active bins are populated
per-bin minimum non-zero probability:       5.42554e-09
per-bin maximum probability:                0.122176
per-bin probability dynamic range (kT):     16.9299
per-segment minimum non-zero probability:   1.35638e-09
per-segment maximum non-zero probability:   0.0433514
per-segment probability dynamic range (kT): 17.28
norm = 1, error in norm = -2.22045e-16 (-1*epsilon)
MAB binning in use
Bottleneck bin occupancy may not be accurately reported
Waiting for segments to complete...
################ MAB stats ################
minima in each dimension:      [1.0544]
maxima in each dimension:      [39.4297]
direction in each dimension:   [86]
skip in each dimension:        [0]
###########################################
Iteration completed successfully
Iteration wallclock: 0:06:47.546598, cputime: 0:36:37.986037


Sat May 18 21:09:20 2024
Iteration 469 (500 requested)
Beginning iteration 469
128 segments remain in iteration 469 (128 total)
32 of 33 (96.969697%) active bins are populated
per-bin minimum non-zero probability:       1.67124e-09
per-bin maximum probability:                0.174459
per-bin probability dynamic range (kT):     18.4636
per-segment minimum non-zero probability:   4.17809e-10
per-segment maximum non-zero probability:   0.0528497
per-segment probability dynamic range (kT): 18.6557
norm = 1, error in norm = 0 (0*epsilon)
MAB binning in use
Bottleneck bin occupancy may not be accurately reported
Waiting for segments to complete...
################ MAB stats ################
minima in each dimension:      [1.5837]
maxima in each dimension:      [39.9695]
direction in each dimension:   [86]
skip in each dimension:        [0]
###########################################
Iteration completed successfully
Iteration wallclock: 0:06:28.097712, cputime: 0:35:27.467606


Sat May 18 21:15:48 2024
Iteration 470 (500 requested)
Beginning iteration 470
128 segments remain in iteration 470 (128 total)
31 of 33 (93.939394%) active bins are populated
per-bin minimum non-zero probability:       8.35618e-10
per-bin maximum probability:                0.143987
per-bin probability dynamic range (kT):     18.9648
per-segment minimum non-zero probability:   2.08904e-10
per-segment maximum non-zero probability:   0.0528497
per-segment probability dynamic range (kT): 19.3488
norm = 1, error in norm = -2.22045e-16 (-1*epsilon)
MAB binning in use
Bottleneck bin occupancy may not be accurately reported
Waiting for segments to complete...
################ MAB stats ################
minima in each dimension:      [0.7448]
maxima in each dimension:      [39.5148]
direction in each dimension:   [86]
skip in each dimension:        [0]
###########################################
Iteration completed successfully
Iteration wallclock: 0:06:29.253471, cputime: 0:35:39.282609


Sat May 18 21:22:18 2024
Iteration 471 (500 requested)
Beginning iteration 471
128 segments remain in iteration 471 (128 total)
31 of 33 (93.939394%) active bins are populated
per-bin minimum non-zero probability:       3.42098e-08
per-bin maximum probability:                0.113983
per-bin probability dynamic range (kT):     15.019
per-segment minimum non-zero probability:   7.56451e-09
per-segment maximum non-zero probability:   0.0427905
per-segment probability dynamic range (kT): 15.5484
norm = 1, error in norm = -3.33067e-16 (-1.5*epsilon)
MAB binning in use
Bottleneck bin occupancy may not be accurately reported
Waiting for segments to complete...
################ MAB stats ################
minima in each dimension:      [0.282]
maxima in each dimension:      [39.8823]
direction in each dimension:   [86]
skip in each dimension:        [0]
###########################################
Iteration completed successfully
Iteration wallclock: 0:06:28.338001, cputime: 0:35:38.191541


Sat May 18 21:28:46 2024
Iteration 472 (500 requested)
Beginning iteration 472
128 segments remain in iteration 472 (128 total)
31 of 33 (93.939394%) active bins are populated
per-bin minimum non-zero probability:       2.08139e-08
per-bin maximum probability:                0.163636
per-bin probability dynamic range (kT):     15.8775
per-segment minimum non-zero probability:   3.83877e-09
per-segment maximum non-zero probability:   0.0573502
per-segment probability dynamic range (kT): 16.5195
norm = 1, error in norm = -2.22045e-16 (-1*epsilon)
MAB binning in use
Bottleneck bin occupancy may not be accurately reported
Waiting for segments to complete...
################ MAB stats ################
minima in each dimension:      [0.3115]
maxima in each dimension:      [39.9781]
direction in each dimension:   [86]
skip in each dimension:        [0]
###########################################
Iteration completed successfully
Iteration wallclock: 0:06:27.472346, cputime: 0:35:42.671834


Sat May 18 21:35:13 2024
Iteration 473 (500 requested)
Beginning iteration 473
124 segments remain in iteration 473 (124 total)
31 of 33 (93.939394%) active bins are populated
per-bin minimum non-zero probability:       1.9013e-08
per-bin maximum probability:                0.161578
per-bin probability dynamic range (kT):     15.9554
per-segment minimum non-zero probability:   3.23847e-09
per-segment maximum non-zero probability:   0.0573502
per-segment probability dynamic range (kT): 16.6896
norm = 1, error in norm = 0 (0*epsilon)
MAB binning in use
Bottleneck bin occupancy may not be accurately reported
Waiting for segments to complete...
################ MAB stats ################
minima in each dimension:      [0.5261]
maxima in each dimension:      [39.7221]
direction in each dimension:   [86]
skip in each dimension:        [0]
###########################################
Iteration completed successfully
Iteration wallclock: 0:06:24.211100, cputime: 0:34:20.176349


Sat May 18 21:41:38 2024
Iteration 474 (500 requested)
Beginning iteration 474
132 segments remain in iteration 474 (132 total)
32 of 33 (96.969697%) active bins are populated
per-bin minimum non-zero probability:       1.83675e-08
per-bin maximum probability:                0.18839
per-bin probability dynamic range (kT):     16.1434
per-segment minimum non-zero probability:   3.78226e-09
per-segment maximum non-zero probability:   0.0616634
per-segment probability dynamic range (kT): 16.6069
norm = 1, error in norm = -2.22045e-16 (-1*epsilon)
MAB binning in use
Bottleneck bin occupancy may not be accurately reported
Waiting for segments to complete...
################ MAB stats ################
minima in each dimension:      [1.5634]
maxima in each dimension:      [39.0137]
direction in each dimension:   [86]
skip in each dimension:        [0]
###########################################
Iteration completed successfully
Iteration wallclock: 0:06:47.259986, cputime: 0:36:42.481936


Sat May 18 21:48:25 2024
Iteration 475 (500 requested)
Beginning iteration 475
128 segments remain in iteration 475 (128 total)
32 of 33 (96.969697%) active bins are populated
per-bin minimum non-zero probability:       2.68719e-08
per-bin maximum probability:                0.17001
per-bin probability dynamic range (kT):     15.6603
per-segment minimum non-zero probability:   2.41518e-09
per-segment maximum non-zero probability:   0.0616634
per-segment probability dynamic range (kT): 17.0554
norm = 1, error in norm = -2.22045e-16 (-1*epsilon)
MAB binning in use
Bottleneck bin occupancy may not be accurately reported
Waiting for segments to complete...
################ MAB stats ################
minima in each dimension:      [2.1068]
maxima in each dimension:      [38.9077]
direction in each dimension:   [86]
skip in each dimension:        [0]
###########################################
Iteration completed successfully
Iteration wallclock: 0:06:29.158312, cputime: 0:35:31.437722


Sat May 18 21:54:54 2024
Iteration 476 (500 requested)
Beginning iteration 476
120 segments remain in iteration 476 (120 total)
30 of 33 (90.909091%) active bins are populated
per-bin minimum non-zero probability:       4.88334e-08
per-bin maximum probability:                0.137744
per-bin probability dynamic range (kT):     14.8525
per-segment minimum non-zero probability:   9.44063e-09
per-segment maximum non-zero probability:   0.0616634
per-segment probability dynamic range (kT): 15.6922
norm = 1, error in norm = -2.22045e-16 (-1*epsilon)
MAB binning in use
Bottleneck bin occupancy may not be accurately reported
Waiting for segments to complete...
################ MAB stats ################
minima in each dimension:      [1.9832]
maxima in each dimension:      [38.3916]
direction in each dimension:   [86]
skip in each dimension:        [0]
###########################################
Iteration completed successfully
Iteration wallclock: 0:06:14.812188, cputime: 0:33:09.494672


Sat May 18 22:01:09 2024
Iteration 477 (500 requested)
Beginning iteration 477
132 segments remain in iteration 477 (132 total)
32 of 33 (96.969697%) active bins are populated
per-bin minimum non-zero probability:       4.64341e-08
per-bin maximum probability:                0.175015
per-bin probability dynamic range (kT):     15.1423
per-segment minimum non-zero probability:   8.92846e-09
per-segment maximum non-zero probability:   0.0616634
per-segment probability dynamic range (kT): 15.748
norm = 1, error in norm = -1.11022e-16 (-0.5*epsilon)
MAB binning in use
Bottleneck bin occupancy may not be accurately reported
Waiting for segments to complete...
################ MAB stats ################
minima in each dimension:      [0.9778]
maxima in each dimension:      [39.7012]
direction in each dimension:   [86]
skip in each dimension:        [0]
###########################################
Iteration completed successfully
Iteration wallclock: 0:06:51.683484, cputime: 0:36:26.090373


Sat May 18 22:08:01 2024
Iteration 478 (500 requested)
Beginning iteration 478
132 segments remain in iteration 478 (132 total)
32 of 33 (96.969697%) active bins are populated
per-bin minimum non-zero probability:       9.44063e-09
per-bin maximum probability:                0.169706
per-bin probability dynamic range (kT):     16.7046
per-segment minimum non-zero probability:   2.36016e-09
per-segment maximum non-zero probability:   0.0490599
per-segment probability dynamic range (kT): 16.8498
norm = 1, error in norm = 0 (0*epsilon)
MAB binning in use
Bottleneck bin occupancy may not be accurately reported
Waiting for segments to complete...
################ MAB stats ################
minima in each dimension:      [1.5773]
maxima in each dimension:      [37.8381]
direction in each dimension:   [86]
skip in each dimension:        [0]
###########################################
Recycled 3.94363e-09 probability (1 walkers) from target state 'D2'
Iteration completed successfully
Iteration wallclock: 0:06:47.572671, cputime: 0:36:43.590808


Sat May 18 22:14:48 2024
Iteration 479 (500 requested)
Beginning iteration 479
128 segments remain in iteration 479 (128 total)
31 of 33 (93.939394%) active bins are populated
per-bin minimum non-zero probability:       1.26076e-08
per-bin maximum probability:                0.148496
per-bin probability dynamic range (kT):     16.2818
per-segment minimum non-zero probability:   3.94363e-09
per-segment maximum non-zero probability:   0.0490599
per-segment probability dynamic range (kT): 16.3365
norm = 1, error in norm = -2.22045e-16 (-1*epsilon)
MAB binning in use
Bottleneck bin occupancy may not be accurately reported
Waiting for segments to complete...
################ MAB stats ################
minima in each dimension:      [1.7302]
maxima in each dimension:      [38.4041]
direction in each dimension:   [86]
skip in each dimension:        [0]
###########################################
Iteration completed successfully
Iteration wallclock: 0:06:27.402780, cputime: 0:35:34.579695


Sat May 18 22:21:16 2024
Iteration 480 (500 requested)
Beginning iteration 480
132 segments remain in iteration 480 (132 total)
33 of 33 (100.000000%) active bins are populated
per-bin minimum non-zero probability:       1.05393e-07
per-bin maximum probability:                0.111292
per-bin probability dynamic range (kT):     13.87
per-segment minimum non-zero probability:   2.07907e-08
per-segment maximum non-zero probability:   0.037197
per-segment probability dynamic range (kT): 14.3972
norm = 1, error in norm = -2.22045e-16 (-1*epsilon)
MAB binning in use
Bottleneck bin occupancy may not be accurately reported
Waiting for segments to complete...
################ MAB stats ################
minima in each dimension:      [0.9698]
maxima in each dimension:      [39.8078]
direction in each dimension:   [86]
skip in each dimension:        [0]
###########################################
Iteration completed successfully
Iteration wallclock: 0:06:47.453210, cputime: 0:36:37.863962


Sat May 18 22:28:03 2024
Iteration 481 (500 requested)
Beginning iteration 481
132 segments remain in iteration 481 (132 total)
33 of 33 (100.000000%) active bins are populated
per-bin minimum non-zero probability:       2.36967e-08
per-bin maximum probability:                0.156077
per-bin probability dynamic range (kT):     15.7005
per-segment minimum non-zero probability:   5.92416e-09
per-segment maximum non-zero probability:   0.0512579
per-segment probability dynamic range (kT): 15.9733
norm = 1, error in norm = -1.11022e-16 (-0.5*epsilon)
MAB binning in use
Bottleneck bin occupancy may not be accurately reported
Waiting for segments to complete...
################ MAB stats ################
minima in each dimension:      [0.4328]
maxima in each dimension:      [39.8993]
direction in each dimension:   [86]
skip in each dimension:        [0]
###########################################
Iteration completed successfully
Iteration wallclock: 0:06:50.056562, cputime: 0:36:43.952511


Sat May 18 22:34:53 2024
Iteration 482 (500 requested)
Beginning iteration 482
132 segments remain in iteration 482 (132 total)
33 of 33 (100.000000%) active bins are populated
per-bin minimum non-zero probability:       2.40809e-08
per-bin maximum probability:                0.160748
per-bin probability dynamic range (kT):     15.7139
per-segment minimum non-zero probability:   5.86032e-09
per-segment maximum non-zero probability:   0.0512579
per-segment probability dynamic range (kT): 15.9842
norm = 1, error in norm = -2.22045e-16 (-1*epsilon)
MAB binning in use
Bottleneck bin occupancy may not be accurately reported
Waiting for segments to complete...
################ MAB stats ################
minima in each dimension:      [1.9016]
maxima in each dimension:      [39.8145]
direction in each dimension:   [86]
skip in each dimension:        [0]
###########################################
Iteration completed successfully
Iteration wallclock: 0:06:57.635982, cputime: 0:36:21.663250


Sat May 18 22:41:51 2024
Iteration 483 (500 requested)
Beginning iteration 483
132 segments remain in iteration 483 (132 total)
32 of 33 (96.969697%) active bins are populated
per-bin minimum non-zero probability:       5.86032e-09
per-bin maximum probability:                0.148383
per-bin probability dynamic range (kT):     17.0471
per-segment minimum non-zero probability:   1.46508e-09
per-segment maximum non-zero probability:   0.0538557
per-segment probability dynamic range (kT): 17.4199
norm = 1, error in norm = -1.11022e-16 (-0.5*epsilon)
MAB binning in use
Bottleneck bin occupancy may not be accurately reported
Waiting for segments to complete...
################ MAB stats ################
minima in each dimension:      [1.0247]
maxima in each dimension:      [39.2455]
direction in each dimension:   [86]
skip in each dimension:        [0]
###########################################
Iteration completed successfully
Iteration wallclock: 0:07:04.946511, cputime: 0:36:00.077443


Sat May 18 22:48:56 2024
Iteration 484 (500 requested)
Beginning iteration 484
132 segments remain in iteration 484 (132 total)
32 of 33 (96.969697%) active bins are populated
per-bin minimum non-zero probability:       7.25192e-06
per-bin maximum probability:                0.183046
per-bin probability dynamic range (kT):     10.1362
per-segment minimum non-zero probability:   1.81298e-06
per-segment maximum non-zero probability:   0.0538557
per-segment probability dynamic range (kT): 10.2991
norm = 1, error in norm = 0 (0*epsilon)
MAB binning in use
Bottleneck bin occupancy may not be accurately reported
Waiting for segments to complete...
################ MAB stats ################
minima in each dimension:      [0.4191]
maxima in each dimension:      [39.8907]
direction in each dimension:   [86]
skip in each dimension:        [0]
###########################################
Iteration completed successfully
Iteration wallclock: 0:07:14.366412, cputime: 0:35:53.473695


Sat May 18 22:56:10 2024
Iteration 485 (500 requested)
Beginning iteration 485
128 segments remain in iteration 485 (128 total)
32 of 33 (96.969697%) active bins are populated
per-bin minimum non-zero probability:       7.97285e-06
per-bin maximum probability:                0.1903
per-bin probability dynamic range (kT):     10.0803
per-segment minimum non-zero probability:   1.81298e-06
per-segment maximum non-zero probability:   0.0538557
per-segment probability dynamic range (kT): 10.2991
norm = 1, error in norm = 0 (0*epsilon)
MAB binning in use
Bottleneck bin occupancy may not be accurately reported
Waiting for segments to complete...
################ MAB stats ################
minima in each dimension:      [0.6816]
maxima in each dimension:      [39.7761]
direction in each dimension:   [86]
skip in each dimension:        [0]
###########################################
Iteration completed successfully
Iteration wallclock: 0:06:55.753747, cputime: 0:35:19.345750


Sat May 18 23:03:06 2024
Iteration 486 (500 requested)
Beginning iteration 486
132 segments remain in iteration 486 (132 total)
32 of 33 (96.969697%) active bins are populated
per-bin minimum non-zero probability:       1.81298e-06
per-bin maximum probability:                0.166696
per-bin probability dynamic range (kT):     11.429
per-segment minimum non-zero probability:   4.53245e-07
per-segment maximum non-zero probability:   0.0538557
per-segment probability dynamic range (kT): 11.6854
norm = 1, error in norm = -1.11022e-16 (-0.5*epsilon)
MAB binning in use
Bottleneck bin occupancy may not be accurately reported
Waiting for segments to complete...
################ MAB stats ################
minima in each dimension:      [0.7372]
maxima in each dimension:      [39.7574]
direction in each dimension:   [86]
skip in each dimension:        [0]
###########################################
Iteration completed successfully
Iteration wallclock: 0:07:15.599991, cputime: 0:36:12.206693


Sat May 18 23:10:21 2024
Iteration 487 (500 requested)
Beginning iteration 487
124 segments remain in iteration 487 (124 total)
31 of 33 (93.939394%) active bins are populated
per-bin minimum non-zero probability:       6.23762e-07
per-bin maximum probability:                0.182972
per-bin probability dynamic range (kT):     12.5891
per-segment minimum non-zero probability:   1.5594e-07
per-segment maximum non-zero probability:   0.0538557
per-segment probability dynamic range (kT): 12.7523
norm = 1, error in norm = -2.22045e-16 (-1*epsilon)
MAB binning in use
Bottleneck bin occupancy may not be accurately reported
Waiting for segments to complete...
################ MAB stats ################
minima in each dimension:      [1.7034]
maxima in each dimension:      [39.94]
direction in each dimension:   [86]
skip in each dimension:        [0]
###########################################
Iteration completed successfully
Iteration wallclock: 0:06:58.190915, cputime: 0:33:52.854448


Sat May 18 23:17:20 2024
Iteration 488 (500 requested)
Beginning iteration 488
128 segments remain in iteration 488 (128 total)
33 of 33 (100.000000%) active bins are populated
per-bin minimum non-zero probability:       3.11881e-07
per-bin maximum probability:                0.156469
per-bin probability dynamic range (kT):     13.1257
per-segment minimum non-zero probability:   7.79702e-08
per-segment maximum non-zero probability:   0.0538557
per-segment probability dynamic range (kT): 13.4455
norm = 1, error in norm = 0 (0*epsilon)
MAB binning in use
Bottleneck bin occupancy may not be accurately reported
Waiting for segments to complete...
################ MAB stats ################
minima in each dimension:      [0.5215]
maxima in each dimension:      [39.9502]
direction in each dimension:   [86]
skip in each dimension:        [0]
###########################################
Iteration completed successfully
Iteration wallclock: 0:06:56.377908, cputime: 0:35:14.705827


Sat May 18 23:24:16 2024
Iteration 489 (500 requested)
Beginning iteration 489
128 segments remain in iteration 489 (128 total)
32 of 33 (96.969697%) active bins are populated
per-bin minimum non-zero probability:       1.96892e-06
per-bin maximum probability:                0.125944
per-bin probability dynamic range (kT):     11.0661
per-segment minimum non-zero probability:   1.5594e-07
per-segment maximum non-zero probability:   0.047975
per-segment probability dynamic range (kT): 12.6367
norm = 1, error in norm = -2.22045e-16 (-1*epsilon)
MAB binning in use
Bottleneck bin occupancy may not be accurately reported
Waiting for segments to complete...
################ MAB stats ################
minima in each dimension:      [0.8319]
maxima in each dimension:      [38.2973]
direction in each dimension:   [86]
skip in each dimension:        [0]
###########################################
Iteration completed successfully
Iteration wallclock: 0:07:04.433683, cputime: 0:35:04.258353


Sat May 18 23:31:20 2024
Iteration 490 (500 requested)
Beginning iteration 490
124 segments remain in iteration 490 (124 total)
31 of 33 (93.939394%) active bins are populated
per-bin minimum non-zero probability:       9.34925e-06
per-bin maximum probability:                0.163597
per-bin probability dynamic range (kT):     9.76987
per-segment minimum non-zero probability:   1.51567e-06
per-segment maximum non-zero probability:   0.0498663
per-segment probability dynamic range (kT): 10.4012
norm = 1, error in norm = -2.22045e-16 (-1*epsilon)
MAB binning in use
Bottleneck bin occupancy may not be accurately reported
Waiting for segments to complete...
################ MAB stats ################
minima in each dimension:      [0.8123]
maxima in each dimension:      [38.3757]
direction in each dimension:   [86]
skip in each dimension:        [0]
###########################################
Iteration completed successfully
Iteration wallclock: 0:06:45.782997, cputime: 0:34:02.462291


Sat May 18 23:38:06 2024
Iteration 491 (500 requested)
Beginning iteration 491
132 segments remain in iteration 491 (132 total)
32 of 33 (96.969697%) active bins are populated
per-bin minimum non-zero probability:       4.4476e-05
per-bin maximum probability:                0.100508
per-bin probability dynamic range (kT):     7.72304
per-segment minimum non-zero probability:   1.05524e-05
per-segment maximum non-zero probability:   0.0346229
per-segment probability dynamic range (kT): 8.09591
norm = 1, error in norm = -1.11022e-16 (-0.5*epsilon)
MAB binning in use
Bottleneck bin occupancy may not be accurately reported
Waiting for segments to complete...
################ MAB stats ################
minima in each dimension:      [1.1968]
maxima in each dimension:      [37.8733]
direction in each dimension:   [86]
skip in each dimension:        [0]
###########################################
Iteration completed successfully
Iteration wallclock: 0:07:07.838586, cputime: 0:36:20.916420


Sat May 18 23:45:14 2024
Iteration 492 (500 requested)
Beginning iteration 492
128 segments remain in iteration 492 (128 total)
29 of 33 (87.878788%) active bins are populated
per-bin minimum non-zero probability:       4.49705e-05
per-bin maximum probability:                0.142921
per-bin probability dynamic range (kT):     8.06404
per-segment minimum non-zero probability:   1.05524e-05
per-segment maximum non-zero probability:   0.0449361
per-segment probability dynamic range (kT): 8.35664
norm = 1, error in norm = -1.11022e-16 (-0.5*epsilon)
MAB binning in use
Bottleneck bin occupancy may not be accurately reported
Waiting for segments to complete...
################ MAB stats ################
minima in each dimension:      [1.7137]
maxima in each dimension:      [36.5535]
direction in each dimension:   [86]
skip in each dimension:        [0]
###########################################
Iteration completed successfully
Iteration wallclock: 0:06:48.384123, cputime: 0:35:18.043915


Sat May 18 23:52:02 2024
Iteration 493 (500 requested)
Beginning iteration 493
124 segments remain in iteration 493 (124 total)
30 of 33 (90.909091%) active bins are populated
per-bin minimum non-zero probability:       0.000533408
per-bin maximum probability:                0.218443
per-bin probability dynamic range (kT):     6.01499
per-segment minimum non-zero probability:   0.000130243
per-segment maximum non-zero probability:   0.0692606
per-segment probability dynamic range (kT): 6.27623
norm = 1, error in norm = -3.33067e-16 (-1.5*epsilon)
MAB binning in use
Bottleneck bin occupancy may not be accurately reported
Waiting for segments to complete...
################ MAB stats ################
minima in each dimension:      [0.4158]
maxima in each dimension:      [35.1161]
direction in each dimension:   [86]
skip in each dimension:        [0]
###########################################
Iteration completed successfully
Iteration wallclock: 0:06:43.516176, cputime: 0:33:49.238921


Sat May 18 23:58:46 2024
Iteration 494 (500 requested)
Beginning iteration 494
128 segments remain in iteration 494 (128 total)
32 of 33 (96.969697%) active bins are populated
per-bin minimum non-zero probability:       0.000397766
per-bin maximum probability:                0.136057
per-bin probability dynamic range (kT):     5.83497
per-segment minimum non-zero probability:   3.56695e-05
per-segment maximum non-zero probability:   0.0518781
per-segment probability dynamic range (kT): 7.28236
norm = 1, error in norm = -2.22045e-16 (-1*epsilon)
MAB binning in use
Bottleneck bin occupancy may not be accurately reported
Waiting for segments to complete...
################ MAB stats ################
minima in each dimension:      [1.2784]
maxima in each dimension:      [34.6617]
direction in each dimension:   [86]
skip in each dimension:        [0]
###########################################
Iteration completed successfully
Iteration wallclock: 0:06:56.934260, cputime: 0:34:59.380551


Sun May 19 00:05:43 2024
Iteration 495 (500 requested)
Beginning iteration 495
120 segments remain in iteration 495 (120 total)
31 of 33 (93.939394%) active bins are populated
per-bin minimum non-zero probability:       0.00146699
per-bin maximum probability:                0.198783
per-bin probability dynamic range (kT):     4.909
per-segment minimum non-zero probability:   0.000342506
per-segment maximum non-zero probability:   0.0652314
per-segment probability dynamic range (kT): 5.24941
norm = 1, error in norm = -1.11022e-16 (-0.5*epsilon)
MAB binning in use
Bottleneck bin occupancy may not be accurately reported
Waiting for segments to complete...
################ MAB stats ################
minima in each dimension:      [1.1275]
maxima in each dimension:      [34.7776]
direction in each dimension:   [86]
skip in each dimension:        [0]
###########################################
Iteration completed successfully
Iteration wallclock: 0:06:15.190394, cputime: 0:33:17.622722


Sun May 19 00:11:58 2024
Iteration 496 (500 requested)
Beginning iteration 496
120 segments remain in iteration 496 (120 total)
30 of 33 (90.909091%) active bins are populated
per-bin minimum non-zero probability:       0.00126345
per-bin maximum probability:                0.153207
per-bin probability dynamic range (kT):     4.79795
per-segment minimum non-zero probability:   0.000250862
per-segment maximum non-zero probability:   0.0652314
per-segment probability dynamic range (kT): 5.56079
norm = 1, error in norm = -2.22045e-16 (-1*epsilon)
MAB binning in use
Bottleneck bin occupancy may not be accurately reported
Waiting for segments to complete...
################ MAB stats ################
minima in each dimension:      [1.4451]
maxima in each dimension:      [33.9765]
direction in each dimension:   [86]
skip in each dimension:        [0]
###########################################
Iteration completed successfully
Iteration wallclock: 0:06:17.649132, cputime: 0:32:53.306074


Sun May 19 00:18:16 2024
Iteration 497 (500 requested)
Beginning iteration 497
124 segments remain in iteration 497 (124 total)
31 of 33 (93.939394%) active bins are populated
per-bin minimum non-zero probability:       0.000250862
per-bin maximum probability:                0.176723
per-bin probability dynamic range (kT):     6.55744
per-segment minimum non-zero probability:   6.27154e-05
per-segment maximum non-zero probability:   0.053373
per-segment probability dynamic range (kT): 6.74645
norm = 1, error in norm = 0 (0*epsilon)
MAB binning in use
Bottleneck bin occupancy may not be accurately reported
Waiting for segments to complete...
################ MAB stats ################
minima in each dimension:      [1.2806]
maxima in each dimension:      [34.6631]
direction in each dimension:   [86]
skip in each dimension:        [0]
###########################################
Iteration completed successfully
Iteration wallclock: 0:06:31.826916, cputime: 0:34:11.450198


Sun May 19 00:24:48 2024
Iteration 498 (500 requested)
Beginning iteration 498
124 segments remain in iteration 498 (124 total)
30 of 33 (90.909091%) active bins are populated
per-bin minimum non-zero probability:       0.000273703
per-bin maximum probability:                0.153816
per-bin probability dynamic range (kT):     6.33147
per-segment minimum non-zero probability:   6.84257e-05
per-segment maximum non-zero probability:   0.048887
per-segment probability dynamic range (kT): 6.57152
norm = 1, error in norm = -1.11022e-16 (-0.5*epsilon)
MAB binning in use
Bottleneck bin occupancy may not be accurately reported
Waiting for segments to complete...
################ MAB stats ################
minima in each dimension:      [1.661]
maxima in each dimension:      [33.2851]
direction in each dimension:   [86]
skip in each dimension:        [0]
###########################################
Iteration completed successfully
Iteration wallclock: 0:06:28.510646, cputime: 0:34:21.676201


Sun May 19 00:31:16 2024
Iteration 499 (500 requested)
Beginning iteration 499
120 segments remain in iteration 499 (120 total)
29 of 33 (87.878788%) active bins are populated
per-bin minimum non-zero probability:       0.00019376
per-bin maximum probability:                0.133545
per-bin probability dynamic range (kT):     6.53557
per-segment minimum non-zero probability:   4.84399e-05
per-segment maximum non-zero probability:   0.0430593
per-segment probability dynamic range (kT): 6.79001
norm = 1, error in norm = -1.11022e-16 (-0.5*epsilon)
MAB binning in use
Bottleneck bin occupancy may not be accurately reported
Waiting for segments to complete...
################ MAB stats ################
minima in each dimension:      [1.084]
maxima in each dimension:      [34.6343]
direction in each dimension:   [86]
skip in each dimension:        [0]
###########################################
Iteration completed successfully
Iteration wallclock: 0:06:10.148244, cputime: 0:33:19.275074


Sun May 19 00:37:26 2024
Iteration 500 (500 requested)
Beginning iteration 500
128 segments remain in iteration 500 (128 total)
31 of 33 (93.939394%) active bins are populated
per-bin minimum non-zero probability:       0.000273703
per-bin maximum probability:                0.165407
per-bin probability dynamic range (kT):     6.40412
per-segment minimum non-zero probability:   0.000146816
per-segment maximum non-zero probability:   0.0537595
per-segment probability dynamic range (kT): 5.90309
norm = 1, error in norm = -2.22045e-16 (-1*epsilon)
MAB binning in use
Bottleneck bin occupancy may not be accurately reported
Waiting for segments to complete...
################ MAB stats ################
minima in each dimension:      [1.3559]
maxima in each dimension:      [34.1603]
direction in each dimension:   [86]
skip in each dimension:        [0]
###########################################
Iteration completed successfully
Iteration wallclock: 0:06:32.619266, cputime: 0:35:44.324183


Sun May 19 00:43:59 2024
WEST run complete.
