Updating system with the options from the configuration file
Maximum wallclock time: 1 day, 0:00:00

Sun May 19 16:50:25 2024
Iteration 501 (600 requested)
Beginning iteration 501
128 segments remain in iteration 501 (128 total)
31 of 33 (93.939394%) active bins are populated
per-bin minimum non-zero probability:       0.000252199
per-bin maximum probability:                0.172533
per-bin probability dynamic range (kT):     6.52813
per-segment minimum non-zero probability:   6.30498e-05
per-segment maximum non-zero probability:   0.0534844
per-segment probability dynamic range (kT): 6.74322
norm = 1, error in norm = -2.22045e-16 (-1*epsilon)
MAB binning in use
Bottleneck bin occupancy may not be accurately reported
Waiting for segments to complete...
################ MAB stats ################
minima in each dimension:      [0.5585]
maxima in each dimension:      [33.7274]
direction in each dimension:   [86]
skip in each dimension:        [0]
###########################################
Iteration completed successfully
Iteration wallclock: 0:08:34.076911, cputime: 0:35:10.511421


Sun May 19 16:58:59 2024
Iteration 502 (600 requested)
Beginning iteration 502
128 segments remain in iteration 502 (128 total)
31 of 33 (93.939394%) active bins are populated
per-bin minimum non-zero probability:       0.000557772
per-bin maximum probability:                0.144837
per-bin probability dynamic range (kT):     5.55941
per-segment minimum non-zero probability:   0.000123681
per-segment maximum non-zero probability:   0.0534844
per-segment probability dynamic range (kT): 6.06944
norm = 1, error in norm = -2.22045e-16 (-1*epsilon)
MAB binning in use
Bottleneck bin occupancy may not be accurately reported
Waiting for segments to complete...
################ MAB stats ################
minima in each dimension:      [0.6049]
maxima in each dimension:      [35.0435]
direction in each dimension:   [86]
skip in each dimension:        [0]
###########################################
Iteration completed successfully
Iteration wallclock: 0:06:45.611897, cputime: 0:35:22.996573


Sun May 19 17:05:44 2024
Iteration 503 (600 requested)
Beginning iteration 503
128 segments remain in iteration 503 (128 total)
31 of 33 (93.939394%) active bins are populated
per-bin minimum non-zero probability:       0.000310411
per-bin maximum probability:                0.135509
per-bin probability dynamic range (kT):     6.07889
per-segment minimum non-zero probability:   6.22435e-05
per-segment maximum non-zero probability:   0.0454372
per-segment probability dynamic range (kT): 6.59303
norm = 1, error in norm = -2.22045e-16 (-1*epsilon)
MAB binning in use
Bottleneck bin occupancy may not be accurately reported
Waiting for segments to complete...
################ MAB stats ################
minima in each dimension:      [0.9996]
maxima in each dimension:      [34.844]
direction in each dimension:   [86]
skip in each dimension:        [0]
###########################################
Iteration completed successfully
Iteration wallclock: 0:06:39.905656, cputime: 0:35:25.357021


Sun May 19 17:12:24 2024
Iteration 504 (600 requested)
Beginning iteration 504
128 segments remain in iteration 504 (128 total)
31 of 33 (93.939394%) active bins are populated
per-bin minimum non-zero probability:       0.000344925
per-bin maximum probability:                0.166704
per-bin probability dynamic range (kT):     6.18065
per-segment minimum non-zero probability:   6.22435e-05
per-segment maximum non-zero probability:   0.0544502
per-segment probability dynamic range (kT): 6.77399
norm = 1, error in norm = -2.22045e-16 (-1*epsilon)
MAB binning in use
Bottleneck bin occupancy may not be accurately reported
Waiting for segments to complete...
################ MAB stats ################
minima in each dimension:      [0.7643]
maxima in each dimension:      [35.233]
direction in each dimension:   [86]
skip in each dimension:        [0]
###########################################
Iteration completed successfully
Iteration wallclock: 0:06:57.460696, cputime: 0:35:24.434469


Sun May 19 17:19:22 2024
Iteration 505 (600 requested)
Beginning iteration 505
124 segments remain in iteration 505 (124 total)
31 of 33 (93.939394%) active bins are populated
per-bin minimum non-zero probability:       0.000220646
per-bin maximum probability:                0.269583
per-bin probability dynamic range (kT):     7.10807
per-segment minimum non-zero probability:   7.35488e-05
per-segment maximum non-zero probability:   0.0897961
per-segment probability dynamic range (kT): 7.10735
norm = 1, error in norm = -1.11022e-16 (-0.5*epsilon)
MAB binning in use
Bottleneck bin occupancy may not be accurately reported
Waiting for segments to complete...
################ MAB stats ################
minima in each dimension:      [0.7908]
maxima in each dimension:      [36.764]
direction in each dimension:   [86]
skip in each dimension:        [0]
###########################################
Iteration completed successfully
Iteration wallclock: 0:06:20.963198, cputime: 0:34:30.509773


Sun May 19 17:25:43 2024
Iteration 506 (600 requested)
Beginning iteration 506
124 segments remain in iteration 506 (124 total)
31 of 33 (93.939394%) active bins are populated
per-bin minimum non-zero probability:       0.000147098
per-bin maximum probability:                0.221697
per-bin probability dynamic range (kT):     7.31797
per-segment minimum non-zero probability:   3.67744e-05
per-segment maximum non-zero probability:   0.0897961
per-segment probability dynamic range (kT): 7.80049
norm = 1, error in norm = 0 (0*epsilon)
MAB binning in use
Bottleneck bin occupancy may not be accurately reported
Waiting for segments to complete...
################ MAB stats ################
minima in each dimension:      [1.6827]
maxima in each dimension:      [37.0577]
direction in each dimension:   [86]
skip in each dimension:        [0]
###########################################
Iteration completed successfully
Iteration wallclock: 0:06:21.744824, cputime: 0:34:23.541630


Sun May 19 17:32:04 2024
Iteration 507 (600 requested)
Beginning iteration 507
120 segments remain in iteration 507 (120 total)
29 of 33 (87.878788%) active bins are populated
per-bin minimum non-zero probability:       0.00016325
per-bin maximum probability:                0.147856
per-bin probability dynamic range (kT):     6.80871
per-segment minimum non-zero probability:   3.1619e-05
per-segment maximum non-zero probability:   0.0571733
per-segment probability dynamic range (kT): 7.50008
norm = 1, error in norm = -2.22045e-16 (-1*epsilon)
MAB binning in use
Bottleneck bin occupancy may not be accurately reported
Waiting for segments to complete...
################ MAB stats ################
minima in each dimension:      [2.0024]
maxima in each dimension:      [36.2475]
direction in each dimension:   [86]
skip in each dimension:        [0]
###########################################
Iteration completed successfully
Iteration wallclock: 0:06:09.370861, cputime: 0:33:14.975709


Sun May 19 17:38:14 2024
Iteration 508 (600 requested)
Beginning iteration 508
124 segments remain in iteration 508 (124 total)
31 of 33 (93.939394%) active bins are populated
per-bin minimum non-zero probability:       3.1619e-05
per-bin maximum probability:                0.272321
per-bin probability dynamic range (kT):     9.06098
per-segment minimum non-zero probability:   7.90475e-06
per-segment maximum non-zero probability:   0.0872447
per-segment probability dynamic range (kT): 9.30901
norm = 1, error in norm = -1.11022e-16 (-0.5*epsilon)
MAB binning in use
Bottleneck bin occupancy may not be accurately reported
Waiting for segments to complete...
################ MAB stats ################
minima in each dimension:      [1.7949]
maxima in each dimension:      [35.7241]
direction in each dimension:   [86]
skip in each dimension:        [0]
###########################################
Iteration completed successfully
Iteration wallclock: 0:06:21.085375, cputime: 0:34:29.942780


Sun May 19 17:44:35 2024
Iteration 509 (600 requested)
Beginning iteration 509
124 segments remain in iteration 509 (124 total)
30 of 33 (90.909091%) active bins are populated
per-bin minimum non-zero probability:       0.000285104
per-bin maximum probability:                0.214867
per-bin probability dynamic range (kT):     6.62492
per-segment minimum non-zero probability:   3.67744e-05
per-segment maximum non-zero probability:   0.0872447
per-segment probability dynamic range (kT): 7.77167
norm = 1, error in norm = 0 (0*epsilon)
MAB binning in use
Bottleneck bin occupancy may not be accurately reported
Waiting for segments to complete...
################ MAB stats ################
minima in each dimension:      [0.8881]
maxima in each dimension:      [35.0872]
direction in each dimension:   [86]
skip in each dimension:        [0]
###########################################
Iteration completed successfully
Iteration wallclock: 0:06:21.345064, cputime: 0:34:27.082731


Sun May 19 17:50:56 2024
Iteration 510 (600 requested)
Beginning iteration 510
124 segments remain in iteration 510 (124 total)
30 of 33 (90.909091%) active bins are populated
per-bin minimum non-zero probability:       0.000942673
per-bin maximum probability:                0.153646
per-bin probability dynamic range (kT):     5.09369
per-segment minimum non-zero probability:   0.000235668
per-segment maximum non-zero probability:   0.0583992
per-segment probability dynamic range (kT): 5.51263
norm = 1, error in norm = 0 (0*epsilon)
MAB binning in use
Bottleneck bin occupancy may not be accurately reported
Waiting for segments to complete...
################ MAB stats ################
minima in each dimension:      [1.8096]
maxima in each dimension:      [35.8252]
direction in each dimension:   [86]
skip in each dimension:        [0]
###########################################
Iteration completed successfully
Iteration wallclock: 0:06:20.905069, cputime: 0:34:24.016442


Sun May 19 17:57:17 2024
Iteration 511 (600 requested)
Beginning iteration 511
120 segments remain in iteration 511 (120 total)
29 of 33 (87.878788%) active bins are populated
per-bin minimum non-zero probability:       0.00159562
per-bin maximum probability:                0.14953
per-bin probability dynamic range (kT):     4.54023
per-segment minimum non-zero probability:   0.000309439
per-segment maximum non-zero probability:   0.0583992
per-segment probability dynamic range (kT): 5.2403
norm = 1, error in norm = -1.11022e-16 (-0.5*epsilon)
MAB binning in use
Bottleneck bin occupancy may not be accurately reported
Waiting for segments to complete...
################ MAB stats ################
minima in each dimension:      [1.7301]
maxima in each dimension:      [36.2374]
direction in each dimension:   [86]
skip in each dimension:        [0]
###########################################
Iteration completed successfully
Iteration wallclock: 0:06:08.457050, cputime: 0:33:04.759352


Sun May 19 18:03:26 2024
Iteration 512 (600 requested)
Beginning iteration 512
128 segments remain in iteration 512 (128 total)
31 of 33 (93.939394%) active bins are populated
per-bin minimum non-zero probability:       0.000464158
per-bin maximum probability:                0.182292
per-bin probability dynamic range (kT):     5.97314
per-segment minimum non-zero probability:   0.00011604
per-segment maximum non-zero probability:   0.0583992
per-segment probability dynamic range (kT): 6.22113
norm = 1, error in norm = 0 (0*epsilon)
MAB binning in use
Bottleneck bin occupancy may not be accurately reported
Waiting for segments to complete...
################ MAB stats ################
minima in each dimension:      [1.1292]
maxima in each dimension:      [36.339]
direction in each dimension:   [86]
skip in each dimension:        [0]
###########################################
Iteration completed successfully
Iteration wallclock: 0:06:39.530338, cputime: 0:35:28.802903


Sun May 19 18:10:05 2024
Iteration 513 (600 requested)
Beginning iteration 513
116 segments remain in iteration 513 (116 total)
29 of 33 (87.878788%) active bins are populated
per-bin minimum non-zero probability:       0.000232079
per-bin maximum probability:                0.176227
per-bin probability dynamic range (kT):     6.63245
per-segment minimum non-zero probability:   5.80198e-05
per-segment maximum non-zero probability:   0.0583992
per-segment probability dynamic range (kT): 6.91427
norm = 1, error in norm = -2.22045e-16 (-1*epsilon)
MAB binning in use
Bottleneck bin occupancy may not be accurately reported
Waiting for segments to complete...
################ MAB stats ################
minima in each dimension:      [0.3012]
maxima in each dimension:      [36.2312]
direction in each dimension:   [86]
skip in each dimension:        [0]
###########################################
Iteration completed successfully
Iteration wallclock: 0:05:59.605897, cputime: 0:32:12.661015


Sun May 19 18:16:05 2024
Iteration 514 (600 requested)
Beginning iteration 514
120 segments remain in iteration 514 (120 total)
30 of 33 (90.909091%) active bins are populated
per-bin minimum non-zero probability:       0.000174059
per-bin maximum probability:                0.165718
per-bin probability dynamic range (kT):     6.85865
per-segment minimum non-zero probability:   2.62955e-05
per-segment maximum non-zero probability:   0.0583992
per-segment probability dynamic range (kT): 7.70566
norm = 1, error in norm = 0 (0*epsilon)
MAB binning in use
Bottleneck bin occupancy may not be accurately reported
Waiting for segments to complete...
################ MAB stats ################
minima in each dimension:      [1.1702]
maxima in each dimension:      [36.6775]
direction in each dimension:   [86]
skip in each dimension:        [0]
###########################################
Iteration completed successfully
Iteration wallclock: 0:06:21.410398, cputime: 0:33:08.737498


Sun May 19 18:22:26 2024
Iteration 515 (600 requested)
Beginning iteration 515
120 segments remain in iteration 515 (120 total)
31 of 33 (93.939394%) active bins are populated
per-bin minimum non-zero probability:       0.000122995
per-bin maximum probability:                0.177873
per-bin probability dynamic range (kT):     7.27668
per-segment minimum non-zero probability:   2.62955e-05
per-segment maximum non-zero probability:   0.0583992
per-segment probability dynamic range (kT): 7.70566
norm = 1, error in norm = -2.22045e-16 (-1*epsilon)
MAB binning in use
Bottleneck bin occupancy may not be accurately reported
Waiting for segments to complete...
################ MAB stats ################
minima in each dimension:      [0.605]
maxima in each dimension:      [36.3605]
direction in each dimension:   [86]
skip in each dimension:        [0]
###########################################
Iteration completed successfully
Iteration wallclock: 0:06:25.901463, cputime: 0:33:11.166286


Sun May 19 18:28:52 2024
Iteration 516 (600 requested)
Beginning iteration 516
124 segments remain in iteration 516 (124 total)
31 of 33 (93.939394%) active bins are populated
per-bin minimum non-zero probability:       8.43153e-05
per-bin maximum probability:                0.173395
per-bin probability dynamic range (kT):     7.62876
per-segment minimum non-zero probability:   1.45049e-05
per-segment maximum non-zero probability:   0.0583992
per-segment probability dynamic range (kT): 8.30057
norm = 1, error in norm = 0 (0*epsilon)
MAB binning in use
Bottleneck bin occupancy may not be accurately reported
Waiting for segments to complete...
################ MAB stats ################
minima in each dimension:      [0.8501]
maxima in each dimension:      [37.8901]
direction in each dimension:   [86]
skip in each dimension:        [0]
###########################################
Iteration completed successfully
Iteration wallclock: 0:06:32.906153, cputime: 0:34:32.597558


Sun May 19 18:35:25 2024
Iteration 517 (600 requested)
Beginning iteration 517
120 segments remain in iteration 517 (120 total)
30 of 33 (90.909091%) active bins are populated
per-bin minimum non-zero probability:       2.90099e-05
per-bin maximum probability:                0.173538
per-bin probability dynamic range (kT):     8.69652
per-segment minimum non-zero probability:   7.25247e-06
per-segment maximum non-zero probability:   0.0583992
per-segment probability dynamic range (kT): 8.99372
norm = 1, error in norm = -2.22045e-16 (-1*epsilon)
MAB binning in use
Bottleneck bin occupancy may not be accurately reported
Waiting for segments to complete...
################ MAB stats ################
minima in each dimension:      [1.509]
maxima in each dimension:      [37.6952]
direction in each dimension:   [86]
skip in each dimension:        [0]
###########################################
Iteration completed successfully
Iteration wallclock: 0:06:20.808913, cputime: 0:33:22.194942


Sun May 19 18:41:46 2024
Iteration 518 (600 requested)
Beginning iteration 518
124 segments remain in iteration 518 (124 total)
32 of 33 (96.969697%) active bins are populated
per-bin minimum non-zero probability:       0.000192161
per-bin maximum probability:                0.19062
per-bin probability dynamic range (kT):     6.8997
per-segment minimum non-zero probability:   7.25247e-06
per-segment maximum non-zero probability:   0.0762794
per-segment probability dynamic range (kT): 9.26082
norm = 1, error in norm = -2.22045e-16 (-1*epsilon)
MAB binning in use
Bottleneck bin occupancy may not be accurately reported
Waiting for segments to complete...
################ MAB stats ################
minima in each dimension:      [1.132]
maxima in each dimension:      [36.3701]
direction in each dimension:   [86]
skip in each dimension:        [0]
###########################################
Iteration completed successfully
Iteration wallclock: 0:06:22.700095, cputime: 0:34:23.175973


Sun May 19 18:48:08 2024
Iteration 519 (600 requested)
Beginning iteration 519
124 segments remain in iteration 519 (124 total)
31 of 33 (93.939394%) active bins are populated
per-bin minimum non-zero probability:       4.80404e-05
per-bin maximum probability:                0.161014
per-bin probability dynamic range (kT):     8.11721
per-segment minimum non-zero probability:   1.20101e-05
per-segment maximum non-zero probability:   0.0538031
per-segment probability dynamic range (kT): 8.40734
norm = 1, error in norm = -3.33067e-16 (-1.5*epsilon)
MAB binning in use
Bottleneck bin occupancy may not be accurately reported
Waiting for segments to complete...
################ MAB stats ################
minima in each dimension:      [0.7164]
maxima in each dimension:      [36.6437]
direction in each dimension:   [86]
skip in each dimension:        [0]
###########################################
Iteration completed successfully
Iteration wallclock: 0:06:21.262280, cputime: 0:34:21.296760


Sun May 19 18:54:30 2024
Iteration 520 (600 requested)
Beginning iteration 520
128 segments remain in iteration 520 (128 total)
32 of 33 (96.969697%) active bins are populated
per-bin minimum non-zero probability:       5.62107e-05
per-bin maximum probability:                0.174775
per-bin probability dynamic range (kT):     8.04215
per-segment minimum non-zero probability:   1.40527e-05
per-segment maximum non-zero probability:   0.0538031
per-segment probability dynamic range (kT): 8.25027
norm = 1, error in norm = -2.22045e-16 (-1*epsilon)
MAB binning in use
Bottleneck bin occupancy may not be accurately reported
Waiting for segments to complete...
################ MAB stats ################
minima in each dimension:      [0.6272]
maxima in each dimension:      [35.9246]
direction in each dimension:   [86]
skip in each dimension:        [0]
###########################################
Iteration completed successfully
Iteration wallclock: 0:06:31.140991, cputime: 0:35:29.639569


Sun May 19 19:01:01 2024
Iteration 521 (600 requested)
Beginning iteration 521
120 segments remain in iteration 521 (120 total)
30 of 33 (90.909091%) active bins are populated
per-bin minimum non-zero probability:       0.0010169
per-bin maximum probability:                0.122306
per-bin probability dynamic range (kT):     4.78976
per-segment minimum non-zero probability:   0.000182219
per-segment maximum non-zero probability:   0.0538031
per-segment probability dynamic range (kT): 5.68788
norm = 1, error in norm = -3.33067e-16 (-1.5*epsilon)
MAB binning in use
Bottleneck bin occupancy may not be accurately reported
Waiting for segments to complete...
################ MAB stats ################
minima in each dimension:      [1.4521]
maxima in each dimension:      [35.6328]
direction in each dimension:   [86]
skip in each dimension:        [0]
###########################################
Iteration completed successfully
Iteration wallclock: 0:06:05.945289, cputime: 0:33:20.586592


Sun May 19 19:07:07 2024
Iteration 522 (600 requested)
Beginning iteration 522
120 segments remain in iteration 522 (120 total)
32 of 33 (96.969697%) active bins are populated
per-bin minimum non-zero probability:       0.000434543
per-bin maximum probability:                0.168837
per-bin probability dynamic range (kT):     5.9624
per-segment minimum non-zero probability:   0.000326315
per-segment maximum non-zero probability:   0.0543991
per-segment probability dynamic range (kT): 5.11624
norm = 1, error in norm = -2.22045e-16 (-1*epsilon)
MAB binning in use
Bottleneck bin occupancy may not be accurately reported
Waiting for segments to complete...
################ MAB stats ################
minima in each dimension:      [0.6748]
maxima in each dimension:      [35.5247]
direction in each dimension:   [86]
skip in each dimension:        [0]
###########################################
Iteration completed successfully
Iteration wallclock: 0:06:07.041188, cputime: 0:33:17.379536


Sun May 19 19:13:14 2024
Iteration 523 (600 requested)
Beginning iteration 523
128 segments remain in iteration 523 (128 total)
31 of 33 (93.939394%) active bins are populated
per-bin minimum non-zero probability:       0.000326315
per-bin maximum probability:                0.125933
per-bin probability dynamic range (kT):     5.95564
per-segment minimum non-zero probability:   0.000163157
per-segment maximum non-zero probability:   0.0543991
per-segment probability dynamic range (kT): 5.80939
norm = 1, error in norm = -1.11022e-16 (-0.5*epsilon)
MAB binning in use
Bottleneck bin occupancy may not be accurately reported
Waiting for segments to complete...
################ MAB stats ################
minima in each dimension:      [1.0159]
maxima in each dimension:      [36.1418]
direction in each dimension:   [86]
skip in each dimension:        [0]
###########################################
Iteration completed successfully
Iteration wallclock: 0:06:30.730847, cputime: 0:35:38.069829


Sun May 19 19:19:45 2024
Iteration 524 (600 requested)
Beginning iteration 524
120 segments remain in iteration 524 (120 total)
31 of 33 (93.939394%) active bins are populated
per-bin minimum non-zero probability:       0.000391837
per-bin maximum probability:                0.199283
per-bin probability dynamic range (kT):     6.23164
per-segment minimum non-zero probability:   7.62266e-05
per-segment maximum non-zero probability:   0.0597011
per-segment probability dynamic range (kT): 6.66339
norm = 1, error in norm = -2.22045e-16 (-1*epsilon)
MAB binning in use
Bottleneck bin occupancy may not be accurately reported
Waiting for segments to complete...
################ MAB stats ################
minima in each dimension:      [0.805]
maxima in each dimension:      [37.125]
direction in each dimension:   [86]
skip in each dimension:        [0]
###########################################
Iteration completed successfully
Iteration wallclock: 0:06:06.352129, cputime: 0:33:24.839122


Sun May 19 19:25:51 2024
Iteration 525 (600 requested)
Beginning iteration 525
124 segments remain in iteration 525 (124 total)
30 of 33 (90.909091%) active bins are populated
per-bin minimum non-zero probability:       0.000163157
per-bin maximum probability:                0.136959
per-bin probability dynamic range (kT):     6.73272
per-segment minimum non-zero probability:   4.07893e-05
per-segment maximum non-zero probability:   0.0543991
per-segment probability dynamic range (kT): 7.19568
norm = 1, error in norm = 0 (0*epsilon)
MAB binning in use
Bottleneck bin occupancy may not be accurately reported
Waiting for segments to complete...
################ MAB stats ################
minima in each dimension:      [0.36]
maxima in each dimension:      [35.5141]
direction in each dimension:   [86]
skip in each dimension:        [0]
###########################################
Iteration completed successfully
Iteration wallclock: 0:06:20.057194, cputime: 0:34:18.660861


Sun May 19 19:32:11 2024
Iteration 526 (600 requested)
Beginning iteration 526
128 segments remain in iteration 526 (128 total)
31 of 33 (93.939394%) active bins are populated
per-bin minimum non-zero probability:       0.000184998
per-bin maximum probability:                0.145766
per-bin probability dynamic range (kT):     6.66941
per-segment minimum non-zero probability:   4.07893e-05
per-segment maximum non-zero probability:   0.0543991
per-segment probability dynamic range (kT): 7.19568
norm = 1, error in norm = -2.22045e-16 (-1*epsilon)
MAB binning in use
Bottleneck bin occupancy may not be accurately reported
Waiting for segments to complete...
################ MAB stats ################
minima in each dimension:      [0.3753]
maxima in each dimension:      [37.0095]
direction in each dimension:   [86]
skip in each dimension:        [0]
###########################################
Iteration completed successfully
Iteration wallclock: 0:06:32.742444, cputime: 0:35:24.594748


Sun May 19 19:38:44 2024
Iteration 527 (600 requested)
Beginning iteration 527
124 segments remain in iteration 527 (124 total)
30 of 33 (90.909091%) active bins are populated
per-bin minimum non-zero probability:       0.000903743
per-bin maximum probability:                0.19947
per-bin probability dynamic range (kT):     5.39687
per-segment minimum non-zero probability:   0.000135964
per-segment maximum non-zero probability:   0.0625406
per-segment probability dynamic range (kT): 6.13118
norm = 1, error in norm = 0 (0*epsilon)
MAB binning in use
Bottleneck bin occupancy may not be accurately reported
Waiting for segments to complete...
################ MAB stats ################
minima in each dimension:      [1.1544]
maxima in each dimension:      [36.69]
direction in each dimension:   [86]
skip in each dimension:        [0]
###########################################
Iteration completed successfully
Iteration wallclock: 0:06:21.688456, cputime: 0:34:32.194323


Sun May 19 19:45:05 2024
Iteration 528 (600 requested)
Beginning iteration 528
124 segments remain in iteration 528 (124 total)
29 of 33 (87.878788%) active bins are populated
per-bin minimum non-zero probability:       0.000944226
per-bin maximum probability:                0.184332
per-bin probability dynamic range (kT):     5.27413
per-segment minimum non-zero probability:   0.000112968
per-segment maximum non-zero probability:   0.0625406
per-segment probability dynamic range (kT): 6.31647
norm = 1, error in norm = -3.33067e-16 (-1.5*epsilon)
MAB binning in use
Bottleneck bin occupancy may not be accurately reported
Waiting for segments to complete...
################ MAB stats ################
minima in each dimension:      [1.4495]
maxima in each dimension:      [38.7012]
direction in each dimension:   [86]
skip in each dimension:        [0]
###########################################
Iteration completed successfully
Iteration wallclock: 0:06:20.229351, cputime: 0:34:27.154067


Sun May 19 19:51:26 2024
Iteration 529 (600 requested)
Beginning iteration 529
128 segments remain in iteration 529 (128 total)
30 of 33 (90.909091%) active bins are populated
per-bin minimum non-zero probability:       0.000402558
per-bin maximum probability:                0.23175
per-bin probability dynamic range (kT):     6.35558
per-segment minimum non-zero probability:   6.98673e-05
per-segment maximum non-zero probability:   0.0560475
per-segment probability dynamic range (kT): 6.68736
norm = 1, error in norm = -2.22045e-16 (-1*epsilon)
MAB binning in use
Bottleneck bin occupancy may not be accurately reported
Waiting for segments to complete...
################ MAB stats ################
minima in each dimension:      [0.1142]
maxima in each dimension:      [36.9688]
direction in each dimension:   [86]
skip in each dimension:        [0]
###########################################
Iteration completed successfully
Iteration wallclock: 0:06:28.879489, cputime: 0:35:27.489233


Sun May 19 19:57:55 2024
Iteration 530 (600 requested)
Beginning iteration 530
120 segments remain in iteration 530 (120 total)
30 of 33 (90.909091%) active bins are populated
per-bin minimum non-zero probability:       0.000519427
per-bin maximum probability:                0.165712
per-bin probability dynamic range (kT):     5.76528
per-segment minimum non-zero probability:   0.000105957
per-segment maximum non-zero probability:   0.0543991
per-segment probability dynamic range (kT): 6.24107
norm = 1, error in norm = -2.22045e-16 (-1*epsilon)
MAB binning in use
Bottleneck bin occupancy may not be accurately reported
Waiting for segments to complete...
################ MAB stats ################
minima in each dimension:      [1.5717]
maxima in each dimension:      [36.6785]
direction in each dimension:   [86]
skip in each dimension:        [0]
###########################################
Iteration completed successfully
Iteration wallclock: 0:06:07.030998, cputime: 0:33:18.927961


Sun May 19 20:04:02 2024
Iteration 531 (600 requested)
Beginning iteration 531
112 segments remain in iteration 531 (112 total)
27 of 33 (81.818182%) active bins are populated
per-bin minimum non-zero probability:       0.000728667
per-bin maximum probability:                0.332293
per-bin probability dynamic range (kT):     6.12256
per-segment minimum non-zero probability:   9.9501e-05
per-segment maximum non-zero probability:   0.105896
per-segment probability dynamic range (kT): 6.97004
norm = 1, error in norm = -2.22045e-16 (-1*epsilon)
MAB binning in use
Bottleneck bin occupancy may not be accurately reported
Waiting for segments to complete...
################ MAB stats ################
minima in each dimension:      [1.3407]
maxima in each dimension:      [37.5279]
direction in each dimension:   [86]
skip in each dimension:        [0]
###########################################
Iteration completed successfully
Iteration wallclock: 0:05:43.039672, cputime: 0:31:08.282523


Sun May 19 20:09:45 2024
Iteration 532 (600 requested)
Beginning iteration 532
124 segments remain in iteration 532 (124 total)
32 of 33 (96.969697%) active bins are populated
per-bin minimum non-zero probability:       0.000452319
per-bin maximum probability:                0.167891
per-bin probability dynamic range (kT):     5.91668
per-segment minimum non-zero probability:   0.00011308
per-segment maximum non-zero probability:   0.052948
per-segment probability dynamic range (kT): 6.14897
norm = 1, error in norm = -3.33067e-16 (-1.5*epsilon)
MAB binning in use
Bottleneck bin occupancy may not be accurately reported
Waiting for segments to complete...
################ MAB stats ################
minima in each dimension:      [0.4623]
maxima in each dimension:      [37.7818]
direction in each dimension:   [86]
skip in each dimension:        [0]
###########################################
Iteration completed successfully
Iteration wallclock: 0:06:20.045088, cputime: 0:34:26.730138


Sun May 19 20:16:05 2024
Iteration 533 (600 requested)
Beginning iteration 533
124 segments remain in iteration 533 (124 total)
30 of 33 (90.909091%) active bins are populated
per-bin minimum non-zero probability:       0.000125687
per-bin maximum probability:                0.162873
per-bin probability dynamic range (kT):     7.16694
per-segment minimum non-zero probability:   3.14217e-05
per-segment maximum non-zero probability:   0.052948
per-segment probability dynamic range (kT): 7.42957
norm = 1, error in norm = -2.22045e-16 (-1*epsilon)
MAB binning in use
Bottleneck bin occupancy may not be accurately reported
Waiting for segments to complete...
################ MAB stats ################
minima in each dimension:      [0.2617]
maxima in each dimension:      [37.372]
direction in each dimension:   [86]
skip in each dimension:        [0]
###########################################
Iteration completed successfully
Iteration wallclock: 0:06:20.335856, cputime: 0:34:31.428465


Sun May 19 20:22:25 2024
Iteration 534 (600 requested)
Beginning iteration 534
116 segments remain in iteration 534 (116 total)
28 of 33 (84.848485%) active bins are populated
per-bin minimum non-zero probability:       0.000274623
per-bin maximum probability:                0.243352
per-bin probability dynamic range (kT):     6.78686
per-segment minimum non-zero probability:   2.56262e-05
per-segment maximum non-zero probability:   0.0842919
per-segment probability dynamic range (kT): 8.09843
norm = 1, error in norm = -1.11022e-16 (-0.5*epsilon)
MAB binning in use
Bottleneck bin occupancy may not be accurately reported
Waiting for segments to complete...
################ MAB stats ################
minima in each dimension:      [1.0817]
maxima in each dimension:      [37.6259]
direction in each dimension:   [86]
skip in each dimension:        [0]
###########################################
Iteration completed successfully
Iteration wallclock: 0:05:55.182465, cputime: 0:32:14.848434


Sun May 19 20:28:20 2024
Iteration 535 (600 requested)
Beginning iteration 535
124 segments remain in iteration 535 (124 total)
30 of 33 (90.909091%) active bins are populated
per-bin minimum non-zero probability:       2.56262e-05
per-bin maximum probability:                0.173185
per-bin probability dynamic range (kT):     8.8185
per-segment minimum non-zero probability:   6.40655e-06
per-segment maximum non-zero probability:   0.0594009
per-segment probability dynamic range (kT): 9.13474
norm = 1, error in norm = -2.22045e-16 (-1*epsilon)
MAB binning in use
Bottleneck bin occupancy may not be accurately reported
Waiting for segments to complete...
################ MAB stats ################
minima in each dimension:      [0.3108]
maxima in each dimension:      [36.5357]
direction in each dimension:   [86]
skip in each dimension:        [0]
###########################################
Iteration completed successfully
Iteration wallclock: 0:06:20.583327, cputime: 0:34:21.778580


Sun May 19 20:34:41 2024
Iteration 536 (600 requested)
Beginning iteration 536
128 segments remain in iteration 536 (128 total)
30 of 33 (90.909091%) active bins are populated
per-bin minimum non-zero probability:       0.000165096
per-bin maximum probability:                0.174934
per-bin probability dynamic range (kT):     6.96564
per-segment minimum non-zero probability:   1.43432e-05
per-segment maximum non-zero probability:   0.0662516
per-segment probability dynamic range (kT): 8.43794
norm = 1, error in norm = -2.22045e-16 (-1*epsilon)
MAB binning in use
Bottleneck bin occupancy may not be accurately reported
Waiting for segments to complete...
################ MAB stats ################
minima in each dimension:      [0.9442]
maxima in each dimension:      [38.1184]
direction in each dimension:   [86]
skip in each dimension:        [0]
###########################################
Iteration completed successfully
Iteration wallclock: 0:06:30.052638, cputime: 0:35:30.523056


Sun May 19 20:41:11 2024
Iteration 537 (600 requested)
Beginning iteration 537
120 segments remain in iteration 537 (120 total)
30 of 33 (90.909091%) active bins are populated
per-bin minimum non-zero probability:       1.43432e-05
per-bin maximum probability:                0.181071
per-bin probability dynamic range (kT):     9.44337
per-segment minimum non-zero probability:   3.5858e-06
per-segment maximum non-zero probability:   0.0662516
per-segment probability dynamic range (kT): 9.82423
norm = 1, error in norm = -2.22045e-16 (-1*epsilon)
MAB binning in use
Bottleneck bin occupancy may not be accurately reported
Waiting for segments to complete...
################ MAB stats ################
minima in each dimension:      [1.7192]
maxima in each dimension:      [36.7404]
direction in each dimension:   [86]
skip in each dimension:        [0]
###########################################
Iteration completed successfully
Iteration wallclock: 0:06:05.486915, cputime: 0:33:18.354844


Sun May 19 20:47:16 2024
Iteration 538 (600 requested)
Beginning iteration 538
124 segments remain in iteration 538 (124 total)
30 of 33 (90.909091%) active bins are populated
per-bin minimum non-zero probability:       3.5858e-06
per-bin maximum probability:                0.181275
per-bin probability dynamic range (kT):     10.8308
per-segment minimum non-zero probability:   8.96451e-07
per-segment maximum non-zero probability:   0.0662516
per-segment probability dynamic range (kT): 11.2105
norm = 1, error in norm = -4.44089e-16 (-2*epsilon)
MAB binning in use
Bottleneck bin occupancy may not be accurately reported
Waiting for segments to complete...
################ MAB stats ################
minima in each dimension:      [2.3433]
maxima in each dimension:      [36.8414]
direction in each dimension:   [86]
skip in each dimension:        [0]
###########################################
Iteration completed successfully
Iteration wallclock: 0:06:19.956450, cputime: 0:34:20.498571


Sun May 19 20:53:36 2024
Iteration 539 (600 requested)
Beginning iteration 539
124 segments remain in iteration 539 (124 total)
32 of 33 (96.969697%) active bins are populated
per-bin minimum non-zero probability:       1.7929e-06
per-bin maximum probability:                0.198737
per-bin probability dynamic range (kT):     11.6159
per-segment minimum non-zero probability:   4.48225e-07
per-segment maximum non-zero probability:   0.0570221
per-segment probability dynamic range (kT): 11.7537
norm = 1, error in norm = 0 (0*epsilon)
MAB binning in use
Bottleneck bin occupancy may not be accurately reported
Waiting for segments to complete...
################ MAB stats ################
minima in each dimension:      [1.3001]
maxima in each dimension:      [35.8299]
direction in each dimension:   [86]
skip in each dimension:        [0]
###########################################
Iteration completed successfully
Iteration wallclock: 0:06:22.623356, cputime: 0:34:20.444276


Sun May 19 20:59:59 2024
Iteration 540 (600 requested)
Beginning iteration 540
128 segments remain in iteration 540 (128 total)
32 of 33 (96.969697%) active bins are populated
per-bin minimum non-zero probability:       3.14881e-05
per-bin maximum probability:                0.293211
per-bin probability dynamic range (kT):     9.13904
per-segment minimum non-zero probability:   7.87203e-06
per-segment maximum non-zero probability:   0.108244
per-segment probability dynamic range (kT): 9.52883
norm = 1, error in norm = -3.33067e-16 (-1.5*epsilon)
MAB binning in use
Bottleneck bin occupancy may not be accurately reported
Waiting for segments to complete...
################ MAB stats ################
minima in each dimension:      [1.8324]
maxima in each dimension:      [37.133]
direction in each dimension:   [86]
skip in each dimension:        [0]
###########################################
Iteration completed successfully
Iteration wallclock: 0:06:33.736424, cputime: 0:35:26.524164


Sun May 19 21:06:33 2024
Iteration 541 (600 requested)
Beginning iteration 541
120 segments remain in iteration 541 (120 total)
30 of 33 (90.909091%) active bins are populated
per-bin minimum non-zero probability:       5.02925e-05
per-bin maximum probability:                0.283844
per-bin probability dynamic range (kT):     8.63832
per-segment minimum non-zero probability:   1.06051e-05
per-segment maximum non-zero probability:   0.108244
per-segment probability dynamic range (kT): 9.23081
norm = 1, error in norm = -2.22045e-16 (-1*epsilon)
MAB binning in use
Bottleneck bin occupancy may not be accurately reported
Waiting for segments to complete...
################ MAB stats ################
minima in each dimension:      [0.7298]
maxima in each dimension:      [37.8656]
direction in each dimension:   [86]
skip in each dimension:        [0]
###########################################
Iteration completed successfully
Iteration wallclock: 0:06:07.369367, cputime: 0:33:14.818176


Sun May 19 21:12:40 2024
Iteration 542 (600 requested)
Beginning iteration 542
124 segments remain in iteration 542 (124 total)
31 of 33 (93.939394%) active bins are populated
per-bin minimum non-zero probability:       0.000154794
per-bin maximum probability:                0.154184
per-bin probability dynamic range (kT):     6.9038
per-segment minimum non-zero probability:   7.73972e-05
per-segment maximum non-zero probability:   0.0570221
per-segment probability dynamic range (kT): 6.60224
norm = 1, error in norm = 0 (0*epsilon)
MAB binning in use
Bottleneck bin occupancy may not be accurately reported
Waiting for segments to complete...
################ MAB stats ################
minima in each dimension:      [1.4525]
maxima in each dimension:      [37.8707]
direction in each dimension:   [86]
skip in each dimension:        [0]
###########################################
Iteration completed successfully
Iteration wallclock: 0:06:21.918470, cputime: 0:34:19.521723


Sun May 19 21:19:02 2024
Iteration 543 (600 requested)
Beginning iteration 543
128 segments remain in iteration 543 (128 total)
31 of 33 (93.939394%) active bins are populated
per-bin minimum non-zero probability:       0.000154794
per-bin maximum probability:                0.191126
per-bin probability dynamic range (kT):     7.11859
per-segment minimum non-zero probability:   3.86986e-05
per-segment maximum non-zero probability:   0.0604167
per-segment probability dynamic range (kT): 7.35322
norm = 1, error in norm = -1.11022e-16 (-0.5*epsilon)
MAB binning in use
Bottleneck bin occupancy may not be accurately reported
Waiting for segments to complete...
################ MAB stats ################
minima in each dimension:      [0.8436]
maxima in each dimension:      [36.4814]
direction in each dimension:   [86]
skip in each dimension:        [0]
###########################################
Iteration completed successfully
Iteration wallclock: 0:06:31.862486, cputime: 0:35:42.693801


Sun May 19 21:25:34 2024
Iteration 544 (600 requested)
Beginning iteration 544
124 segments remain in iteration 544 (124 total)
29 of 33 (87.878788%) active bins are populated
per-bin minimum non-zero probability:       0.000305802
per-bin maximum probability:                0.155514
per-bin probability dynamic range (kT):     6.23155
per-segment minimum non-zero probability:   5.80479e-05
per-segment maximum non-zero probability:   0.0528715
per-segment probability dynamic range (kT): 6.81435
norm = 1, error in norm = -2.22045e-16 (-1*epsilon)
MAB binning in use
Bottleneck bin occupancy may not be accurately reported
Waiting for segments to complete...
################ MAB stats ################
minima in each dimension:      [1.2353]
maxima in each dimension:      [38.6669]
direction in each dimension:   [86]
skip in each dimension:        [0]
###########################################
Iteration completed successfully
Iteration wallclock: 0:06:22.537284, cputime: 0:34:28.828267


Sun May 19 21:31:56 2024
Iteration 545 (600 requested)
Beginning iteration 545
128 segments remain in iteration 545 (128 total)
30 of 33 (90.909091%) active bins are populated
per-bin minimum non-zero probability:       7.36103e-05
per-bin maximum probability:                0.191855
per-bin probability dynamic range (kT):     7.86571
per-segment minimum non-zero probability:   1.84026e-05
per-segment maximum non-zero probability:   0.062797
per-segment probability dynamic range (kT): 8.13517
norm = 1, error in norm = 0 (0*epsilon)
MAB binning in use
Bottleneck bin occupancy may not be accurately reported
Waiting for segments to complete...
################ MAB stats ################
minima in each dimension:      [0.976]
maxima in each dimension:      [37.22]
direction in each dimension:   [86]
skip in each dimension:        [0]
###########################################
Iteration completed successfully
Iteration wallclock: 0:06:30.221902, cputime: 0:35:40.404246


Sun May 19 21:38:27 2024
Iteration 546 (600 requested)
Beginning iteration 546
120 segments remain in iteration 546 (120 total)
28 of 33 (84.848485%) active bins are populated
per-bin minimum non-zero probability:       0.00085945
per-bin maximum probability:                0.175077
per-bin probability dynamic range (kT):     5.31669
per-segment minimum non-zero probability:   1.6618e-05
per-segment maximum non-zero probability:   0.062797
per-segment probability dynamic range (kT): 8.23717
norm = 1, error in norm = -2.22045e-16 (-1*epsilon)
MAB binning in use
Bottleneck bin occupancy may not be accurately reported
Waiting for segments to complete...
################ MAB stats ################
minima in each dimension:      [0.3152]
maxima in each dimension:      [37.8652]
direction in each dimension:   [86]
skip in each dimension:        [0]
###########################################
Iteration completed successfully
Iteration wallclock: 0:06:07.289764, cputime: 0:33:14.056879


Sun May 19 21:44:34 2024
Iteration 547 (600 requested)
Beginning iteration 547
124 segments remain in iteration 547 (124 total)
30 of 33 (90.909091%) active bins are populated
per-bin minimum non-zero probability:       0.000205718
per-bin maximum probability:                0.21674
per-bin probability dynamic range (kT):     6.95995
per-segment minimum non-zero probability:   1.35927e-05
per-segment maximum non-zero probability:   0.0720666
per-segment probability dynamic range (kT): 8.57581
norm = 1, error in norm = 0 (0*epsilon)
MAB binning in use
Bottleneck bin occupancy may not be accurately reported
Waiting for segments to complete...
################ MAB stats ################
minima in each dimension:      [0.5351]
maxima in each dimension:      [37.0461]
direction in each dimension:   [86]
skip in each dimension:        [0]
###########################################
Iteration completed successfully
Iteration wallclock: 0:06:22.452770, cputime: 0:34:29.299995


Sun May 19 21:50:56 2024
Iteration 548 (600 requested)
Beginning iteration 548
124 segments remain in iteration 548 (124 total)
31 of 33 (93.939394%) active bins are populated
per-bin minimum non-zero probability:       5.14294e-05
per-bin maximum probability:                0.227413
per-bin probability dynamic range (kT):     8.39431
per-segment minimum non-zero probability:   1.26122e-05
per-segment maximum non-zero probability:   0.0720666
per-segment probability dynamic range (kT): 8.65068
norm = 1, error in norm = -3.33067e-16 (-1.5*epsilon)
MAB binning in use
Bottleneck bin occupancy may not be accurately reported
Waiting for segments to complete...
################ MAB stats ################
minima in each dimension:      [0.9641]
maxima in each dimension:      [38.3704]
direction in each dimension:   [86]
skip in each dimension:        [0]
###########################################
Iteration completed successfully
Iteration wallclock: 0:06:22.389780, cputime: 0:34:18.678537


Sun May 19 21:57:19 2024
Iteration 549 (600 requested)
Beginning iteration 549
124 segments remain in iteration 549 (124 total)
31 of 33 (93.939394%) active bins are populated
per-bin minimum non-zero probability:       1.35927e-05
per-bin maximum probability:                0.144912
per-bin probability dynamic range (kT):     9.27435
per-segment minimum non-zero probability:   3.39817e-06
per-segment maximum non-zero probability:   0.0461096
per-segment probability dynamic range (kT): 9.51554
norm = 1, error in norm = 0 (0*epsilon)
MAB binning in use
Bottleneck bin occupancy may not be accurately reported
Waiting for segments to complete...
################ MAB stats ################
minima in each dimension:      [0.2153]
maxima in each dimension:      [37.7286]
direction in each dimension:   [86]
skip in each dimension:        [0]
###########################################
Iteration completed successfully
Iteration wallclock: 0:06:19.372727, cputime: 0:34:35.119280


Sun May 19 22:03:38 2024
Iteration 550 (600 requested)
Beginning iteration 550
128 segments remain in iteration 550 (128 total)
31 of 33 (93.939394%) active bins are populated
per-bin minimum non-zero probability:       6.30612e-06
per-bin maximum probability:                0.228379
per-bin probability dynamic range (kT):     10.4972
per-segment minimum non-zero probability:   1.57653e-06
per-segment maximum non-zero probability:   0.063339
per-segment probability dynamic range (kT): 10.601
norm = 1, error in norm = -2.22045e-16 (-1*epsilon)
MAB binning in use
Bottleneck bin occupancy may not be accurately reported
Waiting for segments to complete...
################ MAB stats ################
minima in each dimension:      [0.2743]
maxima in each dimension:      [36.2554]
direction in each dimension:   [86]
skip in each dimension:        [0]
###########################################
Iteration completed successfully
Iteration wallclock: 0:06:30.490552, cputime: 0:35:35.826127


Sun May 19 22:10:09 2024
Iteration 551 (600 requested)
Beginning iteration 551
128 segments remain in iteration 551 (128 total)
32 of 33 (96.969697%) active bins are populated
per-bin minimum non-zero probability:       4.72959e-06
per-bin maximum probability:                0.161445
per-bin probability dynamic range (kT):     10.4381
per-segment minimum non-zero probability:   7.88264e-07
per-segment maximum non-zero probability:   0.063339
per-segment probability dynamic range (kT): 11.2942
norm = 1, error in norm = 0 (0*epsilon)
MAB binning in use
Bottleneck bin occupancy may not be accurately reported
Waiting for segments to complete...
################ MAB stats ################
minima in each dimension:      [0.4111]
maxima in each dimension:      [38.8423]
direction in each dimension:   [86]
skip in each dimension:        [0]
###########################################
Iteration completed successfully
Iteration wallclock: 0:06:32.244813, cputime: 0:35:22.576513


Sun May 19 22:16:41 2024
Iteration 552 (600 requested)
Beginning iteration 552
128 segments remain in iteration 552 (128 total)
31 of 33 (93.939394%) active bins are populated
per-bin minimum non-zero probability:       1.57653e-06
per-bin maximum probability:                0.224042
per-bin probability dynamic range (kT):     11.8644
per-segment minimum non-zero probability:   3.94132e-07
per-segment maximum non-zero probability:   0.0752406
per-segment probability dynamic range (kT): 12.1595
norm = 1, error in norm = 0 (0*epsilon)
MAB binning in use
Bottleneck bin occupancy may not be accurately reported
Waiting for segments to complete...
################ MAB stats ################
minima in each dimension:      [0.6947]
maxima in each dimension:      [37.4804]
direction in each dimension:   [86]
skip in each dimension:        [0]
###########################################
Iteration completed successfully
Iteration wallclock: 0:06:29.389504, cputime: 0:35:34.125621


Sun May 19 22:23:10 2024
Iteration 553 (600 requested)
Beginning iteration 553
128 segments remain in iteration 553 (128 total)
31 of 33 (93.939394%) active bins are populated
per-bin minimum non-zero probability:       9.48782e-05
per-bin maximum probability:                0.227189
per-bin probability dynamic range (kT):     7.78095
per-segment minimum non-zero probability:   7.88264e-07
per-segment maximum non-zero probability:   0.0752406
per-segment probability dynamic range (kT): 11.4664
norm = 1, error in norm = 0 (0*epsilon)
MAB binning in use
Bottleneck bin occupancy may not be accurately reported
Waiting for segments to complete...
################ MAB stats ################
minima in each dimension:      [0.4792]
maxima in each dimension:      [37.4216]
direction in each dimension:   [86]
skip in each dimension:        [0]
###########################################
Iteration completed successfully
Iteration wallclock: 0:06:32.849219, cputime: 0:35:35.762849


Sun May 19 22:29:43 2024
Iteration 554 (600 requested)
Beginning iteration 554
120 segments remain in iteration 554 (120 total)
31 of 33 (93.939394%) active bins are populated
per-bin minimum non-zero probability:       2.43108e-05
per-bin maximum probability:                0.189733
per-bin probability dynamic range (kT):     8.96245
per-segment minimum non-zero probability:   5.88062e-06
per-segment maximum non-zero probability:   0.0752406
per-segment probability dynamic range (kT): 9.45678
norm = 1, error in norm = -1.11022e-16 (-0.5*epsilon)
MAB binning in use
Bottleneck bin occupancy may not be accurately reported
Waiting for segments to complete...
################ MAB stats ################
minima in each dimension:      [0.5429]
maxima in each dimension:      [39.6427]
direction in each dimension:   [86]
skip in each dimension:        [0]
###########################################
Iteration completed successfully
Iteration wallclock: 0:06:11.077493, cputime: 0:33:18.740632


Sun May 19 22:35:54 2024
Iteration 555 (600 requested)
Beginning iteration 555
112 segments remain in iteration 555 (112 total)
31 of 33 (93.939394%) active bins are populated
per-bin minimum non-zero probability:       6.34185e-05
per-bin maximum probability:                0.246575
per-bin probability dynamic range (kT):     8.26567
per-segment minimum non-zero probability:   1.58546e-05
per-segment maximum non-zero probability:   0.0774716
per-segment probability dynamic range (kT): 8.49421
norm = 1, error in norm = -1.11022e-16 (-0.5*epsilon)
MAB binning in use
Bottleneck bin occupancy may not be accurately reported
Waiting for segments to complete...
################ MAB stats ################
minima in each dimension:      [1.6665]
maxima in each dimension:      [35.8771]
direction in each dimension:   [86]
skip in each dimension:        [0]
###########################################
Iteration completed successfully
Iteration wallclock: 0:06:03.930181, cputime: 0:30:30.443052


Sun May 19 22:41:58 2024
Iteration 556 (600 requested)
Beginning iteration 556
120 segments remain in iteration 556 (120 total)
29 of 33 (87.878788%) active bins are populated
per-bin minimum non-zero probability:       0.000430424
per-bin maximum probability:                0.221913
per-bin probability dynamic range (kT):     6.24527
per-segment minimum non-zero probability:   1.58546e-05
per-segment maximum non-zero probability:   0.0752406
per-segment probability dynamic range (kT): 8.46498
norm = 1, error in norm = -2.22045e-16 (-1*epsilon)
MAB binning in use
Bottleneck bin occupancy may not be accurately reported
Waiting for segments to complete...
################ MAB stats ################
minima in each dimension:      [1.3914]
maxima in each dimension:      [35.7424]
direction in each dimension:   [86]
skip in each dimension:        [0]
###########################################
Iteration completed successfully
Iteration wallclock: 0:06:18.994183, cputime: 0:33:26.300351


Sun May 19 22:48:17 2024
Iteration 557 (600 requested)
Beginning iteration 557
128 segments remain in iteration 557 (128 total)
31 of 33 (93.939394%) active bins are populated
per-bin minimum non-zero probability:       0.000206173
per-bin maximum probability:                0.193782
per-bin probability dynamic range (kT):     6.84578
per-segment minimum non-zero probability:   5.15433e-05
per-segment maximum non-zero probability:   0.0544513
per-segment probability dynamic range (kT): 6.96264
norm = 1, error in norm = 0 (0*epsilon)
MAB binning in use
Bottleneck bin occupancy may not be accurately reported
Waiting for segments to complete...
################ MAB stats ################
minima in each dimension:      [1.7199]
maxima in each dimension:      [36.0569]
direction in each dimension:   [86]
skip in each dimension:        [0]
###########################################
Iteration completed successfully
Iteration wallclock: 0:06:58.595492, cputime: 0:35:24.154902


Sun May 19 22:55:16 2024
Iteration 558 (600 requested)
Beginning iteration 558
128 segments remain in iteration 558 (128 total)
29 of 33 (87.878788%) active bins are populated
per-bin minimum non-zero probability:       0.000711123
per-bin maximum probability:                0.203641
per-bin probability dynamic range (kT):     5.65727
per-segment minimum non-zero probability:   0.000177781
per-segment maximum non-zero probability:   0.0597296
per-segment probability dynamic range (kT): 5.81703
norm = 1, error in norm = -2.22045e-16 (-1*epsilon)
MAB binning in use
Bottleneck bin occupancy may not be accurately reported
Waiting for segments to complete...
################ MAB stats ################
minima in each dimension:      [1.63]
maxima in each dimension:      [36.2073]
direction in each dimension:   [86]
skip in each dimension:        [0]
###########################################
Iteration completed successfully
Iteration wallclock: 0:09:13.305512, cputime: 0:35:19.902299


Sun May 19 23:04:29 2024
Iteration 559 (600 requested)
Beginning iteration 559
124 segments remain in iteration 559 (124 total)
31 of 33 (93.939394%) active bins are populated
per-bin minimum non-zero probability:       0.0013419
per-bin maximum probability:                0.218787
per-bin probability dynamic range (kT):     5.09401
per-segment minimum non-zero probability:   0.000284818
per-segment maximum non-zero probability:   0.0640807
per-segment probability dynamic range (kT): 5.41605
norm = 1, error in norm = -2.22045e-16 (-1*epsilon)
MAB binning in use
Bottleneck bin occupancy may not be accurately reported
Waiting for segments to complete...
################ MAB stats ################
minima in each dimension:      [0.5344]
maxima in each dimension:      [38.1942]
direction in each dimension:   [86]
skip in each dimension:        [0]
###########################################
Iteration completed successfully
Iteration wallclock: 0:09:40.949275, cputime: 0:33:30.625489


Sun May 19 23:14:10 2024
Iteration 560 (600 requested)
Beginning iteration 560
116 segments remain in iteration 560 (116 total)
29 of 33 (87.878788%) active bins are populated
per-bin minimum non-zero probability:       0.000940779
per-bin maximum probability:                0.164901
per-bin probability dynamic range (kT):     5.16639
per-segment minimum non-zero probability:   0.000168291
per-segment maximum non-zero probability:   0.0544513
per-segment probability dynamic range (kT): 5.77937
norm = 1, error in norm = -3.33067e-16 (-1.5*epsilon)
MAB binning in use
Bottleneck bin occupancy may not be accurately reported
Waiting for segments to complete...
################ MAB stats ################
minima in each dimension:      [1.0153]
maxima in each dimension:      [35.6126]
direction in each dimension:   [86]
skip in each dimension:        [0]
###########################################
Iteration completed successfully
Iteration wallclock: 0:08:57.109128, cputime: 0:31:17.403507


Sun May 19 23:23:07 2024
Iteration 561 (600 requested)
Beginning iteration 561
120 segments remain in iteration 561 (120 total)
30 of 33 (90.909091%) active bins are populated
per-bin minimum non-zero probability:       0.000286734
per-bin maximum probability:                0.191601
per-bin probability dynamic range (kT):     6.50462
per-segment minimum non-zero probability:   7.16836e-05
per-segment maximum non-zero probability:   0.0757736
per-segment probability dynamic range (kT): 6.96324
norm = 1, error in norm = -2.22045e-16 (-1*epsilon)
MAB binning in use
Bottleneck bin occupancy may not be accurately reported
Waiting for segments to complete...
################ MAB stats ################
minima in each dimension:      [0.4198]
maxima in each dimension:      [37.2326]
direction in each dimension:   [86]
skip in each dimension:        [0]
###########################################
Iteration completed successfully
Iteration wallclock: 0:07:21.195060, cputime: 0:32:38.702734


Sun May 19 23:30:28 2024
Iteration 562 (600 requested)
Beginning iteration 562
124 segments remain in iteration 562 (124 total)
30 of 33 (90.909091%) active bins are populated
per-bin minimum non-zero probability:       7.16836e-05
per-bin maximum probability:                0.273324
per-bin probability dynamic range (kT):     8.24615
per-segment minimum non-zero probability:   1.79209e-05
per-segment maximum non-zero probability:   0.0769869
per-segment probability dynamic range (kT): 8.36542
norm = 1, error in norm = -2.22045e-16 (-1*epsilon)
MAB binning in use
Bottleneck bin occupancy may not be accurately reported
Waiting for segments to complete...
################ MAB stats ################
minima in each dimension:      [0.6647]
maxima in each dimension:      [38.7433]
direction in each dimension:   [86]
skip in each dimension:        [0]
###########################################
Iteration completed successfully
Iteration wallclock: 0:06:21.037627, cputime: 0:34:28.688230


Sun May 19 23:36:49 2024
Iteration 563 (600 requested)
Beginning iteration 563
124 segments remain in iteration 563 (124 total)
30 of 33 (90.909091%) active bins are populated
per-bin minimum non-zero probability:       1.79209e-05
per-bin maximum probability:                0.178298
per-bin probability dynamic range (kT):     9.20524
per-segment minimum non-zero probability:   4.48022e-06
per-segment maximum non-zero probability:   0.0757736
per-segment probability dynamic range (kT): 9.73583
norm = 1, error in norm = -3.33067e-16 (-1.5*epsilon)
MAB binning in use
Bottleneck bin occupancy may not be accurately reported
Waiting for segments to complete...
################ MAB stats ################
minima in each dimension:      [1.5667]
maxima in each dimension:      [38.4093]
direction in each dimension:   [86]
skip in each dimension:        [0]
###########################################
Iteration completed successfully
Iteration wallclock: 0:06:22.607704, cputime: 0:34:22.392716


Sun May 19 23:43:12 2024
Iteration 564 (600 requested)
Beginning iteration 564
120 segments remain in iteration 564 (120 total)
30 of 33 (90.909091%) active bins are populated
per-bin minimum non-zero probability:       4.48022e-06
per-bin maximum probability:                0.173539
per-bin probability dynamic range (kT):     10.5645
per-segment minimum non-zero probability:   1.12006e-06
per-segment maximum non-zero probability:   0.0575876
per-segment probability dynamic range (kT): 10.8477
norm = 1, error in norm = 0 (0*epsilon)
MAB binning in use
Bottleneck bin occupancy may not be accurately reported
Waiting for segments to complete...
################ MAB stats ################
minima in each dimension:      [2.0656]
maxima in each dimension:      [39.9233]
direction in each dimension:   [86]
skip in each dimension:        [0]
###########################################
Iteration completed successfully
Iteration wallclock: 0:06:07.512227, cputime: 0:33:16.957946


Sun May 19 23:49:19 2024
Iteration 565 (600 requested)
Beginning iteration 565
116 segments remain in iteration 565 (116 total)
29 of 33 (87.878788%) active bins are populated
per-bin minimum non-zero probability:       1.12006e-06
per-bin maximum probability:                0.147544
per-bin probability dynamic range (kT):     11.7885
per-segment minimum non-zero probability:   2.80014e-07
per-segment maximum non-zero probability:   0.0575876
per-segment probability dynamic range (kT): 12.234
norm = 1, error in norm = -1.11022e-16 (-0.5*epsilon)
MAB binning in use
Bottleneck bin occupancy may not be accurately reported
Waiting for segments to complete...
################ MAB stats ################
minima in each dimension:      [0.8218]
maxima in each dimension:      [37.7351]
direction in each dimension:   [86]
skip in each dimension:        [0]
###########################################
Iteration completed successfully
Iteration wallclock: 0:05:55.949384, cputime: 0:32:08.204052


Sun May 19 23:55:15 2024
Iteration 566 (600 requested)
Beginning iteration 566
120 segments remain in iteration 566 (120 total)
30 of 33 (90.909091%) active bins are populated
per-bin minimum non-zero probability:       1.12006e-06
per-bin maximum probability:                0.155922
per-bin probability dynamic range (kT):     11.8437
per-segment minimum non-zero probability:   2.80014e-07
per-segment maximum non-zero probability:   0.0575876
per-segment probability dynamic range (kT): 12.234
norm = 1, error in norm = -2.22045e-16 (-1*epsilon)
MAB binning in use
Bottleneck bin occupancy may not be accurately reported
Waiting for segments to complete...
################ MAB stats ################
minima in each dimension:      [1.7363]
maxima in each dimension:      [37.3713]
direction in each dimension:   [86]
skip in each dimension:        [0]
###########################################
Iteration completed successfully
Iteration wallclock: 0:06:10.798129, cputime: 0:33:10.445550


Mon May 20 00:01:26 2024
Iteration 567 (600 requested)
Beginning iteration 567
124 segments remain in iteration 567 (124 total)
31 of 33 (93.939394%) active bins are populated
per-bin minimum non-zero probability:       2.80014e-07
per-bin maximum probability:                0.175346
per-bin probability dynamic range (kT):     13.3474
per-segment minimum non-zero probability:   7.00035e-08
per-segment maximum non-zero probability:   0.0575876
per-segment probability dynamic range (kT): 13.6203
norm = 1, error in norm = -2.22045e-16 (-1*epsilon)
MAB binning in use
Bottleneck bin occupancy may not be accurately reported
Waiting for segments to complete...
################ MAB stats ################
minima in each dimension:      [1.3349]
maxima in each dimension:      [37.3925]
direction in each dimension:   [86]
skip in each dimension:        [0]
###########################################
Iteration completed successfully
Iteration wallclock: 0:06:20.243010, cputime: 0:34:23.981673


Mon May 20 00:07:46 2024
Iteration 568 (600 requested)
Beginning iteration 568
124 segments remain in iteration 568 (124 total)
31 of 33 (93.939394%) active bins are populated
per-bin minimum non-zero probability:       1.40007e-07
per-bin maximum probability:                0.14457
per-bin probability dynamic range (kT):     13.8476
per-segment minimum non-zero probability:   3.50018e-08
per-segment maximum non-zero probability:   0.0575876
per-segment probability dynamic range (kT): 14.3134
norm = 1, error in norm = 0 (0*epsilon)
MAB binning in use
Bottleneck bin occupancy may not be accurately reported
Waiting for segments to complete...
################ MAB stats ################
minima in each dimension:      [0.4332]
maxima in each dimension:      [37.4926]
direction in each dimension:   [86]
skip in each dimension:        [0]
###########################################
Iteration completed successfully
Iteration wallclock: 0:06:21.667424, cputime: 0:34:22.102271


Mon May 20 00:14:08 2024
Iteration 569 (600 requested)
Beginning iteration 569
124 segments remain in iteration 569 (124 total)
31 of 33 (93.939394%) active bins are populated
per-bin minimum non-zero probability:       3.50018e-08
per-bin maximum probability:                0.18852
per-bin probability dynamic range (kT):     15.4993
per-segment minimum non-zero probability:   8.75044e-09
per-segment maximum non-zero probability:   0.0575876
per-segment probability dynamic range (kT): 15.6997
norm = 1, error in norm = -3.33067e-16 (-1.5*epsilon)
MAB binning in use
Bottleneck bin occupancy may not be accurately reported
Waiting for segments to complete...
################ MAB stats ################
minima in each dimension:      [1.1208]
maxima in each dimension:      [38.9165]
direction in each dimension:   [86]
skip in each dimension:        [0]
###########################################
Iteration completed successfully
Iteration wallclock: 0:06:22.529397, cputime: 0:34:29.031163


Mon May 20 00:20:31 2024
Iteration 570 (600 requested)
Beginning iteration 570
120 segments remain in iteration 570 (120 total)
30 of 33 (90.909091%) active bins are populated
per-bin minimum non-zero probability:       2.62513e-08
per-bin maximum probability:                0.153778
per-bin probability dynamic range (kT):     15.5833
per-segment minimum non-zero probability:   5.83363e-09
per-segment maximum non-zero probability:   0.0575876
per-segment probability dynamic range (kT): 16.1052
norm = 1, error in norm = -2.22045e-16 (-1*epsilon)
MAB binning in use
Bottleneck bin occupancy may not be accurately reported
Waiting for segments to complete...
################ MAB stats ################
minima in each dimension:      [1.1317]
maxima in each dimension:      [37.6819]
direction in each dimension:   [86]
skip in each dimension:        [0]
###########################################
Iteration completed successfully
Iteration wallclock: 0:06:10.089140, cputime: 0:33:09.310246


Mon May 20 00:26:41 2024
Iteration 571 (600 requested)
Beginning iteration 571
124 segments remain in iteration 571 (124 total)
31 of 33 (93.939394%) active bins are populated
per-bin minimum non-zero probability:       5.83363e-09
per-bin maximum probability:                0.149553
per-bin probability dynamic range (kT):     17.0595
per-segment minimum non-zero probability:   1.45841e-09
per-segment maximum non-zero probability:   0.0575876
per-segment probability dynamic range (kT): 17.4915
norm = 1, error in norm = 0 (0*epsilon)
MAB binning in use
Bottleneck bin occupancy may not be accurately reported
Waiting for segments to complete...
################ MAB stats ################
minima in each dimension:      [0.6156]
maxima in each dimension:      [37.3182]
direction in each dimension:   [86]
skip in each dimension:        [0]
###########################################
Iteration completed successfully
Iteration wallclock: 0:06:21.312865, cputime: 0:34:27.714974


Mon May 20 00:33:02 2024
Iteration 572 (600 requested)
Beginning iteration 572
124 segments remain in iteration 572 (124 total)
30 of 33 (90.909091%) active bins are populated
per-bin minimum non-zero probability:       1.45841e-09
per-bin maximum probability:                0.178876
per-bin probability dynamic range (kT):     18.6249
per-segment minimum non-zero probability:   3.64602e-10
per-segment maximum non-zero probability:   0.0575876
per-segment probability dynamic range (kT): 18.8778
norm = 1, error in norm = 2.22045e-16 (1*epsilon)
MAB binning in use
Bottleneck bin occupancy may not be accurately reported
Waiting for segments to complete...
################ MAB stats ################
minima in each dimension:      [1.4058]
maxima in each dimension:      [39.0647]
direction in each dimension:   [86]
skip in each dimension:        [0]
###########################################
Iteration completed successfully
Iteration wallclock: 0:06:20.998646, cputime: 0:34:21.799583


Mon May 20 00:39:23 2024
Iteration 573 (600 requested)
Beginning iteration 573
124 segments remain in iteration 573 (124 total)
31 of 33 (93.939394%) active bins are populated
per-bin minimum non-zero probability:       3.64602e-10
per-bin maximum probability:                0.196462
per-bin probability dynamic range (kT):     20.1049
per-segment minimum non-zero probability:   9.11504e-11
per-segment maximum non-zero probability:   0.0622782
per-segment probability dynamic range (kT): 20.3424
norm = 1, error in norm = -2.22045e-16 (-1*epsilon)
MAB binning in use
Bottleneck bin occupancy may not be accurately reported
Waiting for segments to complete...
################ MAB stats ################
minima in each dimension:      [1.0925]
maxima in each dimension:      [37.2232]
direction in each dimension:   [86]
skip in each dimension:        [0]
###########################################
Iteration completed successfully
Iteration wallclock: 0:06:24.037228, cputime: 0:34:20.253951


Mon May 20 00:45:47 2024
Iteration 574 (600 requested)
Beginning iteration 574
128 segments remain in iteration 574 (128 total)
31 of 33 (93.939394%) active bins are populated
per-bin minimum non-zero probability:       1.45645e-07
per-bin maximum probability:                0.139325
per-bin probability dynamic range (kT):     13.7711
per-segment minimum non-zero probability:   1.82301e-10
per-segment maximum non-zero probability:   0.0518824
per-segment probability dynamic range (kT): 19.4666
norm = 1, error in norm = -2.22045e-16 (-1*epsilon)
MAB binning in use
Bottleneck bin occupancy may not be accurately reported
Waiting for segments to complete...
################ MAB stats ################
minima in each dimension:      [1.1565]
maxima in each dimension:      [37.6574]
direction in each dimension:   [86]
skip in each dimension:        [0]
###########################################
Iteration completed successfully
Iteration wallclock: 0:06:32.751439, cputime: 0:35:37.418824


Mon May 20 00:52:20 2024
Iteration 575 (600 requested)
Beginning iteration 575
124 segments remain in iteration 575 (124 total)
32 of 33 (96.969697%) active bins are populated
per-bin minimum non-zero probability:       7.36636e-06
per-bin maximum probability:                0.254184
per-bin probability dynamic range (kT):     10.4489
per-segment minimum non-zero probability:   1.82341e-06
per-segment maximum non-zero probability:   0.0838298
per-segment probability dynamic range (kT): 10.7358
norm = 1, error in norm = -2.22045e-16 (-1*epsilon)
MAB binning in use
Bottleneck bin occupancy may not be accurately reported
Waiting for segments to complete...
################ MAB stats ################
minima in each dimension:      [0.3541]
maxima in each dimension:      [39.5776]
direction in each dimension:   [86]
skip in each dimension:        [0]
###########################################
Iteration completed successfully
Iteration wallclock: 0:06:20.246026, cputime: 0:34:25.371394


Mon May 20 00:58:40 2024
Iteration 576 (600 requested)
Beginning iteration 576
128 segments remain in iteration 576 (128 total)
32 of 33 (96.969697%) active bins are populated
per-bin minimum non-zero probability:       7.99344e-06
per-bin maximum probability:                0.200655
per-bin probability dynamic range (kT):     10.1307
per-segment minimum non-zero probability:   1.54251e-06
per-segment maximum non-zero probability:   0.0605789
per-segment probability dynamic range (kT): 10.5783
norm = 1, error in norm = 0 (0*epsilon)
MAB binning in use
Bottleneck bin occupancy may not be accurately reported
Waiting for segments to complete...
################ MAB stats ################
minima in each dimension:      [0.9626]
maxima in each dimension:      [39.8568]
direction in each dimension:   [86]
skip in each dimension:        [0]
###########################################
Iteration completed successfully
Iteration wallclock: 0:06:30.469953, cputime: 0:35:31.992374


Mon May 20 01:05:10 2024
Iteration 577 (600 requested)
Beginning iteration 577
124 segments remain in iteration 577 (124 total)
31 of 33 (93.939394%) active bins are populated
per-bin minimum non-zero probability:       2.43121e-06
per-bin maximum probability:                0.199182
per-bin probability dynamic range (kT):     11.3136
per-segment minimum non-zero probability:   6.07802e-07
per-segment maximum non-zero probability:   0.0634433
per-segment probability dynamic range (kT): 11.5558
norm = 1, error in norm = 0 (0*epsilon)
MAB binning in use
Bottleneck bin occupancy may not be accurately reported
Waiting for segments to complete...
################ MAB stats ################
minima in each dimension:      [0.8897]
maxima in each dimension:      [39.2831]
direction in each dimension:   [86]
skip in each dimension:        [0]
###########################################
Iteration completed successfully
Iteration wallclock: 0:06:19.660171, cputime: 0:34:20.260062


Mon May 20 01:11:30 2024
Iteration 578 (600 requested)
Beginning iteration 578
132 segments remain in iteration 578 (132 total)
32 of 33 (96.969697%) active bins are populated
per-bin minimum non-zero probability:       6.07802e-07
per-bin maximum probability:                0.135279
per-bin probability dynamic range (kT):     12.313
per-segment minimum non-zero probability:   1.51951e-07
per-segment maximum non-zero probability:   0.0516557
per-segment probability dynamic range (kT): 12.7366
norm = 1, error in norm = -1.11022e-16 (-0.5*epsilon)
MAB binning in use
Bottleneck bin occupancy may not be accurately reported
Waiting for segments to complete...
################ MAB stats ################
minima in each dimension:      [0.7426]
maxima in each dimension:      [39.8443]
direction in each dimension:   [86]
skip in each dimension:        [0]
###########################################
Iteration completed successfully
Iteration wallclock: 0:06:44.688606, cputime: 0:36:30.693385


Mon May 20 01:18:15 2024
Iteration 579 (600 requested)
Beginning iteration 579
124 segments remain in iteration 579 (124 total)
30 of 33 (90.909091%) active bins are populated
per-bin minimum non-zero probability:       3.03901e-07
per-bin maximum probability:                0.136982
per-bin probability dynamic range (kT):     13.0187
per-segment minimum non-zero probability:   7.59753e-08
per-segment maximum non-zero probability:   0.0506616
per-segment probability dynamic range (kT): 13.4103
norm = 1, error in norm = -2.22045e-16 (-1*epsilon)
MAB binning in use
Bottleneck bin occupancy may not be accurately reported
Waiting for segments to complete...
################ MAB stats ################
minima in each dimension:      [1.0962]
maxima in each dimension:      [39.5768]
direction in each dimension:   [86]
skip in each dimension:        [0]
###########################################
Iteration completed successfully
Iteration wallclock: 0:06:21.394022, cputime: 0:34:17.870012


Mon May 20 01:24:36 2024
Iteration 580 (600 requested)
Beginning iteration 580
132 segments remain in iteration 580 (132 total)
33 of 33 (100.000000%) active bins are populated
per-bin minimum non-zero probability:       7.78211e-07
per-bin maximum probability:                0.157269
per-bin probability dynamic range (kT):     12.2165
per-segment minimum non-zero probability:   1.75559e-07
per-segment maximum non-zero probability:   0.0506616
per-segment probability dynamic range (kT): 12.5727
norm = 1, error in norm = -1.11022e-16 (-0.5*epsilon)
MAB binning in use
Bottleneck bin occupancy may not be accurately reported
Waiting for segments to complete...
################ MAB stats ################
minima in each dimension:      [0.5835]
maxima in each dimension:      [38.4596]
direction in each dimension:   [86]
skip in each dimension:        [0]
###########################################
Iteration completed successfully
Iteration wallclock: 0:06:44.675470, cputime: 0:36:30.492013


Mon May 20 01:31:21 2024
Iteration 581 (600 requested)
Beginning iteration 581
128 segments remain in iteration 581 (128 total)
31 of 33 (93.939394%) active bins are populated
per-bin minimum non-zero probability:       2.9275e-05
per-bin maximum probability:                0.123801
per-bin probability dynamic range (kT):     8.3497
per-segment minimum non-zero probability:   2.46741e-07
per-segment maximum non-zero probability:   0.0452627
per-segment probability dynamic range (kT): 12.1197
norm = 1, error in norm = -1.11022e-16 (-0.5*epsilon)
MAB binning in use
Bottleneck bin occupancy may not be accurately reported
Waiting for segments to complete...
################ MAB stats ################
minima in each dimension:      [0.8802]
maxima in each dimension:      [38.5518]
direction in each dimension:   [86]
skip in each dimension:        [0]
###########################################
Iteration completed successfully
Iteration wallclock: 0:06:33.962666, cputime: 0:35:14.627931


Mon May 20 01:37:55 2024
Iteration 582 (600 requested)
Beginning iteration 582
128 segments remain in iteration 582 (128 total)
31 of 33 (93.939394%) active bins are populated
per-bin minimum non-zero probability:       9.3107e-06
per-bin maximum probability:                0.13452
per-bin probability dynamic range (kT):     9.5783
per-segment minimum non-zero probability:   2.46741e-07
per-segment maximum non-zero probability:   0.0490393
per-segment probability dynamic range (kT): 12.1998
norm = 1, error in norm = -2.22045e-16 (-1*epsilon)
MAB binning in use
Bottleneck bin occupancy may not be accurately reported
Waiting for segments to complete...
################ MAB stats ################
minima in each dimension:      [1.6814]
maxima in each dimension:      [36.5483]
direction in each dimension:   [86]
skip in each dimension:        [0]
###########################################
Iteration completed successfully
Iteration wallclock: 0:06:32.210819, cputime: 0:35:31.510843


Mon May 20 01:44:27 2024
Iteration 583 (600 requested)
Beginning iteration 583
128 segments remain in iteration 583 (128 total)
31 of 33 (93.939394%) active bins are populated
per-bin minimum non-zero probability:       8.14687e-06
per-bin maximum probability:                0.133272
per-bin probability dynamic range (kT):     9.70251
per-segment minimum non-zero probability:   1.74576e-06
per-segment maximum non-zero probability:   0.0490393
per-segment probability dynamic range (kT): 10.2432
norm = 1, error in norm = 0 (0*epsilon)
MAB binning in use
Bottleneck bin occupancy may not be accurately reported
Waiting for segments to complete...
################ MAB stats ################
minima in each dimension:      [0.113]
maxima in each dimension:      [37.9105]
direction in each dimension:   [86]
skip in each dimension:        [0]
###########################################
Iteration completed successfully
Iteration wallclock: 0:06:32.910469, cputime: 0:35:28.129137


Mon May 20 01:51:00 2024
Iteration 584 (600 requested)
Beginning iteration 584
120 segments remain in iteration 584 (120 total)
31 of 33 (93.939394%) active bins are populated
per-bin minimum non-zero probability:       1.74576e-06
per-bin maximum probability:                0.151913
per-bin probability dynamic range (kT):     11.3739
per-segment minimum non-zero probability:   4.36439e-07
per-segment maximum non-zero probability:   0.0499615
per-segment probability dynamic range (kT): 11.6481
norm = 1, error in norm = 0 (0*epsilon)
MAB binning in use
Bottleneck bin occupancy may not be accurately reported
Waiting for segments to complete...
################ MAB stats ################
minima in each dimension:      [1.2237]
maxima in each dimension:      [35.4978]
direction in each dimension:   [86]
skip in each dimension:        [0]
###########################################
Iteration completed successfully
Iteration wallclock: 0:06:06.950677, cputime: 0:33:14.360493


Mon May 20 01:57:07 2024
Iteration 585 (600 requested)
Beginning iteration 585
116 segments remain in iteration 585 (116 total)
29 of 33 (87.878788%) active bins are populated
per-bin minimum non-zero probability:       0.000104879
per-bin maximum probability:                0.162972
per-bin probability dynamic range (kT):     7.34853
per-segment minimum non-zero probability:   7.0691e-06
per-segment maximum non-zero probability:   0.0507618
per-segment probability dynamic range (kT): 8.87917
norm = 1, error in norm = 0 (0*epsilon)
MAB binning in use
Bottleneck bin occupancy may not be accurately reported
Waiting for segments to complete...
################ MAB stats ################
minima in each dimension:      [0.4584]
maxima in each dimension:      [34.0098]
direction in each dimension:   [86]
skip in each dimension:        [0]
###########################################
Iteration completed successfully
Iteration wallclock: 0:05:55.905545, cputime: 0:32:20.345918


Mon May 20 02:03:03 2024
Iteration 586 (600 requested)
Beginning iteration 586
124 segments remain in iteration 586 (124 total)
31 of 33 (93.939394%) active bins are populated
per-bin minimum non-zero probability:       1.41382e-05
per-bin maximum probability:                0.154851
per-bin probability dynamic range (kT):     9.30134
per-segment minimum non-zero probability:   3.53455e-06
per-segment maximum non-zero probability:   0.0507618
per-segment probability dynamic range (kT): 9.57231
norm = 1, error in norm = -1.11022e-16 (-0.5*epsilon)
MAB binning in use
Bottleneck bin occupancy may not be accurately reported
Waiting for segments to complete...
################ MAB stats ################
minima in each dimension:      [0.8406]
maxima in each dimension:      [36.3571]
direction in each dimension:   [86]
skip in each dimension:        [0]
###########################################
Iteration completed successfully
Iteration wallclock: 0:06:19.687028, cputime: 0:34:30.607521


Mon May 20 02:09:23 2024
Iteration 587 (600 requested)
Beginning iteration 587
120 segments remain in iteration 587 (120 total)
30 of 33 (90.909091%) active bins are populated
per-bin minimum non-zero probability:       1.06037e-05
per-bin maximum probability:                0.174954
per-bin probability dynamic range (kT):     9.71108
per-segment minimum non-zero probability:   1.76728e-06
per-segment maximum non-zero probability:   0.0542913
per-segment probability dynamic range (kT): 10.3327
norm = 1, error in norm = 0 (0*epsilon)
MAB binning in use
Bottleneck bin occupancy may not be accurately reported
Waiting for segments to complete...
################ MAB stats ################
minima in each dimension:      [0.9091]
maxima in each dimension:      [35.3171]
direction in each dimension:   [86]
skip in each dimension:        [0]
###########################################
Iteration completed successfully
Iteration wallclock: 0:06:04.730780, cputime: 0:33:20.343785


Mon May 20 02:15:27 2024
Iteration 588 (600 requested)
Beginning iteration 588
124 segments remain in iteration 588 (124 total)
30 of 33 (90.909091%) active bins are populated
per-bin minimum non-zero probability:       5.30183e-06
per-bin maximum probability:                0.159705
per-bin probability dynamic range (kT):     10.313
per-segment minimum non-zero probability:   1.17818e-06
per-segment maximum non-zero probability:   0.0489564
per-segment probability dynamic range (kT): 10.6347
norm = 1, error in norm = 0 (0*epsilon)
MAB binning in use
Bottleneck bin occupancy may not be accurately reported
Waiting for segments to complete...
################ MAB stats ################
minima in each dimension:      [0.6574]
maxima in each dimension:      [34.0667]
direction in each dimension:   [86]
skip in each dimension:        [0]
###########################################
Iteration completed successfully
Iteration wallclock: 0:06:19.780278, cputime: 0:34:22.466462


Mon May 20 02:21:47 2024
Iteration 589 (600 requested)
Beginning iteration 589
124 segments remain in iteration 589 (124 total)
30 of 33 (90.909091%) active bins are populated
per-bin minimum non-zero probability:       0.00126099
per-bin maximum probability:                0.14993
per-bin probability dynamic range (kT):     4.77827
per-segment minimum non-zero probability:   4.12364e-06
per-segment maximum non-zero probability:   0.0489564
per-segment probability dynamic range (kT): 9.38195
norm = 1, error in norm = -2.22045e-16 (-1*epsilon)
MAB binning in use
Bottleneck bin occupancy may not be accurately reported
Waiting for segments to complete...
################ MAB stats ################
minima in each dimension:      [0.8432]
maxima in each dimension:      [36.5357]
direction in each dimension:   [86]
skip in each dimension:        [0]
###########################################
Iteration completed successfully
Iteration wallclock: 0:06:22.738806, cputime: 0:34:17.670386


Mon May 20 02:28:10 2024
Iteration 590 (600 requested)
Beginning iteration 590
128 segments remain in iteration 590 (128 total)
31 of 33 (93.939394%) active bins are populated
per-bin minimum non-zero probability:       0.000133708
per-bin maximum probability:                0.125923
per-bin probability dynamic range (kT):     6.84777
per-segment minimum non-zero probability:   3.3427e-05
per-segment maximum non-zero probability:   0.0489564
per-segment probability dynamic range (kT): 7.28932
norm = 1, error in norm = 0 (0*epsilon)
MAB binning in use
Bottleneck bin occupancy may not be accurately reported
Waiting for segments to complete...
################ MAB stats ################
minima in each dimension:      [1.1467]
maxima in each dimension:      [34.7663]
direction in each dimension:   [86]
skip in each dimension:        [0]
###########################################
Iteration completed successfully
Iteration wallclock: 0:06:30.731720, cputime: 0:35:27.427977


Mon May 20 02:34:41 2024
Iteration 591 (600 requested)
Beginning iteration 591
116 segments remain in iteration 591 (116 total)
31 of 33 (93.939394%) active bins are populated
per-bin minimum non-zero probability:       0.000306835
per-bin maximum probability:                0.129249
per-bin probability dynamic range (kT):     6.04319
per-segment minimum non-zero probability:   0.000238288
per-segment maximum non-zero probability:   0.0489564
per-segment probability dynamic range (kT): 5.3252
norm = 1, error in norm = -1.11022e-16 (-0.5*epsilon)
MAB binning in use
Bottleneck bin occupancy may not be accurately reported
Waiting for segments to complete...
