Updating system with the options from the configuration file
Maximum wallclock time: 1 day, 0:00:00

Wed May  1 20:34:21 2024
Iteration 501 (700 requested)
Beginning iteration 501
120 segments remain in iteration 501 (120 total)
31 of 33 (93.939394%) active bins are populated
per-bin minimum non-zero probability:       3.71795e-07
per-bin maximum probability:                0.324951
per-bin probability dynamic range (kT):     13.6808
per-segment minimum non-zero probability:   7.56365e-08
per-segment maximum non-zero probability:   0.104889
per-segment probability dynamic range (kT): 14.1425
norm = 1, error in norm = 0 (0*epsilon)
MAB binning in use
Bottleneck bin occupancy may not be accurately reported
Waiting for segments to complete...
################ MAB stats ################
minima in each dimension:      [0.4893]
maxima in each dimension:      [36.9388]
direction in each dimension:   [86]
skip in each dimension:        [0]
###########################################
Recycled 5.12207e-06 probability (13 walkers) from target state 'D2'
Iteration completed successfully
Iteration wallclock: 0:06:56.114392, cputime: 0:29:06.690259


Wed May  1 20:41:17 2024
Iteration 502 (700 requested)
Beginning iteration 502
120 segments remain in iteration 502 (120 total)
27 of 33 (81.818182%) active bins are populated
per-bin minimum non-zero probability:       7.56365e-08
per-bin maximum probability:                0.180245
per-bin probability dynamic range (kT):     14.6839
per-segment minimum non-zero probability:   1.89091e-08
per-segment maximum non-zero probability:   0.0638908
per-segment probability dynamic range (kT): 15.033
norm = 1, error in norm = -1.11022e-16 (-0.5*epsilon)
MAB binning in use
Bottleneck bin occupancy may not be accurately reported
Waiting for segments to complete...
################ MAB stats ################
minima in each dimension:      [0.7455]
maxima in each dimension:      [34.629]
direction in each dimension:   [86]
skip in each dimension:        [0]
###########################################
Recycled 0.000100128 probability (4 walkers) from target state 'D2'
Iteration completed successfully
Iteration wallclock: 0:04:57.777921, cputime: 0:28:26.582002


Wed May  1 20:46:15 2024
Iteration 503 (700 requested)
Beginning iteration 503
116 segments remain in iteration 503 (116 total)
28 of 33 (84.848485%) active bins are populated
per-bin minimum non-zero probability:       1.89091e-08
per-bin maximum probability:                0.150705
per-bin probability dynamic range (kT):     15.8912
per-segment minimum non-zero probability:   4.72728e-09
per-segment maximum non-zero probability:   0.0505996
per-segment probability dynamic range (kT): 16.1861
norm = 1, error in norm = 2.22045e-16 (1*epsilon)
MAB binning in use
Bottleneck bin occupancy may not be accurately reported
Waiting for segments to complete...
################ MAB stats ################
minima in each dimension:      [1.0108]
maxima in each dimension:      [33.7945]
direction in each dimension:   [86]
skip in each dimension:        [0]
###########################################
Recycled 0.000167776 probability (3 walkers) from target state 'D2'
Iteration completed successfully
Iteration wallclock: 0:07:16.757690, cputime: 0:38:32.925897


Wed May  1 20:53:32 2024
Iteration 504 (700 requested)
Beginning iteration 504
120 segments remain in iteration 504 (120 total)
31 of 33 (93.939394%) active bins are populated
per-bin minimum non-zero probability:       3.02038e-05
per-bin maximum probability:                0.111888
per-bin probability dynamic range (kT):     8.21729
per-segment minimum non-zero probability:   6.73446e-09
per-segment maximum non-zero probability:   0.0327234
per-segment probability dynamic range (kT): 15.3964
norm = 1, error in norm = 0 (0*epsilon)
MAB binning in use
Bottleneck bin occupancy may not be accurately reported
Waiting for segments to complete...
################ MAB stats ################
minima in each dimension:      [0.5474]
maxima in each dimension:      [34.9206]
direction in each dimension:   [86]
skip in each dimension:        [0]
###########################################
Recycled 0.0474591 probability (10 walkers) from target state 'D2'
Iteration completed successfully
Iteration wallclock: 0:18:57.210344, cputime: 1:31:28.372831


Wed May  1 21:12:29 2024
Iteration 505 (700 requested)
Beginning iteration 505
120 segments remain in iteration 505 (120 total)
30 of 33 (90.909091%) active bins are populated
per-bin minimum non-zero probability:       1.1061e-05
per-bin maximum probability:                0.119563
per-bin probability dynamic range (kT):     9.28816
per-segment minimum non-zero probability:   2.76526e-06
per-segment maximum non-zero probability:   0.042208
per-segment probability dynamic range (kT): 9.63323
norm = 1, error in norm = 0 (0*epsilon)
MAB binning in use
Bottleneck bin occupancy may not be accurately reported
Waiting for segments to complete...
################ MAB stats ################
minima in each dimension:      [1.7957]
maxima in each dimension:      [34.891]
direction in each dimension:   [86]
skip in each dimension:        [0]
###########################################
Recycled 0.0877035 probability (13 walkers) from target state 'D2'
Iteration completed successfully
Iteration wallclock: 0:58:36.653496, cputime: 4:32:03.817485


Wed May  1 22:11:06 2024
Iteration 506 (700 requested)
Beginning iteration 506
128 segments remain in iteration 506 (128 total)
29 of 33 (87.878788%) active bins are populated
per-bin minimum non-zero probability:       2.76526e-06
per-bin maximum probability:                0.118242
per-bin probability dynamic range (kT):     10.6634
per-segment minimum non-zero probability:   6.91316e-07
per-segment maximum non-zero probability:   0.042208
per-segment probability dynamic range (kT): 11.0195
norm = 1, error in norm = 0 (0*epsilon)
MAB binning in use
Bottleneck bin occupancy may not be accurately reported
Waiting for segments to complete...
################ MAB stats ################
minima in each dimension:      [0.0]
maxima in each dimension:      [24.4482]
direction in each dimension:   [86]
skip in each dimension:        [0]
###########################################
-- ERROR    [westpa.core.sim_manager] -- propagation failed for 116 segment(s):
0  
1  
2  
3  
4  
5  
6  
7  
8  
9  
10  
11  
15  
16  
17  
18  
19  
20  
21  
22  
23  
24  
26  
27  
28  
29  
30  
31  
36  
37  
38  
39  
40  
41  
42  
43  
44  
45  
46  
47  
48  
49  
50  
51  
52  
53  
54  
55  
56  
57  
58  
59  
60  
61  
62  
63  
64  
65  
66  
67  
68  
69  
70  
71  
72  
73  
74  
75  
76  
77  
78  
79  
80  
81  
82  
83  
84  
85  
86  
87  
88  
89  
90  
91  
92  
93  
94  
95  
96  
97  
98  
99  
100  
101  
102  
103  
104  
105  
106  
107  
108  
109  
110  
111  
112  
113  
114  
115  
120  
121  
122  
123  
124  
125  
126  
127
exception caught; shutting down
-- ERROR    [w_run] -- error message: propagation failed for 116 segments
-- ERROR    [w_run] -- Traceback (most recent call last):
  File "/ihome/lchong/dty7/Apps/westpa-mabNone/westpa/src/westpa/cli/core/w_run.py", line 61, in run_simulation
    sim_manager.run()
  File "/ihome/lchong/dty7/Apps/westpa-mabNone/westpa/src/westpa/core/sim_manager.py", line 752, in run
    self.check_propagation()
  File "/ihome/lchong/dty7/Apps/westpa-mabNone/westpa/src/westpa/core/sim_manager.py", line 650, in check_propagation
    raise PropagationError('propagation failed for {:d} segments'.format(len(failed_segments)))
westpa.core.sim_manager.PropagationError: propagation failed for 116 segments

