Updating system with the options from the configuration file
-- ERROR    [westpa.core.propagators.executable] -- could not read pcoord for Segment 6 from '/tmp/tmpdfqws817': ValueError('cannot reshape array of size 0 into shape (11,1)')
-- ERROR    [westpa.core.propagators.executable] -- could not read pcoord for Segment 5 from '/tmp/tmpzn17fxgr': ValueError('cannot reshape array of size 0 into shape (11,1)')
-- ERROR    [westpa.core.propagators.executable] -- could not read pcoord for Segment 1 from '/tmp/tmp1dq4q4te': ValueError('cannot reshape array of size 0 into shape (11,1)')
-- ERROR    [westpa.core.propagators.executable] -- could not read pcoord for Segment 7 from '/tmp/tmp78b2w0u2': ValueError('cannot reshape array of size 0 into shape (11,1)')
-- ERROR    [westpa.core.propagators.executable] -- could not read pcoord for Segment 18 from '/tmp/tmpainkizwl': ValueError('cannot reshape array of size 0 into shape (11,1)')
-- ERROR    [westpa.core.propagators.executable] -- could not read pcoord for Segment 17 from '/tmp/tmp4d82e7iz': ValueError('cannot reshape array of size 0 into shape (11,1)')
-- ERROR    [westpa.core.propagators.executable] -- could not read pcoord for Segment 16 from '/tmp/tmpdcm3vjlf': ValueError('cannot reshape array of size 0 into shape (11,1)')
-- ERROR    [westpa.core.propagators.executable] -- could not read pcoord for Segment 15 from '/tmp/tmpm1r2rsi_': ValueError('cannot reshape array of size 0 into shape (11,1)')
-- ERROR    [westpa.core.propagators.executable] -- could not read pcoord for Segment 23 from '/tmp/tmpyh65uam5': ValueError('cannot reshape array of size 0 into shape (11,1)')
-- ERROR    [westpa.core.propagators.executable] -- could not read pcoord for Segment 21 from '/tmp/tmp20gvgh10': ValueError('cannot reshape array of size 0 into shape (11,1)')
-- ERROR    [westpa.core.propagators.executable] -- could not read pcoord for Segment 26 from '/tmp/tmp91va43kj': ValueError('cannot reshape array of size 0 into shape (11,1)')
-- ERROR    [westpa.core.propagators.executable] -- could not read pcoord for Segment 27 from '/tmp/tmpdw9cj94u': ValueError('cannot reshape array of size 0 into shape (11,1)')
-- ERROR    [westpa.core.propagators.executable] -- could not read pcoord for Segment 31 from '/tmp/tmpdpvf7nn0': ValueError('cannot reshape array of size 0 into shape (11,1)')
-- ERROR    [westpa.core.propagators.executable] -- could not read pcoord for Segment 37 from '/tmp/tmpnacuneyv': ValueError('cannot reshape array of size 0 into shape (11,1)')
-- ERROR    [westpa.core.propagators.executable] -- could not read pcoord for Segment 39 from '/tmp/tmpfggt7hoz': ValueError('cannot reshape array of size 0 into shape (11,1)')
-- ERROR    [westpa.core.propagators.executable] -- could not read pcoord for Segment 38 from '/tmp/tmpzri85sb4': ValueError('cannot reshape array of size 0 into shape (11,1)')
-- ERROR    [westpa.core.propagators.executable] -- could not read pcoord for Segment 44 from '/tmp/tmp7utpt590': ValueError('cannot reshape array of size 0 into shape (11,1)')
-- ERROR    [westpa.core.propagators.executable] -- could not read pcoord for Segment 42 from '/tmp/tmpk2e7ufi5': ValueError('cannot reshape array of size 0 into shape (11,1)')
-- ERROR    [westpa.core.propagators.executable] -- could not read pcoord for Segment 46 from '/tmp/tmpoot3595x': ValueError('cannot reshape array of size 0 into shape (11,1)')
-- ERROR    [westpa.core.propagators.executable] -- could not read pcoord for Segment 47 from '/tmp/tmpl74m59jk': ValueError('cannot reshape array of size 0 into shape (11,1)')
-- ERROR    [westpa.core.propagators.executable] -- could not read pcoord for Segment 51 from '/tmp/tmp0tu4ewg_': ValueError('cannot reshape array of size 0 into shape (11,1)')
-- ERROR    [westpa.core.propagators.executable] -- could not read pcoord for Segment 54 from '/tmp/tmph4q3tuyz': ValueError('cannot reshape array of size 0 into shape (11,1)')
-- ERROR    [westpa.core.propagators.executable] -- could not read pcoord for Segment 52 from '/tmp/tmp51w3cx1k': ValueError('cannot reshape array of size 0 into shape (11,1)')
-- ERROR    [westpa.core.propagators.executable] -- could not read pcoord for Segment 55 from '/tmp/tmpi19va1j8': ValueError('cannot reshape array of size 0 into shape (11,1)')
-- ERROR    [westpa.core.propagators.executable] -- could not read pcoord for Segment 60 from '/tmp/tmpo7lpf0bz': ValueError('cannot reshape array of size 0 into shape (11,1)')
-- ERROR    [westpa.core.propagators.executable] -- could not read pcoord for Segment 61 from '/tmp/tmpvw8prly4': ValueError('cannot reshape array of size 0 into shape (11,1)')
-- ERROR    [westpa.core.propagators.executable] -- could not read pcoord for Segment 62 from '/tmp/tmp0i9tqa9k': ValueError('cannot reshape array of size 0 into shape (11,1)')
-- ERROR    [westpa.core.propagators.executable] -- could not read pcoord for Segment 63 from '/tmp/tmpw64fdbj9': ValueError('cannot reshape array of size 0 into shape (11,1)')
-- ERROR    [westpa.core.propagators.executable] -- could not read pcoord for Segment 64 from '/tmp/tmpiog2xap3': ValueError('cannot reshape array of size 0 into shape (11,1)')
-- ERROR    [westpa.core.propagators.executable] -- could not read pcoord for Segment 69 from '/tmp/tmpnvdg0r25': ValueError('cannot reshape array of size 0 into shape (11,1)')
-- ERROR    [westpa.core.propagators.executable] -- could not read pcoord for Segment 70 from '/tmp/tmpconrrhw5': ValueError('cannot reshape array of size 0 into shape (11,1)')
-- ERROR    [westpa.core.propagators.executable] -- could not read pcoord for Segment 71 from '/tmp/tmph4dmpl7k': ValueError('cannot reshape array of size 0 into shape (11,1)')
-- ERROR    [westpa.core.propagators.executable] -- could not read pcoord for Segment 73 from '/tmp/tmpmj_v3l4_': ValueError('cannot reshape array of size 0 into shape (11,1)')
-- ERROR    [westpa.core.propagators.executable] -- could not read pcoord for Segment 77 from '/tmp/tmpwp7ts6cb': ValueError('cannot reshape array of size 0 into shape (11,1)')
-- ERROR    [westpa.core.propagators.executable] -- could not read pcoord for Segment 79 from '/tmp/tmp2psph9rr': ValueError('cannot reshape array of size 0 into shape (11,1)')
-- ERROR    [westpa.core.propagators.executable] -- could not read pcoord for Segment 78 from '/tmp/tmp_u27vgjp': ValueError('cannot reshape array of size 0 into shape (11,1)')
-- ERROR    [westpa.core.propagators.executable] -- could not read pcoord for Segment 81 from '/tmp/tmp7z9xhm8y': ValueError('cannot reshape array of size 0 into shape (11,1)')
-- ERROR    [westpa.core.propagators.executable] -- could not read pcoord for Segment 85 from '/tmp/tmp2c8ds46u': ValueError('cannot reshape array of size 0 into shape (11,1)')
-- ERROR    [westpa.core.propagators.executable] -- could not read pcoord for Segment 86 from '/tmp/tmpeggk9osh': ValueError('cannot reshape array of size 0 into shape (11,1)')
-- ERROR    [westpa.core.propagators.executable] -- could not read pcoord for Segment 87 from '/tmp/tmp4aaadytp': ValueError('cannot reshape array of size 0 into shape (11,1)')
-- ERROR    [westpa.core.propagators.executable] -- could not read pcoord for Segment 88 from '/tmp/tmpmea07ofp': ValueError('cannot reshape array of size 0 into shape (11,1)')
-- ERROR    [westpa.core.propagators.executable] -- could not read pcoord for Segment 94 from '/tmp/tmp3e07azp_': ValueError('cannot reshape array of size 0 into shape (11,1)')
-- ERROR    [westpa.core.propagators.executable] -- could not read pcoord for Segment 93 from '/tmp/tmpehij5hka': ValueError('cannot reshape array of size 0 into shape (11,1)')
-- ERROR    [westpa.core.propagators.executable] -- could not read pcoord for Segment 95 from '/tmp/tmpf7t_4vu6': ValueError('cannot reshape array of size 0 into shape (11,1)')
-- ERROR    [westpa.core.propagators.executable] -- could not read pcoord for Segment 96 from '/tmp/tmpmq6kb6uu': ValueError('cannot reshape array of size 0 into shape (11,1)')
-- ERROR    [westpa.core.propagators.executable] -- could not read pcoord for Segment 102 from '/tmp/tmpcj7_l8cg': ValueError('cannot reshape array of size 0 into shape (11,1)')
-- ERROR    [westpa.core.propagators.executable] -- could not read pcoord for Segment 101 from '/tmp/tmp97cmv3i6': ValueError('cannot reshape array of size 0 into shape (11,1)')
-- ERROR    [westpa.core.propagators.executable] -- could not read pcoord for Segment 103 from '/tmp/tmpxm0g9a_a': ValueError('cannot reshape array of size 0 into shape (11,1)')
-- ERROR    [westpa.core.propagators.executable] -- could not read pcoord for Segment 104 from '/tmp/tmp_hbumaxx': ValueError('cannot reshape array of size 0 into shape (11,1)')
-- ERROR    [westpa.core.propagators.executable] -- could not read pcoord for Segment 109 from '/tmp/tmptc67lsg6': ValueError('cannot reshape array of size 0 into shape (11,1)')
-- ERROR    [westpa.core.propagators.executable] -- could not read pcoord for Segment 110 from '/tmp/tmpdqyyzvbf': ValueError('cannot reshape array of size 0 into shape (11,1)')
-- ERROR    [westpa.core.propagators.executable] -- could not read pcoord for Segment 111 from '/tmp/tmp__pnre6b': ValueError('cannot reshape array of size 0 into shape (11,1)')
-- ERROR    [westpa.core.propagators.executable] -- could not read pcoord for Segment 112 from '/tmp/tmprl5v7bnb': ValueError('cannot reshape array of size 0 into shape (11,1)')
-- ERROR    [westpa.core.propagators.executable] -- could not read pcoord for Segment 121 from '/tmp/tmpetkjcdgc': ValueError('cannot reshape array of size 0 into shape (11,1)')
-- ERROR    [westpa.core.propagators.executable] -- could not read pcoord for Segment 122 from '/tmp/tmppfgmqrv_': ValueError('cannot reshape array of size 0 into shape (11,1)')
-- ERROR    [westpa.core.propagators.executable] -- could not read pcoord for Segment 123 from '/tmp/tmppvvws52w': ValueError('cannot reshape array of size 0 into shape (11,1)')
-- ERROR    [westpa.core.propagators.executable] -- could not read pcoord for Segment 124 from '/tmp/tmptmbvvu4f': ValueError('cannot reshape array of size 0 into shape (11,1)')
