
CPPTRAJ: Trajectory Analysis. V6.4.4 (AmberTools)
    ___  ___  ___  ___
     | \/ | \/ | \/ | 
    _|_/\_|_/\_|_/\_|_

| Date/time: 05/07/23 17:46:04
| Available memory: 758.960 GB

INPUT: Reading input from 'strip/strip_08.in'
  [parm 150end_solv.prmtop]
	Reading '150end_solv.prmtop' as Amber Topology
	Radius Set: modified Bondi radii (mbondi)
  [trajin 08_prod.nc]
	Reading '08_prod.nc' as Amber NetCDF
  [autoimage]
    AUTOIMAGE: To box center based on center of mass, anchor is first molecule.
  [strip :WAT,Cl-,Na+]
    STRIP: Stripping atoms in mask [:WAT,Cl-,Na+]
  [trajout 08_prod_dry.nc]
	Writing '08_prod_dry.nc' as Amber NetCDF
  [go]
---------- RUN BEGIN -------------------------------------------------

PARAMETER FILES (1 total):
 0: 150end_solv.prmtop, 55269 atoms, 17727 res, box: Truncated octahedron, 17565 mol, 17561 solvent

INPUT TRAJECTORIES (1 total):
 0: '08_prod.nc' is a NetCDF AMBER trajectory with coordinates, time, box, Parm 150end_solv.prmtop (Truncated octahedron box) (reading 200000 of 200000)
  Coordinate processing will occur on 200000 frames.

OUTPUT TRAJECTORIES (1 total):
  '08_prod_dry.nc' (200000 frames) is a NetCDF AMBER trajectory

BEGIN TRAJECTORY PROCESSING:
.....................................................
ACTION SETUP FOR PARM '150end_solv.prmtop' (2 actions):
  0: [autoimage]
	Original box is truncated octahedron, turning on 'familiar'.
	Using first molecule as anchor.
	1 molecules are fixed to anchor: 2
	17563 molecules are mobile.
  1: [strip :WAT,Cl-,Na+]
	Stripping 52685 atoms.
	Stripped topology: 2584 atoms, 164 res, box: Truncated octahedron, 2 mol
.....................................................
ACTIVE OUTPUT TRAJECTORIES (1):
  08_prod_dry.nc (coordinates, time, box)
----- 08_prod.nc (1-200000, 1) -----
 0% 10% 20% 30% 40% 50% 60% 70% 80% 90% 100% Complete.

Read 200000 frames and processed 200000 frames.
TIME: Avg. throughput= 164.7189 frames / second.

ACTION OUTPUT:
TIME: Analyses took 0.0000 seconds.

RUN TIMING:
TIME:		Init               : 0.0000 s (  0.00%)
TIME:		Trajectory Process : 1214.1899 s ( 99.85%)
TIME:		Action Post        : 0.0000 s (  0.00%)
TIME:		Analysis           : 0.0000 s (  0.00%)
TIME:		Data File Write    : 0.0000 s (  0.00%)
TIME:		Other              : 1.8562 s (  0.00%)
TIME:	Run Total 1216.0462 s
---------- RUN END ---------------------------------------------------
  [quit]
TIME: Total execution time: 1216.1302 seconds.
--------------------------------------------------------------------------------
To cite CPPTRAJ use:
Daniel R. Roe and Thomas E. Cheatham, III, "PTRAJ and CPPTRAJ: Software for
  Processing and Analysis of Molecular Dynamics Trajectory Data". J. Chem.
  Theory Comput., 2013, 9 (7), pp 3084-3095.

