MPI startup(): PMI server not found. Please set I_MPI_PMI_LIBRARY variable if it is not a singleton case.
Updating system with the options from the configuration file
Maximum wallclock time: 2 days, 0:00:00

Tue Jan 30 21:57:51 2024
Iteration 162 (2000 requested)
Beginning iteration 162
42 segments remain in iteration 162 (42 total)
10 of 51 (19.607843%) active bins are populated
per-bin minimum non-zero probability:       5.77127e-13
per-bin maximum probability:                0.42442
per-bin probability dynamic range (kT):     27.3237
per-segment minimum non-zero probability:   1.30732e-13
per-segment maximum non-zero probability:   0.200336
per-segment probability dynamic range (kT): 28.0579
norm = 1, error in norm = -2.22045e-16 (-1*epsilon)
Iteration wallclock: 0:04:21.817530, cputime: 0:21:08.025653


Tue Jan 30 22:02:13 2024
Iteration 163 (2000 requested)
Beginning iteration 163
36 segments remain in iteration 163 (36 total)
10 of 51 (19.607843%) active bins are populated
per-bin minimum non-zero probability:       3.92814e-13
per-bin maximum probability:                0.597444
per-bin probability dynamic range (kT):     28.0503
per-segment minimum non-zero probability:   1.30938e-13
per-segment maximum non-zero probability:   0.200336
per-segment probability dynamic range (kT): 28.0563
norm = 1, error in norm = -1.11022e-16 (-0.5*epsilon)
Iteration wallclock: 0:02:03.620440, cputime: 0:18:11.501688


Tue Jan 30 22:04:16 2024
Iteration 164 (2000 requested)
Beginning iteration 164
39 segments remain in iteration 164 (39 total)
10 of 51 (19.607843%) active bins are populated
per-bin minimum non-zero probability:       2.61876e-13
per-bin maximum probability:                0.479145
per-bin probability dynamic range (kT):     28.2352
per-segment minimum non-zero probability:   4.3646e-14
per-segment maximum non-zero probability:   0.194238
per-segment probability dynamic range (kT): 29.124
norm = 1, error in norm = -3.33067e-16 (-1.5*epsilon)
Iteration wallclock: 0:02:13.269572, cputime: 0:19:36.978070


Tue Jan 30 22:06:30 2024
Iteration 165 (2000 requested)
Beginning iteration 165
36 segments remain in iteration 165 (36 total)
9 of 51 (17.647059%) active bins are populated
per-bin minimum non-zero probability:       3.48756e-13
per-bin maximum probability:                0.420084
per-bin probability dynamic range (kT):     27.8171
per-segment minimum non-zero probability:   1.45487e-14
per-segment maximum non-zero probability:   0.194238
per-segment probability dynamic range (kT): 30.2226
norm = 1, error in norm = -3.33067e-16 (-1.5*epsilon)
Iteration wallclock: 0:02:02.988264, cputime: 0:18:08.486450


Tue Jan 30 22:08:33 2024
Iteration 166 (2000 requested)
Beginning iteration 166
42 segments remain in iteration 166 (42 total)
10 of 51 (19.607843%) active bins are populated
per-bin minimum non-zero probability:       3.96585e-13
per-bin maximum probability:                0.594032
per-bin probability dynamic range (kT):     28.0351
per-segment minimum non-zero probability:   4.84955e-15
per-segment maximum non-zero probability:   0.207176
per-segment probability dynamic range (kT): 31.3857
norm = 1, error in norm = -4.44089e-16 (-2*epsilon)
Iteration wallclock: 0:02:41.018108, cputime: 0:21:19.879850


Tue Jan 30 22:11:14 2024
Iteration 167 (2000 requested)
Beginning iteration 167
36 segments remain in iteration 167 (36 total)
9 of 51 (17.647059%) active bins are populated
per-bin minimum non-zero probability:       4.84955e-15
per-bin maximum probability:                0.668244
per-bin probability dynamic range (kT):     32.5568
per-segment minimum non-zero probability:   1.61652e-15
per-segment maximum non-zero probability:   0.208377
per-segment probability dynamic range (kT): 32.4901
norm = 1, error in norm = -4.44089e-16 (-2*epsilon)
Iteration wallclock: 0:02:01.696958, cputime: 0:18:15.508621


Tue Jan 30 22:13:15 2024
Iteration 168 (2000 requested)
Beginning iteration 168
39 segments remain in iteration 168 (39 total)
9 of 51 (17.647059%) active bins are populated
per-bin minimum non-zero probability:       5.9882e-13
per-bin maximum probability:                0.401415
per-bin probability dynamic range (kT):     27.2311
per-segment minimum non-zero probability:   5.38839e-16
per-segment maximum non-zero probability:   0.208377
per-segment probability dynamic range (kT): 33.5887
norm = 1, error in norm = -1.11022e-16 (-0.5*epsilon)
Iteration wallclock: 0:02:13.692530, cputime: 0:19:50.675688


Tue Jan 30 22:15:29 2024
Iteration 169 (2000 requested)
Beginning iteration 169
36 segments remain in iteration 169 (36 total)
9 of 51 (17.647059%) active bins are populated
per-bin minimum non-zero probability:       2.94565e-13
per-bin maximum probability:                0.516283
per-bin probability dynamic range (kT):     28.1922
per-segment minimum non-zero probability:   1.79613e-16
per-segment maximum non-zero probability:   0.194238
per-segment probability dynamic range (kT): 34.6171
norm = 1, error in norm = -3.33067e-16 (-1.5*epsilon)
Iteration wallclock: 0:02:04.914769, cputime: 0:18:19.686847


Tue Jan 30 22:17:34 2024
Iteration 170 (2000 requested)
Beginning iteration 170
45 segments remain in iteration 170 (45 total)
11 of 51 (21.568627%) active bins are populated
per-bin minimum non-zero probability:       1.79613e-16
per-bin maximum probability:                0.485778
per-bin probability dynamic range (kT):     35.5337
per-segment minimum non-zero probability:   5.9871e-17
per-segment maximum non-zero probability:   0.138918
per-segment probability dynamic range (kT): 35.3805
norm = 1, error in norm = -3.33067e-16 (-1.5*epsilon)
Iteration wallclock: 0:02:45.183260, cputime: 0:22:54.062810


Tue Jan 30 22:20:19 2024
Iteration 171 (2000 requested)
Beginning iteration 171
42 segments remain in iteration 171 (42 total)
10 of 51 (19.607843%) active bins are populated
per-bin minimum non-zero probability:       5.25196e-13
per-bin maximum probability:                0.582205
per-bin probability dynamic range (kT):     27.7341
per-segment minimum non-zero probability:   1.9957e-17
per-segment maximum non-zero probability:   0.257542
per-segment probability dynamic range (kT): 37.0964
norm = 1, error in norm = -4.44089e-16 (-2*epsilon)
Iteration wallclock: 0:02:41.632363, cputime: 0:21:18.846941


Tue Jan 30 22:23:01 2024
Iteration 172 (2000 requested)
Beginning iteration 172
42 segments remain in iteration 172 (42 total)
10 of 51 (19.607843%) active bins are populated
per-bin minimum non-zero probability:       3.9914e-17
per-bin maximum probability:                0.512637
per-bin probability dynamic range (kT):     37.0916
per-segment minimum non-zero probability:   6.65233e-18
per-segment maximum non-zero probability:   0.257542
per-segment probability dynamic range (kT): 38.195
norm = 1, error in norm = -4.44089e-16 (-2*epsilon)
Iteration wallclock: 0:02:43.101825, cputime: 0:21:23.368892


Tue Jan 30 22:25:44 2024
Iteration 173 (2000 requested)
Beginning iteration 173
42 segments remain in iteration 173 (42 total)
10 of 51 (19.607843%) active bins are populated
per-bin minimum non-zero probability:       1.33047e-17
per-bin maximum probability:                0.415291
per-bin probability dynamic range (kT):     37.9796
per-segment minimum non-zero probability:   2.21744e-18
per-segment maximum non-zero probability:   0.185745
per-segment probability dynamic range (kT): 38.9668
norm = 1, error in norm = -5.55112e-16 (-2.5*epsilon)
Iteration wallclock: 0:02:47.888670, cputime: 0:21:22.279830


Tue Jan 30 22:28:32 2024
Iteration 174 (2000 requested)
Beginning iteration 174
39 segments remain in iteration 174 (39 total)
10 of 51 (19.607843%) active bins are populated
per-bin minimum non-zero probability:       2.21744e-18
per-bin maximum probability:                0.430769
per-bin probability dynamic range (kT):     39.808
per-segment minimum non-zero probability:   7.39148e-19
per-segment maximum non-zero probability:   0.189415
per-segment probability dynamic range (kT): 40.085
norm = 1, error in norm = -6.66134e-16 (-3*epsilon)
Iteration wallclock: 0:02:17.834867, cputime: 0:19:53.679178


Tue Jan 30 22:30:50 2024
Iteration 175 (2000 requested)
Beginning iteration 175
39 segments remain in iteration 175 (39 total)
10 of 51 (19.607843%) active bins are populated
per-bin minimum non-zero probability:       1.4783e-18
per-bin maximum probability:                0.429174
per-bin probability dynamic range (kT):     40.2097
per-segment minimum non-zero probability:   2.46383e-19
per-segment maximum non-zero probability:   0.189415
per-segment probability dynamic range (kT): 41.1836
norm = 1, error in norm = -4.44089e-16 (-2*epsilon)
Iteration wallclock: 0:02:16.453593, cputime: 0:19:49.920734


Tue Jan 30 22:33:06 2024
Iteration 176 (2000 requested)
Beginning iteration 176
42 segments remain in iteration 176 (42 total)
10 of 51 (19.607843%) active bins are populated
per-bin minimum non-zero probability:       2.8334e-18
per-bin maximum probability:                0.445112
per-bin probability dynamic range (kT):     39.5956
per-segment minimum non-zero probability:   8.21276e-20
per-segment maximum non-zero probability:   0.189415
per-segment probability dynamic range (kT): 42.2822
norm = 1, error in norm = -4.44089e-16 (-2*epsilon)
Iteration wallclock: 0:02:44.797164, cputime: 0:21:24.213569


Tue Jan 30 22:35:51 2024
Iteration 177 (2000 requested)
Beginning iteration 177
45 segments remain in iteration 177 (45 total)
11 of 51 (21.568627%) active bins are populated
per-bin minimum non-zero probability:       2.46383e-19
per-bin maximum probability:                0.456462
per-bin probability dynamic range (kT):     42.0632
per-segment minimum non-zero probability:   8.21276e-20
per-segment maximum non-zero probability:   0.185745
per-segment probability dynamic range (kT): 42.2626
norm = 1, error in norm = -4.44089e-16 (-2*epsilon)
Iteration wallclock: 0:02:49.459539, cputime: 0:23:00.431057


Tue Jan 30 22:38:40 2024
Iteration 178 (2000 requested)
Beginning iteration 178
42 segments remain in iteration 178 (42 total)
10 of 51 (19.607843%) active bins are populated
per-bin minimum non-zero probability:       6.15957e-19
per-bin maximum probability:                0.436721
per-bin probability dynamic range (kT):     41.1026
per-segment minimum non-zero probability:   2.73759e-20
per-segment maximum non-zero probability:   0.165043
per-segment probability dynamic range (kT): 43.2431
norm = 1, error in norm = -6.66134e-16 (-3*epsilon)
Iteration wallclock: 0:02:49.092103, cputime: 0:21:27.330439


Tue Jan 30 22:41:29 2024
Iteration 179 (2000 requested)
Beginning iteration 179
45 segments remain in iteration 179 (45 total)
11 of 51 (21.568627%) active bins are populated
per-bin minimum non-zero probability:       2.73759e-20
per-bin maximum probability:                0.442846
per-bin probability dynamic range (kT):     44.2301
per-segment minimum non-zero probability:   9.12528e-21
per-segment maximum non-zero probability:   0.191866
per-segment probability dynamic range (kT): 44.4923
norm = 1, error in norm = -6.66134e-16 (-3*epsilon)
Iteration wallclock: 0:02:49.040065, cputime: 0:23:00.795253


Tue Jan 30 22:44:18 2024
Iteration 180 (2000 requested)
Beginning iteration 180
48 segments remain in iteration 180 (48 total)
12 of 51 (23.529412%) active bins are populated
per-bin minimum non-zero probability:       9.12528e-21
per-bin maximum probability:                0.625845
per-bin probability dynamic range (kT):     45.6746
per-segment minimum non-zero probability:   3.04176e-21
per-segment maximum non-zero probability:   0.271678
per-segment probability dynamic range (kT): 45.9387
norm = 1, error in norm = -4.44089e-16 (-2*epsilon)
Iteration wallclock: 0:02:56.443993, cputime: 0:24:31.395109


Tue Jan 30 22:47:15 2024
Iteration 181 (2000 requested)
Beginning iteration 181
57 segments remain in iteration 181 (57 total)
14 of 51 (27.450980%) active bins are populated
per-bin minimum non-zero probability:       3.04176e-21
per-bin maximum probability:                0.955272
per-bin probability dynamic range (kT):     47.1961
per-segment minimum non-zero probability:   1.01392e-21
per-segment maximum non-zero probability:   0.380989
per-segment probability dynamic range (kT): 47.3755
norm = 1, error in norm = -3.33067e-16 (-1.5*epsilon)
Iteration wallclock: 0:03:27.168667, cputime: 0:29:09.961998


Tue Jan 30 22:50:42 2024
Iteration 182 (2000 requested)
Beginning iteration 182
63 segments remain in iteration 182 (63 total)
15 of 51 (29.411765%) active bins are populated
per-bin minimum non-zero probability:       1.01392e-21
per-bin maximum probability:                0.574282
per-bin probability dynamic range (kT):     47.7858
per-segment minimum non-zero probability:   3.37974e-22
per-segment maximum non-zero probability:   0.271678
per-segment probability dynamic range (kT): 48.1359
norm = 1, error in norm = -3.33067e-16 (-1.5*epsilon)
Iteration wallclock: 0:03:33.744225, cputime: 0:32:10.246910


Tue Jan 30 22:54:16 2024
Iteration 183 (2000 requested)
Beginning iteration 183
69 segments remain in iteration 183 (69 total)
18 of 51 (35.294118%) active bins are populated
per-bin minimum non-zero probability:       3.37974e-22
per-bin maximum probability:                0.955272
per-bin probability dynamic range (kT):     49.3933
per-segment minimum non-zero probability:   1.12658e-22
per-segment maximum non-zero probability:   0.405295
per-segment probability dynamic range (kT): 49.6345
norm = 1, error in norm = -4.44089e-16 (-2*epsilon)
Iteration wallclock: 0:04:09.554865, cputime: 0:35:09.202623


Tue Jan 30 22:58:25 2024
Iteration 184 (2000 requested)
Beginning iteration 184
66 segments remain in iteration 184 (66 total)
15 of 51 (29.411765%) active bins are populated
per-bin minimum non-zero probability:       1.12658e-22
per-bin maximum probability:                0.554943
per-bin probability dynamic range (kT):     49.9488
per-segment minimum non-zero probability:   3.75526e-23
per-segment maximum non-zero probability:   0.278299
per-segment probability dynamic range (kT): 50.3572
norm = 1, error in norm = -6.66134e-16 (-3*epsilon)
Iteration wallclock: 0:04:08.065138, cputime: 0:33:49.423262


Tue Jan 30 23:02:33 2024
Iteration 185 (2000 requested)
Beginning iteration 185
75 segments remain in iteration 185 (75 total)
19 of 51 (37.254902%) active bins are populated
per-bin minimum non-zero probability:       3.75526e-23
per-bin maximum probability:                0.426637
per-bin probability dynamic range (kT):     50.7845
per-segment minimum non-zero probability:   1.25175e-23
per-segment maximum non-zero probability:   0.271678
per-segment probability dynamic range (kT): 51.4318
norm = 1, error in norm = -4.44089e-16 (-2*epsilon)
-- ERROR    [manager] -- propagation failed for 1 segment(s):
26
exception caught; shutting down
-- ERROR    [w_run] -- error message: propagation failed for 1 segments
-- ERROR    [w_run] -- Traceback (most recent call last):
  File "/home1/09416/dty7/work/module_build_we_amber/modules/westpa/22.06_b/lib/python3.9/site-packages/westpa/cli/core/w_run.py", line 61, in run_simulation
    sim_manager.run()
  File "/scratch/09416/dty7/d1d2/2kod/ls6-we/mmab_tt_dist_oamin_eq_v00/manager.py", line 708, in run
    self.check_propagation()
  File "/scratch/09416/dty7/d1d2/2kod/ls6-we/mmab_tt_dist_oamin_eq_v00/manager.py", line 607, in check_propagation
    raise PropagationError('propagation failed for {:d} segments'.format(len(failed_segments)))
manager.PropagationError: propagation failed for 1 segments

