System is being built only off of the system driver
Maximum wallclock time: 2 days, 22:00:00

Wed May 11 10:59:31 2022
Iteration 401 (500 requested)
Beginning iteration 401
120 segments remain in iteration 401 (120 total)
24 of 24 (100.000000%) active bins are populated
per-bin minimum non-zero probability:       8.63336e-46
per-bin maximum probability:                0.309736
per-bin probability dynamic range (kT):     102.591
per-segment minimum non-zero probability:   1.72667e-46
per-segment maximum non-zero probability:   0.09749
per-segment probability dynamic range (kT): 103.045
norm = 1, error in norm = 0 (0*epsilon)
Iteration wallclock: 0:32:43.877228, cputime: 2:37:44.143257


Wed May 11 11:32:15 2022
Iteration 402 (500 requested)
Beginning iteration 402
120 segments remain in iteration 402 (120 total)
24 of 24 (100.000000%) active bins are populated
per-bin minimum non-zero probability:       2.15834e-46
per-bin maximum probability:                0.442623
per-bin probability dynamic range (kT):     104.335
per-segment minimum non-zero probability:   4.31668e-47
per-segment maximum non-zero probability:   0.114478
per-segment probability dynamic range (kT): 104.592
norm = 1, error in norm = 0 (0*epsilon)
Iteration wallclock: 0:31:11.170553, cputime: 2:37:49.426049


Wed May 11 12:03:26 2022
Iteration 403 (500 requested)
Beginning iteration 403
120 segments remain in iteration 403 (120 total)
24 of 24 (100.000000%) active bins are populated
per-bin minimum non-zero probability:       2.52722e-45
per-bin maximum probability:                0.193674
per-bin probability dynamic range (kT):     101.048
per-segment minimum non-zero probability:   3.92425e-46
per-segment maximum non-zero probability:   0.071304
per-segment probability dynamic range (kT): 101.911
norm = 1, error in norm = 0 (0*epsilon)
Iteration wallclock: 0:30:59.677790, cputime: 2:37:53.089283


Wed May 11 12:34:26 2022
Iteration 404 (500 requested)
Beginning iteration 404
115 segments remain in iteration 404 (115 total)
23 of 24 (95.833333%) active bins are populated
per-bin minimum non-zero probability:       2.06023e-45
per-bin maximum probability:                0.330564
per-bin probability dynamic range (kT):     101.787
per-segment minimum non-zero probability:   4.12047e-46
per-segment maximum non-zero probability:   0.0835492
per-segment probability dynamic range (kT): 102.021
norm = 1, error in norm = 0 (0*epsilon)
Iteration wallclock: 0:30:02.151822, cputime: 2:31:50.270324


Wed May 11 13:04:28 2022
Iteration 405 (500 requested)
Beginning iteration 405
120 segments remain in iteration 405 (120 total)
24 of 24 (100.000000%) active bins are populated
per-bin minimum non-zero probability:       1.96213e-45
per-bin maximum probability:                0.300775
per-bin probability dynamic range (kT):     101.741
per-segment minimum non-zero probability:   3.92425e-46
per-segment maximum non-zero probability:   0.0649933
per-segment probability dynamic range (kT): 101.818
norm = 1, error in norm = 0 (0*epsilon)
Iteration wallclock: 0:32:29.214247, cputime: 2:37:50.882469


Wed May 11 13:36:58 2022
Iteration 406 (500 requested)
Beginning iteration 406
115 segments remain in iteration 406 (115 total)
23 of 24 (95.833333%) active bins are populated
per-bin minimum non-zero probability:       4.6088e-45
per-bin maximum probability:                0.40143
per-bin probability dynamic range (kT):     101.176
per-segment minimum non-zero probability:   3.92425e-46
per-segment maximum non-zero probability:   0.116009
per-segment probability dynamic range (kT): 102.398
norm = 1, error in norm = 0 (0*epsilon)
Iteration wallclock: 0:30:09.923831, cputime: 2:31:53.835163


Wed May 11 14:07:08 2022
Iteration 407 (500 requested)
Beginning iteration 407
115 segments remain in iteration 407 (115 total)
23 of 24 (95.833333%) active bins are populated
per-bin minimum non-zero probability:       9.2176e-46
per-bin maximum probability:                0.274817
per-bin probability dynamic range (kT):     102.406
per-segment minimum non-zero probability:   1.84352e-46
per-segment maximum non-zero probability:   0.075678
per-segment probability dynamic range (kT): 102.726
norm = 1, error in norm = -2.22045e-16 (-1*epsilon)
Iteration wallclock: 0:30:25.331052, cputime: 2:31:42.154171


Wed May 11 14:37:33 2022
Iteration 408 (500 requested)
Beginning iteration 408
120 segments remain in iteration 408 (120 total)
24 of 24 (100.000000%) active bins are populated
per-bin minimum non-zero probability:       8.79629e-45
per-bin maximum probability:                0.327817
per-bin probability dynamic range (kT):     100.327
per-segment minimum non-zero probability:   1.29046e-45
per-segment maximum non-zero probability:   0.0760443
per-segment probability dynamic range (kT): 100.785
norm = 1, error in norm = 0 (0*epsilon)
Iteration wallclock: 0:31:39.087282, cputime: 2:37:55.159169


Wed May 11 15:09:13 2022
Iteration 409 (500 requested)
Beginning iteration 409
120 segments remain in iteration 409 (120 total)
24 of 24 (100.000000%) active bins are populated
per-bin minimum non-zero probability:       2.72623e-45
per-bin maximum probability:                0.410688
per-bin probability dynamic range (kT):     101.723
per-segment minimum non-zero probability:   5.45246e-46
per-segment maximum non-zero probability:   0.12611
per-segment probability dynamic range (kT): 102.152
norm = 1, error in norm = 0 (0*epsilon)
Iteration wallclock: 0:31:34.617976, cputime: 2:37:49.552251


Wed May 11 15:40:47 2022
Iteration 410 (500 requested)
Beginning iteration 410
120 segments remain in iteration 410 (120 total)
24 of 24 (100.000000%) active bins are populated
per-bin minimum non-zero probability:       9.50457e-46
per-bin maximum probability:                0.29711
per-bin probability dynamic range (kT):     102.453
per-segment minimum non-zero probability:   1.90091e-46
per-segment maximum non-zero probability:   0.0760443
per-segment probability dynamic range (kT): 102.7
norm = 1, error in norm = 0 (0*epsilon)
Iteration wallclock: 0:31:12.251281, cputime: 2:37:52.023788


Wed May 11 16:12:00 2022
Iteration 411 (500 requested)
Beginning iteration 411
120 segments remain in iteration 411 (120 total)
24 of 24 (100.000000%) active bins are populated
per-bin minimum non-zero probability:       1.90091e-46
per-bin maximum probability:                0.316748
per-bin probability dynamic range (kT):     104.127
per-segment minimum non-zero probability:   3.80183e-47
per-segment maximum non-zero probability:   0.0877665
per-segment probability dynamic range (kT): 104.453
norm = 1, error in norm = 2.22045e-16 (1*epsilon)
Iteration wallclock: 0:30:57.277067, cputime: 2:37:50.509823


Wed May 11 16:42:57 2022
Iteration 412 (500 requested)
Beginning iteration 412
120 segments remain in iteration 412 (120 total)
24 of 24 (100.000000%) active bins are populated
per-bin minimum non-zero probability:       3.80183e-47
per-bin maximum probability:                0.376797
per-bin probability dynamic range (kT):     105.91
per-segment minimum non-zero probability:   7.60366e-48
per-segment maximum non-zero probability:   0.100183
per-segment probability dynamic range (kT): 106.195
norm = 1, error in norm = 0 (0*epsilon)
Iteration wallclock: 0:31:19.592269, cputime: 2:37:56.065535


Wed May 11 17:14:17 2022
Iteration 413 (500 requested)
Beginning iteration 413
120 segments remain in iteration 413 (120 total)
24 of 24 (100.000000%) active bins are populated
per-bin minimum non-zero probability:       1.52073e-47
per-bin maximum probability:                0.438781
per-bin probability dynamic range (kT):     106.979
per-segment minimum non-zero probability:   2.53455e-48
per-segment maximum non-zero probability:   0.100183
per-segment probability dynamic range (kT): 107.293
norm = 1, error in norm = 0 (0*epsilon)
Iteration wallclock: 0:31:45.010202, cputime: 2:38:08.211965


Wed May 11 17:46:02 2022
Iteration 414 (500 requested)
Beginning iteration 414
115 segments remain in iteration 414 (115 total)
23 of 24 (95.833333%) active bins are populated
per-bin minimum non-zero probability:       2.53455e-48
per-bin maximum probability:                0.483405
per-bin probability dynamic range (kT):     108.867
per-segment minimum non-zero probability:   5.06911e-49
per-segment maximum non-zero probability:   0.140851
per-segment probability dynamic range (kT): 109.243
norm = 1, error in norm = 2.22045e-16 (1*epsilon)
Iteration wallclock: 0:30:14.567648, cputime: 2:31:46.211505


Wed May 11 18:16:17 2022
Iteration 415 (500 requested)
Beginning iteration 415
120 segments remain in iteration 415 (120 total)
24 of 24 (100.000000%) active bins are populated
per-bin minimum non-zero probability:       5.06911e-49
per-bin maximum probability:                0.420261
per-bin probability dynamic range (kT):     110.337
per-segment minimum non-zero probability:   1.01382e-49
per-segment maximum non-zero probability:   0.110445
per-segment probability dynamic range (kT): 110.61
norm = 1, error in norm = 0 (0*epsilon)
Iteration wallclock: 0:31:49.601901, cputime: 2:37:48.668378


Wed May 11 18:48:06 2022
Iteration 416 (500 requested)
Beginning iteration 416
120 segments remain in iteration 416 (120 total)
24 of 24 (100.000000%) active bins are populated
per-bin minimum non-zero probability:       3.40514e-46
per-bin maximum probability:                0.417593
per-bin probability dynamic range (kT):     103.82
per-segment minimum non-zero probability:   1.01382e-49
per-segment maximum non-zero probability:   0.110445
per-segment probability dynamic range (kT): 110.61
norm = 1, error in norm = 0 (0*epsilon)
Iteration wallclock: 0:32:38.396895, cputime: 2:38:32.627770


Wed May 11 19:20:45 2022
Iteration 417 (500 requested)
Beginning iteration 417
120 segments remain in iteration 417 (120 total)
24 of 24 (100.000000%) active bins are populated
per-bin minimum non-zero probability:       2.64679e-46
per-bin maximum probability:                0.232623
per-bin probability dynamic range (kT):     103.487
per-segment minimum non-zero probability:   5.29357e-47
per-segment maximum non-zero probability:   0.0593299
per-segment probability dynamic range (kT): 103.73
norm = 1, error in norm = 0 (0*epsilon)
Iteration wallclock: 0:31:24.860343, cputime: 2:38:00.643152


Wed May 11 19:52:10 2022
Iteration 418 (500 requested)
Beginning iteration 418
120 segments remain in iteration 418 (120 total)
24 of 24 (100.000000%) active bins are populated
per-bin minimum non-zero probability:       4.0404e-46
per-bin maximum probability:                0.388779
per-bin probability dynamic range (kT):     103.578
per-segment minimum non-zero probability:   5.81342e-47
per-segment maximum non-zero probability:   0.099287
per-segment probability dynamic range (kT): 104.152
norm = 1, error in norm = 0 (0*epsilon)
Iteration wallclock: 0:30:51.619331, cputime: 2:37:56.042717


Wed May 11 20:23:02 2022
Iteration 419 (500 requested)
Beginning iteration 419
120 segments remain in iteration 419 (120 total)
24 of 24 (100.000000%) active bins are populated
per-bin minimum non-zero probability:       7.65458e-47
per-bin maximum probability:                0.34147
per-bin probability dynamic range (kT):     105.112
per-segment minimum non-zero probability:   1.53092e-47
per-segment maximum non-zero probability:   0.0929083
per-segment probability dynamic range (kT): 105.419
norm = 1, error in norm = 0 (0*epsilon)
Iteration wallclock: 0:31:12.442678, cputime: 2:37:50.992649


Wed May 11 20:54:14 2022
Iteration 420 (500 requested)
Beginning iteration 420
115 segments remain in iteration 420 (115 total)
23 of 24 (95.833333%) active bins are populated
per-bin minimum non-zero probability:       1.53092e-47
per-bin maximum probability:                0.32789
per-bin probability dynamic range (kT):     106.681
per-segment minimum non-zero probability:   3.06183e-48
per-segment maximum non-zero probability:   0.0929083
per-segment probability dynamic range (kT): 107.029
norm = 1, error in norm = 2.22045e-16 (1*epsilon)
Iteration wallclock: 0:29:48.556395, cputime: 2:31:59.083385


Wed May 11 21:24:03 2022
Iteration 421 (500 requested)
Beginning iteration 421
120 segments remain in iteration 421 (120 total)
24 of 24 (100.000000%) active bins are populated
per-bin minimum non-zero probability:       1.40306e-46
per-bin maximum probability:                0.308966
per-bin probability dynamic range (kT):     104.406
per-segment minimum non-zero probability:   2.80613e-47
per-segment maximum non-zero probability:   0.0929083
per-segment probability dynamic range (kT): 104.814
norm = 1, error in norm = 0 (0*epsilon)
Iteration wallclock: 0:30:42.155041, cputime: 2:38:00.440425


Wed May 11 21:54:45 2022
Iteration 422 (500 requested)
Beginning iteration 422
110 segments remain in iteration 422 (110 total)
22 of 24 (91.666667%) active bins are populated
per-bin minimum non-zero probability:       2.80613e-47
per-bin maximum probability:                0.383991
per-bin probability dynamic range (kT):     106.233
per-segment minimum non-zero probability:   5.61225e-48
per-segment maximum non-zero probability:   0.0929083
per-segment probability dynamic range (kT): 106.423
norm = 1, error in norm = -2.22045e-16 (-1*epsilon)
Iteration wallclock: 0:28:22.992194, cputime: 2:25:00.214592


Wed May 11 22:23:08 2022
Iteration 423 (500 requested)
Beginning iteration 423
110 segments remain in iteration 423 (110 total)
22 of 24 (91.666667%) active bins are populated
per-bin minimum non-zero probability:       5.61225e-48
per-bin maximum probability:                0.464388
per-bin probability dynamic range (kT):     108.032
per-segment minimum non-zero probability:   1.12245e-48
per-segment maximum non-zero probability:   0.126571
per-segment probability dynamic range (kT): 108.342
norm = 1, error in norm = 2.22045e-16 (1*epsilon)
Iteration wallclock: 0:28:12.529010, cputime: 2:24:40.534688


Wed May 11 22:51:21 2022
Iteration 424 (500 requested)
Beginning iteration 424
120 segments remain in iteration 424 (120 total)
24 of 24 (100.000000%) active bins are populated
per-bin minimum non-zero probability:       3.36735e-48
per-bin maximum probability:                0.505285
per-bin probability dynamic range (kT):     108.627
per-segment minimum non-zero probability:   5.61225e-49
per-segment maximum non-zero probability:   0.133805
per-segment probability dynamic range (kT): 109.09
norm = 1, error in norm = 0 (0*epsilon)
Iteration wallclock: 0:34:47.717821, cputime: 2:37:56.530121


Wed May 11 23:26:09 2022
Iteration 425 (500 requested)
Beginning iteration 425
120 segments remain in iteration 425 (120 total)
24 of 24 (100.000000%) active bins are populated
per-bin minimum non-zero probability:       5.61225e-49
per-bin maximum probability:                0.47987
per-bin probability dynamic range (kT):     110.367
per-segment minimum non-zero probability:   1.12245e-49
per-segment maximum non-zero probability:   0.133805
per-segment probability dynamic range (kT): 110.7
norm = 1, error in norm = 0 (0*epsilon)
Iteration wallclock: 0:35:28.315068, cputime: 2:38:29.691524


Thu May 12 00:01:37 2022
Iteration 426 (500 requested)
Beginning iteration 426
120 segments remain in iteration 426 (120 total)
24 of 24 (100.000000%) active bins are populated
per-bin minimum non-zero probability:       2.71122e-47
per-bin maximum probability:                0.298747
per-bin probability dynamic range (kT):     106.016
per-segment minimum non-zero probability:   5.42244e-48
per-segment maximum non-zero probability:   0.0863932
per-segment probability dynamic range (kT): 106.385
norm = 1, error in norm = 0 (0*epsilon)
Iteration wallclock: 0:30:50.604248, cputime: 2:38:12.713055


Thu May 12 00:32:28 2022
Iteration 427 (500 requested)
Beginning iteration 427
115 segments remain in iteration 427 (115 total)
23 of 24 (95.833333%) active bins are populated
per-bin minimum non-zero probability:       1.08449e-47
per-bin maximum probability:                0.395916
per-bin probability dynamic range (kT):     107.214
per-segment minimum non-zero probability:   1.80748e-48
per-segment maximum non-zero probability:   0.107864
per-segment probability dynamic range (kT): 107.705
norm = 1, error in norm = 0 (0*epsilon)
Iteration wallclock: 0:29:42.955217, cputime: 2:31:50.877907


Thu May 12 01:02:11 2022
Iteration 428 (500 requested)
Beginning iteration 428
115 segments remain in iteration 428 (115 total)
23 of 24 (95.833333%) active bins are populated
per-bin minimum non-zero probability:       1.17486e-47
per-bin maximum probability:                0.29244
per-bin probability dynamic range (kT):     106.831
per-segment minimum non-zero probability:   1.80748e-48
per-segment maximum non-zero probability:   0.0830272
per-segment probability dynamic range (kT): 107.444
norm = 1, error in norm = -1.11022e-16 (-0.5*epsilon)
Iteration wallclock: 0:29:44.854915, cputime: 2:31:58.816890


Thu May 12 01:31:56 2022
Iteration 429 (500 requested)
Beginning iteration 429
110 segments remain in iteration 429 (110 total)
22 of 24 (91.666667%) active bins are populated
per-bin minimum non-zero probability:       1.80748e-48
per-bin maximum probability:                0.437183
per-bin probability dynamic range (kT):     109.105
per-segment minimum non-zero probability:   3.61496e-49
per-segment maximum non-zero probability:   0.108678
per-segment probability dynamic range (kT): 109.322
norm = 1, error in norm = 2.22045e-16 (1*epsilon)
Iteration wallclock: 0:28:08.227825, cputime: 2:24:36.600763


Thu May 12 02:00:05 2022
Iteration 430 (500 requested)
Beginning iteration 430
120 segments remain in iteration 430 (120 total)
24 of 24 (100.000000%) active bins are populated
per-bin minimum non-zero probability:       8.04332e-48
per-bin maximum probability:                0.605984
per-bin probability dynamic range (kT):     107.938
per-segment minimum non-zero probability:   7.22991e-49
per-segment maximum non-zero probability:   0.162192
per-segment probability dynamic range (kT): 109.029
norm = 1, error in norm = 0 (0*epsilon)
Iteration wallclock: 0:30:54.636620, cputime: 2:37:52.617161


Thu May 12 02:30:59 2022
Iteration 431 (500 requested)
Beginning iteration 431
120 segments remain in iteration 431 (120 total)
24 of 24 (100.000000%) active bins are populated
per-bin minimum non-zero probability:       4.97057e-48
per-bin maximum probability:                0.53728
per-bin probability dynamic range (kT):     108.299
per-segment minimum non-zero probability:   9.94113e-49
per-segment maximum non-zero probability:   0.162192
per-segment probability dynamic range (kT): 108.711
norm = 1, error in norm = 0 (0*epsilon)
Iteration wallclock: 0:30:52.821660, cputime: 2:37:47.038146


Thu May 12 03:01:52 2022
Iteration 432 (500 requested)
Beginning iteration 432
120 segments remain in iteration 432 (120 total)
24 of 24 (100.000000%) active bins are populated
per-bin minimum non-zero probability:       9.94113e-49
per-bin maximum probability:                0.456653
per-bin probability dynamic range (kT):     109.746
per-segment minimum non-zero probability:   1.98823e-49
per-segment maximum non-zero probability:   0.162192
per-segment probability dynamic range (kT): 110.32
norm = 1, error in norm = 0 (0*epsilon)
Iteration wallclock: 0:31:17.131860, cputime: 2:37:43.757426


Thu May 12 03:33:09 2022
Iteration 433 (500 requested)
Beginning iteration 433
120 segments remain in iteration 433 (120 total)
24 of 24 (100.000000%) active bins are populated
per-bin minimum non-zero probability:       3.31371e-49
per-bin maximum probability:                0.379055
per-bin probability dynamic range (kT):     110.659
per-segment minimum non-zero probability:   6.62742e-50
per-segment maximum non-zero probability:   0.108128
per-segment probability dynamic range (kT): 111.014
norm = 1, error in norm = 0 (0*epsilon)
Iteration wallclock: 0:30:46.968471, cputime: 2:37:38.276280


Thu May 12 04:03:57 2022
Iteration 434 (500 requested)
Beginning iteration 434
115 segments remain in iteration 434 (115 total)
23 of 24 (95.833333%) active bins are populated
per-bin minimum non-zero probability:       6.62742e-50
per-bin maximum probability:                0.397197
per-bin probability dynamic range (kT):     112.315
per-segment minimum non-zero probability:   1.32548e-50
per-segment maximum non-zero probability:   0.108204
per-segment probability dynamic range (kT): 112.624
norm = 1, error in norm = 0 (0*epsilon)
Iteration wallclock: 0:29:35.957199, cputime: 2:31:42.901976


Thu May 12 04:33:33 2022
Iteration 435 (500 requested)
Beginning iteration 435
120 segments remain in iteration 435 (120 total)
24 of 24 (100.000000%) active bins are populated
per-bin minimum non-zero probability:       1.79663e-48
per-bin maximum probability:                0.457825
per-bin probability dynamic range (kT):     109.157
per-segment minimum non-zero probability:   3.56676e-49
per-segment maximum non-zero probability:   0.108204
per-segment probability dynamic range (kT): 109.331
norm = 1, error in norm = 2.22045e-16 (1*epsilon)
Iteration wallclock: 0:31:08.839158, cputime: 2:38:03.867610


Thu May 12 05:04:42 2022
Iteration 436 (500 requested)
Beginning iteration 436
120 segments remain in iteration 436 (120 total)
24 of 24 (100.000000%) active bins are populated
per-bin minimum non-zero probability:       1.66941e-48
per-bin maximum probability:                0.34792
per-bin probability dynamic range (kT):     108.956
per-segment minimum non-zero probability:   3.33881e-49
per-segment maximum non-zero probability:   0.108128
per-segment probability dynamic range (kT): 109.397
norm = 1, error in norm = 0 (0*epsilon)
Iteration wallclock: 0:31:30.290041, cputime: 2:38:01.796184


Thu May 12 05:36:12 2022
Iteration 437 (500 requested)
Beginning iteration 437
120 segments remain in iteration 437 (120 total)
24 of 24 (100.000000%) active bins are populated
per-bin minimum non-zero probability:       4.10159e-48
per-bin maximum probability:                0.485269
per-bin probability dynamic range (kT):     108.39
per-segment minimum non-zero probability:   5.72304e-49
per-segment maximum non-zero probability:   0.125278
per-segment probability dynamic range (kT): 109.005
norm = 1, error in norm = 2.22045e-16 (1*epsilon)
Iteration wallclock: 0:31:20.747529, cputime: 2:38:03.578742


Thu May 12 06:07:33 2022
Iteration 438 (500 requested)
Beginning iteration 438
120 segments remain in iteration 438 (120 total)
24 of 24 (100.000000%) active bins are populated
per-bin minimum non-zero probability:       5.72304e-49
per-bin maximum probability:                0.443681
per-bin probability dynamic range (kT):     110.27
per-segment minimum non-zero probability:   1.14461e-49
per-segment maximum non-zero probability:   0.125278
per-segment probability dynamic range (kT): 110.614
norm = 1, error in norm = 0 (0*epsilon)
Iteration wallclock: 0:31:12.205375, cputime: 2:38:05.308004


Thu May 12 06:38:46 2022
Iteration 439 (500 requested)
Beginning iteration 439
120 segments remain in iteration 439 (120 total)
24 of 24 (100.000000%) active bins are populated
per-bin minimum non-zero probability:       2.1815e-48
per-bin maximum probability:                0.334566
per-bin probability dynamic range (kT):     108.649
per-segment minimum non-zero probability:   3.90517e-49
per-segment maximum non-zero probability:   0.0840532
per-segment probability dynamic range (kT): 108.988
norm = 1, error in norm = 2.22045e-16 (1*epsilon)
Iteration wallclock: 0:31:11.632768, cputime: 2:37:50.035650


Thu May 12 07:09:57 2022
Iteration 440 (500 requested)
Beginning iteration 440
120 segments remain in iteration 440 (120 total)
24 of 24 (100.000000%) active bins are populated
per-bin minimum non-zero probability:       3.49714e-48
per-bin maximum probability:                0.378719
per-bin probability dynamic range (kT):     108.301
per-segment minimum non-zero probability:   6.99428e-49
per-segment maximum non-zero probability:   0.0981462
per-segment probability dynamic range (kT): 108.56
norm = 1, error in norm = 0 (0*epsilon)
Iteration wallclock: 0:31:17.088490, cputime: 2:37:52.954676


Thu May 12 07:41:15 2022
Iteration 441 (500 requested)
Beginning iteration 441
115 segments remain in iteration 441 (115 total)
23 of 24 (95.833333%) active bins are populated
per-bin minimum non-zero probability:       1.00995e-48
per-bin maximum probability:                0.332976
per-bin probability dynamic range (kT):     109.414
per-segment minimum non-zero probability:   2.01991e-49
per-segment maximum non-zero probability:   0.0938738
per-segment probability dynamic range (kT): 109.758
norm = 1, error in norm = 2.22045e-16 (1*epsilon)
Iteration wallclock: 0:29:31.607986, cputime: 2:31:45.380505


Thu May 12 08:10:46 2022
Iteration 442 (500 requested)
Beginning iteration 442
115 segments remain in iteration 442 (115 total)
23 of 24 (95.833333%) active bins are populated
per-bin minimum non-zero probability:       2.01991e-49
per-bin maximum probability:                0.453585
per-bin probability dynamic range (kT):     111.333
per-segment minimum non-zero probability:   4.03982e-50
per-segment maximum non-zero probability:   0.133795
per-segment probability dynamic range (kT): 111.722
norm = 1, error in norm = 2.22045e-16 (1*epsilon)
Iteration wallclock: 0:29:40.041685, cputime: 2:31:55.659072


Thu May 12 08:40:27 2022
Iteration 443 (500 requested)
Beginning iteration 443
120 segments remain in iteration 443 (120 total)
24 of 24 (100.000000%) active bins are populated
per-bin minimum non-zero probability:       1.49466e-48
per-bin maximum probability:                0.369366
per-bin probability dynamic range (kT):     109.126
per-segment minimum non-zero probability:   2.90853e-49
per-segment maximum non-zero probability:   0.0839914
per-segment probability dynamic range (kT): 109.282
norm = 1, error in norm = 0 (0*epsilon)
Iteration wallclock: 0:31:05.838334, cputime: 2:37:51.654987


Thu May 12 09:11:33 2022
Iteration 444 (500 requested)
Beginning iteration 444
120 segments remain in iteration 444 (120 total)
24 of 24 (100.000000%) active bins are populated
per-bin minimum non-zero probability:       2.90853e-49
per-bin maximum probability:                0.446765
per-bin probability dynamic range (kT):     110.953
per-segment minimum non-zero probability:   5.81706e-50
per-segment maximum non-zero probability:   0.129729
per-segment probability dynamic range (kT): 111.326
norm = 1, error in norm = 0 (0*epsilon)
Iteration wallclock: 0:30:49.800738, cputime: 2:37:59.357631


Thu May 12 09:42:22 2022
Iteration 445 (500 requested)
Beginning iteration 445
120 segments remain in iteration 445 (120 total)
24 of 24 (100.000000%) active bins are populated
per-bin minimum non-zero probability:       2.31408e-48
per-bin maximum probability:                0.393437
per-bin probability dynamic range (kT):     108.752
per-segment minimum non-zero probability:   4.1628e-49
per-segment maximum non-zero probability:   0.129729
per-segment probability dynamic range (kT): 109.358
norm = 1, error in norm = 0 (0*epsilon)
Iteration wallclock: 0:31:04.488474, cputime: 2:37:57.565174


Thu May 12 10:13:27 2022
Iteration 446 (500 requested)
Beginning iteration 446
115 segments remain in iteration 446 (115 total)
23 of 24 (95.833333%) active bins are populated
per-bin minimum non-zero probability:       4.1628e-49
per-bin maximum probability:                0.305039
per-bin probability dynamic range (kT):     110.213
per-segment minimum non-zero probability:   8.3256e-50
per-segment maximum non-zero probability:   0.0894241
per-segment probability dynamic range (kT): 110.596
norm = 1, error in norm = 2.22045e-16 (1*epsilon)
Iteration wallclock: 0:29:51.854982, cputime: 2:31:50.177788


Thu May 12 10:43:19 2022
Iteration 447 (500 requested)
Beginning iteration 447
120 segments remain in iteration 447 (120 total)
24 of 24 (100.000000%) active bins are populated
per-bin minimum non-zero probability:       1.66512e-49
per-bin maximum probability:                0.465557
per-bin probability dynamic range (kT):     111.552
per-segment minimum non-zero probability:   2.7752e-50
per-segment maximum non-zero probability:   0.120098
per-segment probability dynamic range (kT): 111.989
norm = 1, error in norm = 0 (0*epsilon)
Iteration wallclock: 0:31:36.347719, cputime: 2:37:57.554232


Thu May 12 11:14:56 2022
Iteration 448 (500 requested)
Beginning iteration 448
115 segments remain in iteration 448 (115 total)
23 of 24 (95.833333%) active bins are populated
per-bin minimum non-zero probability:       2.28962e-48
per-bin maximum probability:                0.337024
per-bin probability dynamic range (kT):     108.608
per-segment minimum non-zero probability:   4.57925e-49
per-segment maximum non-zero probability:   0.0894241
per-segment probability dynamic range (kT): 108.891
norm = 1, error in norm = 0 (0*epsilon)
Iteration wallclock: 0:30:01.267269, cputime: 2:31:50.241681


Thu May 12 11:44:57 2022
Iteration 449 (500 requested)
Beginning iteration 449
120 segments remain in iteration 449 (120 total)
24 of 24 (100.000000%) active bins are populated
per-bin minimum non-zero probability:       2.78857e-48
per-bin maximum probability:                0.33673
per-bin probability dynamic range (kT):     108.41
per-segment minimum non-zero probability:   4.68179e-49
per-segment maximum non-zero probability:   0.0839914
per-segment probability dynamic range (kT): 108.806
norm = 1, error in norm = 0 (0*epsilon)
Iteration wallclock: 0:31:13.885429, cputime: 2:37:54.176897


Thu May 12 12:16:11 2022
Iteration 450 (500 requested)
Beginning iteration 450
120 segments remain in iteration 450 (120 total)
24 of 24 (100.000000%) active bins are populated
per-bin minimum non-zero probability:       1.15672e-48
per-bin maximum probability:                0.269098
per-bin probability dynamic range (kT):     109.066
per-segment minimum non-zero probability:   2.31345e-49
per-segment maximum non-zero probability:   0.0752835
per-segment probability dynamic range (kT): 109.401
norm = 1, error in norm = 0 (0*epsilon)
Iteration wallclock: 0:31:07.443712, cputime: 2:37:58.784667


Thu May 12 12:47:19 2022
Iteration 451 (500 requested)
Beginning iteration 451
115 segments remain in iteration 451 (115 total)
23 of 24 (95.833333%) active bins are populated
per-bin minimum non-zero probability:       2.31345e-49
per-bin maximum probability:                0.393653
per-bin probability dynamic range (kT):     111.056
per-segment minimum non-zero probability:   4.6269e-50
per-segment maximum non-zero probability:   0.109835
per-segment probability dynamic range (kT): 111.389
norm = 1, error in norm = 2.22045e-16 (1*epsilon)
Iteration wallclock: 0:29:50.409315, cputime: 2:31:53.226052


Thu May 12 13:17:09 2022
Iteration 452 (500 requested)
Beginning iteration 452
105 segments remain in iteration 452 (105 total)
21 of 24 (87.500000%) active bins are populated
per-bin minimum non-zero probability:       2.54874e-48
per-bin maximum probability:                0.511267
per-bin probability dynamic range (kT):     108.918
per-segment minimum non-zero probability:   4.06226e-49
per-segment maximum non-zero probability:   0.135332
per-segment probability dynamic range (kT): 109.425
norm = 1, error in norm = 0 (0*epsilon)
Iteration wallclock: 0:27:46.023804, cputime: 2:18:42.911159


Thu May 12 13:44:55 2022
Iteration 453 (500 requested)
Beginning iteration 453
110 segments remain in iteration 453 (110 total)
22 of 24 (91.666667%) active bins are populated
per-bin minimum non-zero probability:       1.0214e-48
per-bin maximum probability:                0.622651
per-bin probability dynamic range (kT):     110.029
per-segment minimum non-zero probability:   1.53793e-49
per-segment maximum non-zero probability:   0.168843
per-segment probability dynamic range (kT): 110.617
norm = 1, error in norm = 0 (0*epsilon)
Iteration wallclock: 0:28:39.005836, cputime: 2:24:58.971311


Thu May 12 14:13:35 2022
Iteration 454 (500 requested)
Beginning iteration 454
120 segments remain in iteration 454 (120 total)
24 of 24 (100.000000%) active bins are populated
per-bin minimum non-zero probability:       1.53793e-49
per-bin maximum probability:                0.578519
per-bin probability dynamic range (kT):     111.849
per-segment minimum non-zero probability:   3.07585e-50
per-segment maximum non-zero probability:   0.135332
per-segment probability dynamic range (kT): 112.006
norm = 1, error in norm = 0 (0*epsilon)
Iteration wallclock: 0:31:04.781355, cputime: 2:37:58.917713


Thu May 12 14:44:40 2022
Iteration 455 (500 requested)
Beginning iteration 455
120 segments remain in iteration 455 (120 total)
24 of 24 (100.000000%) active bins are populated
per-bin minimum non-zero probability:       4.28888e-49
per-bin maximum probability:                0.40145
per-bin probability dynamic range (kT):     110.458
per-segment minimum non-zero probability:   7.14813e-50
per-segment maximum non-zero probability:   0.135332
per-segment probability dynamic range (kT): 111.162
norm = 1, error in norm = 0 (0*epsilon)
Iteration wallclock: 0:31:04.212006, cputime: 2:37:58.653015


Thu May 12 15:15:44 2022
Iteration 456 (500 requested)
Beginning iteration 456
120 segments remain in iteration 456 (120 total)
24 of 24 (100.000000%) active bins are populated
per-bin minimum non-zero probability:       1.24335e-48
per-bin maximum probability:                0.4145
per-bin probability dynamic range (kT):     109.426
per-segment minimum non-zero probability:   3.74543e-50
per-segment maximum non-zero probability:   0.124711
per-segment probability dynamic range (kT): 111.727
norm = 1, error in norm = 2.22045e-16 (1*epsilon)
Iteration wallclock: 0:31:13.232863, cputime: 2:37:55.578204


Thu May 12 15:46:57 2022
Iteration 457 (500 requested)
Beginning iteration 457
120 segments remain in iteration 457 (120 total)
24 of 24 (100.000000%) active bins are populated
per-bin minimum non-zero probability:       1.1634e-48
per-bin maximum probability:                0.41424
per-bin probability dynamic range (kT):     109.491
per-segment minimum non-zero probability:   3.74543e-50
per-segment maximum non-zero probability:   0.0972559
per-segment probability dynamic range (kT): 111.478
norm = 1, error in norm = 2.22045e-16 (1*epsilon)
Iteration wallclock: 0:31:07.950140, cputime: 2:37:55.401972


Thu May 12 16:18:05 2022
Iteration 458 (500 requested)
Beginning iteration 458
120 segments remain in iteration 458 (120 total)
24 of 24 (100.000000%) active bins are populated
per-bin minimum non-zero probability:       9.54973e-49
per-bin maximum probability:                0.285017
per-bin probability dynamic range (kT):     109.315
per-segment minimum non-zero probability:   1.67948e-49
per-segment maximum non-zero probability:   0.0880036
per-segment probability dynamic range (kT): 109.878
norm = 1, error in norm = 2.22045e-16 (1*epsilon)
Iteration wallclock: 0:30:58.303689, cputime: 2:38:05.390758


Thu May 12 16:49:04 2022
Iteration 459 (500 requested)
Beginning iteration 459
120 segments remain in iteration 459 (120 total)
24 of 24 (100.000000%) active bins are populated
per-bin minimum non-zero probability:       1.0624e-48
per-bin maximum probability:                0.303448
per-bin probability dynamic range (kT):     109.271
per-segment minimum non-zero probability:   1.47776e-49
per-segment maximum non-zero probability:   0.0880036
per-segment probability dynamic range (kT): 110.006
norm = 1, error in norm = 0 (0*epsilon)
Iteration wallclock: 0:31:19.353376, cputime: 2:37:51.264487


Thu May 12 17:20:23 2022
Iteration 460 (500 requested)
Beginning iteration 460
120 segments remain in iteration 460 (120 total)
24 of 24 (100.000000%) active bins are populated
per-bin minimum non-zero probability:       1.18588e-48
per-bin maximum probability:                0.468116
per-bin probability dynamic range (kT):     109.595
per-segment minimum non-zero probability:   1.60873e-49
per-segment maximum non-zero probability:   0.116368
per-segment probability dynamic range (kT): 110.2
norm = 1, error in norm = 0 (0*epsilon)
Iteration wallclock: 0:31:26.741168, cputime: 2:37:44.558287


Thu May 12 17:51:50 2022
Iteration 461 (500 requested)
Beginning iteration 461
120 segments remain in iteration 461 (120 total)
24 of 24 (100.000000%) active bins are populated
per-bin minimum non-zero probability:       6.59819e-49
per-bin maximum probability:                0.355036
per-bin probability dynamic range (kT):     109.904
per-segment minimum non-zero probability:   8.04366e-50
per-segment maximum non-zero probability:   0.116368
per-segment probability dynamic range (kT): 110.893
norm = 1, error in norm = 2.22045e-16 (1*epsilon)
Iteration wallclock: 0:31:04.316857, cputime: 2:37:50.241080


Thu May 12 18:22:55 2022
Iteration 462 (500 requested)
Beginning iteration 462
115 segments remain in iteration 462 (115 total)
23 of 24 (95.833333%) active bins are populated
per-bin minimum non-zero probability:       1.31964e-49
per-bin maximum probability:                0.568672
per-bin probability dynamic range (kT):     111.985
per-segment minimum non-zero probability:   2.63928e-50
per-segment maximum non-zero probability:   0.165355
per-segment probability dynamic range (kT): 112.359
norm = 1, error in norm = 2.22045e-16 (1*epsilon)
Iteration wallclock: 0:29:54.260624, cputime: 2:31:43.664283


Thu May 12 18:52:49 2022
Iteration 463 (500 requested)
Beginning iteration 463
120 segments remain in iteration 463 (120 total)
24 of 24 (100.000000%) active bins are populated
per-bin minimum non-zero probability:       2.63928e-50
per-bin maximum probability:                0.475458
per-bin probability dynamic range (kT):     113.415
per-segment minimum non-zero probability:   5.27855e-51
per-segment maximum non-zero probability:   0.165355
per-segment probability dynamic range (kT): 113.969
norm = 1, error in norm = 0 (0*epsilon)
Iteration wallclock: 0:31:08.104440, cputime: 2:37:50.468870


Thu May 12 19:23:57 2022
Iteration 464 (500 requested)
Beginning iteration 464
115 segments remain in iteration 464 (115 total)
23 of 24 (95.833333%) active bins are populated
per-bin minimum non-zero probability:       3.98629e-49
per-bin maximum probability:                0.353924
per-bin probability dynamic range (kT):     110.405
per-segment minimum non-zero probability:   6.64382e-50
per-segment maximum non-zero probability:   0.102154
per-segment probability dynamic range (kT): 110.954
norm = 1, error in norm = 0 (0*epsilon)
Iteration wallclock: 0:29:45.568367, cputime: 2:31:42.965983


Thu May 12 19:53:43 2022
Iteration 465 (500 requested)
Beginning iteration 465
120 segments remain in iteration 465 (120 total)
24 of 24 (100.000000%) active bins are populated
per-bin minimum non-zero probability:       7.20529e-49
per-bin maximum probability:                0.436044
per-bin probability dynamic range (kT):     110.022
per-segment minimum non-zero probability:   1.14134e-49
per-segment maximum non-zero probability:   0.0864148
per-segment probability dynamic range (kT): 110.246
norm = 1, error in norm = 0 (0*epsilon)
Iteration wallclock: 0:30:45.908331, cputime: 2:37:53.543697


Thu May 12 20:24:29 2022
Iteration 466 (500 requested)
Beginning iteration 466
120 segments remain in iteration 466 (120 total)
24 of 24 (100.000000%) active bins are populated
per-bin minimum non-zero probability:       3.69713e-49
per-bin maximum probability:                0.373825
per-bin probability dynamic range (kT):     110.535
per-segment minimum non-zero probability:   6.20587e-50
per-segment maximum non-zero probability:   0.090552
per-segment probability dynamic range (kT): 110.902
norm = 1, error in norm = 2.22045e-16 (1*epsilon)
Iteration wallclock: 0:31:02.946979, cputime: 2:37:44.329204


Thu May 12 20:55:32 2022
Iteration 467 (500 requested)
Beginning iteration 467
120 segments remain in iteration 467 (120 total)
24 of 24 (100.000000%) active bins are populated
per-bin minimum non-zero probability:       5.64303e-49
per-bin maximum probability:                0.436765
per-bin probability dynamic range (kT):     110.268
per-segment minimum non-zero probability:   9.45318e-50
per-segment maximum non-zero probability:   0.117426
per-segment probability dynamic range (kT): 110.741
norm = 1, error in norm = 0 (0*epsilon)
Iteration wallclock: 0:31:09.204642, cputime: 2:38:05.055414


Thu May 12 21:26:41 2022
Iteration 468 (500 requested)
Beginning iteration 468
120 segments remain in iteration 468 (120 total)
24 of 24 (100.000000%) active bins are populated
per-bin minimum non-zero probability:       3.84665e-49
per-bin maximum probability:                0.394483
per-bin probability dynamic range (kT):     110.549
per-segment minimum non-zero probability:   6.52003e-50
per-segment maximum non-zero probability:   0.117426
per-segment probability dynamic range (kT): 111.112
norm = 1, error in norm = 2.22045e-16 (1*epsilon)
Iteration wallclock: 0:31:04.210576, cputime: 2:38:10.020152


Thu May 12 21:57:45 2022
Iteration 469 (500 requested)
Beginning iteration 469
120 segments remain in iteration 469 (120 total)
24 of 24 (100.000000%) active bins are populated
per-bin minimum non-zero probability:       2.67085e-49
per-bin maximum probability:                0.332771
per-bin probability dynamic range (kT):     110.744
per-segment minimum non-zero probability:   5.34169e-50
per-segment maximum non-zero probability:   0.117426
per-segment probability dynamic range (kT): 111.312
norm = 1, error in norm = 0 (0*epsilon)
Iteration wallclock: 0:31:04.046584, cputime: 2:38:04.644285


Thu May 12 22:28:49 2022
Iteration 470 (500 requested)
Beginning iteration 470
120 segments remain in iteration 470 (120 total)
24 of 24 (100.000000%) active bins are populated
per-bin minimum non-zero probability:       1.33542e-49
per-bin maximum probability:                0.297647
per-bin probability dynamic range (kT):     111.326
per-segment minimum non-zero probability:   2.67085e-50
per-segment maximum non-zero probability:   0.117426
per-segment probability dynamic range (kT): 112.005
norm = 1, error in norm = 0 (0*epsilon)
Iteration wallclock: 0:31:33.812710, cputime: 2:38:12.181714


Thu May 12 23:00:23 2022
Iteration 471 (500 requested)
Beginning iteration 471
120 segments remain in iteration 471 (120 total)
24 of 24 (100.000000%) active bins are populated
per-bin minimum non-zero probability:       1.06834e-49
per-bin maximum probability:                0.51977
per-bin probability dynamic range (kT):     112.106
per-segment minimum non-zero probability:   1.78056e-50
per-segment maximum non-zero probability:   0.134526
per-segment probability dynamic range (kT): 112.546
norm = 1, error in norm = 0 (0*epsilon)
Iteration wallclock: 0:31:17.670959, cputime: 2:38:11.643396


Thu May 12 23:31:41 2022
Iteration 472 (500 requested)
Beginning iteration 472
115 segments remain in iteration 472 (115 total)
23 of 24 (95.833333%) active bins are populated
per-bin minimum non-zero probability:       6.22765e-50
per-bin maximum probability:                0.371713
per-bin probability dynamic range (kT):     112.311
per-segment minimum non-zero probability:   8.88841e-51
per-segment maximum non-zero probability:   0.117426
per-segment probability dynamic range (kT): 113.105
norm = 1, error in norm = -1.11022e-16 (-0.5*epsilon)
Iteration wallclock: 0:30:04.038640, cputime: 2:31:55.706411


Fri May 13 00:01:45 2022
Iteration 473 (500 requested)
Beginning iteration 473
120 segments remain in iteration 473 (120 total)
24 of 24 (100.000000%) active bins are populated
per-bin minimum non-zero probability:       2.13653e-49
per-bin maximum probability:                0.292601
per-bin probability dynamic range (kT):     110.839
per-segment minimum non-zero probability:   2.6694e-50
per-segment maximum non-zero probability:   0.0890696
per-segment probability dynamic range (kT): 111.729
norm = 1, error in norm = 0 (0*epsilon)
Iteration wallclock: 0:31:14.380802, cputime: 2:37:55.912683


Fri May 13 00:33:00 2022
Iteration 474 (500 requested)
Beginning iteration 474
120 segments remain in iteration 474 (120 total)
24 of 24 (100.000000%) active bins are populated
per-bin minimum non-zero probability:       6.7635e-50
per-bin maximum probability:                0.360196
per-bin probability dynamic range (kT):     112.197
per-segment minimum non-zero probability:   1.12725e-50
per-segment maximum non-zero probability:   0.0890696
per-segment probability dynamic range (kT): 112.591
norm = 1, error in norm = 0 (0*epsilon)
Iteration wallclock: 0:31:29.946187, cputime: 2:37:57.049629


Fri May 13 01:04:30 2022
Iteration 475 (500 requested)
Beginning iteration 475
115 segments remain in iteration 475 (115 total)
23 of 24 (95.833333%) active bins are populated
per-bin minimum non-zero probability:       1.00563e-49
per-bin maximum probability:                0.434564
per-bin probability dynamic range (kT):     111.988
per-segment minimum non-zero probability:   1.42353e-50
per-segment maximum non-zero probability:   0.130269
per-segment probability dynamic range (kT): 112.738
norm = 1, error in norm = 2.22045e-16 (1*epsilon)
Iteration wallclock: 0:29:47.772364, cputime: 2:31:56.715519


Fri May 13 01:34:18 2022
Iteration 476 (500 requested)
Beginning iteration 476
120 segments remain in iteration 476 (120 total)
24 of 24 (100.000000%) active bins are populated
per-bin minimum non-zero probability:       3.20301e-50
per-bin maximum probability:                0.315698
per-bin probability dynamic range (kT):     112.812
per-segment minimum non-zero probability:   4.7451e-51
per-segment maximum non-zero probability:   0.0821501
per-segment probability dynamic range (kT): 113.376
norm = 1, error in norm = 0 (0*epsilon)
Iteration wallclock: 0:31:00.790467, cputime: 2:38:02.811107


Fri May 13 02:05:19 2022
Iteration 477 (500 requested)
Beginning iteration 477
120 segments remain in iteration 477 (120 total)
24 of 24 (100.000000%) active bins are populated
per-bin minimum non-zero probability:       3.20301e-50
per-bin maximum probability:                0.351628
per-bin probability dynamic range (kT):     112.92
per-segment minimum non-zero probability:   4.7451e-51
per-segment maximum non-zero probability:   0.087958
per-segment probability dynamic range (kT): 113.444
norm = 1, error in norm = 0 (0*epsilon)
Iteration wallclock: 0:31:37.481421, cputime: 2:38:06.862225


Fri May 13 02:36:57 2022
Iteration 478 (500 requested)
Beginning iteration 478
115 segments remain in iteration 478 (115 total)
23 of 24 (95.833333%) active bins are populated
per-bin minimum non-zero probability:       6.7635e-50
per-bin maximum probability:                0.354321
per-bin probability dynamic range (kT):     112.18
per-segment minimum non-zero probability:   1.3527e-50
per-segment maximum non-zero probability:   0.0821501
per-segment probability dynamic range (kT): 112.328
norm = 1, error in norm = 0 (0*epsilon)
Iteration wallclock: 0:29:54.907075, cputime: 2:31:48.525783


Fri May 13 03:06:52 2022
Iteration 479 (500 requested)
Beginning iteration 479
120 segments remain in iteration 479 (120 total)
24 of 24 (100.000000%) active bins are populated
per-bin minimum non-zero probability:       1.42578e-49
per-bin maximum probability:                0.494429
per-bin probability dynamic range (kT):     111.768
per-segment minimum non-zero probability:   1.69087e-50
per-segment maximum non-zero probability:   0.133234
per-segment probability dynamic range (kT): 112.588
norm = 1, error in norm = 0 (0*epsilon)
Iteration wallclock: 0:31:45.613344, cputime: 2:38:03.142619


Fri May 13 03:38:38 2022
Iteration 480 (500 requested)
Beginning iteration 480
120 segments remain in iteration 480 (120 total)
24 of 24 (100.000000%) active bins are populated
per-bin minimum non-zero probability:       9.37005e-50
per-bin maximum probability:                0.483391
per-bin probability dynamic range (kT):     112.165
per-segment minimum non-zero probability:   1.64687e-50
per-segment maximum non-zero probability:   0.111639
per-segment probability dynamic range (kT): 112.438
norm = 1, error in norm = 2.22045e-16 (1*epsilon)
Iteration wallclock: 0:31:31.206780, cputime: 2:37:59.197256


Fri May 13 04:10:09 2022
Iteration 481 (500 requested)
Beginning iteration 481
120 segments remain in iteration 481 (120 total)
24 of 24 (100.000000%) active bins are populated
per-bin minimum non-zero probability:       6.07631e-50
per-bin maximum probability:                0.36309
per-bin probability dynamic range (kT):     112.312
per-segment minimum non-zero probability:   9.27526e-51
per-segment maximum non-zero probability:   0.111639
per-segment probability dynamic range (kT): 113.012
norm = 1, error in norm = 2.22045e-16 (1*epsilon)
Iteration wallclock: 0:31:17.881973, cputime: 2:38:03.020431


Fri May 13 04:41:27 2022
Iteration 482 (500 requested)
Beginning iteration 482
120 segments remain in iteration 482 (120 total)
24 of 24 (100.000000%) active bins are populated
per-bin minimum non-zero probability:       9.06827e-50
per-bin maximum probability:                0.435259
per-bin probability dynamic range (kT):     112.093
per-segment minimum non-zero probability:   5.63845e-51
per-segment maximum non-zero probability:   0.111639
per-segment probability dynamic range (kT): 113.51
norm = 1, error in norm = 0 (0*epsilon)
Iteration wallclock: 0:31:23.315112, cputime: 2:38:07.119661


Fri May 13 05:12:51 2022
Iteration 483 (500 requested)
Beginning iteration 483
120 segments remain in iteration 483 (120 total)
24 of 24 (100.000000%) active bins are populated
per-bin minimum non-zero probability:       8.53482e-50
per-bin maximum probability:                0.463221
per-bin probability dynamic range (kT):     112.216
per-segment minimum non-zero probability:   1.26582e-50
per-segment maximum non-zero probability:   0.111639
per-segment probability dynamic range (kT): 112.701
norm = 1, error in norm = 0 (0*epsilon)
Iteration wallclock: 0:31:11.553744, cputime: 2:37:56.082324


Fri May 13 05:44:02 2022
Iteration 484 (500 requested)
Beginning iteration 484
120 segments remain in iteration 484 (120 total)
24 of 24 (100.000000%) active bins are populated
per-bin minimum non-zero probability:       1.26582e-50
per-bin maximum probability:                0.368864
per-bin probability dynamic range (kT):     113.896
per-segment minimum non-zero probability:   2.53164e-51
per-segment maximum non-zero probability:   0.111639
per-segment probability dynamic range (kT): 114.31
norm = 1, error in norm = 0 (0*epsilon)
Iteration wallclock: 0:31:14.451807, cputime: 2:37:59.182137


Fri May 13 06:15:17 2022
Iteration 485 (500 requested)
Beginning iteration 485
115 segments remain in iteration 485 (115 total)
23 of 24 (95.833333%) active bins are populated
per-bin minimum non-zero probability:       6.97652e-50
per-bin maximum probability:                0.490706
per-bin probability dynamic range (kT):     112.475
per-segment minimum non-zero probability:   2.53164e-51
per-segment maximum non-zero probability:   0.119866
per-segment probability dynamic range (kT): 114.382
norm = 1, error in norm = 0 (0*epsilon)
Iteration wallclock: 0:29:54.178789, cputime: 2:31:59.486860


Fri May 13 06:45:11 2022
Iteration 486 (500 requested)
Beginning iteration 486
110 segments remain in iteration 486 (110 total)
22 of 24 (91.666667%) active bins are populated
per-bin minimum non-zero probability:       9.94801e-50
per-bin maximum probability:                0.355118
per-bin probability dynamic range (kT):     111.797
per-segment minimum non-zero probability:   9.39742e-51
per-segment maximum non-zero probability:   0.0952805
per-segment probability dynamic range (kT): 112.84
norm = 1, error in norm = -2.22045e-16 (-1*epsilon)
Iteration wallclock: 0:28:08.206076, cputime: 2:24:39.048578


Fri May 13 07:13:20 2022
Iteration 487 (500 requested)
Beginning iteration 487
110 segments remain in iteration 487 (110 total)
22 of 24 (91.666667%) active bins are populated
per-bin minimum non-zero probability:       4.31216e-50
per-bin maximum probability:                0.288745
per-bin probability dynamic range (kT):     112.426
per-segment minimum non-zero probability:   8.43106e-51
per-segment maximum non-zero probability:   0.0927066
per-segment probability dynamic range (kT): 112.922
norm = 1, error in norm = -1.11022e-16 (-0.5*epsilon)
Iteration wallclock: 0:28:38.970336, cputime: 2:25:05.934188


Fri May 13 07:41:59 2022
Iteration 488 (500 requested)
Beginning iteration 488
105 segments remain in iteration 488 (105 total)
21 of 24 (87.500000%) active bins are populated
per-bin minimum non-zero probability:       8.43106e-51
per-bin maximum probability:                0.405265
per-bin probability dynamic range (kT):     114.397
per-segment minimum non-zero probability:   1.68621e-51
per-segment maximum non-zero probability:   0.0927972
per-segment probability dynamic range (kT): 114.532
norm = 1, error in norm = 0 (0*epsilon)
Iteration wallclock: 0:27:11.594924, cputime: 2:18:51.171457


Fri May 13 08:09:11 2022
Iteration 489 (500 requested)
Beginning iteration 489
120 segments remain in iteration 489 (120 total)
24 of 24 (100.000000%) active bins are populated
per-bin minimum non-zero probability:       2.63897e-50
per-bin maximum probability:                0.293413
per-bin probability dynamic range (kT):     112.933
per-segment minimum non-zero probability:   3.37242e-51
per-segment maximum non-zero probability:   0.0927066
per-segment probability dynamic range (kT): 113.838
norm = 1, error in norm = 0 (0*epsilon)
Iteration wallclock: 0:31:02.775031, cputime: 2:38:20.887184


Fri May 13 08:40:14 2022
Iteration 490 (500 requested)
Beginning iteration 490
120 segments remain in iteration 490 (120 total)
24 of 24 (100.000000%) active bins are populated
per-bin minimum non-zero probability:       4.86674e-50
per-bin maximum probability:                0.338776
per-bin probability dynamic range (kT):     112.464
per-segment minimum non-zero probability:   6.74485e-51
per-segment maximum non-zero probability:   0.0877721
per-segment probability dynamic range (kT): 113.09
norm = 1, error in norm = 0 (0*epsilon)
Iteration wallclock: 0:31:18.299844, cputime: 2:38:13.991817


Fri May 13 09:11:32 2022
Iteration 491 (500 requested)
Beginning iteration 491
120 segments remain in iteration 491 (120 total)
24 of 24 (100.000000%) active bins are populated
per-bin minimum non-zero probability:       1.75077e-50
per-bin maximum probability:                0.446763
per-bin probability dynamic range (kT):     113.763
per-segment minimum non-zero probability:   2.4398e-51
per-segment maximum non-zero probability:   0.122862
per-segment probability dynamic range (kT): 114.443
norm = 1, error in norm = 0 (0*epsilon)
Iteration wallclock: 0:31:38.481513, cputime: 2:38:12.396635


Fri May 13 09:43:11 2022
Iteration 492 (500 requested)
Beginning iteration 492
120 segments remain in iteration 492 (120 total)
24 of 24 (100.000000%) active bins are populated
per-bin minimum non-zero probability:       2.00116e-50
per-bin maximum probability:                0.336593
per-bin probability dynamic range (kT):     113.347
per-segment minimum non-zero probability:   3.30486e-51
per-segment maximum non-zero probability:   0.0799108
per-segment probability dynamic range (kT): 113.71
norm = 1, error in norm = 0 (0*epsilon)
Iteration wallclock: 0:31:06.906298, cputime: 2:38:10.386995


Fri May 13 10:14:19 2022
Iteration 493 (500 requested)
Beginning iteration 493
120 segments remain in iteration 493 (120 total)
24 of 24 (100.000000%) active bins are populated
per-bin minimum non-zero probability:       1.13089e-50
per-bin maximum probability:                0.34838
per-bin probability dynamic range (kT):     113.952
per-segment minimum non-zero probability:   2.00102e-51
per-segment maximum non-zero probability:   0.0934479
per-segment probability dynamic range (kT): 114.368
norm = 1, error in norm = 0 (0*epsilon)
Iteration wallclock: 0:31:33.726634, cputime: 2:38:21.226459


Fri May 13 10:45:53 2022
Iteration 494 (500 requested)
Beginning iteration 494
115 segments remain in iteration 494 (115 total)
23 of 24 (95.833333%) active bins are populated
per-bin minimum non-zero probability:       1.09052e-50
per-bin maximum probability:                0.533895
per-bin probability dynamic range (kT):     114.415
per-segment minimum non-zero probability:   1.69804e-51
per-segment maximum non-zero probability:   0.14195
per-segment probability dynamic range (kT): 114.95
norm = 1, error in norm = 0 (0*epsilon)
Iteration wallclock: 0:30:50.238751, cputime: 2:32:02.467497


Fri May 13 11:16:43 2022
Iteration 495 (500 requested)
Beginning iteration 495
120 segments remain in iteration 495 (120 total)
24 of 24 (100.000000%) active bins are populated
per-bin minimum non-zero probability:       2.20324e-51
per-bin maximum probability:                0.318032
per-bin probability dynamic range (kT):     115.496
per-segment minimum non-zero probability:   4.40647e-52
per-segment maximum non-zero probability:   0.102774
per-segment probability dynamic range (kT): 115.976
norm = 1, error in norm = 0 (0*epsilon)
Iteration wallclock: 0:31:55.639436, cputime: 2:38:06.034576


Fri May 13 11:48:39 2022
Iteration 496 (500 requested)
Beginning iteration 496
120 segments remain in iteration 496 (120 total)
24 of 24 (100.000000%) active bins are populated
per-bin minimum non-zero probability:       1.81947e-50
per-bin maximum probability:                0.479482
per-bin probability dynamic range (kT):     113.796
per-segment minimum non-zero probability:   2.83742e-51
per-segment maximum non-zero probability:   0.134965
per-segment probability dynamic range (kT): 114.386
norm = 1, error in norm = 0 (0*epsilon)
Iteration wallclock: 0:29:07.182439, cputime: 2:38:25.388875


Fri May 13 12:17:46 2022
Iteration 497 (500 requested)
Beginning iteration 497
110 segments remain in iteration 497 (110 total)
22 of 24 (91.666667%) active bins are populated
per-bin minimum non-zero probability:       1.005e-50
per-bin maximum probability:                0.359124
per-bin probability dynamic range (kT):     114.1
per-segment minimum non-zero probability:   1.69298e-51
per-segment maximum non-zero probability:   0.0946336
per-segment probability dynamic range (kT): 114.548
norm = 1, error in norm = -1.11022e-16 (-0.5*epsilon)
Iteration wallclock: 0:26:47.178640, cputime: 2:25:17.854140


Fri May 13 12:44:33 2022
Iteration 498 (500 requested)
Beginning iteration 498
115 segments remain in iteration 498 (115 total)
23 of 24 (95.833333%) active bins are populated
per-bin minimum non-zero probability:       1.17538e-50
per-bin maximum probability:                0.393875
per-bin probability dynamic range (kT):     114.036
per-segment minimum non-zero probability:   2.01217e-51
per-segment maximum non-zero probability:   0.0949345
per-segment probability dynamic range (kT): 114.378
norm = 1, error in norm = -2.22045e-16 (-1*epsilon)
Iteration wallclock: 0:28:16.558365, cputime: 2:32:12.233282


Fri May 13 13:12:50 2022
Iteration 499 (500 requested)
Beginning iteration 499
115 segments remain in iteration 499 (115 total)
23 of 24 (95.833333%) active bins are populated
per-bin minimum non-zero probability:       4.02433e-51
per-bin maximum probability:                0.377596
per-bin probability dynamic range (kT):     115.066
per-segment minimum non-zero probability:   6.70722e-52
per-segment maximum non-zero probability:   0.0949345
per-segment probability dynamic range (kT): 115.477
norm = 1, error in norm = -1.11022e-16 (-0.5*epsilon)
Iteration wallclock: 0:28:22.357664, cputime: 2:32:12.080629


Fri May 13 13:41:12 2022
Iteration 500 (500 requested)
Beginning iteration 500
115 segments remain in iteration 500 (115 total)
23 of 24 (95.833333%) active bins are populated
per-bin minimum non-zero probability:       4.49656e-51
per-bin maximum probability:                0.525749
per-bin probability dynamic range (kT):     115.286
per-segment minimum non-zero probability:   8.99313e-52
per-segment maximum non-zero probability:   0.132277
per-segment probability dynamic range (kT): 115.515
norm = 1, error in norm = 2.22045e-16 (1*epsilon)
Iteration wallclock: 0:28:22.513199, cputime: 2:32:11.027087


Fri May 13 14:09:35 2022
WEST run complete.
