System is being built only off of the system driver
Maximum wallclock time: 2 days, 22:00:00

Fri Aug 12 12:40:39 2022
Iteration 501 (600 requested)
Beginning iteration 501
120 segments remain in iteration 501 (120 total)
24 of 24 (100.000000%) active bins are populated
per-bin minimum non-zero probability:       9.46215e-51
per-bin maximum probability:                0.392354
per-bin probability dynamic range (kT):     114.249
per-segment minimum non-zero probability:   1.65701e-51
per-segment maximum non-zero probability:   0.132277
per-segment probability dynamic range (kT): 114.904
norm = 1, error in norm = 0 (0*epsilon)
Iteration wallclock: 0:25:37.208133, cputime: 2:18:24.792786


Fri Aug 12 13:06:16 2022
Iteration 502 (600 requested)
Beginning iteration 502
115 segments remain in iteration 502 (115 total)
23 of 24 (95.833333%) active bins are populated
per-bin minimum non-zero probability:       5.95493e-51
per-bin maximum probability:                0.405072
per-bin probability dynamic range (kT):     114.744
per-segment minimum non-zero probability:   1.19099e-51
per-segment maximum non-zero probability:   0.132277
per-segment probability dynamic range (kT): 115.234
norm = 1, error in norm = -1.11022e-16 (-0.5*epsilon)
Iteration wallclock: 0:22:38.808891, cputime: 2:12:41.084139


Fri Aug 12 13:28:55 2022
Iteration 503 (600 requested)
Beginning iteration 503
120 segments remain in iteration 503 (120 total)
24 of 24 (100.000000%) active bins are populated
per-bin minimum non-zero probability:       1.19099e-51
per-bin maximum probability:                0.468644
per-bin probability dynamic range (kT):     116.499
per-segment minimum non-zero probability:   2.38197e-52
per-segment maximum non-zero probability:   0.132277
per-segment probability dynamic range (kT): 116.844
norm = 1, error in norm = 0 (0*epsilon)
Iteration wallclock: 0:23:48.398864, cputime: 2:18:23.802072


Fri Aug 12 13:52:44 2022
Iteration 504 (600 requested)
Beginning iteration 504
120 segments remain in iteration 504 (120 total)
24 of 24 (100.000000%) active bins are populated
per-bin minimum non-zero probability:       5.61355e-51
per-bin maximum probability:                0.404665
per-bin probability dynamic range (kT):     114.802
per-segment minimum non-zero probability:   8.43106e-52
per-segment maximum non-zero probability:   0.132277
per-segment probability dynamic range (kT): 115.58
norm = 1, error in norm = 0 (0*epsilon)
Iteration wallclock: 0:23:51.342808, cputime: 2:18:29.941513


Fri Aug 12 14:16:35 2022
Iteration 505 (600 requested)
Beginning iteration 505
115 segments remain in iteration 505 (115 total)
23 of 24 (95.833333%) active bins are populated
per-bin minimum non-zero probability:       8.33323e-51
per-bin maximum probability:                0.376612
per-bin probability dynamic range (kT):     114.335
per-segment minimum non-zero probability:   1.18759e-51
per-segment maximum non-zero probability:   0.132277
per-segment probability dynamic range (kT): 115.237
norm = 1, error in norm = 0 (0*epsilon)
Iteration wallclock: 0:22:33.534891, cputime: 2:12:43.386809


Fri Aug 12 14:39:08 2022
Iteration 506 (600 requested)
Beginning iteration 506
115 segments remain in iteration 506 (115 total)
23 of 24 (95.833333%) active bins are populated
per-bin minimum non-zero probability:       2.55328e-51
per-bin maximum probability:                0.315702
per-bin probability dynamic range (kT):     115.342
per-segment minimum non-zero probability:   5.10655e-52
per-segment maximum non-zero probability:   0.0931237
per-segment probability dynamic range (kT): 115.73
norm = 1, error in norm = 0 (0*epsilon)
Iteration wallclock: 0:22:37.786824, cputime: 2:12:42.487519


Fri Aug 12 15:01:46 2022
Iteration 507 (600 requested)
Beginning iteration 507
120 segments remain in iteration 507 (120 total)
24 of 24 (100.000000%) active bins are populated
per-bin minimum non-zero probability:       4.99121e-51
per-bin maximum probability:                0.365012
per-bin probability dynamic range (kT):     114.816
per-segment minimum non-zero probability:   8.9611e-52
per-segment maximum non-zero probability:   0.091409
per-segment probability dynamic range (kT): 115.149
norm = 1, error in norm = 0 (0*epsilon)
Iteration wallclock: 0:23:52.231265, cputime: 2:18:35.808619


Fri Aug 12 15:25:39 2022
Iteration 508 (600 requested)
Beginning iteration 508
120 segments remain in iteration 508 (120 total)
24 of 24 (100.000000%) active bins are populated
per-bin minimum non-zero probability:       5.00092e-51
per-bin maximum probability:                0.364967
per-bin probability dynamic range (kT):     114.814
per-segment minimum non-zero probability:   8.20148e-52
per-segment maximum non-zero probability:   0.0879323
per-segment probability dynamic range (kT): 115.199
norm = 1, error in norm = 0 (0*epsilon)
Iteration wallclock: 0:23:49.566288, cputime: 2:18:26.084112


Fri Aug 12 15:49:28 2022
Iteration 509 (600 requested)
Beginning iteration 509
120 segments remain in iteration 509 (120 total)
24 of 24 (100.000000%) active bins are populated
per-bin minimum non-zero probability:       6.96051e-51
per-bin maximum probability:                0.273299
per-bin probability dynamic range (kT):     114.194
per-segment minimum non-zero probability:   8.20148e-52
per-segment maximum non-zero probability:   0.0697027
per-segment probability dynamic range (kT): 114.967
norm = 1, error in norm = 0 (0*epsilon)
Iteration wallclock: 0:24:01.850269, cputime: 2:18:43.531432


Fri Aug 12 16:13:30 2022
Iteration 510 (600 requested)
Beginning iteration 510
120 segments remain in iteration 510 (120 total)
24 of 24 (100.000000%) active bins are populated
per-bin minimum non-zero probability:       3.29346e-51
per-bin maximum probability:                0.382675
per-bin probability dynamic range (kT):     115.279
per-segment minimum non-zero probability:   6.58692e-52
per-segment maximum non-zero probability:   0.0991768
per-segment probability dynamic range (kT): 115.538
norm = 1, error in norm = 0 (0*epsilon)
Iteration wallclock: 0:23:49.830631, cputime: 2:18:40.705894


Fri Aug 12 16:37:20 2022
Iteration 511 (600 requested)
Beginning iteration 511
120 segments remain in iteration 511 (120 total)
24 of 24 (100.000000%) active bins are populated
per-bin minimum non-zero probability:       3.45305e-51
per-bin maximum probability:                0.375787
per-bin probability dynamic range (kT):     115.214
per-segment minimum non-zero probability:   5.6207e-52
per-segment maximum non-zero probability:   0.0991768
per-segment probability dynamic range (kT): 115.697
norm = 1, error in norm = 2.22045e-16 (1*epsilon)
Iteration wallclock: 0:23:53.423022, cputime: 2:18:34.372212


Fri Aug 12 17:01:13 2022
Iteration 512 (600 requested)
Beginning iteration 512
120 segments remain in iteration 512 (120 total)
24 of 24 (100.000000%) active bins are populated
per-bin minimum non-zero probability:       3.38224e-51
per-bin maximum probability:                0.295516
per-bin probability dynamic range (kT):     114.994
per-segment minimum non-zero probability:   5.6207e-52
per-segment maximum non-zero probability:   0.085478
per-segment probability dynamic range (kT): 115.548
norm = 1, error in norm = 0 (0*epsilon)
Iteration wallclock: 0:23:54.046968, cputime: 2:18:38.698919


Fri Aug 12 17:25:07 2022
Iteration 513 (600 requested)
Beginning iteration 513
120 segments remain in iteration 513 (120 total)
24 of 24 (100.000000%) active bins are populated
per-bin minimum non-zero probability:       4.483e-51
per-bin maximum probability:                0.473224
per-bin probability dynamic range (kT):     115.183
per-segment minimum non-zero probability:   7.58032e-52
per-segment maximum non-zero probability:   0.129727
per-segment probability dynamic range (kT): 115.667
norm = 1, error in norm = 0 (0*epsilon)
Iteration wallclock: 0:23:52.403020, cputime: 2:18:49.414184


Fri Aug 12 17:49:00 2022
Iteration 514 (600 requested)
Beginning iteration 514
115 segments remain in iteration 514 (115 total)
23 of 24 (95.833333%) active bins are populated
per-bin minimum non-zero probability:       8.20148e-52
per-bin maximum probability:                0.375564
per-bin probability dynamic range (kT):     116.651
per-segment minimum non-zero probability:   1.6403e-52
per-segment maximum non-zero probability:   0.129727
per-segment probability dynamic range (kT): 117.197
norm = 1, error in norm = 0 (0*epsilon)
Iteration wallclock: 0:22:46.073913, cputime: 2:13:11.818013


Fri Aug 12 18:11:46 2022
Iteration 515 (600 requested)
Beginning iteration 515
110 segments remain in iteration 515 (110 total)
22 of 24 (91.666667%) active bins are populated
per-bin minimum non-zero probability:       4.1461e-51
per-bin maximum probability:                0.343954
per-bin probability dynamic range (kT):     114.942
per-segment minimum non-zero probability:   5.66772e-52
per-segment maximum non-zero probability:   0.0855541
per-segment probability dynamic range (kT): 115.541
norm = 1, error in norm = 0 (0*epsilon)
Iteration wallclock: 0:22:06.619705, cputime: 2:07:17.965885


Fri Aug 12 18:33:52 2022
Iteration 516 (600 requested)
Beginning iteration 516
115 segments remain in iteration 516 (115 total)
23 of 24 (95.833333%) active bins are populated
per-bin minimum non-zero probability:       2.8019e-51
per-bin maximum probability:                0.344025
per-bin probability dynamic range (kT):     115.335
per-segment minimum non-zero probability:   4.66983e-52
per-segment maximum non-zero probability:   0.0855541
per-segment probability dynamic range (kT): 115.735
norm = 1, error in norm = 2.22045e-16 (1*epsilon)
Iteration wallclock: 0:22:39.505537, cputime: 2:12:58.600536


Fri Aug 12 18:56:32 2022
Iteration 517 (600 requested)
Beginning iteration 517
120 segments remain in iteration 517 (120 total)
24 of 24 (100.000000%) active bins are populated
per-bin minimum non-zero probability:       3.55117e-51
per-bin maximum probability:                0.36594
per-bin probability dynamic range (kT):     115.159
per-segment minimum non-zero probability:   6.33907e-52
per-segment maximum non-zero probability:   0.102008
per-segment probability dynamic range (kT): 115.605
norm = 1, error in norm = 0 (0*epsilon)
Iteration wallclock: 0:23:51.266761, cputime: 2:18:45.781840


Fri Aug 12 19:20:23 2022
Iteration 518 (600 requested)
Beginning iteration 518
120 segments remain in iteration 518 (120 total)
24 of 24 (100.000000%) active bins are populated
per-bin minimum non-zero probability:       3.71735e-51
per-bin maximum probability:                0.396423
per-bin probability dynamic range (kT):     115.194
per-segment minimum non-zero probability:   6.78076e-52
per-segment maximum non-zero probability:   0.115794
per-segment probability dynamic range (kT): 115.664
norm = 1, error in norm = 0 (0*epsilon)
Iteration wallclock: 0:23:51.782059, cputime: 2:18:38.318531


Fri Aug 12 19:44:15 2022
Iteration 519 (600 requested)
Beginning iteration 519
115 segments remain in iteration 519 (115 total)
23 of 24 (95.833333%) active bins are populated
per-bin minimum non-zero probability:       1.42454e-51
per-bin maximum probability:                0.380266
per-bin probability dynamic range (kT):     116.111
per-segment minimum non-zero probability:   2.33923e-52
per-segment maximum non-zero probability:   0.0970431
per-segment probability dynamic range (kT): 116.552
norm = 1, error in norm = 0 (0*epsilon)
Iteration wallclock: 0:22:40.049479, cputime: 2:12:49.548507


Fri Aug 12 20:06:55 2022
Iteration 520 (600 requested)
Beginning iteration 520
120 segments remain in iteration 520 (120 total)
24 of 24 (100.000000%) active bins are populated
per-bin minimum non-zero probability:       7.0877e-52
per-bin maximum probability:                0.395421
per-bin probability dynamic range (kT):     116.848
per-segment minimum non-zero probability:   1.16962e-52
per-segment maximum non-zero probability:   0.108901
per-segment probability dynamic range (kT): 117.36
norm = 1, error in norm = 0 (0*epsilon)
Iteration wallclock: 0:23:53.317638, cputime: 2:18:40.642080


Fri Aug 12 20:30:48 2022
Iteration 521 (600 requested)
Beginning iteration 521
120 segments remain in iteration 521 (120 total)
24 of 24 (100.000000%) active bins are populated
per-bin minimum non-zero probability:       1.13705e-51
per-bin maximum probability:                0.37577
per-bin probability dynamic range (kT):     116.325
per-segment minimum non-zero probability:   2.07277e-52
per-segment maximum non-zero probability:   0.114358
per-segment probability dynamic range (kT): 116.837
norm = 1, error in norm = 0 (0*epsilon)
Iteration wallclock: 0:23:51.253922, cputime: 2:18:40.561928


Fri Aug 12 20:54:40 2022
Iteration 522 (600 requested)
Beginning iteration 522
120 segments remain in iteration 522 (120 total)
24 of 24 (100.000000%) active bins are populated
per-bin minimum non-zero probability:       6.62096e-52
per-bin maximum probability:                0.371508
per-bin probability dynamic range (kT):     116.854
per-segment minimum non-zero probability:   1.13705e-52
per-segment maximum non-zero probability:   0.115344
per-segment probability dynamic range (kT): 117.446
norm = 1, error in norm = 0 (0*epsilon)
Iteration wallclock: 0:23:48.446988, cputime: 2:18:33.038510


Fri Aug 12 21:18:28 2022
Iteration 523 (600 requested)
Beginning iteration 523
120 segments remain in iteration 523 (120 total)
24 of 24 (100.000000%) active bins are populated
per-bin minimum non-zero probability:       2.2741e-52
per-bin maximum probability:                0.610761
per-bin probability dynamic range (kT):     118.42
per-segment minimum non-zero probability:   3.79016e-53
per-segment maximum non-zero probability:   0.159318
per-segment probability dynamic range (kT): 118.868
norm = 1, error in norm = 0 (0*epsilon)
Iteration wallclock: 0:23:50.434333, cputime: 2:18:22.060380


Fri Aug 12 21:42:18 2022
Iteration 524 (600 requested)
Beginning iteration 524
115 segments remain in iteration 524 (115 total)
23 of 24 (95.833333%) active bins are populated
per-bin minimum non-zero probability:       7.84491e-52
per-bin maximum probability:                0.289981
per-bin probability dynamic range (kT):     116.437
per-segment minimum non-zero probability:   1.41738e-52
per-segment maximum non-zero probability:   0.114358
per-segment probability dynamic range (kT): 117.217
norm = 1, error in norm = 0 (0*epsilon)
Iteration wallclock: 0:22:38.954633, cputime: 2:12:46.787535


Fri Aug 12 22:04:57 2022
Iteration 525 (600 requested)
Beginning iteration 525
115 segments remain in iteration 525 (115 total)
23 of 24 (95.833333%) active bins are populated
per-bin minimum non-zero probability:       1.83242e-51
per-bin maximum probability:                0.441305
per-bin probability dynamic range (kT):     116.008
per-segment minimum non-zero probability:   2.8719e-52
per-segment maximum non-zero probability:   0.114358
per-segment probability dynamic range (kT): 116.511
norm = 1, error in norm = 2.22045e-16 (1*epsilon)
Iteration wallclock: 0:22:37.543590, cputime: 2:12:45.390890


Fri Aug 12 22:27:35 2022
Iteration 526 (600 requested)
Beginning iteration 526
120 segments remain in iteration 526 (120 total)
24 of 24 (100.000000%) active bins are populated
per-bin minimum non-zero probability:       3.93548e-52
per-bin maximum probability:                0.445677
per-bin probability dynamic range (kT):     117.556
per-segment minimum non-zero probability:   7.87096e-53
per-segment maximum non-zero probability:   0.121497
per-segment probability dynamic range (kT): 117.866
norm = 1, error in norm = 0 (0*epsilon)
Iteration wallclock: 0:23:56.476075, cputime: 2:18:39.007282


Fri Aug 12 22:51:31 2022
Iteration 527 (600 requested)
Beginning iteration 527
120 segments remain in iteration 527 (120 total)
24 of 24 (100.000000%) active bins are populated
per-bin minimum non-zero probability:       3.36332e-52
per-bin maximum probability:                0.509346
per-bin probability dynamic range (kT):     117.847
per-segment minimum non-zero probability:   5.01016e-53
per-segment maximum non-zero probability:   0.135717
per-segment probability dynamic range (kT): 118.428
norm = 1, error in norm = 0 (0*epsilon)
Iteration wallclock: 0:23:51.931453, cputime: 2:18:39.206250


Fri Aug 12 23:15:23 2022
Iteration 528 (600 requested)
Beginning iteration 528
120 segments remain in iteration 528 (120 total)
24 of 24 (100.000000%) active bins are populated
per-bin minimum non-zero probability:       6.45016e-52
per-bin maximum probability:                0.325816
per-bin probability dynamic range (kT):     116.749
per-segment minimum non-zero probability:   2.6118e-53
per-segment maximum non-zero probability:   0.0882208
per-segment probability dynamic range (kT): 118.649
norm = 1, error in norm = 0 (0*epsilon)
Iteration wallclock: 0:23:57.771649, cputime: 2:18:44.117738


Fri Aug 12 23:39:21 2022
Iteration 529 (600 requested)
Beginning iteration 529
120 segments remain in iteration 529 (120 total)
24 of 24 (100.000000%) active bins are populated
per-bin minimum non-zero probability:       1.0613e-51
per-bin maximum probability:                0.360522
per-bin probability dynamic range (kT):     116.352
per-segment minimum non-zero probability:   1.77911e-52
per-segment maximum non-zero probability:   0.0882208
per-segment probability dynamic range (kT): 116.73
norm = 1, error in norm = 0 (0*epsilon)
Iteration wallclock: 0:23:49.195640, cputime: 2:18:42.065107


Sat Aug 13 00:03:10 2022
Iteration 530 (600 requested)
Beginning iteration 530
120 segments remain in iteration 530 (120 total)
24 of 24 (100.000000%) active bins are populated
per-bin minimum non-zero probability:       1.77911e-52
per-bin maximum probability:                0.425094
per-bin probability dynamic range (kT):     118.303
per-segment minimum non-zero probability:   3.55821e-53
per-segment maximum non-zero probability:   0.120142
per-segment probability dynamic range (kT): 118.649
norm = 1, error in norm = 0 (0*epsilon)
Iteration wallclock: 0:23:51.187560, cputime: 2:18:37.635180


Sat Aug 13 00:27:02 2022
Iteration 531 (600 requested)
Beginning iteration 531
120 segments remain in iteration 531 (120 total)
24 of 24 (100.000000%) active bins are populated
per-bin minimum non-zero probability:       4.00401e-52
per-bin maximum probability:                0.343439
per-bin probability dynamic range (kT):     117.278
per-segment minimum non-zero probability:   8.00802e-53
per-segment maximum non-zero probability:   0.0877236
per-segment probability dynamic range (kT): 117.523
norm = 1, error in norm = 0 (0*epsilon)
Iteration wallclock: 0:23:48.416375, cputime: 2:18:38.899078


Sat Aug 13 00:50:50 2022
Iteration 532 (600 requested)
Beginning iteration 532
120 segments remain in iteration 532 (120 total)
24 of 24 (100.000000%) active bins are populated
per-bin minimum non-zero probability:       4.52637e-52
per-bin maximum probability:                0.339571
per-bin probability dynamic range (kT):     117.144
per-segment minimum non-zero probability:   9.05274e-53
per-segment maximum non-zero probability:   0.0978941
per-segment probability dynamic range (kT): 117.51
norm = 1, error in norm = 0 (0*epsilon)
Iteration wallclock: 0:23:52.260987, cputime: 2:18:46.458302


Sat Aug 13 01:14:42 2022
Iteration 533 (600 requested)
Beginning iteration 533
120 segments remain in iteration 533 (120 total)
24 of 24 (100.000000%) active bins are populated
per-bin minimum non-zero probability:       9.05274e-53
per-bin maximum probability:                0.297786
per-bin probability dynamic range (kT):     118.623
per-segment minimum non-zero probability:   1.81055e-53
per-segment maximum non-zero probability:   0.0978941
per-segment probability dynamic range (kT): 119.12
norm = 1, error in norm = -2.22045e-16 (-1*epsilon)
Iteration wallclock: 0:23:51.127809, cputime: 2:18:43.299892


Sat Aug 13 01:38:33 2022
Iteration 534 (600 requested)
Beginning iteration 534
110 segments remain in iteration 534 (110 total)
22 of 24 (91.666667%) active bins are populated
per-bin minimum non-zero probability:       2.66934e-52
per-bin maximum probability:                0.448436
per-bin probability dynamic range (kT):     117.951
per-segment minimum non-zero probability:   5.33868e-53
per-segment maximum non-zero probability:   0.113053
per-segment probability dynamic range (kT): 118.182
norm = 1, error in norm = 0 (0*epsilon)
Iteration wallclock: 0:21:59.420602, cputime: 2:07:08.757550


Sat Aug 13 02:00:33 2022
Iteration 535 (600 requested)
Beginning iteration 535
120 segments remain in iteration 535 (120 total)
24 of 24 (100.000000%) active bins are populated
per-bin minimum non-zero probability:       1.6109e-52
per-bin maximum probability:                0.42345
per-bin probability dynamic range (kT):     118.398
per-segment minimum non-zero probability:   2.66934e-53
per-segment maximum non-zero probability:   0.113053
per-segment probability dynamic range (kT): 118.875
norm = 1, error in norm = 0 (0*epsilon)
Iteration wallclock: 0:23:52.748554, cputime: 2:18:47.600897


Sat Aug 13 02:24:25 2022
Iteration 536 (600 requested)
Beginning iteration 536
120 segments remain in iteration 536 (120 total)
24 of 24 (100.000000%) active bins are populated
per-bin minimum non-zero probability:       1.30361e-52
per-bin maximum probability:                0.487019
per-bin probability dynamic range (kT):     118.75
per-segment minimum non-zero probability:   2.17268e-53
per-segment maximum non-zero probability:   0.113866
per-segment probability dynamic range (kT): 119.088
norm = 1, error in norm = 0 (0*epsilon)
Iteration wallclock: 0:23:52.519074, cputime: 2:18:48.659557


Sat Aug 13 02:48:18 2022
Iteration 537 (600 requested)
Beginning iteration 537
120 segments remain in iteration 537 (120 total)
24 of 24 (100.000000%) active bins are populated
per-bin minimum non-zero probability:       2.90327e-52
per-bin maximum probability:                0.361397
per-bin probability dynamic range (kT):     117.651
per-segment minimum non-zero probability:   5.77063e-53
per-segment maximum non-zero probability:   0.113866
per-segment probability dynamic range (kT): 118.111
norm = 1, error in norm = -1.11022e-16 (-0.5*epsilon)
Iteration wallclock: 0:23:55.687187, cputime: 2:18:40.376119


Sat Aug 13 03:12:14 2022
Iteration 538 (600 requested)
Beginning iteration 538
115 segments remain in iteration 538 (115 total)
23 of 24 (95.833333%) active bins are populated
per-bin minimum non-zero probability:       2.84893e-52
per-bin maximum probability:                0.420233
per-bin probability dynamic range (kT):     117.821
per-segment minimum non-zero probability:   4.34536e-53
per-segment maximum non-zero probability:   0.113866
per-segment probability dynamic range (kT): 118.395
norm = 1, error in norm = -1.11022e-16 (-0.5*epsilon)
Iteration wallclock: 0:22:42.265318, cputime: 2:13:05.494134


Sat Aug 13 03:34:56 2022
Iteration 539 (600 requested)
Beginning iteration 539
120 segments remain in iteration 539 (120 total)
24 of 24 (100.000000%) active bins are populated
per-bin minimum non-zero probability:       3.24013e-52
per-bin maximum probability:                0.365851
per-bin probability dynamic range (kT):     117.553
per-segment minimum non-zero probability:   4.34536e-53
per-segment maximum non-zero probability:   0.113866
per-segment probability dynamic range (kT): 118.395
norm = 1, error in norm = 0 (0*epsilon)
Iteration wallclock: 0:23:52.969542, cputime: 2:18:39.157114


Sat Aug 13 03:58:49 2022
Iteration 540 (600 requested)
Beginning iteration 540
120 segments remain in iteration 540 (120 total)
24 of 24 (100.000000%) active bins are populated
per-bin minimum non-zero probability:       5.77063e-53
per-bin maximum probability:                0.257685
per-bin probability dynamic range (kT):     118.928
per-segment minimum non-zero probability:   1.15413e-53
per-segment maximum non-zero probability:   0.0753685
per-segment probability dynamic range (kT): 119.308
norm = 1, error in norm = 0 (0*epsilon)
Iteration wallclock: 0:23:48.655509, cputime: 2:18:25.732581


Sat Aug 13 04:22:38 2022
Iteration 541 (600 requested)
Beginning iteration 541
120 segments remain in iteration 541 (120 total)
24 of 24 (100.000000%) active bins are populated
per-bin minimum non-zero probability:       2.58676e-52
per-bin maximum probability:                0.362123
per-bin probability dynamic range (kT):     117.768
per-segment minimum non-zero probability:   4.71186e-53
per-segment maximum non-zero probability:   0.1004
per-segment probability dynamic range (kT): 118.188
norm = 1, error in norm = -2.22045e-16 (-1*epsilon)
Iteration wallclock: 0:23:47.075275, cputime: 2:18:24.825374


Sat Aug 13 04:46:25 2022
Iteration 542 (600 requested)
Beginning iteration 542
115 segments remain in iteration 542 (115 total)
23 of 24 (95.833333%) active bins are populated
per-bin minimum non-zero probability:       4.71186e-53
per-bin maximum probability:                0.287578
per-bin probability dynamic range (kT):     119.241
per-segment minimum non-zero probability:   9.42372e-54
per-segment maximum non-zero probability:   0.0823129
per-segment probability dynamic range (kT): 119.599
norm = 1, error in norm = 0 (0*epsilon)
Iteration wallclock: 0:22:37.172854, cputime: 2:12:43.084192


Sat Aug 13 05:09:02 2022
Iteration 543 (600 requested)
Beginning iteration 543
120 segments remain in iteration 543 (120 total)
24 of 24 (100.000000%) active bins are populated
per-bin minimum non-zero probability:       9.42372e-54
per-bin maximum probability:                0.308561
per-bin probability dynamic range (kT):     120.921
per-segment minimum non-zero probability:   1.88474e-54
per-segment maximum non-zero probability:   0.0832921
per-segment probability dynamic range (kT): 121.22
norm = 1, error in norm = 0 (0*epsilon)
Iteration wallclock: 0:23:52.724871, cputime: 2:18:35.238022


Sat Aug 13 05:32:55 2022
Iteration 544 (600 requested)
Beginning iteration 544
120 segments remain in iteration 544 (120 total)
24 of 24 (100.000000%) active bins are populated
per-bin minimum non-zero probability:       1.88474e-54
per-bin maximum probability:                0.338952
per-bin probability dynamic range (kT):     122.624
per-segment minimum non-zero probability:   3.76949e-55
per-segment maximum non-zero probability:   0.0832921
per-segment probability dynamic range (kT): 122.83
norm = 1, error in norm = 0 (0*epsilon)
Iteration wallclock: 0:23:47.958122, cputime: 2:18:25.229099


Sat Aug 13 05:56:43 2022
Iteration 545 (600 requested)
Beginning iteration 545
120 segments remain in iteration 545 (120 total)
24 of 24 (100.000000%) active bins are populated
per-bin minimum non-zero probability:       8.48149e-53
per-bin maximum probability:                0.431971
per-bin probability dynamic range (kT):     119.06
per-segment minimum non-zero probability:   1.6963e-53
per-segment maximum non-zero probability:   0.13095
per-segment probability dynamic range (kT): 119.476
norm = 1, error in norm = 0 (0*epsilon)
Iteration wallclock: 0:23:50.571754, cputime: 2:18:36.069414


Sat Aug 13 06:20:33 2022
Iteration 546 (600 requested)
Beginning iteration 546
110 segments remain in iteration 546 (110 total)
22 of 24 (91.666667%) active bins are populated
per-bin minimum non-zero probability:       5.05104e-52
per-bin maximum probability:                0.314432
per-bin probability dynamic range (kT):     116.958
per-segment minimum non-zero probability:   1.6963e-53
per-segment maximum non-zero probability:   0.0810157
per-segment probability dynamic range (kT): 118.995
norm = 1, error in norm = 0 (0*epsilon)
Iteration wallclock: 0:22:04.698853, cputime: 2:07:08.271791


Sat Aug 13 06:42:38 2022
Iteration 547 (600 requested)
Beginning iteration 547
115 segments remain in iteration 547 (115 total)
23 of 24 (95.833333%) active bins are populated
per-bin minimum non-zero probability:       3.1123e-52
per-bin maximum probability:                0.383456
per-bin probability dynamic range (kT):     117.641
per-segment minimum non-zero probability:   1.6963e-53
per-segment maximum non-zero probability:   0.101054
per-segment probability dynamic range (kT): 119.216
norm = 1, error in norm = 0 (0*epsilon)
Iteration wallclock: 0:22:38.220820, cputime: 2:12:50.329183


Sat Aug 13 07:05:16 2022
Iteration 548 (600 requested)
Beginning iteration 548
115 segments remain in iteration 548 (115 total)
23 of 24 (95.833333%) active bins are populated
per-bin minimum non-zero probability:       1.93246e-52
per-bin maximum probability:                0.350662
per-bin probability dynamic range (kT):     118.028
per-segment minimum non-zero probability:   3.86492e-53
per-segment maximum non-zero probability:   0.101054
per-segment probability dynamic range (kT): 118.393
norm = 1, error in norm = -1.11022e-16 (-0.5*epsilon)
Iteration wallclock: 0:22:38.950610, cputime: 2:12:52.152566


Sat Aug 13 07:27:55 2022
Iteration 549 (600 requested)
Beginning iteration 549
115 segments remain in iteration 549 (115 total)
23 of 24 (95.833333%) active bins are populated
per-bin minimum non-zero probability:       8.91596e-53
per-bin maximum probability:                0.39459
per-bin probability dynamic range (kT):     118.919
per-segment minimum non-zero probability:   1.28831e-53
per-segment maximum non-zero probability:   0.101054
per-segment probability dynamic range (kT): 119.492
norm = 1, error in norm = -2.22045e-16 (-1*epsilon)
Iteration wallclock: 0:22:41.531183, cputime: 2:12:57.068785


Sat Aug 13 07:50:37 2022
Iteration 550 (600 requested)
Beginning iteration 550
115 segments remain in iteration 550 (115 total)
23 of 24 (95.833333%) active bins are populated
per-bin minimum non-zero probability:       1.05996e-52
per-bin maximum probability:                0.421956
per-bin probability dynamic range (kT):     118.813
per-segment minimum non-zero probability:   1.68368e-53
per-segment maximum non-zero probability:   0.106455
per-segment probability dynamic range (kT): 119.276
norm = 1, error in norm = -1.11022e-16 (-0.5*epsilon)
Iteration wallclock: 0:22:42.620677, cputime: 2:12:56.641233


Sat Aug 13 08:13:19 2022
Iteration 551 (600 requested)
Beginning iteration 551
120 segments remain in iteration 551 (120 total)
24 of 24 (100.000000%) active bins are populated
per-bin minimum non-zero probability:       8.90528e-53
per-bin maximum probability:                0.327742
per-bin probability dynamic range (kT):     118.735
per-segment minimum non-zero probability:   1.44432e-53
per-segment maximum non-zero probability:   0.101054
per-segment probability dynamic range (kT): 119.377
norm = 1, error in norm = 0 (0*epsilon)
Iteration wallclock: 0:23:48.586779, cputime: 2:18:35.656141


Sat Aug 13 08:37:08 2022
Iteration 552 (600 requested)
Beginning iteration 552
120 segments remain in iteration 552 (120 total)
24 of 24 (100.000000%) active bins are populated
per-bin minimum non-zero probability:       7.2216e-53
per-bin maximum probability:                0.533682
per-bin probability dynamic range (kT):     119.432
per-segment minimum non-zero probability:   1.44432e-53
per-segment maximum non-zero probability:   0.147191
per-segment probability dynamic range (kT): 119.753
norm = 1, error in norm = -1.11022e-16 (-0.5*epsilon)
Iteration wallclock: 0:23:50.944160, cputime: 2:18:34.194846


Sat Aug 13 09:00:59 2022
Iteration 553 (600 requested)
Beginning iteration 553
115 segments remain in iteration 553 (115 total)
23 of 24 (95.833333%) active bins are populated
per-bin minimum non-zero probability:       5.77728e-53
per-bin maximum probability:                0.453546
per-bin probability dynamic range (kT):     119.492
per-segment minimum non-zero probability:   7.2216e-54
per-segment maximum non-zero probability:   0.147191
per-segment probability dynamic range (kT): 120.446
norm = 1, error in norm = 0 (0*epsilon)
Iteration wallclock: 0:22:37.796155, cputime: 2:12:56.005790


Sat Aug 13 09:23:37 2022
Iteration 554 (600 requested)
Beginning iteration 554
120 segments remain in iteration 554 (120 total)
24 of 24 (100.000000%) active bins are populated
per-bin minimum non-zero probability:       7.98877e-53
per-bin maximum probability:                0.445723
per-bin probability dynamic range (kT):     119.151
per-segment minimum non-zero probability:   1.32067e-53
per-segment maximum non-zero probability:   0.147191
per-segment probability dynamic range (kT): 119.843
norm = 1, error in norm = 0 (0*epsilon)
Iteration wallclock: 0:23:52.168249, cputime: 2:18:49.868034


Sat Aug 13 09:47:29 2022
Iteration 555 (600 requested)
Beginning iteration 555
115 segments remain in iteration 555 (115 total)
23 of 24 (95.833333%) active bins are populated
per-bin minimum non-zero probability:       1.44432e-53
per-bin maximum probability:                0.343792
per-bin probability dynamic range (kT):     120.602
per-segment minimum non-zero probability:   2.88864e-54
per-segment maximum non-zero probability:   0.0822641
per-segment probability dynamic range (kT): 120.781
norm = 1, error in norm = -1.11022e-16 (-0.5*epsilon)
Iteration wallclock: 0:22:38.060568, cputime: 2:12:54.980793


Sat Aug 13 10:10:07 2022
Iteration 556 (600 requested)
Beginning iteration 556
120 segments remain in iteration 556 (120 total)
24 of 24 (100.000000%) active bins are populated
per-bin minimum non-zero probability:       6.35501e-53
per-bin maximum probability:                0.4904
per-bin probability dynamic range (kT):     119.475
per-segment minimum non-zero probability:   9.6288e-54
per-segment maximum non-zero probability:   0.141363
per-segment probability dynamic range (kT): 120.118
norm = 1, error in norm = 0 (0*epsilon)
Iteration wallclock: 0:23:54.000871, cputime: 2:18:49.114862


Sat Aug 13 10:34:01 2022
Iteration 557 (600 requested)
Beginning iteration 557
115 segments remain in iteration 557 (115 total)
23 of 24 (95.833333%) active bins are populated
per-bin minimum non-zero probability:       3.63487e-53
per-bin maximum probability:                0.345039
per-bin probability dynamic range (kT):     119.682
per-segment minimum non-zero probability:   6.67998e-54
per-segment maximum non-zero probability:   0.117241
per-segment probability dynamic range (kT): 120.297
norm = 1, error in norm = 2.22045e-16 (1*epsilon)
Iteration wallclock: 0:22:35.974316, cputime: 2:12:59.658344


Sat Aug 13 10:56:37 2022
Iteration 558 (600 requested)
Beginning iteration 558
120 segments remain in iteration 558 (120 total)
24 of 24 (100.000000%) active bins are populated
per-bin minimum non-zero probability:       8.24694e-53
per-bin maximum probability:                0.343567
per-bin probability dynamic range (kT):     118.859
per-segment minimum non-zero probability:   6.67998e-54
per-segment maximum non-zero probability:   0.117241
per-segment probability dynamic range (kT): 120.297
norm = 1, error in norm = 0 (0*epsilon)
Iteration wallclock: 0:23:51.695849, cputime: 2:18:45.564263


Sat Aug 13 11:20:28 2022
Iteration 559 (600 requested)
Beginning iteration 559
120 segments remain in iteration 559 (120 total)
24 of 24 (100.000000%) active bins are populated
per-bin minimum non-zero probability:       1.04389e-52
per-bin maximum probability:                0.478627
per-bin probability dynamic range (kT):     118.955
per-segment minimum non-zero probability:   6.67998e-54
per-segment maximum non-zero probability:   0.143988
per-segment probability dynamic range (kT): 120.502
norm = 1, error in norm = 0 (0*epsilon)
Iteration wallclock: 0:23:48.091299, cputime: 2:18:34.696856


Sat Aug 13 11:44:17 2022
Iteration 560 (600 requested)
Beginning iteration 560
120 segments remain in iteration 560 (120 total)
24 of 24 (100.000000%) active bins are populated
per-bin minimum non-zero probability:       9.22342e-53
per-bin maximum probability:                0.440148
per-bin probability dynamic range (kT):     118.995
per-segment minimum non-zero probability:   1.32148e-53
per-segment maximum non-zero probability:   0.143988
per-segment probability dynamic range (kT): 119.82
norm = 1, error in norm = 0 (0*epsilon)
Iteration wallclock: 0:23:50.454449, cputime: 2:18:32.595824


Sat Aug 13 12:08:07 2022
Iteration 561 (600 requested)
Beginning iteration 561
110 segments remain in iteration 561 (110 total)
22 of 24 (91.666667%) active bins are populated
per-bin minimum non-zero probability:       7.86757e-53
per-bin maximum probability:                0.50375
per-bin probability dynamic range (kT):     119.289
per-segment minimum non-zero probability:   1.18031e-53
per-segment maximum non-zero probability:   0.143988
per-segment probability dynamic range (kT): 119.933
norm = 1, error in norm = -3.33067e-16 (-1.5*epsilon)
Iteration wallclock: 0:22:01.296800, cputime: 2:07:01.144022


Sat Aug 13 12:30:08 2022
Iteration 562 (600 requested)
Beginning iteration 562
120 segments remain in iteration 562 (120 total)
24 of 24 (100.000000%) active bins are populated
per-bin minimum non-zero probability:       2.83554e-53
per-bin maximum probability:                0.333964
per-bin probability dynamic range (kT):     119.898
per-segment minimum non-zero probability:   5.67108e-54
per-segment maximum non-zero probability:   0.0894989
per-segment probability dynamic range (kT): 120.191
norm = 1, error in norm = 0 (0*epsilon)
Iteration wallclock: 0:23:50.877665, cputime: 2:18:36.410095


Sat Aug 13 12:53:59 2022
Iteration 563 (600 requested)
Beginning iteration 563
120 segments remain in iteration 563 (120 total)
24 of 24 (100.000000%) active bins are populated
per-bin minimum non-zero probability:       6.64995e-53
per-bin maximum probability:                0.359564
per-bin probability dynamic range (kT):     119.12
per-segment minimum non-zero probability:   1.19728e-53
per-segment maximum non-zero probability:   0.0959923
per-segment probability dynamic range (kT): 119.513
norm = 1, error in norm = 0 (0*epsilon)
Iteration wallclock: 0:23:52.594290, cputime: 2:18:38.070781


Sat Aug 13 13:17:52 2022
Iteration 564 (600 requested)
Beginning iteration 564
120 segments remain in iteration 564 (120 total)
24 of 24 (100.000000%) active bins are populated
per-bin minimum non-zero probability:       1.73392e-53
per-bin maximum probability:                0.348789
per-bin probability dynamic range (kT):     120.433
per-segment minimum non-zero probability:   3.46785e-54
per-segment maximum non-zero probability:   0.0959923
per-segment probability dynamic range (kT): 120.753
norm = 1, error in norm = 0 (0*epsilon)
Iteration wallclock: 0:23:51.230923, cputime: 2:18:37.129055


Sat Aug 13 13:41:43 2022
Iteration 565 (600 requested)
Beginning iteration 565
120 segments remain in iteration 565 (120 total)
24 of 24 (100.000000%) active bins are populated
per-bin minimum non-zero probability:       1.04035e-53
per-bin maximum probability:                0.264209
per-bin probability dynamic range (kT):     120.666
per-segment minimum non-zero probability:   1.73392e-54
per-segment maximum non-zero probability:   0.0715616
per-segment probability dynamic range (kT): 121.152
norm = 1, error in norm = -1.11022e-16 (-0.5*epsilon)
Iteration wallclock: 0:23:50.204385, cputime: 2:18:44.825041


Sat Aug 13 14:05:33 2022
Iteration 566 (600 requested)
Beginning iteration 566
115 segments remain in iteration 566 (115 total)
23 of 24 (95.833333%) active bins are populated
per-bin minimum non-zero probability:       3.99666e-53
per-bin maximum probability:                0.430674
per-bin probability dynamic range (kT):     119.809
per-segment minimum non-zero probability:   6.60618e-54
per-segment maximum non-zero probability:   0.114589
per-segment probability dynamic range (kT): 120.285
norm = 1, error in norm = -1.11022e-16 (-0.5*epsilon)
Iteration wallclock: 0:22:41.398942, cputime: 2:13:00.693985


Sat Aug 13 14:28:15 2022
Iteration 567 (600 requested)
Beginning iteration 567
110 segments remain in iteration 567 (110 total)
22 of 24 (91.666667%) active bins are populated
per-bin minimum non-zero probability:       7.83163e-53
per-bin maximum probability:                0.298458
per-bin probability dynamic range (kT):     118.77
per-segment minimum non-zero probability:   1.33922e-53
per-segment maximum non-zero probability:   0.0767938
per-segment probability dynamic range (kT): 119.178
norm = 1, error in norm = -2.22045e-16 (-1*epsilon)
Iteration wallclock: 0:22:00.965802, cputime: 2:07:21.348461


Sat Aug 13 14:50:16 2022
Iteration 568 (600 requested)
Beginning iteration 568
115 segments remain in iteration 568 (115 total)
23 of 24 (95.833333%) active bins are populated
per-bin minimum non-zero probability:       2.34002e-53
per-bin maximum probability:                0.284699
per-bin probability dynamic range (kT):     119.931
per-segment minimum non-zero probability:   4.68004e-54
per-segment maximum non-zero probability:   0.0690251
per-segment probability dynamic range (kT): 120.123
norm = 1, error in norm = 0 (0*epsilon)
Iteration wallclock: 0:22:43.181630, cputime: 2:13:09.734804


Sat Aug 13 15:12:59 2022
Iteration 569 (600 requested)
Beginning iteration 569
120 segments remain in iteration 569 (120 total)
24 of 24 (100.000000%) active bins are populated
per-bin minimum non-zero probability:       5.96616e-53
per-bin maximum probability:                0.345494
per-bin probability dynamic range (kT):     119.188
per-segment minimum non-zero probability:   9.92888e-54
per-segment maximum non-zero probability:   0.0958172
per-segment probability dynamic range (kT): 119.699
norm = 1, error in norm = 0 (0*epsilon)
Iteration wallclock: 0:23:58.123028, cputime: 2:18:49.042336


Sat Aug 13 15:36:57 2022
Iteration 570 (600 requested)
Beginning iteration 570
120 segments remain in iteration 570 (120 total)
24 of 24 (100.000000%) active bins are populated
per-bin minimum non-zero probability:       5.8696e-53
per-bin maximum probability:                0.376544
per-bin probability dynamic range (kT):     119.291
per-segment minimum non-zero probability:   9.26061e-54
per-segment maximum non-zero probability:   0.108481
per-segment probability dynamic range (kT): 119.893
norm = 1, error in norm = 0 (0*epsilon)
Iteration wallclock: 0:23:52.233341, cputime: 2:18:51.777755


Sat Aug 13 16:00:49 2022
Iteration 571 (600 requested)
Beginning iteration 571
120 segments remain in iteration 571 (120 total)
24 of 24 (100.000000%) active bins are populated
per-bin minimum non-zero probability:       9.36007e-54
per-bin maximum probability:                0.315963
per-bin probability dynamic range (kT):     120.951
per-segment minimum non-zero probability:   1.87201e-54
per-segment maximum non-zero probability:   0.0773983
per-segment probability dynamic range (kT): 121.154
norm = 1, error in norm = 0 (0*epsilon)
Iteration wallclock: 0:23:57.442073, cputime: 2:18:49.477655


Sat Aug 13 16:24:47 2022
Iteration 572 (600 requested)
Beginning iteration 572
120 segments remain in iteration 572 (120 total)
24 of 24 (100.000000%) active bins are populated
per-bin minimum non-zero probability:       5.42488e-53
per-bin maximum probability:                0.32724
per-bin probability dynamic range (kT):     119.229
per-segment minimum non-zero probability:   9.53371e-54
per-segment maximum non-zero probability:   0.0773983
per-segment probability dynamic range (kT): 119.526
norm = 1, error in norm = -2.22045e-16 (-1*epsilon)
Iteration wallclock: 0:23:51.200493, cputime: 2:18:45.378930


Sat Aug 13 16:48:38 2022
Iteration 573 (600 requested)
Beginning iteration 573
120 segments remain in iteration 573 (120 total)
24 of 24 (100.000000%) active bins are populated
per-bin minimum non-zero probability:       2.80549e-53
per-bin maximum probability:                0.40775
per-bin probability dynamic range (kT):     120.108
per-segment minimum non-zero probability:   4.6303e-54
per-segment maximum non-zero probability:   0.124346
per-segment probability dynamic range (kT): 120.722
norm = 1, error in norm = -2.22045e-16 (-1*epsilon)
Iteration wallclock: 0:23:51.271973, cputime: 2:18:44.446217


Sat Aug 13 17:12:29 2022
Iteration 574 (600 requested)
Beginning iteration 574
115 segments remain in iteration 574 (115 total)
23 of 24 (95.833333%) active bins are populated
per-bin minimum non-zero probability:       1.92327e-53
per-bin maximum probability:                0.343319
per-bin probability dynamic range (kT):     120.314
per-segment minimum non-zero probability:   3.6506e-54
per-segment maximum non-zero probability:   0.124346
per-segment probability dynamic range (kT): 120.96
norm = 1, error in norm = -1.11022e-16 (-0.5*epsilon)
Iteration wallclock: 0:22:38.396176, cputime: 2:13:01.572857


Sat Aug 13 17:35:07 2022
Iteration 575 (600 requested)
Beginning iteration 575
120 segments remain in iteration 575 (120 total)
24 of 24 (100.000000%) active bins are populated
per-bin minimum non-zero probability:       9.22353e-54
per-bin maximum probability:                0.472815
per-bin probability dynamic range (kT):     121.369
per-segment minimum non-zero probability:   1.84471e-54
per-segment maximum non-zero probability:   0.126747
per-segment probability dynamic range (kT): 121.662
norm = 1, error in norm = 0 (0*epsilon)
Iteration wallclock: 0:23:54.655126, cputime: 2:18:52.043209


Sat Aug 13 17:59:02 2022
Iteration 576 (600 requested)
Beginning iteration 576
115 segments remain in iteration 576 (115 total)
23 of 24 (95.833333%) active bins are populated
per-bin minimum non-zero probability:       9.22353e-54
per-bin maximum probability:                0.283809
per-bin probability dynamic range (kT):     120.858
per-segment minimum non-zero probability:   1.84471e-54
per-segment maximum non-zero probability:   0.0690251
per-segment probability dynamic range (kT): 121.054
norm = 1, error in norm = 0 (0*epsilon)
Iteration wallclock: 0:22:44.255733, cputime: 2:13:12.442279


Sat Aug 13 18:21:46 2022
Iteration 577 (600 requested)
Beginning iteration 577
120 segments remain in iteration 577 (120 total)
24 of 24 (100.000000%) active bins are populated
per-bin minimum non-zero probability:       3.3519e-53
per-bin maximum probability:                0.27829
per-bin probability dynamic range (kT):     119.548
per-segment minimum non-zero probability:   5.56817e-54
per-segment maximum non-zero probability:   0.0761423
per-segment probability dynamic range (kT): 120.047
norm = 1, error in norm = 0 (0*epsilon)
Iteration wallclock: 0:23:56.330894, cputime: 2:18:55.207663


Sat Aug 13 18:45:43 2022
Iteration 578 (600 requested)
Beginning iteration 578
120 segments remain in iteration 578 (120 total)
24 of 24 (100.000000%) active bins are populated
per-bin minimum non-zero probability:       1.2981e-53
per-bin maximum probability:                0.382674
per-bin probability dynamic range (kT):     120.816
per-segment minimum non-zero probability:   1.85606e-54
per-segment maximum non-zero probability:   0.0923074
per-segment probability dynamic range (kT): 121.339
norm = 1, error in norm = 0 (0*epsilon)
Iteration wallclock: 0:23:52.975099, cputime: 2:18:47.933918


Sat Aug 13 19:09:36 2022
Iteration 579 (600 requested)
Beginning iteration 579
115 segments remain in iteration 579 (115 total)
23 of 24 (95.833333%) active bins are populated
per-bin minimum non-zero probability:       2.54799e-53
per-bin maximum probability:                0.436719
per-bin probability dynamic range (kT):     120.273
per-segment minimum non-zero probability:   4.1076e-54
per-segment maximum non-zero probability:   0.126216
per-segment probability dynamic range (kT): 120.857
norm = 1, error in norm = 2.22045e-16 (1*epsilon)
Iteration wallclock: 0:22:43.060530, cputime: 2:13:04.758876


Sat Aug 13 19:32:19 2022
Iteration 580 (600 requested)
Beginning iteration 580
120 segments remain in iteration 580 (120 total)
24 of 24 (100.000000%) active bins are populated
per-bin minimum non-zero probability:       4.1076e-54
per-bin maximum probability:                0.37572
per-bin probability dynamic range (kT):     121.948
per-segment minimum non-zero probability:   8.21519e-55
per-segment maximum non-zero probability:   0.126216
per-segment probability dynamic range (kT): 122.466
norm = 1, error in norm = 0 (0*epsilon)
Iteration wallclock: 0:23:53.730717, cputime: 2:18:48.311988


Sat Aug 13 19:56:12 2022
Iteration 581 (600 requested)
Beginning iteration 581
120 segments remain in iteration 581 (120 total)
24 of 24 (100.000000%) active bins are populated
per-bin minimum non-zero probability:       1.64304e-54
per-bin maximum probability:                0.306272
per-bin probability dynamic range (kT):     122.66
per-segment minimum non-zero probability:   2.7384e-55
per-segment maximum non-zero probability:   0.0818599
per-segment probability dynamic range (kT): 123.132
norm = 1, error in norm = 0 (0*epsilon)
Iteration wallclock: 0:23:54.328212, cputime: 2:18:46.607950


Sat Aug 13 20:20:07 2022
Iteration 582 (600 requested)
Beginning iteration 582
120 segments remain in iteration 582 (120 total)
24 of 24 (100.000000%) active bins are populated
per-bin minimum non-zero probability:       6.65992e-54
per-bin maximum probability:                0.395148
per-bin probability dynamic range (kT):     121.515
per-segment minimum non-zero probability:   2.7384e-55
per-segment maximum non-zero probability:   0.0951326
per-segment probability dynamic range (kT): 123.282
norm = 1, error in norm = -1.11022e-16 (-0.5*epsilon)
Iteration wallclock: 0:23:51.196436, cputime: 2:18:48.365410


Sat Aug 13 20:43:58 2022
Iteration 583 (600 requested)
Beginning iteration 583
120 segments remain in iteration 583 (120 total)
24 of 24 (100.000000%) active bins are populated
per-bin minimum non-zero probability:       2.51278e-53
per-bin maximum probability:                0.425575
per-bin probability dynamic range (kT):     120.261
per-segment minimum non-zero probability:   4.10872e-54
per-segment maximum non-zero probability:   0.110605
per-segment probability dynamic range (kT): 120.725
norm = 1, error in norm = 0 (0*epsilon)
Iteration wallclock: 0:23:50.783730, cputime: 2:18:39.390162


Sat Aug 13 21:07:49 2022
Iteration 584 (600 requested)
Beginning iteration 584
120 segments remain in iteration 584 (120 total)
24 of 24 (100.000000%) active bins are populated
per-bin minimum non-zero probability:       1.50312e-53
per-bin maximum probability:                0.227377
per-bin probability dynamic range (kT):     120.148
per-segment minimum non-zero probability:   3.00625e-54
per-segment maximum non-zero probability:   0.0761423
per-segment probability dynamic range (kT): 120.664
norm = 1, error in norm = 0 (0*epsilon)
Iteration wallclock: 0:23:50.536401, cputime: 2:18:34.880399


Sat Aug 13 21:31:39 2022
Iteration 585 (600 requested)
Beginning iteration 585
120 segments remain in iteration 585 (120 total)
24 of 24 (100.000000%) active bins are populated
per-bin minimum non-zero probability:       1.45891e-53
per-bin maximum probability:                0.233639
per-bin probability dynamic range (kT):     120.205
per-segment minimum non-zero probability:   2.85888e-54
per-segment maximum non-zero probability:   0.0761423
per-segment probability dynamic range (kT): 120.714
norm = 1, error in norm = 0 (0*epsilon)
Iteration wallclock: 0:23:50.235390, cputime: 2:18:32.756516


Sat Aug 13 21:55:30 2022
Iteration 586 (600 requested)
Beginning iteration 586
120 segments remain in iteration 586 (120 total)
24 of 24 (100.000000%) active bins are populated
per-bin minimum non-zero probability:       8.87138e-54
per-bin maximum probability:                0.323824
per-bin probability dynamic range (kT):     121.029
per-segment minimum non-zero probability:   1.50312e-54
per-segment maximum non-zero probability:   0.0777981
per-segment probability dynamic range (kT): 121.378
norm = 1, error in norm = 0 (0*epsilon)
Iteration wallclock: 0:23:48.045890, cputime: 2:18:30.065664


Sat Aug 13 22:19:18 2022
Iteration 587 (600 requested)
Beginning iteration 587
120 segments remain in iteration 587 (120 total)
24 of 24 (100.000000%) active bins are populated
per-bin minimum non-zero probability:       3.92658e-54
per-bin maximum probability:                0.301304
per-bin probability dynamic range (kT):     121.772
per-segment minimum non-zero probability:   6.40804e-55
per-segment maximum non-zero probability:   0.0777981
per-segment probability dynamic range (kT): 122.231
norm = 1, error in norm = -1.11022e-16 (-0.5*epsilon)
Iteration wallclock: 0:23:46.946170, cputime: 2:18:36.852014


Sat Aug 13 22:43:05 2022
Iteration 588 (600 requested)
Beginning iteration 588
120 segments remain in iteration 588 (120 total)
24 of 24 (100.000000%) active bins are populated
per-bin minimum non-zero probability:       1.12152e-53
per-bin maximum probability:                0.336542
per-bin probability dynamic range (kT):     120.833
per-segment minimum non-zero probability:   1.86921e-54
per-segment maximum non-zero probability:   0.0777981
per-segment probability dynamic range (kT): 121.16
norm = 1, error in norm = -1.11022e-16 (-0.5*epsilon)
Iteration wallclock: 0:23:51.224568, cputime: 2:18:38.283680


Sat Aug 13 23:06:56 2022
Iteration 589 (600 requested)
Beginning iteration 589
115 segments remain in iteration 589 (115 total)
23 of 24 (95.833333%) active bins are populated
per-bin minimum non-zero probability:       2.71485e-54
per-bin maximum probability:                0.280656
per-bin probability dynamic range (kT):     122.07
per-segment minimum non-zero probability:   5.4297e-55
per-segment maximum non-zero probability:   0.0777981
per-segment probability dynamic range (kT): 122.397
norm = 1, error in norm = -2.22045e-16 (-1*epsilon)
Iteration wallclock: 0:22:38.507265, cputime: 2:12:56.718708


Sat Aug 13 23:29:34 2022
Iteration 590 (600 requested)
Beginning iteration 590
115 segments remain in iteration 590 (115 total)
23 of 24 (95.833333%) active bins are populated
per-bin minimum non-zero probability:       8.18598e-54
per-bin maximum probability:                0.391784
per-bin probability dynamic range (kT):     121.3
per-segment minimum non-zero probability:   1.6372e-54
per-segment maximum non-zero probability:   0.097268
per-segment probability dynamic range (kT): 121.516
norm = 1, error in norm = 0 (0*epsilon)
Iteration wallclock: 0:22:41.556906, cputime: 2:12:56.844095


Sat Aug 13 23:52:16 2022
Iteration 591 (600 requested)
Beginning iteration 591
120 segments remain in iteration 591 (120 total)
24 of 24 (100.000000%) active bins are populated
per-bin minimum non-zero probability:       3.27439e-54
per-bin maximum probability:                0.276487
per-bin probability dynamic range (kT):     121.868
per-segment minimum non-zero probability:   5.45732e-55
per-segment maximum non-zero probability:   0.0777981
per-segment probability dynamic range (kT): 122.392
norm = 1, error in norm = -1.11022e-16 (-0.5*epsilon)
Iteration wallclock: 0:23:52.667860, cputime: 2:18:51.983173


Sun Aug 14 00:16:09 2022
Iteration 592 (600 requested)
Beginning iteration 592
120 segments remain in iteration 592 (120 total)
24 of 24 (100.000000%) active bins are populated
per-bin minimum non-zero probability:       5.45732e-55
per-bin maximum probability:                0.318981
per-bin probability dynamic range (kT):     123.803
per-segment minimum non-zero probability:   1.09146e-55
per-segment maximum non-zero probability:   0.0777981
per-segment probability dynamic range (kT): 124.001
norm = 1, error in norm = 0 (0*epsilon)
Iteration wallclock: 0:23:54.341592, cputime: 2:18:52.711811


Sun Aug 14 00:40:03 2022
Iteration 593 (600 requested)
Beginning iteration 593
120 segments remain in iteration 593 (120 total)
24 of 24 (100.000000%) active bins are populated
per-bin minimum non-zero probability:       2.18788e-54
per-bin maximum probability:                0.260434
per-bin probability dynamic range (kT):     122.211
per-segment minimum non-zero probability:   4.37576e-55
per-segment maximum non-zero probability:   0.0777981
per-segment probability dynamic range (kT): 122.612
norm = 1, error in norm = 0 (0*epsilon)
Iteration wallclock: 0:23:50.271111, cputime: 2:18:45.697991


Sun Aug 14 01:03:53 2022
Iteration 594 (600 requested)
Beginning iteration 594
120 segments remain in iteration 594 (120 total)
24 of 24 (100.000000%) active bins are populated
per-bin minimum non-zero probability:       1.85843e-54
per-bin maximum probability:                0.318102
per-bin probability dynamic range (kT):     122.574
per-segment minimum non-zero probability:   3.71686e-55
per-segment maximum non-zero probability:   0.0818044
per-segment probability dynamic range (kT): 122.826
norm = 1, error in norm = 0 (0*epsilon)
Iteration wallclock: 0:23:52.893030, cputime: 2:18:44.464849


Sun Aug 14 01:27:46 2022
Iteration 595 (600 requested)
Beginning iteration 595
115 segments remain in iteration 595 (115 total)
23 of 24 (95.833333%) active bins are populated
per-bin minimum non-zero probability:       3.71686e-55
per-bin maximum probability:                0.306394
per-bin probability dynamic range (kT):     124.146
per-segment minimum non-zero probability:   7.43372e-56
per-segment maximum non-zero probability:   0.0818044
per-segment probability dynamic range (kT): 124.435
norm = 1, error in norm = 0 (0*epsilon)
Iteration wallclock: 0:22:39.730936, cputime: 2:13:05.457645


Sun Aug 14 01:50:26 2022
Iteration 596 (600 requested)
Beginning iteration 596
120 segments remain in iteration 596 (120 total)
24 of 24 (100.000000%) active bins are populated
per-bin minimum non-zero probability:       6.44059e-54
per-bin maximum probability:                0.38301
per-bin probability dynamic range (kT):     121.517
per-segment minimum non-zero probability:   1.12969e-54
per-segment maximum non-zero probability:   0.0967961
per-segment probability dynamic range (kT): 121.883
norm = 1, error in norm = -1.11022e-16 (-0.5*epsilon)
Iteration wallclock: 0:23:53.954038, cputime: 2:18:49.819046


Sun Aug 14 02:14:20 2022
Iteration 597 (600 requested)
Beginning iteration 597
120 segments remain in iteration 597 (120 total)
24 of 24 (100.000000%) active bins are populated
per-bin minimum non-zero probability:       1.28812e-54
per-bin maximum probability:                0.448879
per-bin probability dynamic range (kT):     123.285
per-segment minimum non-zero probability:   2.57624e-55
per-segment maximum non-zero probability:   0.125011
per-segment probability dynamic range (kT): 123.616
norm = 1, error in norm = 0 (0*epsilon)
Iteration wallclock: 0:23:53.101718, cputime: 2:18:48.090853


Sun Aug 14 02:38:13 2022
Iteration 598 (600 requested)
Beginning iteration 598
120 segments remain in iteration 598 (120 total)
24 of 24 (100.000000%) active bins are populated
per-bin minimum non-zero probability:       2.57624e-55
per-bin maximum probability:                0.329421
per-bin probability dynamic range (kT):     124.585
per-segment minimum non-zero probability:   5.15248e-56
per-segment maximum non-zero probability:   0.0818044
per-segment probability dynamic range (kT): 124.802
norm = 1, error in norm = 0 (0*epsilon)
Iteration wallclock: 0:23:52.692027, cputime: 2:18:56.151152


Sun Aug 14 03:02:06 2022
Iteration 599 (600 requested)
Beginning iteration 599
110 segments remain in iteration 599 (110 total)
22 of 24 (91.666667%) active bins are populated
per-bin minimum non-zero probability:       3.72834e-54
per-bin maximum probability:                0.327795
per-bin probability dynamic range (kT):     121.908
per-segment minimum non-zero probability:   6.46617e-55
per-segment maximum non-zero probability:   0.0777981
per-segment probability dynamic range (kT): 122.222
norm = 1, error in norm = -1.11022e-16 (-0.5*epsilon)
Iteration wallclock: 0:22:11.147442, cputime: 2:07:26.398376


Sun Aug 14 03:24:17 2022
Iteration 600 (600 requested)
Beginning iteration 600
120 segments remain in iteration 600 (120 total)
24 of 24 (100.000000%) active bins are populated
per-bin minimum non-zero probability:       3.79409e-54
per-bin maximum probability:                0.34462
per-bin probability dynamic range (kT):     121.941
per-segment minimum non-zero probability:   6.29495e-55
per-segment maximum non-zero probability:   0.0777981
per-segment probability dynamic range (kT): 122.249
norm = 1, error in norm = -1.11022e-16 (-0.5*epsilon)
Iteration wallclock: 0:23:54.029766, cputime: 2:18:58.651272


Sun Aug 14 03:48:11 2022
WEST run complete.
