System is being built only off of the system driver
Maximum wallclock time: 1 day, 0:00:00

Mon Nov 14 16:55:02 2022
Iteration 458 (500 requested)
Beginning iteration 458
192 segments remain in iteration 458 (192 total)
22 of 24 (91.666667%) active bins are populated
per-bin minimum non-zero probability:       4.34213e-55
per-bin maximum probability:                0.56507
per-bin probability dynamic range (kT):     124.603
per-segment minimum non-zero probability:   5.42767e-56
per-segment maximum non-zero probability:   0.0973659
per-segment probability dynamic range (kT): 124.924
norm = 1, error in norm = 0 (0*epsilon)
Iteration wallclock: 0:20:34.880527, cputime: 1:47:51.633162


Mon Nov 14 17:15:37 2022
Iteration 459 (500 requested)
Beginning iteration 459
184 segments remain in iteration 459 (184 total)
21 of 24 (87.500000%) active bins are populated
per-bin minimum non-zero probability:       4.23637e-55
per-bin maximum probability:                0.493527
per-bin probability dynamic range (kT):     124.492
per-segment minimum non-zero probability:   5.29546e-56
per-segment maximum non-zero probability:   0.0973659
per-segment probability dynamic range (kT): 124.949
norm = 1, error in norm = 0 (0*epsilon)
Iteration wallclock: 0:18:01.975666, cputime: 1:43:28.247231


Mon Nov 14 17:33:39 2022
Iteration 460 (500 requested)
Beginning iteration 460
192 segments remain in iteration 460 (192 total)
22 of 24 (91.666667%) active bins are populated
per-bin minimum non-zero probability:       1.37566e-55
per-bin maximum probability:                0.336393
per-bin probability dynamic range (kT):     125.234
per-segment minimum non-zero probability:   1.71957e-56
per-segment maximum non-zero probability:   0.0754792
per-segment probability dynamic range (kT): 125.819
norm = 1, error in norm = 0 (0*epsilon)
Iteration wallclock: 0:18:44.061559, cputime: 1:47:57.603508


Mon Nov 14 17:52:23 2022
Iteration 461 (500 requested)
Beginning iteration 461
184 segments remain in iteration 461 (184 total)
22 of 24 (91.666667%) active bins are populated
per-bin minimum non-zero probability:       4.23637e-55
per-bin maximum probability:                0.494718
per-bin probability dynamic range (kT):     124.495
per-segment minimum non-zero probability:   5.29546e-56
per-segment maximum non-zero probability:   0.0932916
per-segment probability dynamic range (kT): 124.906
norm = 1, error in norm = -1.11022e-16 (-0.5*epsilon)
Iteration wallclock: 0:17:43.903526, cputime: 1:43:33.963886


Mon Nov 14 18:10:07 2022
Iteration 462 (500 requested)
Beginning iteration 462
184 segments remain in iteration 462 (184 total)
22 of 24 (91.666667%) active bins are populated
per-bin minimum non-zero probability:       2.334e-55
per-bin maximum probability:                0.41878
per-bin probability dynamic range (kT):     124.924
per-segment minimum non-zero probability:   2.91751e-56
per-segment maximum non-zero probability:   0.0932916
per-segment probability dynamic range (kT): 125.502
norm = 1, error in norm = -1.11022e-16 (-0.5*epsilon)
Iteration wallclock: 0:17:46.374086, cputime: 1:43:31.055125


Mon Nov 14 18:27:54 2022
Iteration 463 (500 requested)
Beginning iteration 463
184 segments remain in iteration 463 (184 total)
22 of 24 (91.666667%) active bins are populated
per-bin minimum non-zero probability:       1.22292e-55
per-bin maximum probability:                0.479645
per-bin probability dynamic range (kT):     125.706
per-segment minimum non-zero probability:   1.52864e-56
per-segment maximum non-zero probability:   0.0932916
per-segment probability dynamic range (kT): 126.148
norm = 1, error in norm = 0 (0*epsilon)
Iteration wallclock: 0:18:07.729343, cputime: 1:43:37.490408


Mon Nov 14 18:46:01 2022
Iteration 464 (500 requested)
Beginning iteration 464
192 segments remain in iteration 464 (192 total)
22 of 24 (91.666667%) active bins are populated
per-bin minimum non-zero probability:       1.52864e-56
per-bin maximum probability:                0.507285
per-bin probability dynamic range (kT):     127.842
per-segment minimum non-zero probability:   1.91081e-57
per-segment maximum non-zero probability:   0.095704
per-segment probability dynamic range (kT): 128.253
norm = 1, error in norm = -1.11022e-16 (-0.5*epsilon)
Iteration wallclock: 0:18:28.769863, cputime: 1:48:07.844291


Mon Nov 14 19:04:30 2022
Iteration 465 (500 requested)
Beginning iteration 465
192 segments remain in iteration 465 (192 total)
22 of 24 (91.666667%) active bins are populated
per-bin minimum non-zero probability:       1.91081e-57
per-bin maximum probability:                0.494346
per-bin probability dynamic range (kT):     129.895
per-segment minimum non-zero probability:   2.38851e-58
per-segment maximum non-zero probability:   0.095704
per-segment probability dynamic range (kT): 130.333
norm = 1, error in norm = -1.11022e-16 (-0.5*epsilon)
Iteration wallclock: 0:18:36.561317, cputime: 1:48:01.028387


Mon Nov 14 19:23:07 2022
Iteration 466 (500 requested)
Beginning iteration 466
192 segments remain in iteration 466 (192 total)
22 of 24 (91.666667%) active bins are populated
per-bin minimum non-zero probability:       2.38851e-58
per-bin maximum probability:                0.491206
per-bin probability dynamic range (kT):     131.968
per-segment minimum non-zero probability:   2.98563e-59
per-segment maximum non-zero probability:   0.095704
per-segment probability dynamic range (kT): 132.412
norm = 1, error in norm = 0 (0*epsilon)
Iteration wallclock: 0:18:39.080811, cputime: 1:48:04.977248


Mon Nov 14 19:41:46 2022
Iteration 467 (500 requested)
Beginning iteration 467
192 segments remain in iteration 467 (192 total)
22 of 24 (91.666667%) active bins are populated
per-bin minimum non-zero probability:       2.98563e-59
per-bin maximum probability:                0.485409
per-bin probability dynamic range (kT):     134.036
per-segment minimum non-zero probability:   3.73204e-60
per-segment maximum non-zero probability:   0.095704
per-segment probability dynamic range (kT): 134.492
norm = 1, error in norm = -1.11022e-16 (-0.5*epsilon)
Iteration wallclock: 0:18:39.364232, cputime: 1:47:57.669586


Mon Nov 14 20:00:25 2022
Iteration 468 (500 requested)
Beginning iteration 468
184 segments remain in iteration 468 (184 total)
21 of 24 (87.500000%) active bins are populated
per-bin minimum non-zero probability:       1.41755e-55
per-bin maximum probability:                0.331779
per-bin probability dynamic range (kT):     125.19
per-segment minimum non-zero probability:   1.77194e-56
per-segment maximum non-zero probability:   0.0646143
per-segment probability dynamic range (kT): 125.633
norm = 1, error in norm = -1.11022e-16 (-0.5*epsilon)
Iteration wallclock: 0:17:38.504487, cputime: 1:43:24.982662


Mon Nov 14 20:18:04 2022
Iteration 469 (500 requested)
Beginning iteration 469
192 segments remain in iteration 469 (192 total)
22 of 24 (91.666667%) active bins are populated
per-bin minimum non-zero probability:       5.06305e-56
per-bin maximum probability:                0.518194
per-bin probability dynamic range (kT):     126.665
per-segment minimum non-zero probability:   6.32882e-57
per-segment maximum non-zero probability:   0.0792969
per-segment probability dynamic range (kT): 126.868
norm = 1, error in norm = -1.11022e-16 (-0.5*epsilon)
Iteration wallclock: 0:18:34.817877, cputime: 1:48:00.767971


Mon Nov 14 20:36:38 2022
Iteration 470 (500 requested)
Beginning iteration 470
192 segments remain in iteration 470 (192 total)
22 of 24 (91.666667%) active bins are populated
per-bin minimum non-zero probability:       6.32882e-57
per-bin maximum probability:                0.396178
per-bin probability dynamic range (kT):     128.476
per-segment minimum non-zero probability:   7.91102e-58
per-segment maximum non-zero probability:   0.0792969
per-segment probability dynamic range (kT): 128.947
norm = 1, error in norm = -2.22045e-16 (-1*epsilon)
Iteration wallclock: 0:18:32.382332, cputime: 1:48:06.074233


Mon Nov 14 20:55:11 2022
Iteration 471 (500 requested)
Beginning iteration 471
192 segments remain in iteration 471 (192 total)
22 of 24 (91.666667%) active bins are populated
per-bin minimum non-zero probability:       7.91102e-58
per-bin maximum probability:                0.44874
per-bin probability dynamic range (kT):     130.68
per-segment minimum non-zero probability:   9.88877e-59
per-segment maximum non-zero probability:   0.0792969
per-segment probability dynamic range (kT): 131.027
norm = 1, error in norm = 0 (0*epsilon)
Iteration wallclock: 0:18:33.415011, cputime: 1:48:10.629760


Mon Nov 14 21:13:44 2022
Iteration 472 (500 requested)
Beginning iteration 472
184 segments remain in iteration 472 (184 total)
21 of 24 (87.500000%) active bins are populated
per-bin minimum non-zero probability:       7.27307e-56
per-bin maximum probability:                0.425033
per-bin probability dynamic range (kT):     126.105
per-segment minimum non-zero probability:   9.09134e-57
per-segment maximum non-zero probability:   0.0668582
per-segment probability dynamic range (kT): 126.335
norm = 1, error in norm = -1.11022e-16 (-0.5*epsilon)
Iteration wallclock: 0:17:47.318488, cputime: 1:43:34.002884


Mon Nov 14 21:31:32 2022
Iteration 473 (500 requested)
Beginning iteration 473
192 segments remain in iteration 473 (192 total)
22 of 24 (91.666667%) active bins are populated
per-bin minimum non-zero probability:       1.67895e-55
per-bin maximum probability:                0.668303
per-bin probability dynamic range (kT):     125.721
per-segment minimum non-zero probability:   2.06449e-56
per-segment maximum non-zero probability:   0.121021
per-segment probability dynamic range (kT): 126.108
norm = 1, error in norm = -1.11022e-16 (-0.5*epsilon)
Iteration wallclock: 0:18:46.691502, cputime: 1:48:05.224151


Mon Nov 14 21:50:18 2022
Iteration 474 (500 requested)
Beginning iteration 474
184 segments remain in iteration 474 (184 total)
21 of 24 (87.500000%) active bins are populated
per-bin minimum non-zero probability:       2.06449e-56
per-bin maximum probability:                0.421275
per-bin probability dynamic range (kT):     127.355
per-segment minimum non-zero probability:   2.58061e-57
per-segment maximum non-zero probability:   0.0746835
per-segment probability dynamic range (kT): 127.705
norm = 1, error in norm = -1.11022e-16 (-0.5*epsilon)
Iteration wallclock: 0:17:42.238925, cputime: 1:43:35.863348


Mon Nov 14 22:08:00 2022
Iteration 475 (500 requested)
Beginning iteration 475
184 segments remain in iteration 475 (184 total)
21 of 24 (87.500000%) active bins are populated
per-bin minimum non-zero probability:       5.51902e-56
per-bin maximum probability:                0.455528
per-bin probability dynamic range (kT):     126.45
per-segment minimum non-zero probability:   6.89877e-57
per-segment maximum non-zero probability:   0.0769725
per-segment probability dynamic range (kT): 126.752
norm = 1, error in norm = -2.22045e-16 (-1*epsilon)
Iteration wallclock: 0:17:38.511247, cputime: 1:43:30.564748


Mon Nov 14 22:25:39 2022
Iteration 476 (500 requested)
Beginning iteration 476
184 segments remain in iteration 476 (184 total)
21 of 24 (87.500000%) active bins are populated
per-bin minimum non-zero probability:       3.16061e-56
per-bin maximum probability:                0.521017
per-bin probability dynamic range (kT):     127.142
per-segment minimum non-zero probability:   3.44939e-57
per-segment maximum non-zero probability:   0.082752
per-segment probability dynamic range (kT): 127.517
norm = 1, error in norm = -1.11022e-16 (-0.5*epsilon)
Iteration wallclock: 0:17:40.848565, cputime: 1:43:30.146565


Mon Nov 14 22:43:20 2022
Iteration 477 (500 requested)
Beginning iteration 477
192 segments remain in iteration 477 (192 total)
22 of 24 (91.666667%) active bins are populated
per-bin minimum non-zero probability:       1.92793e-56
per-bin maximum probability:                0.459117
per-bin probability dynamic range (kT):     127.51
per-segment minimum non-zero probability:   2.40992e-57
per-segment maximum non-zero probability:   0.082752
per-segment probability dynamic range (kT): 127.876
norm = 1, error in norm = -1.11022e-16 (-0.5*epsilon)
Iteration wallclock: 0:18:20.513348, cputime: 1:47:57.330196


Mon Nov 14 23:01:40 2022
Iteration 478 (500 requested)
Beginning iteration 478
192 segments remain in iteration 478 (192 total)
22 of 24 (91.666667%) active bins are populated
per-bin minimum non-zero probability:       3.13571e-56
per-bin maximum probability:                0.454228
per-bin probability dynamic range (kT):     127.013
per-segment minimum non-zero probability:   3.91964e-57
per-segment maximum non-zero probability:   0.0814494
per-segment probability dynamic range (kT): 127.374
norm = 1, error in norm = 0 (0*epsilon)
Iteration wallclock: 0:18:28.918739, cputime: 1:48:03.458429


Mon Nov 14 23:20:09 2022
Iteration 479 (500 requested)
Beginning iteration 479
192 segments remain in iteration 479 (192 total)
22 of 24 (91.666667%) active bins are populated
per-bin minimum non-zero probability:       3.91964e-57
per-bin maximum probability:                0.438793
per-bin probability dynamic range (kT):     129.058
per-segment minimum non-zero probability:   4.89955e-58
per-segment maximum non-zero probability:   0.0727542
per-segment probability dynamic range (kT): 129.34
norm = 1, error in norm = -1.11022e-16 (-0.5*epsilon)
Iteration wallclock: 0:18:27.653270, cputime: 1:47:56.505090


Mon Nov 14 23:38:37 2022
Iteration 480 (500 requested)
Beginning iteration 480
192 segments remain in iteration 480 (192 total)
22 of 24 (91.666667%) active bins are populated
per-bin minimum non-zero probability:       4.89955e-58
per-bin maximum probability:                0.400076
per-bin probability dynamic range (kT):     131.045
per-segment minimum non-zero probability:   6.12444e-59
per-segment maximum non-zero probability:   0.0640349
per-segment probability dynamic range (kT): 131.292
norm = 1, error in norm = -1.11022e-16 (-0.5*epsilon)
Iteration wallclock: 0:18:27.615798, cputime: 1:48:01.855402


Mon Nov 14 23:57:05 2022
Iteration 481 (500 requested)
Beginning iteration 481
192 segments remain in iteration 481 (192 total)
22 of 24 (91.666667%) active bins are populated
per-bin minimum non-zero probability:       7.34775e-56
per-bin maximum probability:                0.413964
per-bin probability dynamic range (kT):     126.068
per-segment minimum non-zero probability:   9.18469e-57
per-segment maximum non-zero probability:   0.0640349
per-segment probability dynamic range (kT): 126.281
norm = 1, error in norm = 0 (0*epsilon)
Iteration wallclock: 0:18:24.748344, cputime: 1:47:53.895908


Tue Nov 15 00:15:29 2022
Iteration 482 (500 requested)
Beginning iteration 482
184 segments remain in iteration 482 (184 total)
22 of 24 (91.666667%) active bins are populated
per-bin minimum non-zero probability:       9.18469e-57
per-bin maximum probability:                0.41478
per-bin probability dynamic range (kT):     128.15
per-segment minimum non-zero probability:   1.14809e-57
per-segment maximum non-zero probability:   0.0620869
per-segment probability dynamic range (kT): 128.33
norm = 1, error in norm = -2.22045e-16 (-1*epsilon)
Iteration wallclock: 0:17:43.872373, cputime: 1:43:25.739024


Tue Nov 15 00:33:13 2022
Iteration 483 (500 requested)
Beginning iteration 483
192 segments remain in iteration 483 (192 total)
22 of 24 (91.666667%) active bins are populated
per-bin minimum non-zero probability:       1.47359e-55
per-bin maximum probability:                0.372545
per-bin probability dynamic range (kT):     125.267
per-segment minimum non-zero probability:   1.84198e-56
per-segment maximum non-zero probability:   0.0620869
per-segment probability dynamic range (kT): 125.555
norm = 1, error in norm = 0 (0*epsilon)
Iteration wallclock: 0:18:29.346092, cputime: 1:48:02.560557


Tue Nov 15 00:51:43 2022
Iteration 484 (500 requested)
Beginning iteration 484
184 segments remain in iteration 484 (184 total)
21 of 24 (87.500000%) active bins are populated
per-bin minimum non-zero probability:       6.71455e-56
per-bin maximum probability:                0.375107
per-bin probability dynamic range (kT):     126.06
per-segment minimum non-zero probability:   8.39319e-57
per-segment maximum non-zero probability:   0.0679045
per-segment probability dynamic range (kT): 126.43
norm = 1, error in norm = 0 (0*epsilon)
Iteration wallclock: 0:17:48.634188, cputime: 1:43:35.490916


Tue Nov 15 01:09:31 2022
Iteration 485 (500 requested)
Beginning iteration 485
184 segments remain in iteration 485 (184 total)
21 of 24 (87.500000%) active bins are populated
per-bin minimum non-zero probability:       1.84198e-56
per-bin maximum probability:                0.286358
per-bin probability dynamic range (kT):     127.083
per-segment minimum non-zero probability:   2.30248e-57
per-segment maximum non-zero probability:   0.0484401
per-segment probability dynamic range (kT): 127.386
norm = 1, error in norm = -2.22045e-16 (-1*epsilon)
Iteration wallclock: 0:17:39.712384, cputime: 1:43:30.500973


Tue Nov 15 01:27:11 2022
Iteration 486 (500 requested)
Beginning iteration 486
192 segments remain in iteration 486 (192 total)
22 of 24 (91.666667%) active bins are populated
per-bin minimum non-zero probability:       5.03591e-56
per-bin maximum probability:                0.464442
per-bin probability dynamic range (kT):     126.561
per-segment minimum non-zero probability:   6.29489e-57
per-segment maximum non-zero probability:   0.0813007
per-segment probability dynamic range (kT): 126.898
norm = 1, error in norm = -1.11022e-16 (-0.5*epsilon)
Iteration wallclock: 0:18:32.636509, cputime: 1:48:06.640494


Tue Nov 15 01:45:44 2022
Iteration 487 (500 requested)
Beginning iteration 487
192 segments remain in iteration 487 (192 total)
22 of 24 (91.666667%) active bins are populated
per-bin minimum non-zero probability:       4.44627e-56
per-bin maximum probability:                0.419655
per-bin probability dynamic range (kT):     126.584
per-segment minimum non-zero probability:   5.55784e-57
per-segment maximum non-zero probability:   0.0813007
per-segment probability dynamic range (kT): 127.023
norm = 1, error in norm = -1.11022e-16 (-0.5*epsilon)
Iteration wallclock: 0:18:30.902158, cputime: 1:47:59.332188


Tue Nov 15 02:04:14 2022
Iteration 488 (500 requested)
Beginning iteration 488
192 segments remain in iteration 488 (192 total)
22 of 24 (91.666667%) active bins are populated
per-bin minimum non-zero probability:       4.29869e-56
per-bin maximum probability:                0.432046
per-bin probability dynamic range (kT):     126.647
per-segment minimum non-zero probability:   5.37336e-57
per-segment maximum non-zero probability:   0.0813007
per-segment probability dynamic range (kT): 127.056
norm = 1, error in norm = -2.22045e-16 (-1*epsilon)
Iteration wallclock: 0:18:17.004208, cputime: 1:47:51.635409


Tue Nov 15 02:22:31 2022
Iteration 489 (500 requested)
Beginning iteration 489
192 segments remain in iteration 489 (192 total)
22 of 24 (91.666667%) active bins are populated
per-bin minimum non-zero probability:       5.37336e-57
per-bin maximum probability:                0.522474
per-bin probability dynamic range (kT):     128.917
per-segment minimum non-zero probability:   6.7167e-58
per-segment maximum non-zero probability:   0.0825622
per-segment probability dynamic range (kT): 129.151
norm = 1, error in norm = -2.22045e-16 (-1*epsilon)
Iteration wallclock: 0:18:26.225062, cputime: 1:47:56.541865


Tue Nov 15 02:40:58 2022
Iteration 490 (500 requested)
Beginning iteration 490
192 segments remain in iteration 490 (192 total)
22 of 24 (91.666667%) active bins are populated
per-bin minimum non-zero probability:       6.7167e-58
per-bin maximum probability:                0.38852
per-bin probability dynamic range (kT):     130.7
per-segment minimum non-zero probability:   8.39587e-59
per-segment maximum non-zero probability:   0.0825622
per-segment probability dynamic range (kT): 131.231
norm = 1, error in norm = -2.22045e-16 (-1*epsilon)
Iteration wallclock: 0:18:20.831895, cputime: 1:47:57.235625


Tue Nov 15 02:59:18 2022
Iteration 491 (500 requested)
Beginning iteration 491
192 segments remain in iteration 491 (192 total)
22 of 24 (91.666667%) active bins are populated
per-bin minimum non-zero probability:       8.39587e-59
per-bin maximum probability:                0.448466
per-bin probability dynamic range (kT):     132.923
per-segment minimum non-zero probability:   1.04948e-59
per-segment maximum non-zero probability:   0.0825622
per-segment probability dynamic range (kT): 133.31
norm = 1, error in norm = -1.11022e-16 (-0.5*epsilon)
Iteration wallclock: 0:18:18.367976, cputime: 1:47:59.190238


Tue Nov 15 03:17:37 2022
Iteration 492 (500 requested)
Beginning iteration 492
192 segments remain in iteration 492 (192 total)
22 of 24 (91.666667%) active bins are populated
per-bin minimum non-zero probability:       1.04948e-59
per-bin maximum probability:                0.362735
per-bin probability dynamic range (kT):     134.79
per-segment minimum non-zero probability:   1.31185e-60
per-segment maximum non-zero probability:   0.0825622
per-segment probability dynamic range (kT): 135.389
norm = 1, error in norm = -2.22045e-16 (-1*epsilon)
Iteration wallclock: 0:18:31.484973, cputime: 1:47:57.581976


Tue Nov 15 03:36:08 2022
Iteration 493 (500 requested)
Beginning iteration 493
192 segments remain in iteration 493 (192 total)
22 of 24 (91.666667%) active bins are populated
per-bin minimum non-zero probability:       1.31185e-60
per-bin maximum probability:                0.41614
per-bin probability dynamic range (kT):     137.007
per-segment minimum non-zero probability:   1.63982e-61
per-segment maximum non-zero probability:   0.0677091
per-segment probability dynamic range (kT): 137.271
norm = 1, error in norm = -2.22045e-16 (-1*epsilon)
Iteration wallclock: 0:18:23.728143, cputime: 1:47:57.650029


Tue Nov 15 03:54:32 2022
Iteration 494 (500 requested)
Beginning iteration 494
192 segments remain in iteration 494 (192 total)
22 of 24 (91.666667%) active bins are populated
per-bin minimum non-zero probability:       1.63982e-61
per-bin maximum probability:                0.404401
per-bin probability dynamic range (kT):     139.058
per-segment minimum non-zero probability:   2.04977e-62
per-segment maximum non-zero probability:   0.062504
per-segment probability dynamic range (kT): 139.27
norm = 1, error in norm = -1.11022e-16 (-0.5*epsilon)
Iteration wallclock: 0:18:34.049242, cputime: 1:47:59.143055


Tue Nov 15 04:13:06 2022
Iteration 495 (500 requested)
Beginning iteration 495
192 segments remain in iteration 495 (192 total)
22 of 24 (91.666667%) active bins are populated
per-bin minimum non-zero probability:       2.80741e-56
per-bin maximum probability:                0.497574
per-bin probability dynamic range (kT):     127.214
per-segment minimum non-zero probability:   3.50927e-57
per-segment maximum non-zero probability:   0.0904896
per-segment probability dynamic range (kT): 127.589
norm = 1, error in norm = -1.11022e-16 (-0.5*epsilon)
Iteration wallclock: 0:18:25.768274, cputime: 1:48:03.158294


Tue Nov 15 04:31:32 2022
Iteration 496 (500 requested)
Beginning iteration 496
192 segments remain in iteration 496 (192 total)
22 of 24 (91.666667%) active bins are populated
per-bin minimum non-zero probability:       3.50927e-57
per-bin maximum probability:                0.407861
per-bin probability dynamic range (kT):     129.095
per-segment minimum non-zero probability:   4.38658e-58
per-segment maximum non-zero probability:   0.0904896
per-segment probability dynamic range (kT): 129.669
norm = 1, error in norm = 0 (0*epsilon)
Iteration wallclock: 0:18:28.095626, cputime: 1:48:02.932487


Tue Nov 15 04:50:00 2022
Iteration 497 (500 requested)
Beginning iteration 497
192 segments remain in iteration 497 (192 total)
22 of 24 (91.666667%) active bins are populated
per-bin minimum non-zero probability:       2.05349e-56
per-bin maximum probability:                0.505677
per-bin probability dynamic range (kT):     127.543
per-segment minimum non-zero probability:   2.19329e-57
per-segment maximum non-zero probability:   0.0904896
per-segment probability dynamic range (kT): 128.059
norm = 1, error in norm = -1.11022e-16 (-0.5*epsilon)
Iteration wallclock: 0:18:41.676887, cputime: 1:48:07.482291


Tue Nov 15 05:08:42 2022
Iteration 498 (500 requested)
Beginning iteration 498
192 segments remain in iteration 498 (192 total)
22 of 24 (91.666667%) active bins are populated
per-bin minimum non-zero probability:       1.35163e-56
per-bin maximum probability:                0.453716
per-bin probability dynamic range (kT):     127.853
per-segment minimum non-zero probability:   1.68954e-57
per-segment maximum non-zero probability:   0.0904896
per-segment probability dynamic range (kT): 128.32
norm = 1, error in norm = -2.22045e-16 (-1*epsilon)
Iteration wallclock: 0:18:35.642671, cputime: 1:48:11.618367


Tue Nov 15 05:27:17 2022
Iteration 499 (500 requested)
Beginning iteration 499
192 segments remain in iteration 499 (192 total)
22 of 24 (91.666667%) active bins are populated
per-bin minimum non-zero probability:       1.68954e-57
per-bin maximum probability:                0.477455
per-bin probability dynamic range (kT):     129.984
per-segment minimum non-zero probability:   2.11193e-58
per-segment maximum non-zero probability:   0.0904896
per-segment probability dynamic range (kT): 130.4
norm = 1, error in norm = 0 (0*epsilon)
Iteration wallclock: 0:18:27.307440, cputime: 1:48:05.230749


Tue Nov 15 05:45:45 2022
Iteration 500 (500 requested)
Beginning iteration 500
192 segments remain in iteration 500 (192 total)
22 of 24 (91.666667%) active bins are populated
per-bin minimum non-zero probability:       2.11193e-58
per-bin maximum probability:                0.472169
per-bin probability dynamic range (kT):     132.052
per-segment minimum non-zero probability:   2.63991e-59
per-segment maximum non-zero probability:   0.0904896
per-segment probability dynamic range (kT): 132.479
norm = 1, error in norm = -2.22045e-16 (-1*epsilon)
Iteration wallclock: 0:18:29.333320, cputime: 1:48:08.695768


Tue Nov 15 06:04:14 2022
WEST run complete.
