Updating system with the options from the configuration file
Maximum wallclock time: 1 day, 0:00:00

Sun May  5 21:37:48 2024
Iteration 667 (1000 requested)
Beginning iteration 667
124 segments remain in iteration 667 (124 total)
31 of 34 (91.176471%) active bins are populated
per-bin minimum non-zero probability:       1.28085e-27
per-bin maximum probability:                0.726399
per-bin probability dynamic range (kT):     61.6026
per-segment minimum non-zero probability:   2.15548e-33
per-segment maximum non-zero probability:   0.264519
per-segment probability dynamic range (kT): 73.8875
norm = 1, error in norm = 0 (0*epsilon)
MAB binning in use
Bottleneck bin occupancy may not be accurately reported
Waiting for segments to complete...
################ MAB stats ################
minima in each dimension:      [15.7551]
maxima in each dimension:      [39.9582]
direction in each dimension:   [86]
skip in each dimension:        [0]
###########################################
Iteration completed successfully
Iteration wallclock: 0:10:14.534778, cputime: 0:45:54.330365


Sun May  5 21:48:03 2024
Iteration 668 (1000 requested)
Beginning iteration 668
124 segments remain in iteration 668 (124 total)
31 of 34 (91.176471%) active bins are populated
per-bin minimum non-zero probability:       3.63116e-28
per-bin maximum probability:                0.941984
per-bin probability dynamic range (kT):     63.1231
per-segment minimum non-zero probability:   4.31096e-33
per-segment maximum non-zero probability:   0.264519
per-segment probability dynamic range (kT): 73.1943
norm = 1, error in norm = 2.22045e-16 (1*epsilon)
MAB binning in use
Bottleneck bin occupancy may not be accurately reported
Waiting for segments to complete...
################ MAB stats ################
minima in each dimension:      [15.1098]
maxima in each dimension:      [39.6657]
direction in each dimension:   [86]
skip in each dimension:        [0]
###########################################
Iteration completed successfully
Iteration wallclock: 0:08:30.954036, cputime: 0:46:10.539833


Sun May  5 21:56:34 2024
Iteration 669 (1000 requested)
Beginning iteration 669
128 segments remain in iteration 669 (128 total)
33 of 34 (97.058824%) active bins are populated
per-bin minimum non-zero probability:       9.02141e-28
per-bin maximum probability:                0.969057
per-bin probability dynamic range (kT):     62.2414
per-segment minimum non-zero probability:   9.0779e-29
per-segment maximum non-zero probability:   0.264519
per-segment probability dynamic range (kT): 63.2393
norm = 1, error in norm = 2.22045e-16 (1*epsilon)
MAB binning in use
Bottleneck bin occupancy may not be accurately reported
Waiting for segments to complete...
################ MAB stats ################
minima in each dimension:      [15.6953]
maxima in each dimension:      [39.7552]
direction in each dimension:   [86]
skip in each dimension:        [0]
###########################################
Iteration completed successfully
Iteration wallclock: 0:08:36.960514, cputime: 0:47:20.614259


Sun May  5 22:05:11 2024
Iteration 670 (1000 requested)
Beginning iteration 670
124 segments remain in iteration 670 (124 total)
31 of 34 (91.176471%) active bins are populated
per-bin minimum non-zero probability:       9.9292e-28
per-bin maximum probability:                0.984528
per-bin probability dynamic range (kT):     62.1613
per-segment minimum non-zero probability:   1.05438e-28
per-segment maximum non-zero probability:   0.264519
per-segment probability dynamic range (kT): 63.0896
norm = 1, error in norm = 2.22045e-16 (1*epsilon)
MAB binning in use
Bottleneck bin occupancy may not be accurately reported
Waiting for segments to complete...
################ MAB stats ################
minima in each dimension:      [16.0547]
maxima in each dimension:      [39.8859]
direction in each dimension:   [86]
skip in each dimension:        [0]
###########################################
Iteration completed successfully
Iteration wallclock: 0:08:33.783896, cputime: 0:46:00.444927


Sun May  5 22:13:45 2024
Iteration 671 (1000 requested)
Beginning iteration 671
116 segments remain in iteration 671 (116 total)
29 of 34 (85.294118%) active bins are populated
per-bin minimum non-zero probability:       1.05438e-28
per-bin maximum probability:                0.998386
per-bin probability dynamic range (kT):     64.4178
per-segment minimum non-zero probability:   2.63595e-29
per-segment maximum non-zero probability:   0.264519
per-segment probability dynamic range (kT): 64.4759
norm = 1, error in norm = 0 (0*epsilon)
MAB binning in use
Bottleneck bin occupancy may not be accurately reported
Waiting for segments to complete...
################ MAB stats ################
minima in each dimension:      [16.2487]
maxima in each dimension:      [39.9792]
direction in each dimension:   [86]
skip in each dimension:        [0]
###########################################
Iteration completed successfully
Iteration wallclock: 0:08:04.609823, cputime: 0:43:01.619693


Sun May  5 22:21:49 2024
Iteration 672 (1000 requested)
Beginning iteration 672
124 segments remain in iteration 672 (124 total)
31 of 34 (91.176471%) active bins are populated
per-bin minimum non-zero probability:       4.26951e-28
per-bin maximum probability:                0.999354
per-bin probability dynamic range (kT):     63.0202
per-segment minimum non-zero probability:   1.06738e-28
per-segment maximum non-zero probability:   0.264519
per-segment probability dynamic range (kT): 63.0773
norm = 1, error in norm = 2.22045e-16 (1*epsilon)
MAB binning in use
Bottleneck bin occupancy may not be accurately reported
Waiting for segments to complete...
################ MAB stats ################
minima in each dimension:      [16.7607]
maxima in each dimension:      [39.6842]
direction in each dimension:   [86]
skip in each dimension:        [0]
###########################################
Iteration completed successfully
Iteration wallclock: 0:08:31.255319, cputime: 0:46:01.601475


Sun May  5 22:30:21 2024
Iteration 673 (1000 requested)
Beginning iteration 673
120 segments remain in iteration 673 (120 total)
31 of 34 (91.176471%) active bins are populated
per-bin minimum non-zero probability:       1.03502e-27
per-bin maximum probability:                0.999626
per-bin probability dynamic range (kT):     62.135
per-segment minimum non-zero probability:   2.13476e-28
per-segment maximum non-zero probability:   0.264519
per-segment probability dynamic range (kT): 62.3842
norm = 1, error in norm = 2.22045e-16 (1*epsilon)
MAB binning in use
Bottleneck bin occupancy may not be accurately reported
Waiting for segments to complete...
################ MAB stats ################
minima in each dimension:      [16.7411]
maxima in each dimension:      [39.7135]
direction in each dimension:   [86]
skip in each dimension:        [0]
###########################################
Iteration completed successfully
Iteration wallclock: 0:08:01.826090, cputime: 0:44:35.229136


Sun May  5 22:38:22 2024
Iteration 674 (1000 requested)
Beginning iteration 674
132 segments remain in iteration 674 (132 total)
33 of 34 (97.058824%) active bins are populated
per-bin minimum non-zero probability:       6.19193e-28
per-bin maximum probability:                0.99976
per-bin probability dynamic range (kT):     62.6489
per-segment minimum non-zero probability:   1.20146e-28
per-segment maximum non-zero probability:   0.264519
per-segment probability dynamic range (kT): 62.959
norm = 1, error in norm = 2.22045e-16 (1*epsilon)
MAB binning in use
Bottleneck bin occupancy may not be accurately reported
Waiting for segments to complete...
################ MAB stats ################
minima in each dimension:      [16.1759]
maxima in each dimension:      [39.6895]
direction in each dimension:   [86]
skip in each dimension:        [0]
###########################################
Iteration completed successfully
Iteration wallclock: 0:09:07.378879, cputime: 0:48:59.125648


Sun May  5 22:47:30 2024
Iteration 675 (1000 requested)
Beginning iteration 675
124 segments remain in iteration 675 (124 total)
31 of 34 (91.176471%) active bins are populated
per-bin minimum non-zero probability:       1.03502e-27
per-bin maximum probability:                0.99977
per-bin probability dynamic range (kT):     62.1352
per-segment minimum non-zero probability:   2.58754e-28
per-segment maximum non-zero probability:   0.264519
per-segment probability dynamic range (kT): 62.1918
norm = 1, error in norm = 2.22045e-16 (1*epsilon)
MAB binning in use
Bottleneck bin occupancy may not be accurately reported
Waiting for segments to complete...
################ MAB stats ################
minima in each dimension:      [15.3544]
maxima in each dimension:      [39.3404]
direction in each dimension:   [86]
skip in each dimension:        [0]
###########################################
Iteration completed successfully
Iteration wallclock: 0:08:33.504876, cputime: 0:45:50.643243


Sun May  5 22:56:03 2024
Iteration 676 (1000 requested)
Beginning iteration 676
116 segments remain in iteration 676 (116 total)
29 of 34 (85.294118%) active bins are populated
per-bin minimum non-zero probability:       2.01719e-27
per-bin maximum probability:                0.999856
per-bin probability dynamic range (kT):     61.4679
per-segment minimum non-zero probability:   2.58754e-28
per-segment maximum non-zero probability:   0.264519
per-segment probability dynamic range (kT): 62.1918
norm = 1, error in norm = 2.22045e-16 (1*epsilon)
MAB binning in use
Bottleneck bin occupancy may not be accurately reported
Waiting for segments to complete...
################ MAB stats ################
minima in each dimension:      [15.7303]
maxima in each dimension:      [39.9259]
direction in each dimension:   [86]
skip in each dimension:        [0]
###########################################
Iteration completed successfully
Iteration wallclock: 0:08:00.249543, cputime: 0:42:59.974468


Sun May  5 23:04:04 2024
Iteration 677 (1000 requested)
Beginning iteration 677
124 segments remain in iteration 677 (124 total)
31 of 34 (91.176471%) active bins are populated
per-bin minimum non-zero probability:       6.5362e-28
per-bin maximum probability:                0.999886
per-bin probability dynamic range (kT):     62.5949
per-segment minimum non-zero probability:   1.63405e-28
per-segment maximum non-zero probability:   0.264519
per-segment probability dynamic range (kT): 62.6515
norm = 1, error in norm = 2.22045e-16 (1*epsilon)
MAB binning in use
Bottleneck bin occupancy may not be accurately reported
Waiting for segments to complete...
################ MAB stats ################
minima in each dimension:      [15.8496]
maxima in each dimension:      [39.6692]
direction in each dimension:   [86]
skip in each dimension:        [0]
###########################################
Iteration completed successfully
Iteration wallclock: 0:08:30.000088, cputime: 0:46:13.141085


Sun May  5 23:12:34 2024
Iteration 678 (1000 requested)
Beginning iteration 678
128 segments remain in iteration 678 (128 total)
32 of 34 (94.117647%) active bins are populated
per-bin minimum non-zero probability:       1.49856e-27
per-bin maximum probability:                0.999922
per-bin probability dynamic range (kT):     61.7652
per-segment minimum non-zero probability:   2.03693e-28
per-segment maximum non-zero probability:   0.264519
per-segment probability dynamic range (kT): 62.4311
norm = 1, error in norm = 2.22045e-16 (1*epsilon)
MAB binning in use
Bottleneck bin occupancy may not be accurately reported
Waiting for segments to complete...
################ MAB stats ################
minima in each dimension:      [16.0373]
maxima in each dimension:      [39.5239]
direction in each dimension:   [86]
skip in each dimension:        [0]
###########################################
Iteration completed successfully
Iteration wallclock: 0:08:32.278343, cputime: 0:47:41.474592


Sun May  5 23:21:06 2024
Iteration 679 (1000 requested)
Beginning iteration 679
128 segments remain in iteration 679 (128 total)
31 of 34 (91.176471%) active bins are populated
per-bin minimum non-zero probability:       6.7554e-28
per-bin maximum probability:                0.999938
per-bin probability dynamic range (kT):     62.562
per-segment minimum non-zero probability:   1.68885e-28
per-segment maximum non-zero probability:   0.264519
per-segment probability dynamic range (kT): 62.6185
norm = 1, error in norm = 2.22045e-16 (1*epsilon)
MAB binning in use
Bottleneck bin occupancy may not be accurately reported
Waiting for segments to complete...
################ MAB stats ################
minima in each dimension:      [16.1652]
maxima in each dimension:      [39.8556]
direction in each dimension:   [86]
skip in each dimension:        [0]
###########################################
Iteration completed successfully
Iteration wallclock: 0:08:33.303299, cputime: 0:47:42.797727


Sun May  5 23:29:39 2024
Iteration 680 (1000 requested)
Beginning iteration 680
124 segments remain in iteration 680 (124 total)
31 of 34 (91.176471%) active bins are populated
per-bin minimum non-zero probability:       1.19883e-27
per-bin maximum probability:                0.75365
per-bin probability dynamic range (kT):     61.7056
per-segment minimum non-zero probability:   2.99708e-28
per-segment maximum non-zero probability:   0.264519
per-segment probability dynamic range (kT): 62.0449
norm = 1, error in norm = 2.22045e-16 (1*epsilon)
MAB binning in use
Bottleneck bin occupancy may not be accurately reported
Waiting for segments to complete...
################ MAB stats ################
minima in each dimension:      [15.3009]
maxima in each dimension:      [39.8549]
direction in each dimension:   [86]
skip in each dimension:        [0]
###########################################
Iteration completed successfully
Iteration wallclock: 0:08:30.785174, cputime: 0:46:07.666828


Sun May  5 23:38:10 2024
Iteration 681 (1000 requested)
Beginning iteration 681
128 segments remain in iteration 681 (128 total)
31 of 34 (91.176471%) active bins are populated
per-bin minimum non-zero probability:       5.99417e-28
per-bin maximum probability:                0.99996
per-bin probability dynamic range (kT):     62.6816
per-segment minimum non-zero probability:   1.49854e-28
per-segment maximum non-zero probability:   0.264519
per-segment probability dynamic range (kT): 62.738
norm = 1, error in norm = 2.22045e-16 (1*epsilon)
MAB binning in use
Bottleneck bin occupancy may not be accurately reported
Waiting for segments to complete...
################ MAB stats ################
minima in each dimension:      [15.148]
maxima in each dimension:      [39.9502]
direction in each dimension:   [86]
skip in each dimension:        [0]
###########################################
Iteration completed successfully
Iteration wallclock: 0:08:33.349917, cputime: 0:47:44.174335


Sun May  5 23:46:43 2024
Iteration 682 (1000 requested)
Beginning iteration 682
128 segments remain in iteration 682 (128 total)
33 of 34 (97.058824%) active bins are populated
per-bin minimum non-zero probability:       1.33277e-27
per-bin maximum probability:                0.999962
per-bin probability dynamic range (kT):     61.8825
per-segment minimum non-zero probability:   3.19497e-28
per-segment maximum non-zero probability:   0.264519
per-segment probability dynamic range (kT): 61.981
norm = 1, error in norm = 2.22045e-16 (1*epsilon)
MAB binning in use
Bottleneck bin occupancy may not be accurately reported
Waiting for segments to complete...
