MPI startup(): PMI server not found. Please set I_MPI_PMI_LIBRARY variable if it is not a singleton case.
Updating system with the options from the configuration file
Maximum wallclock time: 2 days, 0:00:00

Tue Mar 12 19:40:21 2024
Iteration 23 (1000 requested)
Beginning iteration 23
54 segments remain in iteration 23 (54 total)
6 of 38 (15.789474%) active bins are populated
per-bin minimum non-zero probability:       0.0407255
per-bin maximum probability:                0.238549
per-bin probability dynamic range (kT):     1.76772
per-segment minimum non-zero probability:   0.000148851
per-segment maximum non-zero probability:   0.0567989
per-segment probability dynamic range (kT): 5.94432
norm = 1, error in norm = -2.22045e-16 (-1*epsilon)
Iteration wallclock: 0:03:58.435579, cputime: 0:27:01.728325


Tue Mar 12 19:44:20 2024
Iteration 24 (1000 requested)
Beginning iteration 24
54 segments remain in iteration 24 (54 total)
6 of 38 (15.789474%) active bins are populated
per-bin minimum non-zero probability:       0.0904311
per-bin maximum probability:                0.247608
per-bin probability dynamic range (kT):     1.00726
per-segment minimum non-zero probability:   2.48085e-05
per-segment maximum non-zero probability:   0.0567989
per-segment probability dynamic range (kT): 7.73608
norm = 1, error in norm = 2.22045e-16 (1*epsilon)
Iteration wallclock: 0:03:44.773707, cputime: 0:27:07.207770


Tue Mar 12 19:48:04 2024
Iteration 25 (1000 requested)
Beginning iteration 25
54 segments remain in iteration 25 (54 total)
6 of 38 (15.789474%) active bins are populated
per-bin minimum non-zero probability:       0.0288084
per-bin maximum probability:                0.260506
per-bin probability dynamic range (kT):     2.20196
per-segment minimum non-zero probability:   4.13476e-06
per-segment maximum non-zero probability:   0.0567989
per-segment probability dynamic range (kT): 9.52784
norm = 1, error in norm = -2.22045e-16 (-1*epsilon)
Iteration wallclock: 0:03:38.630558, cputime: 0:27:14.194755


Tue Mar 12 19:51:43 2024
Iteration 26 (1000 requested)
Beginning iteration 26
60 segments remain in iteration 26 (60 total)
6 of 38 (15.789474%) active bins are populated
per-bin minimum non-zero probability:       0.088632
per-bin maximum probability:                0.232605
per-bin probability dynamic range (kT):     0.96485
per-segment minimum non-zero probability:   6.89126e-07
per-segment maximum non-zero probability:   0.056518
per-segment probability dynamic range (kT): 11.3146
norm = 1, error in norm = 0 (0*epsilon)
Iteration wallclock: 0:04:09.537932, cputime: 0:30:11.753221


Tue Mar 12 19:55:53 2024
Iteration 27 (1000 requested)
Beginning iteration 27
60 segments remain in iteration 27 (60 total)
6 of 38 (15.789474%) active bins are populated
per-bin minimum non-zero probability:       0.09279
per-bin maximum probability:                0.205777
per-bin probability dynamic range (kT):     0.796457
per-segment minimum non-zero probability:   1.14854e-07
per-segment maximum non-zero probability:   0.0547383
per-segment probability dynamic range (kT): 13.0744
norm = 1, error in norm = 0 (0*epsilon)
Iteration wallclock: 0:04:07.476454, cputime: 0:30:20.550889


Tue Mar 12 20:00:00 2024
Iteration 28 (1000 requested)
Beginning iteration 28
60 segments remain in iteration 28 (60 total)
6 of 38 (15.789474%) active bins are populated
per-bin minimum non-zero probability:       0.0473919
per-bin maximum probability:                0.291435
per-bin probability dynamic range (kT):     1.81637
per-segment minimum non-zero probability:   1.91424e-08
per-segment maximum non-zero probability:   0.0619856
per-segment probability dynamic range (kT): 14.9905
norm = 1, error in norm = 2.22045e-16 (1*epsilon)
Iteration wallclock: 0:04:09.929807, cputime: 0:30:12.789921


Tue Mar 12 20:04:10 2024
Iteration 29 (1000 requested)
Beginning iteration 29
54 segments remain in iteration 29 (54 total)
6 of 38 (15.789474%) active bins are populated
per-bin minimum non-zero probability:       0.015098
per-bin maximum probability:                0.308233
per-bin probability dynamic range (kT):     3.0163
per-segment minimum non-zero probability:   5.53618e-06
per-segment maximum non-zero probability:   0.0591526
per-segment probability dynamic range (kT): 9.27657
norm = 1, error in norm = 0 (0*epsilon)
Iteration wallclock: 0:03:41.853091, cputime: 0:27:14.475598


Tue Mar 12 20:07:52 2024
Iteration 30 (1000 requested)
Beginning iteration 30
54 segments remain in iteration 30 (54 total)
6 of 38 (15.789474%) active bins are populated
per-bin minimum non-zero probability:       0.010446
per-bin maximum probability:                0.285216
per-bin probability dynamic range (kT):     3.30703
per-segment minimum non-zero probability:   0.00172182
per-segment maximum non-zero probability:   0.0591526
per-segment probability dynamic range (kT): 3.53674
norm = 1, error in norm = -2.22045e-16 (-1*epsilon)
Iteration wallclock: 0:03:50.021891, cputime: 0:27:21.195825


Tue Mar 12 20:11:42 2024
Iteration 31 (1000 requested)
Beginning iteration 31
48 segments remain in iteration 31 (48 total)
6 of 38 (15.789474%) active bins are populated
per-bin minimum non-zero probability:       0.0531683
per-bin maximum probability:                0.329935
per-bin probability dynamic range (kT):     1.82543
per-segment minimum non-zero probability:   0.00157046
per-segment maximum non-zero probability:   0.0833572
per-segment probability dynamic range (kT): 3.97177
norm = 1, error in norm = 0 (0*epsilon)
Iteration wallclock: 0:03:27.874692, cputime: 0:24:10.988912


Tue Mar 12 20:15:10 2024
Iteration 32 (1000 requested)
Beginning iteration 32
54 segments remain in iteration 32 (54 total)
6 of 38 (15.789474%) active bins are populated
per-bin minimum non-zero probability:       0.0547587
per-bin maximum probability:                0.267923
per-bin probability dynamic range (kT):     1.58776
per-segment minimum non-zero probability:   0.000573941
per-segment maximum non-zero probability:   0.058234
per-segment probability dynamic range (kT): 4.6197
norm = 1, error in norm = -2.22045e-16 (-1*epsilon)
Iteration wallclock: 0:03:33.500737, cputime: 0:27:14.437363


Tue Mar 12 20:18:43 2024
Iteration 33 (1000 requested)
Beginning iteration 33
60 segments remain in iteration 33 (60 total)
6 of 38 (15.789474%) active bins are populated
per-bin minimum non-zero probability:       0.0358416
per-bin maximum probability:                0.326327
per-bin probability dynamic range (kT):     2.20879
per-segment minimum non-zero probability:   0.00118517
per-segment maximum non-zero probability:   0.0781811
per-segment probability dynamic range (kT): 4.18914
norm = 1, error in norm = 0 (0*epsilon)
Iteration wallclock: 0:04:01.160579, cputime: 0:30:03.801772


Tue Mar 12 20:22:44 2024
Iteration 34 (1000 requested)
Beginning iteration 34
54 segments remain in iteration 34 (54 total)
6 of 38 (15.789474%) active bins are populated
per-bin minimum non-zero probability:       0.040524
per-bin maximum probability:                0.357828
per-bin probability dynamic range (kT):     2.17816
per-segment minimum non-zero probability:   0.000971778
per-segment maximum non-zero probability:   0.0781811
per-segment probability dynamic range (kT): 4.38766
norm = 1, error in norm = 0 (0*epsilon)
Iteration wallclock: 0:03:31.055028, cputime: 0:27:13.070644


Tue Mar 12 20:26:15 2024
Iteration 35 (1000 requested)
Beginning iteration 35
54 segments remain in iteration 35 (54 total)
6 of 38 (15.789474%) active bins are populated
per-bin minimum non-zero probability:       0.0123203
per-bin maximum probability:                0.324082
per-bin probability dynamic range (kT):     3.26975
per-segment minimum non-zero probability:   0.000197462
per-segment maximum non-zero probability:   0.0747573
per-segment probability dynamic range (kT): 5.93646
norm = 1, error in norm = 0 (0*epsilon)
Iteration wallclock: 0:03:28.835555, cputime: 0:27:08.072114


Tue Mar 12 20:29:44 2024
Iteration 36 (1000 requested)
Beginning iteration 36
60 segments remain in iteration 36 (60 total)
6 of 38 (15.789474%) active bins are populated
per-bin minimum non-zero probability:       0.0866818
per-bin maximum probability:                0.301262
per-bin probability dynamic range (kT):     1.24574
per-segment minimum non-zero probability:   0.000359425
per-segment maximum non-zero probability:   0.0608337
per-segment probability dynamic range (kT): 5.13139
norm = 1, error in norm = -2.22045e-16 (-1*epsilon)
Iteration wallclock: 0:04:03.243765, cputime: 0:30:16.322504


Tue Mar 12 20:33:48 2024
Iteration 37 (1000 requested)
Beginning iteration 37
54 segments remain in iteration 37 (54 total)
6 of 38 (15.789474%) active bins are populated
per-bin minimum non-zero probability:       0.00895663
per-bin maximum probability:                0.307393
per-bin probability dynamic range (kT):     3.53573
per-segment minimum non-zero probability:   0.00019745
per-segment maximum non-zero probability:   0.0608337
per-segment probability dynamic range (kT): 5.73041
norm = 1, error in norm = 0 (0*epsilon)
Iteration wallclock: 0:03:37.025392, cputime: 0:27:22.641373


Tue Mar 12 20:37:25 2024
Iteration 38 (1000 requested)
Beginning iteration 38
60 segments remain in iteration 38 (60 total)
6 of 38 (15.789474%) active bins are populated
per-bin minimum non-zero probability:       0.0747396
per-bin maximum probability:                0.343627
per-bin probability dynamic range (kT):     1.52555
per-segment minimum non-zero probability:   3.29084e-05
per-segment maximum non-zero probability:   0.0712855
per-segment probability dynamic range (kT): 7.68072
norm = 1, error in norm = 0 (0*epsilon)
Iteration wallclock: 0:04:16.777854, cputime: 0:30:24.274885


Tue Mar 12 20:41:41 2024
Iteration 39 (1000 requested)
Beginning iteration 39
60 segments remain in iteration 39 (60 total)
6 of 38 (15.789474%) active bins are populated
per-bin minimum non-zero probability:       0.0467691
per-bin maximum probability:                0.231753
per-bin probability dynamic range (kT):     1.60045
per-segment minimum non-zero probability:   5.48473e-06
per-segment maximum non-zero probability:   0.0608337
per-segment probability dynamic range (kT): 9.31393
norm = 1, error in norm = 0 (0*epsilon)
Iteration wallclock: 0:04:07.556715, cputime: 0:30:25.950513


Tue Mar 12 20:45:49 2024
Iteration 40 (1000 requested)
Beginning iteration 40
54 segments remain in iteration 40 (54 total)
6 of 38 (15.789474%) active bins are populated
per-bin minimum non-zero probability:       0.0675217
per-bin maximum probability:                0.297728
per-bin probability dynamic range (kT):     1.48373
per-segment minimum non-zero probability:   9.14121e-07
per-segment maximum non-zero probability:   0.0636536
per-segment probability dynamic range (kT): 11.151
norm = 1, error in norm = -3.33067e-16 (-1.5*epsilon)
Iteration wallclock: 0:03:32.830242, cputime: 0:27:20.253313


Tue Mar 12 20:49:22 2024
Iteration 41 (1000 requested)
Beginning iteration 41
54 segments remain in iteration 41 (54 total)
6 of 38 (15.789474%) active bins are populated
per-bin minimum non-zero probability:       0.049313
per-bin maximum probability:                0.304308
per-bin probability dynamic range (kT):     1.81985
per-segment minimum non-zero probability:   0.0026402
per-segment maximum non-zero probability:   0.0608337
per-segment probability dynamic range (kT): 3.13729
norm = 1, error in norm = 0 (0*epsilon)
Iteration wallclock: 0:03:34.201511, cputime: 0:27:15.318249


Tue Mar 12 20:52:56 2024
Iteration 42 (1000 requested)
Beginning iteration 42
60 segments remain in iteration 42 (60 total)
6 of 38 (15.789474%) active bins are populated
per-bin minimum non-zero probability:       0.083985
per-bin maximum probability:                0.291441
per-bin probability dynamic range (kT):     1.2442
per-segment minimum non-zero probability:   0.00112603
per-segment maximum non-zero probability:   0.0642942
per-segment probability dynamic range (kT): 4.04477
norm = 1, error in norm = -2.22045e-16 (-1*epsilon)
Iteration wallclock: 0:04:03.210553, cputime: 0:30:22.867904


Tue Mar 12 20:56:59 2024
Iteration 43 (1000 requested)
Beginning iteration 43
54 segments remain in iteration 43 (54 total)
6 of 38 (15.789474%) active bins are populated
per-bin minimum non-zero probability:       0.0380066
per-bin maximum probability:                0.235893
per-bin probability dynamic range (kT):     1.82562
per-segment minimum non-zero probability:   0.000187672
per-segment maximum non-zero probability:   0.0608337
per-segment probability dynamic range (kT): 5.7812
norm = 1, error in norm = 0 (0*epsilon)
Iteration wallclock: 0:03:42.402092, cputime: 0:27:20.121438


Tue Mar 12 21:00:42 2024
Iteration 44 (1000 requested)
Beginning iteration 44
60 segments remain in iteration 44 (60 total)
6 of 38 (15.789474%) active bins are populated
per-bin minimum non-zero probability:       0.0708754
per-bin maximum probability:                0.237497
per-bin probability dynamic range (kT):     1.20923
per-segment minimum non-zero probability:   3.12787e-05
per-segment maximum non-zero probability:   0.0520424
per-segment probability dynamic range (kT): 7.41687
norm = 1, error in norm = -3.33067e-16 (-1.5*epsilon)
Iteration wallclock: 0:04:07.316570, cputime: 0:30:12.564667


Tue Mar 12 21:04:49 2024
Iteration 45 (1000 requested)
Beginning iteration 45
60 segments remain in iteration 45 (60 total)
6 of 38 (15.789474%) active bins are populated
per-bin minimum non-zero probability:       0.0291671
per-bin maximum probability:                0.369647
per-bin probability dynamic range (kT):     2.53951
per-segment minimum non-zero probability:   5.21312e-06
per-segment maximum non-zero probability:   0.0720896
per-segment probability dynamic range (kT): 9.53449
norm = 1, error in norm = 0 (0*epsilon)
Iteration wallclock: 0:04:07.674445, cputime: 0:30:25.014515


Tue Mar 12 21:08:57 2024
Iteration 46 (1000 requested)
Beginning iteration 46
60 segments remain in iteration 46 (60 total)
6 of 38 (15.789474%) active bins are populated
per-bin minimum non-zero probability:       0.019946
per-bin maximum probability:                0.353356
per-bin probability dynamic range (kT):     2.87445
per-segment minimum non-zero probability:   8.68854e-07
per-segment maximum non-zero probability:   0.0671991
per-segment probability dynamic range (kT): 11.256
norm = 1, error in norm = 0 (0*epsilon)
Iteration wallclock: 0:04:07.101945, cputime: 0:30:21.683359


Tue Mar 12 21:13:04 2024
Iteration 47 (1000 requested)
Beginning iteration 47
60 segments remain in iteration 47 (60 total)
6 of 38 (15.789474%) active bins are populated
per-bin minimum non-zero probability:       0.00722897
per-bin maximum probability:                0.343095
per-bin probability dynamic range (kT):     3.85991
per-segment minimum non-zero probability:   1.44809e-07
per-segment maximum non-zero probability:   0.0671991
per-segment probability dynamic range (kT): 13.0478
norm = 1, error in norm = 0 (0*epsilon)
Iteration wallclock: 0:04:05.486674, cputime: 0:30:16.777205


Tue Mar 12 21:17:09 2024
Iteration 48 (1000 requested)
Beginning iteration 48
54 segments remain in iteration 48 (54 total)
6 of 38 (15.789474%) active bins are populated
per-bin minimum non-zero probability:       0.0405944
per-bin maximum probability:                0.275706
per-bin probability dynamic range (kT):     1.9157
per-segment minimum non-zero probability:   0.00103542
per-segment maximum non-zero probability:   0.0485273
per-segment probability dynamic range (kT): 3.84732
norm = 1, error in norm = -2.22045e-16 (-1*epsilon)
Iteration wallclock: 0:03:44.516436, cputime: 0:27:20.539950


Tue Mar 12 21:20:54 2024
Iteration 49 (1000 requested)
Beginning iteration 49
48 segments remain in iteration 49 (48 total)
6 of 38 (15.789474%) active bins are populated
per-bin minimum non-zero probability:       0.0768491
per-bin maximum probability:                0.23214
per-bin probability dynamic range (kT):     1.1055
per-segment minimum non-zero probability:   0.00443818
per-segment maximum non-zero probability:   0.0485273
per-segment probability dynamic range (kT): 2.39188
norm = 1, error in norm = 0 (0*epsilon)
Iteration wallclock: 0:03:30.469644, cputime: 0:24:15.490537


Tue Mar 12 21:24:24 2024
Iteration 50 (1000 requested)
Beginning iteration 50
48 segments remain in iteration 50 (48 total)
6 of 38 (15.789474%) active bins are populated
per-bin minimum non-zero probability:       0.0427656
per-bin maximum probability:                0.260566
per-bin probability dynamic range (kT):     1.80712
per-segment minimum non-zero probability:   0.00443818
per-segment maximum non-zero probability:   0.0490981
per-segment probability dynamic range (kT): 2.40358
norm = 1, error in norm = -2.22045e-16 (-1*epsilon)
Iteration wallclock: 0:03:26.931276, cputime: 0:24:14.065120


Tue Mar 12 21:27:51 2024
Iteration 51 (1000 requested)
Beginning iteration 51
54 segments remain in iteration 51 (54 total)
6 of 38 (15.789474%) active bins are populated
per-bin minimum non-zero probability:       0.123142
per-bin maximum probability:                0.232795
per-bin probability dynamic range (kT):     0.636819
per-segment minimum non-zero probability:   0.000991174
per-segment maximum non-zero probability:   0.0490981
per-segment probability dynamic range (kT): 3.90269
norm = 1, error in norm = -2.22045e-16 (-1*epsilon)
Iteration wallclock: 0:03:35.298888, cputime: 0:27:20.178340


Tue Mar 12 21:31:27 2024
Iteration 52 (1000 requested)
Beginning iteration 52
54 segments remain in iteration 52 (54 total)
6 of 38 (15.789474%) active bins are populated
per-bin minimum non-zero probability:       0.0360904
per-bin maximum probability:                0.331337
per-bin probability dynamic range (kT):     2.21711
per-segment minimum non-zero probability:   0.000165196
per-segment maximum non-zero probability:   0.0660334
per-segment probability dynamic range (kT): 5.99079
norm = 1, error in norm = -4.44089e-16 (-2*epsilon)
Iteration wallclock: 0:03:33.955037, cputime: 0:27:30.694272


Tue Mar 12 21:35:01 2024
Iteration 53 (1000 requested)
Beginning iteration 53
54 segments remain in iteration 53 (54 total)
6 of 38 (15.789474%) active bins are populated
per-bin minimum non-zero probability:       0.0613535
per-bin maximum probability:                0.275511
per-bin probability dynamic range (kT):     1.50198
per-segment minimum non-zero probability:   0.000330391
per-segment maximum non-zero probability:   0.0660334
per-segment probability dynamic range (kT): 5.29764
norm = 1, error in norm = -2.22045e-16 (-1*epsilon)
Iteration wallclock: 0:03:33.246993, cputime: 0:27:28.283745


Tue Mar 12 21:38:34 2024
Iteration 54 (1000 requested)
Beginning iteration 54
54 segments remain in iteration 54 (54 total)
6 of 38 (15.789474%) active bins are populated
per-bin minimum non-zero probability:       0.0870103
per-bin maximum probability:                0.243755
per-bin probability dynamic range (kT):     1.03014
per-segment minimum non-zero probability:   0.000115321
per-segment maximum non-zero probability:   0.0660334
per-segment probability dynamic range (kT): 6.3502
norm = 1, error in norm = 0 (0*epsilon)
Iteration wallclock: 0:03:32.728250, cputime: 0:27:28.776659


Tue Mar 12 21:42:07 2024
Iteration 55 (1000 requested)
Beginning iteration 55
60 segments remain in iteration 55 (60 total)
6 of 38 (15.789474%) active bins are populated
per-bin minimum non-zero probability:       0.0142637
per-bin maximum probability:                0.343733
per-bin probability dynamic range (kT):     3.18215
per-segment minimum non-zero probability:   1.92201e-05
per-segment maximum non-zero probability:   0.0660334
per-segment probability dynamic range (kT): 8.14196
norm = 1, error in norm = 0 (0*epsilon)
Iteration wallclock: 0:04:12.177788, cputime: 0:30:25.067215


Tue Mar 12 21:46:19 2024
Iteration 56 (1000 requested)
Beginning iteration 56
54 segments remain in iteration 56 (54 total)
6 of 38 (15.789474%) active bins are populated
per-bin minimum non-zero probability:       0.072498
per-bin maximum probability:                0.24086
per-bin probability dynamic range (kT):     1.20066
per-segment minimum non-zero probability:   3.20335e-06
per-segment maximum non-zero probability:   0.0616584
per-segment probability dynamic range (kT): 9.86517
norm = 1, error in norm = 0 (0*epsilon)
Iteration wallclock: 0:03:31.880195, cputime: 0:27:17.044852


Tue Mar 12 21:49:51 2024
Iteration 57 (1000 requested)
Beginning iteration 57
60 segments remain in iteration 57 (60 total)
6 of 38 (15.789474%) active bins are populated
per-bin minimum non-zero probability:       0.0439794
per-bin maximum probability:                0.31544
per-bin probability dynamic range (kT):     1.97025
per-segment minimum non-zero probability:   5.33892e-07
per-segment maximum non-zero probability:   0.0593116
per-segment probability dynamic range (kT): 11.6181
norm = 1, error in norm = 0 (0*epsilon)
Iteration wallclock: 0:04:09.793958, cputime: 0:30:23.622952


Tue Mar 12 21:54:00 2024
Iteration 58 (1000 requested)
Beginning iteration 58
60 segments remain in iteration 58 (60 total)
6 of 38 (15.789474%) active bins are populated
per-bin minimum non-zero probability:       0.0945747
per-bin maximum probability:                0.257521
per-bin probability dynamic range (kT):     1.00171
per-segment minimum non-zero probability:   0.000503955
per-segment maximum non-zero probability:   0.0578242
per-segment probability dynamic range (kT): 4.74268
norm = 1, error in norm = 0 (0*epsilon)
Iteration wallclock: 0:04:07.431366, cputime: 0:30:32.641500


Tue Mar 12 21:58:08 2024
Iteration 59 (1000 requested)
Beginning iteration 59
60 segments remain in iteration 59 (60 total)
6 of 38 (15.789474%) active bins are populated
per-bin minimum non-zero probability:       0.0178472
per-bin maximum probability:                0.395942
per-bin probability dynamic range (kT):     3.09942
per-segment minimum non-zero probability:   8.39925e-05
per-segment maximum non-zero probability:   0.0959255
per-segment probability dynamic range (kT): 7.0406
norm = 1, error in norm = -2.22045e-16 (-1*epsilon)
Iteration wallclock: 0:04:09.381231, cputime: 0:30:27.077155


Tue Mar 12 22:02:17 2024
Iteration 60 (1000 requested)
Beginning iteration 60
60 segments remain in iteration 60 (60 total)
6 of 38 (15.789474%) active bins are populated
per-bin minimum non-zero probability:       0.0517438
per-bin maximum probability:                0.303497
per-bin probability dynamic range (kT):     1.76907
per-segment minimum non-zero probability:   2.43191e-05
per-segment maximum non-zero probability:   0.0648004
per-segment probability dynamic range (kT): 7.8878
norm = 1, error in norm = -2.22045e-16 (-1*epsilon)
Iteration wallclock: 0:04:14.139420, cputime: 0:30:20.905520


Tue Mar 12 22:06:31 2024
Iteration 61 (1000 requested)
Beginning iteration 61
60 segments remain in iteration 61 (60 total)
6 of 38 (15.789474%) active bins are populated
per-bin minimum non-zero probability:       0.0891
per-bin maximum probability:                0.306586
per-bin probability dynamic range (kT):     1.23574
per-segment minimum non-zero probability:   4.05319e-06
per-segment maximum non-zero probability:   0.060674
per-segment probability dynamic range (kT): 9.61377
norm = 1, error in norm = -3.33067e-16 (-1.5*epsilon)
Iteration wallclock: 0:04:21.096558, cputime: 0:30:14.994546


Tue Mar 12 22:10:53 2024
Iteration 62 (1000 requested)
Beginning iteration 62
60 segments remain in iteration 62 (60 total)
6 of 38 (15.789474%) active bins are populated
per-bin minimum non-zero probability:       0.0308849
per-bin maximum probability:                0.210057
per-bin probability dynamic range (kT):     1.91711
per-segment minimum non-zero probability:   6.75531e-07
per-segment maximum non-zero probability:   0.060674
per-segment probability dynamic range (kT): 11.4055
norm = 1, error in norm = 0 (0*epsilon)
Iteration wallclock: 0:04:04.077391, cputime: 0:30:16.653866


Tue Mar 12 22:14:57 2024
Iteration 63 (1000 requested)
Beginning iteration 63
60 segments remain in iteration 63 (60 total)
6 of 38 (15.789474%) active bins are populated
per-bin minimum non-zero probability:       0.022244
per-bin maximum probability:                0.303383
per-bin probability dynamic range (kT):     2.61292
per-segment minimum non-zero probability:   2.46249e-05
per-segment maximum non-zero probability:   0.075195
per-segment probability dynamic range (kT): 8.02408
norm = 1, error in norm = -1.11022e-16 (-0.5*epsilon)
Iteration wallclock: 0:04:01.321348, cputime: 0:30:14.103523


Tue Mar 12 22:18:58 2024
Iteration 64 (1000 requested)
Beginning iteration 64
60 segments remain in iteration 64 (60 total)
6 of 38 (15.789474%) active bins are populated
per-bin minimum non-zero probability:       0.085619
per-bin maximum probability:                0.282142
per-bin probability dynamic range (kT):     1.1925
per-segment minimum non-zero probability:   4.10415e-06
per-segment maximum non-zero probability:   0.060674
per-segment probability dynamic range (kT): 9.60127
norm = 1, error in norm = 0 (0*epsilon)
Iteration wallclock: 0:04:44.899204, cputime: 0:30:16.775340


Tue Mar 12 22:23:43 2024
Iteration 65 (1000 requested)
Beginning iteration 65
54 segments remain in iteration 65 (54 total)
6 of 38 (15.789474%) active bins are populated
per-bin minimum non-zero probability:       0.0473248
per-bin maximum probability:                0.376818
per-bin probability dynamic range (kT):     2.07473
per-segment minimum non-zero probability:   0.000218643
per-segment maximum non-zero probability:   0.0871268
per-segment probability dynamic range (kT): 5.98768
norm = 1, error in norm = 2.22045e-16 (1*epsilon)
Iteration wallclock: 0:04:13.707572, cputime: 0:27:12.617665


Tue Mar 12 22:27:57 2024
Iteration 66 (1000 requested)
Beginning iteration 66
54 segments remain in iteration 66 (54 total)
6 of 38 (15.789474%) active bins are populated
per-bin minimum non-zero probability:       0.107674
per-bin maximum probability:                0.293117
per-bin probability dynamic range (kT):     1.00146
per-segment minimum non-zero probability:   0.00150937
per-segment maximum non-zero probability:   0.0505088
per-segment probability dynamic range (kT): 3.51046
norm = 1, error in norm = -2.22045e-16 (-1*epsilon)
Iteration wallclock: 0:04:04.915074, cputime: 0:27:09.977318


Tue Mar 12 22:32:02 2024
Iteration 67 (1000 requested)
Beginning iteration 67
60 segments remain in iteration 67 (60 total)
6 of 38 (15.789474%) active bins are populated
per-bin minimum non-zero probability:       0.0591984
per-bin maximum probability:                0.285794
per-bin probability dynamic range (kT):     1.57438
per-segment minimum non-zero probability:   0.000251562
per-segment maximum non-zero probability:   0.0523396
per-segment probability dynamic range (kT): 5.33782
norm = 1, error in norm = 0 (0*epsilon)
Iteration wallclock: 0:04:34.916232, cputime: 0:30:13.426171


Tue Mar 12 22:36:36 2024
Iteration 68 (1000 requested)
Beginning iteration 68
60 segments remain in iteration 68 (60 total)
6 of 38 (15.789474%) active bins are populated
per-bin minimum non-zero probability:       0.00674156
per-bin maximum probability:                0.296089
per-bin probability dynamic range (kT):     3.78237
per-segment minimum non-zero probability:   0.000503123
per-segment maximum non-zero probability:   0.0601591
per-segment probability dynamic range (kT): 4.78391
norm = 1, error in norm = -3.33067e-16 (-1.5*epsilon)
Iteration wallclock: 0:04:40.415664, cputime: 0:30:15.777211


Tue Mar 12 22:41:17 2024
Iteration 69 (1000 requested)
Beginning iteration 69
54 segments remain in iteration 69 (54 total)
6 of 38 (15.789474%) active bins are populated
per-bin minimum non-zero probability:       0.0562681
per-bin maximum probability:                0.322975
per-bin probability dynamic range (kT):     1.74745
per-segment minimum non-zero probability:   8.38539e-05
per-segment maximum non-zero probability:   0.0699141
per-segment probability dynamic range (kT): 6.72595
norm = 1, error in norm = -4.44089e-16 (-2*epsilon)
Iteration wallclock: 0:04:01.490900, cputime: 0:27:22.502784


Tue Mar 12 22:45:18 2024
Iteration 70 (1000 requested)
Beginning iteration 70
54 segments remain in iteration 70 (54 total)
6 of 38 (15.789474%) active bins are populated
per-bin minimum non-zero probability:       0.0828569
per-bin maximum probability:                0.349143
per-bin probability dynamic range (kT):     1.43837
per-segment minimum non-zero probability:   0.000301874
per-segment maximum non-zero probability:   0.0801851
per-segment probability dynamic range (kT): 5.58208
norm = 1, error in norm = -2.22045e-16 (-1*epsilon)
Iteration wallclock: 0:04:02.071665, cputime: 0:27:26.860487


Tue Mar 12 22:49:21 2024
Iteration 71 (1000 requested)
Beginning iteration 71
48 segments remain in iteration 71 (48 total)
6 of 38 (15.789474%) active bins are populated
per-bin minimum non-zero probability:       0.0353087
per-bin maximum probability:                0.317552
per-bin probability dynamic range (kT):     2.19651
per-segment minimum non-zero probability:   0.00388412
per-segment maximum non-zero probability:   0.0801851
per-segment probability dynamic range (kT): 3.02744
norm = 1, error in norm = -1.11022e-16 (-0.5*epsilon)
Iteration wallclock: 0:03:53.033966, cputime: 0:24:30.263220


Tue Mar 12 22:53:14 2024
Iteration 72 (1000 requested)
Beginning iteration 72
48 segments remain in iteration 72 (48 total)
6 of 38 (15.789474%) active bins are populated
per-bin minimum non-zero probability:       0.0509649
per-bin maximum probability:                0.313635
per-bin probability dynamic range (kT):     1.81709
per-segment minimum non-zero probability:   0.00104703
per-segment maximum non-zero probability:   0.0801851
per-segment probability dynamic range (kT): 4.33838
norm = 1, error in norm = -1.11022e-16 (-0.5*epsilon)
Iteration wallclock: 0:03:45.951033, cputime: 0:24:23.538707


Tue Mar 12 22:57:00 2024
Iteration 73 (1000 requested)
Beginning iteration 73
54 segments remain in iteration 73 (54 total)
6 of 38 (15.789474%) active bins are populated
per-bin minimum non-zero probability:       0.109963
per-bin maximum probability:                0.290212
per-bin probability dynamic range (kT):     0.970465
per-segment minimum non-zero probability:   0.000174504
per-segment maximum non-zero probability:   0.0801851
per-segment probability dynamic range (kT): 6.13014
norm = 1, error in norm = -1.11022e-16 (-0.5*epsilon)
Iteration wallclock: 0:03:52.994671, cputime: 0:27:30.623873


Tue Mar 12 23:00:53 2024
Iteration 74 (1000 requested)
Beginning iteration 74
54 segments remain in iteration 74 (54 total)
6 of 38 (15.789474%) active bins are populated
per-bin minimum non-zero probability:       0.0739645
per-bin maximum probability:                0.288189
per-bin probability dynamic range (kT):     1.36003
per-segment minimum non-zero probability:   2.9084e-05
per-segment maximum non-zero probability:   0.0801851
per-segment probability dynamic range (kT): 7.9219
norm = 1, error in norm = -1.11022e-16 (-0.5*epsilon)
Iteration wallclock: 0:04:01.149722, cputime: 0:27:33.399244


Tue Mar 12 23:04:54 2024
Iteration 75 (1000 requested)
Beginning iteration 75
60 segments remain in iteration 75 (60 total)
6 of 38 (15.789474%) active bins are populated
per-bin minimum non-zero probability:       0.0426109
per-bin maximum probability:                0.380039
per-bin probability dynamic range (kT):     2.18816
per-segment minimum non-zero probability:   4.84734e-06
per-segment maximum non-zero probability:   0.0884084
per-segment probability dynamic range (kT): 9.81129
norm = 1, error in norm = -2.22045e-16 (-1*epsilon)
Iteration wallclock: 0:04:36.563739, cputime: 0:30:31.795263


Tue Mar 12 23:09:30 2024
Iteration 76 (1000 requested)
Beginning iteration 76
60 segments remain in iteration 76 (60 total)
6 of 38 (15.789474%) active bins are populated
per-bin minimum non-zero probability:       0.0558248
per-bin maximum probability:                0.429676
per-bin probability dynamic range (kT):     2.04081
per-segment minimum non-zero probability:   8.0789e-07
per-segment maximum non-zero probability:   0.0884084
per-segment probability dynamic range (kT): 11.6031
norm = 1, error in norm = 0 (0*epsilon)
Iteration wallclock: 0:04:36.432139, cputime: 0:30:27.402614


Tue Mar 12 23:14:07 2024
Iteration 77 (1000 requested)
Beginning iteration 77
60 segments remain in iteration 77 (60 total)
6 of 38 (15.789474%) active bins are populated
per-bin minimum non-zero probability:       0.0666713
per-bin maximum probability:                0.325062
per-bin probability dynamic range (kT):     1.58424
per-segment minimum non-zero probability:   1.34648e-07
per-segment maximum non-zero probability:   0.0734376
per-segment probability dynamic range (kT): 13.2093
norm = 1, error in norm = 0 (0*epsilon)
Iteration wallclock: 0:04:41.224802, cputime: 0:30:18.321517


Tue Mar 12 23:18:48 2024
Iteration 78 (1000 requested)
Beginning iteration 78
54 segments remain in iteration 78 (54 total)
6 of 38 (15.789474%) active bins are populated
per-bin minimum non-zero probability:       2.69297e-07
per-bin maximum probability:                0.32175
per-bin probability dynamic range (kT):     13.9935
per-segment minimum non-zero probability:   2.24414e-08
per-segment maximum non-zero probability:   0.0734376
per-segment probability dynamic range (kT): 15.001
norm = 1, error in norm = 0 (0*epsilon)
Iteration wallclock: 0:04:18.376346, cputime: 0:27:21.394159


Tue Mar 12 23:23:07 2024
Iteration 79 (1000 requested)
Beginning iteration 79
60 segments remain in iteration 79 (60 total)
6 of 38 (15.789474%) active bins are populated
per-bin minimum non-zero probability:       0.0334092
per-bin maximum probability:                0.361704
per-bin probability dynamic range (kT):     2.38199
per-segment minimum non-zero probability:   3.74023e-09
per-segment maximum non-zero probability:   0.0587234
per-segment probability dynamic range (kT): 16.5692
norm = 1, error in norm = -1.11022e-16 (-0.5*epsilon)
Iteration wallclock: 0:04:36.720504, cputime: 0:30:18.010949


Tue Mar 12 23:27:43 2024
Iteration 80 (1000 requested)
Beginning iteration 80
60 segments remain in iteration 80 (60 total)
6 of 38 (15.789474%) active bins are populated
per-bin minimum non-zero probability:       0.0728412
per-bin maximum probability:                0.272895
per-bin probability dynamic range (kT):     1.3208
per-segment minimum non-zero probability:   6.23372e-10
per-segment maximum non-zero probability:   0.0587234
per-segment probability dynamic range (kT): 18.361
norm = 1, error in norm = 0 (0*epsilon)
-- ERROR    [westpa.work_managers.core] -- uncaught exception in remote function
Traceback (most recent call last):
  File "/home1/09416/dty7/work/module_build_we_amber/modules/westpa/22.06_b/lib/python3.9/site-packages/westpa/core/propagators/executable.py", line 520, in prepare_file_system
    os.makedirs(environ[self.ENV_CURRENT_SEG_DATA_REF])
  File "/work/09416/dty7/ls6/module_build_we_amber/modules/envwestpa/1.0_b/lib/python3.9/os.py", line 225, in makedirs
    mkdir(name, mode)
FileNotFoundError: [Errno 2] No such file or directory: '/home1/09416/dty7/scratch/d1d2/2kod/ls6-we/4f_mmab_1d_ss_v00/traj_segs/000080/000000'

During handling of the above exception, another exception occurred:

Traceback (most recent call last):
  File "/home1/09416/dty7/work/module_build_we_amber/modules/westpa/22.06_b/lib/python3.9/site-packages/westpa/work_managers/zeromq/core.py", line 153, in execute
    rsl.result = self.fn(*self.args, **self.kwargs)
  File "/home1/09416/dty7/work/module_build_we_amber/modules/westpa/22.06_b/lib/python3.9/site-packages/westpa/core/wm_ops.py", line 40, in propagate
    incoming_segments = {segment.seg_id: segment for segment in propagator.propagate(segments)}
  File "/home1/09416/dty7/work/module_build_we_amber/modules/westpa/22.06_b/lib/python3.9/site-packages/westpa/core/propagators/executable.py", line 681, in propagate
    rc, rusage = self.exec_for_segment(child_info, segment, addtl_env)
  File "/home1/09416/dty7/work/module_build_we_amber/modules/westpa/22.06_b/lib/python3.9/site-packages/westpa/core/propagators/executable.py", line 489, in exec_for_segment
    self.prepare_file_system(segment, environ)
  File "/home1/09416/dty7/work/module_build_we_amber/modules/westpa/22.06_b/lib/python3.9/site-packages/westpa/core/propagators/executable.py", line 523, in prepare_file_system
    shutil.rmtree(environ[self.ENV_CURRENT_SEG_DATA_REF])
  File "/work/09416/dty7/ls6/module_build_we_amber/modules/envwestpa/1.0_b/lib/python3.9/shutil.py", line 724, in rmtree
    onerror(os.lstat, path, sys.exc_info())
  File "/work/09416/dty7/ls6/module_build_we_amber/modules/envwestpa/1.0_b/lib/python3.9/shutil.py", line 722, in rmtree
    orig_st = os.lstat(path)
FileNotFoundError: [Errno 2] No such file or directory: '/home1/09416/dty7/scratch/d1d2/2kod/ls6-we/4f_mmab_1d_ss_v00/traj_segs/000080/000000'

exception caught; shutting down
-- ERROR    [w_run] -- error message: [Errno 2] No such file or directory: '/home1/09416/dty7/scratch/d1d2/2kod/ls6-we/4f_mmab_1d_ss_v00/traj_segs/000080/000000'
-- ERROR    [w_run] -- Traceback (most recent call last):
  File "/home1/09416/dty7/work/module_build_we_amber/modules/westpa/22.06_b/lib/python3.9/site-packages/westpa/cli/core/w_run.py", line 61, in run_simulation
    sim_manager.run()
  File "/scratch/09416/dty7/d1d2/2kod/ls6-we/4f_mmab_1d_ss_v00/manager.py", line 706, in run
    self.propagate()
  File "/scratch/09416/dty7/d1d2/2kod/ls6-we/4f_mmab_1d_ss_v00/manager.py", line 550, in propagate
    incoming = future.get_result()
  File "/home1/09416/dty7/work/module_build_we_amber/modules/westpa/22.06_b/lib/python3.9/site-packages/westpa/work_managers/core.py", line 332, in get_result
    raise self._exception
FileNotFoundError: [Errno 2] No such file or directory: '/home1/09416/dty7/scratch/d1d2/2kod/ls6-we/4f_mmab_1d_ss_v00/traj_segs/000080/000000'

