System is being built only off of the system driver
Maximum wallclock time: 6 days, 0:00:00

Thu Aug 18 13:07:20 2022
Iteration 496 (600 requested)
0 segments remain in iteration 496 (115 total)
21 of 24 (87.500000%) active bins are populated
per-bin minimum non-zero probability:       1.45203e-28
per-bin maximum probability:                0.363153
per-bin probability dynamic range (kT):     63.0865
per-segment minimum non-zero probability:   2.61164e-29
per-segment maximum non-zero probability:   0.0915085
per-segment probability dynamic range (kT): 63.4237
norm = 1, error in norm = -1.11022e-16 (-0.5*epsilon)
Iteration wallclock: 0:32:42.032584, cputime: 3:12:54.303594


Thu Aug 18 13:09:00 2022
Iteration 497 (600 requested)
Beginning iteration 497
120 segments remain in iteration 497 (120 total)
22 of 24 (91.666667%) active bins are populated
per-bin minimum non-zero probability:       3.65527e-29
per-bin maximum probability:                0.335228
per-bin probability dynamic range (kT):     64.3859
per-segment minimum non-zero probability:   7.31055e-30
per-segment maximum non-zero probability:   0.0915085
per-segment probability dynamic range (kT): 64.6969
norm = 1, error in norm = 0 (0*epsilon)
Iteration wallclock: 0:27:31.770999, cputime: 2:45:48.288545


Thu Aug 18 13:36:32 2022
Iteration 498 (600 requested)
Beginning iteration 498
115 segments remain in iteration 498 (115 total)
21 of 24 (87.500000%) active bins are populated
per-bin minimum non-zero probability:       5.77107e-28
per-bin maximum probability:                0.287594
per-bin probability dynamic range (kT):     61.4733
per-segment minimum non-zero probability:   2.50676e-29
per-segment maximum non-zero probability:   0.0915085
per-segment probability dynamic range (kT): 63.4647
norm = 1, error in norm = -2.22045e-16 (-1*epsilon)
Iteration wallclock: 0:26:45.342808, cputime: 2:38:34.778314


Thu Aug 18 14:03:17 2022
Iteration 499 (600 requested)
Beginning iteration 499
115 segments remain in iteration 499 (115 total)
21 of 24 (87.500000%) active bins are populated
per-bin minimum non-zero probability:       3.19993e-28
per-bin maximum probability:                0.37889
per-bin probability dynamic range (kT):     62.3387
per-segment minimum non-zero probability:   5.75572e-29
per-segment maximum non-zero probability:   0.0915085
per-segment probability dynamic range (kT): 62.6334
norm = 1, error in norm = -1.11022e-16 (-0.5*epsilon)
Iteration wallclock: 0:26:48.456893, cputime: 2:38:33.418961


Thu Aug 18 14:30:06 2022
Iteration 500 (600 requested)
Beginning iteration 500
110 segments remain in iteration 500 (110 total)
20 of 24 (83.333333%) active bins are populated
per-bin minimum non-zero probability:       3.40304e-28
per-bin maximum probability:                0.249396
per-bin probability dynamic range (kT):     61.859
per-segment minimum non-zero probability:   5.75572e-29
per-segment maximum non-zero probability:   0.0671156
per-segment probability dynamic range (kT): 62.3234
norm = 1, error in norm = -3.33067e-16 (-1.5*epsilon)
Iteration wallclock: 0:25:23.575380, cputime: 2:32:25.509187


Thu Aug 18 14:55:29 2022
Iteration 501 (600 requested)
Beginning iteration 501
120 segments remain in iteration 501 (120 total)
22 of 24 (91.666667%) active bins are populated
per-bin minimum non-zero probability:       2.18419e-28
per-bin maximum probability:                0.283512
per-bin probability dynamic range (kT):     62.4306
per-segment minimum non-zero probability:   2.99215e-29
per-segment maximum non-zero probability:   0.0777265
per-segment probability dynamic range (kT): 63.1244
norm = 1, error in norm = 0 (0*epsilon)
Iteration wallclock: 0:27:28.123387, cputime: 2:46:13.939115


Thu Aug 18 15:22:57 2022
Iteration 502 (600 requested)
Beginning iteration 502
115 segments remain in iteration 502 (115 total)
21 of 24 (87.500000%) active bins are populated
per-bin minimum non-zero probability:       1.80662e-28
per-bin maximum probability:                0.184645
per-bin probability dynamic range (kT):     62.1916
per-segment minimum non-zero probability:   2.99215e-29
per-segment maximum non-zero probability:   0.0560212
per-segment probability dynamic range (kT): 62.797
norm = 1, error in norm = 0 (0*epsilon)
Iteration wallclock: 0:26:49.676668, cputime: 2:38:49.423602


Thu Aug 18 15:49:47 2022
Iteration 503 (600 requested)
Beginning iteration 503
120 segments remain in iteration 503 (120 total)
22 of 24 (91.666667%) active bins are populated
per-bin minimum non-zero probability:       9.03312e-29
per-bin maximum probability:                0.234319
per-bin probability dynamic range (kT):     63.123
per-segment minimum non-zero probability:   1.80662e-29
per-segment maximum non-zero probability:   0.0561834
per-segment probability dynamic range (kT): 63.3044
norm = 1, error in norm = 0 (0*epsilon)
Iteration wallclock: 0:27:29.263655, cputime: 2:46:10.494415


Thu Aug 18 16:17:16 2022
Iteration 504 (600 requested)
Beginning iteration 504
115 segments remain in iteration 504 (115 total)
21 of 24 (87.500000%) active bins are populated
per-bin minimum non-zero probability:       1.44479e-28
per-bin maximum probability:                0.218394
per-bin probability dynamic range (kT):     62.583
per-segment minimum non-zero probability:   2.14425e-29
per-segment maximum non-zero probability:   0.0561834
per-segment probability dynamic range (kT): 63.133
norm = 1, error in norm = 0 (0*epsilon)
Iteration wallclock: 0:26:47.093051, cputime: 2:38:46.013559


Thu Aug 18 16:44:03 2022
Iteration 505 (600 requested)
Beginning iteration 505
115 segments remain in iteration 505 (115 total)
21 of 24 (87.500000%) active bins are populated
per-bin minimum non-zero probability:       6.02037e-29
per-bin maximum probability:                0.254019
per-bin probability dynamic range (kT):     63.6095
per-segment minimum non-zero probability:   9.69032e-30
per-segment maximum non-zero probability:   0.0645861
per-segment probability dynamic range (kT): 64.0667
norm = 1, error in norm = 0 (0*epsilon)
Iteration wallclock: 0:26:58.634477, cputime: 2:38:48.135344


Thu Aug 18 17:11:02 2022
Iteration 506 (600 requested)
Beginning iteration 506
115 segments remain in iteration 506 (115 total)
21 of 24 (87.500000%) active bins are populated
per-bin minimum non-zero probability:       2.40883e-29
per-bin maximum probability:                0.239656
per-bin probability dynamic range (kT):     64.4673
per-segment minimum non-zero probability:   4.81766e-30
per-segment maximum non-zero probability:   0.0645861
per-segment probability dynamic range (kT): 64.7655
norm = 1, error in norm = -1.11022e-16 (-0.5*epsilon)
Iteration wallclock: 0:26:46.604502, cputime: 2:38:43.220754


Thu Aug 18 17:37:49 2022
Iteration 507 (600 requested)
Beginning iteration 507
115 segments remain in iteration 507 (115 total)
21 of 24 (87.500000%) active bins are populated
per-bin minimum non-zero probability:       9.21515e-28
per-bin maximum probability:                0.275423
per-bin probability dynamic range (kT):     60.9621
per-segment minimum non-zero probability:   1.58564e-28
per-segment maximum non-zero probability:   0.0746915
per-segment probability dynamic range (kT): 61.417
norm = 1, error in norm = 0 (0*epsilon)
Iteration wallclock: 0:26:48.413632, cputime: 2:38:48.088624


Thu Aug 18 18:04:37 2022
Iteration 508 (600 requested)
Beginning iteration 508
110 segments remain in iteration 508 (110 total)
20 of 24 (83.333333%) active bins are populated
per-bin minimum non-zero probability:       3.36158e-28
per-bin maximum probability:                0.257614
per-bin probability dynamic range (kT):     61.9037
per-segment minimum non-zero probability:   6.72316e-29
per-segment maximum non-zero probability:   0.0646243
per-segment probability dynamic range (kT): 62.1302
norm = 1, error in norm = -1.11022e-16 (-0.5*epsilon)
Iteration wallclock: 0:25:24.243713, cputime: 2:32:30.076049


Thu Aug 18 18:30:01 2022
Iteration 509 (600 requested)
Beginning iteration 509
120 segments remain in iteration 509 (120 total)
22 of 24 (91.666667%) active bins are populated
per-bin minimum non-zero probability:       1.34463e-28
per-bin maximum probability:                0.275967
per-bin probability dynamic range (kT):     62.8888
per-segment minimum non-zero probability:   2.24105e-29
per-segment maximum non-zero probability:   0.0776241
per-segment probability dynamic range (kT): 63.4121
norm = 1, error in norm = 0 (0*epsilon)
Iteration wallclock: 0:27:34.443254, cputime: 2:46:13.425825


Thu Aug 18 18:57:36 2022
Iteration 510 (600 requested)
Beginning iteration 510
120 segments remain in iteration 510 (120 total)
22 of 24 (91.666667%) active bins are populated
per-bin minimum non-zero probability:       2.24105e-29
per-bin maximum probability:                0.164526
per-bin probability dynamic range (kT):     64.1633
per-segment minimum non-zero probability:   4.48211e-30
per-segment maximum non-zero probability:   0.051529
per-segment probability dynamic range (kT): 64.6118
norm = 1, error in norm = 0 (0*epsilon)
Iteration wallclock: 0:27:36.955794, cputime: 2:46:11.969372


Thu Aug 18 19:25:13 2022
Iteration 511 (600 requested)
Beginning iteration 511
115 segments remain in iteration 511 (115 total)
21 of 24 (87.500000%) active bins are populated
per-bin minimum non-zero probability:       4.14858e-28
per-bin maximum probability:                0.267964
per-bin probability dynamic range (kT):     61.7327
per-segment minimum non-zero probability:   5.91211e-29
per-segment maximum non-zero probability:   0.0735078
per-segment probability dynamic range (kT): 62.3876
norm = 1, error in norm = -1.11022e-16 (-0.5*epsilon)
Iteration wallclock: 0:26:45.423178, cputime: 2:38:50.025138


Thu Aug 18 19:51:58 2022
Iteration 512 (600 requested)
Beginning iteration 512
115 segments remain in iteration 512 (115 total)
21 of 24 (87.500000%) active bins are populated
per-bin minimum non-zero probability:       2.04909e-28
per-bin maximum probability:                0.236298
per-bin probability dynamic range (kT):     62.3123
per-segment minimum non-zero probability:   3.08991e-29
per-segment maximum non-zero probability:   0.0735078
per-segment probability dynamic range (kT): 63.0365
norm = 1, error in norm = -1.11022e-16 (-0.5*epsilon)
Iteration wallclock: 0:26:50.281167, cputime: 2:38:50.578401


Thu Aug 18 20:18:49 2022
Iteration 513 (600 requested)
Beginning iteration 513
120 segments remain in iteration 513 (120 total)
22 of 24 (91.666667%) active bins are populated
per-bin minimum non-zero probability:       9.15494e-29
per-bin maximum probability:                0.177593
per-bin probability dynamic range (kT):     62.8324
per-segment minimum non-zero probability:   1.83099e-29
per-segment maximum non-zero probability:   0.0526824
per-segment probability dynamic range (kT): 63.2266
norm = 1, error in norm = 0 (0*epsilon)
Iteration wallclock: 0:27:28.215876, cputime: 2:46:06.030556


Thu Aug 18 20:46:17 2022
Iteration 514 (600 requested)
Beginning iteration 514
120 segments remain in iteration 514 (120 total)
22 of 24 (91.666667%) active bins are populated
per-bin minimum non-zero probability:       1.01045e-28
per-bin maximum probability:                0.159437
per-bin probability dynamic range (kT):     62.6259
per-segment minimum non-zero probability:   1.65471e-29
per-segment maximum non-zero probability:   0.0463307
per-segment probability dynamic range (kT): 63.1994
norm = 1, error in norm = -1.11022e-16 (-0.5*epsilon)
Iteration wallclock: 0:27:31.138759, cputime: 2:46:02.184649


Thu Aug 18 21:13:48 2022
Iteration 515 (600 requested)
Beginning iteration 515
120 segments remain in iteration 515 (120 total)
22 of 24 (91.666667%) active bins are populated
per-bin minimum non-zero probability:       1.40376e-28
per-bin maximum probability:                0.239743
per-bin probability dynamic range (kT):     62.705
per-segment minimum non-zero probability:   2.05994e-29
per-segment maximum non-zero probability:   0.0640735
per-segment probability dynamic range (kT): 63.3046
norm = 1, error in norm = 0 (0*epsilon)
Iteration wallclock: 0:27:31.157891, cputime: 2:46:08.470942


Thu Aug 18 21:41:19 2022
Iteration 516 (600 requested)
Beginning iteration 516
120 segments remain in iteration 516 (120 total)
22 of 24 (91.666667%) active bins are populated
per-bin minimum non-zero probability:       1.04934e-28
per-bin maximum probability:                0.164642
per-bin probability dynamic range (kT):     62.6202
per-segment minimum non-zero probability:   1.55604e-29
per-segment maximum non-zero probability:   0.0508438
per-segment probability dynamic range (kT): 63.3538
norm = 1, error in norm = 0 (0*epsilon)
Iteration wallclock: 0:27:26.499979, cputime: 2:46:01.693166


Thu Aug 18 22:08:46 2022
Iteration 517 (600 requested)
Beginning iteration 517
120 segments remain in iteration 517 (120 total)
22 of 24 (91.666667%) active bins are populated
per-bin minimum non-zero probability:       1.21423e-28
per-bin maximum probability:                0.226536
per-bin probability dynamic range (kT):     62.7934
per-segment minimum non-zero probability:   2.28222e-29
per-segment maximum non-zero probability:   0.054867
per-segment probability dynamic range (kT): 63.047
norm = 1, error in norm = 0 (0*epsilon)
Iteration wallclock: 0:27:28.229264, cputime: 2:45:59.744926


Thu Aug 18 22:36:14 2022
Iteration 518 (600 requested)
Beginning iteration 518
110 segments remain in iteration 518 (110 total)
20 of 24 (83.333333%) active bins are populated
per-bin minimum non-zero probability:       2.58136e-28
per-bin maximum probability:                0.183004
per-bin probability dynamic range (kT):     61.8258
per-segment minimum non-zero probability:   3.54178e-29
per-segment maximum non-zero probability:   0.054867
per-segment probability dynamic range (kT): 62.6075
norm = 1, error in norm = -2.22045e-16 (-1*epsilon)
Iteration wallclock: 0:25:22.614929, cputime: 2:32:29.998977


Thu Aug 18 23:01:37 2022
Iteration 519 (600 requested)
Beginning iteration 519
115 segments remain in iteration 519 (115 total)
21 of 24 (87.500000%) active bins are populated
per-bin minimum non-zero probability:       2.21397e-28
per-bin maximum probability:                0.252546
per-bin probability dynamic range (kT):     62.3014
per-segment minimum non-zero probability:   3.12213e-29
per-segment maximum non-zero probability:   0.0715841
per-segment probability dynamic range (kT): 62.9996
norm = 1, error in norm = -1.11022e-16 (-0.5*epsilon)
Iteration wallclock: 0:26:46.980720, cputime: 2:38:51.215756


Thu Aug 18 23:28:24 2022
Iteration 520 (600 requested)
Beginning iteration 520
120 segments remain in iteration 520 (120 total)
22 of 24 (91.666667%) active bins are populated
per-bin minimum non-zero probability:       6.1689e-29
per-bin maximum probability:                0.258186
per-bin probability dynamic range (kT):     63.6014
per-segment minimum non-zero probability:   1.23378e-29
per-segment maximum non-zero probability:   0.0715841
per-segment probability dynamic range (kT): 63.928
norm = 1, error in norm = 0 (0*epsilon)
Iteration wallclock: 0:27:29.442902, cputime: 2:46:10.403484


Thu Aug 18 23:55:53 2022
Iteration 521 (600 requested)
Beginning iteration 521
120 segments remain in iteration 521 (120 total)
22 of 24 (91.666667%) active bins are populated
per-bin minimum non-zero probability:       9.74675e-29
per-bin maximum probability:                0.176526
per-bin probability dynamic range (kT):     62.7637
per-segment minimum non-zero probability:   1.41926e-29
per-segment maximum non-zero probability:   0.0546617
per-segment probability dynamic range (kT): 63.5182
norm = 1, error in norm = 0 (0*epsilon)
Iteration wallclock: 0:27:36.863808, cputime: 2:46:06.567192


Fri Aug 19 00:23:30 2022
Iteration 522 (600 requested)
Beginning iteration 522
115 segments remain in iteration 522 (115 total)
21 of 24 (87.500000%) active bins are populated
per-bin minimum non-zero probability:       4.72719e-29
per-bin maximum probability:                0.182736
per-bin probability dynamic range (kT):     63.5219
per-segment minimum non-zero probability:   9.45438e-30
per-segment maximum non-zero probability:   0.0546617
per-segment probability dynamic range (kT): 63.9245
norm = 1, error in norm = 0 (0*epsilon)
Iteration wallclock: 0:26:49.166365, cputime: 2:38:30.818640


Fri Aug 19 00:50:19 2022
Iteration 523 (600 requested)
Beginning iteration 523
115 segments remain in iteration 523 (115 total)
22 of 24 (91.666667%) active bins are populated
per-bin minimum non-zero probability:       3.58254e-29
per-bin maximum probability:                0.179616
per-bin probability dynamic range (kT):     63.782
per-segment minimum non-zero probability:   6.59276e-30
per-segment maximum non-zero probability:   0.0464117
per-segment probability dynamic range (kT): 64.1214
norm = 1, error in norm = 0 (0*epsilon)
Iteration wallclock: 0:26:54.377887, cputime: 2:38:28.422309


Fri Aug 19 01:17:13 2022
Iteration 524 (600 requested)
Beginning iteration 524
120 segments remain in iteration 524 (120 total)
22 of 24 (91.666667%) active bins are populated
per-bin minimum non-zero probability:       6.59276e-30
per-bin maximum probability:                0.178567
per-bin probability dynamic range (kT):     65.4688
per-segment minimum non-zero probability:   1.31855e-30
per-segment maximum non-zero probability:   0.0464117
per-segment probability dynamic range (kT): 65.7308
norm = 1, error in norm = 0 (0*epsilon)
Iteration wallclock: 0:27:26.987561, cputime: 2:45:54.077400


Fri Aug 19 01:44:40 2022
Iteration 525 (600 requested)
Beginning iteration 525
120 segments remain in iteration 525 (120 total)
22 of 24 (91.666667%) active bins are populated
per-bin minimum non-zero probability:       7.2712e-29
per-bin maximum probability:                0.191587
per-bin probability dynamic range (kT):     63.1386
per-segment minimum non-zero probability:   5.32215e-30
per-segment maximum non-zero probability:   0.0538265
per-segment probability dynamic range (kT): 64.4837
norm = 1, error in norm = 0 (0*epsilon)
Iteration wallclock: 0:27:30.862902, cputime: 2:45:46.476433


Fri Aug 19 02:12:11 2022
Iteration 526 (600 requested)
Beginning iteration 526
120 segments remain in iteration 526 (120 total)
22 of 24 (91.666667%) active bins are populated
per-bin minimum non-zero probability:       1.00828e-28
per-bin maximum probability:                0.241395
per-bin probability dynamic range (kT):     63.0428
per-segment minimum non-zero probability:   1.71752e-29
per-segment maximum non-zero probability:   0.0593065
per-segment probability dynamic range (kT): 63.4091
norm = 1, error in norm = -1.11022e-16 (-0.5*epsilon)
Iteration wallclock: 0:27:32.263655, cputime: 2:45:53.387636


Fri Aug 19 02:39:43 2022
Iteration 527 (600 requested)
Beginning iteration 527
120 segments remain in iteration 527 (120 total)
22 of 24 (91.666667%) active bins are populated
per-bin minimum non-zero probability:       1.23965e-28
per-bin maximum probability:                0.238281
per-bin probability dynamic range (kT):     62.8233
per-segment minimum non-zero probability:   2.04491e-29
per-segment maximum non-zero probability:   0.0593065
per-segment probability dynamic range (kT): 63.2346
norm = 1, error in norm = 0 (0*epsilon)
Iteration wallclock: 0:27:28.399089, cputime: 2:45:58.578419


Fri Aug 19 03:07:12 2022
Iteration 528 (600 requested)
Beginning iteration 528
120 segments remain in iteration 528 (120 total)
22 of 24 (91.666667%) active bins are populated
per-bin minimum non-zero probability:       4.35043e-29
per-bin maximum probability:                0.200301
per-bin probability dynamic range (kT):     63.6968
per-segment minimum non-zero probability:   6.81636e-30
per-segment maximum non-zero probability:   0.0593065
per-segment probability dynamic range (kT): 64.3332
norm = 1, error in norm = 0 (0*epsilon)
Iteration wallclock: 0:27:27.352338, cputime: 2:45:55.637886


Fri Aug 19 03:34:39 2022
Iteration 529 (600 requested)
Beginning iteration 529
120 segments remain in iteration 529 (120 total)
22 of 24 (91.666667%) active bins are populated
per-bin minimum non-zero probability:       2.22701e-29
per-bin maximum probability:                0.246709
per-bin probability dynamic range (kT):     64.5748
per-segment minimum non-zero probability:   3.71168e-30
per-segment maximum non-zero probability:   0.0593065
per-segment probability dynamic range (kT): 64.941
norm = 1, error in norm = 0 (0*epsilon)
Iteration wallclock: 0:27:27.761247, cputime: 2:46:05.432288


Fri Aug 19 04:02:07 2022
Iteration 530 (600 requested)
Beginning iteration 530
120 segments remain in iteration 530 (120 total)
22 of 24 (91.666667%) active bins are populated
per-bin minimum non-zero probability:       6.13371e-29
per-bin maximum probability:                0.266575
per-bin probability dynamic range (kT):     63.6391
per-segment minimum non-zero probability:   7.42336e-30
per-segment maximum non-zero probability:   0.0688845
per-segment probability dynamic range (kT): 64.3976
norm = 1, error in norm = 0 (0*epsilon)
Iteration wallclock: 0:28:08.732195, cputime: 2:46:01.010711


Fri Aug 19 04:30:16 2022
Iteration 531 (600 requested)
Beginning iteration 531
115 segments remain in iteration 531 (115 total)
22 of 24 (91.666667%) active bins are populated
per-bin minimum non-zero probability:       2.74811e-29
per-bin maximum probability:                0.186606
per-bin probability dynamic range (kT):     64.0853
per-segment minimum non-zero probability:   4.58018e-30
per-segment maximum non-zero probability:   0.0593065
per-segment probability dynamic range (kT): 64.7308
norm = 1, error in norm = -2.22045e-16 (-1*epsilon)
Iteration wallclock: 0:26:41.942353, cputime: 2:38:55.886927


Fri Aug 19 04:56:58 2022
Iteration 532 (600 requested)
Beginning iteration 532
120 segments remain in iteration 532 (120 total)
22 of 24 (91.666667%) active bins are populated
per-bin minimum non-zero probability:       8.23283e-29
per-bin maximum probability:                0.221286
per-bin probability dynamic range (kT):     63.1585
per-segment minimum non-zero probability:   9.16035e-30
per-segment maximum non-zero probability:   0.0593065
per-segment probability dynamic range (kT): 64.0376
norm = 1, error in norm = -1.11022e-16 (-0.5*epsilon)
Iteration wallclock: 0:27:27.545095, cputime: 2:46:06.593075


Fri Aug 19 05:24:25 2022
Iteration 533 (600 requested)
Beginning iteration 533
120 segments remain in iteration 533 (120 total)
22 of 24 (91.666667%) active bins are populated
per-bin minimum non-zero probability:       6.72988e-29
per-bin maximum probability:                0.250611
per-bin probability dynamic range (kT):     63.4846
per-segment minimum non-zero probability:   1.08117e-29
per-segment maximum non-zero probability:   0.0593065
per-segment probability dynamic range (kT): 63.8719
norm = 1, error in norm = 0 (0*epsilon)
Iteration wallclock: 0:27:22.504366, cputime: 2:45:58.293542


Fri Aug 19 05:51:48 2022
Iteration 534 (600 requested)
Beginning iteration 534
120 segments remain in iteration 534 (120 total)
22 of 24 (91.666667%) active bins are populated
per-bin minimum non-zero probability:       6.44815e-29
per-bin maximum probability:                0.234447
per-bin probability dynamic range (kT):     63.4607
per-segment minimum non-zero probability:   5.36885e-30
per-segment maximum non-zero probability:   0.0593065
per-segment probability dynamic range (kT): 64.5719
norm = 1, error in norm = 0 (0*epsilon)
Iteration wallclock: 0:27:26.476889, cputime: 2:46:03.224423


Fri Aug 19 06:19:14 2022
Iteration 535 (600 requested)
Beginning iteration 535
120 segments remain in iteration 535 (120 total)
22 of 24 (91.666667%) active bins are populated
per-bin minimum non-zero probability:       2.29074e-29
per-bin maximum probability:                0.207632
per-bin probability dynamic range (kT):     64.3741
per-segment minimum non-zero probability:   4.38465e-30
per-segment maximum non-zero probability:   0.0593065
per-segment probability dynamic range (kT): 64.7744
norm = 1, error in norm = 0 (0*epsilon)
Iteration wallclock: 0:27:29.718691, cputime: 2:45:46.187099


Fri Aug 19 06:46:44 2022
Iteration 536 (600 requested)
Beginning iteration 536
110 segments remain in iteration 536 (110 total)
21 of 24 (87.500000%) active bins are populated
per-bin minimum non-zero probability:       9.7535e-30
per-bin maximum probability:                0.263022
per-bin probability dynamic range (kT):     65.4644
per-segment minimum non-zero probability:   1.46155e-30
per-segment maximum non-zero probability:   0.0660849
per-segment probability dynamic range (kT): 65.9812
norm = 1, error in norm = 0 (0*epsilon)
Iteration wallclock: 0:25:15.632202, cputime: 2:32:07.830436


Fri Aug 19 07:12:00 2022
Iteration 537 (600 requested)
Beginning iteration 537
120 segments remain in iteration 537 (120 total)
22 of 24 (91.666667%) active bins are populated
per-bin minimum non-zero probability:       1.62768e-29
per-bin maximum probability:                0.155984
per-bin probability dynamic range (kT):     64.4298
per-segment minimum non-zero probability:   3.17439e-30
per-segment maximum non-zero probability:   0.0593065
per-segment probability dynamic range (kT): 65.0974
norm = 1, error in norm = 0 (0*epsilon)
Iteration wallclock: 0:27:22.315391, cputime: 2:45:48.361313


Fri Aug 19 07:39:22 2022
Iteration 538 (600 requested)
Beginning iteration 538
120 segments remain in iteration 538 (120 total)
22 of 24 (91.666667%) active bins are populated
per-bin minimum non-zero probability:       5.35446e-29
per-bin maximum probability:                0.251745
per-bin probability dynamic range (kT):     63.7177
per-segment minimum non-zero probability:   8.39504e-30
per-segment maximum non-zero probability:   0.0674008
per-segment probability dynamic range (kT): 64.2528
norm = 1, error in norm = 0 (0*epsilon)
Iteration wallclock: 0:27:27.365474, cputime: 2:45:59.248814


Fri Aug 19 08:06:49 2022
Iteration 539 (600 requested)
Beginning iteration 539
110 segments remain in iteration 539 (110 total)
20 of 24 (83.333333%) active bins are populated
per-bin minimum non-zero probability:       6.02037e-29
per-bin maximum probability:                0.215334
per-bin probability dynamic range (kT):     63.4443
per-segment minimum non-zero probability:   9.55853e-30
per-segment maximum non-zero probability:   0.0629799
per-segment probability dynamic range (kT): 64.0552
norm = 1, error in norm = 0 (0*epsilon)
Iteration wallclock: 0:25:20.304412, cputime: 2:32:20.956279


Fri Aug 19 08:32:10 2022
Iteration 540 (600 requested)
Beginning iteration 540
120 segments remain in iteration 540 (120 total)
22 of 24 (91.666667%) active bins are populated
per-bin minimum non-zero probability:       2.86756e-29
per-bin maximum probability:                0.218745
per-bin probability dynamic range (kT):     64.2017
per-segment minimum non-zero probability:   4.77927e-30
per-segment maximum non-zero probability:   0.0577979
per-segment probability dynamic range (kT): 64.6625
norm = 1, error in norm = 0 (0*epsilon)
Iteration wallclock: 0:27:28.857749, cputime: 2:46:05.570886


Fri Aug 19 08:59:38 2022
Iteration 541 (600 requested)
Beginning iteration 541
120 segments remain in iteration 541 (120 total)
22 of 24 (91.666667%) active bins are populated
per-bin minimum non-zero probability:       9.55853e-30
per-bin maximum probability:                0.172
per-bin probability dynamic range (kT):     65.0599
per-segment minimum non-zero probability:   1.59309e-30
per-segment maximum non-zero probability:   0.0471205
per-segment probability dynamic range (kT): 65.5568
norm = 1, error in norm = 0 (0*epsilon)
Iteration wallclock: 0:27:27.313327, cputime: 2:46:09.729463


Fri Aug 19 09:27:06 2022
Iteration 542 (600 requested)
Beginning iteration 542
120 segments remain in iteration 542 (120 total)
22 of 24 (91.666667%) active bins are populated
per-bin minimum non-zero probability:       1.08321e-29
per-bin maximum probability:                0.206775
per-bin probability dynamic range (kT):     65.1189
per-segment minimum non-zero probability:   2.16641e-30
per-segment maximum non-zero probability:   0.0522239
per-segment probability dynamic range (kT): 65.3523
norm = 1, error in norm = 0 (0*epsilon)
Iteration wallclock: 0:27:28.037707, cputime: 2:46:07.475094


Fri Aug 19 09:54:34 2022
Iteration 543 (600 requested)
Beginning iteration 543
120 segments remain in iteration 543 (120 total)
22 of 24 (91.666667%) active bins are populated
per-bin minimum non-zero probability:       4.3644e-29
per-bin maximum probability:                0.173335
per-bin probability dynamic range (kT):     63.549
per-segment minimum non-zero probability:   8.29552e-30
per-segment maximum non-zero probability:   0.0522239
per-segment probability dynamic range (kT): 64.0096
norm = 1, error in norm = 0 (0*epsilon)
Iteration wallclock: 0:27:26.716914, cputime: 2:46:12.063785


Fri Aug 19 10:22:01 2022
Iteration 544 (600 requested)
Beginning iteration 544
120 segments remain in iteration 544 (120 total)
22 of 24 (91.666667%) active bins are populated
per-bin minimum non-zero probability:       2.40099e-29
per-bin maximum probability:                0.198181
per-bin probability dynamic range (kT):     64.2805
per-segment minimum non-zero probability:   3.48731e-30
per-segment maximum non-zero probability:   0.04848
per-segment probability dynamic range (kT): 64.8018
norm = 1, error in norm = -1.11022e-16 (-0.5*epsilon)
Iteration wallclock: 0:27:29.922681, cputime: 2:46:11.826716


Fri Aug 19 10:49:30 2022
Iteration 545 (600 requested)
Beginning iteration 545
120 segments remain in iteration 545 (120 total)
22 of 24 (91.666667%) active bins are populated
per-bin minimum non-zero probability:       2.63498e-29
per-bin maximum probability:                0.189339
per-bin probability dynamic range (kT):     64.1419
per-segment minimum non-zero probability:   4.32944e-30
per-segment maximum non-zero probability:   0.0458971
per-segment probability dynamic range (kT): 64.5308
norm = 1, error in norm = 0 (0*epsilon)
Iteration wallclock: 0:27:32.368368, cputime: 2:46:08.608196


Fri Aug 19 11:17:03 2022
Iteration 546 (600 requested)
Beginning iteration 546
110 segments remain in iteration 546 (110 total)
21 of 24 (87.500000%) active bins are populated
per-bin minimum non-zero probability:       5.57379e-29
per-bin maximum probability:                0.248708
per-bin probability dynamic range (kT):     63.6654
per-segment minimum non-zero probability:   8.84544e-30
per-segment maximum non-zero probability:   0.0696604
per-segment probability dynamic range (kT): 64.2335
norm = 1, error in norm = 2.22045e-16 (1*epsilon)
Iteration wallclock: 0:26:21.509787, cputime: 2:32:19.270127


Fri Aug 19 11:43:24 2022
Iteration 547 (600 requested)
Beginning iteration 547
120 segments remain in iteration 547 (120 total)
22 of 24 (91.666667%) active bins are populated
per-bin minimum non-zero probability:       5.48986e-29
per-bin maximum probability:                0.23297
per-bin probability dynamic range (kT):     63.6152
per-segment minimum non-zero probability:   9.14977e-30
per-segment maximum non-zero probability:   0.0696604
per-segment probability dynamic range (kT): 64.1997
norm = 1, error in norm = 0 (0*epsilon)
Iteration wallclock: 0:28:38.806953, cputime: 2:46:06.551826


Fri Aug 19 12:12:03 2022
Iteration 548 (600 requested)
Beginning iteration 548
120 segments remain in iteration 548 (120 total)
22 of 24 (91.666667%) active bins are populated
per-bin minimum non-zero probability:       7.35468e-29
per-bin maximum probability:                0.232315
per-bin probability dynamic range (kT):     63.32
per-segment minimum non-zero probability:   1.22868e-29
per-segment maximum non-zero probability:   0.0696604
per-segment probability dynamic range (kT): 63.9049
norm = 1, error in norm = 0 (0*epsilon)
Iteration wallclock: 0:27:43.176117, cputime: 2:46:12.104962


Fri Aug 19 12:39:46 2022
Iteration 549 (600 requested)
Beginning iteration 549
120 segments remain in iteration 549 (120 total)
22 of 24 (91.666667%) active bins are populated
per-bin minimum non-zero probability:       1.27717e-28
per-bin maximum probability:                0.144426
per-bin probability dynamic range (kT):     62.2927
per-segment minimum non-zero probability:   7.08871e-30
per-segment maximum non-zero probability:   0.042041
per-segment probability dynamic range (kT): 63.9499
norm = 1, error in norm = 0 (0*epsilon)
Iteration wallclock: 0:27:29.744399, cputime: 2:46:16.655861


Fri Aug 19 13:07:16 2022
Iteration 550 (600 requested)
Beginning iteration 550
115 segments remain in iteration 550 (115 total)
22 of 24 (91.666667%) active bins are populated
per-bin minimum non-zero probability:       5.84292e-29
per-bin maximum probability:                0.221408
per-bin probability dynamic range (kT):     63.502
per-segment minimum non-zero probability:   2.3629e-30
per-segment maximum non-zero probability:   0.0586772
per-segment probability dynamic range (kT): 65.382
norm = 1, error in norm = -1.11022e-16 (-0.5*epsilon)
Iteration wallclock: 0:26:50.680661, cputime: 2:38:55.811456


Fri Aug 19 13:34:07 2022
Iteration 551 (600 requested)
Beginning iteration 551
115 segments remain in iteration 551 (115 total)
21 of 24 (87.500000%) active bins are populated
per-bin minimum non-zero probability:       1.24233e-28
per-bin maximum probability:                0.197288
per-bin probability dynamic range (kT):     62.6323
per-segment minimum non-zero probability:   1.88585e-29
per-segment maximum non-zero probability:   0.0586772
per-segment probability dynamic range (kT): 63.3049
norm = 1, error in norm = 0 (0*epsilon)
Iteration wallclock: 0:26:50.532653, cputime: 2:38:55.714812


Fri Aug 19 14:00:57 2022
Iteration 552 (600 requested)
Beginning iteration 552
120 segments remain in iteration 552 (120 total)
22 of 24 (91.666667%) active bins are populated
per-bin minimum non-zero probability:       7.81279e-29
per-bin maximum probability:                0.188606
per-bin probability dynamic range (kT):     63.0511
per-segment minimum non-zero probability:   1.03836e-29
per-segment maximum non-zero probability:   0.0487044
per-segment probability dynamic range (kT): 63.7153
norm = 1, error in norm = 0 (0*epsilon)
Iteration wallclock: 0:27:33.803350, cputime: 2:46:12.419741


Fri Aug 19 14:28:31 2022
Iteration 553 (600 requested)
Beginning iteration 553
120 segments remain in iteration 553 (120 total)
22 of 24 (91.666667%) active bins are populated
per-bin minimum non-zero probability:       1.10752e-28
per-bin maximum probability:                0.209073
per-bin probability dynamic range (kT):     62.8052
per-segment minimum non-zero probability:   6.92239e-30
per-segment maximum non-zero probability:   0.0487044
per-segment probability dynamic range (kT): 64.1208
norm = 1, error in norm = 0 (0*epsilon)
Iteration wallclock: 0:27:34.718418, cputime: 2:45:59.586533


Fri Aug 19 14:56:06 2022
Iteration 554 (600 requested)
Beginning iteration 554
120 segments remain in iteration 554 (120 total)
22 of 24 (91.666667%) active bins are populated
per-bin minimum non-zero probability:       7.86086e-29
per-bin maximum probability:                0.209033
per-bin probability dynamic range (kT):     63.1478
per-segment minimum non-zero probability:   1.43372e-29
per-segment maximum non-zero probability:   0.0487044
per-segment probability dynamic range (kT): 63.3927
norm = 1, error in norm = 0 (0*epsilon)
Iteration wallclock: 0:27:32.458676, cputime: 2:45:59.480312


Fri Aug 19 15:23:38 2022
Iteration 555 (600 requested)
Beginning iteration 555
115 segments remain in iteration 555 (115 total)
21 of 24 (87.500000%) active bins are populated
per-bin minimum non-zero probability:       1.3108e-28
per-bin maximum probability:                0.204034
per-bin probability dynamic range (kT):     62.6123
per-segment minimum non-zero probability:   9.88374e-30
per-segment maximum non-zero probability:   0.0506147
per-segment probability dynamic range (kT): 63.8031
norm = 1, error in norm = 0 (0*epsilon)
Iteration wallclock: 0:26:45.862373, cputime: 2:38:50.091040


Fri Aug 19 15:50:24 2022
Iteration 556 (600 requested)
Beginning iteration 556
115 segments remain in iteration 556 (115 total)
21 of 24 (87.500000%) active bins are populated
per-bin minimum non-zero probability:       8.16e-29
per-bin maximum probability:                0.207672
per-bin probability dynamic range (kT):     63.1039
per-segment minimum non-zero probability:   1.24228e-29
per-segment maximum non-zero probability:   0.0593419
per-segment probability dynamic range (kT): 63.7336
norm = 1, error in norm = -1.11022e-16 (-0.5*epsilon)
Iteration wallclock: 0:26:45.739222, cputime: 2:38:44.958398


Fri Aug 19 16:17:10 2022
Iteration 557 (600 requested)
Beginning iteration 557
115 segments remain in iteration 557 (115 total)
22 of 24 (91.666667%) active bins are populated
per-bin minimum non-zero probability:       1.13907e-28
per-bin maximum probability:                0.172084
per-bin probability dynamic range (kT):     62.5824
per-segment minimum non-zero probability:   1.73938e-29
per-segment maximum non-zero probability:   0.0485386
per-segment probability dynamic range (kT): 63.196
norm = 1, error in norm = 2.22045e-16 (1*epsilon)
Iteration wallclock: 0:26:48.259716, cputime: 2:38:49.857098


Fri Aug 19 16:43:58 2022
Iteration 558 (600 requested)
Beginning iteration 558
120 segments remain in iteration 558 (120 total)
22 of 24 (91.666667%) active bins are populated
per-bin minimum non-zero probability:       1.73938e-29
per-bin maximum probability:                0.153677
per-bin probability dynamic range (kT):     64.3485
per-segment minimum non-zero probability:   3.47876e-30
per-segment maximum non-zero probability:   0.0485386
per-segment probability dynamic range (kT): 64.8055
norm = 1, error in norm = 0 (0*epsilon)
Iteration wallclock: 0:27:25.110600, cputime: 2:46:07.162275


Fri Aug 19 17:11:23 2022
Iteration 559 (600 requested)
Beginning iteration 559
110 segments remain in iteration 559 (110 total)
21 of 24 (87.500000%) active bins are populated
per-bin minimum non-zero probability:       5.47339e-29
per-bin maximum probability:                0.182241
per-bin probability dynamic range (kT):     63.3726
per-segment minimum non-zero probability:   1.00658e-29
per-segment maximum non-zero probability:   0.0488613
per-segment probability dynamic range (kT): 63.7496
norm = 1, error in norm = -1.11022e-16 (-0.5*epsilon)
Iteration wallclock: 0:25:21.081284, cputime: 2:32:30.468646


Fri Aug 19 17:36:44 2022
Iteration 560 (600 requested)
Beginning iteration 560
120 segments remain in iteration 560 (120 total)
22 of 24 (91.666667%) active bins are populated
per-bin minimum non-zero probability:       5.96787e-29
per-bin maximum probability:                0.218237
per-bin probability dynamic range (kT):     63.4664
per-segment minimum non-zero probability:   6.25972e-30
per-segment maximum non-zero probability:   0.0515692
per-segment probability dynamic range (kT): 64.2786
norm = 1, error in norm = 0 (0*epsilon)
Iteration wallclock: 0:27:28.089086, cputime: 2:46:19.152168


Fri Aug 19 18:04:12 2022
Iteration 561 (600 requested)
Beginning iteration 561
120 segments remain in iteration 561 (120 total)
22 of 24 (91.666667%) active bins are populated
per-bin minimum non-zero probability:       2.27974e-29
per-bin maximum probability:                0.178505
per-bin probability dynamic range (kT):     64.2278
per-segment minimum non-zero probability:   4.13441e-30
per-segment maximum non-zero probability:   0.0485386
per-segment probability dynamic range (kT): 64.6328
norm = 1, error in norm = 0 (0*epsilon)
Iteration wallclock: 0:27:30.738739, cputime: 2:46:24.262554


Fri Aug 19 18:31:43 2022
Iteration 562 (600 requested)
Beginning iteration 562
120 segments remain in iteration 562 (120 total)
22 of 24 (91.666667%) active bins are populated
per-bin minimum non-zero probability:       4.73917e-29
per-bin maximum probability:                0.172548
per-bin probability dynamic range (kT):     63.462
per-segment minimum non-zero probability:   4.36871e-30
per-segment maximum non-zero probability:   0.0485386
per-segment probability dynamic range (kT): 64.5777
norm = 1, error in norm = 0 (0*epsilon)
Iteration wallclock: 0:27:28.956364, cputime: 2:46:07.605398


Fri Aug 19 18:59:12 2022
Iteration 563 (600 requested)
Beginning iteration 563
120 segments remain in iteration 563 (120 total)
22 of 24 (91.666667%) active bins are populated
per-bin minimum non-zero probability:       1.21933e-29
per-bin maximum probability:                0.200974
per-bin probability dynamic range (kT):     64.9721
per-segment minimum non-zero probability:   1.95614e-30
per-segment maximum non-zero probability:   0.0562039
per-segment probability dynamic range (kT): 65.5278
norm = 1, error in norm = 0 (0*epsilon)
Iteration wallclock: 0:27:27.558710, cputime: 2:46:16.163557


Fri Aug 19 19:26:40 2022
Iteration 564 (600 requested)
Beginning iteration 564
115 segments remain in iteration 564 (115 total)
21 of 24 (87.500000%) active bins are populated
per-bin minimum non-zero probability:       9.70832e-29
per-bin maximum probability:                0.17279
per-bin probability dynamic range (kT):     62.7463
per-segment minimum non-zero probability:   1.05286e-29
per-segment maximum non-zero probability:   0.0496131
per-segment probability dynamic range (kT): 63.72
norm = 1, error in norm = -1.11022e-16 (-0.5*epsilon)
Iteration wallclock: 0:26:43.693218, cputime: 2:38:49.865507


Fri Aug 19 19:53:23 2022
Iteration 565 (600 requested)
Beginning iteration 565
120 segments remain in iteration 565 (120 total)
22 of 24 (91.666667%) active bins are populated
per-bin minimum non-zero probability:       5.0442e-29
per-bin maximum probability:                0.163641
per-bin probability dynamic range (kT):     63.3466
per-segment minimum non-zero probability:   7.87338e-30
per-segment maximum non-zero probability:   0.0433978
per-segment probability dynamic range (kT): 63.8767
norm = 1, error in norm = 0 (0*epsilon)
Iteration wallclock: 0:27:31.736005, cputime: 2:46:21.662982


Fri Aug 19 20:20:55 2022
Iteration 566 (600 requested)
Beginning iteration 566
120 segments remain in iteration 566 (120 total)
22 of 24 (91.666667%) active bins are populated
per-bin minimum non-zero probability:       2.19632e-28
per-bin maximum probability:                0.188043
per-bin probability dynamic range (kT):     62.0145
per-segment minimum non-zero probability:   3.42089e-29
per-segment maximum non-zero probability:   0.0531579
per-segment probability dynamic range (kT): 62.6106
norm = 1, error in norm = 0 (0*epsilon)
Iteration wallclock: 0:27:28.387253, cputime: 2:46:14.676264


Fri Aug 19 20:48:24 2022
Iteration 567 (600 requested)
Beginning iteration 567
120 segments remain in iteration 567 (120 total)
22 of 24 (91.666667%) active bins are populated
per-bin minimum non-zero probability:       3.42089e-29
per-bin maximum probability:                0.159066
per-bin probability dynamic range (kT):     63.7066
per-segment minimum non-zero probability:   6.84178e-30
per-segment maximum non-zero probability:   0.0385467
per-segment probability dynamic range (kT): 63.8986
norm = 1, error in norm = 0 (0*epsilon)
Iteration wallclock: 0:27:30.610720, cputime: 2:46:09.337116


Fri Aug 19 21:15:54 2022
Iteration 568 (600 requested)
Beginning iteration 568
115 segments remain in iteration 568 (115 total)
21 of 24 (87.500000%) active bins are populated
per-bin minimum non-zero probability:       8.91077e-29
per-bin maximum probability:                0.143851
per-bin probability dynamic range (kT):     62.6487
per-segment minimum non-zero probability:   1.75902e-29
per-segment maximum non-zero probability:   0.0360582
per-segment probability dynamic range (kT): 62.8876
norm = 1, error in norm = 2.22045e-16 (1*epsilon)
Iteration wallclock: 0:26:45.198261, cputime: 2:38:45.083631


Fri Aug 19 21:42:39 2022
Iteration 569 (600 requested)
Beginning iteration 569
110 segments remain in iteration 569 (110 total)
20 of 24 (83.333333%) active bins are populated
per-bin minimum non-zero probability:       3.75045e-29
per-bin maximum probability:                0.254434
per-bin probability dynamic range (kT):     64.0844
per-segment minimum non-zero probability:   7.50089e-30
per-segment maximum non-zero probability:   0.0714896
per-segment probability dynamic range (kT): 64.4243
norm = 1, error in norm = -2.22045e-16 (-1*epsilon)
Iteration wallclock: 0:25:19.568970, cputime: 2:32:16.960534


Fri Aug 19 22:07:59 2022
Iteration 570 (600 requested)
Beginning iteration 570
120 segments remain in iteration 570 (120 total)
22 of 24 (91.666667%) active bins are populated
per-bin minimum non-zero probability:       4.50053e-29
per-bin maximum probability:                0.200446
per-bin probability dynamic range (kT):     63.6636
per-segment minimum non-zero probability:   7.50089e-30
per-segment maximum non-zero probability:   0.0656946
per-segment probability dynamic range (kT): 64.3398
norm = 1, error in norm = 0 (0*epsilon)
Iteration wallclock: 0:27:28.021017, cputime: 2:45:59.356876


Fri Aug 19 22:35:27 2022
Iteration 571 (600 requested)
Beginning iteration 571
110 segments remain in iteration 571 (110 total)
21 of 24 (87.500000%) active bins are populated
per-bin minimum non-zero probability:       1.0729e-28
per-bin maximum probability:                0.240665
per-bin probability dynamic range (kT):     62.9777
per-segment minimum non-zero probability:   1.93215e-29
per-segment maximum non-zero probability:   0.0605065
per-segment probability dynamic range (kT): 63.3113
norm = 1, error in norm = 0 (0*epsilon)
Iteration wallclock: 0:25:22.524229, cputime: 2:32:22.857105


Fri Aug 19 23:00:50 2022
Iteration 572 (600 requested)
Beginning iteration 572
110 segments remain in iteration 572 (110 total)
20 of 24 (83.333333%) active bins are populated
per-bin minimum non-zero probability:       1.2482e-28
per-bin maximum probability:                0.17414
per-bin probability dynamic range (kT):     62.5028
per-segment minimum non-zero probability:   2.47645e-29
per-segment maximum non-zero probability:   0.0474978
per-segment probability dynamic range (kT): 62.8211
norm = 1, error in norm = 4.44089e-16 (2*epsilon)
Iteration wallclock: 0:25:22.522675, cputime: 2:32:31.146023


Fri Aug 19 23:26:12 2022
Iteration 573 (600 requested)
Beginning iteration 573
110 segments remain in iteration 573 (110 total)
20 of 24 (83.333333%) active bins are populated
per-bin minimum non-zero probability:       1.91024e-28
per-bin maximum probability:                0.164781
per-bin probability dynamic range (kT):     62.022
per-segment minimum non-zero probability:   2.67711e-29
per-segment maximum non-zero probability:   0.0391101
per-segment probability dynamic range (kT): 62.5489
norm = 1, error in norm = 2.22045e-16 (1*epsilon)
Iteration wallclock: 0:25:22.550926, cputime: 2:32:22.741354


Fri Aug 19 23:51:35 2022
Iteration 574 (600 requested)
Beginning iteration 574
115 segments remain in iteration 574 (115 total)
22 of 24 (91.666667%) active bins are populated
per-bin minimum non-zero probability:       1.05061e-28
per-bin maximum probability:                0.190269
per-bin probability dynamic range (kT):     62.7637
per-segment minimum non-zero probability:   1.75102e-29
per-segment maximum non-zero probability:   0.0528714
per-segment probability dynamic range (kT): 63.2749
norm = 1, error in norm = 0 (0*epsilon)
Iteration wallclock: 0:26:50.295761, cputime: 2:38:41.319625


Sat Aug 20 00:18:25 2022
Iteration 575 (600 requested)
Beginning iteration 575
120 segments remain in iteration 575 (120 total)
22 of 24 (91.666667%) active bins are populated
per-bin minimum non-zero probability:       9.0506e-29
per-bin maximum probability:                0.184363
per-bin probability dynamic range (kT):     62.8813
per-segment minimum non-zero probability:   1.52492e-29
per-segment maximum non-zero probability:   0.0528714
per-segment probability dynamic range (kT): 63.4131
norm = 1, error in norm = 0 (0*epsilon)
Iteration wallclock: 0:27:30.317248, cputime: 2:46:18.349380


Sat Aug 20 00:45:55 2022
Iteration 576 (600 requested)
Beginning iteration 576
120 segments remain in iteration 576 (120 total)
22 of 24 (91.666667%) active bins are populated
per-bin minimum non-zero probability:       1.77519e-28
per-bin maximum probability:                0.165896
per-bin probability dynamic range (kT):     62.1021
per-segment minimum non-zero probability:   1.52492e-29
per-segment maximum non-zero probability:   0.0528714
per-segment probability dynamic range (kT): 63.4131
norm = 1, error in norm = 0 (0*epsilon)
Iteration wallclock: 0:27:31.761795, cputime: 2:46:09.634260


Sat Aug 20 01:13:27 2022
Iteration 577 (600 requested)
Beginning iteration 577
115 segments remain in iteration 577 (115 total)
21 of 24 (87.500000%) active bins are populated
per-bin minimum non-zero probability:       9.49229e-29
per-bin maximum probability:                0.17755
per-bin probability dynamic range (kT):     62.796
per-segment minimum non-zero probability:   1.52492e-29
per-segment maximum non-zero probability:   0.0528714
per-segment probability dynamic range (kT): 63.4131
norm = 1, error in norm = 0 (0*epsilon)
Iteration wallclock: 0:26:47.898694, cputime: 2:38:42.403439


Sat Aug 20 01:40:15 2022
Iteration 578 (600 requested)
Beginning iteration 578
120 segments remain in iteration 578 (120 total)
22 of 24 (91.666667%) active bins are populated
per-bin minimum non-zero probability:       7.72861e-29
per-bin maximum probability:                0.159552
per-bin probability dynamic range (kT):     62.8947
per-segment minimum non-zero probability:   1.54572e-29
per-segment maximum non-zero probability:   0.0528714
per-segment probability dynamic range (kT): 63.3996
norm = 1, error in norm = 2.22045e-16 (1*epsilon)
Iteration wallclock: 0:27:34.558851, cputime: 2:46:05.950533


Sat Aug 20 02:07:49 2022
Iteration 579 (600 requested)
Beginning iteration 579
115 segments remain in iteration 579 (115 total)
21 of 24 (87.500000%) active bins are populated
per-bin minimum non-zero probability:       1.54572e-29
per-bin maximum probability:                0.212735
per-bin probability dynamic range (kT):     64.7918
per-segment minimum non-zero probability:   3.09145e-30
per-segment maximum non-zero probability:   0.0528714
per-segment probability dynamic range (kT): 65.009
norm = 1, error in norm = 0 (0*epsilon)
Iteration wallclock: 0:28:12.587981, cputime: 2:39:31.355437


Sat Aug 20 02:36:02 2022
Iteration 580 (600 requested)
Beginning iteration 580
115 segments remain in iteration 580 (115 total)
21 of 24 (87.500000%) active bins are populated
per-bin minimum non-zero probability:       5.56816e-29
per-bin maximum probability:                0.150828
per-bin probability dynamic range (kT):     63.1663
per-segment minimum non-zero probability:   8.98231e-30
per-segment maximum non-zero probability:   0.0496
per-segment probability dynamic range (kT): 63.8785
norm = 1, error in norm = 0 (0*epsilon)
Iteration wallclock: 0:26:48.465502, cputime: 2:38:43.532718


Sat Aug 20 03:02:51 2022
Iteration 581 (600 requested)
Beginning iteration 581
115 segments remain in iteration 581 (115 total)
21 of 24 (87.500000%) active bins are populated
per-bin minimum non-zero probability:       8.50785e-29
per-bin maximum probability:                0.211334
per-bin probability dynamic range (kT):     63.0797
per-segment minimum non-zero probability:   1.79646e-30
per-segment maximum non-zero probability:   0.0543326
per-segment probability dynamic range (kT): 65.5791
norm = 1, error in norm = -1.11022e-16 (-0.5*epsilon)
Iteration wallclock: 0:26:52.648855, cputime: 2:39:03.397320


Sat Aug 20 03:29:43 2022
Iteration 582 (600 requested)
Beginning iteration 582
120 segments remain in iteration 582 (120 total)
22 of 24 (91.666667%) active bins are populated
per-bin minimum non-zero probability:       4.55735e-29
per-bin maximum probability:                0.18111
per-bin probability dynamic range (kT):     63.5496
per-segment minimum non-zero probability:   4.5335e-30
per-segment maximum non-zero probability:   0.0543326
per-segment probability dynamic range (kT): 64.6534
norm = 1, error in norm = 0 (0*epsilon)
Iteration wallclock: 0:27:27.384250, cputime: 2:46:10.688433


Sat Aug 20 03:57:11 2022
Iteration 583 (600 requested)
Beginning iteration 583
120 segments remain in iteration 583 (120 total)
22 of 24 (91.666667%) active bins are populated
per-bin minimum non-zero probability:       1.62871e-28
per-bin maximum probability:                0.187035
per-bin probability dynamic range (kT):     62.3081
per-segment minimum non-zero probability:   1.08635e-29
per-segment maximum non-zero probability:   0.0543326
per-segment probability dynamic range (kT): 63.7795
norm = 1, error in norm = 2.22045e-16 (1*epsilon)
Iteration wallclock: 0:27:33.909620, cputime: 2:46:04.430918


Sat Aug 20 04:24:44 2022
Iteration 584 (600 requested)
Beginning iteration 584
120 segments remain in iteration 584 (120 total)
22 of 24 (91.666667%) active bins are populated
per-bin minimum non-zero probability:       5.16626e-29
per-bin maximum probability:                0.151431
per-bin probability dynamic range (kT):     63.2452
per-segment minimum non-zero probability:   9.65964e-30
per-segment maximum non-zero probability:   0.0428476
per-segment probability dynamic range (kT): 63.6595
norm = 1, error in norm = 2.22045e-16 (1*epsilon)
Iteration wallclock: 0:27:22.799859, cputime: 2:45:45.030626


Sat Aug 20 04:52:07 2022
Iteration 585 (600 requested)
Beginning iteration 585
120 segments remain in iteration 585 (120 total)
22 of 24 (91.666667%) active bins are populated
per-bin minimum non-zero probability:       3.05994e-29
per-bin maximum probability:                0.211214
per-bin probability dynamic range (kT):     64.1017
per-segment minimum non-zero probability:   5.09989e-30
per-segment maximum non-zero probability:   0.0570439
per-segment probability dynamic range (kT): 64.5844
norm = 1, error in norm = 0 (0*epsilon)
Iteration wallclock: 0:27:23.459682, cputime: 2:45:53.482715


Sat Aug 20 05:19:31 2022
Iteration 586 (600 requested)
Beginning iteration 586
120 segments remain in iteration 586 (120 total)
22 of 24 (91.666667%) active bins are populated
per-bin minimum non-zero probability:       9.00412e-29
per-bin maximum probability:                0.174551
per-bin probability dynamic range (kT):     62.8317
per-segment minimum non-zero probability:   5.09989e-30
per-segment maximum non-zero probability:   0.0570439
per-segment probability dynamic range (kT): 64.5844
norm = 1, error in norm = 0 (0*epsilon)
Iteration wallclock: 0:27:23.645190, cputime: 2:46:01.975317


Sat Aug 20 05:46:54 2022
Iteration 587 (600 requested)
Beginning iteration 587
115 segments remain in iteration 587 (115 total)
22 of 24 (91.666667%) active bins are populated
per-bin minimum non-zero probability:       1.62495e-28
per-bin maximum probability:                0.196357
per-bin probability dynamic range (kT):     62.3591
per-segment minimum non-zero probability:   2.33178e-29
per-segment maximum non-zero probability:   0.0570439
per-segment probability dynamic range (kT): 63.0644
norm = 1, error in norm = 2.22045e-16 (1*epsilon)
Iteration wallclock: 0:26:45.645737, cputime: 2:38:36.051710


Sat Aug 20 06:13:40 2022
Iteration 588 (600 requested)
Beginning iteration 588
115 segments remain in iteration 588 (115 total)
21 of 24 (87.500000%) active bins are populated
per-bin minimum non-zero probability:       9.27402e-29
per-bin maximum probability:                0.267677
per-bin probability dynamic range (kT):     63.2298
per-segment minimum non-zero probability:   1.65097e-29
per-segment maximum non-zero probability:   0.0675951
per-segment probability dynamic range (kT): 63.5794
norm = 1, error in norm = 0 (0*epsilon)
Iteration wallclock: 0:26:47.664881, cputime: 2:38:32.991797


Sat Aug 20 06:40:28 2022
Iteration 589 (600 requested)
Beginning iteration 589
115 segments remain in iteration 589 (115 total)
21 of 24 (87.500000%) active bins are populated
per-bin minimum non-zero probability:       1.73556e-29
per-bin maximum probability:                0.183228
per-bin probability dynamic range (kT):     64.5266
per-segment minimum non-zero probability:   3.47112e-30
per-segment maximum non-zero probability:   0.0570439
per-segment probability dynamic range (kT): 64.9691
norm = 1, error in norm = 0 (0*epsilon)
Iteration wallclock: 0:26:43.966514, cputime: 2:38:34.790512


Sat Aug 20 07:07:12 2022
Iteration 590 (600 requested)
Beginning iteration 590
105 segments remain in iteration 590 (105 total)
21 of 24 (87.500000%) active bins are populated
per-bin minimum non-zero probability:       1.1726e-29
per-bin maximum probability:                0.160781
per-bin probability dynamic range (kT):     64.788
per-segment minimum non-zero probability:   2.06371e-30
per-segment maximum non-zero probability:   0.0499121
per-segment probability dynamic range (kT): 65.3556
norm = 1, error in norm = 0 (0*epsilon)
Iteration wallclock: 0:24:07.935793, cputime: 2:24:31.750538


Sat Aug 20 07:31:20 2022
Iteration 591 (600 requested)
Beginning iteration 591
120 segments remain in iteration 591 (120 total)
22 of 24 (91.666667%) active bins are populated
per-bin minimum non-zero probability:       5.20314e-30
per-bin maximum probability:                0.147637
per-bin probability dynamic range (kT):     65.5153
per-segment minimum non-zero probability:   7.84859e-31
per-segment maximum non-zero probability:   0.0499121
per-segment probability dynamic range (kT): 66.3223
norm = 1, error in norm = 0 (0*epsilon)
Iteration wallclock: 0:27:23.343098, cputime: 2:46:01.519201


Sat Aug 20 07:58:43 2022
Iteration 592 (600 requested)
Beginning iteration 592
115 segments remain in iteration 592 (115 total)
22 of 24 (91.666667%) active bins are populated
per-bin minimum non-zero probability:       4.46632e-29
per-bin maximum probability:                0.160956
per-bin probability dynamic range (kT):     63.4518
per-segment minimum non-zero probability:   7.99082e-30
per-segment maximum non-zero probability:   0.0429529
per-segment probability dynamic range (kT): 63.8516
norm = 1, error in norm = -1.11022e-16 (-0.5*epsilon)
Iteration wallclock: 0:26:42.917328, cputime: 2:38:45.210413


Sat Aug 20 08:25:26 2022
Iteration 593 (600 requested)
Beginning iteration 593
120 segments remain in iteration 593 (120 total)
22 of 24 (91.666667%) active bins are populated
per-bin minimum non-zero probability:       1.41697e-29
per-bin maximum probability:                0.167274
per-bin probability dynamic range (kT):     64.6383
per-segment minimum non-zero probability:   2.83393e-30
per-segment maximum non-zero probability:   0.0469991
per-segment probability dynamic range (kT): 64.9783
norm = 1, error in norm = 0 (0*epsilon)
Iteration wallclock: 0:27:26.038226, cputime: 2:46:11.401454


Sat Aug 20 08:52:52 2022
Iteration 594 (600 requested)
Beginning iteration 594
120 segments remain in iteration 594 (120 total)
22 of 24 (91.666667%) active bins are populated
per-bin minimum non-zero probability:       3.31556e-29
per-bin maximum probability:                0.196067
per-bin probability dynamic range (kT):     63.947
per-segment minimum non-zero probability:   2.59748e-30
per-segment maximum non-zero probability:   0.055418
per-segment probability dynamic range (kT): 65.2302
norm = 1, error in norm = 0 (0*epsilon)
Iteration wallclock: 0:27:25.436500, cputime: 2:46:11.346912


Sat Aug 20 09:20:17 2022
Iteration 595 (600 requested)
Beginning iteration 595
115 segments remain in iteration 595 (115 total)
21 of 24 (87.500000%) active bins are populated
per-bin minimum non-zero probability:       5.2832e-29
per-bin maximum probability:                0.206731
per-bin probability dynamic range (kT):     63.5341
per-segment minimum non-zero probability:   8.09502e-30
per-segment maximum non-zero probability:   0.0502004
per-segment probability dynamic range (kT): 63.9946
norm = 1, error in norm = 0 (0*epsilon)
Iteration wallclock: 0:26:53.057515, cputime: 2:38:43.658484


Sat Aug 20 09:47:10 2022
Iteration 596 (600 requested)
Beginning iteration 596
120 segments remain in iteration 596 (120 total)
22 of 24 (91.666667%) active bins are populated
per-bin minimum non-zero probability:       2.75513e-29
per-bin maximum probability:                0.246144
per-bin probability dynamic range (kT):     64.3597
per-segment minimum non-zero probability:   5.51026e-30
per-segment maximum non-zero probability:   0.0690895
per-segment probability dynamic range (kT): 64.6986
norm = 1, error in norm = 0 (0*epsilon)
Iteration wallclock: 0:27:29.668092, cputime: 2:46:16.314398


Sat Aug 20 10:14:40 2022
Iteration 597 (600 requested)
Beginning iteration 597
120 segments remain in iteration 597 (120 total)
22 of 24 (91.666667%) active bins are populated
per-bin minimum non-zero probability:       7.21756e-29
per-bin maximum probability:                0.179175
per-bin probability dynamic range (kT):     63.0791
per-segment minimum non-zero probability:   1.1475e-29
per-segment maximum non-zero probability:   0.0502004
per-segment probability dynamic range (kT): 63.6457
norm = 1, error in norm = 0 (0*epsilon)
Iteration wallclock: 0:27:25.556219, cputime: 2:45:55.134211


Sat Aug 20 10:42:06 2022
Iteration 598 (600 requested)
Beginning iteration 598
115 segments remain in iteration 598 (115 total)
21 of 24 (87.500000%) active bins are populated
per-bin minimum non-zero probability:       1.0428e-28
per-bin maximum probability:                0.245897
per-bin probability dynamic range (kT):     63.0276
per-segment minimum non-zero probability:   1.83514e-29
per-segment maximum non-zero probability:   0.0656764
per-segment probability dynamic range (kT): 63.4448
norm = 1, error in norm = 0 (0*epsilon)
Iteration wallclock: 0:26:47.501016, cputime: 2:38:34.150221


Sat Aug 20 11:08:53 2022
Iteration 599 (600 requested)
Beginning iteration 599
115 segments remain in iteration 599 (115 total)
21 of 24 (87.500000%) active bins are populated
per-bin minimum non-zero probability:       8.59284e-29
per-bin maximum probability:                0.20869
per-bin probability dynamic range (kT):     63.0571
per-segment minimum non-zero probability:   1.25835e-29
per-segment maximum non-zero probability:   0.0656764
per-segment probability dynamic range (kT): 63.8221
norm = 1, error in norm = 2.22045e-16 (1*epsilon)
Iteration wallclock: 0:26:43.724810, cputime: 2:38:36.879457


Sat Aug 20 11:35:37 2022
Iteration 600 (600 requested)
Beginning iteration 600
115 segments remain in iteration 600 (115 total)
21 of 24 (87.500000%) active bins are populated
per-bin minimum non-zero probability:       1.83514e-29
per-bin maximum probability:                0.210705
per-bin probability dynamic range (kT):     64.6106
per-segment minimum non-zero probability:   3.67028e-30
per-segment maximum non-zero probability:   0.0584902
per-segment probability dynamic range (kT): 64.9384
norm = 1, error in norm = 2.22045e-16 (1*epsilon)
Iteration wallclock: 0:26:48.972496, cputime: 2:38:41.806363


Sat Aug 20 12:02:26 2022
WEST run complete.
