
CPPTRAJ: Trajectory Analysis. V6.4.4 (AmberTools)
    ___  ___  ___  ___
     | \/ | \/ | \/ | 
    _|_/\_|_/\_|_/\_|_

| Date/time: 01/13/24 22:37:45
| Available memory: 195.410 GB

INPUT: Reading input from 'STDIN'
  [parm ../common_files/m01_2kod_dry.prmtop]
	Reading '../common_files/m01_2kod_dry.prmtop' as Amber Topology
	Radius Set: modified Bondi radii (mbondi)
  [trajin 1500_5/TRAJ_it1500_seg5_trace.nc]
	Reading '1500_5/TRAJ_it1500_seg5_trace.nc' as Amber NetCDF
  [autoimage]
    AUTOIMAGE: To box center based on center of mass, anchor is first molecule.
  [vector O1 :18-22@CA,C,O,N :46-49@CA,C,O,N]
    VECTOR: Type Mask, mask [:18-22@CA,C,O,N], second mask [:46-49@CA,C,O,N]
  [vector O2 :18-22@CA,C,O,N :134-137@CA,C,O,N]
    VECTOR: Type Mask, mask [:18-22@CA,C,O,N], second mask [:134-137@CA,C,O,N]
  [vector O3 :106-110@CA,C,O,N :46-49@CA,C,O,N]
    VECTOR: Type Mask, mask [:106-110@CA,C,O,N], second mask [:46-49@CA,C,O,N]
  [vector O4 :106-110@CA,C,O,N :134-137@CA,C,O,N]
    VECTOR: Type Mask, mask [:106-110@CA,C,O,N], second mask [:134-137@CA,C,O,N]
  [vectormath vec1 O1 vec2 O2 out 1500_5/o_angles.dat name o_angle_m1 dotangle]
    VECTORMATH: Calculating Angle from dot product of vectors O1 and O2
	Vectors will be normalized.
	Results are written to 1500_5/o_angles.dat
  [vectormath vec1 O3 vec2 O4 out 1500_5/o_angles.dat name o_angle_m2 dotangle]
    VECTORMATH: Calculating Angle from dot product of vectors O3 and O4
	Vectors will be normalized.
	Results are written to 1500_5/o_angles.dat
  [vector D1 :1-75@CA,C,O,N :39@CA,C,O,N]
    VECTOR: Type Mask, mask [:1-75@CA,C,O,N], second mask [:39@CA,C,O,N]
  [vector D2 :89-163@CA,C,O,N :127@CA,C,O,N]
    VECTOR: Type Mask, mask [:89-163@CA,C,O,N], second mask [:127@CA,C,O,N]
  [vectormath vec1 D1 vec2 D2 out 1500_5/c2_angle.dat name c2_angle dotangle]
    VECTORMATH: Calculating Angle from dot product of vectors D1 and D2
	Vectors will be normalized.
	Results are written to 1500_5/c2_angle.dat
  [multidihedral phi resrange 41-41 out 1500_5/M1_W184_phi.dat]
    MULTIDIHEDRAL: Calculating phi dihedrals for residues in range 41-41
	Output to M1_W184_phi.dat
	Output range is -180 to 180 degrees.
  [multidihedral psi resrange 41-41 out 1500_5/M1_W184_psi.dat]
    MULTIDIHEDRAL: Calculating psi dihedrals for residues in range 41-41
	Output to M1_W184_psi.dat
	Output range is -180 to 180 degrees.
  [multidihedral dihtype chi1:N:CA:CB:CG dihtype chi2:CA:CB:CG:CD1 resrange 41-41 out 1500_5/M1_W184_chi12.dat]
    MULTIDIHEDRAL: Calculating chi1 chi2 dihedrals for residues in range 41-41
	Output to M1_W184_chi12.dat
	Output range is -180 to 180 degrees.
  [multidihedral phi resrange 129-129 out 1500_5/M2_W184_phi.dat]
    MULTIDIHEDRAL: Calculating phi dihedrals for residues in range 129-129
	Output to M2_W184_phi.dat
	Output range is -180 to 180 degrees.
  [multidihedral psi resrange 129-129 out 1500_5/M2_W184_psi.dat]
    MULTIDIHEDRAL: Calculating psi dihedrals for residues in range 129-129
	Output to M2_W184_psi.dat
	Output range is -180 to 180 degrees.
  [multidihedral dihtype chi1:N:CA:CB:CG dihtype chi2:CA:CB:CG:CD1 resrange 129-129 out 1500_5/M2_W184_chi12.dat]
    MULTIDIHEDRAL: Calculating chi1 chi2 dihedrals for residues in range 129-129
	Output to M2_W184_chi12.dat
	Output range is -180 to 180 degrees.
  [distance T45-T133 :45&!@CA,C,O,N,H :133&!@CA,C,O,N,H out 1500_5/tt_dist.dat]
    DISTANCE: :45&!@CA,C,O,N,H to :133&!@CA,C,O,N,H, center of mass.
  [go]
---------- RUN BEGIN -------------------------------------------------

PARAMETER FILES (1 total):
 0: m01_2kod_dry.prmtop, 2760 atoms, 176 res, box: Truncated octahedron, 2 mol

INPUT TRAJECTORIES (1 total):
 0: 'TRAJ_it1500_seg5_trace.nc' is a NetCDF AMBER trajectory with coordinates, time, box, Parm m01_2kod_dry.prmtop (Truncated octahedron box) (reading 15000 of 15000)
  Coordinate processing will occur on 15000 frames.

BEGIN TRAJECTORY PROCESSING:
.....................................................
ACTION SETUP FOR PARM 'm01_2kod_dry.prmtop' (14 actions):
  0: [autoimage]
	Original box is truncated octahedron, turning on 'familiar'.
	Using first molecule as anchor.
	1 molecules are fixed to anchor: 2
	0 molecules are mobile.
  1: [vector O1 :18-22@CA,C,O,N :46-49@CA,C,O,N]
	Mask [:18-22@CA,C,O,N] corresponds to 20 atoms.
	Mask [:46-49@CA,C,O,N] corresponds to 16 atoms.
  2: [vector O2 :18-22@CA,C,O,N :134-137@CA,C,O,N]
	Mask [:18-22@CA,C,O,N] corresponds to 20 atoms.
	Mask [:134-137@CA,C,O,N] corresponds to 16 atoms.
  3: [vector O3 :106-110@CA,C,O,N :46-49@CA,C,O,N]
	Mask [:106-110@CA,C,O,N] corresponds to 20 atoms.
	Mask [:46-49@CA,C,O,N] corresponds to 16 atoms.
  4: [vector O4 :106-110@CA,C,O,N :134-137@CA,C,O,N]
	Mask [:106-110@CA,C,O,N] corresponds to 20 atoms.
	Mask [:134-137@CA,C,O,N] corresponds to 16 atoms.
  5: [vector D1 :1-75@CA,C,O,N :39@CA,C,O,N]
	Mask [:1-75@CA,C,O,N] corresponds to 300 atoms.
	Mask [:39@CA,C,O,N] corresponds to 4 atoms.
  6: [vector D2 :89-163@CA,C,O,N :127@CA,C,O,N]
	Mask [:89-163@CA,C,O,N] corresponds to 300 atoms.
	Mask [:127@CA,C,O,N] corresponds to 4 atoms.
  7: [multidihedral phi resrange 41-41 out 1500_5/M1_W184_phi.dat]
	ResRange=[41-41] phi, 1 dihedrals.
	1 [phi:41]: ASN@C TRP@N TRP@CA TRP@C
  8: [multidihedral psi resrange 41-41 out 1500_5/M1_W184_psi.dat]
	ResRange=[41-41] psi, 1 dihedrals.
	1 [psi:41]: TRP@N TRP@CA TRP@C MET@N
  9: [multidihedral dihtype chi1:N:CA:CB:CG dihtype chi2:CA:CB:CG:CD1 resrange 41-41 out 1500_5/M1_W184_chi12.dat]
	ResRange=[41-41] chi1 chi2, 2 dihedrals.
	1 [chi1:41]: TRP@N TRP@CA TRP@CB TRP@CG
	2 [chi2:41]: TRP@CA TRP@CB TRP@CG TRP@CD1
  10: [multidihedral phi resrange 129-129 out 1500_5/M2_W184_phi.dat]
	ResRange=[129-129] phi, 1 dihedrals.
	1 [phi:129]: ASN@C TRP@N TRP@CA TRP@C
  11: [multidihedral psi resrange 129-129 out 1500_5/M2_W184_psi.dat]
	ResRange=[129-129] psi, 1 dihedrals.
	1 [psi:129]: TRP@N TRP@CA TRP@C MET@N
  12: [multidihedral dihtype chi1:N:CA:CB:CG dihtype chi2:CA:CB:CG:CD1 resrange 129-129 out 1500_5/M2_W184_chi12.dat]
	ResRange=[129-129] chi1 chi2, 2 dihedrals.
	1 [chi1:129]: TRP@N TRP@CA TRP@CB TRP@CG
	2 [chi2:129]: TRP@CA TRP@CB TRP@CG TRP@CD1
  13: [distance T45-T133 :45&!@CA,C,O,N,H :133&!@CA,C,O,N,H out 1500_5/tt_dist.dat]
	:45&!@CA,C,O,N,H (9 atoms) to :133&!@CA,C,O,N,H (9 atoms), imaged.
----- TRAJ_it1500_seg5_trace.nc (1-15000, 1) -----
 0% 10% 20% 30% 40% 50% 60% 70% 80% 90% 100% Complete.

Read 15000 frames and processed 15000 frames.
TIME: Avg. throughput= 9107.9714 frames / second.

ACTION OUTPUT:

ANALYSIS: Performing 3 analyses:
  0: [vectormath vec1 O1 vec2 O2 out 1500_5/o_angles.dat name o_angle_m1 dotangle]
	'O1' size 15000, 'O2' size 15000, output size 15000
  1: [vectormath vec1 O3 vec2 O4 out 1500_5/o_angles.dat name o_angle_m2 dotangle]
	'O3' size 15000, 'O4' size 15000, output size 15000
  2: [vectormath vec1 D1 vec2 D2 out 1500_5/c2_angle.dat name c2_angle dotangle]
	'D1' size 15000, 'D2' size 15000, output size 15000

TIME: Analyses took 0.0024 seconds.

DATASETS (18 total):
	O1 "O1" (vector, vector), size is 15000 (720.004 kB)
	O2 "O2" (vector, vector), size is 15000 (720.004 kB)
	O3 "O3" (vector, vector), size is 15000 (720.004 kB)
	O4 "O4" (vector, vector), size is 15000 (720.004 kB)
	o_angle_m1 "o_angle_m1" (double), size is 15000 (120.000 kB)
	o_angle_m2 "o_angle_m2" (double), size is 15000 (120.000 kB)
	D1 "D1" (vector, vector), size is 15000 (720.004 kB)
	D2 "D2" (vector, vector), size is 15000 (720.004 kB)
	c2_angle "c2_angle" (double), size is 15000 (120.000 kB)
	T45-T133 "T45-T133" (double, distance), size is 15000 (120.000 kB)
	MDIH_00011[phi]:41 "phi:41" (double, torsion(phi)), size is 15000 (120.000 kB)
	MDIH_00012[psi]:41 "psi:41" (double, torsion(psi)), size is 15000 (120.000 kB)
	MDIH_00013[chi1]:41 "chi1:41" (double, torsion), size is 15000 (120.000 kB)
	MDIH_00013[chi2]:41 "chi2:41" (double, torsion), size is 15000 (120.000 kB)
	MDIH_00015[phi]:129 "phi:129" (double, torsion(phi)), size is 15000 (120.000 kB)
	MDIH_00016[psi]:129 "psi:129" (double, torsion(psi)), size is 15000 (120.000 kB)
	MDIH_00017[chi1]:129 "chi1:129" (double, torsion), size is 15000 (120.000 kB)
	MDIH_00017[chi2]:129 "chi2:129" (double, torsion), size is 15000 (120.000 kB)
    Total data set memory usage is at least 5.760 MB

DATAFILES (9 total):
  o_angles.dat (Standard Data File):  o_angle_m1 o_angle_m2
  c2_angle.dat (Standard Data File):  c2_angle
  M1_W184_phi.dat (Standard Data File):  phi:41
  M1_W184_psi.dat (Standard Data File):  psi:41
  M1_W184_chi12.dat (Standard Data File):  chi1:41 chi2:41
  M2_W184_phi.dat (Standard Data File):  phi:129
  M2_W184_psi.dat (Standard Data File):  psi:129
  M2_W184_chi12.dat (Standard Data File):  chi1:129 chi2:129
  tt_dist.dat (Standard Data File):  T45-T133

RUN TIMING:
TIME:		Init               : 0.0001 s (  0.00%)
TIME:		Trajectory Process : 1.6469 s ( 89.15%)
TIME:		Action Post        : 0.0000 s (  0.00%)
TIME:		Analysis           : 0.0024 s (  0.13%)
TIME:		Data File Write    : 0.1979 s ( 10.72%)
TIME:		Other              : 0.0000 s (  0.00%)
TIME:	Run Total 1.8473 s
---------- RUN END ---------------------------------------------------
TIME: Total execution time: 2.0669 seconds.
--------------------------------------------------------------------------------
To cite CPPTRAJ use:
Daniel R. Roe and Thomas E. Cheatham, III, "PTRAJ and CPPTRAJ: Software for
  Processing and Analysis of Molecular Dynamics Trajectory Data". J. Chem.
  Theory Comput., 2013, 9 (7), pp 3084-3095.

