Updating system with the options from the configuration file
Maximum wallclock time: 3 days, 0:00:00

Sun Jun  9 22:18:47 2024
Iteration 501 (600 requested)
Beginning iteration 501
124 segments remain in iteration 501 (124 total)
30 of 33 (90.909091%) active bins are populated
per-bin minimum non-zero probability:       2.14257e-12
per-bin maximum probability:                0.284497
per-bin probability dynamic range (kT):     25.612
per-segment minimum non-zero probability:   5.35643e-13
per-segment maximum non-zero probability:   0.0962966
per-segment probability dynamic range (kT): 25.915
norm = 1, error in norm = 0 (0*epsilon)
MAB binning in use
Bottleneck bin occupancy may not be accurately reported
Waiting for segments to complete...
################ MAB stats ################
minima in each dimension:      [11.4516]
maxima in each dimension:      [39.997]
direction in each dimension:   [86]
skip in each dimension:        [0]
###########################################
Iteration completed successfully
Iteration wallclock: 0:08:00.191828, cputime: 0:34:08.556516


Sun Jun  9 22:26:48 2024
Iteration 502 (600 requested)
Beginning iteration 502
124 segments remain in iteration 502 (124 total)
30 of 33 (90.909091%) active bins are populated
per-bin minimum non-zero probability:       1.98442e-12
per-bin maximum probability:                0.257852
per-bin probability dynamic range (kT):     25.5903
per-segment minimum non-zero probability:   4.96104e-13
per-segment maximum non-zero probability:   0.0962966
per-segment probability dynamic range (kT): 25.9917
norm = 1, error in norm = 0 (0*epsilon)
MAB binning in use
Bottleneck bin occupancy may not be accurately reported
Waiting for segments to complete...
################ MAB stats ################
minima in each dimension:      [11.373]
maxima in each dimension:      [39.7759]
direction in each dimension:   [86]
skip in each dimension:        [0]
###########################################
Iteration completed successfully
Iteration wallclock: 0:06:17.080235, cputime: 0:34:40.115626


Sun Jun  9 22:33:05 2024
Iteration 503 (600 requested)
Beginning iteration 503
124 segments remain in iteration 503 (124 total)
31 of 33 (93.939394%) active bins are populated
per-bin minimum non-zero probability:       4.68746e-12
per-bin maximum probability:                0.277227
per-bin probability dynamic range (kT):     24.8032
per-segment minimum non-zero probability:   1.15882e-12
per-segment maximum non-zero probability:   0.0962966
per-segment probability dynamic range (kT): 25.1433
norm = 1, error in norm = 0 (0*epsilon)
MAB binning in use
Bottleneck bin occupancy may not be accurately reported
Waiting for segments to complete...
################ MAB stats ################
minima in each dimension:      [12.1317]
maxima in each dimension:      [39.831]
direction in each dimension:   [86]
skip in each dimension:        [0]
###########################################
Iteration completed successfully
Iteration wallclock: 0:06:17.188154, cputime: 0:34:29.656164


Sun Jun  9 22:39:22 2024
Iteration 504 (600 requested)
Beginning iteration 504
132 segments remain in iteration 504 (132 total)
32 of 33 (96.969697%) active bins are populated
per-bin minimum non-zero probability:       1.22567e-12
per-bin maximum probability:                0.399803
per-bin probability dynamic range (kT):     26.5108
per-segment minimum non-zero probability:   3.06417e-13
per-segment maximum non-zero probability:   0.131657
per-segment probability dynamic range (kT): 26.7863
norm = 1, error in norm = 0 (0*epsilon)
MAB binning in use
Bottleneck bin occupancy may not be accurately reported
Waiting for segments to complete...
################ MAB stats ################
minima in each dimension:      [9.1442]
maxima in each dimension:      [39.7613]
direction in each dimension:   [86]
skip in each dimension:        [0]
###########################################
Iteration completed successfully
Iteration wallclock: 0:06:40.359669, cputime: 0:36:45.675649


Sun Jun  9 22:46:02 2024
Iteration 505 (600 requested)
Beginning iteration 505
128 segments remain in iteration 505 (128 total)
33 of 33 (100.000000%) active bins are populated
per-bin minimum non-zero probability:       3.52105e-12
per-bin maximum probability:                0.364458
per-bin probability dynamic range (kT):     25.3629
per-segment minimum non-zero probability:   8.80262e-13
per-segment maximum non-zero probability:   0.106867
per-segment probability dynamic range (kT): 25.5224
norm = 1, error in norm = 0 (0*epsilon)
MAB binning in use
Bottleneck bin occupancy may not be accurately reported
Waiting for segments to complete...
################ MAB stats ################
minima in each dimension:      [11.1633]
maxima in each dimension:      [39.9921]
direction in each dimension:   [86]
skip in each dimension:        [0]
###########################################
Iteration completed successfully
Iteration wallclock: 0:06:34.958324, cputime: 0:35:39.516771


Sun Jun  9 22:52:37 2024
Iteration 506 (600 requested)
Beginning iteration 506
132 segments remain in iteration 506 (132 total)
32 of 33 (96.969697%) active bins are populated
per-bin minimum non-zero probability:       2.79175e-12
per-bin maximum probability:                0.240822
per-bin probability dynamic range (kT):     25.1807
per-segment minimum non-zero probability:   1.00727e-12
per-segment maximum non-zero probability:   0.0638792
per-segment probability dynamic range (kT): 24.873
norm = 1, error in norm = -1.11022e-16 (-0.5*epsilon)
MAB binning in use
Bottleneck bin occupancy may not be accurately reported
Waiting for segments to complete...
################ MAB stats ################
minima in each dimension:      [11.8224]
maxima in each dimension:      [39.4114]
direction in each dimension:   [86]
skip in each dimension:        [0]
###########################################
Iteration completed successfully
Iteration wallclock: 0:06:41.003785, cputime: 0:36:44.294482


Sun Jun  9 22:59:18 2024
Iteration 507 (600 requested)
Beginning iteration 507
132 segments remain in iteration 507 (132 total)
32 of 33 (96.969697%) active bins are populated
per-bin minimum non-zero probability:       3.0009e-12
per-bin maximum probability:                0.241182
per-bin probability dynamic range (kT):     25.1099
per-segment minimum non-zero probability:   7.50224e-13
per-segment maximum non-zero probability:   0.0691919
per-segment probability dynamic range (kT): 25.2475
norm = 1, error in norm = -1.11022e-16 (-0.5*epsilon)
MAB binning in use
Bottleneck bin occupancy may not be accurately reported
Waiting for segments to complete...
################ MAB stats ################
minima in each dimension:      [11.9241]
maxima in each dimension:      [39.9362]
direction in each dimension:   [86]
skip in each dimension:        [0]
###########################################
Iteration completed successfully
Iteration wallclock: 0:06:40.763843, cputime: 0:36:47.660488


Sun Jun  9 23:05:59 2024
Iteration 508 (600 requested)
Beginning iteration 508
132 segments remain in iteration 508 (132 total)
32 of 33 (96.969697%) active bins are populated
per-bin minimum non-zero probability:       1.5894e-12
per-bin maximum probability:                0.314991
per-bin probability dynamic range (kT):     26.0125
per-segment minimum non-zero probability:   3.97349e-13
per-segment maximum non-zero probability:   0.105232
per-segment probability dynamic range (kT): 26.3024
norm = 1, error in norm = -1.11022e-16 (-0.5*epsilon)
MAB binning in use
Bottleneck bin occupancy may not be accurately reported
Waiting for segments to complete...
################ MAB stats ################
minima in each dimension:      [12.7508]
maxima in each dimension:      [39.6342]
direction in each dimension:   [86]
skip in each dimension:        [0]
###########################################
Iteration completed successfully
Iteration wallclock: 0:06:41.759677, cputime: 0:36:39.863295


Sun Jun  9 23:12:41 2024
Iteration 509 (600 requested)
Beginning iteration 509
128 segments remain in iteration 509 (128 total)
32 of 33 (96.969697%) active bins are populated
per-bin minimum non-zero probability:       5.03228e-12
per-bin maximum probability:                0.25834
per-bin probability dynamic range (kT):     24.6617
per-segment minimum non-zero probability:   1.03404e-12
per-segment maximum non-zero probability:   0.105232
per-segment probability dynamic range (kT): 25.346
norm = 1, error in norm = 0 (0*epsilon)
MAB binning in use
Bottleneck bin occupancy may not be accurately reported
Waiting for segments to complete...
################ MAB stats ################
minima in each dimension:      [10.8712]
maxima in each dimension:      [39.9742]
direction in each dimension:   [86]
skip in each dimension:        [0]
###########################################
Iteration completed successfully
Iteration wallclock: 0:06:37.196237, cputime: 0:35:53.743231


Sun Jun  9 23:19:18 2024
Iteration 510 (600 requested)
Beginning iteration 510
124 segments remain in iteration 510 (124 total)
32 of 33 (96.969697%) active bins are populated
per-bin minimum non-zero probability:       3.39392e-12
per-bin maximum probability:                0.27737
per-bin probability dynamic range (kT):     25.1266
per-segment minimum non-zero probability:   7.86627e-13
per-segment maximum non-zero probability:   0.0904467
per-segment probability dynamic range (kT): 25.468
norm = 1, error in norm = -2.22045e-16 (-1*epsilon)
MAB binning in use
Bottleneck bin occupancy may not be accurately reported
Waiting for segments to complete...
################ MAB stats ################
minima in each dimension:      [11.3273]
maxima in each dimension:      [39.867]
direction in each dimension:   [86]
skip in each dimension:        [0]
###########################################
Iteration completed successfully
Iteration wallclock: 0:06:17.006595, cputime: 0:34:27.590113


Sun Jun  9 23:25:35 2024
Iteration 511 (600 requested)
Beginning iteration 511
128 segments remain in iteration 511 (128 total)
33 of 33 (100.000000%) active bins are populated
per-bin minimum non-zero probability:       4.62484e-12
per-bin maximum probability:                0.254565
per-bin probability dynamic range (kT):     24.7314
per-segment minimum non-zero probability:   8.48941e-13
per-segment maximum non-zero probability:   0.0904467
per-segment probability dynamic range (kT): 25.3918
norm = 1, error in norm = 0 (0*epsilon)
MAB binning in use
Bottleneck bin occupancy may not be accurately reported
Waiting for segments to complete...
################ MAB stats ################
minima in each dimension:      [11.0634]
maxima in each dimension:      [39.9176]
direction in each dimension:   [86]
skip in each dimension:        [0]
###########################################
Iteration completed successfully
Iteration wallclock: 0:06:34.831892, cputime: 0:35:36.296736


Sun Jun  9 23:32:10 2024
Iteration 512 (600 requested)
Beginning iteration 512
128 segments remain in iteration 512 (128 total)
32 of 33 (96.969697%) active bins are populated
per-bin minimum non-zero probability:       2.75019e-12
per-bin maximum probability:                0.300667
per-bin probability dynamic range (kT):     25.4176
per-segment minimum non-zero probability:   6.87549e-13
per-segment maximum non-zero probability:   0.0904467
per-segment probability dynamic range (kT): 25.6026
norm = 1, error in norm = 0 (0*epsilon)
MAB binning in use
Bottleneck bin occupancy may not be accurately reported
Waiting for segments to complete...
################ MAB stats ################
minima in each dimension:      [11.2494]
maxima in each dimension:      [39.8808]
direction in each dimension:   [86]
skip in each dimension:        [0]
###########################################
Iteration completed successfully
Iteration wallclock: 0:06:33.499716, cputime: 0:35:45.151610


Sun Jun  9 23:38:43 2024
Iteration 513 (600 requested)
Beginning iteration 513
128 segments remain in iteration 513 (128 total)
31 of 33 (93.939394%) active bins are populated
per-bin minimum non-zero probability:       1.95547e-12
per-bin maximum probability:                0.244504
per-bin probability dynamic range (kT):     25.5519
per-segment minimum non-zero probability:   4.88869e-13
per-segment maximum non-zero probability:   0.0858894
per-segment probability dynamic range (kT): 25.892
norm = 1, error in norm = -1.11022e-16 (-0.5*epsilon)
MAB binning in use
Bottleneck bin occupancy may not be accurately reported
Waiting for segments to complete...
################ MAB stats ################
minima in each dimension:      [11.7496]
maxima in each dimension:      [39.6075]
direction in each dimension:   [86]
skip in each dimension:        [0]
###########################################
Iteration completed successfully
Iteration wallclock: 0:06:35.696174, cputime: 0:35:42.008305


Sun Jun  9 23:45:19 2024
Iteration 514 (600 requested)
Beginning iteration 514
132 segments remain in iteration 514 (132 total)
32 of 33 (96.969697%) active bins are populated
per-bin minimum non-zero probability:       6.11154e-13
per-bin maximum probability:                0.337059
per-bin probability dynamic range (kT):     27.0359
per-segment minimum non-zero probability:   1.52789e-13
per-segment maximum non-zero probability:   0.116604
per-segment probability dynamic range (kT): 27.3607
norm = 1, error in norm = 0 (0*epsilon)
MAB binning in use
Bottleneck bin occupancy may not be accurately reported
Waiting for segments to complete...
################ MAB stats ################
minima in each dimension:      [11.8676]
maxima in each dimension:      [39.7971]
direction in each dimension:   [86]
skip in each dimension:        [0]
###########################################
Iteration completed successfully
Iteration wallclock: 0:06:39.406173, cputime: 0:36:40.522469


Sun Jun  9 23:51:58 2024
Iteration 515 (600 requested)
Beginning iteration 515
124 segments remain in iteration 515 (124 total)
31 of 33 (93.939394%) active bins are populated
per-bin minimum non-zero probability:       1.2987e-12
per-bin maximum probability:                0.232243
per-bin probability dynamic range (kT):     25.9097
per-segment minimum non-zero probability:   2.29183e-13
per-segment maximum non-zero probability:   0.0777359
per-segment probability dynamic range (kT): 26.5498
norm = 1, error in norm = -1.11022e-16 (-0.5*epsilon)
MAB binning in use
Bottleneck bin occupancy may not be accurately reported
Waiting for segments to complete...
################ MAB stats ################
minima in each dimension:      [11.3374]
maxima in each dimension:      [39.1523]
direction in each dimension:   [86]
skip in each dimension:        [0]
###########################################
Iteration completed successfully
Iteration wallclock: 0:06:17.119873, cputime: 0:34:12.504892


Sun Jun  9 23:58:15 2024
Iteration 516 (600 requested)
Beginning iteration 516
128 segments remain in iteration 516 (128 total)
32 of 33 (96.969697%) active bins are populated
per-bin minimum non-zero probability:       9.16916e-13
per-bin maximum probability:                0.296579
per-bin probability dynamic range (kT):     26.5023
per-segment minimum non-zero probability:   2.29229e-13
per-segment maximum non-zero probability:   0.0964595
per-segment probability dynamic range (kT): 26.7654
norm = 1, error in norm = -1.11022e-16 (-0.5*epsilon)
MAB binning in use
Bottleneck bin occupancy may not be accurately reported
Waiting for segments to complete...
################ MAB stats ################
minima in each dimension:      [11.3144]
maxima in each dimension:      [39.8453]
direction in each dimension:   [86]
skip in each dimension:        [0]
###########################################
Iteration completed successfully
Iteration wallclock: 0:06:37.000645, cputime: 0:35:44.715664


Mon Jun 10 00:04:52 2024
Iteration 517 (600 requested)
Beginning iteration 517
128 segments remain in iteration 517 (128 total)
32 of 33 (96.969697%) active bins are populated
per-bin minimum non-zero probability:       2.98011e-12
per-bin maximum probability:                0.214589
per-bin probability dynamic range (kT):     25
per-segment minimum non-zero probability:   7.45029e-13
per-segment maximum non-zero probability:   0.075661
per-segment probability dynamic range (kT): 25.3439
norm = 1, error in norm = -1.11022e-16 (-0.5*epsilon)
MAB binning in use
Bottleneck bin occupancy may not be accurately reported
Waiting for segments to complete...
################ MAB stats ################
minima in each dimension:      [11.1031]
maxima in each dimension:      [39.8125]
direction in each dimension:   [86]
skip in each dimension:        [0]
###########################################
Iteration completed successfully
Iteration wallclock: 0:06:35.852909, cputime: 0:35:33.819174


Mon Jun 10 00:11:28 2024
Iteration 518 (600 requested)
Beginning iteration 518
128 segments remain in iteration 518 (128 total)
31 of 33 (93.939394%) active bins are populated
per-bin minimum non-zero probability:       7.45029e-13
per-bin maximum probability:                0.253355
per-bin probability dynamic range (kT):     26.5524
per-segment minimum non-zero probability:   1.86257e-13
per-segment maximum non-zero probability:   0.0896157
per-segment probability dynamic range (kT): 26.8994
norm = 1, error in norm = -2.22045e-16 (-1*epsilon)
MAB binning in use
Bottleneck bin occupancy may not be accurately reported
Waiting for segments to complete...
################ MAB stats ################
minima in each dimension:      [11.9595]
maxima in each dimension:      [39.9654]
direction in each dimension:   [86]
skip in each dimension:        [0]
###########################################
Iteration completed successfully
Iteration wallclock: 0:06:33.873703, cputime: 0:35:44.995655


Mon Jun 10 00:18:02 2024
Iteration 519 (600 requested)
Beginning iteration 519
128 segments remain in iteration 519 (128 total)
32 of 33 (96.969697%) active bins are populated
per-bin minimum non-zero probability:       4.22455e-13
per-bin maximum probability:                0.328683
per-bin probability dynamic range (kT):     27.38
per-segment minimum non-zero probability:   4.65643e-14
per-segment maximum non-zero probability:   0.0896157
per-segment probability dynamic range (kT): 28.2857
norm = 1, error in norm = -1.11022e-16 (-0.5*epsilon)
MAB binning in use
Bottleneck bin occupancy may not be accurately reported
Waiting for segments to complete...
################ MAB stats ################
minima in each dimension:      [10.6607]
maxima in each dimension:      [39.8582]
direction in each dimension:   [86]
skip in each dimension:        [0]
###########################################
Iteration completed successfully
Iteration wallclock: 0:06:37.468795, cputime: 0:35:42.150047


Mon Jun 10 00:24:40 2024
Iteration 520 (600 requested)
Beginning iteration 520
132 segments remain in iteration 520 (132 total)
33 of 33 (100.000000%) active bins are populated
per-bin minimum non-zero probability:       4.51896e-13
per-bin maximum probability:                0.222777
per-bin probability dynamic range (kT):     26.9237
per-segment minimum non-zero probability:   8.96919e-14
per-segment maximum non-zero probability:   0.0641785
per-segment probability dynamic range (kT): 27.2963
norm = 1, error in norm = -2.22045e-16 (-1*epsilon)
MAB binning in use
Bottleneck bin occupancy may not be accurately reported
Waiting for segments to complete...
################ MAB stats ################
minima in each dimension:      [9.9749]
maxima in each dimension:      [39.9631]
direction in each dimension:   [86]
skip in each dimension:        [0]
###########################################
Iteration completed successfully
Iteration wallclock: 0:06:40.477099, cputime: 0:36:40.972634


Mon Jun 10 00:31:20 2024
Iteration 521 (600 requested)
Beginning iteration 521
128 segments remain in iteration 521 (128 total)
31 of 33 (93.939394%) active bins are populated
per-bin minimum non-zero probability:       3.54502e-13
per-bin maximum probability:                0.251551
per-bin probability dynamic range (kT):     27.288
per-segment minimum non-zero probability:   8.86256e-14
per-segment maximum non-zero probability:   0.0816281
per-segment probability dynamic range (kT): 27.5488
norm = 1, error in norm = 0 (0*epsilon)
MAB binning in use
Bottleneck bin occupancy may not be accurately reported
Waiting for segments to complete...
################ MAB stats ################
minima in each dimension:      [10.0697]
maxima in each dimension:      [39.1155]
direction in each dimension:   [86]
skip in each dimension:        [0]
###########################################
Iteration completed successfully
Iteration wallclock: 0:06:35.270521, cputime: 0:35:37.244151


Mon Jun 10 00:37:55 2024
Iteration 522 (600 requested)
Beginning iteration 522
128 segments remain in iteration 522 (128 total)
32 of 33 (96.969697%) active bins are populated
per-bin minimum non-zero probability:       1.12523e-12
per-bin maximum probability:                0.321946
per-bin probability dynamic range (kT):     26.3797
per-segment minimum non-zero probability:   1.93514e-13
per-segment maximum non-zero probability:   0.0816281
per-segment probability dynamic range (kT): 26.7678
norm = 1, error in norm = 0 (0*epsilon)
MAB binning in use
Bottleneck bin occupancy may not be accurately reported
Waiting for segments to complete...
################ MAB stats ################
minima in each dimension:      [11.4263]
maxima in each dimension:      [39.6246]
direction in each dimension:   [86]
skip in each dimension:        [0]
###########################################
Iteration completed successfully
Iteration wallclock: 0:06:34.255953, cputime: 0:35:38.319153


Mon Jun 10 00:44:30 2024
Iteration 523 (600 requested)
Beginning iteration 523
132 segments remain in iteration 523 (132 total)
32 of 33 (96.969697%) active bins are populated
per-bin minimum non-zero probability:       1.93514e-13
per-bin maximum probability:                0.275993
per-bin probability dynamic range (kT):     27.986
per-segment minimum non-zero probability:   4.83784e-14
per-segment maximum non-zero probability:   0.0734614
per-segment probability dynamic range (kT): 28.0487
norm = 1, error in norm = -2.22045e-16 (-1*epsilon)
MAB binning in use
Bottleneck bin occupancy may not be accurately reported
Waiting for segments to complete...
################ MAB stats ################
minima in each dimension:      [10.4144]
maxima in each dimension:      [39.4679]
direction in each dimension:   [86]
skip in each dimension:        [0]
###########################################
Iteration completed successfully
Iteration wallclock: 0:06:40.425272, cputime: 0:36:42.064111


Mon Jun 10 00:51:10 2024
Iteration 524 (600 requested)
Beginning iteration 524
124 segments remain in iteration 524 (124 total)
31 of 33 (93.939394%) active bins are populated
per-bin minimum non-zero probability:       4.83784e-14
per-bin maximum probability:                0.281509
per-bin probability dynamic range (kT):     29.3921
per-segment minimum non-zero probability:   1.20946e-14
per-segment maximum non-zero probability:   0.0620725
per-segment probability dynamic range (kT): 29.2666
norm = 1, error in norm = -1.11022e-16 (-0.5*epsilon)
MAB binning in use
Bottleneck bin occupancy may not be accurately reported
Waiting for segments to complete...
################ MAB stats ################
minima in each dimension:      [11.3442]
maxima in each dimension:      [39.9861]
direction in each dimension:   [86]
skip in each dimension:        [0]
###########################################
Iteration completed successfully
Iteration wallclock: 0:06:16.558082, cputime: 0:34:34.038101


Mon Jun 10 00:57:27 2024
Iteration 525 (600 requested)
Beginning iteration 525
132 segments remain in iteration 525 (132 total)
32 of 33 (96.969697%) active bins are populated
per-bin minimum non-zero probability:       1.20946e-14
per-bin maximum probability:                0.252042
per-bin probability dynamic range (kT):     30.6679
per-segment minimum non-zero probability:   3.02365e-15
per-segment maximum non-zero probability:   0.0735127
per-segment probability dynamic range (kT): 30.822
norm = 1, error in norm = 0 (0*epsilon)
MAB binning in use
Bottleneck bin occupancy may not be accurately reported
Waiting for segments to complete...
################ MAB stats ################
minima in each dimension:      [10.4738]
maxima in each dimension:      [39.8163]
direction in each dimension:   [86]
skip in each dimension:        [0]
###########################################
Iteration completed successfully
Iteration wallclock: 0:06:39.946267, cputime: 0:36:55.908208


Mon Jun 10 01:04:07 2024
Iteration 526 (600 requested)
Beginning iteration 526
128 segments remain in iteration 526 (128 total)
31 of 33 (93.939394%) active bins are populated
per-bin minimum non-zero probability:       1.34985e-13
per-bin maximum probability:                0.48573
per-bin probability dynamic range (kT):     28.9115
per-segment minimum non-zero probability:   3.29904e-14
per-segment maximum non-zero probability:   0.156423
per-segment probability dynamic range (kT): 29.1874
norm = 1, error in norm = 0 (0*epsilon)
MAB binning in use
Bottleneck bin occupancy may not be accurately reported
Waiting for segments to complete...
################ MAB stats ################
minima in each dimension:      [11.6171]
maxima in each dimension:      [39.9242]
direction in each dimension:   [86]
skip in each dimension:        [0]
###########################################
Iteration completed successfully
Iteration wallclock: 0:06:34.595477, cputime: 0:35:49.825119


Mon Jun 10 01:10:41 2024
Iteration 527 (600 requested)
Beginning iteration 527
116 segments remain in iteration 527 (116 total)
28 of 33 (84.848485%) active bins are populated
per-bin minimum non-zero probability:       7.50517e-14
per-bin maximum probability:                0.314092
per-bin probability dynamic range (kT):     29.0625
per-segment minimum non-zero probability:   1.40204e-14
per-segment maximum non-zero probability:   0.121694
per-segment probability dynamic range (kT): 29.792
norm = 1, error in norm = -2.22045e-16 (-1*epsilon)
MAB binning in use
Bottleneck bin occupancy may not be accurately reported
Waiting for segments to complete...
################ MAB stats ################
minima in each dimension:      [10.6479]
maxima in each dimension:      [39.3236]
direction in each dimension:   [86]
skip in each dimension:        [0]
###########################################
Iteration completed successfully
Iteration wallclock: 0:05:53.670606, cputime: 0:32:02.773783


Mon Jun 10 01:16:35 2024
Iteration 528 (600 requested)
Beginning iteration 528
132 segments remain in iteration 528 (132 total)
33 of 33 (100.000000%) active bins are populated
per-bin minimum non-zero probability:       4.05539e-13
per-bin maximum probability:                0.236159
per-bin probability dynamic range (kT):     27.0903
per-segment minimum non-zero probability:   1.01385e-13
per-segment maximum non-zero probability:   0.0982257
per-segment probability dynamic range (kT): 27.5994
norm = 1, error in norm = -2.22045e-16 (-1*epsilon)
MAB binning in use
Bottleneck bin occupancy may not be accurately reported
Waiting for segments to complete...
################ MAB stats ################
minima in each dimension:      [11.3453]
maxima in each dimension:      [39.5573]
direction in each dimension:   [86]
skip in each dimension:        [0]
###########################################
Iteration completed successfully
Iteration wallclock: 0:06:39.942776, cputime: 0:36:46.362799


Mon Jun 10 01:23:15 2024
Iteration 529 (600 requested)
Beginning iteration 529
128 segments remain in iteration 529 (128 total)
32 of 33 (96.969697%) active bins are populated
per-bin minimum non-zero probability:       2.0277e-13
per-bin maximum probability:                0.210404
per-bin probability dynamic range (kT):     27.668
per-segment minimum non-zero probability:   5.06924e-14
per-segment maximum non-zero probability:   0.0654008
per-segment probability dynamic range (kT): 27.8858
norm = 1, error in norm = 0 (0*epsilon)
MAB binning in use
Bottleneck bin occupancy may not be accurately reported
Waiting for segments to complete...
################ MAB stats ################
minima in each dimension:      [11.0193]
maxima in each dimension:      [39.578]
direction in each dimension:   [86]
skip in each dimension:        [0]
###########################################
Iteration completed successfully
Iteration wallclock: 0:06:34.415863, cputime: 0:35:28.171827


Mon Jun 10 01:29:49 2024
Iteration 530 (600 requested)
Beginning iteration 530
132 segments remain in iteration 530 (132 total)
32 of 33 (96.969697%) active bins are populated
per-bin minimum non-zero probability:       1.52434e-13
per-bin maximum probability:                0.280162
per-bin probability dynamic range (kT):     28.2397
per-segment minimum non-zero probability:   3.81085e-14
per-segment maximum non-zero probability:   0.089683
per-segment probability dynamic range (kT): 28.4869
norm = 1, error in norm = -2.22045e-16 (-1*epsilon)
MAB binning in use
Bottleneck bin occupancy may not be accurately reported
Waiting for segments to complete...
################ MAB stats ################
minima in each dimension:      [11.7132]
maxima in each dimension:      [39.7931]
direction in each dimension:   [86]
skip in each dimension:        [0]
###########################################
Iteration completed successfully
Iteration wallclock: 0:06:40.492050, cputime: 0:36:40.786874


Mon Jun 10 01:36:30 2024
Iteration 531 (600 requested)
Beginning iteration 531
128 segments remain in iteration 531 (128 total)
31 of 33 (93.939394%) active bins are populated
per-bin minimum non-zero probability:       2.23977e-13
per-bin maximum probability:                0.175989
per-bin probability dynamic range (kT):     27.3899
per-segment minimum non-zero probability:   5.59943e-14
per-segment maximum non-zero probability:   0.0755684
per-segment probability dynamic range (kT): 27.9308
norm = 1, error in norm = 0 (0*epsilon)
MAB binning in use
Bottleneck bin occupancy may not be accurately reported
Waiting for segments to complete...
################ MAB stats ################
minima in each dimension:      [11.919]
maxima in each dimension:      [39.7318]
direction in each dimension:   [86]
skip in each dimension:        [0]
###########################################
Iteration completed successfully
Iteration wallclock: 0:06:34.930818, cputime: 0:35:30.689579


Mon Jun 10 01:43:05 2024
Iteration 532 (600 requested)
Beginning iteration 532
132 segments remain in iteration 532 (132 total)
32 of 33 (96.969697%) active bins are populated
per-bin minimum non-zero probability:       7.4659e-14
per-bin maximum probability:                0.269063
per-bin probability dynamic range (kT):     28.913
per-segment minimum non-zero probability:   1.86648e-14
per-segment maximum non-zero probability:   0.0755684
per-segment probability dynamic range (kT): 29.0294
norm = 1, error in norm = -1.11022e-16 (-0.5*epsilon)
MAB binning in use
Bottleneck bin occupancy may not be accurately reported
Waiting for segments to complete...
################ MAB stats ################
minima in each dimension:      [10.6297]
maxima in each dimension:      [39.9014]
direction in each dimension:   [86]
skip in each dimension:        [0]
###########################################
Iteration completed successfully
Iteration wallclock: 0:06:41.046453, cputime: 0:36:34.303009


Mon Jun 10 01:49:46 2024
Iteration 533 (600 requested)
Beginning iteration 533
132 segments remain in iteration 533 (132 total)
32 of 33 (96.969697%) active bins are populated
per-bin minimum non-zero probability:       1.86648e-14
per-bin maximum probability:                0.306255
per-bin probability dynamic range (kT):     30.4288
per-segment minimum non-zero probability:   4.66619e-15
per-segment maximum non-zero probability:   0.0965181
per-segment probability dynamic range (kT): 30.6604
norm = 1, error in norm = 0 (0*epsilon)
MAB binning in use
Bottleneck bin occupancy may not be accurately reported
Waiting for segments to complete...
################ MAB stats ################
minima in each dimension:      [10.0117]
maxima in each dimension:      [39.7348]
direction in each dimension:   [86]
skip in each dimension:        [0]
###########################################
Iteration completed successfully
Iteration wallclock: 0:06:40.270589, cputime: 0:36:52.314815


Mon Jun 10 01:56:26 2024
Iteration 534 (600 requested)
Beginning iteration 534
120 segments remain in iteration 534 (120 total)
31 of 33 (93.939394%) active bins are populated
per-bin minimum non-zero probability:       9.17829e-14
per-bin maximum probability:                0.305517
per-bin probability dynamic range (kT):     28.8336
per-segment minimum non-zero probability:   2.29457e-14
per-segment maximum non-zero probability:   0.13343
per-segment probability dynamic range (kT): 29.3915
norm = 1, error in norm = 0 (0*epsilon)
MAB binning in use
Bottleneck bin occupancy may not be accurately reported
Waiting for segments to complete...
################ MAB stats ################
minima in each dimension:      [11.9906]
maxima in each dimension:      [39.7347]
direction in each dimension:   [86]
skip in each dimension:        [0]
###########################################
Iteration completed successfully
Iteration wallclock: 0:06:11.466582, cputime: 0:33:31.344635


Mon Jun 10 02:02:38 2024
Iteration 535 (600 requested)
Beginning iteration 535
124 segments remain in iteration 535 (124 total)
30 of 33 (90.909091%) active bins are populated
per-bin minimum non-zero probability:       4.68356e-13
per-bin maximum probability:                0.248006
per-bin probability dynamic range (kT):     26.9952
per-segment minimum non-zero probability:   1.4847e-13
per-segment maximum non-zero probability:   0.0830631
per-segment probability dynamic range (kT): 27.0502
norm = 1, error in norm = 0 (0*epsilon)
MAB binning in use
Bottleneck bin occupancy may not be accurately reported
Waiting for segments to complete...
################ MAB stats ################
minima in each dimension:      [11.7344]
maxima in each dimension:      [39.5928]
direction in each dimension:   [86]
skip in each dimension:        [0]
###########################################
Iteration completed successfully
Iteration wallclock: 0:06:18.035363, cputime: 0:34:36.520350


Mon Jun 10 02:08:56 2024
Iteration 536 (600 requested)
Beginning iteration 536
124 segments remain in iteration 536 (124 total)
30 of 33 (90.909091%) active bins are populated
per-bin minimum non-zero probability:       1.71416e-13
per-bin maximum probability:                0.215687
per-bin probability dynamic range (kT):     27.8608
per-segment minimum non-zero probability:   4.2854e-14
per-segment maximum non-zero probability:   0.0680682
per-segment probability dynamic range (kT): 28.0937
norm = 1, error in norm = 0 (0*epsilon)
MAB binning in use
Bottleneck bin occupancy may not be accurately reported
Waiting for segments to complete...
################ MAB stats ################
minima in each dimension:      [9.5092]
maxima in each dimension:      [39.8609]
direction in each dimension:   [86]
skip in each dimension:        [0]
###########################################
Iteration completed successfully
Iteration wallclock: 0:06:17.580109, cputime: 0:34:34.773501


Mon Jun 10 02:15:13 2024
Iteration 537 (600 requested)
Beginning iteration 537
124 segments remain in iteration 537 (124 total)
31 of 33 (93.939394%) active bins are populated
per-bin minimum non-zero probability:       4.2854e-14
per-bin maximum probability:                0.227269
per-bin probability dynamic range (kT):     29.2994
per-segment minimum non-zero probability:   1.07135e-14
per-segment maximum non-zero probability:   0.0899242
per-segment probability dynamic range (kT): 29.7585
norm = 1, error in norm = 2.22045e-16 (1*epsilon)
MAB binning in use
Bottleneck bin occupancy may not be accurately reported
Waiting for segments to complete...
################ MAB stats ################
minima in each dimension:      [10.1312]
maxima in each dimension:      [38.6656]
direction in each dimension:   [86]
skip in each dimension:        [0]
###########################################
Iteration completed successfully
Iteration wallclock: 0:06:17.746368, cputime: 0:34:38.139444


Mon Jun 10 02:21:31 2024
Iteration 538 (600 requested)
Beginning iteration 538
132 segments remain in iteration 538 (132 total)
32 of 33 (96.969697%) active bins are populated
per-bin minimum non-zero probability:       1.08179e-13
per-bin maximum probability:                0.261294
per-bin probability dynamic range (kT):     28.5129
per-segment minimum non-zero probability:   2.43664e-14
per-segment maximum non-zero probability:   0.0721973
per-segment probability dynamic range (kT): 28.7172
norm = 1, error in norm = 2.22045e-16 (1*epsilon)
MAB binning in use
Bottleneck bin occupancy may not be accurately reported
Waiting for segments to complete...
################ MAB stats ################
minima in each dimension:      [10.7506]
maxima in each dimension:      [39.6118]
direction in each dimension:   [86]
skip in each dimension:        [0]
###########################################
Iteration completed successfully
Iteration wallclock: 0:06:40.678525, cputime: 0:36:52.585012


Mon Jun 10 02:28:12 2024
Iteration 539 (600 requested)
Beginning iteration 539
132 segments remain in iteration 539 (132 total)
32 of 33 (96.969697%) active bins are populated
per-bin minimum non-zero probability:       3.24885e-14
per-bin maximum probability:                0.234798
per-bin probability dynamic range (kT):     29.6089
per-segment minimum non-zero probability:   8.12213e-15
per-segment maximum non-zero probability:   0.0680682
per-segment probability dynamic range (kT): 29.7569
norm = 1, error in norm = 0 (0*epsilon)
MAB binning in use
Bottleneck bin occupancy may not be accurately reported
Waiting for segments to complete...
################ MAB stats ################
minima in each dimension:      [10.1225]
maxima in each dimension:      [39.846]
direction in each dimension:   [86]
skip in each dimension:        [0]
###########################################
Iteration completed successfully
Iteration wallclock: 0:06:38.481139, cputime: 0:36:50.467023


Mon Jun 10 02:34:50 2024
Iteration 540 (600 requested)
Beginning iteration 540
124 segments remain in iteration 540 (124 total)
30 of 33 (90.909091%) active bins are populated
per-bin minimum non-zero probability:       3.78453e-14
per-bin maximum probability:                0.309805
per-bin probability dynamic range (kT):     29.7335
per-segment minimum non-zero probability:   8.12213e-15
per-segment maximum non-zero probability:   0.106784
per-segment probability dynamic range (kT): 30.2072
norm = 1, error in norm = -2.22045e-16 (-1*epsilon)
MAB binning in use
Bottleneck bin occupancy may not be accurately reported
Waiting for segments to complete...
################ MAB stats ################
minima in each dimension:      [11.3676]
maxima in each dimension:      [39.398]
direction in each dimension:   [86]
skip in each dimension:        [0]
###########################################
Iteration completed successfully
Iteration wallclock: 0:06:18.444420, cputime: 0:34:28.855094


Mon Jun 10 02:41:09 2024
Iteration 541 (600 requested)
Beginning iteration 541
128 segments remain in iteration 541 (128 total)
31 of 33 (93.939394%) active bins are populated
per-bin minimum non-zero probability:       1.08005e-14
per-bin maximum probability:                0.32386
per-bin probability dynamic range (kT):     31.0317
per-segment minimum non-zero probability:   2.70012e-15
per-segment maximum non-zero probability:   0.106918
per-segment probability dynamic range (kT): 31.3098
norm = 1, error in norm = -1.11022e-16 (-0.5*epsilon)
MAB binning in use
Bottleneck bin occupancy may not be accurately reported
Waiting for segments to complete...
################ MAB stats ################
minima in each dimension:      [11.5856]
maxima in each dimension:      [39.9878]
direction in each dimension:   [86]
skip in each dimension:        [0]
###########################################
Iteration completed successfully
Iteration wallclock: 0:06:35.871583, cputime: 0:35:38.999410


Mon Jun 10 02:47:44 2024
Iteration 542 (600 requested)
Beginning iteration 542
128 segments remain in iteration 542 (128 total)
31 of 33 (93.939394%) active bins are populated
per-bin minimum non-zero probability:       2.70012e-15
per-bin maximum probability:                0.276516
per-bin probability dynamic range (kT):     32.26
per-segment minimum non-zero probability:   6.75031e-16
per-segment maximum non-zero probability:   0.106918
per-segment probability dynamic range (kT): 32.6961
norm = 1, error in norm = 0 (0*epsilon)
MAB binning in use
Bottleneck bin occupancy may not be accurately reported
Waiting for segments to complete...
################ MAB stats ################
minima in each dimension:      [11.6715]
maxima in each dimension:      [39.8568]
direction in each dimension:   [86]
skip in each dimension:        [0]
###########################################
Iteration completed successfully
Iteration wallclock: 0:06:34.190079, cputime: 0:35:31.593318


Mon Jun 10 02:54:19 2024
Iteration 543 (600 requested)
Beginning iteration 543
124 segments remain in iteration 543 (124 total)
30 of 33 (90.909091%) active bins are populated
per-bin minimum non-zero probability:       2.02509e-15
per-bin maximum probability:                0.253798
per-bin probability dynamic range (kT):     32.4619
per-segment minimum non-zero probability:   3.37516e-16
per-segment maximum non-zero probability:   0.106918
per-segment probability dynamic range (kT): 33.3892
norm = 1, error in norm = 0 (0*epsilon)
MAB binning in use
Bottleneck bin occupancy may not be accurately reported
Waiting for segments to complete...
################ MAB stats ################
minima in each dimension:      [9.5528]
maxima in each dimension:      [39.9351]
direction in each dimension:   [86]
skip in each dimension:        [0]
###########################################
Iteration completed successfully
Iteration wallclock: 0:06:16.774047, cputime: 0:34:29.647476


Mon Jun 10 03:00:35 2024
Iteration 544 (600 requested)
Beginning iteration 544
120 segments remain in iteration 544 (120 total)
30 of 33 (90.909091%) active bins are populated
per-bin minimum non-zero probability:       3.37516e-16
per-bin maximum probability:                0.260728
per-bin probability dynamic range (kT):     34.2806
per-segment minimum non-zero probability:   8.43789e-17
per-segment maximum non-zero probability:   0.106918
per-segment probability dynamic range (kT): 34.7755
norm = 1, error in norm = 0 (0*epsilon)
MAB binning in use
Bottleneck bin occupancy may not be accurately reported
Waiting for segments to complete...
################ MAB stats ################
minima in each dimension:      [11.4168]
maxima in each dimension:      [39.8846]
direction in each dimension:   [86]
skip in each dimension:        [0]
###########################################
Iteration completed successfully
Iteration wallclock: 0:06:10.286618, cputime: 0:33:30.841440


Mon Jun 10 03:06:46 2024
Iteration 545 (600 requested)
Beginning iteration 545
128 segments remain in iteration 545 (128 total)
32 of 33 (96.969697%) active bins are populated
per-bin minimum non-zero probability:       1.68758e-16
per-bin maximum probability:                0.301768
per-bin probability dynamic range (kT):     35.12
per-segment minimum non-zero probability:   4.21895e-17
per-segment maximum non-zero probability:   0.114948
per-segment probability dynamic range (kT): 35.5411
norm = 1, error in norm = 0 (0*epsilon)
MAB binning in use
Bottleneck bin occupancy may not be accurately reported
Waiting for segments to complete...
################ MAB stats ################
minima in each dimension:      [12.693]
maxima in each dimension:      [39.8682]
direction in each dimension:   [86]
skip in each dimension:        [0]
###########################################
Iteration completed successfully
Iteration wallclock: 0:06:34.727379, cputime: 0:35:26.433749


Mon Jun 10 03:13:20 2024
Iteration 546 (600 requested)
Beginning iteration 546
128 segments remain in iteration 546 (128 total)
31 of 33 (93.939394%) active bins are populated
per-bin minimum non-zero probability:       4.21895e-17
per-bin maximum probability:                0.201764
per-bin probability dynamic range (kT):     36.1037
per-segment minimum non-zero probability:   1.05474e-17
per-segment maximum non-zero probability:   0.066925
per-segment probability dynamic range (kT): 36.3865
norm = 1, error in norm = 0 (0*epsilon)
MAB binning in use
Bottleneck bin occupancy may not be accurately reported
Waiting for segments to complete...
################ MAB stats ################
minima in each dimension:      [11.5202]
maxima in each dimension:      [39.6688]
direction in each dimension:   [86]
skip in each dimension:        [0]
###########################################
Iteration completed successfully
Iteration wallclock: 0:06:34.996518, cputime: 0:35:40.933355


Mon Jun 10 03:19:55 2024
Iteration 547 (600 requested)
Beginning iteration 547
132 segments remain in iteration 547 (132 total)
33 of 33 (100.000000%) active bins are populated
per-bin minimum non-zero probability:       1.05474e-17
per-bin maximum probability:                0.239262
per-bin probability dynamic range (kT):     37.6605
per-segment minimum non-zero probability:   2.63684e-18
per-segment maximum non-zero probability:   0.0712786
per-segment probability dynamic range (kT): 37.8358
norm = 1, error in norm = 2.22045e-16 (1*epsilon)
MAB binning in use
Bottleneck bin occupancy may not be accurately reported
Waiting for segments to complete...
################ MAB stats ################
minima in each dimension:      [10.7579]
maxima in each dimension:      [39.4267]
direction in each dimension:   [86]
skip in each dimension:        [0]
###########################################
Iteration completed successfully
Iteration wallclock: 0:06:41.258896, cputime: 0:36:49.092560


Mon Jun 10 03:26:37 2024
Iteration 548 (600 requested)
Beginning iteration 548
128 segments remain in iteration 548 (128 total)
32 of 33 (96.969697%) active bins are populated
per-bin minimum non-zero probability:       5.27368e-18
per-bin maximum probability:                0.191832
per-bin probability dynamic range (kT):     38.1327
per-segment minimum non-zero probability:   1.31842e-18
per-segment maximum non-zero probability:   0.0666193
per-segment probability dynamic range (kT): 38.4613
norm = 1, error in norm = 0 (0*epsilon)
MAB binning in use
Bottleneck bin occupancy may not be accurately reported
Waiting for segments to complete...
################ MAB stats ################
minima in each dimension:      [10.4276]
maxima in each dimension:      [39.788]
direction in each dimension:   [86]
skip in each dimension:        [0]
###########################################
Iteration completed successfully
Iteration wallclock: 0:06:38.150520, cputime: 0:35:40.670333


Mon Jun 10 03:33:15 2024
Iteration 549 (600 requested)
Beginning iteration 549
128 segments remain in iteration 549 (128 total)
31 of 33 (93.939394%) active bins are populated
per-bin minimum non-zero probability:       6.732e-14
per-bin maximum probability:                0.254997
per-bin probability dynamic range (kT):     28.9628
per-segment minimum non-zero probability:   1.35007e-14
per-segment maximum non-zero probability:   0.0792812
per-segment probability dynamic range (kT): 29.4013
norm = 1, error in norm = 0 (0*epsilon)
MAB binning in use
Bottleneck bin occupancy may not be accurately reported
Waiting for segments to complete...
################ MAB stats ################
minima in each dimension:      [12.0393]
maxima in each dimension:      [39.8592]
direction in each dimension:   [86]
skip in each dimension:        [0]
###########################################
Iteration completed successfully
Iteration wallclock: 0:06:34.290502, cputime: 0:35:46.415013


Mon Jun 10 03:39:49 2024
Iteration 550 (600 requested)
Beginning iteration 550
128 segments remain in iteration 550 (128 total)
32 of 33 (96.969697%) active bins are populated
per-bin minimum non-zero probability:       1.35007e-14
per-bin maximum probability:                0.222632
per-bin probability dynamic range (kT):     30.4338
per-segment minimum non-zero probability:   3.37518e-15
per-segment maximum non-zero probability:   0.0792812
per-segment probability dynamic range (kT): 30.7876
norm = 1, error in norm = 0 (0*epsilon)
MAB binning in use
Bottleneck bin occupancy may not be accurately reported
Waiting for segments to complete...
################ MAB stats ################
minima in each dimension:      [11.1577]
maxima in each dimension:      [39.945]
direction in each dimension:   [86]
skip in each dimension:        [0]
###########################################
Iteration completed successfully
Iteration wallclock: 0:06:35.029161, cputime: 0:35:34.073353


Mon Jun 10 03:46:24 2024
Iteration 551 (600 requested)
Beginning iteration 551
120 segments remain in iteration 551 (120 total)
29 of 33 (87.878788%) active bins are populated
per-bin minimum non-zero probability:       3.37518e-15
per-bin maximum probability:                0.245322
per-bin probability dynamic range (kT):     31.9171
per-segment minimum non-zero probability:   8.43795e-16
per-segment maximum non-zero probability:   0.0792812
per-segment probability dynamic range (kT): 32.1739
norm = 1, error in norm = 0 (0*epsilon)
MAB binning in use
Bottleneck bin occupancy may not be accurately reported
Waiting for segments to complete...
################ MAB stats ################
minima in each dimension:      [10.4966]
maxima in each dimension:      [39.7209]
direction in each dimension:   [86]
skip in each dimension:        [0]
###########################################
Iteration completed successfully
Iteration wallclock: 0:06:09.330708, cputime: 0:33:25.938822


Mon Jun 10 03:52:33 2024
Iteration 552 (600 requested)
Beginning iteration 552
116 segments remain in iteration 552 (116 total)
28 of 33 (84.848485%) active bins are populated
per-bin minimum non-zero probability:       1.68759e-15
per-bin maximum probability:                0.245098
per-bin probability dynamic range (kT):     32.6094
per-segment minimum non-zero probability:   4.21898e-16
per-segment maximum non-zero probability:   0.0792812
per-segment probability dynamic range (kT): 32.867
norm = 1, error in norm = 0 (0*epsilon)
MAB binning in use
Bottleneck bin occupancy may not be accurately reported
Waiting for segments to complete...
################ MAB stats ################
minima in each dimension:      [12.1559]
maxima in each dimension:      [39.6195]
direction in each dimension:   [86]
skip in each dimension:        [0]
###########################################
Iteration completed successfully
Iteration wallclock: 0:05:53.811162, cputime: 0:32:04.574881


Mon Jun 10 03:58:27 2024
Iteration 553 (600 requested)
Beginning iteration 553
112 segments remain in iteration 553 (112 total)
28 of 33 (84.848485%) active bins are populated
per-bin minimum non-zero probability:       4.21898e-16
per-bin maximum probability:                0.256164
per-bin probability dynamic range (kT):     34.0398
per-segment minimum non-zero probability:   1.05474e-16
per-segment maximum non-zero probability:   0.0792812
per-segment probability dynamic range (kT): 34.2533
norm = 1, error in norm = 0 (0*epsilon)
MAB binning in use
Bottleneck bin occupancy may not be accurately reported
Waiting for segments to complete...
################ MAB stats ################
minima in each dimension:      [9.498]
maxima in each dimension:      [39.9807]
direction in each dimension:   [86]
skip in each dimension:        [0]
###########################################
Iteration completed successfully
Iteration wallclock: 0:05:52.140038, cputime: 0:31:10.675983


Mon Jun 10 04:04:19 2024
Iteration 554 (600 requested)
Beginning iteration 554
112 segments remain in iteration 554 (112 total)
28 of 33 (84.848485%) active bins are populated
per-bin minimum non-zero probability:       6.78772e-13
per-bin maximum probability:                0.266468
per-bin probability dynamic range (kT):     26.696
per-segment minimum non-zero probability:   8.90675e-14
per-segment maximum non-zero probability:   0.0927397
per-segment probability dynamic range (kT): 27.6714
norm = 1, error in norm = 0 (0*epsilon)
MAB binning in use
Bottleneck bin occupancy may not be accurately reported
Waiting for segments to complete...
################ MAB stats ################
minima in each dimension:      [10.5902]
maxima in each dimension:      [39.2832]
direction in each dimension:   [86]
skip in each dimension:        [0]
###########################################
Iteration completed successfully
Iteration wallclock: 0:05:44.697746, cputime: 0:31:06.622997


Mon Jun 10 04:10:04 2024
Iteration 555 (600 requested)
Beginning iteration 555
124 segments remain in iteration 555 (124 total)
29 of 33 (87.878788%) active bins are populated
per-bin minimum non-zero probability:       1.40878e-12
per-bin maximum probability:                0.320207
per-bin probability dynamic range (kT):     26.1495
per-segment minimum non-zero probability:   1.6738e-13
per-segment maximum non-zero probability:   0.0886408
per-segment probability dynamic range (kT): 26.9953
norm = 1, error in norm = 0 (0*epsilon)
MAB binning in use
Bottleneck bin occupancy may not be accurately reported
Waiting for segments to complete...
################ MAB stats ################
minima in each dimension:      [10.054]
maxima in each dimension:      [39.1476]
direction in each dimension:   [86]
skip in each dimension:        [0]
###########################################
Iteration completed successfully
Iteration wallclock: 0:06:30.395491, cputime: 0:34:19.941550


Mon Jun 10 04:16:35 2024
Iteration 556 (600 requested)
Beginning iteration 556
116 segments remain in iteration 556 (116 total)
29 of 33 (87.878788%) active bins are populated
per-bin minimum non-zero probability:       3.39281e-13
per-bin maximum probability:                0.256394
per-bin probability dynamic range (kT):     27.3509
per-segment minimum non-zero probability:   8.48202e-14
per-segment maximum non-zero probability:   0.124272
per-segment probability dynamic range (kT): 28.013
norm = 1, error in norm = 0 (0*epsilon)
MAB binning in use
Bottleneck bin occupancy may not be accurately reported
Waiting for segments to complete...
################ MAB stats ################
minima in each dimension:      [7.7968]
maxima in each dimension:      [39.785]
direction in each dimension:   [86]
skip in each dimension:        [0]
###########################################
Iteration completed successfully
Iteration wallclock: 0:05:52.917143, cputime: 0:32:22.596114


Mon Jun 10 04:22:27 2024
Iteration 557 (600 requested)
Beginning iteration 557
128 segments remain in iteration 557 (128 total)
32 of 33 (96.969697%) active bins are populated
per-bin minimum non-zero probability:       8.48202e-14
per-bin maximum probability:                0.277879
per-bin probability dynamic range (kT):     28.8177
per-segment minimum non-zero probability:   2.1205e-14
per-segment maximum non-zero probability:   0.0886408
per-segment probability dynamic range (kT): 29.0614
norm = 1, error in norm = 0 (0*epsilon)
MAB binning in use
Bottleneck bin occupancy may not be accurately reported
Waiting for segments to complete...
################ MAB stats ################
minima in each dimension:      [9.9705]
maxima in each dimension:      [38.9383]
direction in each dimension:   [86]
skip in each dimension:        [0]
###########################################
Iteration completed successfully
Iteration wallclock: 0:06:34.453024, cputime: 0:35:46.808105


Mon Jun 10 04:29:02 2024
Iteration 558 (600 requested)
Beginning iteration 558
120 segments remain in iteration 558 (120 total)
30 of 33 (90.909091%) active bins are populated
per-bin minimum non-zero probability:       2.1205e-14
per-bin maximum probability:                0.473125
per-bin probability dynamic range (kT):     30.7361
per-segment minimum non-zero probability:   5.30126e-15
per-segment maximum non-zero probability:   0.112941
per-segment probability dynamic range (kT): 30.6899
norm = 1, error in norm = 0 (0*epsilon)
MAB binning in use
Bottleneck bin occupancy may not be accurately reported
Waiting for segments to complete...
################ MAB stats ################
minima in each dimension:      [6.7417]
maxima in each dimension:      [39.9287]
direction in each dimension:   [86]
skip in each dimension:        [0]
###########################################
Iteration completed successfully
Iteration wallclock: 0:06:09.929680, cputime: 0:33:25.822582


Mon Jun 10 04:35:12 2024
Iteration 559 (600 requested)
Beginning iteration 559
120 segments remain in iteration 559 (120 total)
29 of 33 (87.878788%) active bins are populated
per-bin minimum non-zero probability:       5.30126e-15
per-bin maximum probability:                0.301691
per-bin probability dynamic range (kT):     31.6725
per-segment minimum non-zero probability:   1.32532e-15
per-segment maximum non-zero probability:   0.112941
per-segment probability dynamic range (kT): 32.0762
norm = 1, error in norm = 0 (0*epsilon)
MAB binning in use
Bottleneck bin occupancy may not be accurately reported
Waiting for segments to complete...
################ MAB stats ################
minima in each dimension:      [8.3499]
maxima in each dimension:      [39.506]
direction in each dimension:   [86]
skip in each dimension:        [0]
###########################################
Iteration completed successfully
Iteration wallclock: 0:06:10.214717, cputime: 0:33:32.853404


Mon Jun 10 04:41:22 2024
Iteration 560 (600 requested)
Beginning iteration 560
124 segments remain in iteration 560 (124 total)
32 of 33 (96.969697%) active bins are populated
per-bin minimum non-zero probability:       1.32532e-15
per-bin maximum probability:                0.321257
per-bin probability dynamic range (kT):     33.1216
per-segment minimum non-zero probability:   3.31329e-16
per-segment maximum non-zero probability:   0.112941
per-segment probability dynamic range (kT): 33.4625
norm = 1, error in norm = 0 (0*epsilon)
MAB binning in use
Bottleneck bin occupancy may not be accurately reported
Waiting for segments to complete...
################ MAB stats ################
minima in each dimension:      [9.884]
maxima in each dimension:      [39.9743]
direction in each dimension:   [86]
skip in each dimension:        [0]
###########################################
Iteration completed successfully
Iteration wallclock: 0:06:16.374902, cputime: 0:34:30.782828


Mon Jun 10 04:47:38 2024
Iteration 561 (600 requested)
Beginning iteration 561
116 segments remain in iteration 561 (116 total)
29 of 33 (87.878788%) active bins are populated
per-bin minimum non-zero probability:       3.31329e-16
per-bin maximum probability:                0.249931
per-bin probability dynamic range (kT):     34.2569
per-segment minimum non-zero probability:   8.28322e-17
per-segment maximum non-zero probability:   0.112941
per-segment probability dynamic range (kT): 34.8488
norm = 1, error in norm = 0 (0*epsilon)
MAB binning in use
Bottleneck bin occupancy may not be accurately reported
Waiting for segments to complete...
################ MAB stats ################
minima in each dimension:      [8.6295]
maxima in each dimension:      [39.6955]
direction in each dimension:   [86]
skip in each dimension:        [0]
###########################################
Iteration completed successfully
Iteration wallclock: 0:05:53.038736, cputime: 0:32:15.715075


Mon Jun 10 04:53:31 2024
Iteration 562 (600 requested)
Beginning iteration 562
124 segments remain in iteration 562 (124 total)
31 of 33 (93.939394%) active bins are populated
per-bin minimum non-zero probability:       8.28322e-17
per-bin maximum probability:                0.219523
per-bin probability dynamic range (kT):     35.5134
per-segment minimum non-zero probability:   2.07081e-17
per-segment maximum non-zero probability:   0.0755716
per-segment probability dynamic range (kT): 35.8333
norm = 1, error in norm = 0 (0*epsilon)
MAB binning in use
Bottleneck bin occupancy may not be accurately reported
Waiting for segments to complete...
################ MAB stats ################
minima in each dimension:      [8.3399]
maxima in each dimension:      [39.8813]
direction in each dimension:   [86]
skip in each dimension:        [0]
###########################################
Iteration completed successfully
Iteration wallclock: 0:06:16.952780, cputime: 0:34:37.178820


Mon Jun 10 04:59:48 2024
Iteration 563 (600 requested)
Beginning iteration 563
124 segments remain in iteration 563 (124 total)
29 of 33 (87.878788%) active bins are populated
per-bin minimum non-zero probability:       5.50306e-15
per-bin maximum probability:                0.241335
per-bin probability dynamic range (kT):     31.4119
per-segment minimum non-zero probability:   5.17701e-18
per-segment maximum non-zero probability:   0.0740781
per-segment probability dynamic range (kT): 37.1997
norm = 1, error in norm = -2.22045e-16 (-1*epsilon)
MAB binning in use
Bottleneck bin occupancy may not be accurately reported
Waiting for segments to complete...
################ MAB stats ################
minima in each dimension:      [7.7424]
maxima in each dimension:      [39.9763]
direction in each dimension:   [86]
skip in each dimension:        [0]
###########################################
Iteration completed successfully
Iteration wallclock: 0:06:15.929139, cputime: 0:34:31.263871


Mon Jun 10 05:06:04 2024
Iteration 564 (600 requested)
Beginning iteration 564
120 segments remain in iteration 564 (120 total)
30 of 33 (90.909091%) active bins are populated
per-bin minimum non-zero probability:       5.17701e-18
per-bin maximum probability:                0.340401
per-bin probability dynamic range (kT):     38.7247
per-segment minimum non-zero probability:   1.29425e-18
per-segment maximum non-zero probability:   0.111681
per-segment probability dynamic range (kT): 38.9965
norm = 1, error in norm = 0 (0*epsilon)
MAB binning in use
Bottleneck bin occupancy may not be accurately reported
Waiting for segments to complete...
################ MAB stats ################
minima in each dimension:      [9.9934]
maxima in each dimension:      [39.7231]
direction in each dimension:   [86]
skip in each dimension:        [0]
###########################################
Iteration completed successfully
Iteration wallclock: 0:06:09.126649, cputime: 0:33:25.984081


Mon Jun 10 05:12:14 2024
Iteration 565 (600 requested)
Beginning iteration 565
124 segments remain in iteration 565 (124 total)
29 of 33 (87.878788%) active bins are populated
per-bin minimum non-zero probability:       1.29425e-18
per-bin maximum probability:                0.324916
per-bin probability dynamic range (kT):     40.0644
per-segment minimum non-zero probability:   3.23563e-19
per-segment maximum non-zero probability:   0.111681
per-segment probability dynamic range (kT): 40.3828
norm = 1, error in norm = 0 (0*epsilon)
MAB binning in use
Bottleneck bin occupancy may not be accurately reported
Waiting for segments to complete...
################ MAB stats ################
minima in each dimension:      [9.1927]
maxima in each dimension:      [39.9912]
direction in each dimension:   [86]
skip in each dimension:        [0]
###########################################
Iteration completed successfully
Iteration wallclock: 0:06:17.897957, cputime: 0:34:32.436751


Mon Jun 10 05:18:31 2024
Iteration 566 (600 requested)
Beginning iteration 566
124 segments remain in iteration 566 (124 total)
31 of 33 (93.939394%) active bins are populated
per-bin minimum non-zero probability:       8.7285e-16
per-bin maximum probability:                0.318359
per-bin probability dynamic range (kT):     33.5302
per-segment minimum non-zero probability:   2.18132e-16
per-segment maximum non-zero probability:   0.111681
per-segment probability dynamic range (kT): 33.8693
norm = 1, error in norm = 0 (0*epsilon)
MAB binning in use
Bottleneck bin occupancy may not be accurately reported
Waiting for segments to complete...
################ MAB stats ################
minima in each dimension:      [10.8611]
maxima in each dimension:      [39.8122]
direction in each dimension:   [86]
skip in each dimension:        [0]
###########################################
Iteration completed successfully
Iteration wallclock: 0:06:16.920013, cputime: 0:34:22.507759


Mon Jun 10 05:24:48 2024
Iteration 567 (600 requested)
Beginning iteration 567
124 segments remain in iteration 567 (124 total)
31 of 33 (93.939394%) active bins are populated
per-bin minimum non-zero probability:       8.75115e-16
per-bin maximum probability:                0.272254
per-bin probability dynamic range (kT):     33.3712
per-segment minimum non-zero probability:   2.18779e-16
per-segment maximum non-zero probability:   0.111681
per-segment probability dynamic range (kT): 33.8664
norm = 1, error in norm = 2.22045e-16 (1*epsilon)
MAB binning in use
Bottleneck bin occupancy may not be accurately reported
Waiting for segments to complete...
################ MAB stats ################
minima in each dimension:      [12.4464]
maxima in each dimension:      [39.564]
direction in each dimension:   [86]
skip in each dimension:        [0]
###########################################
Iteration completed successfully
Iteration wallclock: 0:06:17.493203, cputime: 0:34:26.483375


Mon Jun 10 05:31:06 2024
Iteration 568 (600 requested)
Beginning iteration 568
128 segments remain in iteration 568 (128 total)
31 of 33 (93.939394%) active bins are populated
per-bin minimum non-zero probability:       2.18779e-16
per-bin maximum probability:                0.251004
per-bin probability dynamic range (kT):     34.6762
per-segment minimum non-zero probability:   5.46947e-17
per-segment maximum non-zero probability:   0.111681
per-segment probability dynamic range (kT): 35.2527
norm = 1, error in norm = 0 (0*epsilon)
MAB binning in use
Bottleneck bin occupancy may not be accurately reported
Waiting for segments to complete...
################ MAB stats ################
minima in each dimension:      [10.8917]
maxima in each dimension:      [39.9401]
direction in each dimension:   [86]
skip in each dimension:        [0]
###########################################
Iteration completed successfully
Iteration wallclock: 0:06:34.756394, cputime: 0:35:36.493879


Mon Jun 10 05:37:41 2024
Iteration 569 (600 requested)
Beginning iteration 569
116 segments remain in iteration 569 (116 total)
29 of 33 (87.878788%) active bins are populated
per-bin minimum non-zero probability:       1.45877e-12
per-bin maximum probability:                0.288531
per-bin probability dynamic range (kT):     26.0105
per-segment minimum non-zero probability:   2.60249e-13
per-segment maximum non-zero probability:   0.0920299
per-segment probability dynamic range (kT): 26.5915
norm = 1, error in norm = 2.22045e-16 (1*epsilon)
MAB binning in use
Bottleneck bin occupancy may not be accurately reported
Waiting for segments to complete...
################ MAB stats ################
minima in each dimension:      [11.9737]
maxima in each dimension:      [39.9102]
direction in each dimension:   [86]
skip in each dimension:        [0]
###########################################
Iteration completed successfully
Iteration wallclock: 0:05:54.300029, cputime: 0:32:33.030582


Mon Jun 10 05:43:35 2024
Iteration 570 (600 requested)
Beginning iteration 570
120 segments remain in iteration 570 (120 total)
29 of 33 (87.878788%) active bins are populated
per-bin minimum non-zero probability:       3.74466e-13
per-bin maximum probability:                0.22182
per-bin probability dynamic range (kT):     27.1074
per-segment minimum non-zero probability:   9.11731e-14
per-segment maximum non-zero probability:   0.0920299
per-segment probability dynamic range (kT): 27.6404
norm = 1, error in norm = 0 (0*epsilon)
MAB binning in use
Bottleneck bin occupancy may not be accurately reported
Waiting for segments to complete...
################ MAB stats ################
minima in each dimension:      [12.6631]
maxima in each dimension:      [39.9238]
direction in each dimension:   [86]
skip in each dimension:        [0]
###########################################
Iteration completed successfully
Iteration wallclock: 0:06:10.100162, cputime: 0:33:33.303643


Mon Jun 10 05:49:45 2024
Iteration 571 (600 requested)
Beginning iteration 571
124 segments remain in iteration 571 (124 total)
32 of 33 (96.969697%) active bins are populated
per-bin minimum non-zero probability:       9.11731e-14
per-bin maximum probability:                0.197453
per-bin probability dynamic range (kT):     28.4038
per-segment minimum non-zero probability:   2.27933e-14
per-segment maximum non-zero probability:   0.0920299
per-segment probability dynamic range (kT): 29.0267
norm = 1, error in norm = 0 (0*epsilon)
MAB binning in use
Bottleneck bin occupancy may not be accurately reported
Waiting for segments to complete...
################ MAB stats ################
minima in each dimension:      [10.7806]
maxima in each dimension:      [39.9793]
direction in each dimension:   [86]
skip in each dimension:        [0]
###########################################
Iteration completed successfully
Iteration wallclock: 0:06:17.023689, cputime: 0:34:36.973035


Mon Jun 10 05:56:02 2024
Iteration 572 (600 requested)
Beginning iteration 572
120 segments remain in iteration 572 (120 total)
30 of 33 (90.909091%) active bins are populated
per-bin minimum non-zero probability:       7.79529e-13
per-bin maximum probability:                0.284989
per-bin probability dynamic range (kT):     26.6248
per-segment minimum non-zero probability:   1.94882e-13
per-segment maximum non-zero probability:   0.0920299
per-segment probability dynamic range (kT): 26.8807
norm = 1, error in norm = 0 (0*epsilon)
MAB binning in use
Bottleneck bin occupancy may not be accurately reported
Waiting for segments to complete...
################ MAB stats ################
minima in each dimension:      [10.5874]
maxima in each dimension:      [39.9559]
direction in each dimension:   [86]
skip in each dimension:        [0]
###########################################
Iteration completed successfully
Iteration wallclock: 0:06:10.198636, cputime: 0:33:28.255171


Mon Jun 10 06:02:12 2024
Iteration 573 (600 requested)
Beginning iteration 573
124 segments remain in iteration 573 (124 total)
31 of 33 (93.939394%) active bins are populated
per-bin minimum non-zero probability:       6.10166e-13
per-bin maximum probability:                0.273628
per-bin probability dynamic range (kT):     26.8291
per-segment minimum non-zero probability:   1.52541e-13
per-segment maximum non-zero probability:   0.127374
per-segment probability dynamic range (kT): 27.4507
norm = 1, error in norm = 2.22045e-16 (1*epsilon)
MAB binning in use
Bottleneck bin occupancy may not be accurately reported
Waiting for segments to complete...
################ MAB stats ################
minima in each dimension:      [11.2765]
maxima in each dimension:      [39.8178]
direction in each dimension:   [86]
skip in each dimension:        [0]
###########################################
Iteration completed successfully
Iteration wallclock: 0:06:17.197009, cputime: 0:34:29.482246


Mon Jun 10 06:08:29 2024
Iteration 574 (600 requested)
Beginning iteration 574
120 segments remain in iteration 574 (120 total)
29 of 33 (87.878788%) active bins are populated
per-bin minimum non-zero probability:       1.52541e-13
per-bin maximum probability:                0.272903
per-bin probability dynamic range (kT):     28.2127
per-segment minimum non-zero probability:   3.81354e-14
per-segment maximum non-zero probability:   0.110574
per-segment probability dynamic range (kT): 28.6956
norm = 1, error in norm = 0 (0*epsilon)
MAB binning in use
Bottleneck bin occupancy may not be accurately reported
Waiting for segments to complete...
################ MAB stats ################
minima in each dimension:      [10.2264]
maxima in each dimension:      [39.827]
direction in each dimension:   [86]
skip in each dimension:        [0]
###########################################
Iteration completed successfully
Iteration wallclock: 0:06:11.046560, cputime: 0:33:21.493967


Mon Jun 10 06:14:40 2024
Iteration 575 (600 requested)
Beginning iteration 575
116 segments remain in iteration 575 (116 total)
29 of 33 (87.878788%) active bins are populated
per-bin minimum non-zero probability:       3.81354e-14
per-bin maximum probability:                0.198313
per-bin probability dynamic range (kT):     29.2797
per-segment minimum non-zero probability:   9.53384e-15
per-segment maximum non-zero probability:   0.0920299
per-segment probability dynamic range (kT): 29.8983
norm = 1, error in norm = -2.22045e-16 (-1*epsilon)
MAB binning in use
Bottleneck bin occupancy may not be accurately reported
Waiting for segments to complete...
################ MAB stats ################
minima in each dimension:      [10.7519]
maxima in each dimension:      [39.1089]
direction in each dimension:   [86]
skip in each dimension:        [0]
###########################################
Iteration completed successfully
Iteration wallclock: 0:05:53.126156, cputime: 0:32:16.996302


Mon Jun 10 06:20:34 2024
Iteration 576 (600 requested)
Beginning iteration 576
120 segments remain in iteration 576 (120 total)
29 of 33 (87.878788%) active bins are populated
per-bin minimum non-zero probability:       9.53384e-15
per-bin maximum probability:                0.323711
per-bin probability dynamic range (kT):     31.156
per-segment minimum non-zero probability:   2.38346e-15
per-segment maximum non-zero probability:   0.093234
per-segment probability dynamic range (kT): 31.2976
norm = 1, error in norm = 0 (0*epsilon)
MAB binning in use
Bottleneck bin occupancy may not be accurately reported
Waiting for segments to complete...
################ MAB stats ################
minima in each dimension:      [10.7365]
maxima in each dimension:      [39.5587]
direction in each dimension:   [86]
skip in each dimension:        [0]
###########################################
Iteration completed successfully
Iteration wallclock: 0:06:10.975088, cputime: 0:33:25.351907


Mon Jun 10 06:26:45 2024
Iteration 577 (600 requested)
Beginning iteration 577
120 segments remain in iteration 577 (120 total)
30 of 33 (90.909091%) active bins are populated
per-bin minimum non-zero probability:       9.53384e-15
per-bin maximum probability:                0.25407
per-bin probability dynamic range (kT):     30.9138
per-segment minimum non-zero probability:   2.38346e-15
per-segment maximum non-zero probability:   0.0920299
per-segment probability dynamic range (kT): 31.2846
norm = 1, error in norm = 0 (0*epsilon)
MAB binning in use
Bottleneck bin occupancy may not be accurately reported
Waiting for segments to complete...
################ MAB stats ################
minima in each dimension:      [11.7217]
maxima in each dimension:      [39.9388]
direction in each dimension:   [86]
skip in each dimension:        [0]
###########################################
Iteration completed successfully
Iteration wallclock: 0:06:10.050576, cputime: 0:33:31.872754


Mon Jun 10 06:32:55 2024
Iteration 578 (600 requested)
Beginning iteration 578
116 segments remain in iteration 578 (116 total)
29 of 33 (87.878788%) active bins are populated
per-bin minimum non-zero probability:       2.38346e-15
per-bin maximum probability:                0.247168
per-bin probability dynamic range (kT):     32.2725
per-segment minimum non-zero probability:   5.95865e-16
per-segment maximum non-zero probability:   0.0920299
per-segment probability dynamic range (kT): 32.6709
norm = 1, error in norm = 0 (0*epsilon)
MAB binning in use
Bottleneck bin occupancy may not be accurately reported
Waiting for segments to complete...
################ MAB stats ################
minima in each dimension:      [9.9419]
maxima in each dimension:      [39.6841]
direction in each dimension:   [86]
skip in each dimension:        [0]
###########################################
Iteration completed successfully
Iteration wallclock: 0:05:53.297946, cputime: 0:32:19.407104


Mon Jun 10 06:38:48 2024
Iteration 579 (600 requested)
Beginning iteration 579
120 segments remain in iteration 579 (120 total)
29 of 33 (87.878788%) active bins are populated
per-bin minimum non-zero probability:       1.19173e-15
per-bin maximum probability:                0.257495
per-bin probability dynamic range (kT):     33.0066
per-segment minimum non-zero probability:   2.97932e-16
per-segment maximum non-zero probability:   0.0920299
per-segment probability dynamic range (kT): 33.364
norm = 1, error in norm = 0 (0*epsilon)
MAB binning in use
Bottleneck bin occupancy may not be accurately reported
Waiting for segments to complete...
################ MAB stats ################
minima in each dimension:      [9.3614]
maxima in each dimension:      [39.9082]
direction in each dimension:   [86]
skip in each dimension:        [0]
###########################################
Iteration completed successfully
Iteration wallclock: 0:06:13.624174, cputime: 0:33:33.437979


Mon Jun 10 06:45:02 2024
Iteration 580 (600 requested)
Beginning iteration 580
128 segments remain in iteration 580 (128 total)
31 of 33 (93.939394%) active bins are populated
per-bin minimum non-zero probability:       2.97932e-16
per-bin maximum probability:                0.226377
per-bin probability dynamic range (kT):     34.2641
per-segment minimum non-zero probability:   7.44831e-17
per-segment maximum non-zero probability:   0.0750312
per-segment probability dynamic range (kT): 34.5461
norm = 1, error in norm = 0 (0*epsilon)
MAB binning in use
Bottleneck bin occupancy may not be accurately reported
Waiting for segments to complete...
################ MAB stats ################
minima in each dimension:      [11.9225]
maxima in each dimension:      [39.8941]
direction in each dimension:   [86]
skip in each dimension:        [0]
###########################################
Iteration completed successfully
Iteration wallclock: 0:06:36.186476, cputime: 0:35:44.538609


Mon Jun 10 06:51:38 2024
Iteration 581 (600 requested)
Beginning iteration 581
116 segments remain in iteration 581 (116 total)
29 of 33 (87.878788%) active bins are populated
per-bin minimum non-zero probability:       7.44831e-17
per-bin maximum probability:                0.33192
per-bin probability dynamic range (kT):     36.0331
per-segment minimum non-zero probability:   1.86208e-17
per-segment maximum non-zero probability:   0.113114
per-segment probability dynamic range (kT): 36.3429
norm = 1, error in norm = -1.11022e-16 (-0.5*epsilon)
MAB binning in use
Bottleneck bin occupancy may not be accurately reported
Waiting for segments to complete...
################ MAB stats ################
minima in each dimension:      [11.3048]
maxima in each dimension:      [39.8581]
direction in each dimension:   [86]
skip in each dimension:        [0]
###########################################
Iteration completed successfully
Iteration wallclock: 0:05:54.847407, cputime: 0:32:18.789821


Mon Jun 10 06:57:33 2024
Iteration 582 (600 requested)
Beginning iteration 582
108 segments remain in iteration 582 (108 total)
28 of 33 (84.848485%) active bins are populated
per-bin minimum non-zero probability:       1.51801e-13
per-bin maximum probability:                0.27272
per-bin probability dynamic range (kT):     28.2169
per-segment minimum non-zero probability:   3.7941e-14
per-segment maximum non-zero probability:   0.113114
per-segment probability dynamic range (kT): 28.7234
norm = 1, error in norm = 0 (0*epsilon)
MAB binning in use
Bottleneck bin occupancy may not be accurately reported
Waiting for segments to complete...
################ MAB stats ################
minima in each dimension:      [11.1901]
maxima in each dimension:      [39.9698]
direction in each dimension:   [86]
skip in each dimension:        [0]
###########################################
Iteration completed successfully
Iteration wallclock: 0:05:30.083946, cputime: 0:30:11.875695


Mon Jun 10 07:03:03 2024
Iteration 583 (600 requested)
Beginning iteration 583
108 segments remain in iteration 583 (108 total)
27 of 33 (81.818182%) active bins are populated
per-bin minimum non-zero probability:       5.06624e-14
per-bin maximum probability:                0.280846
per-bin probability dynamic range (kT):     29.3436
per-segment minimum non-zero probability:   1.26594e-14
per-segment maximum non-zero probability:   0.113114
per-segment probability dynamic range (kT): 29.821
norm = 1, error in norm = 2.22045e-16 (1*epsilon)
MAB binning in use
Bottleneck bin occupancy may not be accurately reported
Waiting for segments to complete...
################ MAB stats ################
minima in each dimension:      [10.532]
maxima in each dimension:      [39.4339]
direction in each dimension:   [86]
skip in each dimension:        [0]
###########################################
Iteration completed successfully
Iteration wallclock: 0:05:30.680610, cputime: 0:30:06.224479


Mon Jun 10 07:08:33 2024
Iteration 584 (600 requested)
Beginning iteration 584
120 segments remain in iteration 584 (120 total)
29 of 33 (87.878788%) active bins are populated
per-bin minimum non-zero probability:       1.26594e-14
per-bin maximum probability:                0.383832
per-bin probability dynamic range (kT):     31.0428
per-segment minimum non-zero probability:   3.16485e-15
per-segment maximum non-zero probability:   0.127641
per-segment probability dynamic range (kT): 31.3281
norm = 1, error in norm = 0 (0*epsilon)
MAB binning in use
Bottleneck bin occupancy may not be accurately reported
Waiting for segments to complete...
################ MAB stats ################
minima in each dimension:      [10.0315]
maxima in each dimension:      [39.3887]
direction in each dimension:   [86]
skip in each dimension:        [0]
###########################################
Iteration completed successfully
Iteration wallclock: 0:06:10.474799, cputime: 0:33:18.397771


Mon Jun 10 07:14:44 2024
Iteration 585 (600 requested)
Beginning iteration 585
128 segments remain in iteration 585 (128 total)
32 of 33 (96.969697%) active bins are populated
per-bin minimum non-zero probability:       4.22187e-15
per-bin maximum probability:                0.372533
per-bin probability dynamic range (kT):     32.1111
per-segment minimum non-zero probability:   1.05547e-15
per-segment maximum non-zero probability:   0.127641
per-segment probability dynamic range (kT): 32.4263
norm = 1, error in norm = 0 (0*epsilon)
MAB binning in use
Bottleneck bin occupancy may not be accurately reported
Waiting for segments to complete...
################ MAB stats ################
minima in each dimension:      [10.0487]
maxima in each dimension:      [39.7876]
direction in each dimension:   [86]
skip in each dimension:        [0]
###########################################
Iteration completed successfully
Iteration wallclock: 0:06:35.002944, cputime: 0:35:43.739619


Mon Jun 10 07:21:19 2024
Iteration 586 (600 requested)
Beginning iteration 586
116 segments remain in iteration 586 (116 total)
29 of 33 (87.878788%) active bins are populated
per-bin minimum non-zero probability:       3.58399e-14
per-bin maximum probability:                0.470711
per-bin probability dynamic range (kT):     30.2062
per-segment minimum non-zero probability:   8.69611e-15
per-segment maximum non-zero probability:   0.156737
per-segment probability dynamic range (kT): 30.5227
norm = 1, error in norm = 0 (0*epsilon)
MAB binning in use
Bottleneck bin occupancy may not be accurately reported
Waiting for segments to complete...
################ MAB stats ################
minima in each dimension:      [10.3072]
maxima in each dimension:      [39.6529]
direction in each dimension:   [86]
skip in each dimension:        [0]
###########################################
Iteration completed successfully
Iteration wallclock: 0:05:54.351720, cputime: 0:32:15.257592


Mon Jun 10 07:27:13 2024
Iteration 587 (600 requested)
Beginning iteration 587
120 segments remain in iteration 587 (120 total)
30 of 33 (90.909091%) active bins are populated
per-bin minimum non-zero probability:       9.75158e-15
per-bin maximum probability:                0.252003
per-bin probability dynamic range (kT):     30.883
per-segment minimum non-zero probability:   2.43789e-15
per-segment maximum non-zero probability:   0.0850942
per-segment probability dynamic range (kT): 31.1836
norm = 1, error in norm = 0 (0*epsilon)
MAB binning in use
Bottleneck bin occupancy may not be accurately reported
Waiting for segments to complete...
################ MAB stats ################
minima in each dimension:      [12.5136]
maxima in each dimension:      [39.47]
direction in each dimension:   [86]
skip in each dimension:        [0]
###########################################
Iteration completed successfully
Iteration wallclock: 0:06:10.915735, cputime: 0:33:30.559225


Mon Jun 10 07:33:24 2024
Iteration 588 (600 requested)
Beginning iteration 588
112 segments remain in iteration 588 (112 total)
29 of 33 (87.878788%) active bins are populated
per-bin minimum non-zero probability:       6.42187e-14
per-bin maximum probability:                0.312719
per-bin probability dynamic range (kT):     29.214
per-segment minimum non-zero probability:   6.78595e-15
per-segment maximum non-zero probability:   0.107924
per-segment probability dynamic range (kT): 30.3976
norm = 1, error in norm = 0 (0*epsilon)
MAB binning in use
Bottleneck bin occupancy may not be accurately reported
Waiting for segments to complete...
################ MAB stats ################
minima in each dimension:      [12.4819]
maxima in each dimension:      [39.5231]
direction in each dimension:   [86]
skip in each dimension:        [0]
###########################################
Iteration completed successfully
Iteration wallclock: 0:05:45.361130, cputime: 0:31:08.990778


Mon Jun 10 07:39:10 2024
Iteration 589 (600 requested)
Beginning iteration 589
108 segments remain in iteration 589 (108 total)
27 of 33 (81.818182%) active bins are populated
per-bin minimum non-zero probability:       6.17808e-14
per-bin maximum probability:                0.299517
per-bin probability dynamic range (kT):     29.2096
per-segment minimum non-zero probability:   1.54452e-14
per-segment maximum non-zero probability:   0.107924
per-segment probability dynamic range (kT): 29.5752
norm = 1, error in norm = 2.22045e-16 (1*epsilon)
MAB binning in use
Bottleneck bin occupancy may not be accurately reported
Waiting for segments to complete...
################ MAB stats ################
minima in each dimension:      [12.3925]
maxima in each dimension:      [39.3685]
direction in each dimension:   [86]
skip in each dimension:        [0]
###########################################
Iteration completed successfully
Iteration wallclock: 0:05:29.884872, cputime: 0:29:57.881879


Mon Jun 10 07:44:39 2024
Iteration 590 (600 requested)
Beginning iteration 590
112 segments remain in iteration 590 (112 total)
28 of 33 (84.848485%) active bins are populated
per-bin minimum non-zero probability:       1.74457e-12
per-bin maximum probability:                0.293177
per-bin probability dynamic range (kT):     25.8475
per-segment minimum non-zero probability:   3.76882e-13
per-segment maximum non-zero probability:   0.107924
per-segment probability dynamic range (kT): 26.3805
norm = 1, error in norm = 0 (0*epsilon)
MAB binning in use
Bottleneck bin occupancy may not be accurately reported
Waiting for segments to complete...
################ MAB stats ################
minima in each dimension:      [10.4544]
maxima in each dimension:      [39.9612]
direction in each dimension:   [86]
skip in each dimension:        [0]
###########################################
Iteration completed successfully
Iteration wallclock: 0:05:45.058564, cputime: 0:31:05.502785


Mon Jun 10 07:50:25 2024
Iteration 591 (600 requested)
Beginning iteration 591
104 segments remain in iteration 591 (104 total)
25 of 33 (75.757576%) active bins are populated
per-bin minimum non-zero probability:       2.08761e-12
per-bin maximum probability:                0.332552
per-bin probability dynamic range (kT):     25.794
per-segment minimum non-zero probability:   5.21903e-13
per-segment maximum non-zero probability:   0.107924
per-segment probability dynamic range (kT): 26.055
norm = 1, error in norm = 0 (0*epsilon)
MAB binning in use
Bottleneck bin occupancy may not be accurately reported
Waiting for segments to complete...
################ MAB stats ################
minima in each dimension:      [11.1637]
maxima in each dimension:      [39.9725]
direction in each dimension:   [86]
skip in each dimension:        [0]
###########################################
Iteration completed successfully
Iteration wallclock: 0:05:21.178527, cputime: 0:29:02.591111


Mon Jun 10 07:55:46 2024
Iteration 592 (600 requested)
Beginning iteration 592
108 segments remain in iteration 592 (108 total)
27 of 33 (81.818182%) active bins are populated
per-bin minimum non-zero probability:       4.44367e-12
per-bin maximum probability:                0.22807
per-bin probability dynamic range (kT):     24.6614
per-segment minimum non-zero probability:   1.11092e-12
per-segment maximum non-zero probability:   0.0967459
per-segment probability dynamic range (kT): 25.1902
norm = 1, error in norm = 0 (0*epsilon)
MAB binning in use
Bottleneck bin occupancy may not be accurately reported
Waiting for segments to complete...
################ MAB stats ################
minima in each dimension:      [11.2153]
maxima in each dimension:      [39.9402]
direction in each dimension:   [86]
skip in each dimension:        [0]
###########################################
Iteration completed successfully
Iteration wallclock: 0:05:30.633726, cputime: 0:30:08.527662


Mon Jun 10 08:01:16 2024
Iteration 593 (600 requested)
Beginning iteration 593
108 segments remain in iteration 593 (108 total)
27 of 33 (81.818182%) active bins are populated
per-bin minimum non-zero probability:       2.9558e-12
per-bin maximum probability:                0.283756
per-bin probability dynamic range (kT):     25.2876
per-segment minimum non-zero probability:   7.38949e-13
per-segment maximum non-zero probability:   0.0967459
per-segment probability dynamic range (kT): 25.5979
norm = 1, error in norm = 0 (0*epsilon)
MAB binning in use
Bottleneck bin occupancy may not be accurately reported
Waiting for segments to complete...
################ MAB stats ################
minima in each dimension:      [10.0025]
maxima in each dimension:      [39.6892]
direction in each dimension:   [86]
skip in each dimension:        [0]
###########################################
Iteration completed successfully
Iteration wallclock: 0:05:30.386202, cputime: 0:30:17.642908


Mon Jun 10 08:06:47 2024
Iteration 594 (600 requested)
Beginning iteration 594
112 segments remain in iteration 594 (112 total)
27 of 33 (81.818182%) active bins are populated
per-bin minimum non-zero probability:       2.52491e-12
per-bin maximum probability:                0.209682
per-bin probability dynamic range (kT):     25.1427
per-segment minimum non-zero probability:   6.31228e-13
per-segment maximum non-zero probability:   0.0703073
per-segment probability dynamic range (kT): 25.4362
norm = 1, error in norm = 0 (0*epsilon)
MAB binning in use
Bottleneck bin occupancy may not be accurately reported
Waiting for segments to complete...
################ MAB stats ################
minima in each dimension:      [12.0691]
maxima in each dimension:      [39.1604]
direction in each dimension:   [86]
skip in each dimension:        [0]
###########################################
Iteration completed successfully
Iteration wallclock: 0:05:46.645674, cputime: 0:31:19.055415


Mon Jun 10 08:12:33 2024
Iteration 595 (600 requested)
Beginning iteration 595
120 segments remain in iteration 595 (120 total)
29 of 33 (87.878788%) active bins are populated
per-bin minimum non-zero probability:       3.44114e-12
per-bin maximum probability:                0.237482
per-bin probability dynamic range (kT):     24.9576
per-segment minimum non-zero probability:   3.65763e-13
per-segment maximum non-zero probability:   0.0701024
per-segment probability dynamic range (kT): 25.979
norm = 1, error in norm = 0 (0*epsilon)
MAB binning in use
Bottleneck bin occupancy may not be accurately reported
Waiting for segments to complete...
################ MAB stats ################
minima in each dimension:      [12.2703]
maxima in each dimension:      [39.9325]
direction in each dimension:   [86]
skip in each dimension:        [0]
###########################################
Iteration completed successfully
Iteration wallclock: 0:06:12.884907, cputime: 0:33:33.592914


Mon Jun 10 08:18:46 2024
Iteration 596 (600 requested)
Beginning iteration 596
116 segments remain in iteration 596 (116 total)
29 of 33 (87.878788%) active bins are populated
per-bin minimum non-zero probability:       1.22605e-12
per-bin maximum probability:                0.286962
per-bin probability dynamic range (kT):     26.1788
per-segment minimum non-zero probability:   2.86762e-13
per-segment maximum non-zero probability:   0.110303
per-segment probability dynamic range (kT): 26.6756
norm = 1, error in norm = 2.22045e-16 (1*epsilon)
MAB binning in use
Bottleneck bin occupancy may not be accurately reported
Waiting for segments to complete...
################ MAB stats ################
minima in each dimension:      [12.3525]
maxima in each dimension:      [39.8738]
direction in each dimension:   [86]
skip in each dimension:        [0]
###########################################
Iteration completed successfully
Iteration wallclock: 0:05:54.430556, cputime: 0:32:27.633184


Mon Jun 10 08:24:41 2024
Iteration 597 (600 requested)
Beginning iteration 597
108 segments remain in iteration 597 (108 total)
26 of 33 (78.787879%) active bins are populated
per-bin minimum non-zero probability:       4.83912e-12
per-bin maximum probability:                0.306405
per-bin probability dynamic range (kT):     24.8714
per-segment minimum non-zero probability:   1.17564e-12
per-segment maximum non-zero probability:   0.110303
per-segment probability dynamic range (kT): 25.2647
norm = 1, error in norm = -1.11022e-16 (-0.5*epsilon)
MAB binning in use
Bottleneck bin occupancy may not be accurately reported
Waiting for segments to complete...
################ MAB stats ################
minima in each dimension:      [13.7229]
maxima in each dimension:      [39.5062]
direction in each dimension:   [86]
skip in each dimension:        [0]
###########################################
Iteration completed successfully
Iteration wallclock: 0:05:30.762220, cputime: 0:30:12.219922


Mon Jun 10 08:30:12 2024
Iteration 598 (600 requested)
Beginning iteration 598
116 segments remain in iteration 598 (116 total)
29 of 33 (87.878788%) active bins are populated
per-bin minimum non-zero probability:       1.74891e-12
per-bin maximum probability:                0.224327
per-bin probability dynamic range (kT):     25.5774
per-segment minimum non-zero probability:   4.37228e-13
per-segment maximum non-zero probability:   0.0848126
per-segment probability dynamic range (kT): 25.991
norm = 1, error in norm = 0 (0*epsilon)
MAB binning in use
Bottleneck bin occupancy may not be accurately reported
Waiting for segments to complete...
################ MAB stats ################
minima in each dimension:      [12.7879]
maxima in each dimension:      [39.947]
direction in each dimension:   [86]
skip in each dimension:        [0]
###########################################
Iteration completed successfully
Iteration wallclock: 0:05:54.139768, cputime: 0:32:26.424679


Mon Jun 10 08:36:06 2024
Iteration 599 (600 requested)
Beginning iteration 599
108 segments remain in iteration 599 (108 total)
27 of 33 (81.818182%) active bins are populated
per-bin minimum non-zero probability:       6.25656e-12
per-bin maximum probability:                0.277189
per-bin probability dynamic range (kT):     24.5143
per-segment minimum non-zero probability:   4.37228e-13
per-segment maximum non-zero probability:   0.0891625
per-segment probability dynamic range (kT): 26.041
norm = 1, error in norm = 2.22045e-16 (1*epsilon)
MAB binning in use
Bottleneck bin occupancy may not be accurately reported
Waiting for segments to complete...
################ MAB stats ################
minima in each dimension:      [10.49]
maxima in each dimension:      [39.9588]
direction in each dimension:   [86]
skip in each dimension:        [0]
###########################################
Iteration completed successfully
Iteration wallclock: 0:05:32.458436, cputime: 0:30:01.225481


Mon Jun 10 08:41:38 2024
Iteration 600 (600 requested)
Beginning iteration 600
116 segments remain in iteration 600 (116 total)
28 of 33 (84.848485%) active bins are populated
per-bin minimum non-zero probability:       1.34553e-12
per-bin maximum probability:                0.261739
per-bin probability dynamic range (kT):     25.9938
per-segment minimum non-zero probability:   3.36382e-13
per-segment maximum non-zero probability:   0.0892877
per-segment probability dynamic range (kT): 26.3046
norm = 1, error in norm = 0 (0*epsilon)
MAB binning in use
Bottleneck bin occupancy may not be accurately reported
Waiting for segments to complete...
################ MAB stats ################
minima in each dimension:      [10.7493]
maxima in each dimension:      [39.9719]
direction in each dimension:   [86]
skip in each dimension:        [0]
###########################################
Iteration completed successfully
Iteration wallclock: 0:05:59.373025, cputime: 0:32:30.119662


Mon Jun 10 08:47:38 2024
WEST run complete.
