Updating system with the options from the configuration file
Maximum wallclock time: 3 days, 0:00:00

Sun Jun  9 20:56:53 2024
Iteration 596 (600 requested)
Continuing iteration 596
1 segments remain in iteration 596 (128 total)
31 of 33 (93.939394%) active bins are populated
per-bin minimum non-zero probability:       2.63994e-12
per-bin maximum probability:                0.287653
per-bin probability dynamic range (kT):     25.4143
per-segment minimum non-zero probability:   3.93446e-14
per-segment maximum non-zero probability:   0.0958458
per-segment probability dynamic range (kT): 28.5214
norm = 1, error in norm = -2.22045e-16 (-1*epsilon)
MAB binning in use
Bottleneck bin occupancy may not be accurately reported
Waiting for segments to complete...
################ MAB stats ################
minima in each dimension:      [8.9153]
maxima in each dimension:      [39.9253]
direction in each dimension:   [86]
skip in each dimension:        [0]
###########################################
Iteration completed successfully
Iteration wallclock: 0:02:09.460804, cputime: 0:35:31.718434


Sun Jun  9 20:59:03 2024
Iteration 597 (600 requested)
Beginning iteration 597
128 segments remain in iteration 597 (128 total)
31 of 33 (93.939394%) active bins are populated
per-bin minimum non-zero probability:       7.53231e-12
per-bin maximum probability:                0.303873
per-bin probability dynamic range (kT):     24.4207
per-segment minimum non-zero probability:   1.0623e-12
per-segment maximum non-zero probability:   0.0892445
per-segment probability dynamic range (kT): 25.1542
norm = 1, error in norm = -2.22045e-16 (-1*epsilon)
MAB binning in use
Bottleneck bin occupancy may not be accurately reported
Waiting for segments to complete...
################ MAB stats ################
minima in each dimension:      [7.5297]
maxima in each dimension:      [39.9008]
direction in each dimension:   [86]
skip in each dimension:        [0]
###########################################
Iteration completed successfully
Iteration wallclock: 0:06:26.118815, cputime: 0:35:05.275486


Sun Jun  9 21:05:29 2024
Iteration 598 (600 requested)
Beginning iteration 598
128 segments remain in iteration 598 (128 total)
31 of 33 (93.939394%) active bins are populated
per-bin minimum non-zero probability:       1.67525e-12
per-bin maximum probability:                0.223038
per-bin probability dynamic range (kT):     25.6146
per-segment minimum non-zero probability:   4.18813e-13
per-segment maximum non-zero probability:   0.0995083
per-segment probability dynamic range (kT): 26.1938
norm = 1, error in norm = -2.22045e-16 (-1*epsilon)
MAB binning in use
Bottleneck bin occupancy may not be accurately reported
Waiting for segments to complete...
################ MAB stats ################
minima in each dimension:      [7.6078]
maxima in each dimension:      [39.7691]
direction in each dimension:   [86]
skip in each dimension:        [0]
###########################################
Iteration completed successfully
Iteration wallclock: 0:06:24.170056, cputime: 0:34:58.893052


Sun Jun  9 21:11:53 2024
Iteration 599 (600 requested)
Beginning iteration 599
128 segments remain in iteration 599 (128 total)
32 of 33 (96.969697%) active bins are populated
per-bin minimum non-zero probability:       4.18813e-13
per-bin maximum probability:                0.261754
per-bin probability dynamic range (kT):     27.161
per-segment minimum non-zero probability:   1.04703e-13
per-segment maximum non-zero probability:   0.0745596
per-segment probability dynamic range (kT): 27.2915
norm = 1, error in norm = -2.22045e-16 (-1*epsilon)
MAB binning in use
Bottleneck bin occupancy may not be accurately reported
Waiting for segments to complete...
################ MAB stats ################
minima in each dimension:      [8.8488]
maxima in each dimension:      [39.8599]
direction in each dimension:   [86]
skip in each dimension:        [0]
###########################################
Iteration completed successfully
Iteration wallclock: 0:06:25.406651, cputime: 0:35:11.103337


Sun Jun  9 21:18:18 2024
Iteration 600 (600 requested)
Beginning iteration 600
124 segments remain in iteration 600 (124 total)
30 of 33 (90.909091%) active bins are populated
per-bin minimum non-zero probability:       8.14487e-12
per-bin maximum probability:                0.230106
per-bin probability dynamic range (kT):     24.0644
per-segment minimum non-zero probability:   8.73525e-13
per-segment maximum non-zero probability:   0.0672229
per-segment probability dynamic range (kT): 25.0665
norm = 1, error in norm = -3.33067e-16 (-1.5*epsilon)
MAB binning in use
Bottleneck bin occupancy may not be accurately reported
Waiting for segments to complete...
################ MAB stats ################
minima in each dimension:      [5.7602]
maxima in each dimension:      [39.3551]
direction in each dimension:   [86]
skip in each dimension:        [0]
###########################################
Iteration completed successfully
Iteration wallclock: 0:06:19.370162, cputime: 0:34:06.041610


Sun Jun  9 21:24:38 2024
WEST run complete.
