1
[35.91680145 36.04310468 36.16940791 36.29571114 36.42201436 36.54831759
 36.67462082 36.80092405 36.92722727 37.0535305  37.17983373 37.30613696
 37.43244019 37.55874341 37.68504664 37.81134987 37.9376531  38.06395632
 38.19025955 38.31656278 38.44286601 38.56916924 38.69547246 38.82177569
 38.94807892 39.07438215 39.20068537 39.3269886  39.45329183 39.57959506
 39.70589828]	
[35.9168] [39.7059]
[None] [None]

2
[33.07239914 33.30284589 33.53329264 33.7637394  33.99418615 34.2246329
 34.45507965 34.6855264  34.91597315 35.14641991 35.37686666 35.60731341
 35.83776016 36.06820691 36.29865367 36.52910042 36.75954717 36.98999392
 37.22044067 37.45088743 37.68133418 37.91178093 38.14222768 38.37267443
 38.60312119 38.83356794 39.06401469 39.29446144 39.52490819 39.75535494
 39.9858017 ]	
[33.0724] [39.9858]
[None] [39.9534]

3
[33.87969971 34.0771464  34.2745931  34.47203979 34.66948649 34.86693319
 35.06437988 35.26182658 35.45927327 35.65671997 35.85416667 36.05161336
 36.24906006 36.44650675 36.64395345 36.84140015 37.03884684 37.23629354
 37.43374023 37.63118693 37.82863363 38.02608032 38.22352702 38.42097371
 38.61842041 38.81586711 39.0133138  39.2107605  39.40820719 39.60565389
 39.80310059]	
[33.8797] [39.8031]
[34.2856] [39.7925]

4
[32.15470123 32.41421115 32.67372106 32.93323097 33.19274089 33.4522508
 33.71176071 33.97127062 34.23078054 34.49029045 34.74980036 35.00931028
 35.26882019 35.5283301  35.78784002 36.04734993 36.30685984 36.56636976
 36.82587967 37.08538958 37.3448995  37.60440941 37.86391932 38.12342923
 38.38293915 38.64244906 38.90195897 39.16146889 39.4209788  39.68048871
 39.93999863]	
[32.1547] [39.94]
[33.7394] [39.8451]

5
[31.55680084 31.83822746 32.11965408 32.4010807  32.68250732 32.96393394
 33.24536057 33.52678719 33.80821381 34.08964043 34.37106705 34.65249367
 34.93392029 35.21534691 35.49677353 35.77820015 36.05962677 36.34105339
 36.62248001 36.90390663 37.18533325 37.46675987 37.74818649 38.02961311
 38.31103973 38.59246635 38.87389297 39.1553196  39.43674622 39.71817284
 39.99959946]	
[31.5568] [39.9996]
[31.938] [None]

6
[31.76479912 32.03875917 32.31271922 32.58667927 32.86063932 33.13459937
 33.40855942 33.68251947 33.95647952 34.23043957 34.50439962 34.77835967
 35.05231972 35.32627977 35.60023982 35.87419987 36.14815992 36.42211997
 36.69608002 36.97004007 37.24400012 37.51796017 37.79192022 38.06588027
 38.33984032 38.61380037 38.88776042 39.16172047 39.43568052 39.70964057
 39.98360062]	
[31.7648] [39.9836]
[34.7499] [39.535]

7
[32.06639862 32.33080864 32.59521866 32.85962868 33.1240387  33.38844872
 33.65285873 33.91726875 34.18167877 34.44608879 34.71049881 34.97490883
 35.23931885 35.50372887 35.76813889 36.0325489  36.29695892 36.56136894
 36.82577896 37.09018898 37.354599   37.61900902 37.88341904 38.14782906
 38.41223907 38.67664909 38.94105911 39.20546913 39.46987915 39.73428917
 39.99869919]	
[32.0664] [39.9987]
[33.4333] [39.9589]

8
[32.00279999 32.26808001 32.53336004 32.79864006 33.06392008 33.32920011
 33.59448013 33.85976016 34.12504018 34.39032021 34.65560023 34.92088025
 35.18616028 35.4514403  35.71672033 35.98200035 36.24728038 36.5125604
 36.77784042 37.04312045 37.30840047 37.5736805  37.83896052 38.10424054
 38.36952057 38.63480059 38.90008062 39.16536064 39.43064067 39.69592069
 39.96120071]	
[32.0028] [39.9612]
[32.6984] [None]

9
[31.49869919 31.78050257 32.06230596 32.34410934 32.62591273 32.90771612
 33.1895195  33.47132289 33.75312627 34.03492966 34.31673304 34.59853643
 34.88033981 35.1621432  35.44394658 35.72574997 36.00755335 36.28935674
 36.57116013 36.85296351 37.1347669  37.41657028 37.69837367 37.98017705
 38.26198044 38.54378382 38.82558721 39.10739059 39.38919398 39.67099737
 39.95280075]	
[31.4987] [39.9528]
[31.9096] [None]

10
[31.57649994 31.85725988 32.13801982 32.41877975 32.69953969 32.98029963
 33.26105957 33.54181951 33.82257945 34.10333939 34.38409932 34.66485926
 34.9456192  35.22637914 35.50713908 35.78789902 36.06865896 36.34941889
 36.63017883 36.91093877 37.19169871 37.47245865 37.75321859 38.03397853
 38.31473846 38.5954984  38.87625834 39.15701828 39.43777822 39.71853816
 39.9992981 ]	
[31.5765] [39.9993]
[32.024] [39.7397]

11
[31.44910049 31.72533048 32.00156047 32.27779045 32.55402044 32.83025042
 33.10648041 33.38271039 33.65894038 33.93517036 34.21140035 34.48763034
 34.76386032 35.04009031 35.31632029 35.59255028 35.86878026 36.14501025
 36.42124023 36.69747022 36.97370021 37.24993019 37.52616018 37.80239016
 38.07862015 38.35485013 38.63108012 38.9073101  39.18354009 39.45977008
 39.73600006]	
[31.4491] [39.736]
[32.1571] [39.5182]

12
[27.80200005 28.20206343 28.60212682 29.00219021 29.4022536  29.80231698
 30.20238037 30.60244376 31.00250715 31.40257053 31.80263392 32.20269731
 32.6027607  33.00282408 33.40288747 33.80295086 34.20301425 34.60307763
 35.00314102 35.40320441 35.8032678  36.20333118 36.60339457 37.00345796
 37.40352135 37.80358473 38.20364812 38.60371151 39.0037749  39.40383828
 39.80390167]	
[27.802] [39.8039]
[32.2521] [39.6799]

13
[29.88949966 30.22560972 30.56171977 30.89782982 31.23393987 31.57004992
 31.90615997 32.24227002 32.57838008 32.91449013 33.25060018 33.58671023
 33.92282028 34.25893033 34.59504038 34.93115044 35.26726049 35.60337054
 35.93948059 36.27559064 36.61170069 36.94781075 37.2839208  37.62003085
 37.9561409  38.29225095 38.628361   38.96447105 39.30058111 39.63669116
 39.97280121]	
[29.8895] [39.9728]
[32.5942] [None]

14
[32.23740005 32.49266001 32.74791997 33.00317993 33.25843989 33.51369985
 33.76895981 34.02421977 34.27947973 34.53473969 34.78999964 35.0452596
 35.30051956 35.55577952 35.81103948 36.06629944 36.3215594  36.57681936
 36.83207932 37.08733927 37.34259923 37.59785919 37.85311915 38.10837911
 38.36363907 38.61889903 38.87415899 39.12941895 39.3846789  39.63993886
 39.89519882]	
[32.2374] [39.8952]
[33.7719] [39.7593]

15
[28.99480057 29.36007716 29.72535375 30.09063034 30.45590693 30.82118352
 31.18646011 31.5517367  31.9170133  32.28228989 32.64756648 33.01284307
 33.37811966 33.74339625 34.10867284 34.47394943 34.83922602 35.20450261
 35.56977921 35.9350558  36.30033239 36.66560898 37.03088557 37.39616216
 37.76143875 38.12671534 38.49199193 38.85726852 39.22254512 39.58782171
 39.9530983 ]	
[28.9948] [39.9531]
[32.3169] [39.66]

16
[31.21559906 31.49900246 31.78240585 32.06580925 32.34921265 32.63261604
 32.91601944 33.19942284 33.48282623 33.76622963 34.04963303 34.33303642
 34.61643982 34.89984322 35.18324661 35.46665001 35.75005341 36.0334568
 36.3168602  36.6002636  36.88366699 37.16707039 37.45047379 37.73387718
 38.01728058 38.30068398 38.58408737 38.86749077 39.15089417 39.43429756
 39.71770096]	
[31.2156] [39.7177]
[31.9811] [39.2631]

17
[30.21969986 30.53830655 30.85691325 31.17551994 31.49412664 31.81273333
 32.13134003 32.44994672 32.76855342 33.08716011 33.40576681 33.7243735
 34.04298019 34.36158689 34.68019358 34.99880028 35.31740697 35.63601367
 35.95462036 36.27322706 36.59183375 36.91044044 37.22904714 37.54765383
 37.86626053 38.18486722 38.50347392 38.82208061 39.14068731 39.459294
 39.7779007 ]	
[30.2197] [39.7779]
[31.2502] [39.6174]

18
[29.44339943 29.77935607 30.1153127  30.45126934 30.78722598 31.12318261
 31.45913925 31.79509589 32.13105253 32.46700916 32.8029658  33.13892244
 33.47487907 33.81083571 34.14679235 34.48274899 34.81870562 35.15466226
 35.4906189  35.82657553 36.16253217 36.49848881 36.83444544 37.17040208
 37.50635872 37.84231536 38.17827199 38.51422863 38.85018527 39.1861419
 39.52209854]	
[29.4434] [39.5221]
[32.6856] [38.913]

19
[30.90180016 31.2038702  31.50594025 31.80801029 32.11008034 32.41215038
 32.71422043 33.01629047 33.31836052 33.62043056 33.92250061 34.22457066
 34.5266407  34.82871075 35.13078079 35.43285084 35.73492088 36.03699093
 36.33906097 36.64113102 36.94320107 37.24527111 37.54734116 37.8494112
 38.15148125 38.45355129 38.75562134 39.05769138 39.35976143 39.66183147
 39.96390152]	
[30.9018] [39.9639]
[31.7094] [None]

20
[29.96529961 30.29191964 30.61853968 30.94515972 31.27177976 31.5983998
 31.92501984 32.25163987 32.57825991 32.90487995 33.23149999 33.55812003
 33.88474007 34.2113601  34.53798014 34.86460018 35.19122022 35.51784026
 35.8444603  36.17108033 36.49770037 36.82432041 37.15094045 37.47756049
 37.80418053 38.13080057 38.4574206  38.78404064 39.11066068 39.43728072
 39.76390076]	
[29.9653] [39.7639]
[32.2488] [39.6648]

21
[30.7826004  31.08020706 31.37781372 31.67542038 31.97302704 32.2706337
 32.56824036 32.86584702 33.16345367 33.46106033 33.75866699 34.05627365
 34.35388031 34.65148697 34.94909363 35.24670029 35.54430695 35.8419136
 36.13952026 36.43712692 36.73473358 37.03234024 37.3299469  37.62755356
 37.92516022 38.22276688 38.52037354 38.81798019 39.11558685 39.41319351
 39.71080017]	
[30.7826] [39.7108]
[31.277] [39.1917]

22
[31.28059959 31.56310965 31.84561971 32.12812977 32.41063983 32.69314988
 32.97565994 33.25817    33.54068006 33.82319012 34.10570017 34.38821023
 34.67072029 34.95323035 35.23574041 35.51825047 35.80076052 36.08327058
 36.36578064 36.6482907  36.93080076 37.21331081 37.49582087 37.77833093
 38.06084099 38.34335105 38.6258611  38.90837116 39.19088122 39.47339128
 39.75590134]	
[31.2806] [39.7559]
[31.3362] [39.364]

23
[29.04260063 29.403954   29.76530736 30.12666073 30.48801409 30.84936746
 31.21072083 31.57207419 31.93342756 32.29478092 32.65613429 33.01748765
 33.37884102 33.74019438 34.10154775 34.46290112 34.82425448 35.18560785
 35.54696121 35.90831458 36.26966794 36.63102131 36.99237467 37.35372804
 37.71508141 38.07643477 38.43778814 38.7991415  39.16049487 39.52184823
 39.8832016 ]	
[29.0426] [39.8832]
[32.5437] [39.6234]

24
[27.16790009 27.58753014 28.00716019 28.42679024 28.84642029 29.26605034
 29.68568039 30.10531044 30.52494049 30.94457054 31.36420059 31.78383064
 32.20346069 32.62309074 33.04272079 33.46235085 33.8819809  34.30161095
 34.721241   35.14087105 35.5605011  35.98013115 36.3997612  36.81939125
 37.2390213  37.65865135 38.0782814  38.49791145 38.9175415  39.33717155
 39.75680161]	
[27.1679] [39.7568]
[32.0896] [None]

25
[28.75029945 29.12508945 29.49987946 29.87466946 30.24945946 30.62424946
 30.99903946 31.37382946 31.74861946 32.12340946 32.49819946 32.87298946
 33.24777946 33.62256947 33.99735947 34.37214947 34.74693947 35.12172947
 35.49651947 35.87130947 36.24609947 36.62088947 36.99567947 37.37046947
 37.74525948 38.12004948 38.49483948 38.86962948 39.24441948 39.61920948
 39.99399948]	
[28.7503] [39.994]
[32.2492] [39.8707]

26
[30.06399918 30.39373589 30.7234726  31.0532093  31.38294601 31.71268272
 32.04241943 32.37215614 32.70189285 33.03162956 33.36136627 33.69110298
 34.02083969 34.3505764  34.68031311 35.01004982 35.33978653 35.66952324
 35.99925995 36.32899666 36.65873337 36.98847008 37.31820679 37.6479435
 37.97768021 38.30741692 38.63715363 38.96689034 39.29662704 39.62636375
 39.95610046]	
[30.064] [39.9561]
[31.3211] [39.8372]

27
[30.57229996 30.87835325 31.18440653 31.49045982 31.79651311 32.1025664
 32.40861969 32.71467298 33.02072627 33.32677956 33.63283285 33.93888613
 34.24493942 34.55099271 34.857046   35.16309929 35.46915258 35.77520587
 36.08125916 36.38731244 36.69336573 36.99941902 37.30547231 37.6115256
 37.91757889 38.22363218 38.52968547 38.83573875 39.14179204 39.44784533
 39.75389862]	
[30.5723] [39.7539]
[31.7817] [None]

28
[29.50830078 29.83972079 30.1711408  30.50256081 30.83398081 31.16540082
 31.49682083 31.82824084 32.15966085 32.49108086 32.82250086 33.15392087
 33.48534088 33.81676089 34.1481809  34.47960091 34.81102091 35.14244092
 35.47386093 35.80528094 36.13670095 36.46812096 36.79954096 37.13096097
 37.46238098 37.79380099 38.125221   38.45664101 38.78806101 39.11948102
 39.45090103]	
[29.5083] [39.4509]
[31.0361] [39.0628]

29
[29.35680008 29.70773671 30.05867335 30.40960999 30.76054662 31.11148326
 31.46241989 31.81335653 32.16429316 32.5152298  32.86616643 33.21710307
 33.5680397  33.91897634 34.26991297 34.62084961 34.97178624 35.32272288
 35.67365952 36.02459615 36.37553279 36.72646942 37.07740606 37.42834269
 37.77927933 38.13021596 38.4811526  38.83208923 39.18302587 39.5339625
 39.88489914]	
[29.3568] [39.8849]
[30.9219] [None]

30
[29.26029968 29.61739642 29.97449315 30.33158989 30.68868663 31.04578336
 31.4028801  31.75997683 32.11707357 32.4741703  32.83126704 33.18836377
 33.54546051 33.90255725 34.25965398 34.61675072 34.97384745 35.33094419
 35.68804092 36.04513766 36.4022344  36.75933113 37.11642787 37.4735246
 37.83062134 38.18771807 38.54481481 38.90191154 39.25900828 39.61610502
 39.97320175]	
[29.2603] [39.9732]
[30.1805] [38.8781]

31
[30.24850082 30.57328084 30.89806086 31.22284088 31.5476209  31.87240092
 32.19718094 32.52196096 32.84674098 33.171521   33.49630102 33.82108103
 34.14586105 34.47064107 34.79542109 35.12020111 35.44498113 35.76976115
 36.09454117 36.41932119 36.74410121 37.06888123 37.39366124 37.71844126
 38.04322128 38.3680013  38.69278132 39.01756134 39.34234136 39.66712138
 39.9919014 ]	
[30.2485] [39.9919]
[31.6861] [None]

32
[30.33009911 30.65112247 30.97214584 31.29316921 31.61419258 31.93521595
 32.25623932 32.57726269 32.89828606 33.21930943 33.54033279 33.86135616
 34.18237953 34.5034029  34.82442627 35.14544964 35.46647301 35.78749638
 36.10851974 36.42954311 36.75056648 37.07158985 37.39261322 37.71363659
 38.03465996 38.35568333 38.6767067  38.99773006 39.31875343 39.6397768
 39.96080017]	
[30.3301] [39.9608]
[30.4914] [None]

33
[29.30340004 29.65632674 30.00925344 30.36218014 30.71510684 31.06803354
 31.42096024 31.77388693 32.12681363 32.47974033 32.83266703 33.18559373
 33.53852043 33.89144713 34.24437383 34.59730053 34.95022723 35.30315393
 35.65608063 36.00900733 36.36193403 36.71486073 37.06778742 37.42071412
 37.77364082 38.12656752 38.47949422 38.83242092 39.18534762 39.53827432
 39.89120102]	
[29.3034] [39.8912]
[30.6994] [39.1019]

34
[29.23990059 29.59617392 29.95244726 30.30872059 30.66499392 31.02126726
 31.37754059 31.73381392 32.09008725 32.44636059 32.80263392 33.15890725
 33.51518059 33.87145392 34.22772725 34.58400059 34.94027392 35.29654725
 35.65282059 36.00909392 36.36536725 36.72164059 37.07791392 37.43418725
 37.79046059 38.14673392 38.50300725 38.85928059 39.21555392 39.57182725
 39.92810059]	
[29.2399] [39.9281]
[30.2441] [39.9258]

35
[29.5366993  29.88239269 30.22808609 30.57377949 30.91947289 31.26516628
 31.61085968 31.95655308 32.30224648 32.64793987 32.99363327 33.33932667
 33.68502007 34.03071346 34.37640686 34.72210026 35.06779366 35.41348705
 35.75918045 36.10487385 36.45056725 36.79626064 37.14195404 37.48764744
 37.83334084 38.17903423 38.52472763 38.87042103 39.21611443 39.56180782
 39.90750122]	
[29.5367] [39.9075]
[30.1388] [39.652]

36
[28.96419907 29.32116915 29.67813924 30.03510933 30.39207942 30.7490495
 31.10601959 31.46298968 31.81995977 32.17692986 32.53389994 32.89087003
 33.24784012 33.60481021 33.96178029 34.31875038 34.67572047 35.03269056
 35.38966064 35.74663073 36.10360082 36.46057091 36.817541   37.17451108
 37.53148117 37.88845126 38.24542135 38.60239143 38.95936152 39.31633161
 39.6733017 ]	
[28.9642] [39.6733]
[31.2219] [None]

37
[28.53210068 28.90684064 29.28158061 29.65632057 30.03106054 30.4058005
 30.78054047 31.15528043 31.5300204  31.90476036 32.27950033 32.65424029
 33.02898026 33.40372022 33.77846018 34.15320015 34.52794011 34.90268008
 35.27742004 35.65216001 36.02689997 36.40163994 36.7763799  37.15111987
 37.52585983 37.9005998  38.27533976 38.65007973 39.02481969 39.39955966
 39.77429962]	
[28.5321] [39.7743]
[29.8545] [None]

38
[28.69829941 29.07201614 29.44573288 29.81944962 30.19316635 30.56688309
 30.94059982 31.31431656 31.68803329 32.06175003 32.43546677 32.8091835
 33.18290024 33.55661697 33.93033371 34.30405045 34.67776718 35.05148392
 35.42520065 35.79891739 36.17263412 36.54635086 36.9200676  37.29378433
 37.66750107 38.0412178  38.41493454 38.78865128 39.16236801 39.53608475
 39.90980148]	
[28.6983] [39.9098]
[29.2647] [39.2393]

39
[28.07819939 28.47144604 28.86469269 29.25793934 29.65118599 30.04443264
 30.43767929 30.83092594 31.22417259 31.61741924 32.01066589 32.40391254
 32.79715919 33.19040585 33.5836525  33.97689915 34.3701458  34.76339245
 35.1566391  35.54988575 35.9431324  36.33637905 36.7296257  37.12287235
 37.516119   37.90936565 38.3026123  38.69585896 39.08910561 39.48235226
 39.87559891]	
[28.0782] [39.8756]
[31.4565] [39.607]

40
[28.25379944 28.64097608 29.02815272 29.41532936 29.802506   30.18968264
 30.57685928 30.96403592 31.35121257 31.73838921 32.12556585 32.51274249
 32.89991913 33.28709577 33.67427241 34.06144905 34.44862569 34.83580233
 35.22297897 35.61015561 35.99733226 36.3845089  36.77168554 37.15886218
 37.54603882 37.93321546 38.3203921  38.70756874 39.09474538 39.48192202
 39.86909866]	
[28.2538] [39.8691]
[29.6344] [39.749]

41
[28.56279945 28.93410282 29.30540619 29.67670956 30.04801292 30.41931629
 30.79061966 31.16192303 31.53322639 31.90452976 32.27583313 32.6471365
 33.01843987 33.38974323 33.7610466  34.13234997 34.50365334 34.8749567
 35.24626007 35.61756344 35.98886681 36.36017017 36.73147354 37.10277691
 37.47408028 37.84538364 38.21668701 38.58799038 38.95929375 39.33059711
 39.70190048]	
[28.5628] [39.7019]
[31.1693] [39.1933]

42
[30.60650063 30.9110239  31.21554718 31.52007046 31.82459373 32.12911701
 32.43364029 32.73816357 33.04268684 33.34721012 33.6517334  33.95625668
 34.26077995 34.56530323 34.86982651 35.17434978 35.47887306 35.78339634
 36.08791962 36.39244289 36.69696617 37.00148945 37.30601273 37.610536
 37.91505928 38.21958256 38.52410583 38.82862911 39.13315239 39.43767567
 39.74219894]	
[30.6065] [39.7422]
[31.5335] [39.7004]

43
[28.0692997  28.46284974 28.85639979 29.24994984 29.64349988 30.03704993
 30.43059998 30.82415002 31.21770007 31.61125011 32.00480016 32.39835021
 32.79190025 33.1854503  33.57900035 33.97255039 34.36610044 34.75965048
 35.15320053 35.54675058 35.94030062 36.33385067 36.72740072 37.12095076
 37.51450081 37.90805086 38.3016009  38.69515095 39.08870099 39.48225104
 39.87580109]	
[28.0693] [39.8758]
[29.9757] [39.6845]

44
[28.51300049 28.89580714 29.27861379 29.66142044 30.04422709 30.42703374
 30.80984039 31.19264704 31.57545369 31.95826035 32.341067   32.72387365
 33.1066803  33.48948695 33.8722936  34.25510025 34.6379069  35.02071355
 35.4035202  35.78632685 36.1691335  36.55194016 36.93474681 37.31755346
 37.70036011 38.08316676 38.46597341 38.84878006 39.23158671 39.61439336
 39.99720001]	
[28.513] [39.9972]
[29.7668] [None]

45
[27.77869987 28.18472322 28.59074656 28.99676991 29.40279325 29.80881659
 30.21483994 30.62086328 31.02688662 31.43290997 31.83893331 32.24495665
 32.65098    33.05700334 33.46302668 33.86905003 34.27507337 34.68109671
 35.08712006 35.4931434  35.89916674 36.30519009 36.71121343 37.11723677
 37.52326012 37.92928346 38.3353068  38.74133015 39.14735349 39.55337683
 39.95940018]	
[27.7787] [39.9594]
[29.9015] [None]

46
[29.08060074 29.43613739 29.79167404 30.14721069 30.50274734 30.858284
 31.21382065 31.5693573  31.92489395 32.2804306  32.63596725 32.99150391
 33.34704056 33.70257721 34.05811386 34.41365051 34.76918716 35.12472382
 35.48026047 35.83579712 36.19133377 36.54687042 36.90240707 37.25794373
 37.61348038 37.96901703 38.32455368 38.68009033 39.03562698 39.39116364
 39.74670029]	
[29.0806] [39.7467]
[30.8711] [39.6832]

47
[27.10079956 27.53031629 27.95983302 28.38934975 28.81886648 29.2483832
 29.67789993 30.10741666 30.53693339 30.96645012 31.39596685 31.82548358
 32.25500031 32.68451703 33.11403376 33.54355049 33.97306722 34.40258395
 34.83210068 35.26161741 35.69113413 36.12065086 36.55016759 36.97968432
 37.40920105 37.83871778 38.26823451 38.69775124 39.12726796 39.55678469
 39.98630142]	
[27.1008] [39.9863]
[32.5788] [39.9069]

48
[27.9654007  28.36536395 28.7653272  29.16529045 29.5652537  29.96521695
 30.36518021 30.76514346 31.16510671 31.56506996 31.96503321 32.36499647
 32.76495972 33.16492297 33.56488622 33.96484947 34.36481272 34.76477598
 35.16473923 35.56470248 35.96466573 36.36462898 36.76459223 37.16455549
 37.56451874 37.96448199 38.36444524 38.76440849 39.16437174 39.564335
 39.96429825]	
[27.9654] [39.9643]
[30.8554] [39.4406]

49
[26.78280067 27.21820393 27.65360718 28.08901043 28.52441368 28.95981693
 29.39522018 29.83062344 30.26602669 30.70142994 31.13683319 31.57223644
 32.00763969 32.44304295 32.8784462  33.31384945 33.7492527  34.18465595
 34.6200592  35.05546246 35.49086571 35.92626896 36.36167221 36.79707546
 37.23247871 37.66788197 38.10328522 38.53868847 38.97409172 39.40949497
 39.84489822]	
[26.7828] [39.8449]
[31.0374] [None]

50
[27.79809952 28.19981626 28.601533   29.00324974 29.40496648 29.80668322
 30.20839996 30.6101167  31.01183345 31.41355019 31.81526693 32.21698367
 32.61870041 33.02041715 33.42213389 33.82385063 34.22556737 34.62728411
 35.02900085 35.4307176  35.83243434 36.23415108 36.63586782 37.03758456
 37.4393013  37.84101804 38.24273478 38.64445152 39.04616826 39.447885
 39.84960175]	
[27.7981] [39.8496]
[29.3381] [39.6977]

51
[26.61779976 27.04513315 27.47246653 27.89979992 28.32713331 28.75446669
 29.18180008 29.60913347 30.03646685 30.46380024 30.89113363 31.31846701
 31.7458004  32.17313379 32.60046717 33.02780056 33.45513395 33.88246733
 34.30980072 34.73713411 35.16446749 35.59180088 36.01913427 36.44646765
 36.87380104 37.30113443 37.72846781 38.1558012  38.58313459 39.01046797
 39.43780136]	
[26.6178] [39.4378]
[29.7893] [38.8888]

52
[28.00749969 28.39111977 28.77473984 29.15835991 29.54197998 29.92560005
 30.30922012 30.69284019 31.07646027 31.46008034 31.84370041 32.22732048
 32.61094055 32.99456062 33.37818069 33.76180077 34.14542084 34.52904091
 34.91266098 35.29628105 35.67990112 36.06352119 36.44714127 36.83076134
 37.21438141 37.59800148 37.98162155 38.36524162 38.74886169 39.13248177
 39.51610184]	
[28.0075] [39.5161]
[30.1447] [39.3184]

53
[27.68740082 28.08943075 28.49146067 28.8934906  29.29552053 29.69755046
 30.09958038 30.50161031 30.90364024 31.30567017 31.70770009 32.10973002
 32.51175995 32.91378988 33.3158198  33.71784973 34.11987966 34.52190959
 34.92393951 35.32596944 35.72799937 36.1300293  36.53205922 36.93408915
 37.33611908 37.73814901 38.14017893 38.54220886 38.94423879 39.34626872
 39.74829865]	
[27.6874] [39.7483]
[30.8157] [39.1816]

54
[27.24169922 27.66230253 28.08290583 28.50350914 28.92411245 29.34471575
 29.76531906 30.18592237 30.60652568 31.02712898 31.44773229 31.8683356
 32.2889389  32.70954221 33.13014552 33.55074883 33.97135213 34.39195544
 34.81255875 35.23316205 35.65376536 36.07436867 36.49497197 36.91557528
 37.33617859 37.7567819  38.1773852  38.59798851 39.01859182 39.43919512
 39.85979843]	
[27.2417] [39.8598]
[31.091] [None]

55
[27.74609947 28.12953943 28.51297938 28.89641933 29.27985929 29.66329924
 30.0467392  30.43017915 30.81361911 31.19705906 31.58049901 31.96393897
 32.34737892 32.73081888 33.11425883 33.49769878 33.88113874 34.26457869
 34.64801865 35.0314586  35.41489855 35.79833851 36.18177846 36.56521842
 36.94865837 37.33209833 37.71553828 38.09897823 38.48241819 38.86585814
 39.2492981 ]	
[27.7461] [39.2493]
[29.6749] [39.1276]

56
[25.84049988 26.30336316 26.76622645 27.22908974 27.69195302 28.15481631
 28.6176796  29.08054288 29.54340617 30.00626945 30.46913274 30.93199603
 31.39485931 31.8577226  32.32058589 32.78344917 33.24631246 33.70917575
 34.17203903 34.63490232 35.0977656  35.56062889 36.02349218 36.48635546
 36.94921875 37.41208204 37.87494532 38.33780861 38.8006719  39.26353518
 39.72639847]	
[25.8405] [39.7264]
[30.3385] [38.5418]

57
[26.18330002 26.63959668 27.09589335 27.55219002 28.00848668 28.46478335
 28.92108002 29.37737668 29.83367335 30.28997002 30.74626668 31.20256335
 31.65886002 32.11515668 32.57145335 33.02775002 33.48404668 33.94034335
 34.39664001 34.85293668 35.30923335 35.76553001 36.22182668 36.67812335
 37.13442001 37.59071668 38.04701335 38.50331001 38.95960668 39.41590335
 39.87220001]	
[26.1833] [39.8722]
[31.0493] [39.8719]

58
[27.0060997  27.43629634 27.86649297 28.29668961 28.72688624 29.15708288
 29.58727951 30.01747615 30.44767278 30.87786942 31.30806605 31.73826269
 32.16845932 32.59865595 33.02885259 33.45904922 33.88924586 34.31944249
 34.74963913 35.17983576 35.6100324  36.04022903 36.47042567 36.9006223
 37.33081894 37.76101557 38.19121221 38.62140884 39.05160548 39.48180211
 39.91199875]	
[27.0061] [39.912]
[29.6833] [39.8402]

59
[27.1508007  27.57568734 28.00057398 28.42546062 28.85034726 29.2752339
 29.70012054 30.12500718 30.54989382 30.97478046 31.3996671  31.82455374
 32.24944038 32.67432702 33.09921366 33.5241003  33.94898694 34.37387358
 34.79876022 35.22364686 35.6485335  36.07342014 36.49830678 36.92319342
 37.34808006 37.7729667  38.19785334 38.62273998 39.04762662 39.47251326
 39.8973999 ]	
[27.1508] [39.8974]
[29.0729] [39.5964]

60
[27.45560074 27.87225075 28.28890076 28.70555077 29.12220078 29.53885078
 29.95550079 30.3721508  30.78880081 31.20545082 31.62210083 32.03875084
 32.45540085 32.87205086 33.28870087 33.70535088 34.12200089 34.53865089
 34.9553009  35.37195091 35.78860092 36.20525093 36.62190094 37.03855095
 37.45520096 37.87185097 38.28850098 38.70515099 39.12180099 39.538451
 39.95510101]	
[27.4556] [39.9551]
[28.7222] [None]

61
[27.62220001 28.01689669 28.41159337 28.80629005 29.20098674 29.59568342
 29.9903801  30.38507678 30.77977346 31.17447014 31.56916682 31.9638635
 32.35856018 32.75325686 33.14795354 33.54265022 33.9373469  34.33204358
 34.72674026 35.12143695 35.51613363 35.91083031 36.30552699 36.70022367
 37.09492035 37.48961703 37.88431371 38.27901039 38.67370707 39.06840375
 39.46310043]	
[27.6222] [39.4631]
[29.3736] [None]

62
[28.57239914 28.93741582 29.30243251 29.66744919 30.03246587 30.39748255
 30.76249924 31.12751592 31.4925326  31.85754929 32.22256597 32.58758265
 32.95259933 33.31761602 33.6826327  34.04764938 34.41266607 34.77768275
 35.14269943 35.50771612 35.8727328  36.23774948 36.60276616 36.96778285
 37.33279953 37.69781621 38.0628329  38.42784958 38.79286626 39.15788294
 39.52289963]	
[28.5724] [39.5229]
[29.7584] [39.4977]

63
[28.42539978 28.80417646 29.18295314 29.56172981 29.94050649 30.31928317
 30.69805984 31.07683652 31.4556132  31.83438988 32.21316655 32.59194323
 32.97071991 33.34949659 33.72827326 34.10704994 34.48582662 34.8646033
 35.24337997 35.62215665 36.00093333 36.37971001 36.75848668 37.13726336
 37.51604004 37.89481672 38.27359339 38.65237007 39.03114675 39.40992343
 39.7887001 ]	
[28.4254] [39.7887]
[32.0053] [None]

64
[28.46290016 28.84605681 29.22921346 29.61237011 29.99552676 30.37868341
 30.76184006 31.14499671 31.52815336 31.91131001 32.29446665 32.6776233
 33.06077995 33.4439366  33.82709325 34.2102499  34.59340655 34.9765632
 35.35971985 35.7428765  36.12603315 36.5091898  36.89234645 37.27550309
 37.65865974 38.04181639 38.42497304 38.80812969 39.19128634 39.57444299
 39.95759964]	
[28.4629] [39.9576]
[28.7303] [39.6289]

65
[28.9321003  29.30042362 29.66874695 30.03707027 30.4053936  30.77371693
 31.14204025 31.51036358 31.8786869  32.24701023 32.61533356 32.98365688
 33.35198021 33.72030354 34.08862686 34.45695019 34.82527351 35.19359684
 35.56192017 35.93024349 36.29856682 36.66689014 37.03521347 37.4035368
 37.77186012 38.14018345 38.50850677 38.8768301  39.24515343 39.61347675
 39.98180008]	
[28.9321] [39.9818]
[32.1889] [None]

66
[28.2147007  28.6061107  28.9975207  29.3889307  29.7803407  30.1717507
 30.56316071 30.95457071 31.34598071 31.73739071 32.12880071 32.52021071
 32.91162071 33.30303071 33.69444071 34.08585072 34.47726072 34.86867072
 35.26008072 35.65149072 36.04290072 36.43431072 36.82572072 37.21713072
 37.60854073 37.99995073 38.39136073 38.78277073 39.17418073 39.56559073
 39.95700073]	
[28.2147] [39.957]
[31.8422] [39.7337]

67
[29.18400002 29.54449329 29.90498657 30.26547985 30.62597313 30.98646641
 31.34695969 31.70745296 32.06794624 32.42843952 32.7889328  33.14942608
 33.50991936 33.87041264 34.23090591 34.59139919 34.95189247 35.31238575
 35.67287903 36.03337231 36.39386559 36.75435886 37.11485214 37.47534542
 37.8358387  38.19633198 38.55682526 38.91731853 39.27781181 39.63830509
 39.99879837]	
[29.184] [39.9988]
[32.3206] [None]

68
[28.7310009  29.10053755 29.47007421 29.83961086 30.20914752 30.57868417
 30.94822083 31.31775748 31.68729413 32.05683079 32.42636744 32.7959041
 33.16544075 33.5349774  33.90451406 34.27405071 34.64358737 35.01312402
 35.38266068 35.75219733 36.12173398 36.49127064 36.86080729 37.23034395
 37.5998806  37.96941725 38.33895391 38.70849056 39.07802722 39.44756387
 39.81710052]	
[28.731] [39.8171]
[30.9925] [None]

69
[29.3519001  29.70204347 30.05218684 30.40233021 30.75247358 31.10261695
 31.45276031 31.80290368 32.15304705 32.50319042 32.85333379 33.20347716
 33.55362053 33.9037639  34.25390727 34.60405064 34.95419401 35.30433737
 35.65448074 36.00462411 36.35476748 36.70491085 37.05505422 37.40519759
 37.75534096 38.10548433 38.4556277  38.80577106 39.15591443 39.5060578
 39.85620117]	
[29.3519] [39.8562]
[30.4256] [39.6353]

70
[29.8689003  30.20645027 30.54400024 30.88155022 31.21910019 31.55665016
 31.89420013 32.23175011 32.56930008 32.90685005 33.24440002 33.58195
 33.91949997 34.25704994 34.59459991 34.93214989 35.26969986 35.60724983
 35.9447998  36.28234978 36.61989975 36.95744972 37.29499969 37.63254967
 37.97009964 38.30764961 38.64519958 38.98274956 39.32029953 39.6578495
 39.99539948]	
[29.8689] [39.9954]
[31.8649] [39.1808]

71
[29.4531002  29.80214354 30.15118688 30.50023022 30.84927355 31.19831689
 31.54736023 31.89640357 32.2454469  32.59449024 32.94353358 33.29257692
 33.64162025 33.99066359 34.33970693 34.68875027 35.0377936  35.38683694
 35.73588028 36.08492362 36.43396695 36.78301029 37.13205363 37.48109697
 37.8301403  38.17918364 38.52822698 38.87727032 39.22631365 39.57535699
 39.92440033]	
[29.4531] [39.9244]
[30.9966] [39.7868]

72
[28.98570061 29.34800396 29.71030731 30.07261066 30.43491402 30.79721737
 31.15952072 31.52182407 31.88412743 32.24643078 32.60873413 32.97103748
 33.33334084 33.69564419 34.05794754 34.42025089 34.78255424 35.1448576
 35.50716095 35.8694643  36.23176765 36.59407101 36.95637436 37.31867771
 37.68098106 38.04328442 38.40558777 38.76789112 39.13019447 39.49249783
 39.85480118]	
[28.9857] [39.8548]
[29.1594] [None]

73
[28.76390076 29.1350207  29.50614065 29.87726059 30.24838053 30.61950048
 30.99062042 31.36174037 31.73286031 32.10398026 32.4751002  32.84622014
 33.21734009 33.58846003 33.95957998 34.33069992 34.70181986 35.07293981
 35.44405975 35.8151797  36.18629964 36.55741959 36.92853953 37.29965947
 37.67077942 38.04189936 38.41301931 38.78413925 39.1552592  39.52637914
 39.89749908]	
[28.7639] [39.8975]
[29.4437] [39.7249]

74
[28.71949959 29.0877629  29.4560262  29.82428951 30.19255282 30.56081613
 30.92907944 31.29734275 31.66560605 32.03386936 32.40213267 32.77039598
 33.13865929 33.50692259 33.8751859  34.24344921 34.61171252 34.97997583
 35.34823914 35.71650244 36.08476575 36.45302906 36.82129237 37.18955568
 37.55781898 37.92608229 38.2943456  38.66260891 39.03087222 39.39913553
 39.76739883]	
[28.7195] [39.7674]
[29.5356] [39.3534]

75
[28.40870094 28.79418087 29.1796608  29.56514072 29.95062065 30.33610058
 30.72158051 31.10706043 31.49254036 31.87802029 32.26350021 32.64898014
 33.03446007 33.41993999 33.80541992 34.19089985 34.57637978 34.9618597
 35.34733963 35.73281956 36.11829948 36.50377941 36.88925934 37.27473927
 37.66021919 38.04569912 38.43117905 38.81665897 39.2021389  39.58761883
 39.97309875]	
[28.4087] [39.9731]
[33.0646] [None]

76
[29.0156002  29.35739015 29.69918009 30.04097004 30.38275998 30.72454993
 31.06633987 31.40812982 31.74991976 32.09170971 32.43349965 32.7752896
 33.11707954 33.45886949 33.80065943 34.14244938 34.48423932 34.82602927
 35.16781921 35.50960916 35.8513991  36.19318905 36.53497899 36.87676894
 37.21855888 37.56034883 37.90213877 38.24392872 38.58571866 38.92750861
 39.26929855]	
[29.0156] [39.2693]
[29.8965] [38.9509]

77
[28.88529968 29.25161972 29.61793976 29.9842598  30.35057983 30.71689987
 31.08321991 31.44953995 31.81585999 32.18218002 32.54850006 32.9148201
 33.28114014 33.64746017 34.01378021 34.38010025 34.74642029 35.11274033
 35.47906036 35.8453804  36.21170044 36.57802048 36.94434052 37.31066055
 37.67698059 38.04330063 38.40962067 38.7759407  39.14226074 39.50858078
 39.87490082]	
[28.8853] [39.8749]
[29.3267] [39.7081]

78
[28.51499939 28.88056946 29.24613953 29.61170959 29.97727966 30.34284973
 30.7084198  31.07398987 31.43955994 31.80513    32.17070007 32.53627014
 32.90184021 33.26741028 33.63298035 33.99855042 34.36412048 34.72969055
 35.09526062 35.46083069 35.82640076 36.19197083 36.55754089 36.92311096
 37.28868103 37.6542511  38.01982117 38.38539124 38.7509613  39.11653137
 39.48210144]	
[28.515] [39.4821]
[33.3283] [39.2089]

79
[28.42670059 28.80995725 29.19321391 29.57647057 29.95972722 30.34298388
 30.72624054 31.1094972  31.49275386 31.87601051 32.25926717 32.64252383
 33.02578049 33.40903714 33.7922938  34.17555046 34.55880712 34.94206378
 35.32532043 35.70857709 36.09183375 36.47509041 36.85834707 37.24160372
 37.62486038 38.00811704 38.3913737  38.77463036 39.15788701 39.54114367
 39.92440033]	
[28.4267] [39.9244]
[31.6523] [None]

80
[29.64590073 29.9885807  30.33126068 30.67394066 31.01662064 31.35930061
 31.70198059 32.04466057 32.38734055 32.73002052 33.0727005  33.41538048
 33.75806046 34.10074043 34.44342041 34.78610039 35.12878036 35.47146034
 35.81414032 36.1568203  36.49950027 36.84218025 37.18486023 37.52754021
 37.87022018 38.21290016 38.55558014 38.89826012 39.24094009 39.58362007
 39.92630005]	
[29.6459] [39.9263]
[30.0239] [None]

81
[29.46479988 29.81545989 30.16611989 30.5167799  30.86743991 31.21809991
 31.56875992 31.91941992 32.27007993 32.62073994 32.97139994 33.32205995
 33.67271996 34.02337996 34.37403997 34.72469997 35.07535998 35.42601999
 35.77667999 36.12734    36.47800001 36.82866001 37.17932002 37.52998002
 37.88064003 38.23130004 38.58196004 38.93262005 39.28328005 39.63394006
 39.98460007]	
[29.4648] [39.9846]
[30.344] [39.9295]

82
[28.73530006 29.09119676 29.44709345 29.80299015 30.15888685 30.51478354
 30.87068024 31.22657693 31.58247363 31.93837032 32.29426702 32.65016371
 33.00606041 33.36195711 33.7178538  34.0737505  34.42964719 34.78554389
 35.14144058 35.49733728 35.85323397 36.20913067 36.56502736 36.92092406
 37.27682076 37.63271745 37.98861415 38.34451084 38.70040754 39.05630423
 39.41220093]	
[28.7353] [39.4122]
[30.2487] [39.0269]

83
[29.60779953 29.95391286 30.30002619 30.64613953 30.99225286 31.33836619
 31.68447952 32.03059285 32.37670619 32.72281952 33.06893285 33.41504618
 33.76115952 34.10727285 34.45338618 34.79949951 35.14561284 35.49172618
 35.83783951 36.18395284 36.53006617 36.8761795  37.22229284 37.56840617
 37.9145195  38.26063283 38.60674616 38.9528595  39.29897283 39.64508616
 39.99119949]	
[29.6078] [39.9912]
[31.8121] [39.8459]

84
[29.41049957 29.75713628 30.10377299 30.4504097  30.79704641 31.14368312
 31.49031982 31.83695653 32.18359324 32.53022995 32.87686666 33.22350337
 33.57014008 33.91677678 34.26341349 34.6100502  34.95668691 35.30332362
 35.64996033 35.99659704 36.34323374 36.68987045 37.03650716 37.38314387
 37.72978058 38.07641729 38.423054   38.7696907  39.11632741 39.46296412
 39.80960083]	
[29.4105] [39.8096]
[31.8439] [None]

85
[28.60409927 28.98150597 29.35891266 29.73631935 30.11372604 30.49113274
 30.86853943 31.24594612 31.62335281 32.00075951 32.3781662  32.75557289
 33.13297958 33.51038628 33.88779297 34.26519966 34.64260635 35.02001305
 35.39741974 35.77482643 36.15223312 36.52963982 36.90704651 37.2844532
 37.66185989 38.03926659 38.41667328 38.79407997 39.17148666 39.54889336
 39.92630005]	
[28.6041] [39.9263]
[31.9067] [None]

86
[29.64599991 29.98448652 30.32297312 30.66145973 30.99994634 31.33843295
 31.67691956 32.01540616 32.35389277 32.69237938 33.03086599 33.3693526
 33.7078392  34.04632581 34.38481242 34.72329903 35.06178563 35.40027224
 35.73875885 36.07724546 36.41573207 36.75421867 37.09270528 37.43119189
 37.7696785  38.10816511 38.44665171 38.78513832 39.12362493 39.46211154
 39.80059814]	
[29.646] [39.8006]
[31.6454] [39.7135]

87
[27.32130051 27.74295718 28.16461385 28.58627052 29.0079272  29.42958387
 29.85124054 30.27289721 30.69455388 31.11621056 31.53786723 31.9595239
 32.38118057 32.80283724 33.22449392 33.64615059 34.06780726 34.48946393
 34.91112061 35.33277728 35.75443395 36.17609062 36.59774729 37.01940397
 37.44106064 37.86271731 38.28437398 38.70603065 39.12768733 39.549344
 39.97100067]	
[27.3213] [39.971]
[30.4585] [39.6347]

88
[29.10009956 29.46174959 29.82339961 30.18504963 30.54669965 30.90834967
 31.26999969 31.63164972 31.99329974 32.35494976 32.71659978 33.0782498
 33.43989983 33.80154985 34.16319987 34.52484989 34.88649991 35.24814994
 35.60979996 35.97144998 36.3331     36.69475002 37.05640004 37.41805007
 37.77970009 38.14135011 38.50300013 38.86465015 39.22630018 39.5879502
 39.94960022]	
[29.1001] [39.9496]
[31.4134] [39.6928]

89
[30.30360031 30.62016691 30.9367335  31.25330009 31.56986669 31.88643328
 32.20299988 32.51956647 32.83613307 33.15269966 33.46926626 33.78583285
 34.10239944 34.41896604 34.73553263 35.05209923 35.36866582 35.68523242
 36.00179901 36.31836561 36.6349322  36.95149879 37.26806539 37.58463198
 37.90119858 38.21776517 38.53433177 38.85089836 39.16746496 39.48403155
 39.80059814]	
[30.3036] [39.8006]
[30.8567] [39.2918]

90
[28.25090027 28.64069697 29.03049367 29.42029037 29.81008708 30.19988378
 30.58968048 30.97947718 31.36927389 31.75907059 32.14886729 32.53866399
 32.92846069 33.3182574  33.7080541  34.0978508  34.4876475  34.8774442
 35.26724091 35.65703761 36.04683431 36.43663101 36.82642771 37.21622442
 37.60602112 37.99581782 38.38561452 38.77541122 39.16520793 39.55500463
 39.94480133]	
[28.2509] [39.9448]
[31.7058] [None]

91
[30.32959938 30.64937267 30.96914597 31.28891926 31.60869255 31.92846584
 32.24823914 32.56801243 32.88778572 33.20755901 33.52733231 33.8471056
 34.16687889 34.48665218 34.80642548 35.12619877 35.44597206 35.76574535
 36.08551865 36.40529194 36.72506523 37.04483852 37.36461182 37.68438511
 38.0041584  38.32393169 38.64370499 38.96347828 39.28325157 39.60302486
 39.92279816]	
[30.3296] [39.9228]
[31.6239] [39.8689]

92
[29.91609955 30.25017293 30.58424632 30.9183197  31.25239309 31.58646647
 31.92053986 32.25461324 32.58868663 32.92276001 33.25683339 33.59090678
 33.92498016 34.25905355 34.59312693 34.92720032 35.2612737  35.59534709
 35.92942047 36.26349386 36.59756724 36.93164062 37.26571401 37.59978739
 37.93386078 38.26793416 38.60200755 38.93608093 39.27015432 39.6042277
 39.93830109]	
[29.9161] [39.9383]
[31.3505] [None]

93
[28.04369926 28.43799597 28.83229268 29.22658939 29.6208861  30.01518281
 30.40947952 30.80377623 31.19807294 31.59236965 31.98666636 32.38096307
 32.77525978 33.16955649 33.5638532  33.95814991 34.35244662 34.74674333
 35.14104004 35.53533675 35.92963346 36.32393017 36.71822688 37.11252359
 37.5068203  37.90111701 38.29541372 38.68971043 39.08400714 39.47830385
 39.87260056]	
[28.0437] [39.8726]
[31.4564] [None]

94
[28.25399971 28.63633976 29.01867981 29.40101986 29.78335991 30.16569996
 30.54804001 30.93038006 31.31272011 31.69506016 32.07740021 32.45974026
 32.84208031 33.22442036 33.60676041 33.98910046 34.37144051 34.75378056
 35.13612061 35.51846066 35.9008007  36.28314075 36.6654808  37.04782085
 37.4301609  37.81250095 38.194841   38.57718105 38.9595211  39.34186115
 39.7242012 ]	
[28.254] [39.7242]
[32.2354] [39.6606]

95
[29.10079956 29.4603363  29.81987305 30.17940979 30.53894653 30.89848328
 31.25802002 31.61755676 31.97709351 32.33663025 32.69616699 33.05570374
 33.41524048 33.77477722 34.13431396 34.49385071 34.85338745 35.21292419
 35.57246094 35.93199768 36.29153442 36.65107117 37.01060791 37.37014465
 37.7296814  38.08921814 38.44875488 38.80829163 39.16782837 39.52736511
 39.88690186]	
[29.1008] [39.8869]
[30.8509] [None]

96
[27.72360039 28.13153706 28.53947372 28.94741039 29.35534706 29.76328373
 30.1712204  30.57915707 30.98709373 31.3950304  31.80296707 32.21090374
 32.61884041 33.02677708 33.43471375 33.84265041 34.25058708 34.65852375
 35.06646042 35.47439709 35.88233376 36.29027042 36.69820709 37.10614376
 37.51408043 37.9220171  38.32995377 38.73789043 39.1458271  39.55376377
 39.96170044]	
[27.7236] [39.9617]
[30.695] [39.9049]

97
[28.51429939 28.89329942 29.27229945 29.65129948 30.0302995  30.40929953
 30.78829956 31.16729959 31.54629962 31.92529964 32.30429967 32.6832997
 33.06229973 33.44129976 33.82029978 34.19929981 34.57829984 34.95729987
 35.3362999  35.71529992 36.09429995 36.47329998 36.85230001 37.23130004
 37.61030006 37.98930009 38.36830012 38.74730015 39.12630018 39.5053002
 39.88430023]	
[28.5143] [39.8843]
[30.3696] [None]

98
[28.53190041 28.91016712 29.28843384 29.66670055 30.04496727 30.42323399
 30.8015007  31.17976742 31.55803413 31.93630085 32.31456757 32.69283428
 33.071101   33.44936771 33.82763443 34.20590115 34.58416786 34.96243458
 35.34070129 35.71896801 36.09723473 36.47550144 36.85376816 37.23203487
 37.61030159 37.98856831 38.36683502 38.74510174 39.12336845 39.50163517
 39.87990189]	
[28.5319] [39.8799]
[31.6144] [39.3998]

99
[27.83250046 28.23397382 28.63544718 29.03692055 29.43839391 29.83986727
 30.24134064 30.642814   31.04428736 31.44576073 31.84723409 32.24870745
 32.65018082 33.05165418 33.45312754 33.85460091 34.25607427 34.65754763
 35.059021   35.46049436 35.86196772 36.26344109 36.66491445 37.06638781
 37.46786118 37.86933454 38.2708079  38.67228127 39.07375463 39.47522799
 39.87670135]	
[27.8325] [39.8767]
[31.1028] [None]

100
[29.84729958 30.18513622 30.52297287 30.86080952 31.19864616 31.53648281
 31.87431946 32.21215611 32.54999275 32.8878294  33.22566605 33.56350269
 33.90133934 34.23917599 34.57701263 34.91484928 35.25268593 35.59052258
 35.92835922 36.26619587 36.60403252 36.94186916 37.27970581 37.61754246
 37.9553791  38.29321575 38.6310524  38.96888905 39.30672569 39.64456234
 39.98239899]	
[29.8473] [39.9824]
[31.3054] [39.8703]

101
[28.95809937 29.32043266 29.68276596 30.04509926 30.40743256 30.76976585
 31.13209915 31.49443245 31.85676575 32.21909904 32.58143234 32.94376564
 33.30609894 33.66843224 34.03076553 34.39309883 34.75543213 35.11776543
 35.48009872 35.84243202 36.20476532 36.56709862 36.92943192 37.29176521
 37.65409851 38.01643181 38.37876511 38.7410984  39.1034317  39.465765
 39.8280983 ]	
[28.9581] [39.8281]
[31.1368] [39.7816]

102
[27.96870041 28.3654171  28.76213379 29.15885048 29.55556717 29.95228386
 30.34900055 30.74571724 31.14243393 31.53915062 31.93586731 32.332584
 32.72930069 33.12601738 33.52273407 33.91945076 34.31616745 34.71288414
 35.10960083 35.50631752 35.90303421 36.2997509  36.69646759 37.09318428
 37.48990097 37.88661766 38.28333435 38.68005104 39.07676773 39.47348442
 39.87020111]	
[27.9687] [39.8702]
[30.312] [39.4884]

103
[28.32460022 28.71139692 29.09819361 29.48499031 29.87178701 30.2585837
 30.6453804  31.0321771  31.4189738  31.80577049 32.19256719 32.57936389
 32.96616058 33.35295728 33.73975398 34.12655067 34.51334737 34.90014407
 35.28694077 35.67373746 36.06053416 36.44733086 36.83412755 37.22092425
 37.60772095 37.99451764 38.38131434 38.76811104 39.15490774 39.54170443
 39.92850113]	
[28.3246] [39.9285]
[31.1517] [39.8442]

104
[28.14669991 28.54116993 28.93563995 29.33010998 29.72458    30.11905003
 30.51352005 30.90799007 31.3024601  31.69693012 32.09140015 32.48587017
 32.88034019 33.27481022 33.66928024 34.06375027 34.45822029 34.85269032
 35.24716034 35.64163036 36.03610039 36.43057041 36.82504044 37.21951046
 37.61398048 38.00845051 38.40292053 38.79739056 39.19186058 39.5863306
 39.98080063]	
[28.1467] [39.9808]
[28.4942] [39.8373]

105
[27.82719994 28.22383327 28.62046661 29.01709995 29.41373329 29.81036663
 30.20699997 30.60363331 31.00026665 31.39689999 31.79353333 32.19016666
 32.5868     32.98343334 33.38006668 33.77670002 34.17333336 34.5699667
 34.96660004 35.36323338 35.75986671 36.15650005 36.55313339 36.94976673
 37.34640007 37.74303341 38.13966675 38.53630009 38.93293343 39.32956676
 39.7262001 ]	
[27.8272] [39.7262]
[31.7592] [39.7256]

106
[28.12249947 28.50457617 28.88665288 29.26872959 29.6508063  30.03288301
 30.41495972 30.79703643 31.17911313 31.56118984 31.94326655 32.32534326
 32.70741997 33.08949668 33.47157338 33.85365009 34.2357268  34.61780351
 34.99988022 35.38195693 35.76403364 36.14611034 36.52818705 36.91026376
 37.29234047 37.67441718 38.05649389 38.43857059 38.8206473  39.20272401
 39.58480072]	
[28.1225] [39.5848]
[30.2716] [None]

107
[27.75099945 28.15636953 28.5617396  28.96710968 29.37247976 29.77784983
 30.18321991 30.58858999 30.99396006 31.39933014 31.80470022 32.21007029
 32.61544037 33.02081045 33.42618052 33.8315506  34.23692067 34.64229075
 35.04766083 35.4530309  35.85840098 36.26377106 36.66914113 37.07451121
 37.47988129 37.88525136 38.29062144 38.69599152 39.10136159 39.50673167
 39.91210175]	
[27.751] [39.9121]
[32.1174] [38.881]

108
[28.89669991 29.26374658 29.63079325 29.99783993 30.3648866  30.73193328
 31.09897995 31.46602662 31.8330733  32.20011997 32.56716665 32.93421332
 33.30125999 33.66830667 34.03535334 34.40240002 34.76944669 35.13649336
 35.50354004 35.87058671 36.23763339 36.60468006 36.97172674 37.33877341
 37.70582008 38.07286676 38.43991343 38.80696011 39.17400678 39.54105345
 39.90810013]	
[28.8967] [39.9081]
[30.3522] [None]

109
[27.9204998  28.32102311 28.72154643 29.12206974 29.52259305 29.92311637
 30.32363968 30.72416299 31.1246863  31.52520962 31.92573293 32.32625624
 32.72677956 33.12730287 33.52782618 33.92834949 34.32887281 34.72939612
 35.12991943 35.53044275 35.93096606 36.33148937 36.73201269 37.132536
 37.53305931 37.93358262 38.33410594 38.73462925 39.13515256 39.53567588
 39.93619919]	
[27.9205] [39.9362]
[31.8432] [39.796]

110
[28.16589928 28.55449924 28.94309921 29.33169918 29.72029915 30.10889912
 30.49749908 30.88609905 31.27469902 31.66329899 32.05189896 32.44049892
 32.82909889 33.21769886 33.60629883 33.9948988  34.38349876 34.77209873
 35.1606987  35.54929867 35.93789864 36.3264986  36.71509857 37.10369854
 37.49229851 37.88089848 38.26949844 38.65809841 39.04669838 39.43529835
 39.82389832]	
[28.1659] [39.8239]
[31.7418] [None]

111
[29.38389969 29.72457631 30.06525294 30.40592957 30.74660619 31.08728282
 31.42795944 31.76863607 32.10931269 32.44998932 32.79066594 33.13134257
 33.4720192  33.81269582 34.15337245 34.49404907 34.8347257  35.17540232
 35.51607895 35.85675557 36.1974322  36.53810883 36.87878545 37.21946208
 37.5601387  37.90081533 38.24149195 38.58216858 38.9228452  39.26352183
 39.60419846]	
[29.3839] [39.6042]
[29.746] [39.4732]

112
[27.83270073 28.223154   28.61360728 29.00406055 29.39451383 29.7849671
 30.17542038 30.56587365 30.95632693 31.3467802  31.73723348 32.12768675
 32.51814003 32.9085933  33.29904658 33.68949986 34.07995313 34.47040641
 34.86085968 35.25131296 35.64176623 36.03221951 36.42267278 36.81312606
 37.20357933 37.59403261 37.98448588 38.37493916 38.76539243 39.15584571
 39.54629898]	
[27.8327] [39.5463]
[30.383] [39.2914]

113
[29.19549942 29.54706612 29.89863281 30.25019951 30.6017662  30.9533329
 31.3048996  31.65646629 32.00803299 32.35959969 32.71116638 33.06273308
 33.41429977 33.76586647 34.11743317 34.46899986 34.82056656 35.17213326
 35.52369995 35.87526665 36.22683334 36.57840004 36.92996674 37.28153343
 37.63310013 37.98466682 38.33623352 38.68780022 39.03936691 39.39093361
 39.74250031]	
[29.1955] [39.7425]
[29.8973] [39.6716]

114
[29.09900093 29.44771417 29.79642741 30.14514065 30.49385389 30.84256713
 31.19128036 31.5399936  31.88870684 32.23742008 32.58613332 32.93484656
 33.2835598  33.63227304 33.98098628 34.32969952 34.67841276 35.02712599
 35.37583923 35.72455247 36.07326571 36.42197895 36.77069219 37.11940543
 37.46811867 37.81683191 38.16554515 38.51425838 38.86297162 39.21168486
 39.5603981 ]	
[29.099] [39.5604]
[30.2595] [None]

115
[28.72060013 29.08648351 29.45236689 29.81825027 30.18413366 30.55001704
 30.91590042 31.2817838  31.64766719 32.01355057 32.37943395 32.74531733
 33.11120071 33.4770841  33.84296748 34.20885086 34.57473424 34.94061762
 35.30650101 35.67238439 36.03826777 36.40415115 36.77003454 37.13591792
 37.5018013  37.86768468 38.23356806 38.59945145 38.96533483 39.33121821
 39.69710159]	
[28.7206] [39.6971]
[30.3889] [39.3951]

116
[28.59910011 28.96924013 29.33938014 29.70952015 30.07966016 30.44980017
 30.81994019 31.1900802  31.56022021 31.93036022 32.30050023 32.67064025
 33.04078026 33.41092027 33.78106028 34.15120029 34.52134031 34.89148032
 35.26162033 35.63176034 36.00190036 36.37204037 36.74218038 37.11232039
 37.4824604  37.85260042 38.22274043 38.59288044 38.96302045 39.33316046
 39.70330048]	
[28.5991] [39.7033]
[29.8203] [39.4397]

117
[27.82239914 28.2126358  28.60287247 28.99310913 29.38334579 29.77358246
 30.16381912 30.55405579 30.94429245 31.33452911 31.72476578 32.11500244
 32.50523911 32.89547577 33.28571243 33.6759491  34.06618576 34.45642242
 34.84665909 35.23689575 35.62713242 36.01736908 36.40760574 36.79784241
 37.18807907 37.57831573 37.9685524  38.35878906 38.74902573 39.13926239
 39.52949905]	
[27.8224] [39.5295]
[31.4061] [39.4476]

118
[26.39730072 26.84716403 27.29702733 27.74689064 28.19675395 28.64661725
 29.09648056 29.54634387 29.99620717 30.44607048 30.89593379 31.34579709
 31.7956604  32.24552371 32.69538701 33.14525032 33.59511363 34.04497693
 34.49484024 34.94470355 35.39456685 35.84443016 36.29429347 36.74415677
 37.19402008 37.64388339 38.09374669 38.54361    38.99347331 39.44333661
 39.89319992]	
[26.3973] [39.8932]
[31.6225] [39.8926]

119
[26.74309921 27.18206596 27.62103271 28.05999947 28.49896622 28.93793297
 29.37689972 29.81586647 30.25483322 30.69379997 31.13276672 31.57173347
 32.01070023 32.44966698 32.88863373 33.32760048 33.76656723 34.20553398
 34.64450073 35.08346748 35.52243423 35.96140099 36.40036774 36.83933449
 37.27830124 37.71726799 38.15623474 38.59520149 39.03416824 39.47313499
 39.91210175]	
[26.7431] [39.9121]
[29.2749] [38.671]

120
[26.91460037 27.34367371 27.77274704 28.20182037 28.63089371 29.05996704
 29.48904037 29.91811371 30.34718704 30.77626038 31.20533371 31.63440704
 32.06348038 32.49255371 32.92162704 33.35070038 33.77977371 34.20884705
 34.63792038 35.06699371 35.49606705 35.92514038 36.35421371 36.78328705
 37.21236038 37.64143372 38.07050705 38.49958038 38.92865372 39.35772705
 39.78680038]	
[26.9146] [39.7868]
[32.6525] [39.2944]

121
[28.0571003  28.44937356 28.84164683 29.2339201  29.62619336 30.01846663
 30.4107399  30.80301317 31.19528643 31.5875597  31.97983297 32.37210623
 32.7643795  33.15665277 33.54892604 33.9411993  34.33347257 34.72574584
 35.1180191  35.51029237 35.90256564 36.29483891 36.68711217 37.07938544
 37.47165871 37.86393197 38.25620524 38.64847851 39.04075178 39.43302504
 39.82529831]	
[28.0571] [39.8253]
[31.8003] [None]

122
[27.30190086 27.71642755 28.13095423 28.54548092 28.9600076  29.37453429
 29.78906097 30.20358766 30.61811434 31.03264103 31.44716771 31.8616944
 32.27622108 32.69074777 33.10527445 33.51980114 33.93432782 34.34885451
 34.7633812  35.17790788 35.59243457 36.00696125 36.42148794 36.83601462
 37.25054131 37.66506799 38.07959468 38.49412136 38.90864805 39.32317473
 39.73770142]	
[27.3019] [39.7377]
[29.7513] [None]

123
[27.57869911 27.97721246 28.37572581 28.77423916 29.17275251 29.57126586
 29.96977921 30.36829255 30.7668059  31.16531925 31.5638326  31.96234595
 32.3608593  32.75937265 33.157886   33.55639935 33.95491269 34.35342604
 34.75193939 35.15045274 35.54896609 35.94747944 36.34599279 36.74450614
 37.14301949 37.54153283 37.94004618 38.33855953 38.73707288 39.13558623
 39.53409958]	
[27.5787] [39.5341]
[31.4904] [39.4795]

124
[27.9015007  28.2918574  28.6822141  29.0725708  29.4629275  29.8532842
 30.2436409  30.6339976  31.0243543  31.414711   31.8050677  32.1954244
 32.5857811  32.9761378  33.3664945  33.7568512  34.1472079  34.5375646
 34.9279213  35.31827799 35.70863469 36.09899139 36.48934809 36.87970479
 37.27006149 37.66041819 38.05077489 38.44113159 38.83148829 39.22184499
 39.61220169]	
[27.9015] [39.6122]
[30.4644] [None]

125
[27.39299965 27.81193968 28.23087972 28.64981976 29.06875979 29.48769983
 29.90663986 30.3255799  30.74451993 31.16345997 31.5824     32.00134004
 32.42028008 32.83922011 33.25816015 33.67710018 34.09604022 34.51498025
 34.93392029 35.35286032 35.77180036 36.19074039 36.60968043 37.02862047
 37.4475605  37.86650054 38.28544057 38.70438061 39.12332064 39.54226068
 39.96120071]	
[27.393] [39.9612]
[31.2677] [39.5434]

126
[27.5135994  27.91703275 28.32046611 28.72389946 29.12733281 29.53076617
 29.93419952 30.33763288 30.74106623 31.14449959 31.54793294 31.9513663
 32.35479965 32.75823301 33.16166636 33.56509972 33.96853307 34.37196643
 34.77539978 35.17883313 35.58226649 35.98569984 36.3891332  36.79256655
 37.19599991 37.59943326 38.00286662 38.40629997 38.80973333 39.21316668
 39.61660004]	
[27.5136] [39.6166]
[31.5996] [None]

127
[28.64380074 29.00022742 29.3566541  29.71308079 30.06950747 30.42593416
 30.78236084 31.13878752 31.49521421 31.85164089 32.20806758 32.56449426
 32.92092094 33.27734763 33.63377431 33.990201   34.34662768 34.70305436
 35.05948105 35.41590773 35.77233442 36.1287611  36.48518778 36.84161447
 37.19804115 37.55446784 37.91089452 38.26732121 38.62374789 38.98017457
 39.33660126]	
[28.6438] [39.3366]
[31.4164] [None]

128
[25.38479996 25.87186661 26.35893326 26.84599991 27.33306656 27.82013321
 28.30719986 28.79426651 29.28133316 29.76839981 30.25546646 30.74253311
 31.22959976 31.71666641 32.20373306 32.69079971 33.17786636 33.66493301
 34.15199966 34.63906631 35.12613297 35.61319962 36.10026627 36.58733292
 37.07439957 37.56146622 38.04853287 38.53559952 39.02266617 39.50973282
 39.99679947]	
[25.3848] [39.9968]
[31.1985] [None]

129
[27.34889984 27.7671065  28.18531316 28.60351982 29.02172648 29.43993314
 29.8581398  30.27634646 30.69455312 31.11275978 31.53096644 31.9491731
 32.36737976 32.78558642 33.20379308 33.62199974 34.0402064  34.45841306
 34.87661972 35.29482638 35.71303304 36.1312397  36.54944636 36.96765302
 37.38585968 37.80406634 38.222273   38.64047966 39.05868632 39.47689298
 39.89509964]	
[27.3489] [39.8951]
[32.2542] [None]

130
[26.44260025 26.87836685 27.31413345 27.74990005 28.18566666 28.62143326
 29.05719986 29.49296646 29.92873306 30.36449966 30.80026627 31.23603287
 31.67179947 32.10756607 32.54333267 32.97909927 33.41486588 33.85063248
 34.28639908 34.72216568 35.15793228 35.59369888 36.02946548 36.46523209
 36.90099869 37.33676529 37.77253189 38.20829849 38.64406509 39.0798317
 39.5155983 ]	
[26.4426] [39.5156]
[29.8162] [None]

131
[27.52039909 27.93120581 28.34201253 28.75281925 29.16362597 29.57443269
 29.98523941 30.39604613 30.80685285 31.21765957 31.62846629 32.03927301
 32.45007973 32.86088645 33.27169317 33.68249989 34.09330661 34.50411332
 34.91492004 35.32572676 35.73653348 36.1473402  36.55814692 36.96895364
 37.37976036 37.79056708 38.2013738  38.61218052 39.02298724 39.43379396
 39.84460068]	
[27.5204] [39.8446]
[27.89] [39.6997]

132
[25.42760086 25.89508756 26.36257426 26.83006096 27.29754766 27.76503436
 28.23252106 28.70000776 29.16749446 29.63498116 30.10246785 30.56995455
 31.03744125 31.50492795 31.97241465 32.43990135 32.90738805 33.37487475
 33.84236145 34.30984815 34.77733485 35.24482155 35.71230825 36.17979495
 36.64728165 37.11476835 37.58225505 38.04974174 38.51722844 38.98471514
 39.45220184]	
[25.4276] [39.4522]
[31.0568] [None]

133
[26.06259918 26.5194725  26.97634583 27.43321915 27.89009247 28.34696579
 28.80383911 29.26071243 29.71758575 30.17445908 30.6313324  31.08820572
 31.54507904 32.00195236 32.45882568 32.91569901 33.37257233 33.82944565
 34.28631897 34.74319229 35.20006561 35.65693893 36.11381226 36.57068558
 37.0275589  37.48443222 37.94130554 38.39817886 38.85505219 39.31192551
 39.76879883]	
[26.0626] [39.7688]
[32.5526] [None]

134
[24.77519989 25.28090986 25.78661982 26.29232979 26.79803975 27.30374972
 27.80945969 28.31516965 28.82087962 29.32658958 29.83229955 30.33800952
 30.84371948 31.34942945 31.85513941 32.36084938 32.86655935 33.37226931
 33.87797928 34.38368924 34.88939921 35.39510918 35.90081914 36.40652911
 36.91223907 37.41794904 37.92365901 38.42936897 38.93507894 39.4407889
 39.94649887]	
[24.7752] [39.9465]
[32.5804] [39.8206]

135
[26.33399963 26.7857797  27.23755976 27.68933983 28.14111989 28.59289996
 29.04468002 29.49646009 29.94824015 30.40002022 30.85180028 31.30358035
 31.75536041 32.20714048 32.65892054 33.11070061 33.56248067 34.01426074
 34.4660408  34.91782087 35.36960093 35.821381   36.27316106 36.72494113
 37.17672119 37.62850126 38.08028132 38.53206139 38.98384145 39.43562152
 39.88740158]	
[26.334] [39.8874]
[31.7164] [None]

136
[26.9484005  27.36335049 27.77830048 28.19325047 28.60820045 29.02315044
 29.43810043 29.85305042 30.26800041 30.6829504  31.09790039 31.51285038
 31.92780037 32.34275036 32.75770035 33.17265034 33.58760033 34.00255032
 34.41750031 34.83245029 35.24740028 35.66235027 36.07730026 36.49225025
 36.90720024 37.32215023 37.73710022 38.15205021 38.5670002  38.98195019
 39.39690018]	
[26.9484] [39.3969]
[31.0977] [None]

137
[25.74720001 26.22146339 26.69572678 27.16999016 27.64425354 28.11851692
 28.5927803  29.06704369 29.54130707 30.01557045 30.48983383 30.96409721
 31.4383606  31.91262398 32.38688736 32.86115074 33.33541412 33.80967751
 34.28394089 34.75820427 35.23246765 35.70673103 36.18099442 36.6552578
 37.12952118 37.60378456 38.07804794 38.55231133 39.02657471 39.50083809
 39.97510147]	
[25.7472] [39.9751]
[30.0282] [39.1713]

138
[27.99880028 28.38991362 28.78102697 29.17214031 29.56325366 29.954367
 30.34548035 30.73659369 31.12770704 31.51882038 31.90993373 32.30104707
 32.69216042 33.08327376 33.47438711 33.86550045 34.25661379 34.64772714
 35.03884048 35.42995383 35.82106717 36.21218052 36.60329386 36.99440721
 37.38552055 37.7766339  38.16774724 38.55886059 38.94997393 39.34108728
 39.73220062]	
[27.9988] [39.7322]
[31.4702] [39.6687]

139
[27.52050018 27.92523346 28.32996674 28.73470001 29.13943329 29.54416656
 29.94889984 30.35363312 30.75836639 31.16309967 31.56783295 31.97256622
 32.3772995  32.78203278 33.18676605 33.59149933 33.9962326  34.40096588
 34.80569916 35.21043243 35.61516571 36.01989899 36.42463226 36.82936554
 37.23409882 37.63883209 38.04356537 38.44829865 38.85303192 39.2577652
 39.66249847]	
[27.5205] [39.6625]
[30.7104] [39.3558]

140
[28.12789917 28.52270253 28.9175059  29.31230927 29.70711263 30.101916
 30.49671936 30.89152273 31.28632609 31.68112946 32.07593282 32.47073619
 32.86553955 33.26034292 33.65514628 34.04994965 34.44475301 34.83955638
 35.23435974 35.62916311 36.02396647 36.41876984 36.8135732  37.20837657
 37.60317993 37.9979833  38.39278666 38.78759003 39.18239339 39.57719676
 39.97200012]	
[28.1279] [39.972]
[31.8612] [38.7254]

141
[28.77169991 29.13180319 29.49190648 29.85200977 30.21211306 30.57221635
 30.93231964 31.29242293 31.65252622 32.01262951 32.3727328  32.73283609
 33.09293938 33.45304267 33.81314596 34.17324924 34.53335253 34.89345582
 35.25355911 35.6136624  35.97376569 36.33386898 36.69397227 37.05407556
 37.41417885 37.77428214 38.13438543 38.49448872 38.85459201 39.21469529
 39.57479858]	
[28.7717] [39.5748]
[31.8143] [39.4642]

142
[27.05750084 27.48162746 27.90575409 28.32988071 28.75400734 29.17813396
 29.60226059 30.02638721 30.45051384 30.87464046 31.29876709 31.72289371
 32.14702034 32.57114697 32.99527359 33.41940022 33.84352684 34.26765347
 34.69178009 35.11590672 35.54003334 35.96415997 36.38828659 36.81241322
 37.23653984 37.66066647 38.08479309 38.50891972 38.93304634 39.35717297
 39.78129959]	
[27.0575] [39.7813]
[32.1097] [39.4214]

143
[27.61580086 28.02020753 28.42461421 28.82902088 29.23342756 29.63783423
 30.04224091 30.44664758 30.85105426 31.25546093 31.6598676  32.06427428
 32.46868095 32.87308763 33.2774943  33.68190098 34.08630765 34.49071433
 34.895121   35.29952768 35.70393435 36.10834103 36.5127477  36.91715438
 37.32156105 37.72596773 38.1303744  38.53478107 38.93918775 39.34359442
 39.7480011 ]	
[27.6158] [39.748]
[32.5869] [39.409]

144
[27.22089958 27.63986632 28.05883306 28.4777998  28.89676654 29.31573327
 29.73470001 30.15366675 30.57263349 30.99160023 31.41056697 31.8295337
 32.24850044 32.66746718 33.08643392 33.50540066 33.9243674  34.34333413
 34.76230087 35.18126761 35.60023435 36.01920109 36.43816783 36.85713456
 37.2761013  37.69506804 38.11403478 38.53300152 38.95196826 39.370935
 39.78990173]	
[27.2209] [39.7899]
[32.1034] [39.7339]

145
[26.92060089 27.3391908  27.75778071 28.17637062 28.59496053 29.01355044
 29.43214035 29.85073026 30.26932017 30.68791008 31.10649999 31.5250899
 31.94367981 32.36226972 32.78085963 33.19944954 33.61803945 34.03662936
 34.45521927 34.87380918 35.29239909 35.710989   36.12957891 36.54816882
 36.96675873 37.38534864 37.80393855 38.22252846 38.64111837 39.05970828
 39.47829819]	
[26.9206] [39.4783]
[31.9067] [38.7]

146
[28.02090073 28.41911736 28.81733398 29.21555061 29.61376724 30.01198387
 30.4102005  30.80841713 31.20663376 31.60485039 32.00306702 32.40128365
 32.79950027 33.1977169  33.59593353 33.99415016 34.39236679 34.79058342
 35.18880005 35.58701668 35.98523331 36.38344994 36.78166656 37.17988319
 37.57809982 37.97631645 38.37453308 38.77274971 39.17096634 39.56918297
 39.9673996 ]	
[28.0209] [39.9674]
[31.2965] [39.9036]

147
[27.81170082 28.21607075 28.62044067 29.0248106  29.42918053 29.83355045
 30.23792038 30.64229031 31.04666023 31.45103016 31.85540009 32.25977001
 32.66413994 33.06850986 33.47287979 33.87724972 34.28161964 34.68598957
 35.0903595  35.49472942 35.89909935 36.30346928 36.7078392  37.11220913
 37.51657906 37.92094898 38.32531891 38.72968884 39.13405876 39.53842869
 39.94279861]	
[27.8117] [39.9428]
[32.2714] [None]

148
[27.02680016 27.45730343 27.8878067  28.31830997 28.74881325 29.17931652
 29.60981979 30.04032307 30.47082634 30.90132961 31.33183289 31.76233616
 32.19283943 32.6233427  33.05384598 33.48434925 33.91485252 34.3453558
 34.77585907 35.20636234 35.63686562 36.06736889 36.49787216 36.92837543
 37.35887871 37.78938198 38.21988525 38.65038853 39.0808918  39.51139507
 39.94189835]	
[27.0268] [39.9419]
[31.0207] [None]

149
[25.36310005 25.84261672 26.32213338 26.80165005 27.28116671 27.76068338
 28.24020004 28.71971671 29.19923337 29.67875004 30.1582667  30.63778337
 31.11730003 31.5968167  32.07633336 32.55585003 33.03536669 33.51488336
 33.99440002 34.47391669 34.95343335 35.43295002 35.91246668 36.39198335
 36.87150002 37.35101668 37.83053335 38.31005001 38.78956668 39.26908334
 39.74860001]	
[25.3631] [39.7486]
[30.971] [None]

150
[28.78770065 29.15265401 29.51760737 29.88256073 30.24751409 30.61246745
 30.97742081 31.34237417 31.70732752 32.07228088 32.43723424 32.8021876
 33.16714096 33.53209432 33.89704768 34.26200104 34.6269544  34.99190776
 35.35686111 35.72181447 36.08676783 36.45172119 36.81667455 37.18162791
 37.54658127 37.91153463 38.27648799 38.64144135 39.0063947  39.37134806
 39.73630142]	
[28.7877] [39.7363]
[29.5808] [39.5755]

151
[27.08099937 27.51147277 27.94194616 28.37241955 28.80289294 29.23336633
 29.66383972 30.09431311 30.5247865  30.9552599  31.38573329 31.81620668
 32.24668007 32.67715346 33.10762685 33.53810024 33.96857363 34.39904703
 34.82952042 35.25999381 35.6904672  36.12094059 36.55141398 36.98188737
 37.41236076 37.84283415 38.27330755 38.70378094 39.13425433 39.56472772
 39.99520111]	
[27.081] [39.9952]
[32.0439] [39.8091]

152
[27.77759933 28.18306936 28.58853938 28.9940094  29.39947942 29.80494944
 30.21041946 30.61588949 31.02135951 31.42682953 31.83229955 32.23776957
 32.64323959 33.04870962 33.45417964 33.85964966 34.26511968 34.6705897
 35.07605972 35.48152974 35.88699977 36.29246979 36.69793981 37.10340983
 37.50887985 37.91434987 38.3198199  38.72528992 39.13075994 39.53622996
 39.94169998]	
[27.7776] [39.9417]
[31.5371] [38.7833]

153
[28.14419937 28.535186   28.92617264 29.31715927 29.7081459  30.09913254
 30.49011917 30.8811058  31.27209244 31.66307907 32.0540657  32.44505234
 32.83603897 33.2270256  33.61801224 34.00899887 34.3999855  34.79097214
 35.18195877 35.5729454  35.96393204 36.35491867 36.7459053  37.13689194
 37.52787857 37.9188652  38.30985184 38.70083847 39.0918251  39.48281174
 39.87379837]	
[28.1442] [39.8738]
[30.9835] [39.8703]

154
[27.23399925 27.65900262 28.08400599 28.50900936 28.93401273 29.3590161
 29.78401947 30.20902284 30.63402621 31.05902958 31.48403295 31.90903632
 32.33403969 32.75904306 33.18404643 33.6090498  34.03405317 34.45905654
 34.88405991 35.30906328 35.73406665 36.15907001 36.58407338 37.00907675
 37.43408012 37.85908349 38.28408686 38.70909023 39.1340936  39.55909697
 39.98410034]	
[27.234] [39.9841]
[31.182] [None]

155
[27.01239967 27.43544966 27.85849965 28.28154964 28.70459963 29.12764963
 29.55069962 29.97374961 30.3967996  30.81984959 31.24289958 31.66594957
 32.08899956 32.51204955 32.93509954 33.35814953 33.78119952 34.20424951
 34.6272995  35.05034949 35.47339948 35.89644947 36.31949946 36.74254945
 37.16559944 37.58864943 38.01169942 38.43474941 38.8577994  39.28084939
 39.70389938]	
[27.0124] [39.7039]
[31.425] [39.5244]

156
[26.42060089 26.84589755 27.2711942  27.69649086 28.12178752 28.54708417
 28.97238083 29.39767749 29.82297414 30.2482708  30.67356745 31.09886411
 31.52416077 31.94945742 32.37475408 32.80005074 33.22534739 33.65064405
 34.0759407  34.50123736 34.92653402 35.35183067 35.77712733 36.20242399
 36.62772064 37.0530173  37.47831395 37.90361061 38.32890727 38.75420392
 39.17950058]	
[26.4206] [39.1795]
[31.152] [38.9327]

157
[27.5795002  27.98806349 28.39662679 28.80519009 29.21375338 29.62231668
 30.03087997 30.43944327 30.84800657 31.25656986 31.66513316 32.07369645
 32.48225975 32.89082305 33.29938634 33.70794964 34.11651293 34.52507623
 34.93363953 35.34220282 35.75076612 36.15932941 36.56789271 36.97645601
 37.3850193  37.7935826  38.20214589 38.61070919 39.01927249 39.42783578
 39.83639908]	
[27.5795] [39.8364]
[31.7776] [39.0287]

158
[25.54560089 26.02274424 26.49988759 26.97703094 27.4541743  27.93131765
 28.408461   28.88560435 29.3627477  29.83989105 30.3170344  30.79417775
 31.27132111 31.74846446 32.22560781 32.70275116 33.17989451 33.65703786
 34.13418121 34.61132456 35.08846792 35.56561127 36.04275462 36.51989797
 36.99704132 37.47418467 37.95132802 38.42847137 38.90561473 39.38275808
 39.85990143]	
[25.5456] [39.8599]
[31.966] [None]

159
[27.40699959 27.81897297 28.23094635 28.64291973 29.05489311 29.46686649
 29.87883987 30.29081326 30.70278664 31.11476002 31.5267334  31.93870678
 32.35068016 32.76265354 33.17462692 33.5866003  33.99857368 34.41054707
 34.82252045 35.23449383 35.64646721 36.05844059 36.47041397 36.88238735
 37.29436073 37.70633411 38.1183075  38.53028088 38.94225426 39.35422764
 39.76620102]	
[27.407] [39.7662]
[31.7884] [39.644]

160
[25.52000046 25.99467049 26.46934052 26.94401054 27.41868057 27.8933506
 28.36802063 28.84269066 29.31736069 29.79203072 30.26670074 30.74137077
 31.2160408  31.69071083 32.16538086 32.64005089 33.11472092 33.58939095
 34.06406097 34.538731   35.01340103 35.48807106 35.96274109 36.43741112
 36.91208115 37.38675117 37.8614212  38.33609123 38.81076126 39.28543129
 39.76010132]	
[25.52] [39.7601]
[32.4725] [None]

161
[26.36459923 26.80124925 27.23789927 27.67454929 28.11119932 28.54784934
 28.98449936 29.42114938 29.8577994  30.29444942 30.73109945 31.16774947
 31.60439949 32.04104951 32.47769953 32.91434956 33.35099958 33.7876496
 34.22429962 34.66094964 35.09759967 35.53424969 35.97089971 36.40754973
 36.84419975 37.28084977 37.7174998  38.15414982 38.59079984 39.02744986
 39.46409988]	
[26.3646] [39.4641]
[32.3569] [39.3388]

162
[26.73469925 27.16478933 27.5948794  28.02496948 28.45505956 28.88514964
 29.31523972 29.74532979 30.17541987 30.60550995 31.03560003 31.4656901
 31.89578018 32.32587026 32.75596034 33.18605042 33.61614049 34.04623057
 34.47632065 34.90641073 35.3365008  35.76659088 36.19668096 36.62677104
 37.05686111 37.48695119 37.91704127 38.34713135 38.77722143 39.2073115
 39.63740158]	
[26.7347] [39.6374]
[32.4866] [38.7781]

163
[26.25009918 26.69001592 27.12993266 27.5698494  28.00976613 28.44968287
 28.88959961 29.32951635 29.76943309 30.20934982 30.64926656 31.0891833
 31.52910004 31.96901677 32.40893351 32.84885025 33.28876699 33.72868373
 34.16860046 34.6085172  35.04843394 35.48835068 35.92826742 36.36818415
 36.80810089 37.24801763 37.68793437 38.1278511  38.56776784 39.00768458
 39.44760132]	
[26.2501] [39.4476]
[30.751] [39.3765]

164
[26.07740021 26.52587687 26.97435354 27.4228302  27.87130686 28.31978353
 28.76826019 29.21673686 29.66521352 30.11369019 30.56216685 31.01064351
 31.45912018 31.90759684 32.35607351 32.80455017 33.25302684 33.7015035
 34.14998016 34.59845683 35.04693349 35.49541016 35.94388682 36.39236348
 36.84084015 37.28931681 37.73779348 38.18627014 38.63474681 39.08322347
 39.53170013]	
[26.0774] [39.5317]
[31.1033] [39.3816]

165
[24.87360001 25.36624997 25.85889994 26.35154991 26.84419988 27.33684985
 27.82949982 28.32214979 28.81479975 29.30744972 29.80009969 30.29274966
 30.78539963 31.2780496  31.77069956 32.26334953 32.7559995  33.24864947
 33.74129944 34.23394941 34.72659938 35.21924934 35.71189931 36.20454928
 36.69719925 37.18984922 37.68249919 38.17514915 38.66779912 39.16044909
 39.65309906]	
[24.8736] [39.6531]
[31.48] [38.9116]

166
[26.0666008  26.51043078 26.95426076 27.39809074 27.84192073 28.28575071
 28.72958069 29.17341067 29.61724065 30.06107063 30.50490061 30.9487306
 31.39256058 31.83639056 32.28022054 32.72405052 33.1678805  33.61171048
 34.05554047 34.49937045 34.94320043 35.38703041 35.83086039 36.27469037
 36.71852036 37.16235034 37.60618032 38.0500103  38.49384028 38.93767026
 39.38150024]	
[26.0666] [39.3815]
[30.7343] [None]

167
[26.3913002  26.84461683 27.29793345 27.75125008 28.2045667  28.65788333
 29.11119995 29.56451658 30.0178332  30.47114983 30.92446645 31.37778308
 31.8310997  32.28441633 32.73773295 33.19104958 33.6443662  34.09768283
 34.55099945 35.00431608 35.4576327  35.91094933 36.36426595 36.81758258
 37.2708992  37.72421583 38.17753245 38.63084908 39.0841657  39.53748233
 39.99079895]	
[26.3913] [39.9908]
[30.0702] [39.1198]

168
[25.81949997 26.2815333  26.74356664 27.20559998 27.66763331 28.12966665
 28.59169998 29.05373332 29.51576665 29.97779999 30.43983332 30.90186666
 31.36389999 31.82593333 32.28796666 32.75       33.21203334 33.67406667
 34.13610001 34.59813334 35.06016668 35.52220001 35.98423335 36.44626668
 36.90830002 37.37033335 37.83236669 38.29440002 38.75643336 39.2184667
 39.68050003]	
[25.8195] [39.6805]
[31.8648] [39.6679]

169
[24.54249954 25.03845291 25.53440628 26.03035965 26.52631302 27.02226639
 27.51821976 28.01417313 28.5101265  29.00607986 29.50203323 29.9979866
 30.49393997 30.98989334 31.48584671 31.98180008 32.47775345 32.97370682
 33.46966019 33.96561356 34.46156693 34.95752029 35.45347366 35.94942703
 36.4453804  36.94133377 37.43728714 37.93324051 38.42919388 38.92514725
 39.42110062]	
[24.5425] [39.4211]
[28.2344] [39.3246]

170
[25.76759911 26.22417914 26.68075918 27.13733921 27.59391925 28.05049928
 28.50707932 28.96365935 29.42023938 29.87681942 30.33339945 30.78997949
 31.24655952 31.70313956 32.15971959 32.61629963 33.07287966 33.5294597
 33.98603973 34.44261977 34.8991998  35.35577984 35.81235987 36.26893991
 36.72551994 37.18209998 37.63868001 38.09526005 38.55184008 39.00842012
 39.46500015]	
[25.7676] [39.465]
[31.5542] [None]

171
[27.26230049 27.66983382 28.07736715 28.48490047 28.8924338  29.29996713
 29.70750046 30.11503379 30.52256711 30.93010044 31.33763377 31.7451671
 32.15270042 32.56023375 32.96776708 33.37530041 33.78283374 34.19036706
 34.59790039 35.00543372 35.41296705 35.82050037 36.2280337  36.63556703
 37.04310036 37.45063368 37.85816701 38.26570034 38.67323367 39.080767
 39.48830032]	
[27.2623] [39.4883]
[30.698] [39.4335]

172
[27.17950058 27.58290393 27.98630727 28.38971062 28.79311396 29.19651731
 29.59992065 30.003324   30.40672735 30.81013069 31.21353404 31.61693738
 32.02034073 32.42374407 32.82714742 33.23055077 33.63395411 34.03735746
 34.4407608  34.84416415 35.24756749 35.65097084 36.05437419 36.45777753
 36.86118088 37.26458422 37.66798757 38.07139091 38.47479426 38.87819761
 39.28160095]	
[27.1795] [39.2816]
[31.7026] [39.2574]

173
[26.39769936 26.82388935 27.25007935 27.67626934 28.10245934 28.52864933
 28.95483932 29.38102932 29.80721931 30.23340931 30.6595993  31.0857893
 31.51197929 31.93816929 32.36435928 32.79054928 33.21673927 33.64292927
 34.06911926 34.49530926 34.92149925 35.34768925 35.77387924 36.20006924
 36.62625923 37.05244923 37.47863922 37.90482922 38.33101921 38.75720921
 39.1833992 ]	
[26.3977] [39.1834]
[32.3704] [39.1036]

174
[26.10989952 26.55919285 27.00848618 27.4577795  27.90707283 28.35636616
 28.80565948 29.25495281 29.70424614 30.15353947 30.60283279 31.05212612
 31.50141945 31.95071278 32.4000061  32.84929943 33.29859276 33.74788609
 34.19717941 34.64647274 35.09576607 35.54505939 35.99435272 36.44364605
 36.89293938 37.3422327  37.79152603 38.24081936 38.69011269 39.13940601
 39.58869934]	
[26.1099] [39.5887]
[30.9331] [39.2398]

