Updating system with the options from the configuration file
Maximum wallclock time: 3 days, 0:00:00

Thu Mar 16 07:51:01 2023
Iteration 388 (500 requested)
Beginning iteration 388
112 segments remain in iteration 388 (112 total)
28 of 29 (96.551724%) active bins are populated
per-bin minimum non-zero probability:       1.34108e-14
per-bin maximum probability:                0.45612
per-bin probability dynamic range (kT):     31.1577
per-segment minimum non-zero probability:   3.3527e-15
per-segment maximum non-zero probability:   0.142941
per-segment probability dynamic range (kT): 31.3837
norm = 1, error in norm = -2.22045e-16 (-1*epsilon)
MAB binning in use
Bottleneck bin occupancy may not be accurately reported
Waiting for segments to complete...
Iteration completed successfully
Iteration wallclock: 0:29:30.443733, cputime: 1:07:25.015012


Thu Mar 16 08:20:32 2023
Iteration 389 (500 requested)
Beginning iteration 389
104 segments remain in iteration 389 (104 total)
26 of 29 (89.655172%) active bins are populated
per-bin minimum non-zero probability:       3.3527e-15
per-bin maximum probability:                0.291901
per-bin probability dynamic range (kT):     32.0977
per-segment minimum non-zero probability:   8.38175e-16
per-segment maximum non-zero probability:   0.135522
per-segment probability dynamic range (kT): 32.7167
norm = 1, error in norm = -2.22045e-16 (-1*epsilon)
MAB binning in use
Bottleneck bin occupancy may not be accurately reported
Waiting for segments to complete...
Iteration completed successfully
Iteration wallclock: 0:26:20.301475, cputime: 1:02:43.230315


Thu Mar 16 08:46:52 2023
Iteration 390 (500 requested)
Beginning iteration 390
104 segments remain in iteration 390 (104 total)
26 of 29 (89.655172%) active bins are populated
per-bin minimum non-zero probability:       8.38175e-16
per-bin maximum probability:                0.390713
per-bin probability dynamic range (kT):     33.7755
per-segment minimum non-zero probability:   2.09544e-16
per-segment maximum non-zero probability:   0.135522
per-segment probability dynamic range (kT): 34.103
norm = 1, error in norm = -2.22045e-16 (-1*epsilon)
MAB binning in use
Bottleneck bin occupancy may not be accurately reported
Waiting for segments to complete...
Iteration completed successfully
Iteration wallclock: 0:25:58.421065, cputime: 1:02:42.873936


Thu Mar 16 09:12:50 2023
Iteration 391 (500 requested)
Beginning iteration 391
104 segments remain in iteration 391 (104 total)
27 of 29 (93.103448%) active bins are populated
per-bin minimum non-zero probability:       5.00513e-15
per-bin maximum probability:                0.33384
per-bin probability dynamic range (kT):     31.8312
per-segment minimum non-zero probability:   1.25128e-15
per-segment maximum non-zero probability:   0.141056
per-segment probability dynamic range (kT): 32.356
norm = 1, error in norm = -1.11022e-16 (-0.5*epsilon)
MAB binning in use
Bottleneck bin occupancy may not be accurately reported
Waiting for segments to complete...
Iteration completed successfully
Iteration wallclock: 0:27:37.976014, cputime: 1:02:44.365323


Thu Mar 16 09:40:28 2023
Iteration 392 (500 requested)
Beginning iteration 392
108 segments remain in iteration 392 (108 total)
27 of 29 (93.103448%) active bins are populated
per-bin minimum non-zero probability:       1.25128e-15
per-bin maximum probability:                0.238105
per-bin probability dynamic range (kT):     32.8796
per-segment minimum non-zero probability:   3.1282e-16
per-segment maximum non-zero probability:   0.0803283
per-segment probability dynamic range (kT): 33.1793
norm = 1, error in norm = -2.22045e-16 (-1*epsilon)
MAB binning in use
Bottleneck bin occupancy may not be accurately reported
Waiting for segments to complete...
Iteration completed successfully
Iteration wallclock: 0:29:16.134905, cputime: 1:05:08.863074


Thu Mar 16 10:09:45 2023
Iteration 393 (500 requested)
Beginning iteration 393
104 segments remain in iteration 393 (104 total)
26 of 29 (89.655172%) active bins are populated
per-bin minimum non-zero probability:       3.1282e-16
per-bin maximum probability:                0.318074
per-bin probability dynamic range (kT):     34.5554
per-segment minimum non-zero probability:   7.82051e-17
per-segment maximum non-zero probability:   0.0782319
per-segment probability dynamic range (kT): 34.5391
norm = 1, error in norm = -1.11022e-16 (-0.5*epsilon)
MAB binning in use
Bottleneck bin occupancy may not be accurately reported
Waiting for segments to complete...
Iteration completed successfully
Iteration wallclock: 0:31:40.664067, cputime: 1:02:56.946864


Thu Mar 16 10:41:25 2023
Iteration 394 (500 requested)
Beginning iteration 394
104 segments remain in iteration 394 (104 total)
26 of 29 (89.655172%) active bins are populated
per-bin minimum non-zero probability:       7.82051e-17
per-bin maximum probability:                0.386051
per-bin probability dynamic range (kT):     36.1354
per-segment minimum non-zero probability:   1.95513e-17
per-segment maximum non-zero probability:   0.132972
per-segment probability dynamic range (kT): 36.4559
norm = 1, error in norm = -2.22045e-16 (-1*epsilon)
MAB binning in use
Bottleneck bin occupancy may not be accurately reported
Waiting for segments to complete...
Iteration completed successfully
Iteration wallclock: 0:30:29.191769, cputime: 1:02:41.113919


Thu Mar 16 11:11:54 2023
Iteration 395 (500 requested)
Beginning iteration 395
112 segments remain in iteration 395 (112 total)
28 of 29 (96.551724%) active bins are populated
per-bin minimum non-zero probability:       1.95513e-17
per-bin maximum probability:                0.337318
per-bin probability dynamic range (kT):     37.3868
per-segment minimum non-zero probability:   4.88782e-18
per-segment maximum non-zero probability:   0.104723
per-segment probability dynamic range (kT): 37.6033
norm = 1, error in norm = -2.22045e-16 (-1*epsilon)
MAB binning in use
Bottleneck bin occupancy may not be accurately reported
Waiting for segments to complete...
Iteration completed successfully
Iteration wallclock: 0:35:10.125705, cputime: 1:07:53.333653


Thu Mar 16 11:47:04 2023
Iteration 396 (500 requested)
Beginning iteration 396
108 segments remain in iteration 396 (108 total)
27 of 29 (93.103448%) active bins are populated
per-bin minimum non-zero probability:       4.88782e-18
per-bin maximum probability:                0.442495
per-bin probability dynamic range (kT):     39.0445
per-segment minimum non-zero probability:   1.22195e-18
per-segment maximum non-zero probability:   0.122959
per-segment probability dynamic range (kT): 39.1502
norm = 1, error in norm = -1.11022e-16 (-0.5*epsilon)
MAB binning in use
Bottleneck bin occupancy may not be accurately reported
Waiting for segments to complete...
Iteration completed successfully
Iteration wallclock: 0:31:54.238956, cputime: 1:05:11.778200


Thu Mar 16 12:18:59 2023
Iteration 397 (500 requested)
Beginning iteration 397
108 segments remain in iteration 397 (108 total)
27 of 29 (93.103448%) active bins are populated
per-bin minimum non-zero probability:       1.22195e-18
per-bin maximum probability:                0.31552
per-bin probability dynamic range (kT):     40.0925
per-segment minimum non-zero probability:   3.05489e-19
per-segment maximum non-zero probability:   0.104723
per-segment probability dynamic range (kT): 40.3759
norm = 1, error in norm = -2.22045e-16 (-1*epsilon)
MAB binning in use
Bottleneck bin occupancy may not be accurately reported
Waiting for segments to complete...
Iteration completed successfully
Iteration wallclock: 0:31:31.384762, cputime: 1:05:12.782836


Thu Mar 16 12:50:30 2023
Iteration 398 (500 requested)
Beginning iteration 398
108 segments remain in iteration 398 (108 total)
28 of 29 (96.551724%) active bins are populated
per-bin minimum non-zero probability:       3.05489e-19
per-bin maximum probability:                0.365725
per-bin probability dynamic range (kT):     41.6265
per-segment minimum non-zero probability:   7.63722e-20
per-segment maximum non-zero probability:   0.104723
per-segment probability dynamic range (kT): 41.7622
norm = 1, error in norm = -2.22045e-16 (-1*epsilon)
MAB binning in use
Bottleneck bin occupancy may not be accurately reported
Waiting for segments to complete...
Iteration completed successfully
Iteration wallclock: 0:28:10.100312, cputime: 1:05:19.799411


Thu Mar 16 13:18:40 2023
Iteration 399 (500 requested)
Beginning iteration 399
108 segments remain in iteration 399 (108 total)
27 of 29 (93.103448%) active bins are populated
per-bin minimum non-zero probability:       7.63722e-20
per-bin maximum probability:                0.286798
per-bin probability dynamic range (kT):     42.7697
per-segment minimum non-zero probability:   1.9093e-20
per-segment maximum non-zero probability:   0.104723
per-segment probability dynamic range (kT): 43.1485
norm = 1, error in norm = -4.44089e-16 (-2*epsilon)
MAB binning in use
Bottleneck bin occupancy may not be accurately reported
Waiting for segments to complete...
Iteration completed successfully
Iteration wallclock: 0:25:19.910398, cputime: 1:04:56.700885


Thu Mar 16 13:44:00 2023
Iteration 400 (500 requested)
Beginning iteration 400
104 segments remain in iteration 400 (104 total)
26 of 29 (89.655172%) active bins are populated
per-bin minimum non-zero probability:       1.9093e-20
per-bin maximum probability:                0.256426
per-bin probability dynamic range (kT):     44.044
per-segment minimum non-zero probability:   4.77326e-21
per-segment maximum non-zero probability:   0.104723
per-segment probability dynamic range (kT): 44.5348
norm = 1, error in norm = -2.22045e-16 (-1*epsilon)
MAB binning in use
Bottleneck bin occupancy may not be accurately reported
Waiting for segments to complete...
Iteration completed successfully
Iteration wallclock: 0:23:41.365363, cputime: 1:02:28.422997


Thu Mar 16 14:07:42 2023
Iteration 401 (500 requested)
Beginning iteration 401
104 segments remain in iteration 401 (104 total)
26 of 29 (89.655172%) active bins are populated
per-bin minimum non-zero probability:       4.77326e-21
per-bin maximum probability:                0.411787
per-bin probability dynamic range (kT):     45.904
per-segment minimum non-zero probability:   1.19332e-21
per-segment maximum non-zero probability:   0.123204
per-segment probability dynamic range (kT): 46.0836
norm = 1, error in norm = -2.22045e-16 (-1*epsilon)
MAB binning in use
Bottleneck bin occupancy may not be accurately reported
Waiting for segments to complete...
Iteration completed successfully
Iteration wallclock: 0:22:39.246859, cputime: 1:02:31.314680


Thu Mar 16 14:30:21 2023
Iteration 402 (500 requested)
Beginning iteration 402
104 segments remain in iteration 402 (104 total)
26 of 29 (89.655172%) active bins are populated
per-bin minimum non-zero probability:       2.17901e-16
per-bin maximum probability:                0.33483
per-bin probability dynamic range (kT):     34.9684
per-segment minimum non-zero probability:   3.57995e-21
per-segment maximum non-zero probability:   0.123204
per-segment probability dynamic range (kT): 44.985
norm = 1, error in norm = -2.22045e-16 (-1*epsilon)
MAB binning in use
Bottleneck bin occupancy may not be accurately reported
Waiting for segments to complete...
Iteration completed successfully
Iteration wallclock: 0:22:11.009628, cputime: 1:02:30.258212


Thu Mar 16 14:52:32 2023
Iteration 403 (500 requested)
Beginning iteration 403
108 segments remain in iteration 403 (108 total)
27 of 29 (93.103448%) active bins are populated
per-bin minimum non-zero probability:       1.0895e-16
per-bin maximum probability:                0.340924
per-bin probability dynamic range (kT):     35.6795
per-segment minimum non-zero probability:   2.72376e-17
per-segment maximum non-zero probability:   0.101543
per-segment probability dynamic range (kT): 35.8547
norm = 1, error in norm = 0 (0*epsilon)
MAB binning in use
Bottleneck bin occupancy may not be accurately reported
Waiting for segments to complete...
Iteration completed successfully
Iteration wallclock: 0:23:18.857048, cputime: 1:04:49.377360


Thu Mar 16 15:15:51 2023
Iteration 404 (500 requested)
Beginning iteration 404
104 segments remain in iteration 404 (104 total)
24 of 29 (82.758621%) active bins are populated
per-bin minimum non-zero probability:       4.90277e-16
per-bin maximum probability:                0.325821
per-bin probability dynamic range (kT):     34.1302
per-segment minimum non-zero probability:   1.22569e-16
per-segment maximum non-zero probability:   0.101543
per-segment probability dynamic range (kT): 34.3506
norm = 1, error in norm = -1.11022e-16 (-0.5*epsilon)
MAB binning in use
Bottleneck bin occupancy may not be accurately reported
Waiting for segments to complete...
Iteration completed successfully
Iteration wallclock: 0:22:32.013145, cputime: 1:02:27.188087


Thu Mar 16 15:38:23 2023
Iteration 405 (500 requested)
Beginning iteration 405
108 segments remain in iteration 405 (108 total)
26 of 29 (89.655172%) active bins are populated
per-bin minimum non-zero probability:       1.22569e-16
per-bin maximum probability:                0.363219
per-bin probability dynamic range (kT):     35.6251
per-segment minimum non-zero probability:   3.06423e-17
per-segment maximum non-zero probability:   0.123204
per-segment probability dynamic range (kT): 35.9302
norm = 1, error in norm = -2.22045e-16 (-1*epsilon)
MAB binning in use
Bottleneck bin occupancy may not be accurately reported
Waiting for segments to complete...
Iteration completed successfully
Iteration wallclock: 0:23:50.573489, cputime: 1:04:53.828144


Thu Mar 16 16:02:13 2023
Iteration 406 (500 requested)
Beginning iteration 406
112 segments remain in iteration 406 (112 total)
28 of 29 (96.551724%) active bins are populated
per-bin minimum non-zero probability:       1.22569e-16
per-bin maximum probability:                0.511584
per-bin probability dynamic range (kT):     35.9676
per-segment minimum non-zero probability:   3.06423e-17
per-segment maximum non-zero probability:   0.123204
per-segment probability dynamic range (kT): 35.9302
norm = 1, error in norm = -1.11022e-16 (-0.5*epsilon)
MAB binning in use
Bottleneck bin occupancy may not be accurately reported
Waiting for segments to complete...
Iteration completed successfully
Iteration wallclock: 0:25:18.339200, cputime: 1:07:25.001464


Thu Mar 16 16:27:32 2023
Iteration 407 (500 requested)
Beginning iteration 407
112 segments remain in iteration 407 (112 total)
28 of 29 (96.551724%) active bins are populated
per-bin minimum non-zero probability:       3.06423e-17
per-bin maximum probability:                0.272087
per-bin probability dynamic range (kT):     36.7225
per-segment minimum non-zero probability:   7.66058e-18
per-segment maximum non-zero probability:   0.123204
per-segment probability dynamic range (kT): 37.3165
norm = 1, error in norm = -2.22045e-16 (-1*epsilon)
MAB binning in use
Bottleneck bin occupancy may not be accurately reported
Waiting for segments to complete...
Iteration completed successfully
Iteration wallclock: 0:24:58.076103, cputime: 1:07:22.647251


Thu Mar 16 16:52:30 2023
Iteration 408 (500 requested)
Beginning iteration 408
104 segments remain in iteration 408 (104 total)
26 of 29 (89.655172%) active bins are populated
per-bin minimum non-zero probability:       7.66058e-18
per-bin maximum probability:                0.382525
per-bin probability dynamic range (kT):     38.4495
per-segment minimum non-zero probability:   1.91514e-18
per-segment maximum non-zero probability:   0.123204
per-segment probability dynamic range (kT): 38.7028
norm = 1, error in norm = -2.22045e-16 (-1*epsilon)
MAB binning in use
Bottleneck bin occupancy may not be accurately reported
Waiting for segments to complete...
Iteration completed successfully
Iteration wallclock: 0:22:32.407080, cputime: 1:02:30.238163


Thu Mar 16 17:15:02 2023
Iteration 409 (500 requested)
Beginning iteration 409
108 segments remain in iteration 409 (108 total)
27 of 29 (93.103448%) active bins are populated
per-bin minimum non-zero probability:       3.83029e-18
per-bin maximum probability:                0.369516
per-bin probability dynamic range (kT):     39.108
per-segment minimum non-zero probability:   9.57572e-19
per-segment maximum non-zero probability:   0.123204
per-segment probability dynamic range (kT): 39.396
norm = 1, error in norm = 0 (0*epsilon)
MAB binning in use
Bottleneck bin occupancy may not be accurately reported
Waiting for segments to complete...
Iteration completed successfully
Iteration wallclock: 0:23:52.328599, cputime: 1:04:53.244252


Thu Mar 16 17:38:54 2023
Iteration 410 (500 requested)
Beginning iteration 410
108 segments remain in iteration 410 (108 total)
27 of 29 (93.103448%) active bins are populated
per-bin minimum non-zero probability:       9.57572e-19
per-bin maximum probability:                0.296742
per-bin probability dynamic range (kT):     40.275
per-segment minimum non-zero probability:   2.39393e-19
per-segment maximum non-zero probability:   0.123204
per-segment probability dynamic range (kT): 40.7823
norm = 1, error in norm = -2.22045e-16 (-1*epsilon)
MAB binning in use
Bottleneck bin occupancy may not be accurately reported
Waiting for segments to complete...
Iteration completed successfully
Iteration wallclock: 0:24:05.582175, cputime: 1:04:53.933295


Thu Mar 16 18:03:00 2023
Iteration 411 (500 requested)
Beginning iteration 411
104 segments remain in iteration 411 (104 total)
26 of 29 (89.655172%) active bins are populated
per-bin minimum non-zero probability:       2.39393e-19
per-bin maximum probability:                0.414517
per-bin probability dynamic range (kT):     41.9955
per-segment minimum non-zero probability:   5.98483e-20
per-segment maximum non-zero probability:   0.123204
per-segment probability dynamic range (kT): 42.1686
norm = 1, error in norm = -2.22045e-16 (-1*epsilon)
MAB binning in use
Bottleneck bin occupancy may not be accurately reported
Waiting for segments to complete...
Iteration completed successfully
Iteration wallclock: 0:23:10.069730, cputime: 1:02:32.018084


Thu Mar 16 18:26:10 2023
Iteration 412 (500 requested)
Beginning iteration 412
104 segments remain in iteration 412 (104 total)
26 of 29 (89.655172%) active bins are populated
per-bin minimum non-zero probability:       5.98483e-20
per-bin maximum probability:                0.293938
per-bin probability dynamic range (kT):     43.0381
per-segment minimum non-zero probability:   1.49621e-20
per-segment maximum non-zero probability:   0.109625
per-segment probability dynamic range (kT): 43.4381
norm = 1, error in norm = -2.22045e-16 (-1*epsilon)
MAB binning in use
Bottleneck bin occupancy may not be accurately reported
Waiting for segments to complete...
Iteration completed successfully
Iteration wallclock: 0:24:16.695543, cputime: 1:02:29.998420


Thu Mar 16 18:50:27 2023
Iteration 413 (500 requested)
Beginning iteration 413
112 segments remain in iteration 413 (112 total)
28 of 29 (96.551724%) active bins are populated
per-bin minimum non-zero probability:       1.49621e-20
per-bin maximum probability:                0.365753
per-bin probability dynamic range (kT):     44.643
per-segment minimum non-zero probability:   3.74052e-21
per-segment maximum non-zero probability:   0.109625
per-segment probability dynamic range (kT): 44.8244
norm = 1, error in norm = -1.11022e-16 (-0.5*epsilon)
MAB binning in use
Bottleneck bin occupancy may not be accurately reported
Waiting for segments to complete...
Iteration completed successfully
Iteration wallclock: 0:26:20.811810, cputime: 1:07:22.196053


Thu Mar 16 19:16:48 2023
Iteration 414 (500 requested)
Beginning iteration 414
104 segments remain in iteration 414 (104 total)
26 of 29 (89.655172%) active bins are populated
per-bin minimum non-zero probability:       3.74052e-21
per-bin maximum probability:                0.544127
per-bin probability dynamic range (kT):     46.4265
per-segment minimum non-zero probability:   9.35129e-22
per-segment maximum non-zero probability:   0.194369
per-segment probability dynamic range (kT): 46.7834
norm = 1, error in norm = 0 (0*epsilon)
MAB binning in use
Bottleneck bin occupancy may not be accurately reported
Waiting for segments to complete...
Iteration completed successfully
Iteration wallclock: 0:24:49.928331, cputime: 1:02:23.277265


Thu Mar 16 19:41:37 2023
Iteration 415 (500 requested)
Beginning iteration 415
108 segments remain in iteration 415 (108 total)
26 of 29 (89.655172%) active bins are populated
per-bin minimum non-zero probability:       9.35129e-22
per-bin maximum probability:                0.510028
per-bin probability dynamic range (kT):     47.7481
per-segment minimum non-zero probability:   2.33782e-22
per-segment maximum non-zero probability:   0.194369
per-segment probability dynamic range (kT): 48.1697
norm = 1, error in norm = -1.11022e-16 (-0.5*epsilon)
MAB binning in use
Bottleneck bin occupancy may not be accurately reported
Waiting for segments to complete...
Iteration completed successfully
Iteration wallclock: 0:25:33.896506, cputime: 1:04:47.875964


Thu Mar 16 20:07:11 2023
Iteration 416 (500 requested)
Beginning iteration 416
104 segments remain in iteration 416 (104 total)
26 of 29 (89.655172%) active bins are populated
per-bin minimum non-zero probability:       2.33782e-22
per-bin maximum probability:                0.317167
per-bin probability dynamic range (kT):     48.6593
per-segment minimum non-zero probability:   5.84456e-23
per-segment maximum non-zero probability:   0.131523
per-segment probability dynamic range (kT): 49.1654
norm = 1, error in norm = -2.22045e-16 (-1*epsilon)
MAB binning in use
Bottleneck bin occupancy may not be accurately reported
Waiting for segments to complete...
Iteration completed successfully
Iteration wallclock: 0:23:43.743910, cputime: 1:02:25.074319


Thu Mar 16 20:30:55 2023
Iteration 417 (500 requested)
Beginning iteration 417
108 segments remain in iteration 417 (108 total)
27 of 29 (93.103448%) active bins are populated
per-bin minimum non-zero probability:       5.84456e-23
per-bin maximum probability:                0.435865
per-bin probability dynamic range (kT):     50.3635
per-segment minimum non-zero probability:   1.46114e-23
per-segment maximum non-zero probability:   0.131523
per-segment probability dynamic range (kT): 50.5517
norm = 1, error in norm = -2.22045e-16 (-1*epsilon)
MAB binning in use
Bottleneck bin occupancy may not be accurately reported
Waiting for segments to complete...
Iteration completed successfully
Iteration wallclock: 0:25:06.075349, cputime: 1:04:48.367441


Thu Mar 16 20:56:01 2023
Iteration 418 (500 requested)
Beginning iteration 418
104 segments remain in iteration 418 (104 total)
25 of 29 (86.206897%) active bins are populated
per-bin minimum non-zero probability:       1.46114e-23
per-bin maximum probability:                0.629468
per-bin probability dynamic range (kT):     52.1174
per-segment minimum non-zero probability:   3.65285e-24
per-segment maximum non-zero probability:   0.216276
per-segment probability dynamic range (kT): 52.4353
norm = 1, error in norm = -1.11022e-16 (-0.5*epsilon)
MAB binning in use
Bottleneck bin occupancy may not be accurately reported
Waiting for segments to complete...
Iteration completed successfully
Iteration wallclock: 0:26:44.499994, cputime: 1:02:38.746288


Thu Mar 16 21:22:46 2023
Iteration 419 (500 requested)
Beginning iteration 419
104 segments remain in iteration 419 (104 total)
26 of 29 (89.655172%) active bins are populated
per-bin minimum non-zero probability:       1.87513e-22
per-bin maximum probability:                0.402752
per-bin probability dynamic range (kT):     49.1188
per-segment minimum non-zero probability:   3.28756e-23
per-segment maximum non-zero probability:   0.131523
per-segment probability dynamic range (kT): 49.7407
norm = 1, error in norm = -1.11022e-16 (-0.5*epsilon)
MAB binning in use
Bottleneck bin occupancy may not be accurately reported
Waiting for segments to complete...
Iteration completed successfully
Iteration wallclock: 0:27:39.239646, cputime: 1:02:40.817810


Thu Mar 16 21:50:25 2023
Iteration 420 (500 requested)
Beginning iteration 420
104 segments remain in iteration 420 (104 total)
26 of 29 (89.655172%) active bins are populated
per-bin minimum non-zero probability:       8.60449e-23
per-bin maximum probability:                0.347761
per-bin probability dynamic range (kT):     49.7509
per-segment minimum non-zero probability:   1.73172e-23
per-segment maximum non-zero probability:   0.127045
per-segment probability dynamic range (kT): 50.3471
norm = 1, error in norm = 0 (0*epsilon)
MAB binning in use
Bottleneck bin occupancy may not be accurately reported
Waiting for segments to complete...
Iteration completed successfully
Iteration wallclock: 0:24:56.767022, cputime: 1:02:23.298183


Thu Mar 16 22:15:22 2023
Iteration 421 (500 requested)
Beginning iteration 421
96 segments remain in iteration 421 (96 total)
24 of 29 (82.758621%) active bins are populated
per-bin minimum non-zero probability:       2.92228e-23
per-bin maximum probability:                0.40632
per-bin probability dynamic range (kT):     50.9865
per-segment minimum non-zero probability:   7.3057e-24
per-segment maximum non-zero probability:   0.137854
per-segment probability dynamic range (kT): 51.2918
norm = 1, error in norm = -1.11022e-16 (-0.5*epsilon)
MAB binning in use
Bottleneck bin occupancy may not be accurately reported
Waiting for segments to complete...
Iteration completed successfully
Iteration wallclock: 0:23:23.238639, cputime: 0:57:44.881785


Thu Mar 16 22:38:45 2023
Iteration 422 (500 requested)
Beginning iteration 422
96 segments remain in iteration 422 (96 total)
24 of 29 (82.758621%) active bins are populated
per-bin minimum non-zero probability:       7.3057e-24
per-bin maximum probability:                0.439208
per-bin probability dynamic range (kT):     52.4506
per-segment minimum non-zero probability:   1.82642e-24
per-segment maximum non-zero probability:   0.137854
per-segment probability dynamic range (kT): 52.6781
norm = 1, error in norm = -2.22045e-16 (-1*epsilon)
MAB binning in use
Bottleneck bin occupancy may not be accurately reported
Waiting for segments to complete...
Iteration completed successfully
Iteration wallclock: 0:23:37.737125, cputime: 0:57:40.068572


Thu Mar 16 23:02:23 2023
Iteration 423 (500 requested)
Beginning iteration 423
100 segments remain in iteration 423 (100 total)
24 of 29 (82.758621%) active bins are populated
per-bin minimum non-zero probability:       3.46344e-23
per-bin maximum probability:                0.24445
per-bin probability dynamic range (kT):     50.3084
per-segment minimum non-zero probability:   1.82642e-24
per-segment maximum non-zero probability:   0.10643
per-segment probability dynamic range (kT): 52.4194
norm = 1, error in norm = -3.33067e-16 (-1.5*epsilon)
MAB binning in use
Bottleneck bin occupancy may not be accurately reported
Waiting for segments to complete...
Iteration completed successfully
Iteration wallclock: 0:22:47.096821, cputime: 0:59:56.510492


Thu Mar 16 23:25:10 2023
Iteration 424 (500 requested)
Beginning iteration 424
104 segments remain in iteration 424 (104 total)
26 of 29 (89.655172%) active bins are populated
per-bin minimum non-zero probability:       1.46114e-23
per-bin maximum probability:                0.385944
per-bin probability dynamic range (kT):     51.6282
per-segment minimum non-zero probability:   3.65285e-24
per-segment maximum non-zero probability:   0.132705
per-segment probability dynamic range (kT): 51.9469
norm = 1, error in norm = -2.22045e-16 (-1*epsilon)
MAB binning in use
Bottleneck bin occupancy may not be accurately reported
Waiting for segments to complete...
Iteration completed successfully
Iteration wallclock: 0:23:59.991568, cputime: 1:02:23.087227


Thu Mar 16 23:49:10 2023
Iteration 425 (500 requested)
Beginning iteration 425
108 segments remain in iteration 425 (108 total)
27 of 29 (93.103448%) active bins are populated
per-bin minimum non-zero probability:       3.65285e-24
per-bin maximum probability:                0.369192
per-bin probability dynamic range (kT):     52.9701
per-segment minimum non-zero probability:   9.13212e-25
per-segment maximum non-zero probability:   0.132705
per-segment probability dynamic range (kT): 53.3332
norm = 1, error in norm = -1.11022e-16 (-0.5*epsilon)
MAB binning in use
Bottleneck bin occupancy may not be accurately reported
Waiting for segments to complete...
Iteration completed successfully
Iteration wallclock: 0:25:48.320186, cputime: 1:04:55.532465


Fri Mar 17 00:14:59 2023
Iteration 426 (500 requested)
Beginning iteration 426
104 segments remain in iteration 426 (104 total)
26 of 29 (89.655172%) active bins are populated
per-bin minimum non-zero probability:       2.6128e-23
per-bin maximum probability:                0.422283
per-bin probability dynamic range (kT):     51.137
per-segment minimum non-zero probability:   6.532e-24
per-segment maximum non-zero probability:   0.132705
per-segment probability dynamic range (kT): 51.3657
norm = 1, error in norm = -2.22045e-16 (-1*epsilon)
MAB binning in use
Bottleneck bin occupancy may not be accurately reported
Waiting for segments to complete...
Iteration completed successfully
Iteration wallclock: 0:24:11.730897, cputime: 1:02:26.020081


Fri Mar 17 00:39:10 2023
Iteration 427 (500 requested)
Beginning iteration 427
100 segments remain in iteration 427 (100 total)
25 of 29 (86.206897%) active bins are populated
per-bin minimum non-zero probability:       6.532e-24
per-bin maximum probability:                0.530803
per-bin probability dynamic range (kT):     52.752
per-segment minimum non-zero probability:   1.633e-24
per-segment maximum non-zero probability:   0.132705
per-segment probability dynamic range (kT): 52.752
norm = 1, error in norm = -3.33067e-16 (-1.5*epsilon)
MAB binning in use
Bottleneck bin occupancy may not be accurately reported
Waiting for segments to complete...
Iteration completed successfully
Iteration wallclock: 0:22:20.098268, cputime: 0:59:59.662362


Fri Mar 17 01:01:30 2023
Iteration 428 (500 requested)
Beginning iteration 428
104 segments remain in iteration 428 (104 total)
26 of 29 (89.655172%) active bins are populated
per-bin minimum non-zero probability:       1.633e-24
per-bin maximum probability:                0.425411
per-bin probability dynamic range (kT):     53.9169
per-segment minimum non-zero probability:   4.0825e-25
per-segment maximum non-zero probability:   0.132705
per-segment probability dynamic range (kT): 54.1383
norm = 1, error in norm = -2.22045e-16 (-1*epsilon)
MAB binning in use
Bottleneck bin occupancy may not be accurately reported
Waiting for segments to complete...
Iteration completed successfully
Iteration wallclock: 0:23:18.049716, cputime: 1:02:25.716186


Fri Mar 17 01:24:48 2023
Iteration 429 (500 requested)
Beginning iteration 429
112 segments remain in iteration 429 (112 total)
27 of 29 (93.103448%) active bins are populated
per-bin minimum non-zero probability:       4.0825e-25
per-bin maximum probability:                0.285502
per-bin probability dynamic range (kT):     54.9044
per-segment minimum non-zero probability:   1.02063e-25
per-segment maximum non-zero probability:   0.119759
per-segment probability dynamic range (kT): 55.4219
norm = 1, error in norm = -1.11022e-16 (-0.5*epsilon)
MAB binning in use
Bottleneck bin occupancy may not be accurately reported
Waiting for segments to complete...
Iteration completed successfully
Iteration wallclock: 0:25:40.456201, cputime: 1:07:16.421459


Fri Mar 17 01:50:29 2023
Iteration 430 (500 requested)
Beginning iteration 430
108 segments remain in iteration 430 (108 total)
26 of 29 (89.655172%) active bins are populated
per-bin minimum non-zero probability:       2.04125e-25
per-bin maximum probability:                0.411355
per-bin probability dynamic range (kT):     55.9628
per-segment minimum non-zero probability:   5.10313e-26
per-segment maximum non-zero probability:   0.130778
per-segment probability dynamic range (kT): 56.2031
norm = 1, error in norm = -2.22045e-16 (-1*epsilon)
MAB binning in use
Bottleneck bin occupancy may not be accurately reported
Waiting for segments to complete...
Iteration completed successfully
Iteration wallclock: 0:24:00.354752, cputime: 1:04:51.254286


Fri Mar 17 02:14:29 2023
Iteration 431 (500 requested)
Beginning iteration 431
96 segments remain in iteration 431 (96 total)
24 of 29 (82.758621%) active bins are populated
per-bin minimum non-zero probability:       5.10313e-26
per-bin maximum probability:                0.349812
per-bin probability dynamic range (kT):     57.187
per-segment minimum non-zero probability:   1.27578e-26
per-segment maximum non-zero probability:   0.130778
per-segment probability dynamic range (kT): 57.5894
norm = 1, error in norm = -1.11022e-16 (-0.5*epsilon)
MAB binning in use
Bottleneck bin occupancy may not be accurately reported
Waiting for segments to complete...
Iteration completed successfully
Iteration wallclock: 0:23:18.617533, cputime: 0:57:42.524623


Fri Mar 17 02:37:48 2023
Iteration 432 (500 requested)
Beginning iteration 432
104 segments remain in iteration 432 (104 total)
24 of 29 (82.758621%) active bins are populated
per-bin minimum non-zero probability:       3.80027e-18
per-bin maximum probability:                0.380418
per-bin probability dynamic range (kT):     39.145
per-segment minimum non-zero probability:   9.50069e-19
per-segment maximum non-zero probability:   0.130778
per-segment probability dynamic range (kT): 39.4635
norm = 1, error in norm = -2.22045e-16 (-1*epsilon)
MAB binning in use
Bottleneck bin occupancy may not be accurately reported
Waiting for segments to complete...
Iteration completed successfully
Iteration wallclock: 0:29:22.275457, cputime: 1:02:32.981983


Fri Mar 17 03:07:10 2023
Iteration 433 (500 requested)
Beginning iteration 433
104 segments remain in iteration 433 (104 total)
26 of 29 (89.655172%) active bins are populated
per-bin minimum non-zero probability:       9.50069e-19
per-bin maximum probability:                0.473135
per-bin probability dynamic range (kT):     40.7494
per-segment minimum non-zero probability:   2.37517e-19
per-segment maximum non-zero probability:   0.134129
per-segment probability dynamic range (kT): 40.8751
norm = 1, error in norm = -2.22045e-16 (-1*epsilon)
MAB binning in use
Bottleneck bin occupancy may not be accurately reported
Waiting for segments to complete...
Iteration completed successfully
Iteration wallclock: 0:31:23.650283, cputime: 1:02:38.185350


Fri Mar 17 03:38:34 2023
Iteration 434 (500 requested)
Beginning iteration 434
104 segments remain in iteration 434 (104 total)
26 of 29 (89.655172%) active bins are populated
per-bin minimum non-zero probability:       2.37517e-19
per-bin maximum probability:                0.48449
per-bin probability dynamic range (kT):     42.1594
per-segment minimum non-zero probability:   5.93793e-20
per-segment maximum non-zero probability:   0.134129
per-segment probability dynamic range (kT): 42.2614
norm = 1, error in norm = -1.11022e-16 (-0.5*epsilon)
MAB binning in use
Bottleneck bin occupancy may not be accurately reported
Waiting for segments to complete...
Iteration completed successfully
Iteration wallclock: 0:30:45.877594, cputime: 1:02:35.460803


Fri Mar 17 04:09:20 2023
Iteration 435 (500 requested)
Beginning iteration 435
96 segments remain in iteration 435 (96 total)
24 of 29 (82.758621%) active bins are populated
per-bin minimum non-zero probability:       5.93793e-20
per-bin maximum probability:                0.431381
per-bin probability dynamic range (kT):     43.4296
per-segment minimum non-zero probability:   1.48448e-20
per-segment maximum non-zero probability:   0.134129
per-segment probability dynamic range (kT): 43.6477
norm = 1, error in norm = -1.11022e-16 (-0.5*epsilon)
MAB binning in use
Bottleneck bin occupancy may not be accurately reported
Waiting for segments to complete...
Iteration completed successfully
Iteration wallclock: 0:24:35.266017, cputime: 0:57:44.584598


Fri Mar 17 04:33:55 2023
Iteration 436 (500 requested)
Beginning iteration 436
100 segments remain in iteration 436 (100 total)
25 of 29 (86.206897%) active bins are populated
per-bin minimum non-zero probability:       2.96896e-20
per-bin maximum probability:                0.400651
per-bin probability dynamic range (kT):     44.0488
per-segment minimum non-zero probability:   7.42241e-21
per-segment maximum non-zero probability:   0.134129
per-segment probability dynamic range (kT): 44.3408
norm = 1, error in norm = 0 (0*epsilon)
MAB binning in use
Bottleneck bin occupancy may not be accurately reported
Waiting for segments to complete...
Iteration completed successfully
Iteration wallclock: 0:22:12.245809, cputime: 0:59:56.103046


Fri Mar 17 04:56:07 2023
Iteration 437 (500 requested)
Beginning iteration 437
96 segments remain in iteration 437 (96 total)
24 of 29 (82.758621%) active bins are populated
per-bin minimum non-zero probability:       1.48448e-20
per-bin maximum probability:                0.370135
per-bin probability dynamic range (kT):     44.6627
per-segment minimum non-zero probability:   3.71121e-21
per-segment maximum non-zero probability:   0.134129
per-segment probability dynamic range (kT): 45.034
norm = 1, error in norm = 0 (0*epsilon)
MAB binning in use
Bottleneck bin occupancy may not be accurately reported
Waiting for segments to complete...
Iteration completed successfully
Iteration wallclock: 0:23:46.966325, cputime: 0:57:41.862028


Fri Mar 17 05:19:54 2023
Iteration 438 (500 requested)
Beginning iteration 438
104 segments remain in iteration 438 (104 total)
26 of 29 (89.655172%) active bins are populated
per-bin minimum non-zero probability:       4.94827e-21
per-bin maximum probability:                0.510886
per-bin probability dynamic range (kT):     46.0836
per-segment minimum non-zero probability:   1.23707e-21
per-segment maximum non-zero probability:   0.158102
per-segment probability dynamic range (kT): 46.297
norm = 1, error in norm = -1.11022e-16 (-0.5*epsilon)
MAB binning in use
Bottleneck bin occupancy may not be accurately reported
Waiting for segments to complete...
Iteration completed successfully
Iteration wallclock: 0:26:30.224874, cputime: 1:02:22.448529


Fri Mar 17 05:46:24 2023
Iteration 439 (500 requested)
Beginning iteration 439
100 segments remain in iteration 439 (100 total)
25 of 29 (86.206897%) active bins are populated
per-bin minimum non-zero probability:       4.94827e-21
per-bin maximum probability:                0.512697
per-bin probability dynamic range (kT):     46.0872
per-segment minimum non-zero probability:   1.23707e-21
per-segment maximum non-zero probability:   0.158102
per-segment probability dynamic range (kT): 46.297
norm = 1, error in norm = 0 (0*epsilon)
MAB binning in use
Bottleneck bin occupancy may not be accurately reported
Waiting for segments to complete...
Iteration completed successfully
Iteration wallclock: 0:25:21.476810, cputime: 0:59:59.603648


Fri Mar 17 06:11:46 2023
Iteration 440 (500 requested)
Beginning iteration 440
100 segments remain in iteration 440 (100 total)
25 of 29 (86.206897%) active bins are populated
per-bin minimum non-zero probability:       1.23707e-21
per-bin maximum probability:                0.48827
per-bin probability dynamic range (kT):     47.4247
per-segment minimum non-zero probability:   3.09267e-22
per-segment maximum non-zero probability:   0.134129
per-segment probability dynamic range (kT): 47.5189
norm = 1, error in norm = -2.22045e-16 (-1*epsilon)
MAB binning in use
Bottleneck bin occupancy may not be accurately reported
Waiting for segments to complete...
Iteration completed successfully
Iteration wallclock: 0:26:28.991905, cputime: 1:00:15.005057


Fri Mar 17 06:38:15 2023
Iteration 441 (500 requested)
Beginning iteration 441
100 segments remain in iteration 441 (100 total)
25 of 29 (86.206897%) active bins are populated
per-bin minimum non-zero probability:       3.09267e-22
per-bin maximum probability:                0.325076
per-bin probability dynamic range (kT):     48.4041
per-segment minimum non-zero probability:   7.73168e-23
per-segment maximum non-zero probability:   0.134129
per-segment probability dynamic range (kT): 48.9052
norm = 1, error in norm = -1.11022e-16 (-0.5*epsilon)
MAB binning in use
Bottleneck bin occupancy may not be accurately reported
Waiting for segments to complete...
Iteration completed successfully
Iteration wallclock: 0:21:46.775476, cputime: 1:00:00.093872


Fri Mar 17 07:00:02 2023
Iteration 442 (500 requested)
Beginning iteration 442
100 segments remain in iteration 442 (100 total)
25 of 29 (86.206897%) active bins are populated
per-bin minimum non-zero probability:       7.73168e-23
per-bin maximum probability:                0.469922
per-bin probability dynamic range (kT):     50.1589
per-segment minimum non-zero probability:   1.93292e-23
per-segment maximum non-zero probability:   0.143898
per-segment probability dynamic range (kT): 50.3618
norm = 1, error in norm = -3.33067e-16 (-1.5*epsilon)
MAB binning in use
Bottleneck bin occupancy may not be accurately reported
Waiting for segments to complete...
Iteration completed successfully
Iteration wallclock: 0:21:20.613110, cputime: 1:00:02.397729


Fri Mar 17 07:21:22 2023
Iteration 443 (500 requested)
Beginning iteration 443
100 segments remain in iteration 443 (100 total)
25 of 29 (86.206897%) active bins are populated
per-bin minimum non-zero probability:       1.03089e-22
per-bin maximum probability:                0.296261
per-bin probability dynamic range (kT):     49.4099
per-segment minimum non-zero probability:   2.57723e-23
per-segment maximum non-zero probability:   0.118831
per-segment probability dynamic range (kT): 49.8827
norm = 1, error in norm = -2.22045e-16 (-1*epsilon)
MAB binning in use
Bottleneck bin occupancy may not be accurately reported
Waiting for segments to complete...
Iteration completed successfully
Iteration wallclock: 0:21:21.417637, cputime: 1:00:04.858076


Fri Mar 17 07:42:44 2023
Iteration 444 (500 requested)
Beginning iteration 444
108 segments remain in iteration 444 (108 total)
25 of 29 (86.206897%) active bins are populated
per-bin minimum non-zero probability:       2.57723e-23
per-bin maximum probability:                0.414756
per-bin probability dynamic range (kT):     51.1327
per-segment minimum non-zero probability:   6.44306e-24
per-segment maximum non-zero probability:   0.118831
per-segment probability dynamic range (kT): 51.269
norm = 1, error in norm = 2.22045e-16 (1*epsilon)
MAB binning in use
Bottleneck bin occupancy may not be accurately reported
Waiting for segments to complete...
Iteration completed successfully
Iteration wallclock: 0:24:05.251959, cputime: 1:04:58.661151


Fri Mar 17 08:06:49 2023
Iteration 445 (500 requested)
Beginning iteration 445
104 segments remain in iteration 445 (104 total)
26 of 29 (89.655172%) active bins are populated
per-bin minimum non-zero probability:       6.44306e-24
per-bin maximum probability:                0.380499
per-bin probability dynamic range (kT):     52.4328
per-segment minimum non-zero probability:   1.61077e-24
per-segment maximum non-zero probability:   0.118831
per-segment probability dynamic range (kT): 52.6553
norm = 1, error in norm = 0 (0*epsilon)
MAB binning in use
Bottleneck bin occupancy may not be accurately reported
Waiting for segments to complete...
Iteration completed successfully
Iteration wallclock: 0:22:44.257687, cputime: 1:02:29.377455


Fri Mar 17 08:29:33 2023
Iteration 446 (500 requested)
Beginning iteration 446
100 segments remain in iteration 446 (100 total)
25 of 29 (86.206897%) active bins are populated
per-bin minimum non-zero probability:       1.61077e-24
per-bin maximum probability:                0.517313
per-bin probability dynamic range (kT):     54.1262
per-segment minimum non-zero probability:   4.02692e-25
per-segment maximum non-zero probability:   0.166331
per-segment probability dynamic range (kT): 54.3778
norm = 1, error in norm = -2.22045e-16 (-1*epsilon)
MAB binning in use
Bottleneck bin occupancy may not be accurately reported
Waiting for segments to complete...
Iteration completed successfully
Iteration wallclock: 0:23:58.023784, cputime: 1:00:12.263678


Fri Mar 17 08:53:31 2023
Iteration 447 (500 requested)
Beginning iteration 447
96 segments remain in iteration 447 (96 total)
24 of 29 (82.758621%) active bins are populated
per-bin minimum non-zero probability:       4.02692e-25
per-bin maximum probability:                0.500072
per-bin probability dynamic range (kT):     55.4786
per-segment minimum non-zero probability:   1.00673e-25
per-segment maximum non-zero probability:   0.166331
per-segment probability dynamic range (kT): 55.7641
norm = 1, error in norm = 0 (0*epsilon)
MAB binning in use
Bottleneck bin occupancy may not be accurately reported
Waiting for segments to complete...
Iteration completed successfully
Iteration wallclock: 0:26:08.105188, cputime: 0:57:54.742104


Fri Mar 17 09:19:40 2023
Iteration 448 (500 requested)
Beginning iteration 448
100 segments remain in iteration 448 (100 total)
25 of 29 (86.206897%) active bins are populated
per-bin minimum non-zero probability:       4.02692e-25
per-bin maximum probability:                0.529411
per-bin probability dynamic range (kT):     55.5356
per-segment minimum non-zero probability:   1.00673e-25
per-segment maximum non-zero probability:   0.166331
per-segment probability dynamic range (kT): 55.7641
norm = 1, error in norm = 0 (0*epsilon)
MAB binning in use
Bottleneck bin occupancy may not be accurately reported
Waiting for segments to complete...
Iteration completed successfully
Iteration wallclock: 0:26:06.631039, cputime: 1:00:06.336296


Fri Mar 17 09:45:46 2023
Iteration 449 (500 requested)
Beginning iteration 449
100 segments remain in iteration 449 (100 total)
25 of 29 (86.206897%) active bins are populated
per-bin minimum non-zero probability:       3.02019e-25
per-bin maximum probability:                0.5297
per-bin probability dynamic range (kT):     55.8239
per-segment minimum non-zero probability:   5.03364e-26
per-segment maximum non-zero probability:   0.166331
per-segment probability dynamic range (kT): 56.4573
norm = 1, error in norm = -1.11022e-16 (-0.5*epsilon)
MAB binning in use
Bottleneck bin occupancy may not be accurately reported
Waiting for segments to complete...
Iteration completed successfully
Iteration wallclock: 0:23:45.614841, cputime: 0:59:51.696771


Fri Mar 17 10:09:32 2023
Iteration 450 (500 requested)
Beginning iteration 450
100 segments remain in iteration 450 (100 total)
25 of 29 (86.206897%) active bins are populated
per-bin minimum non-zero probability:       5.03364e-26
per-bin maximum probability:                0.373716
per-bin probability dynamic range (kT):     57.2668
per-segment minimum non-zero probability:   1.25841e-26
per-segment maximum non-zero probability:   0.125309
per-segment probability dynamic range (kT): 57.5604
norm = 1, error in norm = -3.33067e-16 (-1.5*epsilon)
MAB binning in use
Bottleneck bin occupancy may not be accurately reported
Waiting for segments to complete...
Iteration completed successfully
Iteration wallclock: 0:25:16.388376, cputime: 0:59:51.005715


Fri Mar 17 10:34:48 2023
Iteration 451 (500 requested)
Beginning iteration 451
100 segments remain in iteration 451 (100 total)
25 of 29 (86.206897%) active bins are populated
per-bin minimum non-zero probability:       1.25841e-26
per-bin maximum probability:                0.559582
per-bin probability dynamic range (kT):     59.0568
per-segment minimum non-zero probability:   3.14603e-27
per-segment maximum non-zero probability:   0.132767
per-segment probability dynamic range (kT): 59.0045
norm = 1, error in norm = -1.11022e-16 (-0.5*epsilon)
MAB binning in use
Bottleneck bin occupancy may not be accurately reported
Waiting for segments to complete...
Iteration completed successfully
Iteration wallclock: 0:23:57.320667, cputime: 0:59:55.394813


Fri Mar 17 10:58:46 2023
Iteration 452 (500 requested)
Beginning iteration 452
104 segments remain in iteration 452 (104 total)
26 of 29 (89.655172%) active bins are populated
per-bin minimum non-zero probability:       1.17452e-25
per-bin maximum probability:                0.323942
per-bin probability dynamic range (kT):     56.2766
per-segment minimum non-zero probability:   2.93629e-26
per-segment maximum non-zero probability:   0.118831
per-segment probability dynamic range (kT): 56.66
norm = 1, error in norm = -2.22045e-16 (-1*epsilon)
MAB binning in use
Bottleneck bin occupancy may not be accurately reported
Waiting for segments to complete...
Iteration completed successfully
Iteration wallclock: 0:25:00.673908, cputime: 1:02:19.732204


Fri Mar 17 11:23:46 2023
Iteration 453 (500 requested)
Beginning iteration 453
96 segments remain in iteration 453 (96 total)
24 of 29 (82.758621%) active bins are populated
per-bin minimum non-zero probability:       3.5655e-26
per-bin maximum probability:                0.382478
per-bin probability dynamic range (kT):     57.6348
per-segment minimum non-zero probability:   8.91375e-27
per-segment maximum non-zero probability:   0.118831
per-segment probability dynamic range (kT): 57.8521
norm = 1, error in norm = -1.11022e-16 (-0.5*epsilon)
MAB binning in use
Bottleneck bin occupancy may not be accurately reported
Waiting for segments to complete...
Iteration completed successfully
Iteration wallclock: 0:24:22.442372, cputime: 0:57:35.844666


Fri Mar 17 11:48:09 2023
Iteration 454 (500 requested)
Beginning iteration 454
104 segments remain in iteration 454 (104 total)
26 of 29 (89.655172%) active bins are populated
per-bin minimum non-zero probability:       2.93629e-26
per-bin maximum probability:                0.377153
per-bin probability dynamic range (kT):     57.815
per-segment minimum non-zero probability:   7.34073e-27
per-segment maximum non-zero probability:   0.118831
per-segment probability dynamic range (kT): 58.0463
norm = 1, error in norm = 0 (0*epsilon)
MAB binning in use
Bottleneck bin occupancy may not be accurately reported
Waiting for segments to complete...
Iteration completed successfully
Iteration wallclock: 0:23:53.209908, cputime: 1:02:21.991896


Fri Mar 17 12:12:02 2023
Iteration 455 (500 requested)
Beginning iteration 455
104 segments remain in iteration 455 (104 total)
26 of 29 (89.655172%) active bins are populated
per-bin minimum non-zero probability:       7.34073e-27
per-bin maximum probability:                0.672728
per-bin probability dynamic range (kT):     59.7799
per-segment minimum non-zero probability:   1.83518e-27
per-segment maximum non-zero probability:   0.211802
per-segment probability dynamic range (kT): 60.0106
norm = 1, error in norm = -1.11022e-16 (-0.5*epsilon)
MAB binning in use
Bottleneck bin occupancy may not be accurately reported
Waiting for segments to complete...
Iteration completed successfully
Iteration wallclock: 0:22:55.531840, cputime: 1:02:18.717714


Fri Mar 17 12:34:57 2023
Iteration 456 (500 requested)
Beginning iteration 456
100 segments remain in iteration 456 (100 total)
25 of 29 (86.206897%) active bins are populated
per-bin minimum non-zero probability:       1.83518e-27
per-bin maximum probability:                0.484632
per-bin probability dynamic range (kT):     60.8383
per-segment minimum non-zero probability:   4.58796e-28
per-segment maximum non-zero probability:   0.179262
per-segment probability dynamic range (kT): 61.23
norm = 1, error in norm = -1.11022e-16 (-0.5*epsilon)
MAB binning in use
Bottleneck bin occupancy may not be accurately reported
Waiting for segments to complete...
Iteration completed successfully
Iteration wallclock: 0:22:49.940582, cputime: 0:59:51.098235


Fri Mar 17 12:57:47 2023
Iteration 457 (500 requested)
Beginning iteration 457
96 segments remain in iteration 457 (96 total)
24 of 29 (82.758621%) active bins are populated
per-bin minimum non-zero probability:       1.25695e-26
per-bin maximum probability:                0.306453
per-bin probability dynamic range (kT):     58.4558
per-segment minimum non-zero probability:   2.91299e-27
per-segment maximum non-zero probability:   0.118831
per-segment probability dynamic range (kT): 58.9706
norm = 1, error in norm = -1.11022e-16 (-0.5*epsilon)
MAB binning in use
Bottleneck bin occupancy may not be accurately reported
Waiting for segments to complete...
Iteration completed successfully
Iteration wallclock: 0:22:35.591406, cputime: 0:57:37.567682


Fri Mar 17 13:20:23 2023
Iteration 458 (500 requested)
Beginning iteration 458
108 segments remain in iteration 458 (108 total)
27 of 29 (93.103448%) active bins are populated
per-bin minimum non-zero probability:       3.83058e-27
per-bin maximum probability:                0.311484
per-bin probability dynamic range (kT):     59.6604
per-segment minimum non-zero probability:   9.57645e-28
per-segment maximum non-zero probability:   0.118831
per-segment probability dynamic range (kT): 60.083
norm = 1, error in norm = -2.22045e-16 (-1*epsilon)
MAB binning in use
Bottleneck bin occupancy may not be accurately reported
Waiting for segments to complete...
Iteration completed successfully
Iteration wallclock: 0:25:43.320957, cputime: 1:04:46.639596


Fri Mar 17 13:46:06 2023
Iteration 459 (500 requested)
Beginning iteration 459
100 segments remain in iteration 459 (100 total)
25 of 29 (86.206897%) active bins are populated
per-bin minimum non-zero probability:       3.83058e-27
per-bin maximum probability:                0.389281
per-bin probability dynamic range (kT):     59.8833
per-segment minimum non-zero probability:   9.57645e-28
per-segment maximum non-zero probability:   0.118831
per-segment probability dynamic range (kT): 60.083
norm = 1, error in norm = -2.22045e-16 (-1*epsilon)
MAB binning in use
Bottleneck bin occupancy may not be accurately reported
Waiting for segments to complete...
Iteration completed successfully
Iteration wallclock: 0:24:49.638836, cputime: 1:00:07.021523


Fri Mar 17 14:10:56 2023
Iteration 460 (500 requested)
Beginning iteration 460
104 segments remain in iteration 460 (104 total)
24 of 29 (82.758621%) active bins are populated
per-bin minimum non-zero probability:       9.57645e-28
per-bin maximum probability:                0.41764
per-bin probability dynamic range (kT):     61.3399
per-segment minimum non-zero probability:   2.39411e-28
per-segment maximum non-zero probability:   0.105901
per-segment probability dynamic range (kT): 61.3541
norm = 1, error in norm = 0 (0*epsilon)
MAB binning in use
Bottleneck bin occupancy may not be accurately reported
Waiting for segments to complete...
Iteration completed successfully
Iteration wallclock: 0:24:06.273738, cputime: 1:02:24.342830


Fri Mar 17 14:35:02 2023
Iteration 461 (500 requested)
Beginning iteration 461
104 segments remain in iteration 461 (104 total)
28 of 29 (96.551724%) active bins are populated
per-bin minimum non-zero probability:       2.39411e-28
per-bin maximum probability:                0.311836
per-bin probability dynamic range (kT):     62.4341
per-segment minimum non-zero probability:   5.98528e-29
per-segment maximum non-zero probability:   0.12082
per-segment probability dynamic range (kT): 62.8722
norm = 1, error in norm = -1.11022e-16 (-0.5*epsilon)
MAB binning in use
Bottleneck bin occupancy may not be accurately reported
Waiting for segments to complete...
Iteration completed successfully
Iteration wallclock: 0:22:46.352411, cputime: 1:02:28.585969


Fri Mar 17 14:57:49 2023
Iteration 462 (500 requested)
Beginning iteration 462
112 segments remain in iteration 462 (112 total)
28 of 29 (96.551724%) active bins are populated
per-bin minimum non-zero probability:       4.78823e-28
per-bin maximum probability:                0.24798
per-bin probability dynamic range (kT):     61.5118
per-segment minimum non-zero probability:   1.19706e-28
per-segment maximum non-zero probability:   0.0841547
per-segment probability dynamic range (kT): 61.8174
norm = 1, error in norm = -2.22045e-16 (-1*epsilon)
MAB binning in use
Bottleneck bin occupancy may not be accurately reported
Waiting for segments to complete...
Iteration completed successfully
Iteration wallclock: 0:24:55.663560, cputime: 1:07:17.618982


Fri Mar 17 15:22:44 2023
Iteration 463 (500 requested)
Beginning iteration 463
108 segments remain in iteration 463 (108 total)
27 of 29 (93.103448%) active bins are populated
per-bin minimum non-zero probability:       1.79558e-28
per-bin maximum probability:                0.284537
per-bin probability dynamic range (kT):     62.6302
per-segment minimum non-zero probability:   4.48896e-29
per-segment maximum non-zero probability:   0.0977659
per-segment probability dynamic range (kT): 62.9482
norm = 1, error in norm = -2.22045e-16 (-1*epsilon)
MAB binning in use
Bottleneck bin occupancy may not be accurately reported
Waiting for segments to complete...
Iteration completed successfully
Iteration wallclock: 0:23:46.647948, cputime: 1:04:53.593510


Fri Mar 17 15:46:31 2023
Iteration 464 (500 requested)
Beginning iteration 464
112 segments remain in iteration 464 (112 total)
27 of 29 (93.103448%) active bins are populated
per-bin minimum non-zero probability:       4.48896e-29
per-bin maximum probability:                0.336487
per-bin probability dynamic range (kT):     64.1842
per-segment minimum non-zero probability:   1.12224e-29
per-segment maximum non-zero probability:   0.0977659
per-segment probability dynamic range (kT): 64.3345
norm = 1, error in norm = -2.22045e-16 (-1*epsilon)
MAB binning in use
Bottleneck bin occupancy may not be accurately reported
Waiting for segments to complete...
Iteration completed successfully
Iteration wallclock: 0:24:48.419641, cputime: 1:07:18.424253


Fri Mar 17 16:11:19 2023
Iteration 465 (500 requested)
Beginning iteration 465
112 segments remain in iteration 465 (112 total)
28 of 29 (96.551724%) active bins are populated
per-bin minimum non-zero probability:       1.12224e-29
per-bin maximum probability:                0.312799
per-bin probability dynamic range (kT):     65.4974
per-segment minimum non-zero probability:   2.8056e-30
per-segment maximum non-zero probability:   0.0977659
per-segment probability dynamic range (kT): 65.7208
norm = 1, error in norm = -1.11022e-16 (-0.5*epsilon)
MAB binning in use
Bottleneck bin occupancy may not be accurately reported
Waiting for segments to complete...
Iteration completed successfully
Iteration wallclock: 0:24:04.432093, cputime: 1:07:03.030022


Fri Mar 17 16:35:24 2023
Iteration 466 (500 requested)
Beginning iteration 466
112 segments remain in iteration 466 (112 total)
28 of 29 (96.551724%) active bins are populated
per-bin minimum non-zero probability:       1.22199e-28
per-bin maximum probability:                0.38741
per-bin probability dynamic range (kT):     63.3236
per-segment minimum non-zero probability:   3.05499e-29
per-segment maximum non-zero probability:   0.12741
per-segment probability dynamic range (kT): 63.5978
norm = 1, error in norm = -1.11022e-16 (-0.5*epsilon)
MAB binning in use
Bottleneck bin occupancy may not be accurately reported
Waiting for segments to complete...
Iteration completed successfully
Iteration wallclock: 0:24:17.831040, cputime: 1:07:14.198075


Fri Mar 17 16:59:42 2023
Iteration 467 (500 requested)
Beginning iteration 467
108 segments remain in iteration 467 (108 total)
27 of 29 (93.103448%) active bins are populated
per-bin minimum non-zero probability:       3.05499e-29
per-bin maximum probability:                0.504623
per-bin probability dynamic range (kT):     64.9742
per-segment minimum non-zero probability:   7.63747e-30
per-segment maximum non-zero probability:   0.17913
per-segment probability dynamic range (kT): 65.3248
norm = 1, error in norm = -2.22045e-16 (-1*epsilon)
MAB binning in use
Bottleneck bin occupancy may not be accurately reported
Waiting for segments to complete...
Iteration completed successfully
Iteration wallclock: 0:23:10.208674, cputime: 1:04:53.502034


Fri Mar 17 17:22:52 2023
Iteration 468 (500 requested)
Beginning iteration 468
100 segments remain in iteration 468 (100 total)
25 of 29 (86.206897%) active bins are populated
per-bin minimum non-zero probability:       7.63747e-30
per-bin maximum probability:                0.370142
per-bin probability dynamic range (kT):     66.0506
per-segment minimum non-zero probability:   1.90937e-30
per-segment maximum non-zero probability:   0.12741
per-segment probability dynamic range (kT): 66.3704
norm = 1, error in norm = -1.11022e-16 (-0.5*epsilon)
MAB binning in use
Bottleneck bin occupancy may not be accurately reported
Waiting for segments to complete...
Iteration completed successfully
Iteration wallclock: 0:20:42.489171, cputime: 0:59:55.047307


Fri Mar 17 17:43:34 2023
Iteration 469 (500 requested)
Beginning iteration 469
108 segments remain in iteration 469 (108 total)
27 of 29 (93.103448%) active bins are populated
per-bin minimum non-zero probability:       1.90937e-30
per-bin maximum probability:                0.394736
per-bin probability dynamic range (kT):     67.5012
per-segment minimum non-zero probability:   4.77342e-31
per-segment maximum non-zero probability:   0.12741
per-segment probability dynamic range (kT): 67.7567
norm = 1, error in norm = -3.33067e-16 (-1.5*epsilon)
MAB binning in use
Bottleneck bin occupancy may not be accurately reported
Waiting for segments to complete...
Iteration completed successfully
Iteration wallclock: 0:22:59.093292, cputime: 1:04:48.597766


Fri Mar 17 18:06:33 2023
Iteration 470 (500 requested)
Beginning iteration 470
108 segments remain in iteration 470 (108 total)
27 of 29 (93.103448%) active bins are populated
per-bin minimum non-zero probability:       9.54684e-31
per-bin maximum probability:                0.395939
per-bin probability dynamic range (kT):     68.1974
per-segment minimum non-zero probability:   2.38671e-31
per-segment maximum non-zero probability:   0.12741
per-segment probability dynamic range (kT): 68.4499
norm = 1, error in norm = -2.22045e-16 (-1*epsilon)
MAB binning in use
Bottleneck bin occupancy may not be accurately reported
Waiting for segments to complete...
Iteration completed successfully
Iteration wallclock: 0:23:04.828176, cputime: 1:04:49.921911


Fri Mar 17 18:29:38 2023
Iteration 471 (500 requested)
Beginning iteration 471
112 segments remain in iteration 471 (112 total)
28 of 29 (96.551724%) active bins are populated
per-bin minimum non-zero probability:       1.90937e-30
per-bin maximum probability:                0.267265
per-bin probability dynamic range (kT):     67.1113
per-segment minimum non-zero probability:   4.77342e-31
per-segment maximum non-zero probability:   0.100317
per-segment probability dynamic range (kT): 67.5177
norm = 1, error in norm = 0 (0*epsilon)
MAB binning in use
Bottleneck bin occupancy may not be accurately reported
Waiting for segments to complete...
Iteration completed successfully
Iteration wallclock: 0:23:43.643324, cputime: 1:07:03.309469


Fri Mar 17 18:53:22 2023
Iteration 472 (500 requested)
Beginning iteration 472
108 segments remain in iteration 472 (108 total)
27 of 29 (93.103448%) active bins are populated
per-bin minimum non-zero probability:       9.54684e-31
per-bin maximum probability:                0.262352
per-bin probability dynamic range (kT):     67.7859
per-segment minimum non-zero probability:   2.38671e-31
per-segment maximum non-zero probability:   0.0977659
per-segment probability dynamic range (kT): 68.185
norm = 1, error in norm = -1.11022e-16 (-0.5*epsilon)
MAB binning in use
Bottleneck bin occupancy may not be accurately reported
Waiting for segments to complete...
Iteration completed successfully
Iteration wallclock: 0:22:57.926538, cputime: 1:04:48.527265


Fri Mar 17 19:16:20 2023
Iteration 473 (500 requested)
Beginning iteration 473
108 segments remain in iteration 473 (108 total)
27 of 29 (93.103448%) active bins are populated
per-bin minimum non-zero probability:       3.10272e-30
per-bin maximum probability:                0.341539
per-bin probability dynamic range (kT):     66.871
per-segment minimum non-zero probability:   7.16013e-31
per-segment maximum non-zero probability:   0.115694
per-segment probability dynamic range (kT): 67.2548
norm = 1, error in norm = -3.33067e-16 (-1.5*epsilon)
MAB binning in use
Bottleneck bin occupancy may not be accurately reported
Waiting for segments to complete...
Iteration completed successfully
Iteration wallclock: 0:22:55.427428, cputime: 1:04:47.209188


Fri Mar 17 19:39:15 2023
Iteration 474 (500 requested)
Beginning iteration 474
112 segments remain in iteration 474 (112 total)
28 of 29 (96.551724%) active bins are populated
per-bin minimum non-zero probability:       7.16013e-31
per-bin maximum probability:                0.330752
per-bin probability dynamic range (kT):     68.3052
per-segment minimum non-zero probability:   1.79003e-31
per-segment maximum non-zero probability:   0.115694
per-segment probability dynamic range (kT): 68.6411
norm = 1, error in norm = -1.11022e-16 (-0.5*epsilon)
MAB binning in use
Bottleneck bin occupancy may not be accurately reported
Waiting for segments to complete...
Iteration completed successfully
Iteration wallclock: 0:23:50.692492, cputime: 1:07:03.331537


Fri Mar 17 20:03:06 2023
Iteration 475 (500 requested)
Beginning iteration 475
108 segments remain in iteration 475 (108 total)
27 of 29 (93.103448%) active bins are populated
per-bin minimum non-zero probability:       1.79003e-31
per-bin maximum probability:                0.35664
per-bin probability dynamic range (kT):     69.7669
per-segment minimum non-zero probability:   4.47508e-32
per-segment maximum non-zero probability:   0.115694
per-segment probability dynamic range (kT): 70.0274
norm = 1, error in norm = -2.22045e-16 (-1*epsilon)
MAB binning in use
Bottleneck bin occupancy may not be accurately reported
Waiting for segments to complete...
Iteration completed successfully
Iteration wallclock: 0:23:15.126954, cputime: 1:04:49.317953


Fri Mar 17 20:26:21 2023
Iteration 476 (500 requested)
Beginning iteration 476
108 segments remain in iteration 476 (108 total)
27 of 29 (93.103448%) active bins are populated
per-bin minimum non-zero probability:       4.47508e-32
per-bin maximum probability:                0.274193
per-bin probability dynamic range (kT):     70.8903
per-segment minimum non-zero probability:   1.11877e-32
per-segment maximum non-zero probability:   0.115694
per-segment probability dynamic range (kT): 71.4137
norm = 1, error in norm = -1.11022e-16 (-0.5*epsilon)
MAB binning in use
Bottleneck bin occupancy may not be accurately reported
Waiting for segments to complete...
Iteration completed successfully
Iteration wallclock: 0:23:00.793703, cputime: 1:04:51.460312


Fri Mar 17 20:49:22 2023
Iteration 477 (500 requested)
Beginning iteration 477
108 segments remain in iteration 477 (108 total)
27 of 29 (93.103448%) active bins are populated
per-bin minimum non-zero probability:       4.47508e-32
per-bin maximum probability:                0.480208
per-bin probability dynamic range (kT):     71.4507
per-segment minimum non-zero probability:   1.11877e-32
per-segment maximum non-zero probability:   0.176824
per-segment probability dynamic range (kT): 71.8379
norm = 1, error in norm = 0 (0*epsilon)
MAB binning in use
Bottleneck bin occupancy may not be accurately reported
Waiting for segments to complete...
Iteration completed successfully
Iteration wallclock: 0:23:00.461539, cputime: 1:04:50.461850


Fri Mar 17 21:12:22 2023
Iteration 478 (500 requested)
Beginning iteration 478
112 segments remain in iteration 478 (112 total)
28 of 29 (96.551724%) active bins are populated
per-bin minimum non-zero probability:       2.23754e-32
per-bin maximum probability:                0.3081
per-bin probability dynamic range (kT):     71.7
per-segment minimum non-zero probability:   5.59385e-33
per-segment maximum non-zero probability:   0.115694
per-segment probability dynamic range (kT): 72.1068
norm = 1, error in norm = -2.22045e-16 (-1*epsilon)
MAB binning in use
Bottleneck bin occupancy may not be accurately reported
Waiting for segments to complete...
Iteration completed successfully
Iteration wallclock: 0:23:25.427915, cputime: 1:06:57.568261


Fri Mar 17 21:35:48 2023
Iteration 479 (500 requested)
Beginning iteration 479
112 segments remain in iteration 479 (112 total)
28 of 29 (96.551724%) active bins are populated
per-bin minimum non-zero probability:       5.59385e-33
per-bin maximum probability:                0.270952
per-bin probability dynamic range (kT):     72.9578
per-segment minimum non-zero probability:   1.39846e-33
per-segment maximum non-zero probability:   0.115694
per-segment probability dynamic range (kT): 73.4931
norm = 1, error in norm = -1.11022e-16 (-0.5*epsilon)
MAB binning in use
Bottleneck bin occupancy may not be accurately reported
Waiting for segments to complete...
Iteration completed successfully
Iteration wallclock: 0:24:21.436000, cputime: 1:07:18.707858


Fri Mar 17 22:00:09 2023
Iteration 480 (500 requested)
Beginning iteration 480
108 segments remain in iteration 480 (108 total)
26 of 29 (89.655172%) active bins are populated
per-bin minimum non-zero probability:       6.52616e-33
per-bin maximum probability:                0.280464
per-bin probability dynamic range (kT):     72.8382
per-segment minimum non-zero probability:   3.49616e-34
per-segment maximum non-zero probability:   0.115694
per-segment probability dynamic range (kT): 74.8794
norm = 1, error in norm = -1.11022e-16 (-0.5*epsilon)
MAB binning in use
Bottleneck bin occupancy may not be accurately reported
Waiting for segments to complete...
Iteration completed successfully
Iteration wallclock: 0:23:03.828474, cputime: 1:04:51.400767


Fri Mar 17 22:23:13 2023
Iteration 481 (500 requested)
Beginning iteration 481
108 segments remain in iteration 481 (108 total)
27 of 29 (93.103448%) active bins are populated
per-bin minimum non-zero probability:       3.49616e-34
per-bin maximum probability:                0.231742
per-bin probability dynamic range (kT):     75.5741
per-segment minimum non-zero probability:   8.74039e-35
per-segment maximum non-zero probability:   0.115694
per-segment probability dynamic range (kT): 76.2657
norm = 1, error in norm = -2.22045e-16 (-1*epsilon)
MAB binning in use
Bottleneck bin occupancy may not be accurately reported
Waiting for segments to complete...
Iteration completed successfully
Iteration wallclock: 0:23:00.501924, cputime: 1:04:49.833691


Fri Mar 17 22:46:14 2023
Iteration 482 (500 requested)
Beginning iteration 482
112 segments remain in iteration 482 (112 total)
28 of 29 (96.551724%) active bins are populated
per-bin minimum non-zero probability:       1.24308e-33
per-bin maximum probability:                0.310249
per-bin probability dynamic range (kT):     74.5973
per-segment minimum non-zero probability:   8.74039e-35
per-segment maximum non-zero probability:   0.115694
per-segment probability dynamic range (kT): 76.2657
norm = 1, error in norm = -3.33067e-16 (-1.5*epsilon)
MAB binning in use
Bottleneck bin occupancy may not be accurately reported
Waiting for segments to complete...
Iteration completed successfully
Iteration wallclock: 0:23:31.864352, cputime: 1:07:07.538200


Fri Mar 17 23:09:45 2023
Iteration 483 (500 requested)
Beginning iteration 483
108 segments remain in iteration 483 (108 total)
27 of 29 (93.103448%) active bins are populated
per-bin minimum non-zero probability:       3.10769e-34
per-bin maximum probability:                0.254165
per-bin probability dynamic range (kT):     75.7842
per-segment minimum non-zero probability:   7.76923e-35
per-segment maximum non-zero probability:   0.0828663
per-segment probability dynamic range (kT): 76.0498
norm = 1, error in norm = -1.11022e-16 (-0.5*epsilon)
MAB binning in use
Bottleneck bin occupancy may not be accurately reported
Waiting for segments to complete...
Iteration completed successfully
Iteration wallclock: 0:23:03.270397, cputime: 1:04:50.255357


Fri Mar 17 23:32:49 2023
Iteration 484 (500 requested)
Beginning iteration 484
112 segments remain in iteration 484 (112 total)
27 of 29 (93.103448%) active bins are populated
per-bin minimum non-zero probability:       7.76923e-35
per-bin maximum probability:                0.342963
per-bin probability dynamic range (kT):     77.4702
per-segment minimum non-zero probability:   1.94231e-35
per-segment maximum non-zero probability:   0.0896666
per-segment probability dynamic range (kT): 77.5149
norm = 1, error in norm = -1.11022e-16 (-0.5*epsilon)
MAB binning in use
Bottleneck bin occupancy may not be accurately reported
Waiting for segments to complete...
Iteration completed successfully
Iteration wallclock: 0:23:50.956147, cputime: 1:07:07.468989


Fri Mar 17 23:56:40 2023
Iteration 485 (500 requested)
Beginning iteration 485
112 segments remain in iteration 485 (112 total)
28 of 29 (96.551724%) active bins are populated
per-bin minimum non-zero probability:       3.88462e-35
per-bin maximum probability:                0.410415
per-bin probability dynamic range (kT):     78.3429
per-segment minimum non-zero probability:   9.71154e-36
per-segment maximum non-zero probability:   0.140629
per-segment probability dynamic range (kT): 78.6581
norm = 1, error in norm = -2.22045e-16 (-1*epsilon)
MAB binning in use
Bottleneck bin occupancy may not be accurately reported
Waiting for segments to complete...
Iteration completed successfully
Iteration wallclock: 0:23:29.010780, cputime: 1:07:05.180636


Sat Mar 18 00:20:09 2023
Iteration 486 (500 requested)
Beginning iteration 486
108 segments remain in iteration 486 (108 total)
27 of 29 (93.103448%) active bins are populated
per-bin minimum non-zero probability:       1.94231e-35
per-bin maximum probability:                0.462189
per-bin probability dynamic range (kT):     79.1548
per-segment minimum non-zero probability:   4.85577e-36
per-segment maximum non-zero probability:   0.140629
per-segment probability dynamic range (kT): 79.3513
norm = 1, error in norm = 0 (0*epsilon)
MAB binning in use
Bottleneck bin occupancy may not be accurately reported
Waiting for segments to complete...
Iteration completed successfully
Iteration wallclock: 0:22:59.079682, cputime: 1:04:54.543559


Sat Mar 18 00:43:08 2023
Iteration 487 (500 requested)
Beginning iteration 487
104 segments remain in iteration 487 (104 total)
26 of 29 (89.655172%) active bins are populated
per-bin minimum non-zero probability:       4.85577e-36
per-bin maximum probability:                0.308569
per-bin probability dynamic range (kT):     80.1371
per-segment minimum non-zero probability:   1.21394e-36
per-segment maximum non-zero probability:   0.140629
per-segment probability dynamic range (kT): 80.7376
norm = 1, error in norm = -2.22045e-16 (-1*epsilon)
MAB binning in use
Bottleneck bin occupancy may not be accurately reported
Waiting for segments to complete...
Iteration completed successfully
Iteration wallclock: 0:21:51.804471, cputime: 1:02:27.265236


Sat Mar 18 01:05:00 2023
Iteration 488 (500 requested)
Beginning iteration 488
104 segments remain in iteration 488 (104 total)
26 of 29 (89.655172%) active bins are populated
per-bin minimum non-zero probability:       1.21394e-36
per-bin maximum probability:                0.335662
per-bin probability dynamic range (kT):     81.6075
per-segment minimum non-zero probability:   3.03486e-37
per-segment maximum non-zero probability:   0.112984
per-segment probability dynamic range (kT): 81.905
norm = 1, error in norm = -2.22045e-16 (-1*epsilon)
MAB binning in use
Bottleneck bin occupancy may not be accurately reported
Waiting for segments to complete...
Iteration completed successfully
Iteration wallclock: 0:21:49.664275, cputime: 1:02:27.837679


Sat Mar 18 01:26:49 2023
Iteration 489 (500 requested)
Beginning iteration 489
108 segments remain in iteration 489 (108 total)
26 of 29 (89.655172%) active bins are populated
per-bin minimum non-zero probability:       3.03486e-37
per-bin maximum probability:                0.310682
per-bin probability dynamic range (kT):     82.9165
per-segment minimum non-zero probability:   7.58714e-38
per-segment maximum non-zero probability:   0.112984
per-segment probability dynamic range (kT): 83.2913
norm = 1, error in norm = -2.22045e-16 (-1*epsilon)
MAB binning in use
Bottleneck bin occupancy may not be accurately reported
Waiting for segments to complete...
Iteration completed successfully
Iteration wallclock: 0:23:03.382463, cputime: 1:04:59.030167


Sat Mar 18 01:49:53 2023
Iteration 490 (500 requested)
Beginning iteration 490
104 segments remain in iteration 490 (104 total)
26 of 29 (89.655172%) active bins are populated
per-bin minimum non-zero probability:       7.58714e-38
per-bin maximum probability:                0.2436
per-bin probability dynamic range (kT):     84.0596
per-segment minimum non-zero probability:   1.89679e-38
per-segment maximum non-zero probability:   0.0828663
per-segment probability dynamic range (kT): 84.3675
norm = 1, error in norm = -2.22045e-16 (-1*epsilon)
MAB binning in use
Bottleneck bin occupancy may not be accurately reported
Waiting for segments to complete...
Iteration completed successfully
Iteration wallclock: 0:21:50.662205, cputime: 1:02:25.974601


Sat Mar 18 02:11:43 2023
Iteration 491 (500 requested)
Beginning iteration 491
100 segments remain in iteration 491 (100 total)
25 of 29 (86.206897%) active bins are populated
per-bin minimum non-zero probability:       1.94421e-35
per-bin maximum probability:                0.317568
per-bin probability dynamic range (kT):     78.7786
per-segment minimum non-zero probability:   1.89679e-38
per-segment maximum non-zero probability:   0.0887568
per-segment probability dynamic range (kT): 84.4362
norm = 1, error in norm = -2.22045e-16 (-1*epsilon)
MAB binning in use
Bottleneck bin occupancy may not be accurately reported
Waiting for segments to complete...
Iteration completed successfully
Iteration wallclock: 0:20:56.033635, cputime: 1:00:00.263896


Sat Mar 18 02:32:39 2023
Iteration 492 (500 requested)
Beginning iteration 492
104 segments remain in iteration 492 (104 total)
26 of 29 (89.655172%) active bins are populated
per-bin minimum non-zero probability:       4.85577e-36
per-bin maximum probability:                0.263978
per-bin probability dynamic range (kT):     79.981
per-segment minimum non-zero probability:   1.21394e-36
per-segment maximum non-zero probability:   0.0739683
per-segment probability dynamic range (kT): 80.0951
norm = 1, error in norm = -2.22045e-16 (-1*epsilon)
MAB binning in use
Bottleneck bin occupancy may not be accurately reported
Waiting for segments to complete...
Iteration completed successfully
Iteration wallclock: 0:21:49.890329, cputime: 1:02:28.188189


Sat Mar 18 02:54:29 2023
Iteration 493 (500 requested)
Beginning iteration 493
100 segments remain in iteration 493 (100 total)
25 of 29 (86.206897%) active bins are populated
per-bin minimum non-zero probability:       9.93916e-36
per-bin maximum probability:                0.235092
per-bin probability dynamic range (kT):     79.1488
per-segment minimum non-zero probability:   2.48479e-36
per-segment maximum non-zero probability:   0.071977
per-segment probability dynamic range (kT): 79.3515
norm = 1, error in norm = -2.22045e-16 (-1*epsilon)
MAB binning in use
Bottleneck bin occupancy may not be accurately reported
Waiting for segments to complete...
Iteration completed successfully
Iteration wallclock: 0:20:51.708523, cputime: 1:00:03.404671


Sat Mar 18 03:15:21 2023
Iteration 494 (500 requested)
Beginning iteration 494
96 segments remain in iteration 494 (96 total)
24 of 29 (82.758621%) active bins are populated
per-bin minimum non-zero probability:       2.48479e-36
per-bin maximum probability:                0.319303
per-bin probability dynamic range (kT):     80.8413
per-segment minimum non-zero probability:   6.21197e-37
per-segment maximum non-zero probability:   0.106863
per-segment probability dynamic range (kT): 81.133
norm = 1, error in norm = -1.11022e-16 (-0.5*epsilon)
MAB binning in use
Bottleneck bin occupancy may not be accurately reported
Waiting for segments to complete...
Iteration completed successfully
Iteration wallclock: 0:19:49.593339, cputime: 0:57:35.311627


Sat Mar 18 03:35:11 2023
Iteration 495 (500 requested)
Beginning iteration 495
92 segments remain in iteration 495 (92 total)
23 of 29 (79.310345%) active bins are populated
per-bin minimum non-zero probability:       6.21197e-37
per-bin maximum probability:                0.234562
per-bin probability dynamic range (kT):     81.9191
per-segment minimum non-zero probability:   1.55299e-37
per-segment maximum non-zero probability:   0.0705566
per-segment probability dynamic range (kT): 82.1041
norm = 1, error in norm = -2.22045e-16 (-1*epsilon)
MAB binning in use
Bottleneck bin occupancy may not be accurately reported
Waiting for segments to complete...
Iteration completed successfully
Iteration wallclock: 0:19:00.978735, cputime: 0:55:06.654281


Sat Mar 18 03:54:12 2023
Iteration 496 (500 requested)
Beginning iteration 496
88 segments remain in iteration 496 (88 total)
22 of 29 (75.862069%) active bins are populated
per-bin minimum non-zero probability:       1.55299e-37
per-bin maximum probability:                0.267258
per-bin probability dynamic range (kT):     83.4359
per-segment minimum non-zero probability:   3.88248e-38
per-segment maximum non-zero probability:   0.0859319
per-segment probability dynamic range (kT): 83.6876
norm = 1, error in norm = -1.11022e-16 (-0.5*epsilon)
MAB binning in use
Bottleneck bin occupancy may not be accurately reported
Waiting for segments to complete...
Iteration completed successfully
Iteration wallclock: 0:18:12.243865, cputime: 0:52:39.253791


Sat Mar 18 04:12:24 2023
Iteration 497 (500 requested)
Beginning iteration 497
88 segments remain in iteration 497 (88 total)
22 of 29 (75.862069%) active bins are populated
per-bin minimum non-zero probability:       7.76497e-38
per-bin maximum probability:                0.234082
per-bin probability dynamic range (kT):     83.9965
per-segment minimum non-zero probability:   1.94124e-38
per-segment maximum non-zero probability:   0.0859319
per-segment probability dynamic range (kT): 84.3807
norm = 1, error in norm = -2.22045e-16 (-1*epsilon)
MAB binning in use
Bottleneck bin occupancy may not be accurately reported
Waiting for segments to complete...
Iteration completed successfully
Iteration wallclock: 0:18:12.071837, cputime: 0:52:37.519425


Sat Mar 18 04:30:36 2023
Iteration 498 (500 requested)
Beginning iteration 498
96 segments remain in iteration 498 (96 total)
24 of 29 (82.758621%) active bins are populated
per-bin minimum non-zero probability:       7.76497e-38
per-bin maximum probability:                0.308117
per-bin probability dynamic range (kT):     84.2713
per-segment minimum non-zero probability:   1.94124e-38
per-segment maximum non-zero probability:   0.0985372
per-segment probability dynamic range (kT): 84.5176
norm = 1, error in norm = -2.22045e-16 (-1*epsilon)
MAB binning in use
Bottleneck bin occupancy may not be accurately reported
Waiting for segments to complete...
Iteration completed successfully
Iteration wallclock: 0:19:52.840729, cputime: 0:57:31.364425


Sat Mar 18 04:50:29 2023
Iteration 499 (500 requested)
Beginning iteration 499
96 segments remain in iteration 499 (96 total)
24 of 29 (82.758621%) active bins are populated
per-bin minimum non-zero probability:       4.52956e-38
per-bin maximum probability:                0.463258
per-bin probability dynamic range (kT):     85.2181
per-segment minimum non-zero probability:   1.13239e-38
per-segment maximum non-zero probability:   0.155381
per-segment probability dynamic range (kT): 85.512
norm = 1, error in norm = -2.22045e-16 (-1*epsilon)
MAB binning in use
Bottleneck bin occupancy may not be accurately reported
Waiting for segments to complete...
Iteration completed successfully
Iteration wallclock: 0:19:46.312489, cputime: 0:57:30.550008


Sat Mar 18 05:10:15 2023
Iteration 500 (500 requested)
Beginning iteration 500
92 segments remain in iteration 500 (92 total)
23 of 29 (79.310345%) active bins are populated
per-bin minimum non-zero probability:       1.94124e-38
per-bin maximum probability:                0.305575
per-bin probability dynamic range (kT):     85.6493
per-segment minimum non-zero probability:   4.8531e-39
per-segment maximum non-zero probability:   0.123408
per-segment probability dynamic range (kT): 86.1289
norm = 1, error in norm = -1.11022e-16 (-0.5*epsilon)
MAB binning in use
Bottleneck bin occupancy may not be accurately reported
Waiting for segments to complete...
Iteration completed successfully
Iteration wallclock: 0:19:12.403518, cputime: 0:55:06.574136


Sat Mar 18 05:29:27 2023
WEST run complete.
