Updating system with the options from the configuration file
Maximum wallclock time: 1 day, 0:00:00

Fri Jul 12 14:09:49 2024
Iteration 501 (600 requested)
Beginning iteration 501
116 segments remain in iteration 501 (116 total)
28 of 33 (84.848485%) active bins are populated
per-bin minimum non-zero probability:       3.7344e-17
per-bin maximum probability:                0.671722
per-bin probability dynamic range (kT):     37.4284
per-segment minimum non-zero probability:   9.33601e-18
per-segment maximum non-zero probability:   0.234312
per-segment probability dynamic range (kT): 37.7616
norm = 1, error in norm = -2.22045e-16 (-1*epsilon)
MAB binning in use
Bottleneck bin occupancy may not be accurately reported
Waiting for segments to complete...
################ MAB stats ################
minima in each dimension:      [6.9749]
maxima in each dimension:      [39.9075]
direction in each dimension:   [86]
skip in each dimension:        [0]
###########################################
Iteration completed successfully
Iteration wallclock: 0:07:46.389950, cputime: 0:32:04.571506


Fri Jul 12 14:17:35 2024
Iteration 502 (600 requested)
Beginning iteration 502
132 segments remain in iteration 502 (132 total)
32 of 33 (96.969697%) active bins are populated
per-bin minimum non-zero probability:       9.33601e-18
per-bin maximum probability:                0.646861
per-bin probability dynamic range (kT):     38.777
per-segment minimum non-zero probability:   2.334e-18
per-segment maximum non-zero probability:   0.234312
per-segment probability dynamic range (kT): 39.1478
norm = 1, error in norm = -1.11022e-16 (-0.5*epsilon)
MAB binning in use
Bottleneck bin occupancy may not be accurately reported
Waiting for segments to complete...
################ MAB stats ################
minima in each dimension:      [6.8214]
maxima in each dimension:      [39.9601]
direction in each dimension:   [86]
skip in each dimension:        [0]
###########################################
Iteration completed successfully
Iteration wallclock: 0:06:47.574088, cputime: 0:36:45.813331


Fri Jul 12 14:24:23 2024
Iteration 503 (600 requested)
Beginning iteration 503
132 segments remain in iteration 503 (132 total)
30 of 33 (90.909091%) active bins are populated
per-bin minimum non-zero probability:       1.34888e-16
per-bin maximum probability:                0.673435
per-bin probability dynamic range (kT):     36.1467
per-segment minimum non-zero probability:   2.46435e-17
per-segment maximum non-zero probability:   0.234312
per-segment probability dynamic range (kT): 36.7909
norm = 1, error in norm = -4.44089e-16 (-2*epsilon)
MAB binning in use
Bottleneck bin occupancy may not be accurately reported
Waiting for segments to complete...
################ MAB stats ################
minima in each dimension:      [8.5796]
maxima in each dimension:      [39.6883]
direction in each dimension:   [86]
skip in each dimension:        [0]
###########################################
Iteration completed successfully
Iteration wallclock: 0:06:53.267039, cputime: 0:36:43.239808


Fri Jul 12 14:31:16 2024
Iteration 504 (600 requested)
Beginning iteration 504
132 segments remain in iteration 504 (132 total)
32 of 33 (96.969697%) active bins are populated
per-bin minimum non-zero probability:       7.39305e-17
per-bin maximum probability:                0.737962
per-bin probability dynamic range (kT):     36.8395
per-segment minimum non-zero probability:   1.23218e-17
per-segment maximum non-zero probability:   0.234312
per-segment probability dynamic range (kT): 37.4841
norm = 1, error in norm = -4.44089e-16 (-2*epsilon)
MAB binning in use
Bottleneck bin occupancy may not be accurately reported
Waiting for segments to complete...
################ MAB stats ################
minima in each dimension:      [8.2048]
maxima in each dimension:      [39.4315]
direction in each dimension:   [86]
skip in each dimension:        [0]
###########################################
Iteration completed successfully
Iteration wallclock: 0:06:51.766854, cputime: 0:36:41.856279


Fri Jul 12 14:38:08 2024
Iteration 505 (600 requested)
Beginning iteration 505
132 segments remain in iteration 505 (132 total)
29 of 33 (87.878788%) active bins are populated
per-bin minimum non-zero probability:       1.23218e-17
per-bin maximum probability:                0.483181
per-bin probability dynamic range (kT):     38.2078
per-segment minimum non-zero probability:   3.08044e-18
per-segment maximum non-zero probability:   0.191895
per-segment probability dynamic range (kT): 38.6707
norm = 1, error in norm = -2.22045e-16 (-1*epsilon)
MAB binning in use
Bottleneck bin occupancy may not be accurately reported
Waiting for segments to complete...
################ MAB stats ################
minima in each dimension:      [7.46]
maxima in each dimension:      [39.6305]
direction in each dimension:   [86]
skip in each dimension:        [0]
###########################################
Iteration completed successfully
Iteration wallclock: 0:06:54.261806, cputime: 0:36:46.082206


Fri Jul 12 14:45:02 2024
Iteration 506 (600 requested)
Beginning iteration 506
132 segments remain in iteration 506 (132 total)
32 of 33 (96.969697%) active bins are populated
per-bin minimum non-zero probability:       1.77362e-17
per-bin maximum probability:                0.618373
per-bin probability dynamic range (kT):     38.0903
per-segment minimum non-zero probability:   3.66394e-18
per-segment maximum non-zero probability:   0.192166
per-segment probability dynamic range (kT): 38.4986
norm = 1, error in norm = -4.44089e-16 (-2*epsilon)
MAB binning in use
Bottleneck bin occupancy may not be accurately reported
Waiting for segments to complete...
################ MAB stats ################
minima in each dimension:      [6.1944]
maxima in each dimension:      [39.9662]
direction in each dimension:   [86]
skip in each dimension:        [0]
###########################################
Iteration completed successfully
Iteration wallclock: 0:06:59.807065, cputime: 0:36:12.454259


Fri Jul 12 14:52:02 2024
Iteration 507 (600 requested)
Beginning iteration 507
128 segments remain in iteration 507 (128 total)
31 of 33 (93.939394%) active bins are populated
per-bin minimum non-zero probability:       1.29912e-17
per-bin maximum probability:                0.369069
per-bin probability dynamic range (kT):     37.8855
per-segment minimum non-zero probability:   3.10909e-18
per-segment maximum non-zero probability:   0.123982
per-segment probability dynamic range (kT): 38.2246
norm = 1, error in norm = -4.44089e-16 (-2*epsilon)
MAB binning in use
Bottleneck bin occupancy may not be accurately reported
Waiting for segments to complete...
################ MAB stats ################
minima in each dimension:      [5.5074]
maxima in each dimension:      [39.953]
direction in each dimension:   [86]
skip in each dimension:        [0]
###########################################
Iteration completed successfully
Iteration wallclock: 0:06:42.087987, cputime: 0:35:39.720944


Fri Jul 12 14:58:44 2024
Iteration 508 (600 requested)
Beginning iteration 508
128 segments remain in iteration 508 (128 total)
30 of 33 (90.909091%) active bins are populated
per-bin minimum non-zero probability:       2.17636e-17
per-bin maximum probability:                0.548698
per-bin probability dynamic range (kT):     37.7661
per-segment minimum non-zero probability:   3.10909e-18
per-segment maximum non-zero probability:   0.196472
per-segment probability dynamic range (kT): 38.685
norm = 1, error in norm = -4.44089e-16 (-2*epsilon)
MAB binning in use
Bottleneck bin occupancy may not be accurately reported
Waiting for segments to complete...
################ MAB stats ################
minima in each dimension:      [4.993]
maxima in each dimension:      [39.7747]
direction in each dimension:   [86]
skip in each dimension:        [0]
###########################################
Iteration completed successfully
Iteration wallclock: 0:06:46.117479, cputime: 0:35:28.800397


Fri Jul 12 15:05:30 2024
Iteration 509 (600 requested)
Beginning iteration 509
132 segments remain in iteration 509 (132 total)
33 of 33 (100.000000%) active bins are populated
per-bin minimum non-zero probability:       6.21817e-18
per-bin maximum probability:                0.604981
per-bin probability dynamic range (kT):     39.1165
per-segment minimum non-zero probability:   1.55454e-18
per-segment maximum non-zero probability:   0.196472
per-segment probability dynamic range (kT): 39.3781
norm = 1, error in norm = -4.44089e-16 (-2*epsilon)
MAB binning in use
Bottleneck bin occupancy may not be accurately reported
Waiting for segments to complete...
################ MAB stats ################
minima in each dimension:      [6.8401]
maxima in each dimension:      [39.759]
direction in each dimension:   [86]
skip in each dimension:        [0]
###########################################
Iteration completed successfully
Iteration wallclock: 0:06:59.214210, cputime: 0:36:17.479915


Fri Jul 12 15:12:29 2024
Iteration 510 (600 requested)
Beginning iteration 510
132 segments remain in iteration 510 (132 total)
30 of 33 (90.909091%) active bins are populated
per-bin minimum non-zero probability:       3.70135e-16
per-bin maximum probability:                0.583875
per-bin probability dynamic range (kT):     34.9946
per-segment minimum non-zero probability:   5.25182e-17
per-segment maximum non-zero probability:   0.196472
per-segment probability dynamic range (kT): 35.8581
norm = 1, error in norm = -4.44089e-16 (-2*epsilon)
MAB binning in use
Bottleneck bin occupancy may not be accurately reported
Waiting for segments to complete...
################ MAB stats ################
minima in each dimension:      [6.7054]
maxima in each dimension:      [39.6973]
direction in each dimension:   [86]
skip in each dimension:        [0]
###########################################
Iteration completed successfully
Iteration wallclock: 0:07:00.389399, cputime: 0:36:20.109520


Fri Jul 12 15:19:30 2024
Iteration 511 (600 requested)
Beginning iteration 511
132 segments remain in iteration 511 (132 total)
32 of 33 (96.969697%) active bins are populated
per-bin minimum non-zero probability:       1.49495e-16
per-bin maximum probability:                0.666343
per-bin probability dynamic range (kT):     36.0333
per-segment minimum non-zero probability:   3.73738e-17
per-segment maximum non-zero probability:   0.207554
per-segment probability dynamic range (kT): 36.2532
norm = 1, error in norm = -2.22045e-16 (-1*epsilon)
MAB binning in use
Bottleneck bin occupancy may not be accurately reported
Waiting for segments to complete...
################ MAB stats ################
minima in each dimension:      [6.7654]
maxima in each dimension:      [39.7624]
direction in each dimension:   [86]
skip in each dimension:        [0]
###########################################
Iteration completed successfully
Iteration wallclock: 0:06:57.771404, cputime: 0:36:31.951569


Fri Jul 12 15:26:27 2024
Iteration 512 (600 requested)
Beginning iteration 512
120 segments remain in iteration 512 (120 total)
31 of 33 (93.939394%) active bins are populated
per-bin minimum non-zero probability:       3.73738e-17
per-bin maximum probability:                0.520512
per-bin probability dynamic range (kT):     37.1726
per-segment minimum non-zero probability:   9.34346e-18
per-segment maximum non-zero probability:   0.196472
per-segment probability dynamic range (kT): 37.5846
norm = 1, error in norm = -2.22045e-16 (-1*epsilon)
MAB binning in use
Bottleneck bin occupancy may not be accurately reported
Waiting for segments to complete...
################ MAB stats ################
minima in each dimension:      [6.6198]
maxima in each dimension:      [39.7812]
direction in each dimension:   [86]
skip in each dimension:        [0]
###########################################
Iteration completed successfully
Iteration wallclock: 0:06:16.843322, cputime: 0:33:07.232546


Fri Jul 12 15:32:44 2024
Iteration 513 (600 requested)
Beginning iteration 513
120 segments remain in iteration 513 (120 total)
30 of 33 (90.909091%) active bins are populated
per-bin minimum non-zero probability:       2.40596e-16
per-bin maximum probability:                0.411037
per-bin probability dynamic range (kT):     35.0743
per-segment minimum non-zero probability:   9.34346e-18
per-segment maximum non-zero probability:   0.134386
per-segment probability dynamic range (kT): 37.2048
norm = 1, error in norm = -3.33067e-16 (-1.5*epsilon)
MAB binning in use
Bottleneck bin occupancy may not be accurately reported
Waiting for segments to complete...
################ MAB stats ################
minima in each dimension:      [7.2253]
maxima in each dimension:      [39.8655]
direction in each dimension:   [86]
skip in each dimension:        [0]
###########################################
Iteration completed successfully
Iteration wallclock: 0:06:11.536836, cputime: 0:33:19.484493


Fri Jul 12 15:38:56 2024
Iteration 514 (600 requested)
Beginning iteration 514
128 segments remain in iteration 514 (128 total)
31 of 33 (93.939394%) active bins are populated
per-bin minimum non-zero probability:       9.34346e-18
per-bin maximum probability:                0.348721
per-bin probability dynamic range (kT):     38.1584
per-segment minimum non-zero probability:   2.33586e-18
per-segment maximum non-zero probability:   0.103777
per-segment probability dynamic range (kT): 38.3326
norm = 1, error in norm = -4.44089e-16 (-2*epsilon)
MAB binning in use
Bottleneck bin occupancy may not be accurately reported
Waiting for segments to complete...
################ MAB stats ################
minima in each dimension:      [6.4372]
maxima in each dimension:      [39.5586]
direction in each dimension:   [86]
skip in each dimension:        [0]
###########################################
Iteration completed successfully
Iteration wallclock: 0:06:38.845600, cputime: 0:35:27.298757


Fri Jul 12 15:45:35 2024
Iteration 515 (600 requested)
Beginning iteration 515
120 segments remain in iteration 515 (120 total)
30 of 33 (90.909091%) active bins are populated
per-bin minimum non-zero probability:       1.03093e-16
per-bin maximum probability:                0.510409
per-bin probability dynamic range (kT):     36.1384
per-segment minimum non-zero probability:   1.98552e-17
per-segment maximum non-zero probability:   0.18656
per-segment probability dynamic range (kT): 36.7791
norm = 1, error in norm = -3.33067e-16 (-1.5*epsilon)
MAB binning in use
Bottleneck bin occupancy may not be accurately reported
Waiting for segments to complete...
################ MAB stats ################
minima in each dimension:      [6.4463]
maxima in each dimension:      [39.8076]
direction in each dimension:   [86]
skip in each dimension:        [0]
###########################################
Iteration completed successfully
Iteration wallclock: 0:06:08.240182, cputime: 0:33:23.517558


Fri Jul 12 15:51:43 2024
Iteration 516 (600 requested)
Beginning iteration 516
120 segments remain in iteration 516 (120 total)
31 of 33 (93.939394%) active bins are populated
per-bin minimum non-zero probability:       3.62236e-16
per-bin maximum probability:                0.524285
per-bin probability dynamic range (kT):     34.9085
per-segment minimum non-zero probability:   7.21048e-17
per-segment maximum non-zero probability:   0.18656
per-segment probability dynamic range (kT): 35.4894
norm = 1, error in norm = -4.44089e-16 (-2*epsilon)
MAB binning in use
Bottleneck bin occupancy may not be accurately reported
Waiting for segments to complete...
################ MAB stats ################
minima in each dimension:      [6.634]
maxima in each dimension:      [39.6693]
direction in each dimension:   [86]
skip in each dimension:        [0]
###########################################
Iteration completed successfully
Iteration wallclock: 0:06:06.356301, cputime: 0:33:27.378721


Fri Jul 12 15:57:49 2024
Iteration 517 (600 requested)
Beginning iteration 517
128 segments remain in iteration 517 (128 total)
33 of 33 (100.000000%) active bins are populated
per-bin minimum non-zero probability:       4.82972e-16
per-bin maximum probability:                0.358673
per-bin probability dynamic range (kT):     34.2412
per-segment minimum non-zero probability:   6.79225e-17
per-segment maximum non-zero probability:   0.124374
per-segment probability dynamic range (kT): 35.1437
norm = 1, error in norm = -4.44089e-16 (-2*epsilon)
MAB binning in use
Bottleneck bin occupancy may not be accurately reported
Waiting for segments to complete...
################ MAB stats ################
minima in each dimension:      [6.0691]
maxima in each dimension:      [39.8483]
direction in each dimension:   [86]
skip in each dimension:        [0]
###########################################
Iteration completed successfully
Iteration wallclock: 0:06:32.834135, cputime: 0:35:39.620668


Fri Jul 12 16:04:22 2024
Iteration 518 (600 requested)
Beginning iteration 518
108 segments remain in iteration 518 (108 total)
26 of 33 (78.787879%) active bins are populated
per-bin minimum non-zero probability:       7.59258e-16
per-bin maximum probability:                0.420037
per-bin probability dynamic range (kT):     33.9468
per-segment minimum non-zero probability:   1.84741e-16
per-segment maximum non-zero probability:   0.124374
per-segment probability dynamic range (kT): 34.1431
norm = 1, error in norm = -2.22045e-16 (-1*epsilon)
MAB binning in use
Bottleneck bin occupancy may not be accurately reported
Waiting for segments to complete...
################ MAB stats ################
minima in each dimension:      [7.8546]
maxima in each dimension:      [39.8386]
direction in each dimension:   [86]
skip in each dimension:        [0]
###########################################
Iteration completed successfully
Iteration wallclock: 0:05:39.267839, cputime: 0:29:54.435415


Fri Jul 12 16:10:01 2024
Iteration 519 (600 requested)
Beginning iteration 519
120 segments remain in iteration 519 (120 total)
29 of 33 (87.878788%) active bins are populated
per-bin minimum non-zero probability:       1.06024e-15
per-bin maximum probability:                0.333718
per-bin probability dynamic range (kT):     33.3828
per-segment minimum non-zero probability:   2.6506e-16
per-segment maximum non-zero probability:   0.118094
per-segment probability dynamic range (kT): 33.7303
norm = 1, error in norm = -4.44089e-16 (-2*epsilon)
MAB binning in use
Bottleneck bin occupancy may not be accurately reported
Waiting for segments to complete...
################ MAB stats ################
minima in each dimension:      [7.8762]
maxima in each dimension:      [39.7493]
direction in each dimension:   [86]
skip in each dimension:        [0]
###########################################
Iteration completed successfully
Iteration wallclock: 0:06:05.073775, cputime: 0:33:25.772093


Fri Jul 12 16:16:06 2024
Iteration 520 (600 requested)
Beginning iteration 520
116 segments remain in iteration 520 (116 total)
29 of 33 (87.878788%) active bins are populated
per-bin minimum non-zero probability:       2.6506e-16
per-bin maximum probability:                0.519165
per-bin probability dynamic range (kT):     35.211
per-segment minimum non-zero probability:   6.6265e-17
per-segment maximum non-zero probability:   0.169946
per-segment probability dynamic range (kT): 35.4806
norm = 1, error in norm = -1.11022e-16 (-0.5*epsilon)
MAB binning in use
Bottleneck bin occupancy may not be accurately reported
Waiting for segments to complete...
################ MAB stats ################
minima in each dimension:      [7.9008]
maxima in each dimension:      [39.9719]
direction in each dimension:   [86]
skip in each dimension:        [0]
###########################################
Iteration completed successfully
Iteration wallclock: 0:06:04.415404, cputime: 0:32:11.221970


Fri Jul 12 16:22:11 2024
Iteration 521 (600 requested)
Beginning iteration 521
124 segments remain in iteration 521 (124 total)
31 of 33 (93.939394%) active bins are populated
per-bin minimum non-zero probability:       3.58436e-16
per-bin maximum probability:                0.71858
per-bin probability dynamic range (kT):     35.2343
per-segment minimum non-zero probability:   6.6265e-17
per-segment maximum non-zero probability:   0.239117
per-segment probability dynamic range (kT): 35.8221
norm = 1, error in norm = -5.55112e-16 (-2.5*epsilon)
MAB binning in use
Bottleneck bin occupancy may not be accurately reported
Waiting for segments to complete...
################ MAB stats ################
minima in each dimension:      [7.2569]
maxima in each dimension:      [39.8248]
direction in each dimension:   [86]
skip in each dimension:        [0]
###########################################
Iteration completed successfully
Iteration wallclock: 0:06:26.492437, cputime: 0:34:30.373326


Fri Jul 12 16:28:37 2024
Iteration 522 (600 requested)
Beginning iteration 522
128 segments remain in iteration 522 (128 total)
32 of 33 (96.969697%) active bins are populated
per-bin minimum non-zero probability:       6.6265e-17
per-bin maximum probability:                0.695905
per-bin probability dynamic range (kT):     36.8903
per-segment minimum non-zero probability:   1.65662e-17
per-segment maximum non-zero probability:   0.239117
per-segment probability dynamic range (kT): 37.2084
norm = 1, error in norm = -4.44089e-16 (-2*epsilon)
MAB binning in use
Bottleneck bin occupancy may not be accurately reported
Waiting for segments to complete...
################ MAB stats ################
minima in each dimension:      [6.6732]
maxima in each dimension:      [39.9817]
direction in each dimension:   [86]
skip in each dimension:        [0]
###########################################
Iteration completed successfully
Iteration wallclock: 0:06:31.067660, cputime: 0:35:32.626165


Fri Jul 12 16:35:08 2024
Iteration 523 (600 requested)
Beginning iteration 523
124 segments remain in iteration 523 (124 total)
29 of 33 (87.878788%) active bins are populated
per-bin minimum non-zero probability:       7.28481e-16
per-bin maximum probability:                0.541467
per-bin probability dynamic range (kT):     34.2421
per-segment minimum non-zero probability:   1.77979e-16
per-segment maximum non-zero probability:   0.17955
per-segment probability dynamic range (kT): 34.5476
norm = 1, error in norm = -2.22045e-16 (-1*epsilon)
MAB binning in use
Bottleneck bin occupancy may not be accurately reported
Waiting for segments to complete...
################ MAB stats ################
minima in each dimension:      [5.7805]
maxima in each dimension:      [39.9396]
direction in each dimension:   [86]
skip in each dimension:        [0]
###########################################
Iteration completed successfully
Iteration wallclock: 0:06:20.906093, cputime: 0:34:26.575211


Fri Jul 12 16:41:29 2024
Iteration 524 (600 requested)
Beginning iteration 524
124 segments remain in iteration 524 (124 total)
29 of 33 (87.878788%) active bins are populated
per-bin minimum non-zero probability:       5.68308e-16
per-bin maximum probability:                0.471727
per-bin probability dynamic range (kT):     34.3525
per-segment minimum non-zero probability:   1.42077e-16
per-segment maximum non-zero probability:   0.17955
per-segment probability dynamic range (kT): 34.7729
norm = 1, error in norm = -2.22045e-16 (-1*epsilon)
MAB binning in use
Bottleneck bin occupancy may not be accurately reported
Waiting for segments to complete...
################ MAB stats ################
minima in each dimension:      [6.4829]
maxima in each dimension:      [39.9482]
direction in each dimension:   [86]
skip in each dimension:        [0]
###########################################
Iteration completed successfully
Iteration wallclock: 0:06:29.012046, cputime: 0:34:28.034487


Fri Jul 12 16:47:58 2024
Iteration 525 (600 requested)
Beginning iteration 525
124 segments remain in iteration 525 (124 total)
30 of 33 (90.909091%) active bins are populated
per-bin minimum non-zero probability:       1.42077e-16
per-bin maximum probability:                0.580492
per-bin probability dynamic range (kT):     35.9463
per-segment minimum non-zero probability:   3.55192e-17
per-segment maximum non-zero probability:   0.17955
per-segment probability dynamic range (kT): 36.1592
norm = 1, error in norm = -2.22045e-16 (-1*epsilon)
MAB binning in use
Bottleneck bin occupancy may not be accurately reported
Waiting for segments to complete...
