Updating system with the options from the configuration file
Maximum wallclock time: 3 days, 0:00:00

Tue Jun  4 10:59:13 2024
Iteration 273 (500 requested)
Beginning iteration 273
120 segments remain in iteration 273 (120 total)
30 of 33 (90.909091%) active bins are populated
per-bin minimum non-zero probability:       3.51192e-16
per-bin maximum probability:                0.473603
per-bin probability dynamic range (kT):     34.8378
per-segment minimum non-zero probability:   8.7798e-17
per-segment maximum non-zero probability:   0.173916
per-segment probability dynamic range (kT): 35.2223
norm = 1, error in norm = -4.44089e-16 (-2*epsilon)
MAB binning in use
Bottleneck bin occupancy may not be accurately reported
Waiting for segments to complete...
################ MAB stats ################
minima in each dimension:      [4.0023]
maxima in each dimension:      [39.7735]
direction in each dimension:   [86]
skip in each dimension:        [0]
###########################################
Iteration completed successfully
Iteration wallclock: 0:07:51.597036, cputime: 0:33:10.146664


Tue Jun  4 11:07:05 2024
Iteration 274 (500 requested)
Beginning iteration 274
112 segments remain in iteration 274 (112 total)
28 of 33 (84.848485%) active bins are populated
per-bin minimum non-zero probability:       2.63394e-16
per-bin maximum probability:                0.598243
per-bin probability dynamic range (kT):     35.3591
per-segment minimum non-zero probability:   4.3899e-17
per-segment maximum non-zero probability:   0.182134
per-segment probability dynamic range (kT): 35.9616
norm = 1, error in norm = -3.33067e-16 (-1.5*epsilon)
MAB binning in use
Bottleneck bin occupancy may not be accurately reported
Waiting for segments to complete...
################ MAB stats ################
minima in each dimension:      [3.9785]
maxima in each dimension:      [39.8999]
direction in each dimension:   [86]
skip in each dimension:        [0]
###########################################
Iteration completed successfully
Iteration wallclock: 0:05:41.255650, cputime: 0:31:19.771457


Tue Jun  4 11:12:46 2024
Iteration 275 (500 requested)
Beginning iteration 275
116 segments remain in iteration 275 (116 total)
28 of 33 (84.848485%) active bins are populated
per-bin minimum non-zero probability:       3.05963e-14
per-bin maximum probability:                0.640587
per-bin probability dynamic range (kT):     30.6725
per-segment minimum non-zero probability:   2.48727e-15
per-segment maximum non-zero probability:   0.182134
per-segment probability dynamic range (kT): 31.9246
norm = 1, error in norm = -6.66134e-16 (-3*epsilon)
MAB binning in use
Bottleneck bin occupancy may not be accurately reported
Waiting for segments to complete...
################ MAB stats ################
minima in each dimension:      [4.4833]
maxima in each dimension:      [39.8338]
direction in each dimension:   [86]
skip in each dimension:        [0]
###########################################
Iteration completed successfully
Iteration wallclock: 0:06:01.073088, cputime: 0:32:23.743144


Tue Jun  4 11:18:47 2024
Iteration 276 (500 requested)
Beginning iteration 276
124 segments remain in iteration 276 (124 total)
30 of 33 (90.909091%) active bins are populated
per-bin minimum non-zero probability:       7.05277e-15
per-bin maximum probability:                0.535006
per-bin probability dynamic range (kT):     31.9599
per-segment minimum non-zero probability:   1.52183e-15
per-segment maximum non-zero probability:   0.182134
per-segment probability dynamic range (kT): 32.4158
norm = 1, error in norm = -4.44089e-16 (-2*epsilon)
MAB binning in use
Bottleneck bin occupancy may not be accurately reported
Waiting for segments to complete...
################ MAB stats ################
minima in each dimension:      [3.753]
maxima in each dimension:      [39.877]
direction in each dimension:   [86]
skip in each dimension:        [0]
###########################################
Iteration completed successfully
Iteration wallclock: 0:06:26.712029, cputime: 0:34:31.851364


Tue Jun  4 11:25:14 2024
Iteration 277 (500 requested)
Beginning iteration 277
124 segments remain in iteration 277 (124 total)
31 of 33 (93.939394%) active bins are populated
per-bin minimum non-zero probability:       4.91226e-15
per-bin maximum probability:                0.555254
per-bin probability dynamic range (kT):     32.3587
per-segment minimum non-zero probability:   1.22807e-15
per-segment maximum non-zero probability:   0.173916
per-segment probability dynamic range (kT): 32.5842
norm = 1, error in norm = -3.33067e-16 (-1.5*epsilon)
MAB binning in use
Bottleneck bin occupancy may not be accurately reported
Waiting for segments to complete...
################ MAB stats ################
minima in each dimension:      [4.3885]
maxima in each dimension:      [39.3952]
direction in each dimension:   [86]
skip in each dimension:        [0]
###########################################
Iteration completed successfully
Iteration wallclock: 0:06:30.058920, cputime: 0:34:36.573704


Tue Jun  4 11:31:44 2024
Iteration 278 (500 requested)
Beginning iteration 278
116 segments remain in iteration 278 (116 total)
28 of 33 (84.848485%) active bins are populated
per-bin minimum non-zero probability:       1.22807e-15
per-bin maximum probability:                0.662581
per-bin probability dynamic range (kT):     33.9217
per-segment minimum non-zero probability:   3.07017e-16
per-segment maximum non-zero probability:   0.222639
per-segment probability dynamic range (kT): 34.2174
norm = 1, error in norm = -3.33067e-16 (-1.5*epsilon)
MAB binning in use
Bottleneck bin occupancy may not be accurately reported
Waiting for segments to complete...
################ MAB stats ################
minima in each dimension:      [6.156]
maxima in each dimension:      [39.2474]
direction in each dimension:   [86]
skip in each dimension:        [0]
###########################################
Iteration completed successfully
Iteration wallclock: 0:06:00.360801, cputime: 0:32:08.843872


Tue Jun  4 11:37:44 2024
Iteration 279 (500 requested)
Beginning iteration 279
120 segments remain in iteration 279 (120 total)
28 of 33 (84.848485%) active bins are populated
per-bin minimum non-zero probability:       8.59282e-14
per-bin maximum probability:                0.595183
per-bin probability dynamic range (kT):     29.5664
per-segment minimum non-zero probability:   8.55959e-15
per-segment maximum non-zero probability:   0.222639
per-segment probability dynamic range (kT): 30.8895
norm = 1, error in norm = -5.55112e-16 (-2.5*epsilon)
MAB binning in use
Bottleneck bin occupancy may not be accurately reported
Waiting for segments to complete...
################ MAB stats ################
minima in each dimension:      [7.0272]
maxima in each dimension:      [39.7663]
direction in each dimension:   [86]
skip in each dimension:        [0]
###########################################
Iteration completed successfully
Iteration wallclock: 0:06:05.937619, cputime: 0:33:22.097948


Tue Jun  4 11:43:50 2024
Iteration 280 (500 requested)
Beginning iteration 280
116 segments remain in iteration 280 (116 total)
28 of 33 (84.848485%) active bins are populated
per-bin minimum non-zero probability:       7.19051e-14
per-bin maximum probability:                0.387543
per-bin probability dynamic range (kT):     29.3155
per-segment minimum non-zero probability:   1.23001e-14
per-segment maximum non-zero probability:   0.144603
per-segment probability dynamic range (kT): 30.0954
norm = 1, error in norm = -3.33067e-16 (-1.5*epsilon)
MAB binning in use
Bottleneck bin occupancy may not be accurately reported
Waiting for segments to complete...
################ MAB stats ################
minima in each dimension:      [5.7682]
maxima in each dimension:      [39.934]
direction in each dimension:   [86]
skip in each dimension:        [0]
###########################################
Iteration completed successfully
Iteration wallclock: 0:05:59.040108, cputime: 0:32:24.458440


Tue Jun  4 11:49:49 2024
Iteration 281 (500 requested)
Beginning iteration 281
120 segments remain in iteration 281 (120 total)
31 of 33 (93.939394%) active bins are populated
per-bin minimum non-zero probability:       1.23001e-14
per-bin maximum probability:                0.612152
per-bin probability dynamic range (kT):     31.5384
per-segment minimum non-zero probability:   3.07503e-15
per-segment maximum non-zero probability:   0.224609
per-segment probability dynamic range (kT): 31.9221
norm = 1, error in norm = -3.33067e-16 (-1.5*epsilon)
MAB binning in use
Bottleneck bin occupancy may not be accurately reported
Waiting for segments to complete...
################ MAB stats ################
minima in each dimension:      [6.2072]
maxima in each dimension:      [39.9312]
direction in each dimension:   [86]
skip in each dimension:        [0]
###########################################
Iteration completed successfully
Iteration wallclock: 0:06:06.720344, cputime: 0:33:27.390524


Tue Jun  4 11:55:56 2024
Iteration 282 (500 requested)
Beginning iteration 282
124 segments remain in iteration 282 (124 total)
32 of 33 (96.969697%) active bins are populated
per-bin minimum non-zero probability:       2.4493e-14
per-bin maximum probability:                0.488793
per-bin probability dynamic range (kT):     30.6246
per-segment minimum non-zero probability:   5.35449e-15
per-segment maximum non-zero probability:   0.14974
per-segment probability dynamic range (kT): 30.962
norm = 1, error in norm = -4.44089e-16 (-2*epsilon)
MAB binning in use
Bottleneck bin occupancy may not be accurately reported
Waiting for segments to complete...
################ MAB stats ################
minima in each dimension:      [7.2076]
maxima in each dimension:      [39.3891]
direction in each dimension:   [86]
skip in each dimension:        [0]
###########################################
Iteration completed successfully
Iteration wallclock: 0:06:31.979524, cputime: 0:34:31.751800


Tue Jun  4 12:02:28 2024
Iteration 283 (500 requested)
Beginning iteration 283
124 segments remain in iteration 283 (124 total)
30 of 33 (90.909091%) active bins are populated
per-bin minimum non-zero probability:       3.62863e-14
per-bin maximum probability:                0.702117
per-bin probability dynamic range (kT):     30.5937
per-segment minimum non-zero probability:   9.07158e-15
per-segment maximum non-zero probability:   0.215986
per-segment probability dynamic range (kT): 30.8011
norm = 1, error in norm = -4.44089e-16 (-2*epsilon)
MAB binning in use
Bottleneck bin occupancy may not be accurately reported
Waiting for segments to complete...
################ MAB stats ################
minima in each dimension:      [6.7495]
maxima in each dimension:      [39.3096]
direction in each dimension:   [86]
skip in each dimension:        [0]
###########################################
Iteration completed successfully
Iteration wallclock: 0:06:35.341278, cputime: 0:34:36.367757


Tue Jun  4 12:09:03 2024
Iteration 284 (500 requested)
Beginning iteration 284
128 segments remain in iteration 284 (128 total)
32 of 33 (96.969697%) active bins are populated
per-bin minimum non-zero probability:       9.07158e-15
per-bin maximum probability:                0.326394
per-bin probability dynamic range (kT):     31.214
per-segment minimum non-zero probability:   2.26789e-15
per-segment maximum non-zero probability:   0.144603
per-segment probability dynamic range (kT): 31.7862
norm = 1, error in norm = -4.44089e-16 (-2*epsilon)
MAB binning in use
Bottleneck bin occupancy may not be accurately reported
Waiting for segments to complete...
################ MAB stats ################
minima in each dimension:      [7.5394]
maxima in each dimension:      [39.9887]
direction in each dimension:   [86]
skip in each dimension:        [0]
###########################################
Iteration completed successfully
Iteration wallclock: 0:06:28.880099, cputime: 0:35:33.344500


Tue Jun  4 12:15:32 2024
Iteration 285 (500 requested)
Beginning iteration 285
120 segments remain in iteration 285 (120 total)
31 of 33 (93.939394%) active bins are populated
per-bin minimum non-zero probability:       4.53579e-15
per-bin maximum probability:                0.451568
per-bin probability dynamic range (kT):     32.2317
per-segment minimum non-zero probability:   1.13395e-15
per-segment maximum non-zero probability:   0.144603
per-segment probability dynamic range (kT): 32.4793
norm = 1, error in norm = -4.44089e-16 (-2*epsilon)
MAB binning in use
Bottleneck bin occupancy may not be accurately reported
Waiting for segments to complete...
################ MAB stats ################
minima in each dimension:      [6.925]
maxima in each dimension:      [39.8717]
direction in each dimension:   [86]
skip in each dimension:        [0]
###########################################
Iteration completed successfully
Iteration wallclock: 0:06:06.623181, cputime: 0:33:25.195872


Tue Jun  4 12:21:39 2024
Iteration 286 (500 requested)
Beginning iteration 286
128 segments remain in iteration 286 (128 total)
32 of 33 (96.969697%) active bins are populated
per-bin minimum non-zero probability:       1.13395e-15
per-bin maximum probability:                0.389041
per-bin probability dynamic range (kT):     33.469
per-segment minimum non-zero probability:   2.83487e-16
per-segment maximum non-zero probability:   0.137982
per-segment probability dynamic range (kT): 33.8187
norm = 1, error in norm = -3.33067e-16 (-1.5*epsilon)
MAB binning in use
Bottleneck bin occupancy may not be accurately reported
Waiting for segments to complete...
################ MAB stats ################
minima in each dimension:      [7.1407]
maxima in each dimension:      [39.8558]
direction in each dimension:   [86]
skip in each dimension:        [0]
###########################################
Iteration completed successfully
Iteration wallclock: 0:06:31.225340, cputime: 0:35:36.577911


Tue Jun  4 12:28:10 2024
Iteration 287 (500 requested)
Beginning iteration 287
124 segments remain in iteration 287 (124 total)
30 of 33 (90.909091%) active bins are populated
per-bin minimum non-zero probability:       2.83487e-16
per-bin maximum probability:                0.621642
per-bin probability dynamic range (kT):     35.324
per-segment minimum non-zero probability:   7.08717e-17
per-segment maximum non-zero probability:   0.22223
per-segment probability dynamic range (kT): 35.6816
norm = 1, error in norm = -5.55112e-16 (-2.5*epsilon)
MAB binning in use
Bottleneck bin occupancy may not be accurately reported
Waiting for segments to complete...
################ MAB stats ################
minima in each dimension:      [5.0096]
maxima in each dimension:      [39.8229]
direction in each dimension:   [86]
skip in each dimension:        [0]
###########################################
Iteration completed successfully
Iteration wallclock: 0:06:23.752929, cputime: 0:34:36.051593


Tue Jun  4 12:34:34 2024
Iteration 288 (500 requested)
Beginning iteration 288
132 segments remain in iteration 288 (132 total)
33 of 33 (100.000000%) active bins are populated
per-bin minimum non-zero probability:       8.09694e-15
per-bin maximum probability:                0.499078
per-bin probability dynamic range (kT):     31.7523
per-segment minimum non-zero probability:   2.83487e-16
per-segment maximum non-zero probability:   0.22223
per-segment probability dynamic range (kT): 34.2953
norm = 1, error in norm = -2.22045e-16 (-1*epsilon)
MAB binning in use
Bottleneck bin occupancy may not be accurately reported
Waiting for segments to complete...
################ MAB stats ################
minima in each dimension:      [5.6187]
maxima in each dimension:      [39.864]
direction in each dimension:   [86]
skip in each dimension:        [0]
###########################################
Iteration completed successfully
Iteration wallclock: 0:06:48.420532, cputime: 0:36:51.438668


Tue Jun  4 12:41:22 2024
Iteration 289 (500 requested)
Beginning iteration 289
124 segments remain in iteration 289 (124 total)
28 of 33 (84.848485%) active bins are populated
per-bin minimum non-zero probability:       4.04847e-15
per-bin maximum probability:                0.431499
per-bin probability dynamic range (kT):     32.2999
per-segment minimum non-zero probability:   1.01212e-15
per-segment maximum non-zero probability:   0.148153
per-segment probability dynamic range (kT): 32.6172
norm = 1, error in norm = -6.66134e-16 (-3*epsilon)
MAB binning in use
Bottleneck bin occupancy may not be accurately reported
Waiting for segments to complete...
################ MAB stats ################
minima in each dimension:      [4.3742]
maxima in each dimension:      [39.8181]
direction in each dimension:   [86]
skip in each dimension:        [0]
###########################################
Iteration completed successfully
Iteration wallclock: 0:06:25.412525, cputime: 0:34:44.083063


Tue Jun  4 12:47:47 2024
Iteration 290 (500 requested)
Beginning iteration 290
128 segments remain in iteration 290 (128 total)
32 of 33 (96.969697%) active bins are populated
per-bin minimum non-zero probability:       2.02423e-15
per-bin maximum probability:                0.826623
per-bin probability dynamic range (kT):     33.6432
per-segment minimum non-zero probability:   5.06059e-16
per-segment maximum non-zero probability:   0.280203
per-segment probability dynamic range (kT): 33.9476
norm = 1, error in norm = -5.55112e-16 (-2.5*epsilon)
MAB binning in use
Bottleneck bin occupancy may not be accurately reported
Waiting for segments to complete...
################ MAB stats ################
minima in each dimension:      [4.6079]
maxima in each dimension:      [39.8265]
direction in each dimension:   [86]
skip in each dimension:        [0]
###########################################
Iteration completed successfully
Iteration wallclock: 0:06:30.700232, cputime: 0:35:39.216803


Tue Jun  4 12:54:18 2024
Iteration 291 (500 requested)
Beginning iteration 291
116 segments remain in iteration 291 (116 total)
29 of 33 (87.878788%) active bins are populated
per-bin minimum non-zero probability:       2.83933e-15
per-bin maximum probability:                0.486558
per-bin probability dynamic range (kT):     32.7748
per-segment minimum non-zero probability:   5.83318e-16
per-segment maximum non-zero probability:   0.188996
per-segment probability dynamic range (kT): 33.4118
norm = 1, error in norm = -5.55112e-16 (-2.5*epsilon)
MAB binning in use
Bottleneck bin occupancy may not be accurately reported
Waiting for segments to complete...
################ MAB stats ################
minima in each dimension:      [5.3154]
maxima in each dimension:      [39.8645]
direction in each dimension:   [86]
skip in each dimension:        [0]
###########################################
Iteration completed successfully
Iteration wallclock: 0:06:05.387893, cputime: 0:32:22.110043


Tue Jun  4 13:00:24 2024
Iteration 292 (500 requested)
Beginning iteration 292
120 segments remain in iteration 292 (120 total)
30 of 33 (90.909091%) active bins are populated
per-bin minimum non-zero probability:       1.28057e-14
per-bin maximum probability:                0.289419
per-bin probability dynamic range (kT):     30.749
per-segment minimum non-zero probability:   5.44688e-16
per-segment maximum non-zero probability:   0.110759
per-segment probability dynamic range (kT): 32.9459
norm = 1, error in norm = -3.33067e-16 (-1.5*epsilon)
MAB binning in use
Bottleneck bin occupancy may not be accurately reported
Waiting for segments to complete...
################ MAB stats ################
minima in each dimension:      [5.4284]
maxima in each dimension:      [39.6582]
direction in each dimension:   [86]
skip in each dimension:        [0]
###########################################
Iteration completed successfully
Iteration wallclock: 0:06:05.877121, cputime: 0:33:28.384131


Tue Jun  4 13:06:29 2024
Iteration 293 (500 requested)
Beginning iteration 293
120 segments remain in iteration 293 (120 total)
28 of 33 (84.848485%) active bins are populated
per-bin minimum non-zero probability:       1.12801e-15
per-bin maximum probability:                0.511704
per-bin probability dynamic range (kT):     33.7483
per-segment minimum non-zero probability:   1.94439e-16
per-segment maximum non-zero probability:   0.182757
per-segment probability dynamic range (kT): 34.4768
norm = 1, error in norm = -3.33067e-16 (-1.5*epsilon)
MAB binning in use
Bottleneck bin occupancy may not be accurately reported
Waiting for segments to complete...
################ MAB stats ################
minima in each dimension:      [5.7318]
maxima in each dimension:      [39.5764]
direction in each dimension:   [86]
skip in each dimension:        [0]
###########################################
Iteration completed successfully
Iteration wallclock: 0:06:04.678379, cputime: 0:33:31.651993


Tue Jun  4 13:12:34 2024
Iteration 294 (500 requested)
Beginning iteration 294
112 segments remain in iteration 294 (112 total)
28 of 33 (84.848485%) active bins are populated
per-bin minimum non-zero probability:       9.33567e-16
per-bin maximum probability:                0.308887
per-bin probability dynamic range (kT):     33.4327
per-segment minimum non-zero probability:   1.81563e-16
per-segment maximum non-zero probability:   0.131887
per-segment probability dynamic range (kT): 34.2191
norm = 1, error in norm = -3.33067e-16 (-1.5*epsilon)
MAB binning in use
Bottleneck bin occupancy may not be accurately reported
Waiting for segments to complete...
################ MAB stats ################
minima in each dimension:      [5.0094]
maxima in each dimension:      [39.9781]
direction in each dimension:   [86]
skip in each dimension:        [0]
###########################################
Iteration completed successfully
Iteration wallclock: 0:05:40.757615, cputime: 0:31:08.627086


Tue Jun  4 13:18:15 2024
Iteration 295 (500 requested)
Beginning iteration 295
124 segments remain in iteration 295 (124 total)
30 of 33 (90.909091%) active bins are populated
per-bin minimum non-zero probability:       1.81563e-16
per-bin maximum probability:                0.536706
per-bin probability dynamic range (kT):     35.6226
per-segment minimum non-zero probability:   4.53907e-17
per-segment maximum non-zero probability:   0.155225
per-segment probability dynamic range (kT): 35.7683
norm = 1, error in norm = -4.44089e-16 (-2*epsilon)
MAB binning in use
Bottleneck bin occupancy may not be accurately reported
Waiting for segments to complete...
################ MAB stats ################
minima in each dimension:      [5.6046]
maxima in each dimension:      [39.5587]
direction in each dimension:   [86]
skip in each dimension:        [0]
###########################################
Iteration completed successfully
Iteration wallclock: 0:06:24.153400, cputime: 0:34:35.155640


Tue Jun  4 13:24:39 2024
Iteration 296 (500 requested)
Beginning iteration 296
116 segments remain in iteration 296 (116 total)
30 of 33 (90.909091%) active bins are populated
per-bin minimum non-zero probability:       1.84782e-16
per-bin maximum probability:                0.574158
per-bin probability dynamic range (kT):     35.6725
per-segment minimum non-zero probability:   4.53907e-17
per-segment maximum non-zero probability:   0.18779
per-segment probability dynamic range (kT): 35.9588
norm = 1, error in norm = -4.44089e-16 (-2*epsilon)
MAB binning in use
Bottleneck bin occupancy may not be accurately reported
Waiting for segments to complete...
################ MAB stats ################
minima in each dimension:      [6.9825]
maxima in each dimension:      [39.7946]
direction in each dimension:   [86]
skip in each dimension:        [0]
###########################################
Iteration completed successfully
Iteration wallclock: 0:06:01.556375, cputime: 0:32:14.723594


Tue Jun  4 13:30:41 2024
Iteration 297 (500 requested)
Beginning iteration 297
120 segments remain in iteration 297 (120 total)
29 of 33 (87.878788%) active bins are populated
per-bin minimum non-zero probability:       2.32441e-14
per-bin maximum probability:                0.690205
per-bin probability dynamic range (kT):     31.022
per-segment minimum non-zero probability:   4.64428e-15
per-segment maximum non-zero probability:   0.18779
per-segment probability dynamic range (kT): 31.3307
norm = 1, error in norm = -4.44089e-16 (-2*epsilon)
MAB binning in use
Bottleneck bin occupancy may not be accurately reported
Waiting for segments to complete...
################ MAB stats ################
minima in each dimension:      [6.4779]
maxima in each dimension:      [39.9396]
direction in each dimension:   [86]
skip in each dimension:        [0]
###########################################
Iteration completed successfully
Iteration wallclock: 0:06:06.159537, cputime: 0:33:19.370011


Tue Jun  4 13:36:47 2024
Iteration 298 (500 requested)
Beginning iteration 298
124 segments remain in iteration 298 (124 total)
30 of 33 (90.909091%) active bins are populated
per-bin minimum non-zero probability:       1.18135e-14
per-bin maximum probability:                0.35546
per-bin probability dynamic range (kT):     31.0352
per-segment minimum non-zero probability:   2.95336e-15
per-segment maximum non-zero probability:   0.125193
per-segment probability dynamic range (kT): 31.3779
norm = 1, error in norm = -3.33067e-16 (-1.5*epsilon)
MAB binning in use
Bottleneck bin occupancy may not be accurately reported
Waiting for segments to complete...
################ MAB stats ################
minima in each dimension:      [6.5568]
maxima in each dimension:      [39.9885]
direction in each dimension:   [86]
skip in each dimension:        [0]
###########################################
Iteration completed successfully
Iteration wallclock: 0:06:22.751487, cputime: 0:34:43.087116


Tue Jun  4 13:43:09 2024
Iteration 299 (500 requested)
Beginning iteration 299
128 segments remain in iteration 299 (128 total)
31 of 33 (93.939394%) active bins are populated
per-bin minimum non-zero probability:       2.01374e-14
per-bin maximum probability:                0.637367
per-bin probability dynamic range (kT):     31.0858
per-segment minimum non-zero probability:   4.17992e-15
per-segment maximum non-zero probability:   0.217216
per-segment probability dynamic range (kT): 31.5816
norm = 1, error in norm = -6.66134e-16 (-3*epsilon)
MAB binning in use
Bottleneck bin occupancy may not be accurately reported
Waiting for segments to complete...
################ MAB stats ################
minima in each dimension:      [7.2064]
maxima in each dimension:      [39.7771]
direction in each dimension:   [86]
skip in each dimension:        [0]
###########################################
Iteration completed successfully
Iteration wallclock: 0:06:32.519280, cputime: 0:35:41.497643


Tue Jun  4 13:49:42 2024
Iteration 300 (500 requested)
Beginning iteration 300
124 segments remain in iteration 300 (124 total)
32 of 33 (96.969697%) active bins are populated
per-bin minimum non-zero probability:       3.23955e-14
per-bin maximum probability:                0.771885
per-bin probability dynamic range (kT):     30.8018
per-segment minimum non-zero probability:   6.0611e-15
per-segment maximum non-zero probability:   0.259712
per-segment probability dynamic range (kT): 31.3887
norm = 1, error in norm = -4.44089e-16 (-2*epsilon)
MAB binning in use
Bottleneck bin occupancy may not be accurately reported
Waiting for segments to complete...
################ MAB stats ################
minima in each dimension:      [4.6479]
maxima in each dimension:      [39.4185]
direction in each dimension:   [86]
skip in each dimension:        [0]
###########################################
Iteration completed successfully
Iteration wallclock: 0:06:27.739226, cputime: 0:34:32.960739


Tue Jun  4 13:56:10 2024
Iteration 301 (500 requested)
Beginning iteration 301
120 segments remain in iteration 301 (120 total)
29 of 33 (87.878788%) active bins are populated
per-bin minimum non-zero probability:       1.21222e-14
per-bin maximum probability:                0.414512
per-bin probability dynamic range (kT):     31.1631
per-segment minimum non-zero probability:   3.03055e-15
per-segment maximum non-zero probability:   0.144329
per-segment probability dynamic range (kT): 31.4944
norm = 1, error in norm = -4.44089e-16 (-2*epsilon)
MAB binning in use
Bottleneck bin occupancy may not be accurately reported
Waiting for segments to complete...
################ MAB stats ################
minima in each dimension:      [6.7735]
maxima in each dimension:      [39.5596]
direction in each dimension:   [86]
skip in each dimension:        [0]
###########################################
Iteration completed successfully
Iteration wallclock: 0:06:09.418252, cputime: 0:33:19.136982


Tue Jun  4 14:02:19 2024
Iteration 302 (500 requested)
Beginning iteration 302
120 segments remain in iteration 302 (120 total)
29 of 33 (87.878788%) active bins are populated
per-bin minimum non-zero probability:       2.44598e-14
per-bin maximum probability:                0.498691
per-bin probability dynamic range (kT):     30.646
per-segment minimum non-zero probability:   3.03055e-15
per-segment maximum non-zero probability:   0.144811
per-segment probability dynamic range (kT): 31.4977
norm = 1, error in norm = -2.22045e-16 (-1*epsilon)
MAB binning in use
Bottleneck bin occupancy may not be accurately reported
Waiting for segments to complete...
################ MAB stats ################
minima in each dimension:      [7.8208]
maxima in each dimension:      [39.8512]
direction in each dimension:   [86]
skip in each dimension:        [0]
###########################################
Iteration completed successfully
Iteration wallclock: 0:06:12.234136, cputime: 0:33:29.275249


Tue Jun  4 14:08:31 2024
Iteration 303 (500 requested)
Beginning iteration 303
124 segments remain in iteration 303 (124 total)
29 of 33 (87.878788%) active bins are populated
per-bin minimum non-zero probability:       4.02729e-14
per-bin maximum probability:                0.401624
per-bin probability dynamic range (kT):     29.9309
per-segment minimum non-zero probability:   3.03055e-15
per-segment maximum non-zero probability:   0.144329
per-segment probability dynamic range (kT): 31.4944
norm = 1, error in norm = -4.44089e-16 (-2*epsilon)
MAB binning in use
Bottleneck bin occupancy may not be accurately reported
Waiting for segments to complete...
################ MAB stats ################
minima in each dimension:      [4.8132]
maxima in each dimension:      [39.9256]
direction in each dimension:   [86]
skip in each dimension:        [0]
###########################################
Iteration completed successfully
Iteration wallclock: 0:06:31.202857, cputime: 0:34:22.540483


Tue Jun  4 14:15:03 2024
Iteration 304 (500 requested)
Beginning iteration 304
120 segments remain in iteration 304 (120 total)
29 of 33 (87.878788%) active bins are populated
per-bin minimum non-zero probability:       1.11693e-14
per-bin maximum probability:                0.418814
per-bin probability dynamic range (kT):     31.2553
per-segment minimum non-zero probability:   2.79231e-15
per-segment maximum non-zero probability:   0.144329
per-segment probability dynamic range (kT): 31.5762
norm = 1, error in norm = -2.22045e-16 (-1*epsilon)
MAB binning in use
Bottleneck bin occupancy may not be accurately reported
Waiting for segments to complete...
################ MAB stats ################
minima in each dimension:      [5.3191]
maxima in each dimension:      [39.6299]
direction in each dimension:   [86]
skip in each dimension:        [0]
###########################################
Iteration completed successfully
Iteration wallclock: 0:06:29.758591, cputime: 0:32:56.335850


Tue Jun  4 14:21:32 2024
Iteration 305 (500 requested)
Beginning iteration 305
132 segments remain in iteration 305 (132 total)
32 of 33 (96.969697%) active bins are populated
per-bin minimum non-zero probability:       4.23955e-15
per-bin maximum probability:                0.452976
per-bin probability dynamic range (kT):     32.3024
per-segment minimum non-zero probability:   1.05989e-15
per-segment maximum non-zero probability:   0.144329
per-segment probability dynamic range (kT): 32.545
norm = 1, error in norm = -4.44089e-16 (-2*epsilon)
MAB binning in use
Bottleneck bin occupancy may not be accurately reported
Waiting for segments to complete...
################ MAB stats ################
minima in each dimension:      [5.6025]
maxima in each dimension:      [39.7569]
direction in each dimension:   [86]
skip in each dimension:        [0]
###########################################
Iteration completed successfully
Iteration wallclock: 0:06:51.067427, cputime: 0:36:34.976616


Tue Jun  4 14:28:23 2024
Iteration 306 (500 requested)
Beginning iteration 306
132 segments remain in iteration 306 (132 total)
33 of 33 (100.000000%) active bins are populated
per-bin minimum non-zero probability:       6.35933e-15
per-bin maximum probability:                0.639056
per-bin probability dynamic range (kT):     32.2411
per-segment minimum non-zero probability:   1.41318e-15
per-segment maximum non-zero probability:   0.233333
per-segment probability dynamic range (kT): 32.7376
norm = 1, error in norm = -3.33067e-16 (-1.5*epsilon)
MAB binning in use
Bottleneck bin occupancy may not be accurately reported
Waiting for segments to complete...
################ MAB stats ################
minima in each dimension:      [5.7607]
maxima in each dimension:      [39.7514]
direction in each dimension:   [86]
skip in each dimension:        [0]
###########################################
Iteration completed successfully
Iteration wallclock: 0:06:48.496529, cputime: 0:36:48.654535


Tue Jun  4 14:35:12 2024
Iteration 307 (500 requested)
Beginning iteration 307
128 segments remain in iteration 307 (128 total)
32 of 33 (96.969697%) active bins are populated
per-bin minimum non-zero probability:       2.82637e-15
per-bin maximum probability:                0.537704
per-bin probability dynamic range (kT):     32.8793
per-segment minimum non-zero probability:   7.06592e-16
per-segment maximum non-zero probability:   0.144329
per-segment probability dynamic range (kT): 32.9504
norm = 1, error in norm = -2.22045e-16 (-1*epsilon)
MAB binning in use
Bottleneck bin occupancy may not be accurately reported
Waiting for segments to complete...
################ MAB stats ################
minima in each dimension:      [5.4219]
maxima in each dimension:      [39.9775]
direction in each dimension:   [86]
skip in each dimension:        [0]
###########################################
Iteration completed successfully
Iteration wallclock: 0:06:31.491184, cputime: 0:35:31.193134


Tue Jun  4 14:41:43 2024
Iteration 308 (500 requested)
Beginning iteration 308
124 segments remain in iteration 308 (124 total)
30 of 33 (90.909091%) active bins are populated
per-bin minimum non-zero probability:       1.08537e-14
per-bin maximum probability:                0.501082
per-bin probability dynamic range (kT):     31.4633
per-segment minimum non-zero probability:   1.94088e-15
per-segment maximum non-zero probability:   0.144329
per-segment probability dynamic range (kT): 31.94
norm = 1, error in norm = -2.22045e-16 (-1*epsilon)
MAB binning in use
Bottleneck bin occupancy may not be accurately reported
Waiting for segments to complete...
################ MAB stats ################
minima in each dimension:      [5.7977]
maxima in each dimension:      [39.9988]
direction in each dimension:   [86]
skip in each dimension:        [0]
###########################################
Iteration completed successfully
Iteration wallclock: 0:06:34.497039, cputime: 0:34:28.769971


Tue Jun  4 14:48:18 2024
Iteration 309 (500 requested)
Beginning iteration 309
124 segments remain in iteration 309 (124 total)
30 of 33 (90.909091%) active bins are populated
per-bin minimum non-zero probability:       2.77437e-15
per-bin maximum probability:                0.487335
per-bin probability dynamic range (kT):     32.7995
per-segment minimum non-zero probability:   6.93592e-16
per-segment maximum non-zero probability:   0.144329
per-segment probability dynamic range (kT): 32.969
norm = 1, error in norm = -2.22045e-16 (-1*epsilon)
MAB binning in use
Bottleneck bin occupancy may not be accurately reported
Waiting for segments to complete...
################ MAB stats ################
minima in each dimension:      [7.6864]
maxima in each dimension:      [39.9473]
direction in each dimension:   [86]
skip in each dimension:        [0]
###########################################
Iteration completed successfully
Iteration wallclock: 0:07:28.244309, cputime: 0:33:52.860303


Tue Jun  4 14:55:46 2024
Iteration 310 (500 requested)
Beginning iteration 310
124 segments remain in iteration 310 (124 total)
32 of 33 (96.969697%) active bins are populated
per-bin minimum non-zero probability:       2.5005e-14
per-bin maximum probability:                0.339675
per-bin probability dynamic range (kT):     30.2399
per-segment minimum non-zero probability:   6.93592e-16
per-segment maximum non-zero probability:   0.144329
per-segment probability dynamic range (kT): 32.969
norm = 1, error in norm = -4.44089e-16 (-2*epsilon)
MAB binning in use
Bottleneck bin occupancy may not be accurately reported
Waiting for segments to complete...
################ MAB stats ################
minima in each dimension:      [7.9609]
maxima in each dimension:      [39.5372]
direction in each dimension:   [86]
skip in each dimension:        [0]
###########################################
Iteration completed successfully
Iteration wallclock: 0:06:45.594120, cputime: 0:34:15.808632


Tue Jun  4 15:02:32 2024
Iteration 311 (500 requested)
Beginning iteration 311
132 segments remain in iteration 311 (132 total)
32 of 33 (96.969697%) active bins are populated
per-bin minimum non-zero probability:       6.77145e-15
per-bin maximum probability:                0.495059
per-bin probability dynamic range (kT):     31.923
per-segment minimum non-zero probability:   1.69286e-15
per-segment maximum non-zero probability:   0.158851
per-segment probability dynamic range (kT): 32.1726
norm = 1, error in norm = -2.22045e-16 (-1*epsilon)
MAB binning in use
Bottleneck bin occupancy may not be accurately reported
Waiting for segments to complete...
################ MAB stats ################
minima in each dimension:      [7.5935]
maxima in each dimension:      [39.9158]
direction in each dimension:   [86]
skip in each dimension:        [0]
###########################################
Iteration completed successfully
Iteration wallclock: 0:07:31.343220, cputime: 0:36:26.982002


Tue Jun  4 15:10:03 2024
Iteration 312 (500 requested)
Beginning iteration 312
124 segments remain in iteration 312 (124 total)
32 of 33 (96.969697%) active bins are populated
per-bin minimum non-zero probability:       2.32686e-14
per-bin maximum probability:                0.484911
per-bin probability dynamic range (kT):     30.6679
per-segment minimum non-zero probability:   5.81715e-15
per-segment maximum non-zero probability:   0.158851
per-segment probability dynamic range (kT): 30.9382
norm = 1, error in norm = -4.44089e-16 (-2*epsilon)
MAB binning in use
Bottleneck bin occupancy may not be accurately reported
Waiting for segments to complete...
################ MAB stats ################
minima in each dimension:      [6.5084]
maxima in each dimension:      [39.116]
direction in each dimension:   [86]
skip in each dimension:        [0]
###########################################
Iteration completed successfully
Iteration wallclock: 0:06:41.310301, cputime: 0:34:14.261211


Tue Jun  4 15:16:44 2024
Iteration 313 (500 requested)
Beginning iteration 313
132 segments remain in iteration 313 (132 total)
32 of 33 (96.969697%) active bins are populated
per-bin minimum non-zero probability:       1.33069e-14
per-bin maximum probability:                0.414908
per-bin probability dynamic range (kT):     31.0708
per-segment minimum non-zero probability:   3.32673e-15
per-segment maximum non-zero probability:   0.134181
per-segment probability dynamic range (kT): 31.3282
norm = 1, error in norm = -4.44089e-16 (-2*epsilon)
MAB binning in use
Bottleneck bin occupancy may not be accurately reported
Waiting for segments to complete...
################ MAB stats ################
minima in each dimension:      [7.8693]
maxima in each dimension:      [39.7416]
direction in each dimension:   [86]
skip in each dimension:        [0]
###########################################
Iteration completed successfully
Iteration wallclock: 0:06:58.645413, cputime: 0:36:37.421355


Tue Jun  4 15:23:43 2024
Iteration 314 (500 requested)
Beginning iteration 314
124 segments remain in iteration 314 (124 total)
30 of 33 (90.909091%) active bins are populated
per-bin minimum non-zero probability:       1.79372e-14
per-bin maximum probability:                0.606334
per-bin probability dynamic range (kT):     31.1516
per-segment minimum non-zero probability:   3.76125e-15
per-segment maximum non-zero probability:   0.202326
per-segment probability dynamic range (kT): 31.6161
norm = 1, error in norm = -2.22045e-16 (-1*epsilon)
MAB binning in use
Bottleneck bin occupancy may not be accurately reported
Waiting for segments to complete...
################ MAB stats ################
minima in each dimension:      [5.3182]
maxima in each dimension:      [39.9432]
direction in each dimension:   [86]
skip in each dimension:        [0]
###########################################
Iteration completed successfully
Iteration wallclock: 0:06:36.864279, cputime: 0:34:25.112035


Tue Jun  4 15:30:20 2024
Iteration 315 (500 requested)
Beginning iteration 315
120 segments remain in iteration 315 (120 total)
29 of 33 (87.878788%) active bins are populated
per-bin minimum non-zero probability:       1.12838e-14
per-bin maximum probability:                0.5106
per-bin probability dynamic range (kT):     31.4432
per-segment minimum non-zero probability:   1.88063e-15
per-segment maximum non-zero probability:   0.202326
per-segment probability dynamic range (kT): 32.3093
norm = 1, error in norm = -2.22045e-16 (-1*epsilon)
MAB binning in use
Bottleneck bin occupancy may not be accurately reported
Waiting for segments to complete...
################ MAB stats ################
minima in each dimension:      [5.596]
maxima in each dimension:      [39.9592]
direction in each dimension:   [86]
skip in each dimension:        [0]
###########################################
Iteration completed successfully
Iteration wallclock: 0:06:07.851073, cputime: 0:33:22.288429


Tue Jun  4 15:36:28 2024
Iteration 316 (500 requested)
Beginning iteration 316
124 segments remain in iteration 316 (124 total)
31 of 33 (93.939394%) active bins are populated
per-bin minimum non-zero probability:       5.64188e-15
per-bin maximum probability:                0.326886
per-bin probability dynamic range (kT):     31.6904
per-segment minimum non-zero probability:   1.25375e-15
per-segment maximum non-zero probability:   0.157529
per-segment probability dynamic range (kT): 32.4645
norm = 1, error in norm = -1.11022e-16 (-0.5*epsilon)
MAB binning in use
Bottleneck bin occupancy may not be accurately reported
Waiting for segments to complete...
################ MAB stats ################
minima in each dimension:      [6.7422]
maxima in each dimension:      [39.7541]
direction in each dimension:   [86]
skip in each dimension:        [0]
###########################################
Iteration completed successfully
Iteration wallclock: 0:06:32.680724, cputime: 0:34:21.745050


Tue Jun  4 15:43:00 2024
Iteration 317 (500 requested)
Beginning iteration 317
120 segments remain in iteration 317 (120 total)
31 of 33 (93.939394%) active bins are populated
per-bin minimum non-zero probability:       1.26655e-14
per-bin maximum probability:                0.457921
per-bin probability dynamic range (kT):     31.2188
per-segment minimum non-zero probability:   6.33273e-15
per-segment maximum non-zero probability:   0.112298
per-segment probability dynamic range (kT): 30.5064
norm = 1, error in norm = -3.33067e-16 (-1.5*epsilon)
MAB binning in use
Bottleneck bin occupancy may not be accurately reported
Waiting for segments to complete...
################ MAB stats ################
minima in each dimension:      [7.8867]
maxima in each dimension:      [39.8387]
direction in each dimension:   [86]
skip in each dimension:        [0]
###########################################
Iteration completed successfully
Iteration wallclock: 0:06:13.018633, cputime: 0:33:21.888308


Tue Jun  4 15:49:13 2024
Iteration 318 (500 requested)
Beginning iteration 318
132 segments remain in iteration 318 (132 total)
32 of 33 (96.969697%) active bins are populated
per-bin minimum non-zero probability:       6.75312e-15
per-bin maximum probability:                0.365295
per-bin probability dynamic range (kT):     31.6217
per-segment minimum non-zero probability:   1.68828e-15
per-segment maximum non-zero probability:   0.112298
per-segment probability dynamic range (kT): 31.8285
norm = 1, error in norm = -1.11022e-16 (-0.5*epsilon)
MAB binning in use
Bottleneck bin occupancy may not be accurately reported
Waiting for segments to complete...
################ MAB stats ################
minima in each dimension:      [6.3965]
maxima in each dimension:      [39.9211]
direction in each dimension:   [86]
skip in each dimension:        [0]
###########################################
Iteration completed successfully
Iteration wallclock: 0:06:55.664353, cputime: 0:36:44.471728


Tue Jun  4 15:56:09 2024
Iteration 319 (500 requested)
Beginning iteration 319
128 segments remain in iteration 319 (128 total)
31 of 33 (93.939394%) active bins are populated
per-bin minimum non-zero probability:       1.60137e-14
per-bin maximum probability:                0.457519
per-bin probability dynamic range (kT):     30.9834
per-segment minimum non-zero probability:   3.37656e-15
per-segment maximum non-zero probability:   0.149018
per-segment probability dynamic range (kT): 31.4182
norm = 1, error in norm = -4.44089e-16 (-2*epsilon)
MAB binning in use
Bottleneck bin occupancy may not be accurately reported
Waiting for segments to complete...
################ MAB stats ################
minima in each dimension:      [7.5257]
maxima in each dimension:      [39.8914]
direction in each dimension:   [86]
skip in each dimension:        [0]
###########################################
Iteration completed successfully
Iteration wallclock: 0:06:34.171285, cputime: 0:35:46.565161


Tue Jun  4 16:02:43 2024
Iteration 320 (500 requested)
Beginning iteration 320
128 segments remain in iteration 320 (128 total)
31 of 33 (93.939394%) active bins are populated
per-bin minimum non-zero probability:       1.65043e-14
per-bin maximum probability:                0.467946
per-bin probability dynamic range (kT):     30.9758
per-segment minimum non-zero probability:   3.12523e-15
per-segment maximum non-zero probability:   0.149018
per-segment probability dynamic range (kT): 31.4956
norm = 1, error in norm = -2.22045e-16 (-1*epsilon)
MAB binning in use
Bottleneck bin occupancy may not be accurately reported
Waiting for segments to complete...
################ MAB stats ################
minima in each dimension:      [6.8632]
maxima in each dimension:      [39.6399]
direction in each dimension:   [86]
skip in each dimension:        [0]
###########################################
Iteration completed successfully
Iteration wallclock: 0:06:33.706781, cputime: 0:35:47.121087


Tue Jun  4 16:09:17 2024
Iteration 321 (500 requested)
Beginning iteration 321
124 segments remain in iteration 321 (124 total)
30 of 33 (90.909091%) active bins are populated
per-bin minimum non-zero probability:       3.12523e-15
per-bin maximum probability:                0.342331
per-bin probability dynamic range (kT):     32.3273
per-segment minimum non-zero probability:   7.81307e-16
per-segment maximum non-zero probability:   0.0977376
per-segment probability dynamic range (kT): 32.4601
norm = 1, error in norm = -4.44089e-16 (-2*epsilon)
MAB binning in use
Bottleneck bin occupancy may not be accurately reported
Waiting for segments to complete...
################ MAB stats ################
minima in each dimension:      [8.1273]
maxima in each dimension:      [39.8874]
direction in each dimension:   [86]
skip in each dimension:        [0]
###########################################
Iteration completed successfully
Iteration wallclock: 0:06:32.961166, cputime: 0:34:26.755225


Tue Jun  4 16:15:50 2024
Iteration 322 (500 requested)
Beginning iteration 322
124 segments remain in iteration 322 (124 total)
29 of 33 (87.878788%) active bins are populated
per-bin minimum non-zero probability:       7.3246e-15
per-bin maximum probability:                0.463557
per-bin probability dynamic range (kT):     31.7787
per-segment minimum non-zero probability:   1.83115e-15
per-segment maximum non-zero probability:   0.148614
per-segment probability dynamic range (kT): 32.0274
norm = 1, error in norm = -4.44089e-16 (-2*epsilon)
MAB binning in use
Bottleneck bin occupancy may not be accurately reported
Waiting for segments to complete...
################ MAB stats ################
minima in each dimension:      [8.3926]
maxima in each dimension:      [39.8072]
direction in each dimension:   [86]
skip in each dimension:        [0]
###########################################
Iteration completed successfully
Iteration wallclock: 0:06:26.633293, cputime: 0:34:27.445478


Tue Jun  4 16:22:17 2024
Iteration 323 (500 requested)
Beginning iteration 323
124 segments remain in iteration 323 (124 total)
31 of 33 (93.939394%) active bins are populated
per-bin minimum non-zero probability:       5.49345e-15
per-bin maximum probability:                0.483852
per-bin probability dynamic range (kT):     32.1092
per-segment minimum non-zero probability:   9.15575e-16
per-segment maximum non-zero probability:   0.148614
per-segment probability dynamic range (kT): 32.7206
norm = 1, error in norm = -3.33067e-16 (-1.5*epsilon)
MAB binning in use
Bottleneck bin occupancy may not be accurately reported
Waiting for segments to complete...
################ MAB stats ################
minima in each dimension:      [8.0915]
maxima in each dimension:      [39.9508]
direction in each dimension:   [86]
skip in each dimension:        [0]
###########################################
Iteration completed successfully
Iteration wallclock: 0:06:25.665065, cputime: 0:34:31.819958


Tue Jun  4 16:28:42 2024
Iteration 324 (500 requested)
Beginning iteration 324
124 segments remain in iteration 324 (124 total)
30 of 33 (90.909091%) active bins are populated
per-bin minimum non-zero probability:       9.48328e-15
per-bin maximum probability:                0.51037
per-bin probability dynamic range (kT):     31.6166
per-segment minimum non-zero probability:   2.37082e-15
per-segment maximum non-zero probability:   0.148614
per-segment probability dynamic range (kT): 31.7691
norm = 1, error in norm = -2.22045e-16 (-1*epsilon)
MAB binning in use
Bottleneck bin occupancy may not be accurately reported
Waiting for segments to complete...
################ MAB stats ################
minima in each dimension:      [6.724]
maxima in each dimension:      [39.9489]
direction in each dimension:   [86]
skip in each dimension:        [0]
###########################################
Iteration completed successfully
Iteration wallclock: 0:06:23.443150, cputime: 0:34:31.025713


Tue Jun  4 16:35:06 2024
Iteration 325 (500 requested)
Beginning iteration 325
128 segments remain in iteration 325 (128 total)
33 of 33 (100.000000%) active bins are populated
per-bin minimum non-zero probability:       2.85627e-14
per-bin maximum probability:                0.350699
per-bin probability dynamic range (kT):     30.1388
per-segment minimum non-zero probability:   5.54035e-15
per-segment maximum non-zero probability:   0.148614
per-segment probability dynamic range (kT): 30.9203
norm = 1, error in norm = -2.22045e-16 (-1*epsilon)
MAB binning in use
Bottleneck bin occupancy may not be accurately reported
Waiting for segments to complete...
################ MAB stats ################
minima in each dimension:      [6.1104]
maxima in each dimension:      [39.7397]
direction in each dimension:   [86]
skip in each dimension:        [0]
###########################################
Iteration completed successfully
Iteration wallclock: 0:06:31.003942, cputime: 0:35:44.993043


Tue Jun  4 16:41:37 2024
Iteration 326 (500 requested)
Beginning iteration 326
128 segments remain in iteration 326 (128 total)
32 of 33 (96.969697%) active bins are populated
per-bin minimum non-zero probability:       1.96084e-14
per-bin maximum probability:                0.315054
per-bin probability dynamic range (kT):     30.4078
per-segment minimum non-zero probability:   3.83144e-15
per-segment maximum non-zero probability:   0.0912328
per-segment probability dynamic range (kT): 30.8012
norm = 1, error in norm = -4.44089e-16 (-2*epsilon)
MAB binning in use
Bottleneck bin occupancy may not be accurately reported
Waiting for segments to complete...
################ MAB stats ################
minima in each dimension:      [5.97]
maxima in each dimension:      [39.8602]
direction in each dimension:   [86]
skip in each dimension:        [0]
###########################################
Iteration completed successfully
Iteration wallclock: 0:06:31.484624, cputime: 0:35:42.826082


Tue Jun  4 16:48:08 2024
Iteration 327 (500 requested)
Beginning iteration 327
128 segments remain in iteration 327 (128 total)
32 of 33 (96.969697%) active bins are populated
per-bin minimum non-zero probability:       1.66051e-14
per-bin maximum probability:                0.325983
per-bin probability dynamic range (kT):     30.6082
per-segment minimum non-zero probability:   3.901e-15
per-segment maximum non-zero probability:   0.13384
per-segment probability dynamic range (kT): 31.1664
norm = 1, error in norm = -3.33067e-16 (-1.5*epsilon)
MAB binning in use
Bottleneck bin occupancy may not be accurately reported
Waiting for segments to complete...
################ MAB stats ################
minima in each dimension:      [3.7216]
maxima in each dimension:      [39.8951]
direction in each dimension:   [86]
skip in each dimension:        [0]
###########################################
Iteration completed successfully
Iteration wallclock: 0:06:36.400714, cputime: 0:35:44.637156


Tue Jun  4 16:54:45 2024
Iteration 328 (500 requested)
Beginning iteration 328
120 segments remain in iteration 328 (120 total)
30 of 33 (90.909091%) active bins are populated
per-bin minimum non-zero probability:       4.9021e-15
per-bin maximum probability:                0.573584
per-bin probability dynamic range (kT):     32.3933
per-segment minimum non-zero probability:   1.22552e-15
per-segment maximum non-zero probability:   0.181214
per-segment probability dynamic range (kT): 32.6273
norm = 1, error in norm = -3.33067e-16 (-1.5*epsilon)
MAB binning in use
Bottleneck bin occupancy may not be accurately reported
Waiting for segments to complete...
################ MAB stats ################
minima in each dimension:      [2.8869]
maxima in each dimension:      [39.9841]
direction in each dimension:   [86]
skip in each dimension:        [0]
###########################################
Iteration completed successfully
Iteration wallclock: 0:06:24.539662, cputime: 0:33:03.777766


Tue Jun  4 17:01:09 2024
Iteration 329 (500 requested)
Beginning iteration 329
120 segments remain in iteration 329 (120 total)
30 of 33 (90.909091%) active bins are populated
per-bin minimum non-zero probability:       1.22552e-15
per-bin maximum probability:                0.447728
per-bin probability dynamic range (kT):     33.5318
per-segment minimum non-zero probability:   3.06381e-16
per-segment maximum non-zero probability:   0.181214
per-segment probability dynamic range (kT): 34.0136
norm = 1, error in norm = -2.22045e-16 (-1*epsilon)
MAB binning in use
Bottleneck bin occupancy may not be accurately reported
Waiting for segments to complete...
################ MAB stats ################
minima in each dimension:      [3.4085]
maxima in each dimension:      [39.9432]
direction in each dimension:   [86]
skip in each dimension:        [0]
###########################################
Iteration completed successfully
Iteration wallclock: 0:06:29.169429, cputime: 0:33:15.846094


Tue Jun  4 17:07:38 2024
Iteration 330 (500 requested)
Beginning iteration 330
124 segments remain in iteration 330 (124 total)
31 of 33 (93.939394%) active bins are populated
per-bin minimum non-zero probability:       3.06381e-16
per-bin maximum probability:                0.404268
per-bin probability dynamic range (kT):     34.816
per-segment minimum non-zero probability:   7.65953e-17
per-segment maximum non-zero probability:   0.13384
per-segment probability dynamic range (kT): 35.0969
norm = 1, error in norm = -5.55112e-16 (-2.5*epsilon)
MAB binning in use
Bottleneck bin occupancy may not be accurately reported
Waiting for segments to complete...
################ MAB stats ################
minima in each dimension:      [4.4923]
maxima in each dimension:      [39.8208]
direction in each dimension:   [86]
skip in each dimension:        [0]
###########################################
Iteration completed successfully
Iteration wallclock: 0:07:10.570220, cputime: 0:34:20.917142


Tue Jun  4 17:14:49 2024
Iteration 331 (500 requested)
Beginning iteration 331
108 segments remain in iteration 331 (108 total)
25 of 33 (75.757576%) active bins are populated
per-bin minimum non-zero probability:       1.1234e-15
per-bin maximum probability:                0.467816
per-bin probability dynamic range (kT):     33.6627
per-segment minimum non-zero probability:   2.72339e-16
per-segment maximum non-zero probability:   0.13384
per-segment probability dynamic range (kT): 33.8284
norm = 1, error in norm = -3.33067e-16 (-1.5*epsilon)
MAB binning in use
Bottleneck bin occupancy may not be accurately reported
Waiting for segments to complete...
################ MAB stats ################
minima in each dimension:      [6.1106]
maxima in each dimension:      [39.9925]
direction in each dimension:   [86]
skip in each dimension:        [0]
###########################################
Iteration completed successfully
Iteration wallclock: 0:05:38.442458, cputime: 0:30:08.891349


Tue Jun  4 17:20:27 2024
Iteration 332 (500 requested)
Beginning iteration 332
116 segments remain in iteration 332 (116 total)
30 of 33 (90.909091%) active bins are populated
per-bin minimum non-zero probability:       1.84388e-14
per-bin maximum probability:                0.476144
per-bin probability dynamic range (kT):     30.8823
per-segment minimum non-zero probability:   3.97513e-15
per-segment maximum non-zero probability:   0.154155
per-segment probability dynamic range (kT): 31.2889
norm = 1, error in norm = 0 (0*epsilon)
MAB binning in use
Bottleneck bin occupancy may not be accurately reported
Waiting for segments to complete...
################ MAB stats ################
minima in each dimension:      [7.0097]
maxima in each dimension:      [39.9674]
direction in each dimension:   [86]
skip in each dimension:        [0]
###########################################
Iteration completed successfully
Iteration wallclock: 0:06:19.312273, cputime: 0:32:04.497187


Tue Jun  4 17:26:47 2024
Iteration 333 (500 requested)
Beginning iteration 333
120 segments remain in iteration 333 (120 total)
30 of 33 (90.909091%) active bins are populated
per-bin minimum non-zero probability:       5.20038e-15
per-bin maximum probability:                0.678099
per-bin probability dynamic range (kT):     32.5016
per-segment minimum non-zero probability:   1.30009e-15
per-segment maximum non-zero probability:   0.226502
per-segment probability dynamic range (kT): 32.7913
norm = 1, error in norm = -2.22045e-16 (-1*epsilon)
MAB binning in use
Bottleneck bin occupancy may not be accurately reported
Waiting for segments to complete...
################ MAB stats ################
minima in each dimension:      [6.8539]
maxima in each dimension:      [39.8003]
direction in each dimension:   [86]
skip in each dimension:        [0]
###########################################
Iteration completed successfully
Iteration wallclock: 0:06:41.176555, cputime: 0:33:10.914407


Tue Jun  4 17:33:28 2024
Iteration 334 (500 requested)
Beginning iteration 334
112 segments remain in iteration 334 (112 total)
28 of 33 (84.848485%) active bins are populated
per-bin minimum non-zero probability:       1.98757e-15
per-bin maximum probability:                0.650298
per-bin probability dynamic range (kT):     33.4215
per-segment minimum non-zero probability:   4.96892e-16
per-segment maximum non-zero probability:   0.226502
per-segment probability dynamic range (kT): 33.7532
norm = 1, error in norm = -3.33067e-16 (-1.5*epsilon)
MAB binning in use
Bottleneck bin occupancy may not be accurately reported
Waiting for segments to complete...
################ MAB stats ################
minima in each dimension:      [6.4849]
maxima in each dimension:      [39.8492]
direction in each dimension:   [86]
skip in each dimension:        [0]
###########################################
Iteration completed successfully
Iteration wallclock: 0:05:54.315377, cputime: 0:31:07.058393


Tue Jun  4 17:39:22 2024
Iteration 335 (500 requested)
Beginning iteration 335
120 segments remain in iteration 335 (120 total)
31 of 33 (93.939394%) active bins are populated
per-bin minimum non-zero probability:       4.96892e-16
per-bin maximum probability:                0.570849
per-bin probability dynamic range (kT):     34.6775
per-segment minimum non-zero probability:   1.24223e-16
per-segment maximum non-zero probability:   0.226502
per-segment probability dynamic range (kT): 35.1395
norm = 1, error in norm = -3.33067e-16 (-1.5*epsilon)
MAB binning in use
Bottleneck bin occupancy may not be accurately reported
Waiting for segments to complete...
################ MAB stats ################
minima in each dimension:      [5.6601]
maxima in each dimension:      [39.906]
direction in each dimension:   [86]
skip in each dimension:        [0]
###########################################
Iteration completed successfully
Iteration wallclock: 0:06:32.566622, cputime: 0:32:44.744033


Tue Jun  4 17:45:55 2024
Iteration 336 (500 requested)
Beginning iteration 336
120 segments remain in iteration 336 (120 total)
30 of 33 (90.909091%) active bins are populated
per-bin minimum non-zero probability:       1.24223e-16
per-bin maximum probability:                0.45748
per-bin probability dynamic range (kT):     35.8424
per-segment minimum non-zero probability:   3.10557e-17
per-segment maximum non-zero probability:   0.226502
per-segment probability dynamic range (kT): 36.5257
norm = 1, error in norm = -3.33067e-16 (-1.5*epsilon)
MAB binning in use
Bottleneck bin occupancy may not be accurately reported
Waiting for segments to complete...
################ MAB stats ################
minima in each dimension:      [6.2593]
maxima in each dimension:      [38.4699]
direction in each dimension:   [86]
skip in each dimension:        [0]
###########################################
Iteration completed successfully
Iteration wallclock: 0:06:14.749048, cputime: 0:33:24.896506


Tue Jun  4 17:52:09 2024
Iteration 337 (500 requested)
Beginning iteration 337
124 segments remain in iteration 337 (124 total)
28 of 33 (84.848485%) active bins are populated
per-bin minimum non-zero probability:       6.56838e-15
per-bin maximum probability:                0.615488
per-bin probability dynamic range (kT):     32.1712
per-segment minimum non-zero probability:   1.55279e-17
per-segment maximum non-zero probability:   0.226502
per-segment probability dynamic range (kT): 37.2189
norm = 1, error in norm = 0 (0*epsilon)
MAB binning in use
Bottleneck bin occupancy may not be accurately reported
Waiting for segments to complete...
################ MAB stats ################
minima in each dimension:      [0.0]
maxima in each dimension:      [39.406]
direction in each dimension:   [86]
skip in each dimension:        [0]
###########################################
-- ERROR    [westpa.core.sim_manager] -- propagation failed for 1 segment(s):
39
exception caught; shutting down
-- ERROR    [w_run] -- error message: propagation failed for 1 segments
-- ERROR    [w_run] -- Traceback (most recent call last):
  File "/ihome/lchong/dty7/Apps/westpa-mabNone/westpa/src/westpa/cli/core/w_run.py", line 61, in run_simulation
    sim_manager.run()
  File "/ihome/lchong/dty7/Apps/westpa-mabNone/westpa/src/westpa/core/sim_manager.py", line 752, in run
    self.check_propagation()
  File "/ihome/lchong/dty7/Apps/westpa-mabNone/westpa/src/westpa/core/sim_manager.py", line 650, in check_propagation
    raise PropagationError('propagation failed for {:d} segments'.format(len(failed_segments)))
westpa.core.sim_manager.PropagationError: propagation failed for 1 segments

