Updating system with the options from the configuration file
Maximum wallclock time: 3 days, 0:00:00

Mon Jun  3 16:38:10 2024
Iteration 223 (500 requested)
Beginning iteration 223
116 segments remain in iteration 223 (116 total)
29 of 33 (87.878788%) active bins are populated
per-bin minimum non-zero probability:       1.26507e-14
per-bin maximum probability:                0.493209
per-bin probability dynamic range (kT):     31.2942
per-segment minimum non-zero probability:   3.11878e-15
per-segment maximum non-zero probability:   0.187025
per-segment probability dynamic range (kT): 31.7248
norm = 1, error in norm = 0 (0*epsilon)
MAB binning in use
Bottleneck bin occupancy may not be accurately reported
Waiting for segments to complete...
################ MAB stats ################
minima in each dimension:      [5.2619]
maxima in each dimension:      [39.728]
direction in each dimension:   [86]
skip in each dimension:        [0]
###########################################
Iteration completed successfully
Iteration wallclock: 0:07:45.766383, cputime: 0:31:48.721132


Mon Jun  3 16:45:56 2024
Iteration 224 (500 requested)
Beginning iteration 224
124 segments remain in iteration 224 (124 total)
31 of 33 (93.939394%) active bins are populated
per-bin minimum non-zero probability:       3.11878e-15
per-bin maximum probability:                0.57878
per-bin probability dynamic range (kT):     32.8545
per-segment minimum non-zero probability:   7.79694e-16
per-segment maximum non-zero probability:   0.187025
per-segment probability dynamic range (kT): 33.1111
norm = 1, error in norm = -2.22045e-16 (-1*epsilon)
MAB binning in use
Bottleneck bin occupancy may not be accurately reported
Waiting for segments to complete...
################ MAB stats ################
minima in each dimension:      [5.0576]
maxima in each dimension:      [39.9345]
direction in each dimension:   [86]
skip in each dimension:        [0]
###########################################
Iteration completed successfully
Iteration wallclock: 0:06:29.589333, cputime: 0:33:44.776427


Mon Jun  3 16:52:26 2024
Iteration 225 (500 requested)
Beginning iteration 225
124 segments remain in iteration 225 (124 total)
30 of 33 (90.909091%) active bins are populated
per-bin minimum non-zero probability:       2.33908e-15
per-bin maximum probability:                0.299702
per-bin probability dynamic range (kT):     32.4841
per-segment minimum non-zero probability:   3.89847e-16
per-segment maximum non-zero probability:   0.11776
per-segment probability dynamic range (kT): 33.3417
norm = 1, error in norm = 0 (0*epsilon)
MAB binning in use
Bottleneck bin occupancy may not be accurately reported
Waiting for segments to complete...
################ MAB stats ################
minima in each dimension:      [5.3949]
maxima in each dimension:      [39.8126]
direction in each dimension:   [86]
skip in each dimension:        [0]
###########################################
Iteration completed successfully
Iteration wallclock: 0:06:22.396348, cputime: 0:34:06.691195


Mon Jun  3 16:58:48 2024
Iteration 226 (500 requested)
Beginning iteration 226
132 segments remain in iteration 226 (132 total)
31 of 33 (93.939394%) active bins are populated
per-bin minimum non-zero probability:       7.79694e-16
per-bin maximum probability:                0.335168
per-bin probability dynamic range (kT):     33.6945
per-segment minimum non-zero probability:   1.94923e-16
per-segment maximum non-zero probability:   0.11776
per-segment probability dynamic range (kT): 34.0348
norm = 1, error in norm = -3.33067e-16 (-1.5*epsilon)
MAB binning in use
Bottleneck bin occupancy may not be accurately reported
Waiting for segments to complete...
################ MAB stats ################
minima in each dimension:      [7.6114]
maxima in each dimension:      [39.7758]
direction in each dimension:   [86]
skip in each dimension:        [0]
###########################################
Iteration completed successfully
Iteration wallclock: 0:06:46.653519, cputime: 0:36:03.737148


Mon Jun  3 17:05:35 2024
Iteration 227 (500 requested)
Beginning iteration 227
124 segments remain in iteration 227 (124 total)
31 of 33 (93.939394%) active bins are populated
per-bin minimum non-zero probability:       3.92484e-14
per-bin maximum probability:                0.334763
per-bin probability dynamic range (kT):     29.7745
per-segment minimum non-zero probability:   9.81211e-15
per-segment maximum non-zero probability:   0.127312
per-segment probability dynamic range (kT): 30.194
norm = 1, error in norm = -3.33067e-16 (-1.5*epsilon)
MAB binning in use
Bottleneck bin occupancy may not be accurately reported
Waiting for segments to complete...
################ MAB stats ################
minima in each dimension:      [8.947]
maxima in each dimension:      [39.8094]
direction in each dimension:   [86]
skip in each dimension:        [0]
###########################################
Iteration completed successfully
Iteration wallclock: 0:06:20.986743, cputime: 0:34:20.333397


Mon Jun  3 17:11:56 2024
Iteration 228 (500 requested)
Beginning iteration 228
128 segments remain in iteration 228 (128 total)
31 of 33 (93.939394%) active bins are populated
per-bin minimum non-zero probability:       2.74367e-14
per-bin maximum probability:                0.262423
per-bin probability dynamic range (kT):     29.8891
per-segment minimum non-zero probability:   5.87485e-15
per-segment maximum non-zero probability:   0.127312
per-segment probability dynamic range (kT): 30.707
norm = 1, error in norm = -1.11022e-16 (-0.5*epsilon)
MAB binning in use
Bottleneck bin occupancy may not be accurately reported
Waiting for segments to complete...
################ MAB stats ################
minima in each dimension:      [8.4534]
maxima in each dimension:      [39.8714]
direction in each dimension:   [86]
skip in each dimension:        [0]
###########################################
Iteration completed successfully
Iteration wallclock: 0:06:26.429371, cputime: 0:35:16.292084


Mon Jun  3 17:18:22 2024
Iteration 229 (500 requested)
Beginning iteration 229
132 segments remain in iteration 229 (132 total)
33 of 33 (100.000000%) active bins are populated
per-bin minimum non-zero probability:       5.87485e-15
per-bin maximum probability:                0.36578
per-bin probability dynamic range (kT):     31.7624
per-segment minimum non-zero probability:   1.46871e-15
per-segment maximum non-zero probability:   0.127312
per-segment probability dynamic range (kT): 32.0933
norm = 1, error in norm = 0 (0*epsilon)
MAB binning in use
Bottleneck bin occupancy may not be accurately reported
Waiting for segments to complete...
################ MAB stats ################
minima in each dimension:      [8.2554]
maxima in each dimension:      [39.8877]
direction in each dimension:   [86]
skip in each dimension:        [0]
###########################################
Iteration completed successfully
Iteration wallclock: 0:06:43.231234, cputime: 0:36:35.421017


Mon Jun  3 17:25:05 2024
Iteration 230 (500 requested)
Beginning iteration 230
124 segments remain in iteration 230 (124 total)
31 of 33 (93.939394%) active bins are populated
per-bin minimum non-zero probability:       9.79586e-14
per-bin maximum probability:                0.287697
per-bin probability dynamic range (kT):     28.7084
per-segment minimum non-zero probability:   5.87485e-15
per-segment maximum non-zero probability:   0.12681
per-segment probability dynamic range (kT): 30.703
norm = 1, error in norm = 0 (0*epsilon)
MAB binning in use
Bottleneck bin occupancy may not be accurately reported
Waiting for segments to complete...
################ MAB stats ################
minima in each dimension:      [8.0175]
maxima in each dimension:      [39.9334]
direction in each dimension:   [86]
skip in each dimension:        [0]
###########################################
Iteration completed successfully
Iteration wallclock: 0:06:18.724096, cputime: 0:34:19.246997


Mon Jun  3 17:31:24 2024
Iteration 231 (500 requested)
Beginning iteration 231
128 segments remain in iteration 231 (128 total)
30 of 33 (90.909091%) active bins are populated
per-bin minimum non-zero probability:       4.63546e-14
per-bin maximum probability:                0.357668
per-bin probability dynamic range (kT):     29.6743
per-segment minimum non-zero probability:   2.93742e-15
per-segment maximum non-zero probability:   0.116947
per-segment probability dynamic range (kT): 31.3152
norm = 1, error in norm = 0 (0*epsilon)
MAB binning in use
Bottleneck bin occupancy may not be accurately reported
Waiting for segments to complete...
################ MAB stats ################
minima in each dimension:      [8.1045]
maxima in each dimension:      [39.9629]
direction in each dimension:   [86]
skip in each dimension:        [0]
###########################################
Iteration completed successfully
Iteration wallclock: 0:06:26.386916, cputime: 0:35:08.929505


Mon Jun  3 17:37:51 2024
Iteration 232 (500 requested)
Beginning iteration 232
128 segments remain in iteration 232 (128 total)
31 of 33 (93.939394%) active bins are populated
per-bin minimum non-zero probability:       3.58497e-14
per-bin maximum probability:                0.481229
per-bin probability dynamic range (kT):     30.228
per-segment minimum non-zero probability:   2.93742e-15
per-segment maximum non-zero probability:   0.159032
per-segment probability dynamic range (kT): 31.6226
norm = 1, error in norm = -1.11022e-16 (-0.5*epsilon)
MAB binning in use
Bottleneck bin occupancy may not be accurately reported
Waiting for segments to complete...
################ MAB stats ################
minima in each dimension:      [5.391]
maxima in each dimension:      [39.2358]
direction in each dimension:   [86]
skip in each dimension:        [0]
###########################################
Iteration completed successfully
Iteration wallclock: 0:06:25.137490, cputime: 0:35:19.545756


Mon Jun  3 17:44:16 2024
Iteration 233 (500 requested)
Beginning iteration 233
120 segments remain in iteration 233 (120 total)
29 of 33 (87.878788%) active bins are populated
per-bin minimum non-zero probability:       5.13662e-14
per-bin maximum probability:                0.469398
per-bin probability dynamic range (kT):     29.8435
per-segment minimum non-zero probability:   1.28415e-14
per-segment maximum non-zero probability:   0.159032
per-segment probability dynamic range (kT): 30.1474
norm = 1, error in norm = 0 (0*epsilon)
MAB binning in use
Bottleneck bin occupancy may not be accurately reported
Waiting for segments to complete...
################ MAB stats ################
minima in each dimension:      [7.1978]
maxima in each dimension:      [39.9579]
direction in each dimension:   [86]
skip in each dimension:        [0]
###########################################
Iteration completed successfully
Iteration wallclock: 0:06:02.093545, cputime: 0:33:09.373320


Mon Jun  3 17:50:18 2024
Iteration 234 (500 requested)
Beginning iteration 234
124 segments remain in iteration 234 (124 total)
31 of 33 (93.939394%) active bins are populated
per-bin minimum non-zero probability:       8.93283e-14
per-bin maximum probability:                0.580263
per-bin probability dynamic range (kT):     29.5022
per-segment minimum non-zero probability:   1.28415e-14
per-segment maximum non-zero probability:   0.183042
per-segment probability dynamic range (kT): 30.2881
norm = 1, error in norm = 0 (0*epsilon)
MAB binning in use
Bottleneck bin occupancy may not be accurately reported
Waiting for segments to complete...
################ MAB stats ################
minima in each dimension:      [6.3379]
maxima in each dimension:      [38.7299]
direction in each dimension:   [86]
skip in each dimension:        [0]
###########################################
Iteration completed successfully
Iteration wallclock: 0:06:19.836043, cputime: 0:34:10.448851


Mon Jun  3 17:56:38 2024
Iteration 235 (500 requested)
Beginning iteration 235
128 segments remain in iteration 235 (128 total)
33 of 33 (100.000000%) active bins are populated
per-bin minimum non-zero probability:       3.74432e-14
per-bin maximum probability:                0.692706
per-bin probability dynamic range (kT):     30.5488
per-segment minimum non-zero probability:   9.36081e-15
per-segment maximum non-zero probability:   0.22939
per-segment probability dynamic range (kT): 30.8299
norm = 1, error in norm = -2.22045e-16 (-1*epsilon)
MAB binning in use
Bottleneck bin occupancy may not be accurately reported
Waiting for segments to complete...
################ MAB stats ################
minima in each dimension:      [4.5306]
maxima in each dimension:      [39.645]
direction in each dimension:   [86]
skip in each dimension:        [0]
###########################################
Iteration completed successfully
Iteration wallclock: 0:06:29.294842, cputime: 0:35:16.558608


Mon Jun  3 18:03:07 2024
Iteration 236 (500 requested)
Beginning iteration 236
116 segments remain in iteration 236 (116 total)
29 of 33 (87.878788%) active bins are populated
per-bin minimum non-zero probability:       7.59973e-14
per-bin maximum probability:                0.384607
per-bin probability dynamic range (kT):     29.2525
per-segment minimum non-zero probability:   1.25394e-14
per-segment maximum non-zero probability:   0.121242
per-segment probability dynamic range (kT): 29.8999
norm = 1, error in norm = -1.11022e-16 (-0.5*epsilon)
MAB binning in use
Bottleneck bin occupancy may not be accurately reported
Waiting for segments to complete...
################ MAB stats ################
minima in each dimension:      [4.354]
maxima in each dimension:      [39.2153]
direction in each dimension:   [86]
skip in each dimension:        [0]
###########################################
Iteration completed successfully
Iteration wallclock: 0:05:55.911660, cputime: 0:31:55.074545


Mon Jun  3 18:09:03 2024
Iteration 237 (500 requested)
Beginning iteration 237
120 segments remain in iteration 237 (120 total)
27 of 33 (81.818182%) active bins are populated
per-bin minimum non-zero probability:       1.93265e-14
per-bin maximum probability:                0.617204
per-bin probability dynamic range (kT):     31.0947
per-segment minimum non-zero probability:   4.83161e-15
per-segment maximum non-zero probability:   0.189759
per-segment probability dynamic range (kT): 31.3016
norm = 1, error in norm = -2.22045e-16 (-1*epsilon)
MAB binning in use
Bottleneck bin occupancy may not be accurately reported
Waiting for segments to complete...
################ MAB stats ################
minima in each dimension:      [5.3851]
maxima in each dimension:      [39.8375]
direction in each dimension:   [86]
skip in each dimension:        [0]
###########################################
Iteration completed successfully
Iteration wallclock: 0:06:03.616453, cputime: 0:32:58.475401


Mon Jun  3 18:15:06 2024
Iteration 238 (500 requested)
Beginning iteration 238
128 segments remain in iteration 238 (128 total)
31 of 33 (93.939394%) active bins are populated
per-bin minimum non-zero probability:       9.15113e-14
per-bin maximum probability:                0.434381
per-bin probability dynamic range (kT):     29.1885
per-segment minimum non-zero probability:   2.20778e-14
per-segment maximum non-zero probability:   0.159104
per-segment probability dynamic range (kT): 29.606
norm = 1, error in norm = -1.11022e-16 (-0.5*epsilon)
MAB binning in use
Bottleneck bin occupancy may not be accurately reported
Waiting for segments to complete...
################ MAB stats ################
minima in each dimension:      [4.3499]
maxima in each dimension:      [39.8108]
direction in each dimension:   [86]
skip in each dimension:        [0]
###########################################
Iteration completed successfully
Iteration wallclock: 0:06:27.031532, cputime: 0:35:24.821435


Mon Jun  3 18:21:33 2024
Iteration 239 (500 requested)
Beginning iteration 239
124 segments remain in iteration 239 (124 total)
31 of 33 (93.939394%) active bins are populated
per-bin minimum non-zero probability:       3.20615e-14
per-bin maximum probability:                0.50465
per-bin probability dynamic range (kT):     30.3872
per-segment minimum non-zero probability:   8.01537e-15
per-segment maximum non-zero probability:   0.180398
per-segment probability dynamic range (kT): 30.7448
norm = 1, error in norm = 0 (0*epsilon)
MAB binning in use
Bottleneck bin occupancy may not be accurately reported
Waiting for segments to complete...
################ MAB stats ################
minima in each dimension:      [4.0647]
maxima in each dimension:      [39.6426]
direction in each dimension:   [86]
skip in each dimension:        [0]
###########################################
Iteration completed successfully
Iteration wallclock: 0:06:21.753886, cputime: 0:34:23.428465


Mon Jun  3 18:27:55 2024
Iteration 240 (500 requested)
Beginning iteration 240
124 segments remain in iteration 240 (124 total)
31 of 33 (93.939394%) active bins are populated
per-bin minimum non-zero probability:       1.26577e-14
per-bin maximum probability:                0.622577
per-bin probability dynamic range (kT):     31.5266
per-segment minimum non-zero probability:   3.16442e-15
per-segment maximum non-zero probability:   0.205204
per-segment probability dynamic range (kT): 31.8031
norm = 1, error in norm = 0 (0*epsilon)
MAB binning in use
Bottleneck bin occupancy may not be accurately reported
Waiting for segments to complete...
################ MAB stats ################
minima in each dimension:      [3.1164]
maxima in each dimension:      [39.4536]
direction in each dimension:   [86]
skip in each dimension:        [0]
###########################################
Iteration completed successfully
Iteration wallclock: 0:06:21.556818, cputime: 0:34:03.352381


Mon Jun  3 18:34:17 2024
Iteration 241 (500 requested)
Beginning iteration 241
124 segments remain in iteration 241 (124 total)
30 of 33 (90.909091%) active bins are populated
per-bin minimum non-zero probability:       1.89865e-14
per-bin maximum probability:                0.61239
per-bin probability dynamic range (kT):     31.1047
per-segment minimum non-zero probability:   4.21922e-15
per-segment maximum non-zero probability:   0.205204
per-segment probability dynamic range (kT): 31.5154
norm = 1, error in norm = -4.44089e-16 (-2*epsilon)
MAB binning in use
Bottleneck bin occupancy may not be accurately reported
Waiting for segments to complete...
################ MAB stats ################
minima in each dimension:      [1.6403]
maxima in each dimension:      [39.6525]
direction in each dimension:   [86]
skip in each dimension:        [0]
###########################################
Iteration completed successfully
Iteration wallclock: 0:06:21.074456, cputime: 0:34:19.804755


Mon Jun  3 18:40:38 2024
Iteration 242 (500 requested)
Beginning iteration 242
132 segments remain in iteration 242 (132 total)
32 of 33 (96.969697%) active bins are populated
per-bin minimum non-zero probability:       6.89101e-15
per-bin maximum probability:                0.458373
per-bin probability dynamic range (kT):     31.8285
per-segment minimum non-zero probability:   1.72275e-15
per-segment maximum non-zero probability:   0.136802
per-segment probability dynamic range (kT): 32.0056
norm = 1, error in norm = -4.44089e-16 (-2*epsilon)
MAB binning in use
Bottleneck bin occupancy may not be accurately reported
Waiting for segments to complete...
################ MAB stats ################
minima in each dimension:      [2.1847]
maxima in each dimension:      [39.8567]
direction in each dimension:   [86]
skip in each dimension:        [0]
###########################################
Iteration completed successfully
Iteration wallclock: 0:06:47.298202, cputime: 0:36:07.573284


Mon Jun  3 18:47:25 2024
Iteration 243 (500 requested)
Beginning iteration 243
120 segments remain in iteration 243 (120 total)
29 of 33 (87.878788%) active bins are populated
per-bin minimum non-zero probability:       4.21922e-15
per-bin maximum probability:                0.438685
per-bin probability dynamic range (kT):     32.2752
per-segment minimum non-zero probability:   1.05481e-15
per-segment maximum non-zero probability:   0.136802
per-segment probability dynamic range (kT): 32.4962
norm = 1, error in norm = -2.22045e-16 (-1*epsilon)
MAB binning in use
Bottleneck bin occupancy may not be accurately reported
Waiting for segments to complete...
################ MAB stats ################
minima in each dimension:      [3.338]
maxima in each dimension:      [39.9165]
direction in each dimension:   [86]
skip in each dimension:        [0]
###########################################
Iteration completed successfully
Iteration wallclock: 0:06:04.446673, cputime: 0:32:41.374708


Mon Jun  3 18:53:30 2024
Iteration 244 (500 requested)
Beginning iteration 244
124 segments remain in iteration 244 (124 total)
31 of 33 (93.939394%) active bins are populated
per-bin minimum non-zero probability:       2.77756e-15
per-bin maximum probability:                0.309668
per-bin probability dynamic range (kT):     32.345
per-segment minimum non-zero probability:   5.74251e-16
per-segment maximum non-zero probability:   0.119049
per-segment probability dynamic range (kT): 32.9652
norm = 1, error in norm = -1.11022e-16 (-0.5*epsilon)
MAB binning in use
Bottleneck bin occupancy may not be accurately reported
Waiting for segments to complete...
################ MAB stats ################
minima in each dimension:      [2.1918]
maxima in each dimension:      [39.3917]
direction in each dimension:   [86]
skip in each dimension:        [0]
###########################################
Iteration completed successfully
Iteration wallclock: 0:06:20.990134, cputime: 0:34:10.725211


Mon Jun  3 18:59:51 2024
Iteration 245 (500 requested)
Beginning iteration 245
132 segments remain in iteration 245 (132 total)
32 of 33 (96.969697%) active bins are populated
per-bin minimum non-zero probability:       5.74251e-16
per-bin maximum probability:                0.451668
per-bin probability dynamic range (kT):     34.2987
per-segment minimum non-zero probability:   1.43563e-16
per-segment maximum non-zero probability:   0.127975
per-segment probability dynamic range (kT): 34.4238
norm = 1, error in norm = -3.33067e-16 (-1.5*epsilon)
MAB binning in use
Bottleneck bin occupancy may not be accurately reported
Waiting for segments to complete...
################ MAB stats ################
minima in each dimension:      [3.2362]
maxima in each dimension:      [39.756]
direction in each dimension:   [86]
skip in each dimension:        [0]
###########################################
Iteration completed successfully
Iteration wallclock: 0:06:56.657573, cputime: 0:35:50.442915


Mon Jun  3 19:06:47 2024
Iteration 246 (500 requested)
Beginning iteration 246
120 segments remain in iteration 246 (120 total)
30 of 33 (90.909091%) active bins are populated
per-bin minimum non-zero probability:       6.70966e-16
per-bin maximum probability:                0.558839
per-bin probability dynamic range (kT):     34.3559
per-segment minimum non-zero probability:   1.31851e-16
per-segment maximum non-zero probability:   0.180722
per-segment probability dynamic range (kT): 34.8541
norm = 1, error in norm = -2.22045e-16 (-1*epsilon)
MAB binning in use
Bottleneck bin occupancy may not be accurately reported
Waiting for segments to complete...
################ MAB stats ################
minima in each dimension:      [4.0683]
maxima in each dimension:      [39.3313]
direction in each dimension:   [86]
skip in each dimension:        [0]
###########################################
Iteration completed successfully
Iteration wallclock: 0:06:21.807484, cputime: 0:32:27.959791


Mon Jun  3 19:13:09 2024
Iteration 247 (500 requested)
Beginning iteration 247
124 segments remain in iteration 247 (124 total)
29 of 33 (87.878788%) active bins are populated
per-bin minimum non-zero probability:       5.39115e-16
per-bin maximum probability:                0.501294
per-bin probability dynamic range (kT):     34.466
per-segment minimum non-zero probability:   1.31851e-16
per-segment maximum non-zero probability:   0.180722
per-segment probability dynamic range (kT): 34.8541
norm = 1, error in norm = 0 (0*epsilon)
MAB binning in use
Bottleneck bin occupancy may not be accurately reported
Waiting for segments to complete...
################ MAB stats ################
minima in each dimension:      [2.6657]
maxima in each dimension:      [38.8553]
direction in each dimension:   [86]
skip in each dimension:        [0]
###########################################
Iteration completed successfully
Iteration wallclock: 0:06:22.628179, cputime: 0:33:45.524908


Mon Jun  3 19:19:32 2024
Iteration 248 (500 requested)
Beginning iteration 248
120 segments remain in iteration 248 (120 total)
30 of 33 (90.909091%) active bins are populated
per-bin minimum non-zero probability:       1.31851e-16
per-bin maximum probability:                0.498341
per-bin probability dynamic range (kT):     35.8684
per-segment minimum non-zero probability:   3.29627e-17
per-segment maximum non-zero probability:   0.180722
per-segment probability dynamic range (kT): 36.2404
norm = 1, error in norm = -2.22045e-16 (-1*epsilon)
MAB binning in use
Bottleneck bin occupancy may not be accurately reported
Waiting for segments to complete...
################ MAB stats ################
minima in each dimension:      [2.0872]
maxima in each dimension:      [39.6824]
direction in each dimension:   [86]
skip in each dimension:        [0]
###########################################
Iteration completed successfully
Iteration wallclock: 0:06:19.250613, cputime: 0:32:29.814088


Mon Jun  3 19:25:51 2024
Iteration 249 (500 requested)
Beginning iteration 249
120 segments remain in iteration 249 (120 total)
29 of 33 (87.878788%) active bins are populated
per-bin minimum non-zero probability:       9.88881e-17
per-bin maximum probability:                0.552634
per-bin probability dynamic range (kT):     36.2595
per-segment minimum non-zero probability:   1.64813e-17
per-segment maximum non-zero probability:   0.180722
per-segment probability dynamic range (kT): 36.9335
norm = 1, error in norm = -3.33067e-16 (-1.5*epsilon)
MAB binning in use
Bottleneck bin occupancy may not be accurately reported
Waiting for segments to complete...
################ MAB stats ################
minima in each dimension:      [2.5918]
maxima in each dimension:      [38.3395]
direction in each dimension:   [86]
skip in each dimension:        [0]
###########################################
Iteration completed successfully
Iteration wallclock: 0:06:31.042796, cputime: 0:32:25.379883


Mon Jun  3 19:32:22 2024
Iteration 250 (500 requested)
Beginning iteration 250
124 segments remain in iteration 250 (124 total)
31 of 33 (93.939394%) active bins are populated
per-bin minimum non-zero probability:       1.15369e-16
per-bin maximum probability:                0.773975
per-bin probability dynamic range (kT):     36.4422
per-segment minimum non-zero probability:   1.64813e-17
per-segment maximum non-zero probability:   0.257522
per-segment probability dynamic range (kT): 37.2877
norm = 1, error in norm = -2.22045e-16 (-1*epsilon)
MAB binning in use
Bottleneck bin occupancy may not be accurately reported
Waiting for segments to complete...
################ MAB stats ################
minima in each dimension:      [2.7137]
maxima in each dimension:      [39.0206]
direction in each dimension:   [86]
skip in each dimension:        [0]
###########################################
Iteration completed successfully
Iteration wallclock: 0:06:33.864563, cputime: 0:33:50.828744


Mon Jun  3 19:38:56 2024
Iteration 251 (500 requested)
Beginning iteration 251
132 segments remain in iteration 251 (132 total)
32 of 33 (96.969697%) active bins are populated
per-bin minimum non-zero probability:       3.29627e-17
per-bin maximum probability:                0.461423
per-bin probability dynamic range (kT):     37.1777
per-segment minimum non-zero probability:   8.24067e-18
per-segment maximum non-zero probability:   0.171314
per-segment probability dynamic range (kT): 37.5732
norm = 1, error in norm = -2.22045e-16 (-1*epsilon)
MAB binning in use
Bottleneck bin occupancy may not be accurately reported
Waiting for segments to complete...
################ MAB stats ################
minima in each dimension:      [3.1522]
maxima in each dimension:      [39.9365]
direction in each dimension:   [86]
skip in each dimension:        [0]
###########################################
Iteration completed successfully
Iteration wallclock: 0:06:47.988192, cputime: 0:35:56.304784


Mon Jun  3 19:45:44 2024
Iteration 252 (500 requested)
Beginning iteration 252
132 segments remain in iteration 252 (132 total)
32 of 33 (96.969697%) active bins are populated
per-bin minimum non-zero probability:       1.64813e-17
per-bin maximum probability:                0.380861
per-bin probability dynamic range (kT):     37.679
per-segment minimum non-zero probability:   4.12034e-18
per-segment maximum non-zero probability:   0.171314
per-segment probability dynamic range (kT): 38.2663
norm = 1, error in norm = -3.33067e-16 (-1.5*epsilon)
MAB binning in use
Bottleneck bin occupancy may not be accurately reported
Waiting for segments to complete...
################ MAB stats ################
minima in each dimension:      [4.0559]
maxima in each dimension:      [39.9147]
direction in each dimension:   [86]
skip in each dimension:        [0]
###########################################
Iteration completed successfully
Iteration wallclock: 0:06:44.365746, cputime: 0:36:21.661007


Mon Jun  3 19:52:28 2024
Iteration 253 (500 requested)
Beginning iteration 253
132 segments remain in iteration 253 (132 total)
32 of 33 (96.969697%) active bins are populated
per-bin minimum non-zero probability:       1.30899e-14
per-bin maximum probability:                0.559618
per-bin probability dynamic range (kT):     31.3864
per-segment minimum non-zero probability:   1.914e-16
per-segment maximum non-zero probability:   0.171314
per-segment probability dynamic range (kT): 34.4279
norm = 1, error in norm = -3.33067e-16 (-1.5*epsilon)
MAB binning in use
Bottleneck bin occupancy may not be accurately reported
Waiting for segments to complete...
################ MAB stats ################
minima in each dimension:      [4.2245]
maxima in each dimension:      [39.7321]
direction in each dimension:   [86]
skip in each dimension:        [0]
###########################################
Iteration completed successfully
Iteration wallclock: 0:06:43.115684, cputime: 0:36:37.289275


Mon Jun  3 19:59:11 2024
Iteration 254 (500 requested)
Beginning iteration 254
124 segments remain in iteration 254 (124 total)
31 of 33 (93.939394%) active bins are populated
per-bin minimum non-zero probability:       1.82936e-14
per-bin maximum probability:                0.535913
per-bin probability dynamic range (kT):     31.0084
per-segment minimum non-zero probability:   3.59199e-15
per-segment maximum non-zero probability:   0.164702
per-segment probability dynamic range (kT): 31.4565
norm = 1, error in norm = -2.22045e-16 (-1*epsilon)
MAB binning in use
Bottleneck bin occupancy may not be accurately reported
Waiting for segments to complete...
################ MAB stats ################
minima in each dimension:      [5.2127]
maxima in each dimension:      [39.9751]
direction in each dimension:   [86]
skip in each dimension:        [0]
###########################################
Iteration completed successfully
Iteration wallclock: 0:06:21.289572, cputime: 0:34:18.110943


Mon Jun  3 20:05:33 2024
Iteration 255 (500 requested)
Beginning iteration 255
120 segments remain in iteration 255 (120 total)
30 of 33 (90.909091%) active bins are populated
per-bin minimum non-zero probability:       1.09715e-14
per-bin maximum probability:                0.536934
per-bin probability dynamic range (kT):     31.5216
per-segment minimum non-zero probability:   1.89375e-15
per-segment maximum non-zero probability:   0.164702
per-segment probability dynamic range (kT): 32.0966
norm = 1, error in norm = -2.22045e-16 (-1*epsilon)
MAB binning in use
Bottleneck bin occupancy may not be accurately reported
Waiting for segments to complete...
################ MAB stats ################
minima in each dimension:      [5.5135]
maxima in each dimension:      [39.674]
direction in each dimension:   [86]
skip in each dimension:        [0]
###########################################
Iteration completed successfully
Iteration wallclock: 0:06:02.521992, cputime: 0:33:14.740541


Mon Jun  3 20:11:35 2024
Iteration 256 (500 requested)
Beginning iteration 256
132 segments remain in iteration 256 (132 total)
30 of 33 (90.909091%) active bins are populated
per-bin minimum non-zero probability:       5.3574e-14
per-bin maximum probability:                0.796874
per-bin probability dynamic range (kT):     30.3307
per-segment minimum non-zero probability:   8.97997e-16
per-segment maximum non-zero probability:   0.271514
per-segment probability dynamic range (kT): 33.3426
norm = 1, error in norm = -2.22045e-16 (-1*epsilon)
MAB binning in use
Bottleneck bin occupancy may not be accurately reported
Waiting for segments to complete...
################ MAB stats ################
minima in each dimension:      [6.7374]
maxima in each dimension:      [39.6483]
direction in each dimension:   [86]
skip in each dimension:        [0]
###########################################
Iteration completed successfully
Iteration wallclock: 0:06:47.112608, cputime: 0:36:30.070516


Mon Jun  3 20:18:22 2024
Iteration 257 (500 requested)
Beginning iteration 257
124 segments remain in iteration 257 (124 total)
32 of 33 (96.969697%) active bins are populated
per-bin minimum non-zero probability:       1.28618e-14
per-bin maximum probability:                0.460647
per-bin probability dynamic range (kT):     31.2094
per-segment minimum non-zero probability:   3.21544e-15
per-segment maximum non-zero probability:   0.173636
per-segment probability dynamic range (kT): 31.62
norm = 1, error in norm = -2.22045e-16 (-1*epsilon)
MAB binning in use
Bottleneck bin occupancy may not be accurately reported
Waiting for segments to complete...
################ MAB stats ################
minima in each dimension:      [4.378]
maxima in each dimension:      [39.9155]
direction in each dimension:   [86]
skip in each dimension:        [0]
###########################################
Iteration completed successfully
Iteration wallclock: 0:06:19.462777, cputime: 0:34:21.280665


Mon Jun  3 20:24:42 2024
Iteration 258 (500 requested)
Beginning iteration 258
120 segments remain in iteration 258 (120 total)
29 of 33 (87.878788%) active bins are populated
per-bin minimum non-zero probability:       3.89149e-14
per-bin maximum probability:                0.458941
per-bin probability dynamic range (kT):     30.0986
per-segment minimum non-zero probability:   7.2553e-15
per-segment maximum non-zero probability:   0.164702
per-segment probability dynamic range (kT): 30.7534
norm = 1, error in norm = -4.44089e-16 (-2*epsilon)
MAB binning in use
Bottleneck bin occupancy may not be accurately reported
Waiting for segments to complete...
################ MAB stats ################
minima in each dimension:      [5.2038]
maxima in each dimension:      [39.9391]
direction in each dimension:   [86]
skip in each dimension:        [0]
###########################################
Iteration completed successfully
Iteration wallclock: 0:06:02.368471, cputime: 0:33:15.427196


Mon Jun  3 20:30:44 2024
Iteration 259 (500 requested)
Beginning iteration 259
132 segments remain in iteration 259 (132 total)
32 of 33 (96.969697%) active bins are populated
per-bin minimum non-zero probability:       7.2553e-15
per-bin maximum probability:                0.423326
per-bin probability dynamic range (kT):     31.6974
per-segment minimum non-zero probability:   1.81383e-15
per-segment maximum non-zero probability:   0.1458
per-segment probability dynamic range (kT): 32.0178
norm = 1, error in norm = -2.22045e-16 (-1*epsilon)
MAB binning in use
Bottleneck bin occupancy may not be accurately reported
Waiting for segments to complete...
################ MAB stats ################
minima in each dimension:      [4.534]
maxima in each dimension:      [39.3508]
direction in each dimension:   [86]
skip in each dimension:        [0]
###########################################
Iteration completed successfully
Iteration wallclock: 0:06:43.520422, cputime: 0:36:31.516274


Mon Jun  3 20:37:28 2024
Iteration 260 (500 requested)
Beginning iteration 260
120 segments remain in iteration 260 (120 total)
31 of 33 (93.939394%) active bins are populated
per-bin minimum non-zero probability:       8.24938e-15
per-bin maximum probability:                0.350078
per-bin probability dynamic range (kT):     31.379
per-segment minimum non-zero probability:   1.81383e-15
per-segment maximum non-zero probability:   0.1458
per-segment probability dynamic range (kT): 32.0178
norm = 1, error in norm = -2.22045e-16 (-1*epsilon)
MAB binning in use
Bottleneck bin occupancy may not be accurately reported
Waiting for segments to complete...
################ MAB stats ################
minima in each dimension:      [4.4327]
maxima in each dimension:      [39.8976]
direction in each dimension:   [86]
skip in each dimension:        [0]
###########################################
Iteration completed successfully
Iteration wallclock: 0:06:03.962603, cputime: 0:33:15.142074


Mon Jun  3 20:43:32 2024
Iteration 261 (500 requested)
Beginning iteration 261
112 segments remain in iteration 261 (112 total)
28 of 33 (84.848485%) active bins are populated
per-bin minimum non-zero probability:       4.12469e-15
per-bin maximum probability:                0.463659
per-bin probability dynamic range (kT):     32.3532
per-segment minimum non-zero probability:   1.03117e-15
per-segment maximum non-zero probability:   0.1458
per-segment probability dynamic range (kT): 32.5826
norm = 1, error in norm = -3.33067e-16 (-1.5*epsilon)
MAB binning in use
Bottleneck bin occupancy may not be accurately reported
Waiting for segments to complete...
################ MAB stats ################
minima in each dimension:      [5.5186]
maxima in each dimension:      [39.1192]
direction in each dimension:   [86]
skip in each dimension:        [0]
###########################################
Iteration completed successfully
Iteration wallclock: 0:05:38.409113, cputime: 0:30:51.595381


Mon Jun  3 20:49:10 2024
Iteration 262 (500 requested)
Beginning iteration 262
124 segments remain in iteration 262 (124 total)
29 of 33 (87.878788%) active bins are populated
per-bin minimum non-zero probability:       6.42503e-15
per-bin maximum probability:                0.66474
per-bin probability dynamic range (kT):     32.2702
per-segment minimum non-zero probability:   1.60626e-15
per-segment maximum non-zero probability:   0.203312
per-segment probability dynamic range (kT): 32.4719
norm = 1, error in norm = -2.22045e-16 (-1*epsilon)
MAB binning in use
Bottleneck bin occupancy may not be accurately reported
Waiting for segments to complete...
################ MAB stats ################
minima in each dimension:      [5.9857]
maxima in each dimension:      [39.9557]
direction in each dimension:   [86]
skip in each dimension:        [0]
###########################################
Iteration completed successfully
Iteration wallclock: 0:06:20.792667, cputime: 0:34:16.070980


Mon Jun  3 20:55:31 2024
Iteration 263 (500 requested)
Beginning iteration 263
128 segments remain in iteration 263 (128 total)
31 of 33 (93.939394%) active bins are populated
per-bin minimum non-zero probability:       2.33535e-14
per-bin maximum probability:                0.354217
per-bin probability dynamic range (kT):     30.3502
per-segment minimum non-zero probability:   3.21251e-15
per-segment maximum non-zero probability:   0.131612
per-segment probability dynamic range (kT): 31.3438
norm = 1, error in norm = -2.22045e-16 (-1*epsilon)
MAB binning in use
Bottleneck bin occupancy may not be accurately reported
Waiting for segments to complete...
################ MAB stats ################
minima in each dimension:      [4.4399]
maxima in each dimension:      [39.9954]
direction in each dimension:   [86]
skip in each dimension:        [0]
###########################################
Iteration completed successfully
Iteration wallclock: 0:06:25.838181, cputime: 0:35:27.391102


Mon Jun  3 21:01:57 2024
Iteration 264 (500 requested)
Beginning iteration 264
132 segments remain in iteration 264 (132 total)
32 of 33 (96.969697%) active bins are populated
per-bin minimum non-zero probability:       3.23898e-14
per-bin maximum probability:                0.485227
per-bin probability dynamic range (kT):     30.3378
per-segment minimum non-zero probability:   3.63394e-15
per-segment maximum non-zero probability:   0.131612
per-segment probability dynamic range (kT): 31.2206
norm = 1, error in norm = -4.44089e-16 (-2*epsilon)
MAB binning in use
Bottleneck bin occupancy may not be accurately reported
Waiting for segments to complete...
################ MAB stats ################
minima in each dimension:      [3.8741]
maxima in each dimension:      [39.7505]
direction in each dimension:   [86]
skip in each dimension:        [0]
###########################################
Iteration completed successfully
Iteration wallclock: 0:06:42.377056, cputime: 0:36:27.317276


Mon Jun  3 21:08:39 2024
Iteration 265 (500 requested)
Beginning iteration 265
128 segments remain in iteration 265 (128 total)
31 of 33 (93.939394%) active bins are populated
per-bin minimum non-zero probability:       8.09744e-15
per-bin maximum probability:                0.458923
per-bin probability dynamic range (kT):     31.6684
per-segment minimum non-zero probability:   2.02436e-15
per-segment maximum non-zero probability:   0.131612
per-segment probability dynamic range (kT): 31.8056
norm = 1, error in norm = -3.33067e-16 (-1.5*epsilon)
MAB binning in use
Bottleneck bin occupancy may not be accurately reported
Waiting for segments to complete...
################ MAB stats ################
minima in each dimension:      [3.5361]
maxima in each dimension:      [39.9769]
direction in each dimension:   [86]
skip in each dimension:        [0]
###########################################
Iteration completed successfully
Iteration wallclock: 0:06:26.709223, cputime: 0:35:17.310483


Mon Jun  3 21:15:06 2024
Iteration 266 (500 requested)
Beginning iteration 266
124 segments remain in iteration 266 (124 total)
29 of 33 (87.878788%) active bins are populated
per-bin minimum non-zero probability:       1.01218e-14
per-bin maximum probability:                0.676601
per-bin probability dynamic range (kT):     31.8334
per-segment minimum non-zero probability:   1.01218e-15
per-segment maximum non-zero probability:   0.23278
per-segment probability dynamic range (kT): 33.069
norm = 1, error in norm = -3.33067e-16 (-1.5*epsilon)
MAB binning in use
Bottleneck bin occupancy may not be accurately reported
Waiting for segments to complete...
################ MAB stats ################
minima in each dimension:      [3.1939]
maxima in each dimension:      [39.7225]
direction in each dimension:   [86]
skip in each dimension:        [0]
###########################################
Iteration completed successfully
Iteration wallclock: 0:06:18.816088, cputime: 0:34:24.428648


Mon Jun  3 21:21:25 2024
Iteration 267 (500 requested)
Beginning iteration 267
132 segments remain in iteration 267 (132 total)
33 of 33 (100.000000%) active bins are populated
per-bin minimum non-zero probability:       6.24798e-15
per-bin maximum probability:                0.84344
per-bin probability dynamic range (kT):     32.5363
per-segment minimum non-zero probability:   1.56199e-15
per-segment maximum non-zero probability:   0.23278
per-segment probability dynamic range (kT): 32.6352
norm = 1, error in norm = -4.44089e-16 (-2*epsilon)
MAB binning in use
Bottleneck bin occupancy may not be accurately reported
Waiting for segments to complete...
################ MAB stats ################
minima in each dimension:      [4.6837]
maxima in each dimension:      [39.9605]
direction in each dimension:   [86]
skip in each dimension:        [0]
###########################################
Iteration completed successfully
Iteration wallclock: 0:06:42.760342, cputime: 0:36:30.096752


Mon Jun  3 21:28:07 2024
Iteration 268 (500 requested)
Beginning iteration 268
132 segments remain in iteration 268 (132 total)
32 of 33 (96.969697%) active bins are populated
per-bin minimum non-zero probability:       9.14569e-15
per-bin maximum probability:                0.515129
per-bin probability dynamic range (kT):     31.6622
per-segment minimum non-zero probability:   2.28642e-15
per-segment maximum non-zero probability:   0.169788
per-segment probability dynamic range (kT): 31.9386
norm = 1, error in norm = -2.22045e-16 (-1*epsilon)
MAB binning in use
Bottleneck bin occupancy may not be accurately reported
Waiting for segments to complete...
################ MAB stats ################
minima in each dimension:      [4.588]
maxima in each dimension:      [39.9862]
direction in each dimension:   [86]
skip in each dimension:        [0]
###########################################
Iteration completed successfully
Iteration wallclock: 0:06:43.943238, cputime: 0:36:20.496396


Mon Jun  3 21:34:51 2024
Iteration 269 (500 requested)
Beginning iteration 269
128 segments remain in iteration 269 (128 total)
31 of 33 (93.939394%) active bins are populated
per-bin minimum non-zero probability:       7.66098e-15
per-bin maximum probability:                0.546862
per-bin probability dynamic range (kT):     31.8991
per-segment minimum non-zero probability:   1.91524e-15
per-segment maximum non-zero probability:   0.185557
per-segment probability dynamic range (kT): 32.2045
norm = 1, error in norm = -4.44089e-16 (-2*epsilon)
MAB binning in use
Bottleneck bin occupancy may not be accurately reported
Waiting for segments to complete...
################ MAB stats ################
minima in each dimension:      [4.9568]
maxima in each dimension:      [39.384]
direction in each dimension:   [86]
skip in each dimension:        [0]
###########################################
Iteration completed successfully
Iteration wallclock: 0:06:28.120849, cputime: 0:35:16.572763


Mon Jun  3 21:41:19 2024
Iteration 270 (500 requested)
Beginning iteration 270
132 segments remain in iteration 270 (132 total)
31 of 33 (93.939394%) active bins are populated
per-bin minimum non-zero probability:       4.80915e-15
per-bin maximum probability:                0.553814
per-bin probability dynamic range (kT):     32.3773
per-segment minimum non-zero probability:   1.20229e-15
per-segment maximum non-zero probability:   0.185557
per-segment probability dynamic range (kT): 32.6702
norm = 1, error in norm = -2.22045e-16 (-1*epsilon)
MAB binning in use
Bottleneck bin occupancy may not be accurately reported
Waiting for segments to complete...
################ MAB stats ################
minima in each dimension:      [4.0785]
maxima in each dimension:      [39.5234]
direction in each dimension:   [86]
skip in each dimension:        [0]
###########################################
Iteration completed successfully
Iteration wallclock: 0:06:43.690411, cputime: 0:36:29.856045


Mon Jun  3 21:48:03 2024
Iteration 271 (500 requested)
Beginning iteration 271
116 segments remain in iteration 271 (116 total)
28 of 33 (84.848485%) active bins are populated
per-bin minimum non-zero probability:       2.40458e-15
per-bin maximum probability:                0.60498
per-bin probability dynamic range (kT):     33.1588
per-segment minimum non-zero probability:   6.01144e-16
per-segment maximum non-zero probability:   0.185557
per-segment probability dynamic range (kT): 33.3633
norm = 1, error in norm = 0 (0*epsilon)
MAB binning in use
Bottleneck bin occupancy may not be accurately reported
Waiting for segments to complete...
################ MAB stats ################
minima in each dimension:      [2.821]
maxima in each dimension:      [39.8593]
direction in each dimension:   [86]
skip in each dimension:        [0]
###########################################
Iteration completed successfully
Iteration wallclock: 0:05:55.094489, cputime: 0:32:11.842863


Mon Jun  3 21:53:58 2024
Iteration 272 (500 requested)
Beginning iteration 272
116 segments remain in iteration 272 (116 total)
29 of 33 (87.878788%) active bins are populated
per-bin minimum non-zero probability:       1.40477e-15
per-bin maximum probability:                0.384851
per-bin probability dynamic range (kT):     33.244
per-segment minimum non-zero probability:   3.51192e-16
per-segment maximum non-zero probability:   0.173916
per-segment probability dynamic range (kT): 33.836
norm = 1, error in norm = -4.44089e-16 (-2*epsilon)
MAB binning in use
Bottleneck bin occupancy may not be accurately reported
Waiting for segments to complete...
################ MAB stats ################
minima in each dimension:      [2.1481]
maxima in each dimension:      [39.9924]
direction in each dimension:   [86]
skip in each dimension:        [0]
###########################################
Iteration completed successfully
Iteration wallclock: 0:05:54.534180, cputime: 0:32:07.730245


Mon Jun  3 21:59:53 2024
Iteration 273 (500 requested)
Beginning iteration 273
120 segments remain in iteration 273 (120 total)
30 of 33 (90.909091%) active bins are populated
per-bin minimum non-zero probability:       3.51192e-16
per-bin maximum probability:                0.473603
per-bin probability dynamic range (kT):     34.8378
per-segment minimum non-zero probability:   8.7798e-17
per-segment maximum non-zero probability:   0.173916
per-segment probability dynamic range (kT): 35.2223
norm = 1, error in norm = -4.44089e-16 (-2*epsilon)
MAB binning in use
Bottleneck bin occupancy may not be accurately reported
Waiting for segments to complete...
